#
# There is insufficient memory for the Java Runtime Environment to continue.
# Native memory allocation (malloc) failed to allocate 508608 bytes for Chunk::new
# Possible reasons:
#   The system is out of physical RAM or swap space
#   The process is running with CompressedOops enabled, and the Java Heap may be blocking the growth of the native heap
# Possible solutions:
#   Reduce memory load on the system
#   Increase physical memory or swap space
#   Check if swap backing store is full
#   Decrease Java heap size (-Xmx/-Xms)
#   Decrease number of Java threads
#   Decrease Java thread stack sizes (-Xss)
#   Set larger code cache with -XX:ReservedCodeCacheSize=
#   JVM is running with Unscaled Compressed Oops mode in which the Java heap is
#     placed in the first 4GB address space. The Java Heap base address is the
#     maximum limit for the native heap growth. Please use -XX:HeapBaseMinAddress
#     to set the Java Heap base and to place the Java Heap above 4GB virtual address.
# This output file may be truncated or incomplete.
#
#  Out of Memory Error (allocation.cpp:389), pid=16624, tid=0x0000000000003388
#
# JRE version: OpenJDK Runtime Environment (8.0_242-b01) (build 1.8.0_242-release-1644-b01)
# Java VM: OpenJDK 64-Bit Server VM (25.242-b01 mixed mode windows-amd64 compressed oops)
# Failed to write core dump. Minidumps are not enabled by default on client versions of Windows
#

---------------  T H R E A D  ---------------

Current thread (0x0000000019c42000):  JavaThread "C2 CompilerThread0" daemon [_thread_in_native, id=13192, stack(0x000000001a530000,0x000000001a630000)]

Stack: [0x000000001a530000,0x000000001a630000]
[error occurred during error reporting (printing stack bounds), id 0xc0000005]

Native frames: (J=compiled Java code, j=interpreted, Vv=VM code, C=native code)


Current CompileTask:
C2: 318728 21549       4       com.android.tools.r8.ir.optimize.a0::a (425 bytes)


---------------  P R O C E S S  ---------------

Java Threads: ( => current thread )
  0x000000002068f000 JavaThread "WorkerExecutor Queue Thread 12" [_thread_blocked, id=15148, stack(0x00000000350a0000,0x00000000351a0000)]
  0x0000000020691800 JavaThread "WorkerExecutor Queue Thread 11" [_thread_blocked, id=15964, stack(0x0000000034fa0000,0x00000000350a0000)]
  0x0000000020694800 JavaThread "WorkerExecutor Queue Thread 10" [_thread_blocked, id=8120, stack(0x0000000034a00000,0x0000000034b00000)]
  0x0000000020693800 JavaThread "WorkerExecutor Queue Thread 9" [_thread_blocked, id=15548, stack(0x000000002fc50000,0x000000002fd50000)]
  0x0000000020690800 JavaThread "Cache worker for Java compile cache (C:\Android\Proyecto\VendedoresKT\ApoloVendedor\.gradle\6.5\javaCompile)" [_thread_blocked, id=8168, stack(0x0000000030750000,0x0000000030850000)]
  0x000000002068c000 JavaThread "Cache worker for Java compile cache (C:\Users\Apolo\.gradle\caches\6.5\javaCompile)" [_thread_blocked, id=9404, stack(0x000000002fdb0000,0x000000002feb0000)]
  0x000000002068e000 JavaThread "RMI TCP Connection(4)-127.0.0.1" daemon [_thread_in_native, id=3912, stack(0x000000002f750000,0x000000002f850000)]
  0x000000002068c800 JavaThread "RMI TCP Connection(3)-127.0.0.1" daemon [_thread_in_native, id=13584, stack(0x000000002f120000,0x000000002f220000)]
  0x000000001cc16800 JavaThread "stdout" [_thread_in_native, id=7804, stack(0x0000000034530000,0x0000000034630000)]
  0x000000001cc14000 JavaThread "stderr" [_thread_in_native, id=17148, stack(0x0000000034430000,0x0000000034530000)]
  0x000000001cc11000 JavaThread "stdout" [_thread_in_native, id=17400, stack(0x0000000034330000,0x0000000034430000)]
  0x000000001cc13800 JavaThread "stderr" [_thread_in_native, id=13804, stack(0x0000000034000000,0x0000000034100000)]
  0x000000001cc12800 JavaThread "stdout" [_thread_in_native, id=9648, stack(0x0000000034230000,0x0000000034330000)]
  0x000000001cc12000 JavaThread "stderr" [_thread_in_native, id=10052, stack(0x0000000034130000,0x0000000034230000)]
  0x000000001cc15800 JavaThread "stdout" [_thread_in_native, id=16400, stack(0x0000000033f00000,0x0000000034000000)]
  0x000000001cc09800 JavaThread "stderr" [_thread_in_native, id=14216, stack(0x0000000033e00000,0x0000000033f00000)]
  0x000000001cc10800 JavaThread "stdout" [_thread_in_native, id=15188, stack(0x0000000033d00000,0x0000000033e00000)]
  0x000000001cc0f800 JavaThread "stderr" [_thread_in_native, id=14760, stack(0x0000000033c00000,0x0000000033d00000)]
  0x000000001cc0c000 JavaThread "stdout" [_thread_in_native, id=10072, stack(0x0000000033b00000,0x0000000033c00000)]
  0x000000001cc08000 JavaThread "stderr" [_thread_in_native, id=12964, stack(0x0000000033a00000,0x0000000033b00000)]
  0x000000001cc09000 JavaThread "stdout" [_thread_in_native, id=7876, stack(0x0000000031720000,0x0000000031820000)]
  0x000000001cc0a800 JavaThread "stderr" [_thread_in_native, id=12904, stack(0x0000000031620000,0x0000000031720000)]
  0x000000001cc0f000 JavaThread "stdout" [_thread_in_native, id=4640, stack(0x0000000031520000,0x0000000031620000)]
  0x000000001cc0d800 JavaThread "stderr" [_thread_in_native, id=8952, stack(0x0000000031420000,0x0000000031520000)]
  0x000000001cc0e000 JavaThread "pool-9-thread-1" [_thread_blocked, id=13008, stack(0x0000000031320000,0x0000000031420000)]
  0x000000001cc0b000 JavaThread "MarlinRenderer Disposer" daemon [_thread_blocked, id=14600, stack(0x0000000031220000,0x0000000031320000)]
  0x0000000021959000 JavaThread "Java2D Disposer" daemon [_thread_blocked, id=13752, stack(0x00000000310f0000,0x00000000311f0000)]
  0x000000002095b800 JavaThread "WorkerExecutor Queue Thread 7" [_thread_in_native, id=14880, stack(0x000000002fb50000,0x000000002fc50000)]
  0x0000000021b8c000 JavaThread "WorkerExecutor Queue Thread 4" [_thread_in_native, id=12760, stack(0x000000002f020000,0x000000002f120000)]
  0x0000000021b8d800 JavaThread "WorkerExecutor Queue Thread 2" [_thread_in_Java, id=3364, stack(0x000000002ea20000,0x000000002eb20000)]
  0x0000000021b8a800 JavaThread "WorkerExecutor Queue" [_thread_blocked, id=14988, stack(0x000000002e320000,0x000000002e420000)]
  0x0000000021b88000 JavaThread "Cache worker for execution history cache (C:\Android\Proyecto\VendedoresKT\ApoloVendedor\.gradle\6.5\executionHistory)" [_thread_blocked, id=16188, stack(0x000000002e220000,0x000000002e320000)]
  0x0000000021b87800 JavaThread "Execution worker for ':' Thread 7" [_thread_blocked, id=17296, stack(0x000000002e120000,0x000000002e220000)]
  0x0000000021b86800 JavaThread "Execution worker for ':' Thread 6" [_thread_blocked, id=17200, stack(0x000000002e020000,0x000000002e120000)]
  0x0000000021b85000 JavaThread "Execution worker for ':' Thread 5" [_thread_blocked, id=14900, stack(0x000000002df20000,0x000000002e020000)]
  0x0000000021b7e800 JavaThread "Execution worker for ':' Thread 4" [_thread_blocked, id=7084, stack(0x000000002de20000,0x000000002df20000)]
  0x0000000021b84800 JavaThread "Execution worker for ':' Thread 3" [_thread_blocked, id=2876, stack(0x000000002dd20000,0x000000002de20000)]
  0x0000000021b82000 JavaThread "Execution worker for ':' Thread 2" [_thread_blocked, id=3616, stack(0x000000002dc20000,0x000000002dd20000)]
  0x0000000021b7f000 JavaThread "Execution worker for ':'" [_thread_blocked, id=15692, stack(0x000000002d490000,0x000000002d590000)]
  0x0000000021b83800 JavaThread "Cache worker for file content cache (C:\Android\Proyecto\VendedoresKT\ApoloVendedor\.gradle\6.5\fileContent)" [_thread_blocked, id=16412, stack(0x000000002b180000,0x000000002b280000)]
  0x0000000021b83000 JavaThread "Cache worker for Build Output Cleanup Cache (C:\Android\Proyecto\VendedoresKT\ApoloVendedor\.gradle\buildOutputCleanup)" [_thread_blocked, id=14372, stack(0x000000002ae80000,0x000000002af80000)]
  0x0000000020e78000 JavaThread "Build operations Thread 8" [_thread_blocked, id=2372, stack(0x0000000023b80000,0x0000000023c80000)]
  0x0000000020e77800 JavaThread "Build operations Thread 7" [_thread_blocked, id=15252, stack(0x0000000023a80000,0x0000000023b80000)]
  0x0000000020e73800 JavaThread "Build operations Thread 6" [_thread_blocked, id=17136, stack(0x0000000023980000,0x0000000023a80000)]
  0x0000000020e79800 JavaThread "Build operations Thread 5" [_thread_blocked, id=15956, stack(0x0000000023880000,0x0000000023980000)]
  0x0000000020e76800 JavaThread "Build operations Thread 4" [_thread_blocked, id=13480, stack(0x0000000023780000,0x0000000023880000)]
  0x0000000020e74800 JavaThread "Build operations Thread 3" [_thread_blocked, id=16096, stack(0x0000000023680000,0x0000000023780000)]
  0x0000000020e76000 JavaThread "Build operations Thread 2" [_thread_blocked, id=14908, stack(0x0000000022e80000,0x0000000022f80000)]
  0x0000000020e75000 JavaThread "Build operations" [_thread_blocked, id=5460, stack(0x00000000211c0000,0x00000000212c0000)]
  0x0000000020e6c000 JavaThread "Cache worker for cache directory md-rule (C:\Users\Apolo\.gradle\caches\6.5\md-rule)" [_thread_blocked, id=14804, stack(0x0000000020050000,0x0000000020150000)]
  0x0000000020e71800 JavaThread "Cache worker for cache directory md-supplier (C:\Users\Apolo\.gradle\caches\6.5\md-supplier)" [_thread_blocked, id=10104, stack(0x000000001e680000,0x000000001e780000)]
  0x0000000020e70000 JavaThread "Cache worker for checksums cache (C:\Android\Proyecto\VendedoresKT\ApoloVendedor\.gradle\checksums)" [_thread_blocked, id=15824, stack(0x000000001e580000,0x000000001e680000)]
  0x0000000020e6f000 JavaThread "Cache worker for file hash cache (C:\Android\Proyecto\VendedoresKT\ApoloVendedor\.gradle\6.5\fileHashes)" [_thread_blocked, id=5260, stack(0x000000001e480000,0x000000001e580000)]
  0x0000000020e6e800 JavaThread "Thread-334" [_thread_blocked, id=15284, stack(0x000000001e380000,0x000000001e480000)]
  0x0000000020e6d800 JavaThread "Stdin handler" [_thread_blocked, id=7528, stack(0x000000001e080000,0x000000001e180000)]
  0x0000000020e73000 JavaThread "Asynchronous log dispatcher for DefaultDaemonConnection: socket connection from /127.0.0.1:54701 to /127.0.0.1:54901" [_thread_blocked, id=15940, stack(0x000000001da10000,0x000000001db10000)]
  0x0000000020e6d000 JavaThread "Cancel handler" [_thread_blocked, id=17204, stack(0x00000000011d0000,0x00000000012d0000)]
  0x0000000020e72000 JavaThread "Handler for socket connection from /127.0.0.1:54701 to /127.0.0.1:54901" [_thread_in_native, id=10516, stack(0x00000000010d0000,0x00000000011d0000)]
  0x0000000020957000 JavaThread "jar transforms Thread 226" [_thread_blocked, id=11208, stack(0x000000002ad80000,0x000000002ae80000)]
  0x0000000020959800 JavaThread "jar transforms Thread 225" [_thread_blocked, id=10812, stack(0x000000002ac80000,0x000000002ad80000)]
  0x0000000020958800 JavaThread "jar transforms Thread 224" [_thread_blocked, id=6120, stack(0x000000002ab80000,0x000000002ac80000)]
  0x0000000020956800 JavaThread "jar transforms Thread 223" [_thread_blocked, id=2676, stack(0x000000002aa80000,0x000000002ab80000)]
  0x0000000020955800 JavaThread "jar transforms Thread 222" [_thread_blocked, id=14460, stack(0x000000002a980000,0x000000002aa80000)]
  0x0000000020958000 JavaThread "jar transforms Thread 221" [_thread_blocked, id=14120, stack(0x000000002a880000,0x000000002a980000)]
  0x000000002095a000 JavaThread "jar transforms Thread 220" [_thread_blocked, id=16668, stack(0x000000002a780000,0x000000002a880000)]
  0x000000002094d000 JavaThread "jar transforms Thread 219" [_thread_blocked, id=1792, stack(0x000000002a680000,0x000000002a780000)]
  0x0000000020951800 JavaThread "jar transforms Thread 218" [_thread_blocked, id=14140, stack(0x000000002a580000,0x000000002a680000)]
  0x0000000020951000 JavaThread "jar transforms Thread 217" [_thread_blocked, id=9900, stack(0x000000002a480000,0x000000002a580000)]
  0x0000000020953000 JavaThread "jar transforms Thread 216" [_thread_blocked, id=15764, stack(0x000000002a380000,0x000000002a480000)]
  0x0000000020950000 JavaThread "jar transforms Thread 215" [_thread_blocked, id=7100, stack(0x000000002a280000,0x000000002a380000)]
  0x0000000020954000 JavaThread "jar transforms Thread 214" [_thread_blocked, id=8280, stack(0x000000002a180000,0x000000002a280000)]
  0x000000002094f800 JavaThread "jar transforms Thread 213" [_thread_blocked, id=14976, stack(0x000000002a080000,0x000000002a180000)]
  0x0000000020952800 JavaThread "jar transforms Thread 212" [_thread_blocked, id=16604, stack(0x0000000029f80000,0x000000002a080000)]
  0x000000002094e800 JavaThread "jar transforms Thread 211" [_thread_blocked, id=16308, stack(0x0000000029e80000,0x0000000029f80000)]
  0x000000002094e000 JavaThread "jar transforms Thread 210" [_thread_blocked, id=15428, stack(0x0000000029d80000,0x0000000029e80000)]
  0x0000000021fc2800 JavaThread "jar transforms Thread 209" [_thread_blocked, id=14860, stack(0x0000000029c80000,0x0000000029d80000)]
  0x0000000021fc1800 JavaThread "jar transforms Thread 208" [_thread_blocked, id=12616, stack(0x0000000029b80000,0x0000000029c80000)]
  0x0000000021fc1000 JavaThread "jar transforms Thread 207" [_thread_blocked, id=16456, stack(0x0000000029a80000,0x0000000029b80000)]
  0x0000000021fc0000 JavaThread "jar transforms Thread 206" [_thread_blocked, id=13404, stack(0x0000000029980000,0x0000000029a80000)]
  0x0000000021fbf800 JavaThread "jar transforms Thread 205" [_thread_blocked, id=13984, stack(0x0000000029880000,0x0000000029980000)]
  0x0000000021fb8000 JavaThread "jar transforms Thread 204" [_thread_blocked, id=15868, stack(0x0000000029780000,0x0000000029880000)]
  0x0000000021fbe800 JavaThread "jar transforms Thread 203" [_thread_blocked, id=10872, stack(0x0000000029680000,0x0000000029780000)]
  0x0000000021fbe000 JavaThread "jar transforms Thread 202" [_thread_blocked, id=15500, stack(0x0000000029580000,0x0000000029680000)]
  0x0000000021fbd000 JavaThread "jar transforms Thread 201" [_thread_blocked, id=16732, stack(0x0000000029480000,0x0000000029580000)]
  0x0000000021fba000 JavaThread "jar transforms Thread 200" [_thread_blocked, id=7948, stack(0x0000000029380000,0x0000000029480000)]
  0x0000000021fbb000 JavaThread "jar transforms Thread 199" [_thread_blocked, id=5136, stack(0x0000000029280000,0x0000000029380000)]
  0x0000000021fb9800 JavaThread "jar transforms Thread 198" [_thread_blocked, id=13400, stack(0x0000000029180000,0x0000000029280000)]
  0x0000000021fb5800 JavaThread "jar transforms Thread 197" [_thread_blocked, id=17120, stack(0x0000000029080000,0x0000000029180000)]
  0x0000000021fbc800 JavaThread "jar transforms Thread 196" [_thread_blocked, id=636, stack(0x0000000028f80000,0x0000000029080000)]
  0x0000000021fb5000 JavaThread "jar transforms Thread 195" [_thread_blocked, id=3308, stack(0x0000000028e80000,0x0000000028f80000)]
  0x0000000021fb7000 JavaThread "jar transforms Thread 194" [_thread_blocked, id=6640, stack(0x0000000028d80000,0x0000000028e80000)]
  0x0000000021fbb800 JavaThread "jar transforms Thread 193" [_thread_blocked, id=2460, stack(0x0000000028c80000,0x0000000028d80000)]
  0x0000000021fb6800 JavaThread "jar transforms Thread 192" [_thread_blocked, id=17364, stack(0x0000000028b80000,0x0000000028c80000)]
  0x0000000021fb4000 JavaThread "jar transforms Thread 191" [_thread_blocked, id=14832, stack(0x0000000028a80000,0x0000000028b80000)]
  0x0000000021fb8800 JavaThread "jar transforms Thread 190" [_thread_blocked, id=8080, stack(0x0000000028980000,0x0000000028a80000)]
  0x0000000021fb3800 JavaThread "jar transforms Thread 189" [_thread_blocked, id=12884, stack(0x0000000028880000,0x0000000028980000)]
  0x000000001b383800 JavaThread "jar transforms Thread 188" [_thread_blocked, id=17188, stack(0x0000000028780000,0x0000000028880000)]
  0x000000001b382800 JavaThread "jar transforms Thread 187" [_thread_blocked, id=3852, stack(0x0000000028680000,0x0000000028780000)]
  0x000000001b387000 JavaThread "jar transforms Thread 186" [_thread_blocked, id=13744, stack(0x0000000028580000,0x0000000028680000)]
  0x000000001b386800 JavaThread "jar transforms Thread 185" [_thread_blocked, id=1140, stack(0x0000000028480000,0x0000000028580000)]
  0x000000001b381000 JavaThread "jar transforms Thread 184" [_thread_blocked, id=6588, stack(0x0000000028380000,0x0000000028480000)]
  0x000000001b380800 JavaThread "jar transforms Thread 183" [_thread_blocked, id=16360, stack(0x0000000028280000,0x0000000028380000)]
  0x000000001b385800 JavaThread "jar transforms Thread 182" [_thread_blocked, id=10980, stack(0x0000000028180000,0x0000000028280000)]
  0x000000001b384000 JavaThread "jar transforms Thread 181" [_thread_blocked, id=16868, stack(0x0000000028080000,0x0000000028180000)]
  0x000000001b382000 JavaThread "jar transforms Thread 180" [_thread_blocked, id=2464, stack(0x0000000027f80000,0x0000000028080000)]
  0x000000001b385000 JavaThread "jar transforms Thread 179" [_thread_blocked, id=8988, stack(0x0000000027e80000,0x0000000027f80000)]
  0x000000001c88c800 JavaThread "jar transforms Thread 178" [_thread_blocked, id=15280, stack(0x0000000027d80000,0x0000000027e80000)]
  0x000000001c893800 JavaThread "jar transforms Thread 177" [_thread_blocked, id=15720, stack(0x0000000027c80000,0x0000000027d80000)]
  0x000000001c892800 JavaThread "jar transforms Thread 176" [_thread_blocked, id=16108, stack(0x0000000027b80000,0x0000000027c80000)]
  0x000000001c891800 JavaThread "jar transforms Thread 175" [_thread_blocked, id=16200, stack(0x0000000027a80000,0x0000000027b80000)]
  0x000000001c88e000 JavaThread "jar transforms Thread 174" [_thread_blocked, id=13468, stack(0x0000000027980000,0x0000000027a80000)]
  0x000000001f8ae800 JavaThread "jar transforms Thread 173" [_thread_blocked, id=16736, stack(0x0000000027880000,0x0000000027980000)]
  0x000000001f8ae000 JavaThread "jar transforms Thread 172" [_thread_blocked, id=7692, stack(0x0000000027780000,0x0000000027880000)]
  0x000000001f8ad000 JavaThread "jar transforms Thread 171" [_thread_blocked, id=7484, stack(0x0000000027680000,0x0000000027780000)]
  0x000000001f8aa800 JavaThread "jar transforms Thread 170" [_thread_blocked, id=7316, stack(0x0000000027580000,0x0000000027680000)]
  0x000000001f8ac000 JavaThread "jar transforms Thread 169" [_thread_blocked, id=5336, stack(0x0000000027480000,0x0000000027580000)]
  0x000000001f8a9000 JavaThread "jar transforms Thread 168" [_thread_blocked, id=16120, stack(0x0000000027380000,0x0000000027480000)]
  0x0000000021962800 JavaThread "jar transforms Thread 167" [_thread_blocked, id=13588, stack(0x0000000027280000,0x0000000027380000)]
  0x0000000021962000 JavaThread "jar transforms Thread 166" [_thread_blocked, id=7452, stack(0x0000000027180000,0x0000000027280000)]
  0x000000002195e000 JavaThread "jar transforms Thread 165" [_thread_blocked, id=8104, stack(0x0000000027080000,0x0000000027180000)]
  0x0000000021956800 JavaThread "jar transforms Thread 164" [_thread_blocked, id=15008, stack(0x0000000026f80000,0x0000000027080000)]
  0x000000002195d800 JavaThread "jar transforms Thread 163" [_thread_blocked, id=11448, stack(0x0000000026e80000,0x0000000026f80000)]
  0x000000002195c800 JavaThread "jar transforms Thread 162" [_thread_blocked, id=17080, stack(0x0000000026d80000,0x0000000026e80000)]
  0x0000000021957800 JavaThread "jar transforms Thread 161" [_thread_blocked, id=16564, stack(0x0000000026c80000,0x0000000026d80000)]
  0x000000002195c000 JavaThread "jar transforms Thread 160" [_thread_blocked, id=15700, stack(0x0000000026b80000,0x0000000026c80000)]
  0x0000000021954800 JavaThread "jar transforms Thread 159" [_thread_blocked, id=13184, stack(0x0000000026a80000,0x0000000026b80000)]
  0x0000000021956000 JavaThread "jar transforms Thread 158" [_thread_blocked, id=15128, stack(0x0000000026980000,0x0000000026a80000)]
  0x000000002195b000 JavaThread "jar transforms Thread 157" [_thread_blocked, id=1076, stack(0x0000000026880000,0x0000000026980000)]
  0x0000000021955000 JavaThread "jar transforms Thread 156" [_thread_blocked, id=15628, stack(0x0000000026780000,0x0000000026880000)]
  0x000000002195a800 JavaThread "jar transforms Thread 155" [_thread_blocked, id=3128, stack(0x0000000026680000,0x0000000026780000)]
  0x0000000021953800 JavaThread "jar transforms Thread 154" [_thread_blocked, id=6232, stack(0x0000000026580000,0x0000000026680000)]
  0x0000000021959800 JavaThread "jar transforms Thread 153" [_thread_blocked, id=15568, stack(0x0000000026480000,0x0000000026580000)]
  0x0000000021958000 JavaThread "jar transforms Thread 152" [_thread_blocked, id=4724, stack(0x0000000026380000,0x0000000026480000)]
  0x00000000205fd800 JavaThread "jar transforms Thread 151" [_thread_blocked, id=11156, stack(0x0000000026280000,0x0000000026380000)]
  0x00000000205fc800 JavaThread "jar transforms Thread 150" [_thread_blocked, id=4068, stack(0x0000000026180000,0x0000000026280000)]
  0x00000000205ff000 JavaThread "jar transforms Thread 149" [_thread_blocked, id=6828, stack(0x0000000026080000,0x0000000026180000)]
  0x00000000205fc000 JavaThread "jar transforms Thread 148" [_thread_blocked, id=17236, stack(0x0000000025f80000,0x0000000026080000)]
  0x00000000205fb000 JavaThread "jar transforms Thread 147" [_thread_blocked, id=9920, stack(0x0000000025e80000,0x0000000025f80000)]
  0x00000000205fa800 JavaThread "jar transforms Thread 146" [_thread_blocked, id=13712, stack(0x0000000025d80000,0x0000000025e80000)]
  0x00000000205ff800 JavaThread "jar transforms Thread 145" [_thread_blocked, id=16100, stack(0x0000000025c80000,0x0000000025d80000)]
  0x00000000205f9800 JavaThread "jar transforms Thread 144" [_thread_blocked, id=11160, stack(0x0000000025b80000,0x0000000025c80000)]
  0x00000000205fe000 JavaThread "jar transforms Thread 143" [_thread_blocked, id=15076, stack(0x0000000025a80000,0x0000000025b80000)]
  0x00000000205f2000 JavaThread "jar transforms Thread 142" [_thread_blocked, id=15352, stack(0x0000000025980000,0x0000000025a80000)]
  0x00000000205f9000 JavaThread "jar transforms Thread 141" [_thread_blocked, id=15688, stack(0x0000000025880000,0x0000000025980000)]
  0x00000000205f8000 JavaThread "jar transforms Thread 140" [_thread_blocked, id=9516, stack(0x0000000025780000,0x0000000025880000)]
  0x00000000205f0800 JavaThread "jar transforms Thread 139" [_thread_blocked, id=13616, stack(0x0000000025680000,0x0000000025780000)]
  0x00000000205f1800 JavaThread "jar transforms Thread 138" [_thread_blocked, id=13500, stack(0x0000000025580000,0x0000000025680000)]
  0x00000000205f6800 JavaThread "jar transforms Thread 137" [_thread_blocked, id=15256, stack(0x0000000025480000,0x0000000025580000)]
  0x00000000205f7800 JavaThread "jar transforms Thread 136" [_thread_blocked, id=2608, stack(0x0000000025380000,0x0000000025480000)]
  0x00000000205f4800 JavaThread "jar transforms Thread 135" [_thread_blocked, id=15908, stack(0x0000000025280000,0x0000000025380000)]
  0x000000001f1a4000 JavaThread "jar transforms Thread 134" [_thread_blocked, id=15564, stack(0x0000000025180000,0x0000000025280000)]
  0x000000001f1a3800 JavaThread "jar transforms Thread 133" [_thread_blocked, id=16792, stack(0x0000000025080000,0x0000000025180000)]
  0x000000001f19f000 JavaThread "jar transforms Thread 132" [_thread_blocked, id=1244, stack(0x0000000024f80000,0x0000000025080000)]
  0x000000001f1a2800 JavaThread "jar transforms Thread 131" [_thread_blocked, id=16944, stack(0x0000000024e80000,0x0000000024f80000)]
  0x000000001f1a2000 JavaThread "jar transforms Thread 130" [_thread_blocked, id=15912, stack(0x0000000024d80000,0x0000000024e80000)]
  0x000000001f1a1000 JavaThread "jar transforms Thread 129" [_thread_blocked, id=2880, stack(0x0000000024c80000,0x0000000024d80000)]
  0x000000001f1a0800 JavaThread "jar transforms Thread 128" [_thread_blocked, id=14344, stack(0x0000000024b80000,0x0000000024c80000)]
  0x000000001f19f800 JavaThread "jar transforms Thread 127" [_thread_blocked, id=9504, stack(0x0000000024a80000,0x0000000024b80000)]
  0x000000001f199000 JavaThread "jar transforms Thread 126" [_thread_blocked, id=15172, stack(0x0000000024980000,0x0000000024a80000)]
  0x000000001f19e000 JavaThread "jar transforms Thread 125" [_thread_blocked, id=16260, stack(0x0000000024880000,0x0000000024980000)]
  0x000000001f19d800 JavaThread "jar transforms Thread 124" [_thread_blocked, id=10464, stack(0x0000000024780000,0x0000000024880000)]
  0x000000001f196800 JavaThread "jar transforms Thread 123" [_thread_blocked, id=16372, stack(0x0000000024680000,0x0000000024780000)]
  0x000000001f198000 JavaThread "jar transforms Thread 122" [_thread_blocked, id=10016, stack(0x0000000024580000,0x0000000024680000)]
  0x000000001f196000 JavaThread "jar transforms Thread 121" [_thread_blocked, id=14148, stack(0x0000000024480000,0x0000000024580000)]
  0x000000001f19c800 JavaThread "jar transforms Thread 120" [_thread_blocked, id=14836, stack(0x0000000024380000,0x0000000024480000)]
  0x000000001f195000 JavaThread "jar transforms Thread 119" [_thread_blocked, id=10536, stack(0x0000000024280000,0x0000000024380000)]
  0x000000001f197800 JavaThread "jar transforms Thread 118" [_thread_blocked, id=12656, stack(0x0000000024180000,0x0000000024280000)]
  0x000000001f19c000 JavaThread "jar transforms Thread 117" [_thread_blocked, id=9340, stack(0x0000000024080000,0x0000000024180000)]
  0x000000001f19a800 JavaThread "jar transforms Thread 116" [_thread_blocked, id=2940, stack(0x0000000023f80000,0x0000000024080000)]
  0x000000001f199800 JavaThread "jar transforms Thread 115" [_thread_blocked, id=14756, stack(0x0000000023d80000,0x0000000023e80000)]
  0x0000000020e79000 JavaThread "jar transforms Thread 114" [_thread_blocked, id=16376, stack(0x0000000023c80000,0x0000000023d80000)]
  0x0000000020e6b800 JavaThread "Daemon worker Thread 2" [_thread_blocked, id=4584, stack(0x000000001d910000,0x000000001da10000)]
  0x0000000020e70800 JavaThread "Daemon Thread 2" [_thread_blocked, id=9588, stack(0x0000000000fd0000,0x00000000010d0000)]
  0x000000001f8af800 JavaThread "RMI Reaper" [_thread_blocked, id=6108, stack(0x000000002fa50000,0x000000002fb50000)]
  0x000000001f8aa000 JavaThread "RMI TCP Accept-0" daemon [_thread_in_native, id=13576, stack(0x000000002f950000,0x000000002fa50000)]
  0x000000002195f000 JavaThread "GC Daemon" daemon [_thread_blocked, id=5836, stack(0x000000002f850000,0x000000002f950000)]
  0x0000000021961000 JavaThread "RMI Scheduler(0)" daemon [_thread_blocked, id=15248, stack(0x000000002f650000,0x000000002f750000)]
  0x0000000020e7a800 JavaThread "Memory manager" [_thread_blocked, id=1124, stack(0x000000002cf60000,0x000000002d060000)]
  0x000000001c890000 JavaThread "Cache worker for file content cache (C:\Users\Apolo\.gradle\caches\6.5\fileContent)" [_thread_blocked, id=14392, stack(0x0000000022f80000,0x0000000023080000)]
  0x000000001c88d000 JavaThread "Cache worker for execution history cache (C:\Users\Apolo\.gradle\caches\6.5\executionHistory)" [_thread_blocked, id=10836, stack(0x0000000022780000,0x0000000022880000)]
  0x000000001c891000 JavaThread "Cache worker for file hash cache (C:\Users\Apolo\.gradle\caches\6.5\fileHashes)" [_thread_blocked, id=15396, stack(0x000000001eb80000,0x000000001ec80000)]
  0x000000001c88f800 JavaThread "File lock request listener" [_thread_in_native, id=1476, stack(0x000000001ea80000,0x000000001eb80000)]
  0x000000001c7e8000 JavaThread "Cache worker for journal cache (C:\Users\Apolo\.gradle\caches\journal-1)" [_thread_blocked, id=9084, stack(0x000000001e980000,0x000000001ea80000)]
  0x000000001c6ff800 JavaThread "Daemon periodic checks" [_thread_blocked, id=2612, stack(0x000000001dd80000,0x000000001de80000)]
  0x000000001c6fd000 JavaThread "Incoming local TCP Connector on port 54701" [_thread_in_native, id=14936, stack(0x000000001db10000,0x000000001dc10000)]
  0x000000001ac2d000 JavaThread "Daemon health stats" [_thread_blocked, id=14676, stack(0x000000001d4d0000,0x000000001d5d0000)]
  0x0000000019c5c000 JavaThread "Service Thread" daemon [_thread_blocked, id=12460, stack(0x000000001a930000,0x000000001aa30000)]
  0x0000000019c4d000 JavaThread "C1 CompilerThread3" daemon [_thread_blocked, id=15612, stack(0x000000001a830000,0x000000001a930000)]
  0x0000000019c47000 JavaThread "C2 CompilerThread2" daemon [_thread_in_native, id=5264, stack(0x000000001a730000,0x000000001a830000)]
  0x0000000019c43800 JavaThread "C2 CompilerThread1" daemon [_thread_in_native, id=14556, stack(0x000000001a630000,0x000000001a730000)]
=>0x0000000019c42000 JavaThread "C2 CompilerThread0" daemon [_thread_in_native, id=13192, stack(0x000000001a530000,0x000000001a630000)]
  0x0000000019c41000 JavaThread "Attach Listener" daemon [_thread_blocked, id=15768, stack(0x000000001a430000,0x000000001a530000)]
  0x0000000019c40000 JavaThread "Signal Dispatcher" daemon [_thread_blocked, id=15900, stack(0x000000001a330000,0x000000001a430000)]
  0x0000000002dde000 JavaThread "Finalizer" daemon [_thread_blocked, id=8504, stack(0x000000001a110000,0x000000001a210000)]
  0x0000000002dd7000 JavaThread "Reference Handler" daemon [_thread_blocked, id=9556, stack(0x000000001a010000,0x000000001a110000)]
  0x0000000002bdd800 JavaThread "main" [_thread_blocked, id=11212, stack(0x0000000002be0000,0x0000000002ce0000)]

Other Threads:
  0x0000000017e46000 VMThread [stack: 0x0000000019b10000,0x0000000019c10000] [id=6240]
  0x0000000019c5c800 WatcherThread [stack: 0x000000001aa30000,0x000000001ab30000] [id=6304]

VM state:not at safepoint (normal execution)

VM Mutex/Monitor currently owned by a thread: None

heap address: 0x0000000080000000, size: 2048 MB, Compressed Oops mode: 32-bit
Narrow klass base: 0x0000000000000000, Narrow klass shift: 3
Compressed class space size: 1073741824 Address: 0x0000000100000000

Heap:
 PSYoungGen      total 382976K, used 160665K [0x00000000d5580000, 0x00000000f5b80000, 0x0000000100000000)
  eden space 318976K, 46% used [0x00000000d5580000,0x00000000de644e70,0x00000000e8d00000)
  from space 64000K, 19% used [0x00000000ede00000,0x00000000eea21880,0x00000000f1c80000)
  to   space 82944K, 0% used [0x00000000e8d00000,0x00000000e8d00000,0x00000000ede00000)
 ParOldGen       total 276480K, used 222904K [0x0000000080000000, 0x0000000090e00000, 0x00000000d5580000)
  object space 276480K, 80% used [0x0000000080000000,0x000000008d9ae188,0x0000000090e00000)
 Metaspace       used 103924K, capacity 109308K, committed 109592K, reserved 1144832K
  class space    used 13494K, capacity 14516K, committed 14640K, reserved 1048576K

Card table byte_map: [0x00000000121a0000,0x00000000125b0000] byte_map_base: 0x0000000011da0000

Marking Bits: (ParMarkBitMap*) 0x000000006b19f030
 Begin Bits: [0x0000000013060000, 0x0000000015060000)
 End Bits:   [0x0000000015060000, 0x0000000017060000)

Polling page: 0x0000000002b10000

CodeCache: size=245760Kb used=61728Kb max_used=61728Kb free=184031Kb
 bounds [0x0000000002de0000, 0x0000000006a80000, 0x0000000011de0000]
 total_blobs=18770 nmethods=17727 adapters=954
 compilation: enabled

Compilation events (10 events):
Event: 318.661 Thread 0x0000000019c4d000 21955       2       com.android.tools.r8.dex.r::a (98 bytes)
Event: 318.663 Thread 0x0000000019c4d000 nmethod 21955 0x0000000006a71dd0 code [0x0000000006a71fa0, 0x0000000006a723f8]
Event: 318.663 Thread 0x0000000019c4d000 21954       2       com.android.tools.r8.dex.r$$Lambda$1141/747042932::accept (12 bytes)
Event: 318.663 Thread 0x0000000019c4d000 nmethod 21954 0x0000000006a72910 code [0x0000000006a72a80, 0x0000000006a72c28]
Event: 318.663 Thread 0x0000000019c4d000 21956       2       com.android.tools.r8.dex.r$$Lambda$1154/1928242901::<init> (10 bytes)
Event: 318.664 Thread 0x0000000019c4d000 nmethod 21956 0x0000000006a72d10 code [0x0000000006a72e60, 0x0000000006a72fd0]
Event: 318.703 Thread 0x0000000019c4d000 21958   !   2       com.android.tools.build.apkzlib.zip.ZFile::notify (128 bytes)
Event: 318.704 Thread 0x0000000019c4d000 nmethod 21958 0x0000000006a733d0 code [0x0000000006a735c0, 0x0000000006a73ad8]
Event: 318.719 Thread 0x0000000019c4d000 21959       1       java.util.IdentityHashMap$KeySet::size (8 bytes)
Event: 318.719 Thread 0x0000000019c4d000 nmethod 21959 0x0000000006a73e50 code [0x0000000006a73fa0, 0x0000000006a740b0]

GC Heap History (10 events):
Event: 269.105 GC heap before
{Heap before GC invocations=24 (full 4):
 PSYoungGen      total 366080K, used 347073K [0x00000000d5580000, 0x00000000f1c80000, 0x0000000100000000)
  eden space 305152K, 100% used [0x00000000d5580000,0x00000000e7f80000,0x00000000e7f80000)
  from space 60928K, 68% used [0x00000000e7f80000,0x00000000ea870578,0x00000000ebb00000)
  to   space 64000K, 0% used [0x00000000ede00000,0x00000000ede00000,0x00000000f1c80000)
 ParOldGen       total 276480K, used 141201K [0x0000000080000000, 0x0000000090e00000, 0x00000000d5580000)
  object space 276480K, 51% used [0x0000000080000000,0x00000000889e44e8,0x0000000090e00000)
 Metaspace       used 97217K, capacity 102274K, committed 102296K, reserved 1138688K
  class space    used 12767K, capacity 13725K, committed 13744K, reserved 1048576K
Event: 269.195 GC heap after
Heap after GC invocations=24 (full 4):
 PSYoungGen      total 369152K, used 63989K [0x00000000d5580000, 0x00000000f1c80000, 0x0000000100000000)
  eden space 305152K, 0% used [0x00000000d5580000,0x00000000d5580000,0x00000000e7f80000)
  from space 64000K, 99% used [0x00000000ede00000,0x00000000f1c7d780,0x00000000f1c80000)
  to   space 60928K, 0% used [0x00000000e7f80000,0x00000000e7f80000,0x00000000ebb00000)
 ParOldGen       total 276480K, used 178189K [0x0000000080000000, 0x0000000090e00000, 0x00000000d5580000)
  object space 276480K, 64% used [0x0000000080000000,0x000000008ae03488,0x0000000090e00000)
 Metaspace       used 97217K, capacity 102274K, committed 102296K, reserved 1138688K
  class space    used 12767K, capacity 13725K, committed 13744K, reserved 1048576K
}
Event: 314.853 GC heap before
{Heap before GC invocations=25 (full 4):
 PSYoungGen      total 369152K, used 369141K [0x00000000d5580000, 0x00000000f1c80000, 0x0000000100000000)
  eden space 305152K, 100% used [0x00000000d5580000,0x00000000e7f80000,0x00000000e7f80000)
  from space 64000K, 99% used [0x00000000ede00000,0x00000000f1c7d780,0x00000000f1c80000)
  to   space 60928K, 0% used [0x00000000e7f80000,0x00000000e7f80000,0x00000000ebb00000)
 ParOldGen       total 276480K, used 178189K [0x0000000080000000, 0x0000000090e00000, 0x00000000d5580000)
  object space 276480K, 64% used [0x0000000080000000,0x000000008ae03488,0x0000000090e00000)
 Metaspace       used 102916K, capacity 108132K, committed 108440K, reserved 1142784K
  class space    used 13439K, capacity 14424K, committed 14512K, reserved 1048576K
Event: 314.939 GC heap after
Heap after GC invocations=25 (full 4):
 PSYoungGen      total 366080K, used 41063K [0x00000000d5580000, 0x00000000f1c80000, 0x0000000100000000)
  eden space 305152K, 0% used [0x00000000d5580000,0x00000000d5580000,0x00000000e7f80000)
  from space 60928K, 67% used [0x00000000e7f80000,0x00000000ea799f98,0x00000000ebb00000)
  to   space 64000K, 0% used [0x00000000ede00000,0x00000000ede00000,0x00000000f1c80000)
 ParOldGen       total 276480K, used 192458K [0x0000000080000000, 0x0000000090e00000, 0x00000000d5580000)
  object space 276480K, 69% used [0x0000000080000000,0x000000008bbf2830,0x0000000090e00000)
 Metaspace       used 102916K, capacity 108132K, committed 108440K, reserved 1142784K
  class space    used 13439K, capacity 14424K, committed 14512K, reserved 1048576K
}
Event: 316.015 GC heap before
{Heap before GC invocations=26 (full 4):
 PSYoungGen      total 366080K, used 346215K [0x00000000d5580000, 0x00000000f1c80000, 0x0000000100000000)
  eden space 305152K, 100% used [0x00000000d5580000,0x00000000e7f80000,0x00000000e7f80000)
  from space 60928K, 67% used [0x00000000e7f80000,0x00000000ea799f98,0x00000000ebb00000)
  to   space 64000K, 0% used [0x00000000ede00000,0x00000000ede00000,0x00000000f1c80000)
 ParOldGen       total 276480K, used 192458K [0x0000000080000000, 0x0000000090e00000, 0x00000000d5580000)
  object space 276480K, 69% used [0x0000000080000000,0x000000008bbf2830,0x0000000090e00000)
 Metaspace       used 103430K, capacity 108730K, committed 108952K, reserved 1144832K
  class space    used 13448K, capacity 14429K, committed 14512K, reserved 1048576K
Event: 316.088 GC heap after
Heap after GC invocations=26 (full 4):
 PSYoungGen      total 382976K, used 40591K [0x00000000d5580000, 0x00000000f5b80000, 0x0000000100000000)
  eden space 318976K, 0% used [0x00000000d5580000,0x00000000d5580000,0x00000000e8d00000)
  from space 64000K, 63% used [0x00000000ede00000,0x00000000f05a3e88,0x00000000f1c80000)
  to   space 82944K, 0% used [0x00000000e8d00000,0x00000000e8d00000,0x00000000ede00000)
 ParOldGen       total 276480K, used 192466K [0x0000000080000000, 0x0000000090e00000, 0x00000000d5580000)
  object space 276480K, 69% used [0x0000000080000000,0x000000008bbf4830,0x0000000090e00000)
 Metaspace       used 103430K, capacity 108730K, committed 108952K, reserved 1144832K
  class space    used 13448K, capacity 14429K, committed 14512K, reserved 1048576K
}
Event: 316.995 GC heap before
{Heap before GC invocations=27 (full 4):
 PSYoungGen      total 382976K, used 359567K [0x00000000d5580000, 0x00000000f5b80000, 0x0000000100000000)
  eden space 318976K, 100% used [0x00000000d5580000,0x00000000e8d00000,0x00000000e8d00000)
  from space 64000K, 63% used [0x00000000ede00000,0x00000000f05a3e88,0x00000000f1c80000)
  to   space 82944K, 0% used [0x00000000e8d00000,0x00000000e8d00000,0x00000000ede00000)
 ParOldGen       total 276480K, used 192466K [0x0000000080000000, 0x0000000090e00000, 0x00000000d5580000)
  object space 276480K, 69% used [0x0000000080000000,0x000000008bbf4830,0x0000000090e00000)
 Metaspace       used 103631K, capacity 108912K, committed 109208K, reserved 1144832K
  class space    used 13459K, capacity 14438K, committed 14512K, reserved 1048576K
Event: 317.077 GC heap after
Heap after GC invocations=27 (full 4):
 PSYoungGen      total 401920K, used 31817K [0x00000000d5580000, 0x00000000f5b80000, 0x0000000100000000)
  eden space 318976K, 0% used [0x00000000d5580000,0x00000000d5580000,0x00000000e8d00000)
  from space 82944K, 38% used [0x00000000e8d00000,0x00000000eac12428,0x00000000ede00000)
  to   space 64000K, 0% used [0x00000000ede00000,0x00000000ede00000,0x00000000f1c80000)
 ParOldGen       total 276480K, used 199021K [0x0000000080000000, 0x0000000090e00000, 0x00000000d5580000)
  object space 276480K, 71% used [0x0000000080000000,0x000000008c25b6c0,0x0000000090e00000)
 Metaspace       used 103631K, capacity 108912K, committed 109208K, reserved 1144832K
  class space    used 13459K, capacity 14438K, committed 14512K, reserved 1048576K
}
Event: 318.060 GC heap before
{Heap before GC invocations=28 (full 4):
 PSYoungGen      total 401920K, used 350793K [0x00000000d5580000, 0x00000000f5b80000, 0x0000000100000000)
  eden space 318976K, 100% used [0x00000000d5580000,0x00000000e8d00000,0x00000000e8d00000)
  from space 82944K, 38% used [0x00000000e8d00000,0x00000000eac12428,0x00000000ede00000)
  to   space 64000K, 0% used [0x00000000ede00000,0x00000000ede00000,0x00000000f1c80000)
 ParOldGen       total 276480K, used 199021K [0x0000000080000000, 0x0000000090e00000, 0x00000000d5580000)
  object space 276480K, 71% used [0x0000000080000000,0x000000008c25b6c0,0x0000000090e00000)
 Metaspace       used 103714K, capacity 109008K, committed 109208K, reserved 1144832K
  class space    used 13467K, capacity 14442K, committed 14512K, reserved 1048576K
Event: 318.156 GC heap after
Heap after GC invocations=28 (full 4):
 PSYoungGen      total 382976K, used 12422K [0x00000000d5580000, 0x00000000f5b80000, 0x0000000100000000)
  eden space 318976K, 0% used [0x00000000d5580000,0x00000000d5580000,0x00000000e8d00000)
  from space 64000K, 19% used [0x00000000ede00000,0x00000000eea21880,0x00000000f1c80000)
  to   space 82944K, 0% used [0x00000000e8d00000,0x00000000e8d00000,0x00000000ede00000)
 ParOldGen       total 276480K, used 222904K [0x0000000080000000, 0x0000000090e00000, 0x00000000d5580000)
  object space 276480K, 80% used [0x0000000080000000,0x000000008d9ae188,0x0000000090e00000)
 Metaspace       used 103714K, capacity 109008K, committed 109208K, reserved 1144832K
  class space    used 13467K, capacity 14442K, committed 14512K, reserved 1048576K
}

Deoptimization events (10 events):
Event: 318.332 Thread 0x000000002095b800 Uncommon trap: reason=unstable_if action=reinterpret pc=0x000000000346d404 method=sun.nio.fs.WindowsPath.getFileName()Ljava/nio/file/Path; @ 45
Event: 318.332 Thread 0x000000002095b800 Uncommon trap: reason=class_check action=maybe_recompile pc=0x00000000042a0cd4 method=java.util.function.Predicate.lambda$and$0(Ljava/util/function/Predicate;Ljava/lang/Object;)Z @ 12
Event: 318.332 Thread 0x000000002095b800 Uncommon trap: reason=unstable_if action=reinterpret pc=0x0000000003cf62a4 method=java.lang.String.indexOf([CII[CIII)I @ 27
Event: 318.332 Thread 0x000000002095b800 Uncommon trap: reason=class_check action=maybe_recompile pc=0x00000000042a0cd4 method=java.util.function.Predicate.lambda$and$0(Ljava/util/function/Predicate;Ljava/lang/Object;)Z @ 12
Event: 318.332 Thread 0x000000002095b800 Uncommon trap: reason=unstable_if action=reinterpret pc=0x000000000319ac74 method=java.lang.String.indexOf([CII[CIII)I @ 27
Event: 318.384 Thread 0x000000002095b800 Uncommon trap: reason=class_check action=maybe_recompile pc=0x0000000005a3a050 method=com.android.tools.build.apkzlib.zip.CentralDirectoryHeader.getCompressionInfoWithWait()Lcom/android/tools/build/apkzlib/zip/CentralDirectoryHeaderCompressInfo; @ 4
Event: 318.384 Thread 0x000000002095b800 Uncommon trap: reason=unstable_if action=reinterpret pc=0x0000000003d3ded4 method=com.android.tools.build.apkzlib.zip.ExtraField.size()I @ 4
Event: 318.384 Thread 0x000000002095b800 Uncommon trap: reason=class_check action=maybe_recompile pc=0x0000000005a3a050 method=com.android.tools.build.apkzlib.zip.CentralDirectoryHeader.getCompressionInfoWithWait()Lcom/android/tools/build/apkzlib/zip/CentralDirectoryHeaderCompressInfo; @ 4
Event: 318.389 Thread 0x000000002095b800 Uncommon trap: reason=class_check action=maybe_recompile pc=0x0000000005a3a050 method=com.android.tools.build.apkzlib.zip.CentralDirectoryHeader.getCompressionInfoWithWait()Lcom/android/tools/build/apkzlib/zip/CentralDirectoryHeaderCompressInfo; @ 4
Event: 318.392 Thread 0x000000002095b800 Uncommon trap: reason=class_check action=maybe_recompile pc=0x0000000005a3a050 method=com.android.tools.build.apkzlib.zip.CentralDirectoryHeader.getCompressionInfoWithWait()Lcom/android/tools/build/apkzlib/zip/CentralDirectoryHeaderCompressInfo; @ 4

Classes redefined (0 events):
No events

Internal exceptions (10 events):
Event: 318.717 Thread 0x0000000021b8c000 Exception <a 'sun/nio/fs/WindowsException'> (0x00000000ddea7d98) thrown at [C:\src\AOSP-openjdk-git\hotspot\src\share\vm\prims\jni.cpp, line 710]
Event: 318.717 Thread 0x0000000021b8d800 Exception <a 'sun/nio/fs/WindowsException'> (0x00000000ddca9c38) thrown at [C:\src\AOSP-openjdk-git\hotspot\src\share\vm\prims\jni.cpp, line 710]
Event: 318.719 Thread 0x0000000021b8d800 Exception <a 'sun/nio/fs/WindowsException'> (0x00000000ddf87db8) thrown at [C:\src\AOSP-openjdk-git\hotspot\src\share\vm\prims\jni.cpp, line 710]
Event: 318.719 Thread 0x0000000021b8c000 Exception <a 'sun/nio/fs/WindowsException'> (0x00000000ddeaf7a8) thrown at [C:\src\AOSP-openjdk-git\hotspot\src\share\vm\prims\jni.cpp, line 710]
Event: 318.722 Thread 0x0000000021b8d800 Exception <a 'sun/nio/fs/WindowsException'> (0x00000000ddfd0c60) thrown at [C:\src\AOSP-openjdk-git\hotspot\src\share\vm\prims\jni.cpp, line 710]
Event: 318.722 Thread 0x0000000021b8c000 Exception <a 'sun/nio/fs/WindowsException'> (0x00000000ddeb7060) thrown at [C:\src\AOSP-openjdk-git\hotspot\src\share\vm\prims\jni.cpp, line 710]
Event: 318.724 Thread 0x0000000021b8d800 Exception <a 'sun/nio/fs/WindowsException'> (0x00000000de0198e8) thrown at [C:\src\AOSP-openjdk-git\hotspot\src\share\vm\prims\jni.cpp, line 710]
Event: 318.724 Thread 0x0000000021b8c000 Exception <a 'sun/nio/fs/WindowsException'> (0x00000000ddebfd58) thrown at [C:\src\AOSP-openjdk-git\hotspot\src\share\vm\prims\jni.cpp, line 710]
Event: 318.726 Thread 0x0000000021b8d800 Exception <a 'sun/nio/fs/WindowsException'> (0x00000000de060e78) thrown at [C:\src\AOSP-openjdk-git\hotspot\src\share\vm\prims\jni.cpp, line 710]
Event: 318.726 Thread 0x0000000021b8c000 Exception <a 'sun/nio/fs/WindowsException'> (0x00000000de264968) thrown at [C:\src\AOSP-openjdk-git\hotspot\src\share\vm\prims\jni.cpp, line 710]

Events (10 events):
Event: 318.389 Thread 0x000000002095b800 DEOPT UNPACKING pc=0x0000000002e2557b sp=0x000000002fc4db78 mode 2
Event: 318.389 loading class com/android/tools/build/apkzlib/zip/StoredEntry
Event: 318.389 loading class com/android/tools/build/apkzlib/zip/StoredEntry done
Event: 318.389 loading class com/android/tools/build/apkzlib/zip/StoredEntry
Event: 318.389 loading class com/android/tools/build/apkzlib/zip/StoredEntry done
Event: 318.392 Thread 0x000000002095b800 Uncommon trap: trap_request=0xffffffde fr.pc=0x0000000005a3a050
Event: 318.392 Thread 0x000000002095b800 DEOPT PACKING pc=0x0000000005a3a050 sp=0x000000002fc4dc00
Event: 318.393 Thread 0x000000002095b800 DEOPT UNPACKING pc=0x0000000002e2557b sp=0x000000002fc4db88 mode 2
Event: 318.426 loading class com/android/builder/merge/StreamMergeAlgorithm
Event: 318.426 loading class com/android/builder/merge/StreamMergeAlgorithm done


Dynamic libraries:
0x00007ff65d2d0000 - 0x00007ff65d301000 	C:\Program Files\Android\Android Studio\jre\bin\java.exe
0x00007fff7da90000 - 0x00007fff7dc85000 	C:\WINDOWS\SYSTEM32\ntdll.dll
0x00007fff7ce00000 - 0x00007fff7cebd000 	C:\WINDOWS\System32\KERNEL32.DLL
0x00007fff7b620000 - 0x00007fff7b8e9000 	C:\WINDOWS\System32\KERNELBASE.dll
0x00007fff7d450000 - 0x00007fff7d4fc000 	C:\WINDOWS\System32\ADVAPI32.dll
0x00007fff7cca0000 - 0x00007fff7cd3e000 	C:\WINDOWS\System32\msvcrt.dll
0x00007fff7bb10000 - 0x00007fff7bbac000 	C:\WINDOWS\System32\sechost.dll
0x00007fff7cf40000 - 0x00007fff7d06b000 	C:\WINDOWS\System32\RPCRT4.dll
0x00007fff7d8b0000 - 0x00007fff7da50000 	C:\WINDOWS\System32\USER32.dll
0x00007fff7b4f0000 - 0x00007fff7b512000 	C:\WINDOWS\System32\win32u.dll
0x00007fff7d500000 - 0x00007fff7d52a000 	C:\WINDOWS\System32\GDI32.dll
0x00007fff7b380000 - 0x00007fff7b48b000 	C:\WINDOWS\System32\gdi32full.dll
0x00007fff7b8f0000 - 0x00007fff7b98d000 	C:\WINDOWS\System32\msvcp_win.dll
0x00007fff7b520000 - 0x00007fff7b620000 	C:\WINDOWS\System32\ucrtbase.dll
0x00007fff5b7f0000 - 0x00007fff5ba8a000 	C:\WINDOWS\WinSxS\amd64_microsoft.windows.common-controls_6595b64144ccf1df_6.0.19041.844_none_ca00b6081b84eb1d\COMCTL32.dll
0x00007fff7cdd0000 - 0x00007fff7ce00000 	C:\WINDOWS\System32\IMM32.DLL
0x000000006a8f0000 - 0x000000006a9c2000 	C:\Program Files\Android\Android Studio\jre\jre\bin\msvcr100.dll
0x000000006a9d0000 - 0x000000006b21b000 	C:\Program Files\Android\Android Studio\jre\jre\bin\server\jvm.dll
0x00007fff7cec0000 - 0x00007fff7cec8000 	C:\WINDOWS\System32\PSAPI.DLL
0x00007fff58ec0000 - 0x00007fff58ec9000 	C:\WINDOWS\SYSTEM32\WSOCK32.dll
0x00007fff7ad60000 - 0x00007fff7ad6a000 	C:\WINDOWS\SYSTEM32\VERSION.dll
0x00007fff7d530000 - 0x00007fff7d59b000 	C:\WINDOWS\System32\WS2_32.dll
0x00007fff60880000 - 0x00007fff608a7000 	C:\WINDOWS\SYSTEM32\WINMM.dll
0x00007fff68c90000 - 0x00007fff68c9f000 	C:\Program Files\Android\Android Studio\jre\jre\bin\verify.dll
0x00007fff34640000 - 0x00007fff34669000 	C:\Program Files\Android\Android Studio\jre\jre\bin\java.dll
0x00007fff45be0000 - 0x00007fff45bf6000 	C:\Program Files\Android\Android Studio\jre\jre\bin\zip.dll
0x00007fff7c3a0000 - 0x00007fff7cae2000 	C:\WINDOWS\System32\SHELL32.dll
0x00007fff78f00000 - 0x00007fff79690000 	C:\WINDOWS\SYSTEM32\windows.storage.dll
0x00007fff7d0f0000 - 0x00007fff7d445000 	C:\WINDOWS\System32\combase.dll
0x00007fff7abd0000 - 0x00007fff7abfc000 	C:\WINDOWS\SYSTEM32\Wldp.dll
0x00007fff7bda0000 - 0x00007fff7be4e000 	C:\WINDOWS\System32\SHCORE.dll
0x00007fff7d720000 - 0x00007fff7d775000 	C:\WINDOWS\System32\shlwapi.dll
0x00007fff7b110000 - 0x00007fff7b12f000 	C:\WINDOWS\SYSTEM32\profapi.dll
0x00007fff384b0000 - 0x00007fff384ca000 	C:\Program Files\Android\Android Studio\jre\jre\bin\net.dll
0x00007fff7a950000 - 0x00007fff7a9ba000 	C:\WINDOWS\system32\mswsock.dll
0x00007fff35110000 - 0x00007fff35123000 	C:\Program Files\Android\Android Studio\jre\jre\bin\nio.dll
0x00007fff23180000 - 0x00007fff231a7000 	C:\Users\Apolo\.gradle\native\f6784746aeab05261644944871eae4fe03e0ef1612fff0a4a95f87b438bc6780\windows-amd64\native-platform.dll
0x00007fff68060000 - 0x00007fff6806d000 	C:\Program Files\Android\Android Studio\jre\jre\bin\management.dll
0x00007fff7ab20000 - 0x00007fff7ab38000 	C:\WINDOWS\SYSTEM32\CRYPTSP.dll
0x00007fff7a280000 - 0x00007fff7a2b4000 	C:\WINDOWS\system32\rsaenh.dll
0x00007fff7b2a0000 - 0x00007fff7b2c7000 	C:\WINDOWS\System32\bcrypt.dll
0x00007fff7b0d0000 - 0x00007fff7b0fe000 	C:\WINDOWS\SYSTEM32\USERENV.dll
0x00007fff7b220000 - 0x00007fff7b2a0000 	C:\WINDOWS\System32\bcryptprimitives.dll
0x00007fff7ab40000 - 0x00007fff7ab4c000 	C:\WINDOWS\SYSTEM32\CRYPTBASE.dll
0x00007fff7a5f0000 - 0x00007fff7a62b000 	C:\WINDOWS\SYSTEM32\IPHLPAPI.DLL
0x00007fff7c390000 - 0x00007fff7c398000 	C:\WINDOWS\System32\NSI.dll
0x00007fff6f9c0000 - 0x00007fff6f9d7000 	C:\WINDOWS\SYSTEM32\dhcpcsvc6.DLL
0x00007fff70070000 - 0x00007fff7008d000 	C:\WINDOWS\SYSTEM32\dhcpcsvc.DLL
0x00007fff7a630000 - 0x00007fff7a6fb000 	C:\WINDOWS\SYSTEM32\DNSAPI.dll
0x00007fff70660000 - 0x00007fff7066b000 	C:\WINDOWS\SYSTEM32\WINNSI.DLL
0x00007fff70d30000 - 0x00007fff70d4e000 	C:\Users\Apolo\AppData\Local\Temp\native-platform5202887611669682489dir\native-platform.dll
0x00007fff23860000 - 0x00007fff239fc000 	C:\Program Files\Android\Android Studio\jre\jre\bin\awt.dll
0x00007fff7c2c0000 - 0x00007fff7c38d000 	C:\WINDOWS\System32\OLEAUT32.dll
0x00007fff78b40000 - 0x00007fff78b6f000 	C:\WINDOWS\SYSTEM32\dwmapi.dll
0x00007fff742e0000 - 0x00007fff748a0000 	C:\WINDOWS\SYSTEM32\d2d1.dll
0x00007fff75630000 - 0x00007fff756c0000 	C:\WINDOWS\SYSTEM32\apphelp.dll
0x00007fff78780000 - 0x00007fff7881e000 	C:\WINDOWS\system32\uxtheme.dll

VM Arguments:
jvm_args: -Xmx2048m -Dfile.encoding=windows-1252 -Duser.country=ES -Duser.language=es -Duser.variant 
java_command: org.gradle.launcher.daemon.bootstrap.GradleDaemon 6.5
java_class_path (initial): C:\Users\Apolo\.gradle\wrapper\dists\gradle-6.5-bin\6nifqtx7604sqp1q6g8wikw7p\gradle-6.5\lib\gradle-launcher-6.5.jar
Launcher Type: SUN_STANDARD

Environment Variables:
PATH=C:\Program Files\Common Files\Oracle\Java\javapath;C:\Program Files (x86)\Common Files\Oracle\Java\javapath;C:\orant\bin;C:\WINDOWS\system32;C:\WINDOWS;C:\WINDOWS\System32\Wbem;C:\WINDOWS\System32\WindowsPowerShell\v1.0\;C:\WINDOWS\System32\OpenSSH\;C:\orant\jdk\bin;C:\Program Files (x86)\Intel\Intel(R) Memory And Storage Tool\;C:\Program Files\Git\cmd;C:\Program Files\nodejs\;C:\instantclient_12_1\;C:\Users\Apolo\AppData\Local\Microsoft\WindowsApps;C:\Users\Apolo\AppData\Local\Programs\Microsoft VS Code\bin;C:\Users\Apolo\AppData\Roaming\npm;C:\Users\Apolo\AppData\Local\atom\bin;
USERNAME=Apolo
OS=Windows_NT
PROCESSOR_IDENTIFIER=Intel64 Family 6 Model 126 Stepping 5, GenuineIntel



---------------  S Y S T E M  ---------------

OS: Windows 10.0 , 64 bit Build 19041 (10.0.19041.804)

CPU:total 8 (initial active 8) (4 cores per cpu, 2 threads per core) family 6 model 126 stepping 5, cmov, cx8, fxsr, mmx, sse, sse2, sse3, ssse3, sse4.1, sse4.2, popcnt, avx, avx2, aes, clmul, erms, 3dnowpref, lzcnt, ht, tsc, tscinvbit, bmi1, bmi2, adx

Memory: 4k page, physical 8165048k(304996k free), swap 11736884k(5356k free)

vm_info: OpenJDK 64-Bit Server VM (25.242-b01) for windows-amd64 JRE (1.8.0_242-release-1644-b01), built by "builder" with MS VC++ 10.0 (VS2010)

time: Tue Mar 30 16:21:40 2021
timezone: Hora estndar de Paraguay
elapsed time: 318 seconds (0d 0h 5m 18s)

