#
# There is insufficient memory for the Java Runtime Environment to continue.
# Native memory allocation (malloc) failed to allocate 551856 bytes for Chunk::new
# Possible reasons:
#   The system is out of physical RAM or swap space
#   The process is running with CompressedOops enabled, and the Java Heap may be blocking the growth of the native heap
# Possible solutions:
#   Reduce memory load on the system
#   Increase physical memory or swap space
#   Check if swap backing store is full
#   Decrease Java heap size (-Xmx/-Xms)
#   Decrease number of Java threads
#   Decrease Java thread stack sizes (-Xss)
#   Set larger code cache with -XX:ReservedCodeCacheSize=
#   JVM is running with Unscaled Compressed Oops mode in which the Java heap is
#     placed in the first 4GB address space. The Java Heap base address is the
#     maximum limit for the native heap growth. Please use -XX:HeapBaseMinAddress
#     to set the Java Heap base and to place the Java Heap above 4GB virtual address.
# This output file may be truncated or incomplete.
#
#  Out of Memory Error (allocation.cpp:389), pid=12908, tid=0x0000000000002b4c
#
# JRE version: OpenJDK Runtime Environment (8.0_242-b01) (build 1.8.0_242-release-1644-b01)
# Java VM: OpenJDK 64-Bit Server VM (25.242-b01 mixed mode windows-amd64 compressed oops)
# Failed to write core dump. Minidumps are not enabled by default on client versions of Windows
#

---------------  T H R E A D  ---------------

Current thread (0x000000001986a000):  JavaThread "C2 CompilerThread2" daemon [_thread_in_native, id=11084, stack(0x000000001a350000,0x000000001a450000)]

Stack: [0x000000001a350000,0x000000001a450000]
[error occurred during error reporting (printing stack bounds), id 0xc0000005]

Native frames: (J=compiled Java code, j=interpreted, Vv=VM code, C=native code)


Current CompileTask:
C2:  63500 18895       4       com.android.utils.PositionXmlParser::getPositionHelper (757 bytes)


---------------  P R O C E S S  ---------------

Java Threads: ( => current thread )
  0x000000001cae2800 JavaThread "stdout" [_thread_in_native, id=17256, stack(0x0000000032c20000,0x0000000032d20000)]
  0x000000001cae1800 JavaThread "stderr" [_thread_in_native, id=13572, stack(0x00000000305d0000,0x00000000306d0000)]
  0x000000001cada000 JavaThread "pool-7-thread-1" [_thread_blocked, id=10676, stack(0x00000000329c0000,0x0000000032ac0000)]
  0x000000001cae1000 JavaThread "WorkerExecutor Queue Thread 4" [_thread_blocked, id=16648, stack(0x0000000031230000,0x0000000031330000)]
  0x000000001cad9800 JavaThread "WorkerExecutor Queue Thread 3" [_thread_blocked, id=16048, stack(0x00000000306d0000,0x00000000307d0000)]
  0x000000001cae0000 JavaThread "WorkerExecutor Queue Thread 2" [_thread_blocked, id=2276, stack(0x0000000030030000,0x0000000030130000)]
  0x000000001cadf800 JavaThread "WorkerExecutor Queue" [_thread_blocked, id=5240, stack(0x0000000030160000,0x0000000030260000)]
  0x000000001cade800 JavaThread "Cache worker for execution history cache (C:\Android\Proyecto\VendedoresKT\ApoloVendedor\.gradle\6.5\executionHistory)" [_thread_blocked, id=7668, stack(0x000000002f930000,0x000000002fa30000)]
  0x000000001cadb000 JavaThread "Execution worker for ':' Thread 7" [_thread_blocked, id=16448, stack(0x000000002efe0000,0x000000002f0e0000)]
  0x000000001cad8800 JavaThread "Execution worker for ':' Thread 6" [_thread_blocked, id=16508, stack(0x000000002eee0000,0x000000002efe0000)]
  0x000000001cadc800 JavaThread "Execution worker for ':' Thread 5" [_thread_blocked, id=9188, stack(0x000000002ede0000,0x000000002eee0000)]
  0x000000001cade000 JavaThread "Execution worker for ':' Thread 4" [_thread_blocked, id=9372, stack(0x000000002ece0000,0x000000002ede0000)]
  0x000000001cadb800 JavaThread "Execution worker for ':' Thread 3" [_thread_blocked, id=9792, stack(0x000000002e9e0000,0x000000002eae0000)]
  0x000000001cad1000 JavaThread "Execution worker for ':' Thread 2" [_thread_blocked, id=9744, stack(0x000000002e6e0000,0x000000002e7e0000)]
  0x000000001cad6800 JavaThread "Execution worker for ':'" [_thread_blocked, id=13092, stack(0x000000002cf70000,0x000000002d070000)]
  0x000000001cad8000 JavaThread "Cache worker for file content cache (C:\Android\Proyecto\VendedoresKT\ApoloVendedor\.gradle\6.5\fileContent)" [_thread_blocked, id=10184, stack(0x000000002bd20000,0x000000002be20000)]
  0x000000001cad5800 JavaThread "Cache worker for Build Output Cleanup Cache (C:\Android\Proyecto\VendedoresKT\ApoloVendedor\.gradle\buildOutputCleanup)" [_thread_blocked, id=16044, stack(0x0000000024920000,0x0000000024a20000)]
  0x000000001cad5000 JavaThread "Build operations Thread 8" [_thread_blocked, id=13000, stack(0x0000000024820000,0x0000000024920000)]
  0x000000001cad2000 JavaThread "Build operations Thread 7" [_thread_blocked, id=15732, stack(0x0000000024720000,0x0000000024820000)]
  0x000000001cad0800 JavaThread "Build operations Thread 6" [_thread_blocked, id=10772, stack(0x0000000024620000,0x0000000024720000)]
  0x000000001cad2800 JavaThread "Build operations Thread 5" [_thread_blocked, id=14040, stack(0x0000000024520000,0x0000000024620000)]
  0x000000001cad4000 JavaThread "Build operations Thread 4" [_thread_blocked, id=3124, stack(0x0000000024420000,0x0000000024520000)]
  0x000000001cad3800 JavaThread "Build operations Thread 3" [_thread_blocked, id=5104, stack(0x0000000024320000,0x0000000024420000)]
  0x000000001cad7000 JavaThread "Build operations Thread 2" [_thread_blocked, id=16440, stack(0x0000000024220000,0x0000000024320000)]
  0x000000001cac9000 JavaThread "Build operations" [_thread_blocked, id=420, stack(0x0000000020f40000,0x0000000021040000)]
  0x000000001cacf000 JavaThread "Cache worker for cache directory md-rule (C:\Users\Apolo\.gradle\caches\6.5\md-rule)" [_thread_blocked, id=13344, stack(0x0000000020e40000,0x0000000020f40000)]
  0x000000001cacf800 JavaThread "Cache worker for cache directory md-supplier (C:\Users\Apolo\.gradle\caches\6.5\md-supplier)" [_thread_blocked, id=9172, stack(0x0000000020d40000,0x0000000020e40000)]
  0x000000001cacd800 JavaThread "Cache worker for checksums cache (C:\Android\Proyecto\VendedoresKT\ApoloVendedor\.gradle\checksums)" [_thread_blocked, id=16320, stack(0x0000000020a40000,0x0000000020b40000)]
  0x000000001cacc800 JavaThread "Cache worker for file hash cache (C:\Android\Proyecto\VendedoresKT\ApoloVendedor\.gradle\6.5\fileHashes)" [_thread_blocked, id=8440, stack(0x000000001e2a0000,0x000000001e3a0000)]
  0x000000001cac9800 JavaThread "Thread-194" [_thread_blocked, id=16744, stack(0x000000001e1a0000,0x000000001e2a0000)]
  0x000000001caca800 JavaThread "Stdin handler" [_thread_blocked, id=14072, stack(0x000000001e0a0000,0x000000001e1a0000)]
  0x000000001cacc000 JavaThread "Asynchronous log dispatcher for DefaultDaemonConnection: socket connection from /127.0.0.1:55017 to /127.0.0.1:55096" [_thread_blocked, id=16300, stack(0x0000000000d10000,0x0000000000e10000)]
  0x000000001cace000 JavaThread "Cancel handler" [_thread_blocked, id=3056, stack(0x0000000000c10000,0x0000000000d10000)]
  0x000000001cac6800 JavaThread "Handler for socket connection from /127.0.0.1:55017 to /127.0.0.1:55096" [_thread_in_native, id=12920, stack(0x0000000000b10000,0x0000000000c10000)]
  0x000000001cac4800 JavaThread "ForkJoinPool.commonPool-worker-0" daemon [_thread_blocked, id=9388, stack(0x0000000033b30000,0x0000000033c30000)]
  0x000000001cac5000 JavaThread "ForkJoinPool.commonPool-worker-7" daemon [_thread_blocked, id=2208, stack(0x0000000033a30000,0x0000000033b30000)]
  0x000000001cac7800 JavaThread "ForkJoinPool.commonPool-worker-5" daemon [_thread_blocked, id=8616, stack(0x0000000033830000,0x0000000033930000)]
  0x0000000022717000 JavaThread "RMI TCP Connection(idle)" daemon [_thread_blocked, id=7864, stack(0x000000002fd30000,0x000000002fe30000)]
  0x0000000022713800 JavaThread "RMI Reaper" [_thread_blocked, id=6396, stack(0x000000002fc30000,0x000000002fd30000)]
  0x0000000022715000 JavaThread "RMI TCP Accept-0" daemon [_thread_in_native, id=620, stack(0x000000002fb30000,0x000000002fc30000)]
  0x0000000022716800 JavaThread "GC Daemon" daemon [_thread_blocked, id=16636, stack(0x000000002fa30000,0x000000002fb30000)]
  0x0000000022712800 JavaThread "RMI Scheduler(0)" daemon [_thread_blocked, id=11168, stack(0x000000002e8e0000,0x000000002e9e0000)]
  0x000000002270b000 JavaThread "Memory manager" [_thread_blocked, id=8288, stack(0x000000002c420000,0x000000002c520000)]
  0x000000001f272000 JavaThread "jar transforms Thread 113" [_thread_blocked, id=12284, stack(0x000000002ba20000,0x000000002bb20000)]
  0x000000001f271000 JavaThread "jar transforms Thread 112" [_thread_blocked, id=2808, stack(0x000000002b920000,0x000000002ba20000)]
  0x000000001f26f800 JavaThread "jar transforms Thread 111" [_thread_blocked, id=16192, stack(0x000000002b820000,0x000000002b920000)]
  0x000000001f26f000 JavaThread "jar transforms Thread 110" [_thread_blocked, id=9496, stack(0x000000002b720000,0x000000002b820000)]
  0x000000001f275000 JavaThread "jar transforms Thread 109" [_thread_blocked, id=5284, stack(0x000000002b620000,0x000000002b720000)]
  0x000000001f26e000 JavaThread "jar transforms Thread 108" [_thread_blocked, id=6288, stack(0x000000002b520000,0x000000002b620000)]
  0x000000001f273800 JavaThread "jar transforms Thread 107" [_thread_blocked, id=14452, stack(0x000000002b420000,0x000000002b520000)]
  0x000000001f270800 JavaThread "jar transforms Thread 106" [_thread_blocked, id=14260, stack(0x000000002b320000,0x000000002b420000)]
  0x000000001f272800 JavaThread "jar transforms Thread 105" [_thread_blocked, id=10164, stack(0x000000002b220000,0x000000002b320000)]
  0x000000001f26d800 JavaThread "jar transforms Thread 104" [_thread_blocked, id=2788, stack(0x000000002b120000,0x000000002b220000)]
  0x000000001f274000 JavaThread "jar transforms Thread 103" [_thread_blocked, id=12300, stack(0x000000002b020000,0x000000002b120000)]
  0x000000001f266000 JavaThread "jar transforms Thread 102" [_thread_blocked, id=5256, stack(0x000000002af20000,0x000000002b020000)]
  0x000000001f269000 JavaThread "jar transforms Thread 101" [_thread_blocked, id=14348, stack(0x000000002ae20000,0x000000002af20000)]
  0x000000001f268000 JavaThread "jar transforms Thread 100" [_thread_blocked, id=9168, stack(0x000000002ad20000,0x000000002ae20000)]
  0x000000001f26c000 JavaThread "jar transforms Thread 99" [_thread_blocked, id=4020, stack(0x000000002ac20000,0x000000002ad20000)]
  0x000000001f267800 JavaThread "jar transforms Thread 98" [_thread_blocked, id=8364, stack(0x000000002ab20000,0x000000002ac20000)]
  0x000000001f266800 JavaThread "jar transforms Thread 97" [_thread_blocked, id=8544, stack(0x000000002aa20000,0x000000002ab20000)]
  0x000000001f26c800 JavaThread "jar transforms Thread 96" [_thread_blocked, id=7048, stack(0x000000002a920000,0x000000002aa20000)]
  0x000000001f26a800 JavaThread "jar transforms Thread 95" [_thread_blocked, id=14972, stack(0x000000002a820000,0x000000002a920000)]
  0x000000001f269800 JavaThread "jar transforms Thread 94" [_thread_blocked, id=11272, stack(0x000000002a720000,0x000000002a820000)]
  0x000000001f26b000 JavaThread "jar transforms Thread 93" [_thread_blocked, id=14824, stack(0x000000002a620000,0x000000002a720000)]
  0x000000001e7e9800 JavaThread "jar transforms Thread 92" [_thread_blocked, id=15196, stack(0x000000002a520000,0x000000002a620000)]
  0x000000001e7e2000 JavaThread "jar transforms Thread 91" [_thread_blocked, id=8904, stack(0x000000002a420000,0x000000002a520000)]
  0x000000001e7e9000 JavaThread "jar transforms Thread 90" [_thread_blocked, id=5440, stack(0x000000002a320000,0x000000002a420000)]
  0x000000001e7e8000 JavaThread "jar transforms Thread 89" [_thread_blocked, id=8980, stack(0x000000002a220000,0x000000002a320000)]
  0x000000001e7e3000 JavaThread "jar transforms Thread 88" [_thread_blocked, id=5844, stack(0x000000002a120000,0x000000002a220000)]
  0x000000001e7e7800 JavaThread "jar transforms Thread 87" [_thread_blocked, id=16068, stack(0x000000002a020000,0x000000002a120000)]
  0x000000001e7e6000 JavaThread "jar transforms Thread 86" [_thread_blocked, id=9296, stack(0x0000000029f20000,0x000000002a020000)]
  0x000000001e7e6800 JavaThread "jar transforms Thread 85" [_thread_blocked, id=10884, stack(0x0000000029e20000,0x0000000029f20000)]
  0x000000001e7e5000 JavaThread "jar transforms Thread 84" [_thread_blocked, id=10880, stack(0x0000000029d20000,0x0000000029e20000)]
  0x000000001e7e4800 JavaThread "jar transforms Thread 83" [_thread_blocked, id=8212, stack(0x0000000029c20000,0x0000000029d20000)]
  0x000000001e7e3800 JavaThread "jar transforms Thread 82" [_thread_blocked, id=13736, stack(0x0000000029b20000,0x0000000029c20000)]
  0x000000001e7dc000 JavaThread "jar transforms Thread 81" [_thread_blocked, id=9824, stack(0x0000000029a20000,0x0000000029b20000)]
  0x000000001e7db000 JavaThread "jar transforms Thread 80" [_thread_blocked, id=16576, stack(0x0000000029920000,0x0000000029a20000)]
  0x000000001e7e1800 JavaThread "jar transforms Thread 79" [_thread_blocked, id=6172, stack(0x0000000029820000,0x0000000029920000)]
  0x000000001e7e0800 JavaThread "jar transforms Thread 78" [_thread_blocked, id=16660, stack(0x0000000029720000,0x0000000029820000)]
  0x000000001e7e0000 JavaThread "jar transforms Thread 77" [_thread_blocked, id=4628, stack(0x0000000029620000,0x0000000029720000)]
  0x000000001e7de800 JavaThread "jar transforms Thread 76" [_thread_blocked, id=2980, stack(0x0000000029520000,0x0000000029620000)]
  0x000000001e7da800 JavaThread "jar transforms Thread 75" [_thread_blocked, id=10780, stack(0x0000000029420000,0x0000000029520000)]
  0x000000001e7df000 JavaThread "jar transforms Thread 74" [_thread_blocked, id=16608, stack(0x0000000029320000,0x0000000029420000)]
  0x000000001e7dd800 JavaThread "jar transforms Thread 73" [_thread_blocked, id=15436, stack(0x0000000029220000,0x0000000029320000)]
  0x000000001e7dd000 JavaThread "jar transforms Thread 72" [_thread_blocked, id=14464, stack(0x0000000029120000,0x0000000029220000)]
  0x0000000020376800 JavaThread "jar transforms Thread 71" [_thread_blocked, id=16520, stack(0x0000000029020000,0x0000000029120000)]
  0x0000000020375800 JavaThread "jar transforms Thread 70" [_thread_blocked, id=8008, stack(0x0000000028f20000,0x0000000029020000)]
  0x0000000020372800 JavaThread "jar transforms Thread 69" [_thread_blocked, id=880, stack(0x0000000028e20000,0x0000000028f20000)]
  0x0000000020372000 JavaThread "jar transforms Thread 68" [_thread_blocked, id=16720, stack(0x0000000028d20000,0x0000000028e20000)]
  0x0000000020378800 JavaThread "jar transforms Thread 67" [_thread_blocked, id=17360, stack(0x0000000028c20000,0x0000000028d20000)]
  0x0000000020371000 JavaThread "jar transforms Thread 66" [_thread_blocked, id=12036, stack(0x0000000028b20000,0x0000000028c20000)]
  0x0000000020375000 JavaThread "jar transforms Thread 65" [_thread_blocked, id=16900, stack(0x0000000028a20000,0x0000000028b20000)]
  0x0000000020374000 JavaThread "jar transforms Thread 64" [_thread_blocked, id=15556, stack(0x0000000028920000,0x0000000028a20000)]
  0x0000000020378000 JavaThread "jar transforms Thread 63" [_thread_blocked, id=13684, stack(0x0000000028820000,0x0000000028920000)]
  0x0000000020377000 JavaThread "jar transforms Thread 62" [_thread_blocked, id=11896, stack(0x0000000028720000,0x0000000028820000)]
  0x0000000020373800 JavaThread "jar transforms Thread 61" [_thread_blocked, id=15020, stack(0x0000000028620000,0x0000000028720000)]
  0x0000000020369800 JavaThread "jar transforms Thread 60" [_thread_blocked, id=3932, stack(0x0000000028520000,0x0000000028620000)]
  0x0000000020370800 JavaThread "jar transforms Thread 59" [_thread_blocked, id=11104, stack(0x0000000028420000,0x0000000028520000)]
  0x000000002036f000 JavaThread "jar transforms Thread 58" [_thread_blocked, id=15480, stack(0x0000000028320000,0x0000000028420000)]
  0x000000002036a800 JavaThread "jar transforms Thread 57" [_thread_blocked, id=4200, stack(0x0000000028220000,0x0000000028320000)]
  0x000000002036d800 JavaThread "jar transforms Thread 56" [_thread_blocked, id=16264, stack(0x0000000028120000,0x0000000028220000)]
  0x000000002036b000 JavaThread "jar transforms Thread 55" [_thread_blocked, id=15424, stack(0x0000000028020000,0x0000000028120000)]
  0x000000002036e000 JavaThread "jar transforms Thread 54" [_thread_blocked, id=1388, stack(0x0000000027f20000,0x0000000028020000)]
  0x000000002036c000 JavaThread "jar transforms Thread 53" [_thread_blocked, id=15068, stack(0x0000000027e20000,0x0000000027f20000)]
  0x000000002036f800 JavaThread "jar transforms Thread 52" [_thread_blocked, id=12708, stack(0x0000000027d20000,0x0000000027e20000)]
  0x000000002036c800 JavaThread "jar transforms Thread 51" [_thread_blocked, id=16772, stack(0x0000000027c20000,0x0000000027d20000)]
  0x000000001f097800 JavaThread "jar transforms Thread 50" [_thread_blocked, id=6048, stack(0x0000000027b20000,0x0000000027c20000)]
  0x000000001f097000 JavaThread "jar transforms Thread 49" [_thread_blocked, id=6528, stack(0x0000000027a20000,0x0000000027b20000)]
  0x000000001f099000 JavaThread "jar transforms Thread 48" [_thread_blocked, id=16976, stack(0x0000000027920000,0x0000000027a20000)]
  0x000000001f098800 JavaThread "jar transforms Thread 47" [_thread_blocked, id=16460, stack(0x0000000027820000,0x0000000027920000)]
  0x000000001f096000 JavaThread "jar transforms Thread 46" [_thread_blocked, id=10688, stack(0x0000000027720000,0x0000000027820000)]
  0x000000001f095800 JavaThread "jar transforms Thread 45" [_thread_blocked, id=16056, stack(0x0000000027620000,0x0000000027720000)]
  0x000000001f094800 JavaThread "jar transforms Thread 44" [_thread_blocked, id=6788, stack(0x0000000027520000,0x0000000027620000)]
  0x000000001f08d000 JavaThread "jar transforms Thread 43" [_thread_blocked, id=5560, stack(0x0000000027420000,0x0000000027520000)]
  0x000000001f094000 JavaThread "jar transforms Thread 42" [_thread_blocked, id=788, stack(0x0000000027320000,0x0000000027420000)]
  0x000000001f093000 JavaThread "jar transforms Thread 41" [_thread_blocked, id=11116, stack(0x0000000027220000,0x0000000027320000)]
  0x000000001f092800 JavaThread "jar transforms Thread 40" [_thread_blocked, id=8700, stack(0x0000000027120000,0x0000000027220000)]
  0x000000001f091800 JavaThread "jar transforms Thread 39" [_thread_blocked, id=12540, stack(0x0000000027020000,0x0000000027120000)]
  0x000000001f08b000 JavaThread "jar transforms Thread 38" [_thread_blocked, id=15904, stack(0x0000000026f20000,0x0000000027020000)]
  0x000000001f08e800 JavaThread "jar transforms Thread 37" [_thread_blocked, id=15540, stack(0x0000000026e20000,0x0000000026f20000)]
  0x000000001f08e000 JavaThread "jar transforms Thread 36" [_thread_blocked, id=11484, stack(0x0000000026d20000,0x0000000026e20000)]
  0x000000001f08c800 JavaThread "jar transforms Thread 35" [_thread_blocked, id=9752, stack(0x0000000026c20000,0x0000000026d20000)]
  0x000000001f091000 JavaThread "jar transforms Thread 34" [_thread_blocked, id=1916, stack(0x0000000026b20000,0x0000000026c20000)]
  0x000000001f08b800 JavaThread "jar transforms Thread 33" [_thread_blocked, id=7496, stack(0x0000000026a20000,0x0000000026b20000)]
  0x000000001f08a000 JavaThread "jar transforms Thread 32" [_thread_blocked, id=15668, stack(0x0000000026920000,0x0000000026a20000)]
  0x000000001f090000 JavaThread "jar transforms Thread 31" [_thread_blocked, id=13452, stack(0x0000000026820000,0x0000000026920000)]
  0x000000001f08f800 JavaThread "jar transforms Thread 30" [_thread_blocked, id=11516, stack(0x0000000026720000,0x0000000026820000)]
  0x0000000020364000 JavaThread "jar transforms Thread 29" [_thread_blocked, id=10708, stack(0x0000000026620000,0x0000000026720000)]
  0x0000000020367000 JavaThread "jar transforms Thread 28" [_thread_blocked, id=17248, stack(0x0000000026520000,0x0000000026620000)]
  0x0000000020368000 JavaThread "jar transforms Thread 27" [_thread_blocked, id=12024, stack(0x0000000026420000,0x0000000026520000)]
  0x0000000020363800 JavaThread "jar transforms Thread 26" [_thread_blocked, id=10076, stack(0x0000000026320000,0x0000000026420000)]
  0x0000000020365800 JavaThread "jar transforms Thread 25" [_thread_blocked, id=7208, stack(0x0000000026220000,0x0000000026320000)]
  0x0000000020365000 JavaThread "jar transforms Thread 24" [_thread_blocked, id=3280, stack(0x0000000026120000,0x0000000026220000)]
  0x0000000020366800 JavaThread "jar transforms Thread 23" [_thread_blocked, id=9732, stack(0x0000000026020000,0x0000000026120000)]
  0x000000002035c000 JavaThread "jar transforms Thread 22" [_thread_blocked, id=6968, stack(0x0000000025f20000,0x0000000026020000)]
  0x0000000020362800 JavaThread "jar transforms Thread 21" [_thread_blocked, id=1108, stack(0x0000000025e20000,0x0000000025f20000)]
  0x000000002035b000 JavaThread "jar transforms Thread 20" [_thread_blocked, id=8852, stack(0x0000000025d20000,0x0000000025e20000)]
  0x0000000020362000 JavaThread "jar transforms Thread 19" [_thread_blocked, id=14272, stack(0x0000000025c20000,0x0000000025d20000)]
  0x000000002035c800 JavaThread "jar transforms Thread 18" [_thread_blocked, id=2648, stack(0x0000000025b20000,0x0000000025c20000)]
  0x0000000020361000 JavaThread "jar transforms Thread 17" [_thread_blocked, id=9148, stack(0x0000000025a20000,0x0000000025b20000)]
  0x0000000020360800 JavaThread "jar transforms Thread 16" [_thread_blocked, id=12044, stack(0x0000000025920000,0x0000000025a20000)]
  0x000000002035f800 JavaThread "jar transforms Thread 15" [_thread_blocked, id=15312, stack(0x0000000025820000,0x0000000025920000)]
  0x000000002035f000 JavaThread "jar transforms Thread 14" [_thread_blocked, id=15448, stack(0x0000000025720000,0x0000000025820000)]
  0x000000002035a800 JavaThread "jar transforms Thread 13" [_thread_blocked, id=10896, stack(0x0000000025620000,0x0000000025720000)]
  0x000000002035d800 JavaThread "jar transforms Thread 12" [_thread_blocked, id=15972, stack(0x0000000025520000,0x0000000025620000)]
  0x0000000020359000 JavaThread "jar transforms Thread 11" [_thread_blocked, id=9816, stack(0x0000000025420000,0x0000000025520000)]
  0x0000000020359800 JavaThread "jar transforms Thread 10" [_thread_blocked, id=13908, stack(0x0000000025320000,0x0000000025420000)]
  0x000000002035e000 JavaThread "jar transforms Thread 9" [_thread_blocked, id=12012, stack(0x0000000025220000,0x0000000025320000)]
  0x0000000021b01800 JavaThread "jar transforms Thread 8" [_thread_blocked, id=16140, stack(0x0000000025120000,0x0000000025220000)]
  0x0000000021b00800 JavaThread "jar transforms Thread 7" [_thread_blocked, id=14204, stack(0x0000000025020000,0x0000000025120000)]
  0x0000000021b00000 JavaThread "jar transforms Thread 6" [_thread_blocked, id=9104, stack(0x0000000024f20000,0x0000000025020000)]
  0x0000000021aff000 JavaThread "jar transforms Thread 5" [_thread_blocked, id=15320, stack(0x0000000024e20000,0x0000000024f20000)]
  0x0000000021afe800 JavaThread "jar transforms Thread 4" [_thread_blocked, id=16092, stack(0x0000000024d20000,0x0000000024e20000)]
  0x0000000021afd800 JavaThread "jar transforms Thread 3" [_thread_blocked, id=1044, stack(0x0000000024c20000,0x0000000024d20000)]
  0x0000000021afc000 JavaThread "jar transforms Thread 2" [_thread_blocked, id=5548, stack(0x0000000024b20000,0x0000000024c20000)]
  0x000000001c533000 JavaThread "Cache worker for file content cache (C:\Users\Apolo\.gradle\caches\6.5\fileContent)" [_thread_blocked, id=15192, stack(0x0000000023b20000,0x0000000023c20000)]
  0x000000001c533800 JavaThread "jar transforms" [_thread_blocked, id=16684, stack(0x0000000022170000,0x0000000022270000)]
  0x000000001c532000 JavaThread "Cache worker for execution history cache (C:\Users\Apolo\.gradle\caches\6.5\executionHistory)" [_thread_blocked, id=11604, stack(0x0000000021040000,0x0000000021140000)]
  0x000000001c531800 JavaThread "Cache worker for file hash cache (C:\Users\Apolo\.gradle\caches\6.5\fileHashes)" [_thread_blocked, id=13364, stack(0x000000001f770000,0x000000001f870000)]
  0x000000001c530800 JavaThread "File lock request listener" [_thread_in_native, id=7688, stack(0x000000001e6a0000,0x000000001e7a0000)]
  0x000000001c77b800 JavaThread "Cache worker for journal cache (C:\Users\Apolo\.gradle\caches\journal-1)" [_thread_blocked, id=7440, stack(0x000000001e5a0000,0x000000001e6a0000)]
  0x000000001c45a800 JavaThread "Daemon worker" [_thread_blocked, id=16824, stack(0x000000001dfa0000,0x000000001e0a0000)]
  0x000000001c3f8000 JavaThread "Daemon" [_thread_blocked, id=16268, stack(0x000000001dca0000,0x000000001dda0000)]
  0x000000001c3dd800 JavaThread "Daemon periodic checks" [_thread_blocked, id=3660, stack(0x000000001d9a0000,0x000000001daa0000)]
  0x000000001c35d000 JavaThread "Incoming local TCP Connector on port 55017" [_thread_in_native, id=16536, stack(0x000000001d730000,0x000000001d830000)]
  0x000000001c321800 JavaThread "Daemon health stats" [_thread_blocked, id=16932, stack(0x000000001d0f0000,0x000000001d1f0000)]
  0x00000000198ef000 JavaThread "Service Thread" daemon [_thread_blocked, id=16516, stack(0x000000001a550000,0x000000001a650000)]
  0x000000001986e000 JavaThread "C1 CompilerThread3" daemon [_thread_blocked, id=3440, stack(0x000000001a450000,0x000000001a550000)]
=>0x000000001986a000 JavaThread "C2 CompilerThread2" daemon [_thread_in_native, id=11084, stack(0x000000001a350000,0x000000001a450000)]
  0x0000000019867800 JavaThread "C2 CompilerThread1" daemon [_thread_blocked, id=16340, stack(0x000000001a250000,0x000000001a350000)]
  0x0000000019860800 JavaThread "C2 CompilerThread0" daemon [_thread_blocked, id=14488, stack(0x000000001a150000,0x000000001a250000)]
  0x000000001985f000 JavaThread "Attach Listener" daemon [_thread_blocked, id=12900, stack(0x000000001a050000,0x000000001a150000)]
  0x000000001985e000 JavaThread "Signal Dispatcher" daemon [_thread_blocked, id=14904, stack(0x0000000019f50000,0x000000001a050000)]
  0x0000000017a52800 JavaThread "Finalizer" daemon [_thread_blocked, id=8804, stack(0x0000000019d30000,0x0000000019e30000)]
  0x0000000017a4b800 JavaThread "Reference Handler" daemon [_thread_blocked, id=13936, stack(0x0000000019c30000,0x0000000019d30000)]
  0x000000000280d800 JavaThread "main" [_thread_blocked, id=16748, stack(0x00000000026e0000,0x00000000027e0000)]

Other Threads:
  0x0000000017a46000 VMThread [stack: 0x0000000019730000,0x0000000019830000] [id=7696]
  0x00000000198ef800 WatcherThread [stack: 0x000000001a650000,0x000000001a750000] [id=6024]

VM state:not at safepoint (normal execution)

VM Mutex/Monitor currently owned by a thread: None

heap address: 0x0000000080000000, size: 2048 MB, Compressed Oops mode: 32-bit
Narrow klass base: 0x0000000000000000, Narrow klass shift: 3
Compressed class space size: 1073741824 Address: 0x0000000100000000

Heap:
 PSYoungGen      total 417280K, used 29744K [0x00000000d5580000, 0x00000000f6300000, 0x0000000100000000)
  eden space 355328K, 2% used [0x00000000d5580000,0x00000000d5fc8328,0x00000000eb080000)
  from space 61952K, 31% used [0x00000000eb080000,0x00000000ec343e90,0x00000000eed00000)
  to   space 58880K, 0% used [0x00000000f2980000,0x00000000f2980000,0x00000000f6300000)
 ParOldGen       total 242176K, used 75542K [0x0000000080000000, 0x000000008ec80000, 0x00000000d5580000)
  object space 242176K, 31% used [0x0000000080000000,0x00000000849c5ab0,0x000000008ec80000)
 Metaspace       used 94298K, capacity 99290K, committed 102040K, reserved 1136640K
  class space    used 12364K, capacity 13327K, committed 14248K, reserved 1048576K

Card table byte_map: [0x0000000011da0000,0x00000000121b0000] byte_map_base: 0x00000000119a0000

Marking Bits: (ParMarkBitMap*) 0x000000006b19f030
 Begin Bits: [0x0000000012c60000, 0x0000000014c60000)
 End Bits:   [0x0000000014c60000, 0x0000000016c60000)

Polling page: 0x0000000000930000

CodeCache: size=245760Kb used=49981Kb max_used=50030Kb free=195778Kb
 bounds [0x00000000029e0000, 0x0000000005b00000, 0x00000000119e0000]
 total_blobs=16434 nmethods=15547 adapters=796
 compilation: enabled

Compilation events (10 events):
Event: 63.012 Thread 0x0000000019860800 nmethod 18863 0x00000000058ee8d0 code [0x00000000058eea00, 0x00000000058eea98]
Event: 63.012 Thread 0x0000000019860800 18946       4       org.gradle.api.internal.artifacts.transform.AbstractTransformer::getDisplayName (8 bytes)
Event: 63.033 Thread 0x0000000019860800 nmethod 18946 0x0000000005ab4ed0 code [0x0000000005ab5120, 0x0000000005ab63f0]
Event: 63.033 Thread 0x0000000019860800 18877       4       com.sun.org.apache.xerces.internal.dom.ElementImpl::getNodeName (16 bytes)
Event: 63.034 Thread 0x0000000019860800 nmethod 18877 0x0000000005940210 code [0x0000000005940340, 0x00000000059403d8]
Event: 63.034 Thread 0x0000000019860800 18856       4       com.sun.org.apache.xerces.internal.util.XMLStringBuffer::<init> (12 bytes)
Event: 63.034 Thread 0x0000000019860800 nmethod 18856 0x0000000005ab4b90 code [0x0000000005ab4ce0, 0x0000000005ab4e18]
Event: 63.051 Thread 0x0000000019867800 nmethod 18879 0x0000000005adf710 code [0x0000000005ae0160, 0x0000000005ae9a80]
Event: 63.114 Thread 0x0000000019860800 19032   !   4       java.io.BufferedWriter::write (55 bytes)
Event: 63.115 Thread 0x0000000019860800 nmethod 19032 0x0000000005aacdd0 code [0x0000000005aacf20, 0x0000000005aad238]

GC Heap History (10 events):
Event: 14.983 GC heap before
{Heap before GC invocations=22 (full 3):
 PSYoungGen      total 367616K, used 345275K [0x00000000d5580000, 0x00000000ee000000, 0x0000000100000000)
  eden space 334336K, 99% used [0x00000000d5580000,0x00000000e9bf5ea0,0x00000000e9c00000)
  from space 33280K, 32% used [0x00000000ebf80000,0x00000000eca38df8,0x00000000ee000000)
  to   space 34816K, 0% used [0x00000000e9c00000,0x00000000e9c00000,0x00000000ebe00000)
 ParOldGen       total 121856K, used 81213K [0x0000000080000000, 0x0000000087700000, 0x00000000d5580000)
  object space 121856K, 66% used [0x0000000080000000,0x0000000084f4f5a8,0x0000000087700000)
 Metaspace       used 86627K, capacity 93044K, committed 93336K, reserved 1128448K
  class space    used 12109K, capacity 13420K, committed 13480K, reserved 1048576K
Event: 14.996 GC heap after
Heap after GC invocations=22 (full 3):
 PSYoungGen      total 369152K, used 13423K [0x00000000d5580000, 0x00000000f0d80000, 0x0000000100000000)
  eden space 334336K, 0% used [0x00000000d5580000,0x00000000d5580000,0x00000000e9c00000)
  from space 34816K, 38% used [0x00000000e9c00000,0x00000000ea91bf90,0x00000000ebe00000)
  to   space 33280K, 0% used [0x00000000eed00000,0x00000000eed00000,0x00000000f0d80000)
 ParOldGen       total 121856K, used 81221K [0x0000000080000000, 0x0000000087700000, 0x00000000d5580000)
  object space 121856K, 66% used [0x0000000080000000,0x0000000084f515a8,0x0000000087700000)
 Metaspace       used 86627K, capacity 93044K, committed 93336K, reserved 1128448K
  class space    used 12109K, capacity 13420K, committed 13480K, reserved 1048576K
}
Event: 17.154 GC heap before
{Heap before GC invocations=23 (full 3):
 PSYoungGen      total 369152K, used 347759K [0x00000000d5580000, 0x00000000f0d80000, 0x0000000100000000)
  eden space 334336K, 100% used [0x00000000d5580000,0x00000000e9c00000,0x00000000e9c00000)
  from space 34816K, 38% used [0x00000000e9c00000,0x00000000ea91bf90,0x00000000ebe00000)
  to   space 33280K, 0% used [0x00000000eed00000,0x00000000eed00000,0x00000000f0d80000)
 ParOldGen       total 121856K, used 81221K [0x0000000080000000, 0x0000000087700000, 0x00000000d5580000)
  object space 121856K, 66% used [0x0000000080000000,0x0000000084f515a8,0x0000000087700000)
 Metaspace       used 87569K, capacity 94250K, committed 94488K, reserved 1130496K
  class space    used 12226K, capacity 13561K, committed 13608K, reserved 1048576K
Event: 17.388 GC heap after
Heap after GC invocations=23 (full 3):
 PSYoungGen      total 388608K, used 33276K [0x00000000d5580000, 0x00000000f5900000, 0x0000000100000000)
  eden space 355328K, 0% used [0x00000000d5580000,0x00000000d5580000,0x00000000eb080000)
  from space 33280K, 99% used [0x00000000eed00000,0x00000000f0d7f2e0,0x00000000f0d80000)
  to   space 61952K, 0% used [0x00000000eb080000,0x00000000eb080000,0x00000000eed00000)
 ParOldGen       total 146432K, used 146029K [0x0000000080000000, 0x0000000088f00000, 0x00000000d5580000)
  object space 146432K, 99% used [0x0000000080000000,0x0000000088e9b620,0x0000000088f00000)
 Metaspace       used 87569K, capacity 94250K, committed 94488K, reserved 1130496K
  class space    used 12226K, capacity 13561K, committed 13608K, reserved 1048576K
}
Event: 17.391 GC heap before
{Heap before GC invocations=24 (full 4):
 PSYoungGen      total 388608K, used 33276K [0x00000000d5580000, 0x00000000f5900000, 0x0000000100000000)
  eden space 355328K, 0% used [0x00000000d5580000,0x00000000d5580000,0x00000000eb080000)
  from space 33280K, 99% used [0x00000000eed00000,0x00000000f0d7f2e0,0x00000000f0d80000)
  to   space 61952K, 0% used [0x00000000eb080000,0x00000000eb080000,0x00000000eed00000)
 ParOldGen       total 146432K, used 146029K [0x0000000080000000, 0x0000000088f00000, 0x00000000d5580000)
  object space 146432K, 99% used [0x0000000080000000,0x0000000088e9b620,0x0000000088f00000)
 Metaspace       used 87569K, capacity 94250K, committed 94488K, reserved 1130496K
  class space    used 12226K, capacity 13561K, committed 13608K, reserved 1048576K
Event: 18.301 GC heap after
Heap after GC invocations=24 (full 4):
 PSYoungGen      total 388608K, used 0K [0x00000000d5580000, 0x00000000f5900000, 0x0000000100000000)
  eden space 355328K, 0% used [0x00000000d5580000,0x00000000d5580000,0x00000000eb080000)
  from space 33280K, 0% used [0x00000000eed00000,0x00000000eed00000,0x00000000f0d80000)
  to   space 61952K, 0% used [0x00000000eb080000,0x00000000eb080000,0x00000000eed00000)
 ParOldGen       total 146432K, used 141650K [0x0000000080000000, 0x0000000088f00000, 0x00000000d5580000)
  object space 146432K, 96% used [0x0000000080000000,0x0000000088a54af8,0x0000000088f00000)
 Metaspace       used 85978K, capacity 90572K, committed 94488K, reserved 1130496K
  class space    used 11653K, capacity 12528K, committed 13608K, reserved 1048576K
}
Event: 39.608 GC heap before
{Heap before GC invocations=25 (full 5):
 PSYoungGen      total 388608K, used 355328K [0x00000000d5580000, 0x00000000f5900000, 0x0000000100000000)
  eden space 355328K, 100% used [0x00000000d5580000,0x00000000eb080000,0x00000000eb080000)
  from space 33280K, 0% used [0x00000000eed00000,0x00000000eed00000,0x00000000f0d80000)
  to   space 61952K, 0% used [0x00000000eb080000,0x00000000eb080000,0x00000000eed00000)
 ParOldGen       total 146432K, used 141650K [0x0000000080000000, 0x0000000088f00000, 0x00000000d5580000)
  object space 146432K, 96% used [0x0000000080000000,0x0000000088a54af8,0x0000000088f00000)
 Metaspace       used 91616K, capacity 96426K, committed 99480K, reserved 1134592K
  class space    used 12147K, capacity 13079K, committed 13992K, reserved 1048576K
Event: 39.730 GC heap after
Heap after GC invocations=25 (full 5):
 PSYoungGen      total 388608K, used 0K [0x00000000d5580000, 0x00000000f5900000, 0x0000000100000000)
  eden space 355328K, 0% used [0x00000000d5580000,0x00000000d5580000,0x00000000eb080000)
  from space 33280K, 0% used [0x00000000eed00000,0x00000000eed00000,0x00000000f0d80000)
  to   space 61952K, 0% used [0x00000000eb080000,0x00000000eb080000,0x00000000eed00000)
 ParOldGen       total 242176K, used 75534K [0x0000000080000000, 0x000000008ec80000, 0x00000000d5580000)
  object space 242176K, 31% used [0x0000000080000000,0x00000000849c3ab0,0x000000008ec80000)
 Metaspace       used 91616K, capacity 96426K, committed 99480K, reserved 1134592K
  class space    used 12147K, capacity 13079K, committed 13992K, reserved 1048576K
}
Event: 62.875 GC heap before
{Heap before GC invocations=26 (full 5):
 PSYoungGen      total 388608K, used 355328K [0x00000000d5580000, 0x00000000f5900000, 0x0000000100000000)
  eden space 355328K, 100% used [0x00000000d5580000,0x00000000eb080000,0x00000000eb080000)
  from space 33280K, 0% used [0x00000000eed00000,0x00000000eed00000,0x00000000f0d80000)
  to   space 61952K, 0% used [0x00000000eb080000,0x00000000eb080000,0x00000000eed00000)
 ParOldGen       total 242176K, used 75534K [0x0000000080000000, 0x000000008ec80000, 0x00000000d5580000)
  object space 242176K, 31% used [0x0000000080000000,0x00000000849c3ab0,0x000000008ec80000)
 Metaspace       used 94259K, capacity 99274K, committed 102040K, reserved 1136640K
  class space    used 12363K, capacity 13325K, committed 14248K, reserved 1048576K
Event: 62.896 GC heap after
Heap after GC invocations=26 (full 5):
 PSYoungGen      total 417280K, used 19215K [0x00000000d5580000, 0x00000000f6300000, 0x0000000100000000)
  eden space 355328K, 0% used [0x00000000d5580000,0x00000000d5580000,0x00000000eb080000)
  from space 61952K, 31% used [0x00000000eb080000,0x00000000ec343e90,0x00000000eed00000)
  to   space 58880K, 0% used [0x00000000f2980000,0x00000000f2980000,0x00000000f6300000)
 ParOldGen       total 242176K, used 75542K [0x0000000080000000, 0x000000008ec80000, 0x00000000d5580000)
  object space 242176K, 31% used [0x0000000080000000,0x00000000849c5ab0,0x000000008ec80000)
 Metaspace       used 94259K, capacity 99274K, committed 102040K, reserved 1136640K
  class space    used 12363K, capacity 13325K, committed 14248K, reserved 1048576K
}

Deoptimization events (10 events):
Event: 42.557 Thread 0x000000001c45a800 Uncommon trap: reason=class_check action=maybe_recompile pc=0x0000000004ca57f8 method=java.util.HashMap.removeNode(ILjava/lang/Object;Ljava/lang/Object;ZZ)Ljava/util/HashMap$Node; @ 143
Event: 42.605 Thread 0x000000001bae9000 Uncommon trap: reason=unstable_if action=reinterpret pc=0x0000000003a2d604 method=com.esotericsoftware.kryo.io.Input.require(I)I @ 180
Event: 61.654 Thread 0x000000001c45a800 Uncommon trap: reason=bimorphic action=maybe_recompile pc=0x0000000005832b9c method=com.google.common.cache.LocalCache$Segment.getLiveValue(Lcom/google/common/cache/ReferenceEntry;J)Ljava/lang/Object; @ 21
Event: 61.660 Thread 0x000000001c45a800 Uncommon trap: reason=unstable_if action=reinterpret pc=0x00000000038810fc method=com.google.common.collect.MapMakerInternalMap$Segment.getEntry(Ljava/lang/Object;I)Lcom/google/common/collect/MapMakerInternalMap$InternalEntry; @ 4
Event: 61.901 Thread 0x0000000020359000 Uncommon trap: reason=unstable_if action=reinterpret pc=0x00000000035c19dc method=java.util.concurrent.SynchronousQueue$TransferStack.shouldSpin(Ljava/util/concurrent/SynchronousQueue$TransferStack$SNode;)Z @ 7
Event: 61.954 Thread 0x000000001c45a800 Uncommon trap: reason=class_check action=maybe_recompile pc=0x0000000003a97224 method=com.google.common.collect.ImmutableMap.copyOf(Ljava/util/Map;)Lcom/google/common/collect/ImmutableMap; @ 49
Event: 61.954 Thread 0x000000001c45a800 Uncommon trap: reason=class_check action=maybe_recompile pc=0x00000000057d6b4c method=com.google.common.collect.Iterables.castOrCopyToCollection(Ljava/lang/Iterable;)Ljava/util/Collection; @ 1
Event: 62.370 Thread 0x000000001cad5000 Uncommon trap: reason=unstable_if action=reinterpret pc=0x000000000419e848 method=java.util.concurrent.locks.AbstractQueuedSynchronizer.unparkSuccessor(Ljava/util/concurrent/locks/AbstractQueuedSynchronizer$Node;)V @ 22
Event: 62.416 Thread 0x000000001cad1000 Uncommon trap: reason=class_check action=maybe_recompile pc=0x00000000056504e8 method=com.sun.org.apache.xerces.internal.dom.NamedNodeMapImpl.findNamePoint(Ljava/lang/String;I)I @ 54
Event: 62.569 Thread 0x000000001cad1000 Uncommon trap: reason=unstable_if action=reinterpret pc=0x00000000055e5af4 method=com.sun.org.apache.xerces.internal.impl.XMLEntityScanner.scanQName(Lcom/sun/org/apache/xerces/internal/xni/QName;Lcom/sun/org/apache/xerces/internal/impl/XMLScanner$NameType

Classes redefined (0 events):
No events

Internal exceptions (10 events):
Event: 42.035 Thread 0x0000000021af7000 Exception <a 'sun/nio/fs/WindowsException'> (0x00000000dd465518) thrown at [C:\src\AOSP-openjdk-git\hotspot\src\share\vm\prims\jni.cpp, line 710]
Event: 42.035 Thread 0x0000000021af7000 Exception <a 'sun/nio/fs/WindowsException'> (0x00000000dd4672d8) thrown at [C:\src\AOSP-openjdk-git\hotspot\src\share\vm\prims\jni.cpp, line 710]
Event: 42.035 Thread 0x0000000021af7000 Exception <a 'sun/nio/fs/WindowsException'> (0x00000000dd467fd8) thrown at [C:\src\AOSP-openjdk-git\hotspot\src\share\vm\prims\jni.cpp, line 710]
Event: 42.068 Thread 0x0000000021af7000 Exception <a 'java/lang/NoSuchMethodError': java.lang.Object.lambda$static$0(Lorg/gradle/internal/snapshot/FileSystemSnapshotVisitor;)V> (0x00000000dd5c8520) thrown at [C:\src\AOSP-openjdk-git\hotspot\src\share\vm\interpreter\linkResolver.cpp, line 620]
Event: 42.106 Thread 0x0000000021af7000 Exception <a 'sun/nio/fs/WindowsException'> (0x00000000dd690cb0) thrown at [C:\src\AOSP-openjdk-git\hotspot\src\share\vm\prims\jni.cpp, line 710]
Event: 42.106 Thread 0x0000000021af7000 Exception <a 'sun/nio/fs/WindowsException'> (0x00000000dd6919d8) thrown at [C:\src\AOSP-openjdk-git\hotspot\src\share\vm\prims\jni.cpp, line 710]
Event: 42.185 Thread 0x0000000021af4000 Exception <a 'sun/nio/fs/WindowsException'> (0x00000000dda536b0) thrown at [C:\src\AOSP-openjdk-git\hotspot\src\share\vm\prims\jni.cpp, line 710]
Event: 42.186 Thread 0x0000000021af4000 Exception <a 'sun/nio/fs/WindowsException'> (0x00000000dda53b78) thrown at [C:\src\AOSP-openjdk-git\hotspot\src\share\vm\prims\jni.cpp, line 710]
Event: 62.022 Thread 0x000000001c45a800 Exception <a 'sun/nio/fs/WindowsException'> (0x00000000e3e0c828) thrown at [C:\src\AOSP-openjdk-git\hotspot\src\share\vm\prims\jni.cpp, line 710]
Event: 62.370 Thread 0x000000001cad5000 Implicit null exception at 0x000000000419e129 to 0x000000000419e831

Events (10 events):
Event: 62.901 Executing VM operation: RevokeBias done
Event: 62.936 Thread 0x000000001cad9800 Thread added: 0x000000001cad9800
Event: 62.936 Thread 0x000000001cae1000 Thread added: 0x000000001cae1000
Event: 62.938 Executing VM operation: RevokeBias
Event: 62.938 Executing VM operation: RevokeBias done
Event: 62.942 Thread 0x000000001cada000 Thread added: 0x000000001cada000
Event: 62.942 Executing VM operation: RevokeBias
Event: 62.943 Executing VM operation: RevokeBias done
Event: 62.978 Thread 0x000000001cae1800 Thread added: 0x000000001cae1800
Event: 62.978 Thread 0x000000001cae2800 Thread added: 0x000000001cae2800


Dynamic libraries:
0x00007ff65d2d0000 - 0x00007ff65d301000 	C:\Program Files\Android\Android Studio\jre\bin\java.exe
0x00007fff7da90000 - 0x00007fff7dc85000 	C:\WINDOWS\SYSTEM32\ntdll.dll
0x00007fff7ce00000 - 0x00007fff7cebd000 	C:\WINDOWS\System32\KERNEL32.DLL
0x00007fff7b620000 - 0x00007fff7b8e9000 	C:\WINDOWS\System32\KERNELBASE.dll
0x00007fff7d450000 - 0x00007fff7d4fc000 	C:\WINDOWS\System32\ADVAPI32.dll
0x00007fff7cca0000 - 0x00007fff7cd3e000 	C:\WINDOWS\System32\msvcrt.dll
0x00007fff7bb10000 - 0x00007fff7bbac000 	C:\WINDOWS\System32\sechost.dll
0x00007fff7cf40000 - 0x00007fff7d06b000 	C:\WINDOWS\System32\RPCRT4.dll
0x00007fff7d8b0000 - 0x00007fff7da50000 	C:\WINDOWS\System32\USER32.dll
0x00007fff7b4f0000 - 0x00007fff7b512000 	C:\WINDOWS\System32\win32u.dll
0x00007fff7d500000 - 0x00007fff7d52a000 	C:\WINDOWS\System32\GDI32.dll
0x00007fff7b380000 - 0x00007fff7b48b000 	C:\WINDOWS\System32\gdi32full.dll
0x00007fff7b8f0000 - 0x00007fff7b98d000 	C:\WINDOWS\System32\msvcp_win.dll
0x00007fff7b520000 - 0x00007fff7b620000 	C:\WINDOWS\System32\ucrtbase.dll
0x00007fff5b7f0000 - 0x00007fff5ba8a000 	C:\WINDOWS\WinSxS\amd64_microsoft.windows.common-controls_6595b64144ccf1df_6.0.19041.844_none_ca00b6081b84eb1d\COMCTL32.dll
0x00007fff7cdd0000 - 0x00007fff7ce00000 	C:\WINDOWS\System32\IMM32.DLL
0x000000006a8f0000 - 0x000000006a9c2000 	C:\Program Files\Android\Android Studio\jre\jre\bin\msvcr100.dll
0x000000006a9d0000 - 0x000000006b21b000 	C:\Program Files\Android\Android Studio\jre\jre\bin\server\jvm.dll
0x00007fff7cec0000 - 0x00007fff7cec8000 	C:\WINDOWS\System32\PSAPI.DLL
0x00007fff60880000 - 0x00007fff608a7000 	C:\WINDOWS\SYSTEM32\WINMM.dll
0x00007fff7ad60000 - 0x00007fff7ad6a000 	C:\WINDOWS\SYSTEM32\VERSION.dll
0x00007fff58ec0000 - 0x00007fff58ec9000 	C:\WINDOWS\SYSTEM32\WSOCK32.dll
0x00007fff7d530000 - 0x00007fff7d59b000 	C:\WINDOWS\System32\WS2_32.dll
0x00007fff68c90000 - 0x00007fff68c9f000 	C:\Program Files\Android\Android Studio\jre\jre\bin\verify.dll
0x00007fff34640000 - 0x00007fff34669000 	C:\Program Files\Android\Android Studio\jre\jre\bin\java.dll
0x00007fff45be0000 - 0x00007fff45bf6000 	C:\Program Files\Android\Android Studio\jre\jre\bin\zip.dll
0x00007fff7c3a0000 - 0x00007fff7cae2000 	C:\WINDOWS\System32\SHELL32.dll
0x00007fff78f00000 - 0x00007fff79690000 	C:\WINDOWS\SYSTEM32\windows.storage.dll
0x00007fff7d0f0000 - 0x00007fff7d445000 	C:\WINDOWS\System32\combase.dll
0x00007fff7abd0000 - 0x00007fff7abfc000 	C:\WINDOWS\SYSTEM32\Wldp.dll
0x00007fff7bda0000 - 0x00007fff7be4e000 	C:\WINDOWS\System32\SHCORE.dll
0x00007fff7d720000 - 0x00007fff7d775000 	C:\WINDOWS\System32\shlwapi.dll
0x00007fff7b110000 - 0x00007fff7b12f000 	C:\WINDOWS\SYSTEM32\profapi.dll
0x00007fff384b0000 - 0x00007fff384ca000 	C:\Program Files\Android\Android Studio\jre\jre\bin\net.dll
0x00007fff7a950000 - 0x00007fff7a9ba000 	C:\WINDOWS\system32\mswsock.dll
0x00007fff35110000 - 0x00007fff35123000 	C:\Program Files\Android\Android Studio\jre\jre\bin\nio.dll
0x00007fff23180000 - 0x00007fff231a7000 	C:\Users\Apolo\.gradle\native\f6784746aeab05261644944871eae4fe03e0ef1612fff0a4a95f87b438bc6780\windows-amd64\native-platform.dll
0x00007fff68060000 - 0x00007fff6806d000 	C:\Program Files\Android\Android Studio\jre\jre\bin\management.dll
0x00007fff7ab20000 - 0x00007fff7ab38000 	C:\WINDOWS\SYSTEM32\CRYPTSP.dll
0x00007fff7a280000 - 0x00007fff7a2b4000 	C:\WINDOWS\system32\rsaenh.dll
0x00007fff7b2a0000 - 0x00007fff7b2c7000 	C:\WINDOWS\System32\bcrypt.dll
0x00007fff7b0d0000 - 0x00007fff7b0fe000 	C:\WINDOWS\SYSTEM32\USERENV.dll
0x00007fff7b220000 - 0x00007fff7b2a0000 	C:\WINDOWS\System32\bcryptprimitives.dll
0x00007fff7ab40000 - 0x00007fff7ab4c000 	C:\WINDOWS\SYSTEM32\CRYPTBASE.dll
0x00007fff7a5f0000 - 0x00007fff7a62b000 	C:\WINDOWS\SYSTEM32\IPHLPAPI.DLL
0x00007fff7c390000 - 0x00007fff7c398000 	C:\WINDOWS\System32\NSI.dll
0x00007fff6f9c0000 - 0x00007fff6f9d7000 	C:\WINDOWS\SYSTEM32\dhcpcsvc6.DLL
0x00007fff70070000 - 0x00007fff7008d000 	C:\WINDOWS\SYSTEM32\dhcpcsvc.DLL
0x00007fff7a630000 - 0x00007fff7a6fb000 	C:\WINDOWS\SYSTEM32\DNSAPI.dll
0x00007fff70660000 - 0x00007fff7066b000 	C:\WINDOWS\SYSTEM32\WINNSI.DLL

VM Arguments:
jvm_args: -Xmx2048m -Dfile.encoding=windows-1252 -Duser.country=ES -Duser.language=es -Duser.variant 
java_command: org.gradle.launcher.daemon.bootstrap.GradleDaemon 6.5
java_class_path (initial): C:\Users\Apolo\.gradle\wrapper\dists\gradle-6.5-bin\6nifqtx7604sqp1q6g8wikw7p\gradle-6.5\lib\gradle-launcher-6.5.jar
Launcher Type: SUN_STANDARD

Environment Variables:
PATH=C:\Program Files\Common Files\Oracle\Java\javapath;C:\Program Files (x86)\Common Files\Oracle\Java\javapath;C:\orant\bin;C:\WINDOWS\system32;C:\WINDOWS;C:\WINDOWS\System32\Wbem;C:\WINDOWS\System32\WindowsPowerShell\v1.0\;C:\WINDOWS\System32\OpenSSH\;C:\orant\jdk\bin;C:\Program Files (x86)\Intel\Intel(R) Memory And Storage Tool\;C:\Program Files\Git\cmd;C:\Program Files\nodejs\;C:\instantclient_12_1\;C:\Users\Apolo\AppData\Local\Microsoft\WindowsApps;C:\Users\Apolo\AppData\Local\Programs\Microsoft VS Code\bin;C:\Users\Apolo\AppData\Roaming\npm;C:\Users\Apolo\AppData\Local\atom\bin;
USERNAME=Apolo
OS=Windows_NT
PROCESSOR_IDENTIFIER=Intel64 Family 6 Model 126 Stepping 5, GenuineIntel



---------------  S Y S T E M  ---------------

OS: Windows 10.0 , 64 bit Build 19041 (10.0.19041.804)

CPU:total 8 (initial active 8) (4 cores per cpu, 2 threads per core) family 6 model 126 stepping 5, cmov, cx8, fxsr, mmx, sse, sse2, sse3, ssse3, sse4.1, sse4.2, popcnt, avx, avx2, aes, clmul, erms, 3dnowpref, lzcnt, ht, tsc, tscinvbit, bmi1, bmi2, adx

Memory: 4k page, physical 8165048k(412484k free), swap 11736884k(4624k free)

vm_info: OpenJDK 64-Bit Server VM (25.242-b01) for windows-amd64 JRE (1.8.0_242-release-1644-b01), built by "builder" with MS VC++ 10.0 (VS2010)

time: Tue Mar 30 16:23:43 2021
timezone: Hora estándar de Paraguay
elapsed time: 63 seconds (0d 0h 1m 3s)

