#
# There is insufficient memory for the Java Runtime Environment to continue.
# Native memory allocation (malloc) failed to allocate 1860976 bytes for Chunk::new
# Possible reasons:
#   The system is out of physical RAM or swap space
#   The process is running with CompressedOops enabled, and the Java Heap may be blocking the growth of the native heap
# Possible solutions:
#   Reduce memory load on the system
#   Increase physical memory or swap space
#   Check if swap backing store is full
#   Decrease Java heap size (-Xmx/-Xms)
#   Decrease number of Java threads
#   Decrease Java thread stack sizes (-Xss)
#   Set larger code cache with -XX:ReservedCodeCacheSize=
#   JVM is running with Unscaled Compressed Oops mode in which the Java heap is
#     placed in the first 4GB address space. The Java Heap base address is the
#     maximum limit for the native heap growth. Please use -XX:HeapBaseMinAddress
#     to set the Java Heap base and to place the Java Heap above 4GB virtual address.
# This output file may be truncated or incomplete.
#
#  Out of Memory Error (./src/hotspot/share/memory/arena.cpp:197), pid=3356, tid=14532
#
# JRE version: OpenJDK Runtime Environment (11.0.8+10) (build 11.0.8+10-b944.6842174)
# Java VM: OpenJDK 64-Bit Server VM (11.0.8+10-b944.6842174, mixed mode, tiered, compressed oops, g1 gc, windows-amd64)
# No core dump will be written. Minidumps are not enabled by default on client versions of Windows
#

---------------  S U M M A R Y ------------

Command Line: --add-opens=java.base/java.util=ALL-UNNAMED --add-opens=java.base/java.lang=ALL-UNNAMED --add-opens=java.base/java.lang.invoke=ALL-UNNAMED --add-opens=java.prefs/java.util.prefs=ALL-UNNAMED -Xmx2048m -Dfile.encoding=windows-1252 -Duser.country=ES -Duser.language=es -Duser.variant org.gradle.launcher.daemon.bootstrap.GradleDaemon 6.7.1

Host: Intel(R) Core(TM) i7-1065G7 CPU @ 1.30GHz, 8 cores, 7G,  Windows 10 , 64 bit Build 19041 (10.0.19041.928)
Time: Mon May 31 13:00:46 2021 Hora estándar de Paraguay elapsed time: 3 seconds (0d 0h 0m 3s)

---------------  T H R E A D  ---------------

Current thread (0x0000023e7d3a7000):  JavaThread "C2 CompilerThread0" daemon [_thread_in_native, id=14532, stack(0x000000706c200000,0x000000706c300000)]


Current CompileTask:
C2:   3763 3075       4       org.objectweb.asm.Frame::execute (2318 bytes)

Stack: [0x000000706c200000,0x000000706c300000]
Native frames: (J=compiled Java code, j=interpreted, Vv=VM code, C=native code)
V  [jvm.dll+0x5de50a]
V  [jvm.dll+0x7122f5]
V  [jvm.dll+0x71384d]
V  [jvm.dll+0x713f03]
V  [jvm.dll+0x23e728]
V  [jvm.dll+0xb899c]
V  [jvm.dll+0xb8e9c]
V  [jvm.dll+0x35020b]
V  [jvm.dll+0x31dea3]
V  [jvm.dll+0x31d39a]
V  [jvm.dll+0x1f7702]
V  [jvm.dll+0x1f68d4]
V  [jvm.dll+0x17f32c]
V  [jvm.dll+0x205047]
V  [jvm.dll+0x203891]
V  [jvm.dll+0x6dad3f]
V  [jvm.dll+0x6d3895]
V  [jvm.dll+0x5dd4a6]
C  [ucrtbase.dll+0x21bb2]
C  [KERNEL32.DLL+0x17034]
C  [ntdll.dll+0x52651]


---------------  P R O C E S S  ---------------

Threads class SMR info:
_java_thread_list=0x0000023e10704210, length=52, elements={
0x0000023e7170d800, 0x0000023e7c9ff000, 0x0000023e7ca0a000, 0x0000023e7d3a4000,
0x0000023e7d3a5000, 0x0000023e7d3a7000, 0x0000023e7d3ad800, 0x0000023e7ca1b000,
0x0000023e7d50b800, 0x0000023e7d515000, 0x0000023e0ff5c000, 0x0000023e7d728800,
0x0000023e7ef2e800, 0x0000023e7ec1c800, 0x0000023e0f1e6800, 0x0000023e7e674000,
0x0000023e7e341000, 0x0000023e0f525000, 0x0000023e0f90d000, 0x0000023e0f05f800,
0x0000023e7ebba000, 0x0000023e7e831800, 0x0000023e7e832800, 0x0000023e7e833800,
0x0000023e7e834000, 0x0000023e10b38800, 0x0000023e10b3c800, 0x0000023e10b36800,
0x0000023e10b3d800, 0x0000023e10b3b800, 0x0000023e10796000, 0x0000023e10b37800,
0x0000023e10b3e000, 0x0000023e10b3a000, 0x0000023e10b39000, 0x0000023e10b3f800,
0x0000023e10b40800, 0x0000023e10b3f000, 0x0000023e10b3b000, 0x0000023e10b45800,
0x0000023e10b41800, 0x0000023e10b42000, 0x0000023e10b43000, 0x0000023e10b44000,
0x0000023e10b44800, 0x0000023e0fb16800, 0x0000023e0fb19800, 0x0000023e0fb17000,
0x0000023e0fb15800, 0x0000023e0fb1d000, 0x0000023e0fb1a800, 0x0000023e0fb1b800
}

Java Threads: ( => current thread )
  0x0000023e7170d800 JavaThread "main" [_thread_blocked, id=20840, stack(0x000000706b700000,0x000000706b800000)]
  0x0000023e7c9ff000 JavaThread "Reference Handler" daemon [_thread_blocked, id=17660, stack(0x000000706be00000,0x000000706bf00000)]
  0x0000023e7ca0a000 JavaThread "Finalizer" daemon [_thread_blocked, id=18052, stack(0x000000706bf00000,0x000000706c000000)]
  0x0000023e7d3a4000 JavaThread "Signal Dispatcher" daemon [_thread_blocked, id=13428, stack(0x000000706c000000,0x000000706c100000)]
  0x0000023e7d3a5000 JavaThread "Attach Listener" daemon [_thread_blocked, id=21984, stack(0x000000706c100000,0x000000706c200000)]
=>0x0000023e7d3a7000 JavaThread "C2 CompilerThread0" daemon [_thread_in_native, id=14532, stack(0x000000706c200000,0x000000706c300000)]
  0x0000023e7d3ad800 JavaThread "C1 CompilerThread0" daemon [_thread_blocked, id=14576, stack(0x000000706c300000,0x000000706c400000)]
  0x0000023e7ca1b000 JavaThread "Sweeper thread" daemon [_thread_blocked, id=17728, stack(0x000000706c400000,0x000000706c500000)]
  0x0000023e7d50b800 JavaThread "Common-Cleaner" daemon [_thread_blocked, id=21380, stack(0x000000706c500000,0x000000706c600000)]
  0x0000023e7d515000 JavaThread "Service Thread" daemon [_thread_blocked, id=6760, stack(0x000000706c600000,0x000000706c700000)]
  0x0000023e0ff5c000 JavaThread "Daemon health stats" [_thread_blocked, id=9688, stack(0x000000706cc00000,0x000000706cd00000)]
  0x0000023e7d728800 JavaThread "Incoming local TCP Connector on port 65506" [_thread_in_native, id=17952, stack(0x000000706cd00000,0x000000706ce00000)]
  0x0000023e7ef2e800 JavaThread "Daemon periodic checks" [_thread_blocked, id=19008, stack(0x000000706ce00000,0x000000706cf00000)]
  0x0000023e7ec1c800 JavaThread "Daemon" [_thread_blocked, id=22148, stack(0x000000706cf00000,0x000000706d000000)]
  0x0000023e0f1e6800 JavaThread "Handler for socket connection from /127.0.0.1:65506 to /127.0.0.1:65507" [_thread_in_native, id=10004, stack(0x000000706d000000,0x000000706d100000)]
  0x0000023e7e674000 JavaThread "Cancel handler" [_thread_blocked, id=13400, stack(0x000000706d100000,0x000000706d200000)]
  0x0000023e7e341000 JavaThread "Daemon worker" [_thread_in_vm, id=20932, stack(0x000000706d200000,0x000000706d300000)]
  0x0000023e0f525000 JavaThread "Asynchronous log dispatcher for DefaultDaemonConnection: socket connection from /127.0.0.1:65506 to /127.0.0.1:65507" [_thread_blocked, id=23920, stack(0x000000706d300000,0x000000706d400000)]
  0x0000023e0f90d000 JavaThread "Stdin handler" [_thread_blocked, id=22084, stack(0x000000706d400000,0x000000706d500000)]
  0x0000023e0f05f800 JavaThread "Thread-8" [_thread_blocked, id=2888, stack(0x000000706d500000,0x000000706d600000)]
  0x0000023e7ebba000 JavaThread "C2 CompilerThread1" daemon [_thread_in_native, id=24776, stack(0x000000706d600000,0x000000706d700000)]
  0x0000023e7e831800 JavaThread "Cache worker for file hash cache (C:\Users\Apolo\.gradle\caches\6.7.1\fileHashes)" [_thread_blocked, id=21044, stack(0x000000706dc00000,0x000000706dd00000)]
  0x0000023e7e832800 JavaThread "File lock request listener" [_thread_in_native, id=25008, stack(0x000000706dd00000,0x000000706de00000)]
  0x0000023e7e833800 JavaThread "Cache worker for journal cache (C:\Users\Apolo\.gradle\caches\journal-1)" [_thread_blocked, id=10760, stack(0x000000706df00000,0x000000706e000000)]
  0x0000023e7e834000 JavaThread "Cache worker for file hash cache (C:\Android\Proyecto\VendedoresKT\ApoloVendedor\.gradle\6.7.1\fileHashes)" [_thread_blocked, id=23244, stack(0x000000706e000000,0x000000706e100000)]
  0x0000023e10b38800 JavaThread "jar transforms" [_thread_blocked, id=24296, stack(0x000000706e100000,0x000000706e200000)]
  0x0000023e10b3c800 JavaThread "jar transforms Thread 2" [_thread_blocked, id=7964, stack(0x000000706e200000,0x000000706e300000)]
  0x0000023e10b36800 JavaThread "jar transforms Thread 3" [_thread_blocked, id=3140, stack(0x000000706e300000,0x000000706e400000)]
  0x0000023e10b3d800 JavaThread "jar transforms Thread 4" [_thread_blocked, id=8252, stack(0x000000706e400000,0x000000706e500000)]
  0x0000023e10b3b800 JavaThread "jar transforms Thread 5" [_thread_blocked, id=16464, stack(0x000000706e500000,0x000000706e600000)]
  0x0000023e10796000 JavaThread "C2 CompilerThread2" daemon [_thread_in_native, id=20816, stack(0x000000706e600000,0x000000706e700000)]
  0x0000023e10b37800 JavaThread "jar transforms Thread 6" [_thread_blocked, id=24000, stack(0x000000706e700000,0x000000706e800000)]
  0x0000023e10b3e000 JavaThread "jar transforms Thread 7" [_thread_blocked, id=19080, stack(0x000000706e800000,0x000000706e900000)]
  0x0000023e10b3a000 JavaThread "jar transforms Thread 8" [_thread_blocked, id=24032, stack(0x000000706e900000,0x000000706ea00000)]
  0x0000023e10b39000 JavaThread "jar transforms Thread 9" [_thread_blocked, id=13760, stack(0x000000706ea00000,0x000000706eb00000)]
  0x0000023e10b3f800 JavaThread "jar transforms Thread 10" [_thread_blocked, id=25680, stack(0x000000706eb00000,0x000000706ec00000)]
  0x0000023e10b40800 JavaThread "jar transforms Thread 11" [_thread_blocked, id=26144, stack(0x000000706ec00000,0x000000706ed00000)]
  0x0000023e10b3f000 JavaThread "jar transforms Thread 12" [_thread_blocked, id=12512, stack(0x000000706ed00000,0x000000706ee00000)]
  0x0000023e10b3b000 JavaThread "jar transforms Thread 13" [_thread_blocked, id=22132, stack(0x000000706ee00000,0x000000706ef00000)]
  0x0000023e10b45800 JavaThread "jar transforms Thread 14" [_thread_blocked, id=16996, stack(0x000000706ef00000,0x000000706f000000)]
  0x0000023e10b41800 JavaThread "jar transforms Thread 15" [_thread_blocked, id=17884, stack(0x000000706f000000,0x000000706f100000)]
  0x0000023e10b42000 JavaThread "jar transforms Thread 16" [_thread_blocked, id=12736, stack(0x000000706f100000,0x000000706f200000)]
  0x0000023e10b43000 JavaThread "jar transforms Thread 17" [_thread_blocked, id=21340, stack(0x000000706f200000,0x000000706f300000)]
  0x0000023e10b44000 JavaThread "jar transforms Thread 18" [_thread_blocked, id=21112, stack(0x000000706f300000,0x000000706f400000)]
  0x0000023e10b44800 JavaThread "jar transforms Thread 19" [_thread_blocked, id=10340, stack(0x000000706f400000,0x000000706f500000)]
  0x0000023e0fb16800 JavaThread "jar transforms Thread 20" [_thread_blocked, id=21024, stack(0x000000706f500000,0x000000706f600000)]
  0x0000023e0fb19800 JavaThread "jar transforms Thread 21" [_thread_blocked, id=26192, stack(0x000000706f600000,0x000000706f700000)]
  0x0000023e0fb17000 JavaThread "Cache worker for checksums cache (C:\Android\Proyecto\VendedoresKT\ApoloVendedor\.gradle\checksums)" [_thread_blocked, id=26256, stack(0x000000706f700000,0x000000706f800000)]
  0x0000023e0fb15800 JavaThread "Cache worker for cache directory md-supplier (C:\Users\Apolo\.gradle\caches\6.7.1\md-supplier)" [_thread_blocked, id=20516, stack(0x000000706f800000,0x000000706f900000)]
  0x0000023e0fb1d000 JavaThread "Cache worker for cache directory md-rule (C:\Users\Apolo\.gradle\caches\6.7.1\md-rule)" [_thread_blocked, id=22552, stack(0x000000706f900000,0x000000706fa00000)]
  0x0000023e0fb1a800 JavaThread "Cache worker for execution history cache (C:\Users\Apolo\.gradle\caches\6.7.1\executionHistory)" [_thread_blocked, id=23044, stack(0x000000706fa00000,0x000000706fb00000)]
  0x0000023e0fb1b800 JavaThread "Cache worker for file content cache (C:\Users\Apolo\.gradle\caches\6.7.1\fileContent)" [_thread_blocked, id=19888, stack(0x000000706fb00000,0x000000706fc00000)]

Other Threads:
  0x0000023e7c9fd000 VMThread "VM Thread" [stack: 0x000000706bd00000,0x000000706be00000] [id=18668]
  0x0000023e7d516000 WatcherThread [stack: 0x000000706c700000,0x000000706c800000] [id=25780]
  0x0000023e71720800 GCTaskThread "GC Thread#0" [stack: 0x000000706b800000,0x000000706b900000] [id=22948]
  0x0000023e7e0ad000 GCTaskThread "GC Thread#1" [stack: 0x000000706c900000,0x000000706ca00000] [id=12712]
  0x0000023e7df6c800 GCTaskThread "GC Thread#2" [stack: 0x000000706ca00000,0x000000706cb00000] [id=20332]
  0x0000023e10003000 GCTaskThread "GC Thread#3" [stack: 0x000000706d700000,0x000000706d800000] [id=8172]
  0x0000023e0f0e5800 GCTaskThread "GC Thread#4" [stack: 0x000000706d800000,0x000000706d900000] [id=24840]
  0x0000023e0f4d0000 GCTaskThread "GC Thread#5" [stack: 0x000000706d900000,0x000000706da00000] [id=18188]
  0x0000023e0f28e000 GCTaskThread "GC Thread#6" [stack: 0x000000706da00000,0x000000706db00000] [id=22640]
  0x0000023e0f5bc800 GCTaskThread "GC Thread#7" [stack: 0x000000706db00000,0x000000706dc00000] [id=24948]
  0x0000023e71754000 ConcurrentGCThread "G1 Main Marker" [stack: 0x000000706b900000,0x000000706ba00000] [id=26108]
  0x0000023e71757000 ConcurrentGCThread "G1 Conc#0" [stack: 0x000000706ba00000,0x000000706bb00000] [id=25340]
  0x0000023e7e828800 ConcurrentGCThread "G1 Conc#1" [stack: 0x000000706de00000,0x000000706df00000] [id=25896]
  0x0000023e7c850800 ConcurrentGCThread "G1 Refine#0" [stack: 0x000000706bb00000,0x000000706bc00000] [id=25168]
  0x0000023e7c851800 ConcurrentGCThread "G1 Young RemSet Sampling" [stack: 0x000000706bc00000,0x000000706bd00000] [id=592]

Threads with active compile tasks:
C2 CompilerThread0   3789 3075       4       org.objectweb.asm.Frame::execute (2318 bytes)
C2 CompilerThread1   3789 3160       4       java.lang.invoke.LambdaForm$BasicType::basicType (19 bytes)
C2 CompilerThread2   3789 3144   !   4       java.util.concurrent.ConcurrentHashMap::computeIfAbsent (576 bytes)

VM state:not at safepoint (normal execution)

VM Mutex/Monitor currently owned by a thread: None

Heap address: 0x0000000080000000, size: 2048 MB, Compressed Oops mode: 32-bit
Narrow klass base: 0x0000000000000000, Narrow klass shift: 3
Compressed class space size: 1073741824 Address: 0x0000000100000000

Heap:
 garbage-first heap   total 129024K, used 71643K [0x0000000080000000, 0x0000000100000000)
  region size 1024K, 38 young (38912K), 2 survivors (2048K)
 Metaspace       used 39444K, capacity 40341K, committed 40576K, reserved 1085440K
  class space    used 5050K, capacity 5377K, committed 5504K, reserved 1048576K
Heap Regions: E=young(eden), S=young(survivor), O=old, HS=humongous(starts), HC=humongous(continues), CS=collection set, F=free, A=archive, TAMS=top-at-mark-start (previous, next)
|   0|0x0000000080000000, 0x0000000080100000, 0x0000000080100000|100%| O|  |TAMS 0x0000000080100000, 0x0000000080000000| Untracked 
|   1|0x0000000080100000, 0x0000000080200000, 0x0000000080200000|100%| O|  |TAMS 0x0000000080200000, 0x0000000080100000| Untracked 
|   2|0x0000000080200000, 0x0000000080300000, 0x0000000080300000|100%| O|  |TAMS 0x0000000080300000, 0x0000000080200000| Untracked 
|   3|0x0000000080300000, 0x0000000080400000, 0x0000000080400000|100%|HS|  |TAMS 0x0000000080400000, 0x0000000080300000| Complete 
|   4|0x0000000080400000, 0x0000000080500000, 0x0000000080500000|100%|HC|  |TAMS 0x0000000080500000, 0x0000000080400000| Complete 
|   5|0x0000000080500000, 0x0000000080600000, 0x0000000080600000|100%|HC|  |TAMS 0x0000000080600000, 0x0000000080500000| Complete 
|   6|0x0000000080600000, 0x0000000080700000, 0x0000000080700000|100%| O|  |TAMS 0x0000000080700000, 0x0000000080600000| Untracked 
|   7|0x0000000080700000, 0x0000000080800000, 0x0000000080800000|100%| O|  |TAMS 0x0000000080800000, 0x0000000080700000| Untracked 
|   8|0x0000000080800000, 0x0000000080900000, 0x0000000080900000|100%| O|  |TAMS 0x0000000080900000, 0x0000000080800000| Untracked 
|   9|0x0000000080900000, 0x0000000080a00000, 0x0000000080a00000|100%| O|  |TAMS 0x0000000080a00000, 0x0000000080900000| Untracked 
|  10|0x0000000080a00000, 0x0000000080b00000, 0x0000000080b00000|100%| O|  |TAMS 0x0000000080b00000, 0x0000000080a00000| Untracked 
|  11|0x0000000080b00000, 0x0000000080c00000, 0x0000000080c00000|100%| O|  |TAMS 0x0000000080c00000, 0x0000000080b00000| Untracked 
|  12|0x0000000080c00000, 0x0000000080d00000, 0x0000000080d00000|100%| O|  |TAMS 0x0000000080d00000, 0x0000000080c00000| Untracked 
|  13|0x0000000080d00000, 0x0000000080e00000, 0x0000000080e00000|100%| O|  |TAMS 0x0000000080e00000, 0x0000000080d00000| Untracked 
|  14|0x0000000080e00000, 0x0000000080f00000, 0x0000000080f00000|100%| O|  |TAMS 0x0000000080f00000, 0x0000000080e00000| Untracked 
|  15|0x0000000080f00000, 0x0000000081000000, 0x0000000081000000|100%| O|  |TAMS 0x0000000081000000, 0x0000000080f00000| Untracked 
|  16|0x0000000081000000, 0x0000000081100000, 0x0000000081100000|100%|HS|  |TAMS 0x0000000081100000, 0x0000000081000000| Complete 
|  17|0x0000000081100000, 0x0000000081200000, 0x0000000081200000|100%|HC|  |TAMS 0x0000000081200000, 0x0000000081100000| Complete 
|  18|0x0000000081200000, 0x0000000081300000, 0x0000000081300000|100%|HS|  |TAMS 0x0000000081300000, 0x0000000081200000| Complete 
|  19|0x0000000081300000, 0x0000000081400000, 0x0000000081400000|100%|HC|  |TAMS 0x0000000081400000, 0x0000000081300000| Complete 
|  20|0x0000000081400000, 0x0000000081500000, 0x0000000081500000|100%|HC|  |TAMS 0x0000000081500000, 0x0000000081400000| Complete 
|  21|0x0000000081500000, 0x0000000081600000, 0x0000000081600000|100%|HS|  |TAMS 0x0000000081600000, 0x0000000081500000| Complete 
|  22|0x0000000081600000, 0x0000000081700000, 0x0000000081700000|100%|HC|  |TAMS 0x0000000081700000, 0x0000000081600000| Complete 
|  23|0x0000000081700000, 0x0000000081800000, 0x0000000081800000|100%|HC|  |TAMS 0x0000000081800000, 0x0000000081700000| Complete 
|  24|0x0000000081800000, 0x0000000081900000, 0x0000000081900000|100%|HC|  |TAMS 0x0000000081900000, 0x0000000081800000| Complete 
|  25|0x0000000081900000, 0x0000000081a00000, 0x0000000081a00000|100%| O|  |TAMS 0x0000000081a00000, 0x0000000081900000| Untracked 
|  26|0x0000000081a00000, 0x0000000081b00000, 0x0000000081b00000|100%| O|  |TAMS 0x0000000081b00000, 0x0000000081a00000| Untracked 
|  27|0x0000000081b00000, 0x0000000081c00000, 0x0000000081c00000|100%| O|  |TAMS 0x0000000081c00000, 0x0000000081b00000| Untracked 
|  28|0x0000000081c00000, 0x0000000081d00000, 0x0000000081d00000|100%| O|  |TAMS 0x0000000081d00000, 0x0000000081c00000| Untracked 
|  29|0x0000000081d00000, 0x0000000081e00000, 0x0000000081e00000|100%| O|  |TAMS 0x0000000081e00000, 0x0000000081d00000| Untracked 
|  30|0x0000000081e00000, 0x0000000081f00000, 0x0000000081f00000|100%| O|  |TAMS 0x0000000081f00000, 0x0000000081e00000| Untracked 
|  31|0x0000000081f00000, 0x0000000081f87e00, 0x0000000082000000| 53%| O|  |TAMS 0x0000000081f87e00, 0x0000000081f00000| Untracked 
|  32|0x0000000082000000, 0x0000000082100000, 0x0000000082100000|100%|HS|  |TAMS 0x0000000082000000, 0x0000000082000000| Complete 
|  33|0x0000000082100000, 0x0000000082200000, 0x0000000082200000|100%|HS|  |TAMS 0x0000000082100000, 0x0000000082100000| Complete 
|  34|0x0000000082200000, 0x0000000082300000, 0x0000000082300000|100%|HC|  |TAMS 0x0000000082200000, 0x0000000082200000| Complete 
|  35|0x0000000082300000, 0x0000000082300000, 0x0000000082400000|  0%| F|  |TAMS 0x0000000082300000, 0x0000000082300000| Untracked 
|  36|0x0000000082400000, 0x0000000082400000, 0x0000000082500000|  0%| F|  |TAMS 0x0000000082400000, 0x0000000082400000| Untracked 
|  37|0x0000000082500000, 0x0000000082500000, 0x0000000082600000|  0%| F|  |TAMS 0x0000000082500000, 0x0000000082500000| Untracked 
|  38|0x0000000082600000, 0x0000000082600000, 0x0000000082700000|  0%| F|  |TAMS 0x0000000082600000, 0x0000000082600000| Untracked 
|  39|0x0000000082700000, 0x0000000082700000, 0x0000000082800000|  0%| F|  |TAMS 0x0000000082700000, 0x0000000082700000| Untracked 
|  40|0x0000000082800000, 0x0000000082800000, 0x0000000082900000|  0%| F|  |TAMS 0x0000000082800000, 0x0000000082800000| Untracked 
|  41|0x0000000082900000, 0x0000000082900000, 0x0000000082a00000|  0%| F|  |TAMS 0x0000000082900000, 0x0000000082900000| Untracked 
|  42|0x0000000082a00000, 0x0000000082a00000, 0x0000000082b00000|  0%| F|  |TAMS 0x0000000082a00000, 0x0000000082a00000| Untracked 
|  43|0x0000000082b00000, 0x0000000082b00000, 0x0000000082c00000|  0%| F|  |TAMS 0x0000000082b00000, 0x0000000082b00000| Untracked 
|  44|0x0000000082c00000, 0x0000000082c00000, 0x0000000082d00000|  0%| F|  |TAMS 0x0000000082c00000, 0x0000000082c00000| Untracked 
|  45|0x0000000082d00000, 0x0000000082d00000, 0x0000000082e00000|  0%| F|  |TAMS 0x0000000082d00000, 0x0000000082d00000| Untracked 
|  46|0x0000000082e00000, 0x0000000082e00000, 0x0000000082f00000|  0%| F|  |TAMS 0x0000000082e00000, 0x0000000082e00000| Untracked 
|  47|0x0000000082f00000, 0x0000000082f00000, 0x0000000083000000|  0%| F|  |TAMS 0x0000000082f00000, 0x0000000082f00000| Untracked 
|  48|0x0000000083000000, 0x0000000083000000, 0x0000000083100000|  0%| F|  |TAMS 0x0000000083000000, 0x0000000083000000| Untracked 
|  49|0x0000000083100000, 0x0000000083100000, 0x0000000083200000|  0%| F|  |TAMS 0x0000000083100000, 0x0000000083100000| Untracked 
|  50|0x0000000083200000, 0x0000000083200000, 0x0000000083300000|  0%| F|  |TAMS 0x0000000083200000, 0x0000000083200000| Untracked 
|  51|0x0000000083300000, 0x0000000083300000, 0x0000000083400000|  0%| F|  |TAMS 0x0000000083300000, 0x0000000083300000| Untracked 
|  52|0x0000000083400000, 0x0000000083400000, 0x0000000083500000|  0%| F|  |TAMS 0x0000000083400000, 0x0000000083400000| Untracked 
|  53|0x0000000083500000, 0x0000000083500000, 0x0000000083600000|  0%| F|  |TAMS 0x0000000083500000, 0x0000000083500000| Untracked 
|  54|0x0000000083600000, 0x0000000083600000, 0x0000000083700000|  0%| F|  |TAMS 0x0000000083600000, 0x0000000083600000| Untracked 
|  55|0x0000000083700000, 0x0000000083700000, 0x0000000083800000|  0%| F|  |TAMS 0x0000000083700000, 0x0000000083700000| Untracked 
|  56|0x0000000083800000, 0x0000000083800000, 0x0000000083900000|  0%| F|  |TAMS 0x0000000083800000, 0x0000000083800000| Untracked 
|  57|0x0000000083900000, 0x0000000083900000, 0x0000000083a00000|  0%| F|  |TAMS 0x0000000083900000, 0x0000000083900000| Untracked 
|  58|0x0000000083a00000, 0x0000000083a00000, 0x0000000083b00000|  0%| F|  |TAMS 0x0000000083a00000, 0x0000000083a00000| Untracked 
|  59|0x0000000083b00000, 0x0000000083b00000, 0x0000000083c00000|  0%| F|  |TAMS 0x0000000083b00000, 0x0000000083b00000| Untracked 
|  60|0x0000000083c00000, 0x0000000083c00000, 0x0000000083d00000|  0%| F|  |TAMS 0x0000000083c00000, 0x0000000083c00000| Untracked 
|  61|0x0000000083d00000, 0x0000000083d00000, 0x0000000083e00000|  0%| F|  |TAMS 0x0000000083d00000, 0x0000000083d00000| Untracked 
|  62|0x0000000083e00000, 0x0000000083e00000, 0x0000000083f00000|  0%| F|  |TAMS 0x0000000083e00000, 0x0000000083e00000| Untracked 
|  63|0x0000000083f00000, 0x0000000083f00000, 0x0000000084000000|  0%| F|  |TAMS 0x0000000083f00000, 0x0000000083f00000| Untracked 
|  64|0x0000000084000000, 0x0000000084000000, 0x0000000084100000|  0%| F|  |TAMS 0x0000000084000000, 0x0000000084000000| Untracked 
|  65|0x0000000084100000, 0x0000000084100000, 0x0000000084200000|  0%| F|  |TAMS 0x0000000084100000, 0x0000000084100000| Untracked 
|  66|0x0000000084200000, 0x0000000084200000, 0x0000000084300000|  0%| F|  |TAMS 0x0000000084200000, 0x0000000084200000| Untracked 
|  67|0x0000000084300000, 0x0000000084300000, 0x0000000084400000|  0%| F|  |TAMS 0x0000000084300000, 0x0000000084300000| Untracked 
|  68|0x0000000084400000, 0x0000000084400000, 0x0000000084500000|  0%| F|  |TAMS 0x0000000084400000, 0x0000000084400000| Untracked 
|  69|0x0000000084500000, 0x0000000084500000, 0x0000000084600000|  0%| F|  |TAMS 0x0000000084500000, 0x0000000084500000| Untracked 
|  70|0x0000000084600000, 0x0000000084600000, 0x0000000084700000|  0%| F|  |TAMS 0x0000000084600000, 0x0000000084600000| Untracked 
|  71|0x0000000084700000, 0x0000000084700000, 0x0000000084800000|  0%| F|  |TAMS 0x0000000084700000, 0x0000000084700000| Untracked 
|  72|0x0000000084800000, 0x0000000084800000, 0x0000000084900000|  0%| F|  |TAMS 0x0000000084800000, 0x0000000084800000| Untracked 
|  73|0x0000000084900000, 0x0000000084900000, 0x0000000084a00000|  0%| F|  |TAMS 0x0000000084900000, 0x0000000084900000| Untracked 
|  74|0x0000000084a00000, 0x0000000084a00000, 0x0000000084b00000|  0%| F|  |TAMS 0x0000000084a00000, 0x0000000084a00000| Untracked 
|  75|0x0000000084b00000, 0x0000000084b00000, 0x0000000084c00000|  0%| F|  |TAMS 0x0000000084b00000, 0x0000000084b00000| Untracked 
|  76|0x0000000084c00000, 0x0000000084c00000, 0x0000000084d00000|  0%| F|  |TAMS 0x0000000084c00000, 0x0000000084c00000| Untracked 
|  77|0x0000000084d00000, 0x0000000084d00000, 0x0000000084e00000|  0%| F|  |TAMS 0x0000000084d00000, 0x0000000084d00000| Untracked 
|  78|0x0000000084e00000, 0x0000000084e00000, 0x0000000084f00000|  0%| F|  |TAMS 0x0000000084e00000, 0x0000000084e00000| Untracked 
|  79|0x0000000084f00000, 0x0000000084f00000, 0x0000000085000000|  0%| F|  |TAMS 0x0000000084f00000, 0x0000000084f00000| Untracked 
|  80|0x0000000085000000, 0x0000000085000000, 0x0000000085100000|  0%| F|  |TAMS 0x0000000085000000, 0x0000000085000000| Untracked 
|  81|0x0000000085100000, 0x0000000085100000, 0x0000000085200000|  0%| F|  |TAMS 0x0000000085100000, 0x0000000085100000| Untracked 
|  82|0x0000000085200000, 0x0000000085200000, 0x0000000085300000|  0%| F|  |TAMS 0x0000000085200000, 0x0000000085200000| Untracked 
|  83|0x0000000085300000, 0x0000000085300000, 0x0000000085400000|  0%| F|  |TAMS 0x0000000085300000, 0x0000000085300000| Untracked 
|  84|0x0000000085400000, 0x0000000085400000, 0x0000000085500000|  0%| F|  |TAMS 0x0000000085400000, 0x0000000085400000| Untracked 
|  85|0x0000000085500000, 0x0000000085500000, 0x0000000085600000|  0%| F|  |TAMS 0x0000000085500000, 0x0000000085500000| Untracked 
|  86|0x0000000085600000, 0x0000000085600000, 0x0000000085700000|  0%| F|  |TAMS 0x0000000085600000, 0x0000000085600000| Untracked 
|  87|0x0000000085700000, 0x0000000085700000, 0x0000000085800000|  0%| F|  |TAMS 0x0000000085700000, 0x0000000085700000| Untracked 
|  88|0x0000000085800000, 0x000000008587fd58, 0x0000000085900000| 49%| E|  |TAMS 0x0000000085800000, 0x0000000085800000| Complete 
|  89|0x0000000085900000, 0x0000000085a00000, 0x0000000085a00000|100%| E|CS|TAMS 0x0000000085900000, 0x0000000085900000| Complete 
|  90|0x0000000085a00000, 0x0000000085b00000, 0x0000000085b00000|100%| E|CS|TAMS 0x0000000085a00000, 0x0000000085a00000| Complete 
|  91|0x0000000085b00000, 0x0000000085c00000, 0x0000000085c00000|100%| E|CS|TAMS 0x0000000085b00000, 0x0000000085b00000| Complete 
|  92|0x0000000085c00000, 0x0000000085d00000, 0x0000000085d00000|100%| E|CS|TAMS 0x0000000085c00000, 0x0000000085c00000| Complete 
|  93|0x0000000085d00000, 0x0000000085e00000, 0x0000000085e00000|100%| E|  |TAMS 0x0000000085d00000, 0x0000000085d00000| Complete 
|  94|0x0000000085e00000, 0x0000000085f00000, 0x0000000085f00000|100%| E|CS|TAMS 0x0000000085e00000, 0x0000000085e00000| Complete 
|  95|0x0000000085f00000, 0x0000000086000000, 0x0000000086000000|100%| E|CS|TAMS 0x0000000085f00000, 0x0000000085f00000| Complete 
|  96|0x0000000086000000, 0x0000000086100000, 0x0000000086100000|100%| E|CS|TAMS 0x0000000086000000, 0x0000000086000000| Complete 
|  97|0x0000000086100000, 0x0000000086200000, 0x0000000086200000|100%| E|CS|TAMS 0x0000000086100000, 0x0000000086100000| Complete 
|  98|0x0000000086200000, 0x0000000086300000, 0x0000000086300000|100%| E|CS|TAMS 0x0000000086200000, 0x0000000086200000| Complete 
|  99|0x0000000086300000, 0x0000000086400000, 0x0000000086400000|100%| E|CS|TAMS 0x0000000086300000, 0x0000000086300000| Complete 
| 100|0x0000000086400000, 0x0000000086500000, 0x0000000086500000|100%| E|CS|TAMS 0x0000000086400000, 0x0000000086400000| Complete 
| 101|0x0000000086500000, 0x0000000086600000, 0x0000000086600000|100%| E|CS|TAMS 0x0000000086500000, 0x0000000086500000| Complete 
| 102|0x0000000086600000, 0x0000000086700000, 0x0000000086700000|100%| E|CS|TAMS 0x0000000086600000, 0x0000000086600000| Complete 
| 103|0x0000000086700000, 0x0000000086800000, 0x0000000086800000|100%| E|CS|TAMS 0x0000000086700000, 0x0000000086700000| Complete 
| 104|0x0000000086800000, 0x0000000086900000, 0x0000000086900000|100%| E|CS|TAMS 0x0000000086800000, 0x0000000086800000| Complete 
| 105|0x0000000086900000, 0x0000000086a00000, 0x0000000086a00000|100%| E|CS|TAMS 0x0000000086900000, 0x0000000086900000| Complete 
| 106|0x0000000086a00000, 0x0000000086b00000, 0x0000000086b00000|100%| E|CS|TAMS 0x0000000086a00000, 0x0000000086a00000| Complete 
| 107|0x0000000086b00000, 0x0000000086c00000, 0x0000000086c00000|100%| E|CS|TAMS 0x0000000086b00000, 0x0000000086b00000| Complete 
| 108|0x0000000086c00000, 0x0000000086d00000, 0x0000000086d00000|100%| E|CS|TAMS 0x0000000086c00000, 0x0000000086c00000| Complete 
| 109|0x0000000086d00000, 0x0000000086e00000, 0x0000000086e00000|100%| E|CS|TAMS 0x0000000086d00000, 0x0000000086d00000| Complete 
| 110|0x0000000086e00000, 0x0000000086f00000, 0x0000000086f00000|100%| E|CS|TAMS 0x0000000086e00000, 0x0000000086e00000| Complete 
| 111|0x0000000086f00000, 0x0000000087000000, 0x0000000087000000|100%| E|CS|TAMS 0x0000000086f00000, 0x0000000086f00000| Complete 
| 112|0x0000000087000000, 0x0000000087100000, 0x0000000087100000|100%| E|CS|TAMS 0x0000000087000000, 0x0000000087000000| Complete 
| 113|0x0000000087100000, 0x0000000087200000, 0x0000000087200000|100%| E|CS|TAMS 0x0000000087100000, 0x0000000087100000| Complete 
| 114|0x0000000087200000, 0x0000000087300000, 0x0000000087300000|100%| E|CS|TAMS 0x0000000087200000, 0x0000000087200000| Complete 
| 115|0x0000000087300000, 0x0000000087400000, 0x0000000087400000|100%| E|CS|TAMS 0x0000000087300000, 0x0000000087300000| Complete 
| 116|0x0000000087400000, 0x0000000087500000, 0x0000000087500000|100%| E|CS|TAMS 0x0000000087400000, 0x0000000087400000| Complete 
| 117|0x0000000087500000, 0x000000008756f1a8, 0x0000000087600000| 43%| S|CS|TAMS 0x0000000087500000, 0x0000000087500000| Complete 
| 118|0x0000000087600000, 0x0000000087700000, 0x0000000087700000|100%| S|CS|TAMS 0x0000000087600000, 0x0000000087600000| Complete 
| 119|0x0000000087700000, 0x0000000087800000, 0x0000000087800000|100%| E|CS|TAMS 0x0000000087700000, 0x0000000087700000| Complete 
| 120|0x0000000087800000, 0x0000000087900000, 0x0000000087900000|100%| E|CS|TAMS 0x0000000087800000, 0x0000000087800000| Complete 
| 121|0x0000000087900000, 0x0000000087a00000, 0x0000000087a00000|100%| E|CS|TAMS 0x0000000087900000, 0x0000000087900000| Complete 
| 122|0x0000000087a00000, 0x0000000087b00000, 0x0000000087b00000|100%| E|CS|TAMS 0x0000000087a00000, 0x0000000087a00000| Complete 
| 123|0x0000000087b00000, 0x0000000087c00000, 0x0000000087c00000|100%| E|CS|TAMS 0x0000000087b00000, 0x0000000087b00000| Complete 
| 124|0x0000000087c00000, 0x0000000087d00000, 0x0000000087d00000|100%| E|CS|TAMS 0x0000000087c00000, 0x0000000087c00000| Complete 
| 125|0x0000000087d00000, 0x0000000087e00000, 0x0000000087e00000|100%| E|CS|TAMS 0x0000000087d00000, 0x0000000087d00000| Complete 

Card table byte_map: [0x0000023e757c0000,0x0000023e75bc0000] _byte_map_base: 0x0000023e753c0000

Marking Bits (Prev, Next): (CMBitMap*) 0x0000023e7174af58, (CMBitMap*) 0x0000023e7174af90
 Prev Bits: [0x0000023e75fc0000, 0x0000023e77fc0000)
 Next Bits: [0x0000023e77fc0000, 0x0000023e79fc0000)

Polling page: 0x0000023e6f650000

Metaspace:

Usage:
  Non-class:     34.14 MB capacity,    33.62 MB ( 98%) used,   462.02 KB (  1%) free+waste,    79.81 KB ( <1%) overhead. 
      Class:      5.25 MB capacity,     4.93 MB ( 94%) used,   286.27 KB (  5%) free+waste,    38.88 KB ( <1%) overhead. 
       Both:     39.40 MB capacity,    38.55 MB ( 98%) used,   748.28 KB (  2%) free+waste,   118.69 KB ( <1%) overhead. 

Virtual space:
  Non-class space:       36.00 MB reserved,      34.25 MB ( 95%) committed 
      Class space:        1.00 GB reserved,       5.38 MB ( <1%) committed 
             Both:        1.04 GB reserved,      39.63 MB (  4%) committed 

Chunk freelists:
   Non-Class:  44.00 KB
       Class:  0 bytes
        Both:  44.00 KB

MaxMetaspaceSize: 17179869184.00 GB
CompressedClassSpaceSize: 1.00 GB

CodeHeap 'non-profiled nmethods': size=120000Kb used=1668Kb max_used=1668Kb free=118331Kb
 bounds [0x0000023e07ad0000, 0x0000023e07d40000, 0x0000023e0f000000]
CodeHeap 'profiled nmethods': size=120000Kb used=6058Kb max_used=6058Kb free=113942Kb
 bounds [0x0000023e005a0000, 0x0000023e00b90000, 0x0000023e07ad0000]
CodeHeap 'non-nmethods': size=5760Kb used=2207Kb max_used=2278Kb free=3553Kb
 bounds [0x0000023e00000000, 0x0000023e00270000, 0x0000023e005a0000]
 total_blobs=3685 nmethods=2929 adapters=667
 compilation: enabled
              stopped_count=0, restarted_count=0
 full_count=0

Compilation events (20 events):
Event: 3.723 Thread 0x0000023e7d3ad800 nmethod 3114 0x0000023e00b78f10 code [0x0000023e00b79120, 0x0000023e00b79618]
Event: 3.728 Thread 0x0000023e7ebba000 nmethod 3081 0x0000023e07c68b90 code [0x0000023e07c68f00, 0x0000023e07c6c8d0]
Event: 3.729 Thread 0x0000023e7d3ad800 3119       3       java.util.ArrayList::grow (11 bytes)
Event: 3.729 Thread 0x0000023e7d3ad800 nmethod 3119 0x0000023e00b79810 code [0x0000023e00b799e0, 0x0000023e00b79cb8]
Event: 3.735 Thread 0x0000023e7d3ad800 3120   !   3       java.nio.ByteBuffer::wrap (20 bytes)
Event: 3.736 Thread 0x0000023e7d3ad800 nmethod 3120 0x0000023e00b79e10 code [0x0000023e00b79fe0, 0x0000023e00b7a2d8]
Event: 3.736 Thread 0x0000023e7d3ad800 3122       3       java.util.Hashtable::<init> (114 bytes)
Event: 3.737 Thread 0x0000023e7d3ad800 nmethod 3122 0x0000023e00b7a490 code [0x0000023e00b7a840, 0x0000023e00b7bd58]
Event: 3.737 Thread 0x0000023e7d3ad800 3123       3       java.lang.ThreadLocal$ThreadLocalMap::set (136 bytes)
Event: 3.737 Thread 0x0000023e7d3ad800 nmethod 3123 0x0000023e00b7c410 code [0x0000023e00b7c680, 0x0000023e00b7d208]
Event: 3.737 Thread 0x0000023e7d3ad800 3121       3       java.nio.HeapByteBuffer::<init> (21 bytes)
Event: 3.737 Thread 0x0000023e7d3ad800 nmethod 3121 0x0000023e00b7d610 code [0x0000023e00b7d7c0, 0x0000023e00b7d928]
Event: 3.758 Thread 0x0000023e10796000 3124       4       java.util.HashMap::containsKey (18 bytes)
Event: 3.760 Thread 0x0000023e7d3ad800 3125       3       java.lang.invoke.MethodHandles$Lookup::getDirectMethodNoSecurityManager (18 bytes)
Event: 3.760 Thread 0x0000023e7d3ad800 nmethod 3125 0x0000023e00b7da10 code [0x0000023e00b7dbc0, 0x0000023e00b7dd08]
Event: 3.760 Thread 0x0000023e7d3ad800 3127       3       jdk.internal.org.objectweb.asm.ClassWriter::visit (121 bytes)
Event: 3.761 Thread 0x0000023e10796000 nmethod 3124 0x0000023e07c6e110 code [0x0000023e07c6e2c0, 0x0000023e07c6e558]
Event: 3.761 Thread 0x0000023e7d3ad800 nmethod 3127 0x0000023e00b7de10 code [0x0000023e00b7e040, 0x0000023e00b7e798]
Event: 3.761 Thread 0x0000023e7d3ad800 3126       3       jdk.internal.org.objectweb.asm.ClassVisitor::<init> (35 bytes)
Event: 3.761 Thread 0x0000023e7d3ad800 nmethod 3126 0x0000023e00b7eb10 code [0x0000023e00b7ece0, 0x0000023e00b7efc8]

GC Heap History (12 events):
Event: 0.731 GC heap before
{Heap before GC invocations=0 (full 0):
 garbage-first heap   total 129024K, used 29696K [0x0000000080000000, 0x0000000100000000)
  region size 1024K, 24 young (24576K), 0 survivors (0K)
 Metaspace       used 10659K, capacity 10932K, committed 11264K, reserved 1058816K
  class space    used 1128K, capacity 1200K, committed 1280K, reserved 1048576K
}
Event: 0.735 GC heap after
{Heap after GC invocations=1 (full 0):
 garbage-first heap   total 129024K, used 8521K [0x0000000080000000, 0x0000000100000000)
  region size 1024K, 3 young (3072K), 3 survivors (3072K)
 Metaspace       used 10659K, capacity 10932K, committed 11264K, reserved 1058816K
  class space    used 1128K, capacity 1200K, committed 1280K, reserved 1048576K
}
Event: 2.031 GC heap before
{Heap before GC invocations=1 (full 0):
 garbage-first heap   total 129024K, used 81225K [0x0000000080000000, 0x0000000100000000)
  region size 1024K, 75 young (76800K), 3 survivors (3072K)
 Metaspace       used 18945K, capacity 19517K, committed 19712K, reserved 1067008K
  class space    used 2292K, capacity 2469K, committed 2560K, reserved 1048576K
}
Event: 2.036 GC heap after
{Heap after GC invocations=2 (full 0):
 garbage-first heap   total 129024K, used 15647K [0x0000000080000000, 0x0000000100000000)
  region size 1024K, 10 young (10240K), 10 survivors (10240K)
 Metaspace       used 18945K, capacity 19517K, committed 19712K, reserved 1067008K
  class space    used 2292K, capacity 2469K, committed 2560K, reserved 1048576K
}
Event: 2.148 GC heap before
{Heap before GC invocations=2 (full 0):
 garbage-first heap   total 129024K, used 27935K [0x0000000080000000, 0x0000000100000000)
  region size 1024K, 23 young (23552K), 10 survivors (10240K)
 Metaspace       used 20626K, capacity 21158K, committed 21296K, reserved 1069056K
  class space    used 2532K, capacity 2723K, committed 2816K, reserved 1048576K
}
Event: 2.153 GC heap after
{Heap after GC invocations=3 (full 0):
 garbage-first heap   total 129024K, used 16486K [0x0000000080000000, 0x0000000100000000)
  region size 1024K, 1 young (1024K), 1 survivors (1024K)
 Metaspace       used 20626K, capacity 21158K, committed 21296K, reserved 1069056K
  class space    used 2532K, capacity 2723K, committed 2816K, reserved 1048576K
}
Event: 2.595 GC heap before
{Heap before GC invocations=4 (full 0):
 garbage-first heap   total 129024K, used 62566K [0x0000000080000000, 0x0000000100000000)
  region size 1024K, 47 young (48128K), 1 survivors (1024K)
 Metaspace       used 25885K, capacity 26568K, committed 26752K, reserved 1073152K
  class space    used 3365K, capacity 3593K, committed 3712K, reserved 1048576K
}
Event: 2.599 GC heap after
{Heap after GC invocations=5 (full 0):
 garbage-first heap   total 129024K, used 18341K [0x0000000080000000, 0x0000000100000000)
  region size 1024K, 3 young (3072K), 3 survivors (3072K)
 Metaspace       used 25885K, capacity 26568K, committed 26752K, reserved 1073152K
  class space    used 3365K, capacity 3593K, committed 3712K, reserved 1048576K
}
Event: 3.180 GC heap before
{Heap before GC invocations=5 (full 0):
 garbage-first heap   total 129024K, used 79781K [0x0000000080000000, 0x0000000100000000)
  region size 1024K, 55 young (56320K), 3 survivors (3072K)
 Metaspace       used 32101K, capacity 32900K, committed 33024K, reserved 1077248K
  class space    used 4275K, capacity 4533K, committed 4608K, reserved 1048576K
}
Event: 3.184 GC heap after
{Heap after GC invocations=6 (full 0):
 garbage-first heap   total 129024K, used 32717K [0x0000000080000000, 0x0000000100000000)
  region size 1024K, 7 young (7168K), 7 survivors (7168K)
 Metaspace       used 32101K, capacity 32900K, committed 33024K, reserved 1077248K
  class space    used 4275K, capacity 4533K, committed 4608K, reserved 1048576K
}
Event: 3.299 GC heap before
{Heap before GC invocations=6 (full 0):
 garbage-first heap   total 129024K, used 38861K [0x0000000080000000, 0x0000000100000000)
  region size 1024K, 14 young (14336K), 7 survivors (7168K)
 Metaspace       used 34889K, capacity 35723K, committed 35840K, reserved 1081344K
  class space    used 4526K, capacity 4794K, committed 4864K, reserved 1048576K
}
Event: 3.305 GC heap after
{Heap after GC invocations=7 (full 0):
 garbage-first heap   total 129024K, used 33755K [0x0000000080000000, 0x0000000100000000)
  region size 1024K, 2 young (2048K), 2 survivors (2048K)
 Metaspace       used 34889K, capacity 35723K, committed 35840K, reserved 1081344K
  class space    used 4526K, capacity 4794K, committed 4864K, reserved 1048576K
}

Deoptimization events (20 events):
Event: 3.496 Thread 0x0000023e7e341000 DEOPT PACKING pc=0x0000023e07c380b0 sp=0x000000706d2f8a90
Event: 3.496 Thread 0x0000023e7e341000 DEOPT UNPACKING pc=0x0000023e0000822f sp=0x000000706d2f8a48 mode 2
Event: 3.520 Thread 0x0000023e7e341000 Uncommon trap: trap_request=0xffffff6e fr.pc=0x0000023e07c2a7e4 relative=0x00000000000007a4
Event: 3.521 Thread 0x0000023e7e341000 Uncommon trap: reason=speculate_class_check action=maybe_recompile pc=0x0000023e07c2a7e4 method=java.lang.reflect.Executable.declaredAnnotations()Ljava/util/Map; @ 23 c2
Event: 3.521 Thread 0x0000023e7e341000 DEOPT PACKING pc=0x0000023e07c2a7e4 sp=0x000000706d2f8900
Event: 3.521 Thread 0x0000023e7e341000 DEOPT UNPACKING pc=0x0000023e0000822f sp=0x000000706d2f8840 mode 2
Event: 3.528 Thread 0x0000023e7e341000 Uncommon trap: trap_request=0xffffff6e fr.pc=0x0000023e07c2a7e4 relative=0x00000000000007a4
Event: 3.528 Thread 0x0000023e7e341000 Uncommon trap: reason=speculate_class_check action=maybe_recompile pc=0x0000023e07c2a7e4 method=java.lang.reflect.Executable.declaredAnnotations()Ljava/util/Map; @ 23 c2
Event: 3.528 Thread 0x0000023e7e341000 DEOPT PACKING pc=0x0000023e07c2a7e4 sp=0x000000706d2f7c40
Event: 3.528 Thread 0x0000023e7e341000 DEOPT UNPACKING pc=0x0000023e0000822f sp=0x000000706d2f7b80 mode 2
Event: 3.541 Thread 0x0000023e7e341000 Uncommon trap: trap_request=0xffffff6e fr.pc=0x0000023e07c2a7e4 relative=0x00000000000007a4
Event: 3.542 Thread 0x0000023e7e341000 Uncommon trap: reason=speculate_class_check action=maybe_recompile pc=0x0000023e07c2a7e4 method=java.lang.reflect.Executable.declaredAnnotations()Ljava/util/Map; @ 23 c2
Event: 3.542 Thread 0x0000023e7e341000 DEOPT PACKING pc=0x0000023e07c2a7e4 sp=0x000000706d2f7bd0
Event: 3.542 Thread 0x0000023e7e341000 DEOPT UNPACKING pc=0x0000023e0000822f sp=0x000000706d2f7b10 mode 2
Event: 3.542 Thread 0x0000023e7e341000 Uncommon trap: trap_request=0xffffff6e fr.pc=0x0000023e07c2a7e4 relative=0x00000000000007a4
Event: 3.543 Thread 0x0000023e7e341000 Uncommon trap: reason=speculate_class_check action=maybe_recompile pc=0x0000023e07c2a7e4 method=java.lang.reflect.Executable.declaredAnnotations()Ljava/util/Map; @ 23 c2
Event: 3.543 Thread 0x0000023e7e341000 DEOPT PACKING pc=0x0000023e07c2a7e4 sp=0x000000706d2f7bd0
Event: 3.543 Thread 0x0000023e7e341000 DEOPT UNPACKING pc=0x0000023e0000822f sp=0x000000706d2f7b10 mode 2
Event: 3.638 Thread 0x0000023e7e341000 DEOPT PACKING pc=0x0000023e009011f9 sp=0x000000706d2f9dc0
Event: 3.638 Thread 0x0000023e7e341000 DEOPT UNPACKING pc=0x0000023e00028ade sp=0x000000706d2f9308 mode 0

Classes redefined (0 events):
No events

Internal exceptions (20 events):
Event: 3.386 Thread 0x0000023e7e341000 Exception <a 'java/lang/ClassNotFoundException'{0x00000000877c1290}: groovy/lang/ScriptCustomizer> (0x00000000877c1290) thrown at [./src/hotspot/share/classfile/systemDictionary.cpp, line 231]
Event: 3.387 Thread 0x0000023e7e341000 Exception <a 'java/lang/ClassNotFoundException'{0x00000000877d8ca8}: org/gradle/groovy/scripts/ScriptCustomizer> (0x00000000877d8ca8) thrown at [./src/hotspot/share/classfile/systemDictionary.cpp, line 231]
Event: 3.387 Thread 0x0000023e7e341000 Exception <a 'java/lang/ClassNotFoundException'{0x00000000877ef378}: org/gradle/groovy/scripts/BasicScriptCustomizer> (0x00000000877ef378) thrown at [./src/hotspot/share/classfile/systemDictionary.cpp, line 231]
Event: 3.388 Thread 0x0000023e7e341000 Exception <a 'java/lang/ClassNotFoundException'{0x000000008740bca8}: org/gradle/groovy/scripts/DefaultScriptCustomizer> (0x000000008740bca8) thrown at [./src/hotspot/share/classfile/systemDictionary.cpp, line 231]
Event: 3.390 Thread 0x0000023e7e341000 Exception <a 'java/lang/ClassNotFoundException'{0x0000000087450610}: org/gradle/initialization/InitScriptCustomizer> (0x0000000087450610) thrown at [./src/hotspot/share/classfile/systemDictionary.cpp, line 231]
Event: 3.390 Thread 0x0000023e7e341000 Exception <a 'java/lang/ClassNotFoundException'{0x0000000087462488}: sync_studio_tooling5_bhsp0fvfe70mp1bzzoxqhzajCustomizer> (0x0000000087462488) thrown at [./src/hotspot/share/classfile/systemDictionary.cpp, line 231]
Event: 3.399 Thread 0x0000023e7e341000 Exception <a 'java/lang/ClassNotFoundException'{0x0000000087323a28}: org/gradle/internal/extensibility/DefaultExtraPropertiesExtensionBeanInfo> (0x0000000087323a28) thrown at [./src/hotspot/share/classfile/systemDictionary.cpp, line 231]
Event: 3.399 Thread 0x0000023e7e341000 Exception <a 'java/lang/ClassNotFoundException'{0x00000000873358a8}: org/gradle/internal/extensibility/DefaultExtraPropertiesExtensionCustomizer> (0x00000000873358a8) thrown at [./src/hotspot/share/classfile/systemDictionary.cpp, line 231]
Event: 3.414 Thread 0x0000023e7e341000 Exception <a 'java/lang/ClassNotFoundException'{0x0000000087240618}: groovy/lang/Closure$1BeanInfo> (0x0000000087240618) thrown at [./src/hotspot/share/classfile/systemDictionary.cpp, line 231]
Event: 3.414 Thread 0x0000023e7e341000 Exception <a 'java/lang/ClassNotFoundException'{0x0000000087258338}: groovy/lang/ClosureBeanInfo> (0x0000000087258338) thrown at [./src/hotspot/share/classfile/systemDictionary.cpp, line 231]
Event: 3.415 Thread 0x0000023e7e341000 Exception <a 'java/lang/ClassNotFoundException'{0x000000008726fac0}: groovy/lang/ClosureCustomizer> (0x000000008726fac0) thrown at [./src/hotspot/share/classfile/systemDictionary.cpp, line 231]
Event: 3.416 Thread 0x0000023e7e341000 Exception <a 'java/lang/ClassNotFoundException'{0x00000000872a5228}: groovy/lang/Closure$1Customizer> (0x00000000872a5228) thrown at [./src/hotspot/share/classfile/systemDictionary.cpp, line 231]
Event: 3.493 Thread 0x0000023e7e341000 Exception <a 'java/lang/ClassNotFoundException'{0x0000000086d34318}: org/gradle/internal/metaobject/ConfigureDelegateBeanInfo> (0x0000000086d34318) thrown at [./src/hotspot/share/classfile/systemDictionary.cpp, line 231]
Event: 3.494 Thread 0x0000023e7e341000 Exception <a 'java/lang/ClassNotFoundException'{0x0000000086d518e0}: org/gradle/internal/metaobject/ConfigureDelegateCustomizer> (0x0000000086d518e0) thrown at [./src/hotspot/share/classfile/systemDictionary.cpp, line 231]
Event: 3.497 Thread 0x0000023e7e341000 Exception <a 'java/lang/ClassNotFoundException'{0x0000000086dad8b0}: org/gradle/api/internal/initialization/DefaultScriptHandlerBeanInfo> (0x0000000086dad8b0) thrown at [./src/hotspot/share/classfile/systemDictionary.cpp, line 231]
Event: 3.497 Thread 0x0000023e7e341000 Exception <a 'java/lang/ClassNotFoundException'{0x0000000086dce6f0}: org/gradle/api/internal/initialization/DefaultScriptHandlerCustomizer> (0x0000000086dce6f0) thrown at [./src/hotspot/share/classfile/systemDictionary.cpp, line 231]
Event: 3.595 Thread 0x0000023e7e341000 Exception <a 'java/lang/ClassNotFoundException'{0x0000000086505050}: org/gradle/api/internal/artifacts/dsl/dependencies/DefaultDependencyHandler_DecoratedBeanInfo> (0x0000000086505050) thrown at [./src/hotspot/share/classfile/systemDictionary.cpp, line 231]
Event: 3.597 Thread 0x0000023e7e341000 Exception <a 'java/lang/ClassNotFoundException'{0x0000000086538318}: org/gradle/api/internal/artifacts/dsl/dependencies/DefaultDependencyHandlerBeanInfo> (0x0000000086538318) thrown at [./src/hotspot/share/classfile/systemDictionary.cpp, line 231]
Event: 3.598 Thread 0x0000023e7e341000 Exception <a 'java/lang/ClassNotFoundException'{0x000000008656b410}: org/gradle/api/internal/artifacts/dsl/dependencies/DefaultDependencyHandlerCustomizer> (0x000000008656b410) thrown at [./src/hotspot/share/classfile/systemDictionary.cpp, line 231]
Event: 3.602 Thread 0x0000023e7e341000 Exception <a 'java/lang/ClassNotFoundException'{0x00000000865bd510}: org/gradle/api/internal/artifacts/dsl/dependencies/DefaultDependencyHandler_DecoratedCustomizer> (0x00000000865bd510) thrown at [./src/hotspot/share/classfile/systemDictionary.cpp, line 231]

Events (20 events):
Event: 3.759 loading class org/gradle/internal/resolve/result/DefaultBuildableComponentResolveResult
Event: 3.759 loading class org/gradle/internal/resolve/result/DefaultBuildableComponentResolveResult done
Event: 3.759 loading class org/gradle/internal/resolve/result/DefaultResourceAwareResolveResult
Event: 3.759 loading class org/gradle/internal/resolve/result/DefaultResourceAwareResolveResult done
Event: 3.759 loading class org/gradle/api/internal/artifacts/DefaultModule
Event: 3.759 loading class org/gradle/api/internal/artifacts/DefaultModule done
Event: 3.760 loading class org/gradle/internal/component/external/model/DefaultModuleComponentIdentifier
Event: 3.760 loading class org/gradle/internal/component/external/model/DefaultModuleComponentIdentifier done
Event: 3.760 loading class org/gradle/api/artifacts/ModuleIdentifier
Event: 3.760 loading class org/gradle/api/artifacts/ModuleIdentifier done
Event: 3.760 loading class org/gradle/api/artifacts/ModuleIdentifier
Event: 3.760 loading class org/gradle/api/artifacts/ModuleIdentifier done
Event: 3.761 loading class org/gradle/api/internal/artifacts/DefaultModuleVersionIdentifier
Event: 3.761 loading class org/gradle/api/internal/artifacts/DefaultModuleVersionIdentifier done
Event: 3.761 loading class org/gradle/internal/component/local/model/LocalConfigurationMetadata
Event: 3.761 loading class org/gradle/internal/component/local/model/LocalConfigurationMetadata done
Event: 3.761 loading class org/gradle/internal/component/local/model/BuildableLocalConfigurationMetadata
Event: 3.761 loading class org/gradle/internal/component/local/model/BuildableLocalConfigurationMetadata done
Event: 3.762 loading class org/gradle/internal/component/local/model/DefaultLocalComponentMetadata$DefaultLocalConfigurationMetadata
Event: 3.762 loading class org/gradle/internal/component/local/model/DefaultLocalComponentMetadata$DefaultLocalConfigurationMetadata done


Dynamic libraries:
0x00007ff6cd2f0000 - 0x00007ff6cd2fa000 	C:\Program Files\Android\Android Studio\jre\bin\java.exe
0x00007ffe97b30000 - 0x00007ffe97d25000 	C:\WINDOWS\SYSTEM32\ntdll.dll
0x00007ffe97990000 - 0x00007ffe97a4d000 	C:\WINDOWS\System32\KERNEL32.DLL
0x00007ffe957b0000 - 0x00007ffe95a78000 	C:\WINDOWS\System32\KERNELBASE.dll
0x00007ffe952a0000 - 0x00007ffe953a0000 	C:\WINDOWS\System32\ucrtbase.dll
0x00007ffe7efa0000 - 0x00007ffe7efb9000 	C:\Program Files\Android\Android Studio\jre\bin\jli.dll
0x00007ffe977e0000 - 0x00007ffe97980000 	C:\WINDOWS\System32\USER32.dll
0x00007ffe95270000 - 0x00007ffe95292000 	C:\WINDOWS\System32\win32u.dll
0x00007ffe95ed0000 - 0x00007ffe95efa000 	C:\WINDOWS\System32\GDI32.dll
0x00007ffe95a80000 - 0x00007ffe95b8b000 	C:\WINDOWS\System32\gdi32full.dll
0x00007ffe95580000 - 0x00007ffe9561d000 	C:\WINDOWS\System32\msvcp_win.dll
0x00007ffe77740000 - 0x00007ffe779da000 	C:\WINDOWS\WinSxS\amd64_microsoft.windows.common-controls_6595b64144ccf1df_6.0.19041.844_none_ca00b6081b84eb1d\COMCTL32.dll
0x00007ffe96bd0000 - 0x00007ffe96c6e000 	C:\WINDOWS\System32\msvcrt.dll
0x00007ffe7ec20000 - 0x00007ffe7ec37000 	C:\Program Files\Android\Android Studio\jre\bin\VCRUNTIME140.dll
0x00007ffe97a50000 - 0x00007ffe97a80000 	C:\WINDOWS\System32\IMM32.DLL
0x00007ffe5f9a0000 - 0x00007ffe5fa3d000 	C:\Program Files\Android\Android Studio\jre\bin\msvcp140.dll
0x00007ffe4a250000 - 0x00007ffe4ad0c000 	C:\Program Files\Android\Android Studio\jre\bin\server\jvm.dll
0x00007ffe95b90000 - 0x00007ffe95c3c000 	C:\WINDOWS\System32\ADVAPI32.dll
0x00007ffe95e30000 - 0x00007ffe95ecb000 	C:\WINDOWS\System32\sechost.dll
0x00007ffe96160000 - 0x00007ffe9628b000 	C:\WINDOWS\System32\RPCRT4.dll
0x00007ffe97980000 - 0x00007ffe97988000 	C:\WINDOWS\System32\PSAPI.DLL
0x00007ffe94e00000 - 0x00007ffe94e0a000 	C:\WINDOWS\SYSTEM32\VERSION.dll
0x00007ffe71ff0000 - 0x00007ffe71ff9000 	C:\WINDOWS\SYSTEM32\WSOCK32.dll
0x00007ffe79930000 - 0x00007ffe79957000 	C:\WINDOWS\SYSTEM32\WINMM.dll
0x00007ffe97a80000 - 0x00007ffe97aeb000 	C:\WINDOWS\System32\WS2_32.dll
0x00007ffe93ad0000 - 0x00007ffe93ae2000 	C:\WINDOWS\SYSTEM32\kernel.appcore.dll
0x00007ffe8cb40000 - 0x00007ffe8cb51000 	C:\Program Files\Android\Android Studio\jre\bin\verify.dll
0x00007ffe93050000 - 0x00007ffe93234000 	C:\WINDOWS\SYSTEM32\DBGHELP.DLL
0x00007ffe71850000 - 0x00007ffe7187c000 	C:\WINDOWS\SYSTEM32\dbgcore.DLL
0x00007ffe95620000 - 0x00007ffe956a0000 	C:\WINDOWS\System32\bcryptPrimitives.dll
0x00007ffe8c2c0000 - 0x00007ffe8c2e9000 	C:\Program Files\Android\Android Studio\jre\bin\java.dll
0x00007ffe8c270000 - 0x00007ffe8c27b000 	C:\Program Files\Android\Android Studio\jre\bin\jimage.dll
0x00007ffe8c250000 - 0x00007ffe8c268000 	C:\Program Files\Android\Android Studio\jre\bin\zip.dll
0x00007ffe962a0000 - 0x00007ffe969e2000 	C:\WINDOWS\System32\SHELL32.dll
0x00007ffe93330000 - 0x00007ffe93ac0000 	C:\WINDOWS\SYSTEM32\windows.storage.dll
0x00007ffe96c70000 - 0x00007ffe96fc5000 	C:\WINDOWS\System32\combase.dll
0x00007ffe94c70000 - 0x00007ffe94c9c000 	C:\WINDOWS\SYSTEM32\Wldp.dll
0x00007ffe95c40000 - 0x00007ffe95cee000 	C:\WINDOWS\System32\SHCORE.dll
0x00007ffe97780000 - 0x00007ffe977d5000 	C:\WINDOWS\System32\shlwapi.dll
0x00007ffe951b0000 - 0x00007ffe951cf000 	C:\WINDOWS\SYSTEM32\profapi.dll
0x00007ffe8acc0000 - 0x00007ffe8acda000 	C:\Program Files\Android\Android Studio\jre\bin\net.dll
0x00007ffe7d5b0000 - 0x00007ffe7d6bb000 	C:\WINDOWS\SYSTEM32\WINHTTP.dll
0x00007ffe949e0000 - 0x00007ffe94a4a000 	C:\WINDOWS\system32\mswsock.dll
0x00007ffe8ab40000 - 0x00007ffe8ab54000 	C:\Program Files\Android\Android Studio\jre\bin\nio.dll
0x00007ffe7de40000 - 0x00007ffe7de67000 	C:\Users\Apolo\.gradle\native\fdc75f09e3144964f2cf3f50f0aa648679c211496f362492102eb8c894070792\windows-amd64\native-platform.dll
0x00007ffe57980000 - 0x00007ffe57b16000 	C:\Users\Apolo\.gradle\native\12488b8bf47d2d4c9fbf2f6322a914ad602e24e48041cd04a747c6da556b65c4\windows-amd64\native-platform-file-events.dll
0x00007ffe8c210000 - 0x00007ffe8c21a000 	C:\Program Files\Android\Android Studio\jre\bin\management.dll
0x00007ffe8ba50000 - 0x00007ffe8ba5c000 	C:\Program Files\Android\Android Studio\jre\bin\management_ext.dll
0x00007ffe94bb0000 - 0x00007ffe94bc8000 	C:\WINDOWS\SYSTEM32\CRYPTSP.dll
0x00007ffe94310000 - 0x00007ffe94344000 	C:\WINDOWS\system32\rsaenh.dll
0x00007ffe95550000 - 0x00007ffe95577000 	C:\WINDOWS\System32\bcrypt.dll
0x00007ffe95130000 - 0x00007ffe9515e000 	C:\WINDOWS\SYSTEM32\USERENV.dll
0x00007ffe94bd0000 - 0x00007ffe94bdc000 	C:\WINDOWS\SYSTEM32\CRYPTBASE.dll
0x00007ffe94680000 - 0x00007ffe946bb000 	C:\WINDOWS\SYSTEM32\IPHLPAPI.DLL
0x00007ffe96290000 - 0x00007ffe96298000 	C:\WINDOWS\System32\NSI.dll
0x00007ffe888a0000 - 0x00007ffe888b7000 	C:\WINDOWS\SYSTEM32\dhcpcsvc6.DLL
0x00007ffe89d90000 - 0x00007ffe89dad000 	C:\WINDOWS\SYSTEM32\dhcpcsvc.DLL
0x00007ffe946c0000 - 0x00007ffe9478c000 	C:\WINDOWS\SYSTEM32\DNSAPI.dll
0x00007ffe89fa0000 - 0x00007ffe89fab000 	C:\WINDOWS\SYSTEM32\WINNSI.DLL

dbghelp: loaded successfully - version: 4.0.5 - missing functions: none
symbol engine: initialized successfully - sym options: 0x614 - pdb path: .;C:\Program Files\Android\Android Studio\jre\bin;C:\WINDOWS\SYSTEM32;C:\WINDOWS\WinSxS\amd64_microsoft.windows.common-controls_6595b64144ccf1df_6.0.19041.844_none_ca00b6081b84eb1d;C:\Program Files\Android\Android Studio\jre\bin\server;C:\Users\Apolo\.gradle\native\fdc75f09e3144964f2cf3f50f0aa648679c211496f362492102eb8c894070792\windows-amd64;C:\Users\Apolo\.gradle\native\12488b8bf47d2d4c9fbf2f6322a914ad602e24e48041cd04a747c6da556b65c4\windows-amd64

VM Arguments:
jvm_args: --add-opens=java.base/java.util=ALL-UNNAMED --add-opens=java.base/java.lang=ALL-UNNAMED --add-opens=java.base/java.lang.invoke=ALL-UNNAMED --add-opens=java.prefs/java.util.prefs=ALL-UNNAMED -Xmx2048m -Dfile.encoding=windows-1252 -Duser.country=ES -Duser.language=es -Duser.variant 
java_command: org.gradle.launcher.daemon.bootstrap.GradleDaemon 6.7.1
java_class_path (initial): C:\Users\Apolo\.gradle\wrapper\dists\gradle-6.7.1-bin\bwlcbys1h7rz3272sye1xwiv6\gradle-6.7.1\lib\gradle-launcher-6.7.1.jar
Launcher Type: SUN_STANDARD

[Global flags]
     intx CICompilerCount                          = 4                                         {product} {ergonomic}
     uint ConcGCThreads                            = 2                                         {product} {ergonomic}
     uint G1ConcRefinementThreads                  = 8                                         {product} {ergonomic}
   size_t G1HeapRegionSize                         = 1048576                                   {product} {ergonomic}
    uintx GCDrainStackTargetSize                   = 64                                        {product} {ergonomic}
   size_t InitialHeapSize                          = 132120576                                 {product} {ergonomic}
   size_t MarkStackSize                            = 4194304                                   {product} {ergonomic}
   size_t MaxHeapSize                              = 2147483648                                {product} {command line}
   size_t MaxNewSize                               = 1287651328                                {product} {ergonomic}
   size_t MinHeapDeltaBytes                        = 1048576                                   {product} {ergonomic}
    uintx NonNMethodCodeHeapSize                   = 5836300                                {pd product} {ergonomic}
    uintx NonProfiledCodeHeapSize                  = 122910970                              {pd product} {ergonomic}
    uintx ProfiledCodeHeapSize                     = 122910970                              {pd product} {ergonomic}
    uintx ReservedCodeCacheSize                    = 251658240                              {pd product} {ergonomic}
     bool SegmentedCodeCache                       = true                                      {product} {ergonomic}
     bool UseCompressedClassPointers               = true                                 {lp64_product} {ergonomic}
     bool UseCompressedOops                        = true                                 {lp64_product} {ergonomic}
     bool UseG1GC                                  = true                                      {product} {ergonomic}
     bool UseLargePagesIndividualAllocation        = false                                  {pd product} {ergonomic}

Logging:
Log output configuration:
 #0: stdout all=warning uptime,level,tags
 #1: stderr all=off uptime,level,tags

Environment Variables:
PATH=C:\orant\bin;C:\Program Files\Common Files\Oracle\Java\javapath;C:\Program Files (x86)\Common Files\Oracle\Java\javapath;C:\WINDOWS\system32;C:\WINDOWS;C:\WINDOWS\System32\Wbem;C:\WINDOWS\System32\WindowsPowerShell\v1.0\;C:\WINDOWS\System32\OpenSSH\;C:\orant\jdk\bin;C:\Program Files (x86)\Intel\Intel(R) Memory And Storage Tool\;C:\Program Files\Git\cmd;C:\Program Files\nodejs\;C:\instantclient_12_1\;C:\Users\Apolo\AppData\Local\Microsoft\WindowsApps;C:\Users\Apolo\AppData\Local\Programs\Microsoft VS Code\bin;C:\Users\Apolo\AppData\Roaming\npm;C:\Users\Apolo\AppData\Local\atom\bin;
USERNAME=Apolo
OS=Windows_NT
PROCESSOR_IDENTIFIER=Intel64 Family 6 Model 126 Stepping 5, GenuineIntel



---------------  S Y S T E M  ---------------

OS: Windows 10 , 64 bit Build 19041 (10.0.19041.928)
OS uptime: 10 days 4:04 hours

CPU:total 8 (initial active 8) (4 cores per cpu, 2 threads per core) family 6 model 126 stepping 5, cmov, cx8, fxsr, mmx, sse, sse2, sse3, ssse3, sse4.1, sse4.2, popcnt, avx, avx2, aes, clmul, erms, 3dnowpref, lzcnt, ht, tsc, tscinvbit, bmi1, bmi2, adx, evex, sha, fma

Memory: 4k page, system-wide physical 7973M (753M free)
TotalPageFile size 11461M (AvailPageFile size 5M)
current process WorkingSet (physical memory assigned to process): 275M, peak: 276M
current process commit charge ("private bytes"): 320M, peak: 323M

vm_info: OpenJDK 64-Bit Server VM (11.0.8+10-b944.6842174) for windows-amd64 JRE (11.0.8+10-b944.6842174), built on Sep 19 2020 01:11:42 by "builder" with MS VC++ 14.0 (VS2015)

END.
