#
# There is insufficient memory for the Java Runtime Environment to continue.
# Native memory allocation (malloc) failed to allocate 471936 bytes for Chunk::new
# Possible reasons:
#   The system is out of physical RAM or swap space
#   The process is running with CompressedOops enabled, and the Java Heap may be blocking the growth of the native heap
# Possible solutions:
#   Reduce memory load on the system
#   Increase physical memory or swap space
#   Check if swap backing store is full
#   Decrease Java heap size (-Xmx/-Xms)
#   Decrease number of Java threads
#   Decrease Java thread stack sizes (-Xss)
#   Set larger code cache with -XX:ReservedCodeCacheSize=
#   JVM is running with Unscaled Compressed Oops mode in which the Java heap is
#     placed in the first 4GB address space. The Java Heap base address is the
#     maximum limit for the native heap growth. Please use -XX:HeapBaseMinAddress
#     to set the Java Heap base and to place the Java Heap above 4GB virtual address.
# This output file may be truncated or incomplete.
#
#  Out of Memory Error (allocation.cpp:389), pid=180392, tid=0x000000000002c488
#
# JRE version: OpenJDK Runtime Environment (8.0_242-b01) (build 1.8.0_242-release-1644-b01)
# Java VM: OpenJDK 64-Bit Server VM (25.242-b01 mixed mode windows-amd64 compressed oops)
# Failed to write core dump. Minidumps are not enabled by default on client versions of Windows
#

---------------  T H R E A D  ---------------

Current thread (0x0000000019fee000):  JavaThread "C2 CompilerThread2" daemon [_thread_in_native, id=181384, stack(0x000000001aae0000,0x000000001abe0000)]

Stack: [0x000000001aae0000,0x000000001abe0000]
[error occurred during error reporting (printing stack bounds), id 0xc0000005]

Native frames: (J=compiled Java code, j=interpreted, Vv=VM code, C=native code)


Current CompileTask:
C2:  20658 12533       4       com.android.tools.r8.code.v1::a (4137 bytes)


---------------  P R O C E S S  ---------------

Java Threads: ( => current thread )
  0x000000001f49a800 JavaThread "ForkJoinPool-1-worker-0" daemon [_thread_blocked, id=177020, stack(0x0000000032af0000,0x0000000032bf0000)]
  0x000000001f496000 JavaThread "ForkJoinPool-1-worker-7" daemon [_thread_in_Java, id=175456, stack(0x00000000329f0000,0x0000000032af0000)]
  0x000000001f493000 JavaThread "ForkJoinPool-1-worker-6" daemon [_thread_blocked, id=178660, stack(0x00000000328f0000,0x00000000329f0000)]
  0x00000000223ed000 JavaThread "ForkJoinPool-1-worker-5" daemon [_thread_blocked, id=171924, stack(0x00000000327f0000,0x00000000328f0000)]
  0x000000002c5e1800 JavaThread "ForkJoinPool-1-worker-4" daemon [_thread_blocked, id=176240, stack(0x00000000326f0000,0x00000000327f0000)]
  0x000000002c5de800 JavaThread "ForkJoinPool-1-worker-3" daemon [_thread_blocked, id=153476, stack(0x00000000325f0000,0x00000000326f0000)]
  0x000000002c5df800 JavaThread "ForkJoinPool-1-worker-2" daemon [_thread_blocked, id=179504, stack(0x00000000324f0000,0x00000000325f0000)]
  0x000000002c5d9800 JavaThread "ForkJoinPool-1-worker-1" daemon [_thread_blocked, id=157964, stack(0x0000000030960000,0x0000000030a60000)]
  0x000000002c5de000 JavaThread "WorkerExecutor Queue Thread 7" [_thread_blocked, id=176832, stack(0x0000000031b60000,0x0000000031c60000)]
  0x000000002c5db800 JavaThread "WorkerExecutor Queue Thread 6" [_thread_blocked, id=179460, stack(0x0000000031460000,0x0000000031560000)]
  0x000000002c5e0000 JavaThread "WorkerExecutor Queue Thread 5" [_thread_blocked, id=176344, stack(0x0000000031360000,0x0000000031460000)]
  0x000000002c5d4000 JavaThread "WorkerExecutor Queue Thread 4" [_thread_blocked, id=176976, stack(0x0000000031260000,0x0000000031360000)]
  0x000000002c5db000 JavaThread "Cache worker for Java compile cache (C:\Android\Proyecto\VendedoresKT\ApoloVendedor\.gradle\6.5\javaCompile)" [_thread_blocked, id=179152, stack(0x0000000030f60000,0x0000000031060000)]
  0x000000002c5d3800 JavaThread "Cache worker for Java compile cache (C:\Users\Apolo\.gradle\caches\6.5\javaCompile)" [_thread_blocked, id=178064, stack(0x0000000030e60000,0x0000000030f60000)]
  0x000000002c5d8800 JavaThread "RMI TCP Connection(1)-127.0.0.1" daemon [_thread_in_native, id=169056, stack(0x0000000030d60000,0x0000000030e60000)]
  0x000000002c5d7000 JavaThread "RMI Reaper" [_thread_blocked, id=131608, stack(0x0000000030c60000,0x0000000030d60000)]
  0x000000002c5d8000 JavaThread "RMI TCP Accept-0" daemon [_thread_in_native, id=160300, stack(0x0000000030b60000,0x0000000030c60000)]
  0x000000002c5da000 JavaThread "GC Daemon" daemon [_thread_blocked, id=177648, stack(0x0000000030a60000,0x0000000030b60000)]
  0x000000002c5d6800 JavaThread "RMI Scheduler(0)" daemon [_thread_blocked, id=177296, stack(0x000000002fd60000,0x000000002fe60000)]
  0x00000000223ef000 JavaThread "stdout" [_thread_in_native, id=179508, stack(0x0000000030460000,0x0000000030560000)]
  0x00000000223ee800 JavaThread "stderr" [_thread_in_native, id=114364, stack(0x0000000030360000,0x0000000030460000)]
  0x00000000223ed800 JavaThread "pool-2-thread-1" [_thread_blocked, id=174208, stack(0x0000000030260000,0x0000000030360000)]
  0x00000000223ec000 JavaThread "WorkerExecutor Queue Thread 3" [_thread_blocked, id=179280, stack(0x0000000030160000,0x0000000030260000)]
  0x00000000223f0800 JavaThread "WorkerExecutor Queue Thread 2" [_thread_blocked, id=151600, stack(0x0000000030060000,0x0000000030160000)]
  0x00000000223e6000 JavaThread "Cache worker for execution history cache (C:\Android\Proyecto\VendedoresKT\ApoloVendedor\.gradle\6.5\executionHistory)" [_thread_blocked, id=181336, stack(0x000000002f660000,0x000000002f760000)]
  0x00000000223ea800 JavaThread "Execution worker for ':' Thread 7" [_thread_blocked, id=172860, stack(0x000000002f560000,0x000000002f660000)]
  0x00000000223ea000 JavaThread "Execution worker for ':' Thread 6" [_thread_blocked, id=178812, stack(0x000000002f460000,0x000000002f560000)]
  0x00000000223e9000 JavaThread "Execution worker for ':' Thread 5" [_thread_blocked, id=181388, stack(0x000000002f360000,0x000000002f460000)]
  0x00000000223e4000 JavaThread "Execution worker for ':' Thread 4" [_thread_blocked, id=181816, stack(0x000000002f260000,0x000000002f360000)]
  0x00000000223e8800 JavaThread "Execution worker for ':' Thread 3" [_thread_blocked, id=176824, stack(0x000000002f160000,0x000000002f260000)]
  0x00000000223e7000 JavaThread "Execution worker for ':' Thread 2" [_thread_blocked, id=181988, stack(0x000000002f060000,0x000000002f160000)]
  0x00000000223e5800 JavaThread "Execution worker for ':'" [_thread_blocked, id=180756, stack(0x000000002daa0000,0x000000002dba0000)]
  0x00000000223e2800 JavaThread "Cache worker for file content cache (C:\Android\Proyecto\VendedoresKT\ApoloVendedor\.gradle\6.5\fileContent)" [_thread_blocked, id=181676, stack(0x000000002d7a0000,0x000000002d8a0000)]
  0x00000000223e3000 JavaThread "Memory manager" [_thread_blocked, id=150716, stack(0x000000002d6a0000,0x000000002d7a0000)]
  0x00000000223e7800 JavaThread "Cache worker for Build Output Cleanup Cache (C:\Android\Proyecto\VendedoresKT\ApoloVendedor\.gradle\buildOutputCleanup)" [_thread_blocked, id=176028, stack(0x000000002b4c0000,0x000000002b5c0000)]
  0x000000001fe70000 JavaThread "jar transforms Thread 113" [_thread_blocked, id=180260, stack(0x000000002b1c0000,0x000000002b2c0000)]
  0x000000001fe74000 JavaThread "jar transforms Thread 112" [_thread_blocked, id=176548, stack(0x000000002b0c0000,0x000000002b1c0000)]
  0x000000001fe71800 JavaThread "jar transforms Thread 111" [_thread_blocked, id=176688, stack(0x000000002afc0000,0x000000002b0c0000)]
  0x000000001fe72800 JavaThread "jar transforms Thread 110" [_thread_blocked, id=182016, stack(0x000000002aec0000,0x000000002afc0000)]
  0x000000001fe6f000 JavaThread "jar transforms Thread 109" [_thread_blocked, id=178832, stack(0x000000002adc0000,0x000000002aec0000)]
  0x000000001fe6d000 JavaThread "jar transforms Thread 108" [_thread_blocked, id=180992, stack(0x000000002acc0000,0x000000002adc0000)]
  0x000000001fe6d800 JavaThread "jar transforms Thread 107" [_thread_blocked, id=177120, stack(0x000000002abc0000,0x000000002acc0000)]
  0x000000001fe73000 JavaThread "jar transforms Thread 106" [_thread_blocked, id=180712, stack(0x000000002aac0000,0x000000002abc0000)]
  0x000000001fe6e800 JavaThread "jar transforms Thread 105" [_thread_blocked, id=180032, stack(0x000000002a9c0000,0x000000002aac0000)]
  0x000000001fe70800 JavaThread "jar transforms Thread 104" [_thread_blocked, id=180460, stack(0x000000002a8c0000,0x000000002a9c0000)]
  0x000000001fe65800 JavaThread "jar transforms Thread 103" [_thread_blocked, id=175228, stack(0x000000002a7c0000,0x000000002a8c0000)]
  0x000000001fe6c000 JavaThread "jar transforms Thread 102" [_thread_blocked, id=180000, stack(0x000000002a6c0000,0x000000002a7c0000)]
  0x000000001fe64800 JavaThread "jar transforms Thread 101" [_thread_blocked, id=179568, stack(0x000000002a5c0000,0x000000002a6c0000)]
  0x000000001fe6a000 JavaThread "jar transforms Thread 100" [_thread_blocked, id=177968, stack(0x000000002a4c0000,0x000000002a5c0000)]
  0x000000001fe69000 JavaThread "jar transforms Thread 99" [_thread_blocked, id=116932, stack(0x000000002a3c0000,0x000000002a4c0000)]
  0x000000001fe67000 JavaThread "jar transforms Thread 98" [_thread_blocked, id=181720, stack(0x000000002a2c0000,0x000000002a3c0000)]
  0x000000001fe66000 JavaThread "jar transforms Thread 97" [_thread_blocked, id=170716, stack(0x000000002a1c0000,0x000000002a2c0000)]
  0x000000001fe67800 JavaThread "jar transforms Thread 96" [_thread_blocked, id=182092, stack(0x000000002a0c0000,0x000000002a1c0000)]
  0x000000001fe6b800 JavaThread "jar transforms Thread 95" [_thread_blocked, id=174624, stack(0x0000000029fc0000,0x000000002a0c0000)]
  0x000000001fe6a800 JavaThread "jar transforms Thread 94" [_thread_blocked, id=180404, stack(0x0000000029ec0000,0x0000000029fc0000)]
  0x000000001fe68800 JavaThread "jar transforms Thread 93" [_thread_blocked, id=170884, stack(0x0000000029dc0000,0x0000000029ec0000)]
  0x00000000208f8800 JavaThread "jar transforms Thread 92" [_thread_blocked, id=177172, stack(0x0000000029cc0000,0x0000000029dc0000)]
  0x00000000208f8000 JavaThread "jar transforms Thread 91" [_thread_blocked, id=179656, stack(0x0000000029bc0000,0x0000000029cc0000)]
  0x00000000208f7000 JavaThread "jar transforms Thread 90" [_thread_blocked, id=178992, stack(0x0000000029ac0000,0x0000000029bc0000)]
  0x00000000208f6800 JavaThread "jar transforms Thread 89" [_thread_blocked, id=170072, stack(0x00000000299c0000,0x0000000029ac0000)]
  0x00000000208f5800 JavaThread "jar transforms Thread 88" [_thread_blocked, id=172744, stack(0x00000000298c0000,0x00000000299c0000)]
  0x00000000208f5000 JavaThread "jar transforms Thread 87" [_thread_blocked, id=181476, stack(0x00000000297c0000,0x00000000298c0000)]
  0x00000000208f4000 JavaThread "jar transforms Thread 86" [_thread_blocked, id=182164, stack(0x00000000296c0000,0x00000000297c0000)]
  0x00000000208f3800 JavaThread "jar transforms Thread 85" [_thread_blocked, id=180676, stack(0x00000000295c0000,0x00000000296c0000)]
  0x00000000208fa000 JavaThread "jar transforms Thread 84" [_thread_blocked, id=178664, stack(0x00000000294c0000,0x00000000295c0000)]
  0x00000000208f9800 JavaThread "jar transforms Thread 83" [_thread_blocked, id=180244, stack(0x00000000293c0000,0x00000000294c0000)]
  0x00000000208ec000 JavaThread "jar transforms Thread 82" [_thread_blocked, id=170044, stack(0x00000000292c0000,0x00000000293c0000)]
  0x00000000208f2000 JavaThread "jar transforms Thread 81" [_thread_blocked, id=181996, stack(0x00000000291c0000,0x00000000292c0000)]
  0x00000000208f1000 JavaThread "jar transforms Thread 80" [_thread_blocked, id=181508, stack(0x00000000290c0000,0x00000000291c0000)]
  0x00000000208f2800 JavaThread "jar transforms Thread 79" [_thread_blocked, id=181148, stack(0x0000000028fc0000,0x00000000290c0000)]
  0x00000000208ef800 JavaThread "jar transforms Thread 78" [_thread_blocked, id=179416, stack(0x0000000028ec0000,0x0000000028fc0000)]
  0x00000000208f0800 JavaThread "jar transforms Thread 77" [_thread_blocked, id=179744, stack(0x0000000028dc0000,0x0000000028ec0000)]
  0x00000000208ef000 JavaThread "jar transforms Thread 76" [_thread_blocked, id=181784, stack(0x0000000028cc0000,0x0000000028dc0000)]
  0x00000000208ee000 JavaThread "jar transforms Thread 75" [_thread_blocked, id=181468, stack(0x0000000028bc0000,0x0000000028cc0000)]
  0x00000000208ec800 JavaThread "jar transforms Thread 74" [_thread_blocked, id=181272, stack(0x0000000028ac0000,0x0000000028bc0000)]
  0x00000000208ed800 JavaThread "jar transforms Thread 73" [_thread_blocked, id=182128, stack(0x00000000289c0000,0x0000000028ac0000)]
  0x00000000208eb000 JavaThread "jar transforms Thread 72" [_thread_blocked, id=172904, stack(0x00000000288c0000,0x00000000289c0000)]
  0x000000001fe80000 JavaThread "jar transforms Thread 71" [_thread_blocked, id=155512, stack(0x00000000287c0000,0x00000000288c0000)]
  0x000000001fe81000 JavaThread "jar transforms Thread 70" [_thread_blocked, id=175560, stack(0x00000000286c0000,0x00000000287c0000)]
  0x000000001fe7f000 JavaThread "jar transforms Thread 69" [_thread_blocked, id=181100, stack(0x00000000285c0000,0x00000000286c0000)]
  0x000000001fe7d000 JavaThread "jar transforms Thread 68" [_thread_blocked, id=175588, stack(0x00000000284c0000,0x00000000285c0000)]
  0x000000001fe81800 JavaThread "jar transforms Thread 67" [_thread_blocked, id=153012, stack(0x00000000283c0000,0x00000000284c0000)]
  0x000000001fe7e800 JavaThread "jar transforms Thread 66" [_thread_blocked, id=181360, stack(0x00000000282c0000,0x00000000283c0000)]
  0x000000001fe83000 JavaThread "jar transforms Thread 65" [_thread_blocked, id=181864, stack(0x00000000281c0000,0x00000000282c0000)]
  0x000000001fe82800 JavaThread "jar transforms Thread 64" [_thread_blocked, id=181296, stack(0x00000000280c0000,0x00000000281c0000)]
  0x000000001fe7d800 JavaThread "jar transforms Thread 63" [_thread_blocked, id=181372, stack(0x0000000027fc0000,0x00000000280c0000)]
  0x000000001fe84000 JavaThread "jar transforms Thread 62" [_thread_blocked, id=182208, stack(0x0000000027ec0000,0x0000000027fc0000)]
  0x000000001fe75800 JavaThread "jar transforms Thread 61" [_thread_blocked, id=176268, stack(0x0000000027dc0000,0x0000000027ec0000)]
  0x000000001fe7c000 JavaThread "jar transforms Thread 60" [_thread_blocked, id=181500, stack(0x0000000027cc0000,0x0000000027dc0000)]
  0x000000001fe7b800 JavaThread "jar transforms Thread 59" [_thread_blocked, id=180856, stack(0x0000000027bc0000,0x0000000027cc0000)]
  0x000000001fe76000 JavaThread "jar transforms Thread 58" [_thread_blocked, id=180604, stack(0x0000000027ac0000,0x0000000027bc0000)]
  0x000000001fe7a800 JavaThread "jar transforms Thread 57" [_thread_blocked, id=176720, stack(0x00000000279c0000,0x0000000027ac0000)]
  0x000000001fe7a000 JavaThread "jar transforms Thread 56" [_thread_blocked, id=181956, stack(0x00000000278c0000,0x00000000279c0000)]
  0x000000001fe74800 JavaThread "jar transforms Thread 55" [_thread_blocked, id=182060, stack(0x00000000277c0000,0x00000000278c0000)]
  0x000000001fe79000 JavaThread "jar transforms Thread 54" [_thread_blocked, id=112608, stack(0x00000000276c0000,0x00000000277c0000)]
  0x000000001fe78800 JavaThread "jar transforms Thread 53" [_thread_blocked, id=173772, stack(0x00000000275c0000,0x00000000276c0000)]
  0x000000001fe77000 JavaThread "jar transforms Thread 52" [_thread_blocked, id=180472, stack(0x00000000274c0000,0x00000000275c0000)]
  0x000000001fe77800 JavaThread "jar transforms Thread 51" [_thread_blocked, id=182260, stack(0x00000000273c0000,0x00000000274c0000)]
  0x000000001d11d000 JavaThread "jar transforms Thread 50" [_thread_blocked, id=180912, stack(0x00000000272c0000,0x00000000273c0000)]
  0x000000001d11a800 JavaThread "jar transforms Thread 49" [_thread_blocked, id=182004, stack(0x00000000271c0000,0x00000000272c0000)]
  0x000000001d11a000 JavaThread "jar transforms Thread 48" [_thread_blocked, id=180444, stack(0x00000000270c0000,0x00000000271c0000)]
  0x000000001d119000 JavaThread "jar transforms Thread 47" [_thread_blocked, id=60392, stack(0x0000000026fc0000,0x00000000270c0000)]
  0x000000001d11c000 JavaThread "jar transforms Thread 46" [_thread_blocked, id=181268, stack(0x0000000026ec0000,0x0000000026fc0000)]
  0x000000001d11d800 JavaThread "jar transforms Thread 45" [_thread_blocked, id=182116, stack(0x0000000026dc0000,0x0000000026ec0000)]
  0x000000001d118800 JavaThread "jar transforms Thread 44" [_thread_blocked, id=176248, stack(0x0000000026cc0000,0x0000000026dc0000)]
  0x000000001d11b800 JavaThread "jar transforms Thread 43" [_thread_blocked, id=181748, stack(0x0000000026bc0000,0x0000000026cc0000)]
  0x000000001d111000 JavaThread "jar transforms Thread 42" [_thread_blocked, id=178152, stack(0x0000000026ac0000,0x0000000026bc0000)]
  0x000000001d117800 JavaThread "jar transforms Thread 41" [_thread_blocked, id=180964, stack(0x00000000269c0000,0x0000000026ac0000)]
  0x000000001d117000 JavaThread "jar transforms Thread 40" [_thread_blocked, id=181608, stack(0x00000000268c0000,0x00000000269c0000)]
  0x000000001d10f800 JavaThread "jar transforms Thread 39" [_thread_blocked, id=180840, stack(0x00000000267c0000,0x00000000268c0000)]
  0x000000001d113000 JavaThread "jar transforms Thread 38" [_thread_blocked, id=150636, stack(0x00000000266c0000,0x00000000267c0000)]
  0x000000001d116000 JavaThread "jar transforms Thread 37" [_thread_blocked, id=181380, stack(0x00000000265c0000,0x00000000266c0000)]
  0x000000001d112800 JavaThread "jar transforms Thread 36" [_thread_blocked, id=178888, stack(0x00000000264c0000,0x00000000265c0000)]
  0x000000001d10e800 JavaThread "jar transforms Thread 35" [_thread_blocked, id=181016, stack(0x00000000263c0000,0x00000000264c0000)]
  0x000000001d115800 JavaThread "jar transforms Thread 34" [_thread_blocked, id=181048, stack(0x00000000262c0000,0x00000000263c0000)]
  0x000000001d114800 JavaThread "jar transforms Thread 33" [_thread_blocked, id=181920, stack(0x00000000261c0000,0x00000000262c0000)]
  0x000000001d111800 JavaThread "jar transforms Thread 32" [_thread_blocked, id=180804, stack(0x00000000260c0000,0x00000000261c0000)]
  0x000000001d110000 JavaThread "jar transforms Thread 31" [_thread_blocked, id=181080, stack(0x0000000025fc0000,0x00000000260c0000)]
  0x000000001d114000 JavaThread "jar transforms Thread 30" [_thread_blocked, id=181888, stack(0x0000000025ec0000,0x0000000025fc0000)]
  0x00000000217e1800 JavaThread "jar transforms Thread 29" [_thread_blocked, id=182160, stack(0x0000000025dc0000,0x0000000025ec0000)]
  0x00000000217e1000 JavaThread "jar transforms Thread 28" [_thread_blocked, id=181668, stack(0x0000000025cc0000,0x0000000025dc0000)]
  0x00000000217e0000 JavaThread "jar transforms Thread 27" [_thread_blocked, id=181852, stack(0x0000000025bc0000,0x0000000025cc0000)]
  0x00000000217e2800 JavaThread "jar transforms Thread 26" [_thread_blocked, id=179840, stack(0x0000000025ac0000,0x0000000025bc0000)]
  0x00000000217df800 JavaThread "jar transforms Thread 25" [_thread_blocked, id=176964, stack(0x00000000259c0000,0x0000000025ac0000)]
  0x00000000217e4800 JavaThread "jar transforms Thread 24" [_thread_blocked, id=177220, stack(0x00000000258c0000,0x00000000259c0000)]
  0x00000000217de800 JavaThread "jar transforms Thread 23" [_thread_blocked, id=181456, stack(0x00000000257c0000,0x00000000258c0000)]
  0x00000000217e3000 JavaThread "jar transforms Thread 22" [_thread_blocked, id=182168, stack(0x00000000256c0000,0x00000000257c0000)]
  0x00000000217e4000 JavaThread "jar transforms Thread 21" [_thread_blocked, id=181344, stack(0x00000000255c0000,0x00000000256c0000)]
  0x00000000217d7000 JavaThread "jar transforms Thread 20" [_thread_blocked, id=176772, stack(0x00000000254c0000,0x00000000255c0000)]
  0x00000000217d9800 JavaThread "jar transforms Thread 19" [_thread_blocked, id=179056, stack(0x00000000253c0000,0x00000000254c0000)]
  0x00000000217de000 JavaThread "jar transforms Thread 18" [_thread_blocked, id=181532, stack(0x00000000252c0000,0x00000000253c0000)]
  0x00000000217d6800 JavaThread "jar transforms Thread 17" [_thread_blocked, id=181708, stack(0x00000000251c0000,0x00000000252c0000)]
  0x00000000217db000 JavaThread "jar transforms Thread 16" [_thread_blocked, id=181368, stack(0x00000000250c0000,0x00000000251c0000)]
  0x00000000217d8000 JavaThread "jar transforms Thread 15" [_thread_blocked, id=181924, stack(0x0000000024fc0000,0x00000000250c0000)]
  0x00000000217db800 JavaThread "jar transforms Thread 14" [_thread_blocked, id=179092, stack(0x0000000024ec0000,0x0000000024fc0000)]
  0x00000000217da000 JavaThread "jar transforms Thread 13" [_thread_blocked, id=182236, stack(0x0000000024dc0000,0x0000000024ec0000)]
  0x00000000217dc800 JavaThread "jar transforms Thread 12" [_thread_blocked, id=73680, stack(0x0000000024cc0000,0x0000000024dc0000)]
  0x00000000217dd000 JavaThread "jar transforms Thread 11" [_thread_blocked, id=182232, stack(0x0000000024bc0000,0x0000000024cc0000)]
  0x00000000217d5800 JavaThread "jar transforms Thread 10" [_thread_blocked, id=181564, stack(0x0000000024ac0000,0x0000000024bc0000)]
  0x00000000217d8800 JavaThread "jar transforms Thread 9" [_thread_blocked, id=151324, stack(0x00000000249c0000,0x0000000024ac0000)]
  0x0000000020ed6800 JavaThread "jar transforms Thread 8" [_thread_blocked, id=181908, stack(0x00000000248c0000,0x00000000249c0000)]
  0x0000000020ed8000 JavaThread "jar transforms Thread 7" [_thread_blocked, id=182036, stack(0x00000000247c0000,0x00000000248c0000)]
  0x0000000020ed9800 JavaThread "jar transforms Thread 6" [_thread_blocked, id=182132, stack(0x00000000246c0000,0x00000000247c0000)]
  0x0000000020ed7000 JavaThread "jar transforms Thread 5" [_thread_blocked, id=155308, stack(0x00000000245c0000,0x00000000246c0000)]
  0x0000000020ed8800 JavaThread "jar transforms Thread 4" [_thread_blocked, id=181872, stack(0x00000000244c0000,0x00000000245c0000)]
  0x0000000020ed5800 JavaThread "jar transforms Thread 3" [_thread_blocked, id=180344, stack(0x00000000243c0000,0x00000000244c0000)]
  0x0000000020ed5000 JavaThread "jar transforms Thread 2" [_thread_blocked, id=182180, stack(0x00000000242c0000,0x00000000243c0000)]
  0x0000000020ecd800 JavaThread "Build operations Thread 8" [_thread_blocked, id=180288, stack(0x00000000240c0000,0x00000000241c0000)]
  0x0000000020ed4000 JavaThread "Build operations Thread 7" [_thread_blocked, id=182048, stack(0x0000000023fc0000,0x00000000240c0000)]
  0x0000000020ed3800 JavaThread "Build operations Thread 6" [_thread_blocked, id=181968, stack(0x0000000023ec0000,0x0000000023fc0000)]
  0x0000000020ed2800 JavaThread "Build operations Thread 5" [_thread_blocked, id=170012, stack(0x0000000023dc0000,0x0000000023ec0000)]
  0x0000000020ecb000 JavaThread "Build operations Thread 4" [_thread_blocked, id=179452, stack(0x0000000023cc0000,0x0000000023dc0000)]
  0x0000000020ecf800 JavaThread "Build operations Thread 3" [_thread_blocked, id=181520, stack(0x0000000023bc0000,0x0000000023cc0000)]
  0x0000000020ece000 JavaThread "Build operations Thread 2" [_thread_blocked, id=181712, stack(0x0000000023ac0000,0x0000000023bc0000)]
  0x0000000020ecc800 JavaThread "Build operations" [_thread_blocked, id=181540, stack(0x00000000239c0000,0x0000000023ac0000)]
  0x0000000019ff5800 JavaThread "Cache worker for file content cache (C:\Users\Apolo\.gradle\caches\6.5\fileContent)" [_thread_blocked, id=182172, stack(0x00000000232c0000,0x00000000233c0000)]
  0x0000000019ff4800 JavaThread "jar transforms" [_thread_blocked, id=161828, stack(0x00000000231c0000,0x00000000232c0000)]
  0x0000000019ff4000 JavaThread "Cache worker for execution history cache (C:\Users\Apolo\.gradle\caches\6.5\executionHistory)" [_thread_blocked, id=180324, stack(0x0000000022830000,0x0000000022930000)]
  0x0000000019ffb000 JavaThread "Cache worker for cache directory md-rule (C:\Users\Apolo\.gradle\caches\6.5\md-rule)" [_thread_blocked, id=177932, stack(0x0000000022730000,0x0000000022830000)]
  0x0000000019ff7000 JavaThread "Cache worker for cache directory md-supplier (C:\Users\Apolo\.gradle\caches\6.5\md-supplier)" [_thread_blocked, id=181752, stack(0x00000000214d0000,0x00000000215d0000)]
  0x0000000019ff6000 JavaThread "Cache worker for checksums cache (C:\Android\Proyecto\VendedoresKT\ApoloVendedor\.gradle\checksums)" [_thread_blocked, id=180440, stack(0x00000000213d0000,0x00000000214d0000)]
  0x0000000019ffa000 JavaThread "Cache worker for file hash cache (C:\Android\Proyecto\VendedoresKT\ApoloVendedor\.gradle\6.5\fileHashes)" [_thread_blocked, id=177784, stack(0x0000000022630000,0x0000000022730000)]
  0x0000000019ff9000 JavaThread "Cache worker for file hash cache (C:\Users\Apolo\.gradle\caches\6.5\fileHashes)" [_thread_blocked, id=181576, stack(0x000000001ef30000,0x000000001f030000)]
  0x0000000019ff8800 JavaThread "File lock request listener" [_thread_in_native, id=172852, stack(0x000000001ee30000,0x000000001ef30000)]
  0x000000001cbe5000 JavaThread "Cache worker for journal cache (C:\Users\Apolo\.gradle\caches\journal-1)" [_thread_blocked, id=150984, stack(0x000000001ed30000,0x000000001ee30000)]
  0x000000001b23c000 JavaThread "Thread-9" [_thread_blocked, id=168368, stack(0x000000001ea30000,0x000000001eb30000)]
  0x000000001cbc4800 JavaThread "Stdin handler" [_thread_blocked, id=180808, stack(0x000000001e930000,0x000000001ea30000)]
  0x000000001ba40800 JavaThread "Asynchronous log dispatcher for DefaultDaemonConnection: socket connection from /127.0.0.1:59235 to /127.0.0.1:59236" [_thread_blocked, id=165724, stack(0x000000001e830000,0x000000001e930000)]
  0x000000001cbae000 JavaThread "Daemon worker" [_thread_blocked, id=172644, stack(0x000000001e730000,0x000000001e830000)]
  0x000000001cbac800 JavaThread "Cancel handler" [_thread_blocked, id=180760, stack(0x000000001e630000,0x000000001e730000)]
  0x000000001cb3e800 JavaThread "Handler for socket connection from /127.0.0.1:59235 to /127.0.0.1:59236" [_thread_in_native, id=182220, stack(0x000000001e530000,0x000000001e630000)]
  0x000000001cb3a000 JavaThread "Daemon" [_thread_blocked, id=176532, stack(0x000000001e430000,0x000000001e530000)]
  0x000000001cb2c800 JavaThread "Daemon periodic checks" [_thread_blocked, id=168700, stack(0x000000001e130000,0x000000001e230000)]
  0x000000001cae4800 JavaThread "Incoming local TCP Connector on port 59235" [_thread_in_native, id=177904, stack(0x000000001dec0000,0x000000001dfc0000)]
  0x000000001ca9d800 JavaThread "Daemon health stats" [_thread_blocked, id=181848, stack(0x000000001d880000,0x000000001d980000)]
  0x000000001a079000 JavaThread "Service Thread" daemon [_thread_blocked, id=180740, stack(0x000000001ace0000,0x000000001ade0000)]
  0x0000000019ff7800 JavaThread "C1 CompilerThread3" daemon [_thread_blocked, id=182256, stack(0x000000001abe0000,0x000000001ace0000)]
=>0x0000000019fee000 JavaThread "C2 CompilerThread2" daemon [_thread_in_native, id=181384, stack(0x000000001aae0000,0x000000001abe0000)]
  0x00000000181eb000 JavaThread "C2 CompilerThread1" daemon [_thread_in_native, id=180876, stack(0x000000001a9e0000,0x000000001aae0000)]
  0x0000000019fe1000 JavaThread "C2 CompilerThread0" daemon [_thread_in_native, id=181152, stack(0x000000001a8e0000,0x000000001a9e0000)]
  0x0000000019fe0000 JavaThread "Attach Listener" daemon [_thread_blocked, id=182264, stack(0x000000001a7e0000,0x000000001a8e0000)]
  0x0000000019fe6800 JavaThread "Signal Dispatcher" daemon [_thread_blocked, id=181588, stack(0x000000001a6e0000,0x000000001a7e0000)]
  0x0000000019fd0800 JavaThread "Finalizer" daemon [_thread_blocked, id=182140, stack(0x000000001a4b0000,0x000000001a5b0000)]
  0x0000000003128000 JavaThread "Reference Handler" daemon [_thread_blocked, id=177168, stack(0x000000001a3b0000,0x000000001a4b0000)]
  0x0000000002e5d800 JavaThread "main" [_thread_blocked, id=173500, stack(0x0000000002f10000,0x0000000003010000)]

Other Threads:
  0x00000000181d6800 VMThread [stack: 0x0000000019eb0000,0x0000000019fb0000] [id=182148]
  0x000000001a079800 WatcherThread [stack: 0x000000001ade0000,0x000000001aee0000] [id=177404]

VM state:not at safepoint (normal execution)

VM Mutex/Monitor currently owned by a thread: None

heap address: 0x0000000080000000, size: 2048 MB, Compressed Oops mode: 32-bit
Narrow klass base: 0x0000000000000000, Narrow klass shift: 3
Compressed class space size: 1073741824 Address: 0x0000000100000000

Heap:
 PSYoungGen      total 273408K, used 128736K [0x00000000d5580000, 0x00000000eac00000, 0x0000000100000000)
  eden space 250880K, 42% used [0x00000000d5580000,0x00000000dbd3d110,0x00000000e4a80000)
  from space 22528K, 99% used [0x00000000e4a80000,0x00000000e607b260,0x00000000e6080000)
  to   space 28672K, 0% used [0x00000000e9000000,0x00000000e9000000,0x00000000eac00000)
 ParOldGen       total 118272K, used 53071K [0x0000000080000000, 0x0000000087380000, 0x00000000d5580000)
  object space 118272K, 44% used [0x0000000080000000,0x00000000833d3f30,0x0000000087380000)
 Metaspace       used 86641K, capacity 91638K, committed 91736K, reserved 1128448K
  class space    used 11946K, capacity 12905K, committed 12928K, reserved 1048576K

Card table byte_map: [0x0000000012500000,0x0000000012910000] byte_map_base: 0x0000000012100000

Marking Bits: (ParMarkBitMap*) 0x0000000064e3f030
 Begin Bits: [0x00000000133c0000, 0x00000000153c0000)
 End Bits:   [0x00000000153c0000, 0x00000000173c0000)

Polling page: 0x0000000003010000

CodeCache: size=245760Kb used=34132Kb max_used=34132Kb free=211627Kb
 bounds [0x0000000003140000, 0x00000000052c0000, 0x0000000012140000]
 total_blobs=11852 nmethods=10961 adapters=803
 compilation: enabled

Compilation events (10 events):
Event: 20.654 Thread 0x0000000019fe1000 nmethod 12508 0x00000000052a5a90 code [0x00000000052a5c40, 0x00000000052a6518]
Event: 20.654 Thread 0x0000000019fe1000 12575       4       com.android.tools.r8.dex.n$d::a (102 bytes)
Event: 20.654 Thread 0x0000000019ff7800 nmethod 12509 0x00000000052a4750 code [0x00000000052a48a0, 0x00000000052a4a70]
Event: 20.654 Thread 0x0000000019ff7800 12586   !   2       com.android.tools.r8.graph.i0::d (125 bytes)
Event: 20.655 Thread 0x0000000019ff7800 nmethod 12586 0x00000000052a3550 code [0x00000000052a3760, 0x00000000052a3f08]
Event: 20.655 Thread 0x0000000019ff7800 12588       3       com.android.tools.r8.t.a.a.a.h.f0::put (278 bytes)
Event: 20.656 Thread 0x0000000019ff7800 nmethod 12588 0x00000000052a1f10 code [0x00000000052a2160, 0x00000000052a2ea8]
Event: 20.656 Thread 0x0000000019ff7800 12591       3       com.android.tools.r8.graph.x::a (56 bytes)
Event: 20.656 Thread 0x0000000019ff7800 nmethod 12591 0x00000000052a6ed0 code [0x00000000052a70e0, 0x00000000052a7ba8]
Event: 20.656 Thread 0x0000000019ff7800 12498       3       com.android.tools.r8.dex.n$$Lambda$1230/306242255::<init> (10 bytes)

GC Heap History (10 events):
Event: 6.116 GC heap before
{Heap before GC invocations=14 (full 2):
 PSYoungGen      total 183296K, used 67874K [0x00000000d5580000, 0x00000000e4500000, 0x0000000100000000)
  eden space 171008K, 32% used [0x00000000d5580000,0x00000000d8bcd4f0,0x00000000dfc80000)
  from space 12288K, 99% used [0x00000000dfc80000,0x00000000e087b310,0x00000000e0880000)
  to   space 18432K, 0% used [0x00000000e3300000,0x00000000e3300000,0x00000000e4500000)
 ParOldGen       total 76800K, used 30456K [0x0000000080000000, 0x0000000084b00000, 0x00000000d5580000)
  object space 76800K, 39% used [0x0000000080000000,0x0000000081dbe3d0,0x0000000084b00000)
 Metaspace       used 56519K, capacity 58892K, committed 59028K, reserved 1099776K
  class space    used 7668K, capacity 8161K, committed 8192K, reserved 1048576K
Event: 6.128 GC heap after
Heap after GC invocations=14 (full 2):
 PSYoungGen      total 227328K, used 6613K [0x00000000d5580000, 0x00000000e4c80000, 0x0000000100000000)
  eden space 208896K, 0% used [0x00000000d5580000,0x00000000d5580000,0x00000000e2180000)
  from space 18432K, 35% used [0x00000000e3300000,0x00000000e39754e8,0x00000000e4500000)
  to   space 17920K, 0% used [0x00000000e2180000,0x00000000e2180000,0x00000000e3300000)
 ParOldGen       total 76800K, used 42697K [0x0000000080000000, 0x0000000084b00000, 0x00000000d5580000)
  object space 76800K, 55% used [0x0000000080000000,0x00000000829b2600,0x0000000084b00000)
 Metaspace       used 56519K, capacity 58892K, committed 59028K, reserved 1099776K
  class space    used 7668K, capacity 8161K, committed 8192K, reserved 1048576K
}
Event: 6.128 GC heap before
{Heap before GC invocations=15 (full 3):
 PSYoungGen      total 227328K, used 6613K [0x00000000d5580000, 0x00000000e4c80000, 0x0000000100000000)
  eden space 208896K, 0% used [0x00000000d5580000,0x00000000d5580000,0x00000000e2180000)
  from space 18432K, 35% used [0x00000000e3300000,0x00000000e39754e8,0x00000000e4500000)
  to   space 17920K, 0% used [0x00000000e2180000,0x00000000e2180000,0x00000000e3300000)
 ParOldGen       total 76800K, used 42697K [0x0000000080000000, 0x0000000084b00000, 0x00000000d5580000)
  object space 76800K, 55% used [0x0000000080000000,0x00000000829b2600,0x0000000084b00000)
 Metaspace       used 56519K, capacity 58892K, committed 59028K, reserved 1099776K
  class space    used 7668K, capacity 8161K, committed 8192K, reserved 1048576K
Event: 6.249 GC heap after
Heap after GC invocations=15 (full 3):
 PSYoungGen      total 227328K, used 0K [0x00000000d5580000, 0x00000000e4c80000, 0x0000000100000000)
  eden space 208896K, 0% used [0x00000000d5580000,0x00000000d5580000,0x00000000e2180000)
  from space 18432K, 0% used [0x00000000e3300000,0x00000000e3300000,0x00000000e4500000)
  to   space 17920K, 0% used [0x00000000e2180000,0x00000000e2180000,0x00000000e3300000)
 ParOldGen       total 118272K, used 32973K [0x0000000080000000, 0x0000000087380000, 0x00000000d5580000)
  object space 118272K, 27% used [0x0000000080000000,0x0000000082033490,0x0000000087380000)
 Metaspace       used 56471K, capacity 58730K, committed 59028K, reserved 1099776K
  class space    used 7653K, capacity 8134K, committed 8192K, reserved 1048576K
}
Event: 7.983 GC heap before
{Heap before GC invocations=16 (full 3):
 PSYoungGen      total 227328K, used 208896K [0x00000000d5580000, 0x00000000e4c80000, 0x0000000100000000)
  eden space 208896K, 100% used [0x00000000d5580000,0x00000000e2180000,0x00000000e2180000)
  from space 18432K, 0% used [0x00000000e3300000,0x00000000e3300000,0x00000000e4500000)
  to   space 17920K, 0% used [0x00000000e2180000,0x00000000e2180000,0x00000000e3300000)
 ParOldGen       total 118272K, used 32973K [0x0000000080000000, 0x0000000087380000, 0x00000000d5580000)
  object space 118272K, 27% used [0x0000000080000000,0x0000000082033490,0x0000000087380000)
 Metaspace       used 66477K, capacity 69708K, committed 69976K, reserved 1110016K
  class space    used 9135K, capacity 9751K, committed 9856K, reserved 1048576K
Event: 8.003 GC heap after
Heap after GC invocations=16 (full 3):
 PSYoungGen      total 226816K, used 17894K [0x00000000d5580000, 0x00000000e7900000, 0x0000000100000000)
  eden space 208896K, 0% used [0x00000000d5580000,0x00000000d5580000,0x00000000e2180000)
  from space 17920K, 99% used [0x00000000e2180000,0x00000000e32f9be0,0x00000000e3300000)
  to   space 20992K, 0% used [0x00000000e6480000,0x00000000e6480000,0x00000000e7900000)
 ParOldGen       total 118272K, used 34168K [0x0000000080000000, 0x0000000087380000, 0x00000000d5580000)
  object space 118272K, 28% used [0x0000000080000000,0x000000008215e2f0,0x0000000087380000)
 Metaspace       used 66477K, capacity 69708K, committed 69976K, reserved 1110016K
  class space    used 9135K, capacity 9751K, committed 9856K, reserved 1048576K
}
Event: 10.588 GC heap before
{Heap before GC invocations=17 (full 3):
 PSYoungGen      total 226816K, used 226790K [0x00000000d5580000, 0x00000000e7900000, 0x0000000100000000)
  eden space 208896K, 100% used [0x00000000d5580000,0x00000000e2180000,0x00000000e2180000)
  from space 17920K, 99% used [0x00000000e2180000,0x00000000e32f9be0,0x00000000e3300000)
  to   space 20992K, 0% used [0x00000000e6480000,0x00000000e6480000,0x00000000e7900000)
 ParOldGen       total 118272K, used 34168K [0x0000000080000000, 0x0000000087380000, 0x00000000d5580000)
  object space 118272K, 28% used [0x0000000080000000,0x000000008215e2f0,0x0000000087380000)
 Metaspace       used 72094K, capacity 75596K, committed 75736K, reserved 1114112K
  class space    used 9776K, capacity 10479K, committed 10496K, reserved 1048576K
Event: 10.605 GC heap after
Heap after GC invocations=17 (full 3):
 PSYoungGen      total 269312K, used 16415K [0x00000000d5580000, 0x00000000e7680000, 0x0000000100000000)
  eden space 250880K, 0% used [0x00000000d5580000,0x00000000d5580000,0x00000000e4a80000)
  from space 18432K, 89% used [0x00000000e6480000,0x00000000e7487c18,0x00000000e7680000)
  to   space 22528K, 0% used [0x00000000e4a80000,0x00000000e4a80000,0x00000000e6080000)
 ParOldGen       total 118272K, used 45543K [0x0000000080000000, 0x0000000087380000, 0x00000000d5580000)
  object space 118272K, 38% used [0x0000000080000000,0x0000000082c79da0,0x0000000087380000)
 Metaspace       used 72094K, capacity 75596K, committed 75736K, reserved 1114112K
  class space    used 9776K, capacity 10479K, committed 10496K, reserved 1048576K
}
Event: 20.155 GC heap before
{Heap before GC invocations=18 (full 3):
 PSYoungGen      total 269312K, used 267295K [0x00000000d5580000, 0x00000000e7680000, 0x0000000100000000)
  eden space 250880K, 100% used [0x00000000d5580000,0x00000000e4a80000,0x00000000e4a80000)
  from space 18432K, 89% used [0x00000000e6480000,0x00000000e7487c18,0x00000000e7680000)
  to   space 22528K, 0% used [0x00000000e4a80000,0x00000000e4a80000,0x00000000e6080000)
 ParOldGen       total 118272K, used 45543K [0x0000000080000000, 0x0000000087380000, 0x00000000d5580000)
  object space 118272K, 38% used [0x0000000080000000,0x0000000082c79da0,0x0000000087380000)
 Metaspace       used 85584K, capacity 90384K, committed 90584K, reserved 1126400K
  class space    used 11766K, capacity 12712K, committed 12800K, reserved 1048576K
Event: 20.178 GC heap after
Heap after GC invocations=18 (full 3):
 PSYoungGen      total 273408K, used 22508K [0x00000000d5580000, 0x00000000eac00000, 0x0000000100000000)
  eden space 250880K, 0% used [0x00000000d5580000,0x00000000d5580000,0x00000000e4a80000)
  from space 22528K, 99% used [0x00000000e4a80000,0x00000000e607b260,0x00000000e6080000)
  to   space 28672K, 0% used [0x00000000e9000000,0x00000000e9000000,0x00000000eac00000)
 ParOldGen       total 118272K, used 53071K [0x0000000080000000, 0x0000000087380000, 0x00000000d5580000)
  object space 118272K, 44% used [0x0000000080000000,0x00000000833d3f30,0x0000000087380000)
 Metaspace       used 85584K, capacity 90384K, committed 90584K, reserved 1126400K
  class space    used 11766K, capacity 12712K, committed 12800K, reserved 1048576K
}

Deoptimization events (10 events):
Event: 20.575 Thread 0x000000002c5e1800 Uncommon trap: reason=class_check action=maybe_recompile pc=0x0000000005228ea8 method=com.android.tools.r8.dex.n.a(ILjava/util/function/Supplier;)Ljava/lang/Object; @ 33
Event: 20.592 Thread 0x000000001f496000 Uncommon trap: reason=unstable_if action=reinterpret pc=0x0000000003a6fdb0 method=java.util.Arrays.hashCode([Ljava/lang/Object;)I @ 1
Event: 20.592 Thread 0x000000001f49a800 Uncommon trap: reason=unstable_if action=reinterpret pc=0x0000000003a6fdb0 method=java.util.Arrays.hashCode([Ljava/lang/Object;)I @ 1
Event: 20.592 Thread 0x00000000223ed000 Uncommon trap: reason=unstable_if action=reinterpret pc=0x0000000003a6fdb0 method=java.util.Arrays.hashCode([Ljava/lang/Object;)I @ 1
Event: 20.592 Thread 0x000000002c5de800 Uncommon trap: reason=unstable_if action=reinterpret pc=0x0000000003a6fdb0 method=java.util.Arrays.hashCode([Ljava/lang/Object;)I @ 1
Event: 20.592 Thread 0x000000002c5df800 Uncommon trap: reason=unstable_if action=reinterpret pc=0x0000000003a6fdb0 method=java.util.Arrays.hashCode([Ljava/lang/Object;)I @ 1
Event: 20.592 Thread 0x000000002c5e1800 Uncommon trap: reason=unstable_if action=reinterpret pc=0x000000000520c4c4 method=com.android.tools.r8.graph.g0.computeEquals(Ljava/lang/Object;)Z @ 37
Event: 20.593 Thread 0x000000001f493000 Uncommon trap: reason=unstable_if action=reinterpret pc=0x0000000003a6fdb0 method=java.util.Arrays.hashCode([Ljava/lang/Object;)I @ 1
Event: 20.608 Thread 0x000000002c5de800 Uncommon trap: reason=unstable_if action=reinterpret pc=0x0000000004511050 method=java.util.concurrent.ConcurrentLinkedQueue.offer(Ljava/lang/Object;)Z @ 40
Event: 20.644 Thread 0x000000002c5d9800 Uncommon trap: reason=unstable_if action=reinterpret pc=0x000000000528e6ac method=com.android.tools.r8.utils.X.c(Lcom/android/tools/r8/dex/o;I)J @ 32

Classes redefined (0 events):
No events

Internal exceptions (10 events):
Event: 20.123 Thread 0x00000000223ec000 Exception <a 'sun/nio/fs/WindowsException'> (0x00000000e4743e00) thrown at [C:\src\AOSP-openjdk-git\hotspot\src\share\vm\prims\jni.cpp, line 710]
Event: 20.126 Thread 0x00000000223ec000 Exception <a 'sun/nio/fs/WindowsException'> (0x00000000e479eb08) thrown at [C:\src\AOSP-openjdk-git\hotspot\src\share\vm\prims\jni.cpp, line 710]
Event: 20.153 Thread 0x000000001cbae000 Exception <a 'java/lang/NoSuchMethodError': <clinit>> (0x00000000e494d3f0) thrown at [C:\src\AOSP-openjdk-git\hotspot\src\share\vm\prims\jni.cpp, line 1615]
Event: 20.406 Thread 0x000000002c5db800 Exception <a 'sun/nio/fs/WindowsException'> (0x00000000d679fcc0) thrown at [C:\src\AOSP-openjdk-git\hotspot\src\share\vm\prims\jni.cpp, line 710]
Event: 20.592 Thread 0x000000001f496000 Implicit null exception at 0x0000000003a6fcaf to 0x0000000003a6fda1
Event: 20.592 Thread 0x000000001f49a800 Implicit null exception at 0x0000000003a6fcaf to 0x0000000003a6fda1
Event: 20.592 Thread 0x00000000223ed000 Implicit null exception at 0x0000000003a6fcaf to 0x0000000003a6fda1
Event: 20.592 Thread 0x000000002c5de800 Implicit null exception at 0x0000000003a6fcaf to 0x0000000003a6fda1
Event: 20.592 Thread 0x000000002c5df800 Implicit null exception at 0x0000000003a6fcaf to 0x0000000003a6fda1
Event: 20.592 Thread 0x000000001f493000 Implicit null exception at 0x0000000003a6fcaf to 0x0000000003a6fda1

Events (10 events):
Event: 20.595 loading class com/android/tools/r8/graph/J$e
Event: 20.595 loading class com/android/tools/r8/graph/J$e done
Event: 20.596 loading class com/android/tools/r8/graph/J$e
Event: 20.596 loading class com/android/tools/r8/graph/J$e done
Event: 20.608 Thread 0x000000002c5de800 Uncommon trap: trap_request=0xffffff65 fr.pc=0x0000000004511050
Event: 20.608 Thread 0x000000002c5de800 DEOPT PACKING pc=0x0000000004511050 sp=0x00000000326eede0
Event: 20.608 Thread 0x000000002c5de800 DEOPT UNPACKING pc=0x000000000318557b sp=0x00000000326eed68 mode 2
Event: 20.644 Thread 0x000000002c5d9800 Uncommon trap: trap_request=0xffffff65 fr.pc=0x000000000528e6ac
Event: 20.644 Thread 0x000000002c5d9800 DEOPT PACKING pc=0x000000000528e6ac sp=0x0000000030a5ec80
Event: 20.644 Thread 0x000000002c5d9800 DEOPT UNPACKING pc=0x000000000318557b sp=0x0000000030a5ebb8 mode 2


Dynamic libraries:
0x00007ff660b80000 - 0x00007ff660bb1000 	C:\Program Files\Android\Android Studio\jre\bin\java.exe
0x00007ff9c3cb0000 - 0x00007ff9c3ea6000 	C:\WINDOWS\SYSTEM32\ntdll.dll
0x00007ff9c3bb0000 - 0x00007ff9c3c6d000 	C:\WINDOWS\System32\KERNEL32.DLL
0x00007ff9c18a0000 - 0x00007ff9c1b69000 	C:\WINDOWS\System32\KERNELBASE.dll
0x00007ff9c1d10000 - 0x00007ff9c1dbc000 	C:\WINDOWS\System32\ADVAPI32.dll
0x00007ff9c2690000 - 0x00007ff9c272e000 	C:\WINDOWS\System32\msvcrt.dll
0x00007ff9c3a20000 - 0x00007ff9c3abc000 	C:\WINDOWS\System32\sechost.dll
0x00007ff9c2560000 - 0x00007ff9c268b000 	C:\WINDOWS\System32\RPCRT4.dll
0x00007ff9c23c0000 - 0x00007ff9c2560000 	C:\WINDOWS\System32\USER32.dll
0x00007ff9c1500000 - 0x00007ff9c1522000 	C:\WINDOWS\System32\win32u.dll
0x00007ff9c3080000 - 0x00007ff9c30aa000 	C:\WINDOWS\System32\GDI32.dll
0x00007ff9c13f0000 - 0x00007ff9c14fb000 	C:\WINDOWS\System32\gdi32full.dll
0x00007ff9c1b70000 - 0x00007ff9c1c0d000 	C:\WINDOWS\System32\msvcp_win.dll
0x00007ff9c1530000 - 0x00007ff9c1630000 	C:\WINDOWS\System32\ucrtbase.dll
0x00007ff9abc70000 - 0x00007ff9abf0b000 	C:\WINDOWS\WinSxS\amd64_microsoft.windows.common-controls_6595b64144ccf1df_6.0.19041.746_none_ca02b4b61b8320a4\COMCTL32.dll
0x00007ff9c3b20000 - 0x00007ff9c3b50000 	C:\WINDOWS\System32\IMM32.DLL
0x00000000644b0000 - 0x0000000064582000 	C:\Program Files\Android\Android Studio\jre\jre\bin\msvcr100.dll
0x0000000064670000 - 0x0000000064ebb000 	C:\Program Files\Android\Android Studio\jre\jre\bin\server\jvm.dll
0x00007ff9c1e70000 - 0x00007ff9c1e78000 	C:\WINDOWS\System32\PSAPI.DLL
0x00007ff9c0f70000 - 0x00007ff9c0f7a000 	C:\WINDOWS\SYSTEM32\VERSION.dll
0x00007ff9a9650000 - 0x00007ff9a9659000 	C:\WINDOWS\SYSTEM32\WSOCK32.dll
0x00007ff9a63f0000 - 0x00007ff9a6417000 	C:\WINDOWS\SYSTEM32\WINMM.dll
0x00007ff9c2810000 - 0x00007ff9c287b000 	C:\WINDOWS\System32\WS2_32.dll
0x00007ff9bb490000 - 0x00007ff9bb49f000 	C:\Program Files\Android\Android Studio\jre\jre\bin\verify.dll
0x00007ff9b7860000 - 0x00007ff9b7889000 	C:\Program Files\Android\Android Studio\jre\jre\bin\java.dll
0x00007ff9a75d0000 - 0x00007ff9a75e6000 	C:\Program Files\Android\Android Studio\jre\jre\bin\zip.dll
0x00007ff9c3270000 - 0x00007ff9c39b2000 	C:\WINDOWS\System32\SHELL32.dll
0x00007ff9bf4b0000 - 0x00007ff9bfc40000 	C:\WINDOWS\SYSTEM32\windows.storage.dll
0x00007ff9c2bf0000 - 0x00007ff9c2f46000 	C:\WINDOWS\System32\combase.dll
0x00007ff9c0de0000 - 0x00007ff9c0e0c000 	C:\WINDOWS\SYSTEM32\Wldp.dll
0x00007ff9c2310000 - 0x00007ff9c23be000 	C:\WINDOWS\System32\SHCORE.dll
0x00007ff9c39c0000 - 0x00007ff9c3a15000 	C:\WINDOWS\System32\shlwapi.dll
0x00007ff9c1320000 - 0x00007ff9c1346000 	C:\WINDOWS\SYSTEM32\profapi.dll
0x00007ff9a6840000 - 0x00007ff9a685a000 	C:\Program Files\Android\Android Studio\jre\jre\bin\net.dll
0x00007ff9c0b60000 - 0x00007ff9c0bca000 	C:\WINDOWS\system32\mswsock.dll
0x00007ff9a5750000 - 0x00007ff9a5763000 	C:\Program Files\Android\Android Studio\jre\jre\bin\nio.dll
0x00007ff998600000 - 0x00007ff998627000 	C:\Users\Apolo\.gradle\native\f6784746aeab05261644944871eae4fe03e0ef1612fff0a4a95f87b438bc6780\windows-amd64\native-platform.dll
0x00007ff9b8830000 - 0x00007ff9b883d000 	C:\Program Files\Android\Android Studio\jre\jre\bin\management.dll
0x00007ff9c0d40000 - 0x00007ff9c0d58000 	C:\WINDOWS\SYSTEM32\CRYPTSP.dll
0x00007ff9c0490000 - 0x00007ff9c04c4000 	C:\WINDOWS\system32\rsaenh.dll
0x00007ff9c17f0000 - 0x00007ff9c1817000 	C:\WINDOWS\System32\bcrypt.dll
0x00007ff9c12a0000 - 0x00007ff9c12ce000 	C:\WINDOWS\SYSTEM32\USERENV.dll
0x00007ff9c1820000 - 0x00007ff9c18a0000 	C:\WINDOWS\System32\bcryptprimitives.dll
0x00007ff9c0d30000 - 0x00007ff9c0d3c000 	C:\WINDOWS\SYSTEM32\CRYPTBASE.dll
0x00007ff9c0800000 - 0x00007ff9c083b000 	C:\WINDOWS\SYSTEM32\IPHLPAPI.DLL
0x00007ff9c3140000 - 0x00007ff9c3148000 	C:\WINDOWS\System32\NSI.dll
0x00007ff9b6210000 - 0x00007ff9b6227000 	C:\WINDOWS\SYSTEM32\dhcpcsvc6.DLL
0x00007ff9b5f00000 - 0x00007ff9b5f1d000 	C:\WINDOWS\SYSTEM32\dhcpcsvc.DLL
0x00007ff9c0840000 - 0x00007ff9c090b000 	C:\WINDOWS\SYSTEM32\DNSAPI.dll
0x00007ff9b7b70000 - 0x00007ff9b7b7b000 	C:\WINDOWS\SYSTEM32\WINNSI.DLL
0x00007ff9b76c0000 - 0x00007ff9b76de000 	C:\Users\Apolo\AppData\Local\Temp\native-platform8781282297088292020dir\native-platform.dll

VM Arguments:
jvm_args: -Xmx2048m -Dfile.encoding=windows-1252 -Duser.country=ES -Duser.language=es -Duser.variant 
java_command: org.gradle.launcher.daemon.bootstrap.GradleDaemon 6.5
java_class_path (initial): C:\Users\Apolo\.gradle\wrapper\dists\gradle-6.5-bin\6nifqtx7604sqp1q6g8wikw7p\gradle-6.5\lib\gradle-launcher-6.5.jar
Launcher Type: SUN_STANDARD

Environment Variables:
PATH=C:\Program Files\Common Files\Oracle\Java\javapath;C:\Program Files (x86)\Common Files\Oracle\Java\javapath;C:\orant\bin;C:\WINDOWS\system32;C:\WINDOWS;C:\WINDOWS\System32\Wbem;C:\WINDOWS\System32\WindowsPowerShell\v1.0\;C:\WINDOWS\System32\OpenSSH\;C:\orant\jdk\bin;C:\Program Files (x86)\Intel\Intel(R) Memory And Storage Tool\;C:\Program Files\Git\cmd;C:\Program Files\nodejs\;C:\Users\Apolo\AppData\Local\Microsoft\WindowsApps;;C:\Users\Apolo\AppData\Local\Programs\Microsoft VS Code\bin;C:\Users\Apolo\AppData\Roaming\npm
USERNAME=Apolo
OS=Windows_NT
PROCESSOR_IDENTIFIER=Intel64 Family 6 Model 126 Stepping 5, GenuineIntel



---------------  S Y S T E M  ---------------

OS: Windows 10.0 , 64 bit Build 19041 (10.0.19041.804)

CPU:total 8 (initial active 8) (4 cores per cpu, 2 threads per core) family 6 model 126 stepping 5, cmov, cx8, fxsr, mmx, sse, sse2, sse3, ssse3, sse4.1, sse4.2, popcnt, avx, avx2, aes, clmul, erms, 3dnowpref, lzcnt, ht, tsc, tscinvbit, bmi1, bmi2, adx

Memory: 4k page, physical 8165048k(516116k free), swap 11736884k(5120k free)

vm_info: OpenJDK 64-Bit Server VM (25.242-b01) for windows-amd64 JRE (1.8.0_242-release-1644-b01), built by "builder" with MS VC++ 10.0 (VS2010)

time: Tue Mar 02 10:14:41 2021
timezone: Hora de verano de Paraguay
elapsed time: 20 seconds (0d 0h 0m 20s)

