#
# There is insufficient memory for the Java Runtime Environment to continue.
# Native memory allocation (malloc) failed to allocate 703376 bytes for Chunk::new
# Possible reasons:
#   The system is out of physical RAM or swap space
#   The process is running with CompressedOops enabled, and the Java Heap may be blocking the growth of the native heap
# Possible solutions:
#   Reduce memory load on the system
#   Increase physical memory or swap space
#   Check if swap backing store is full
#   Decrease Java heap size (-Xmx/-Xms)
#   Decrease number of Java threads
#   Decrease Java thread stack sizes (-Xss)
#   Set larger code cache with -XX:ReservedCodeCacheSize=
#   JVM is running with Unscaled Compressed Oops mode in which the Java heap is
#     placed in the first 4GB address space. The Java Heap base address is the
#     maximum limit for the native heap growth. Please use -XX:HeapBaseMinAddress
#     to set the Java Heap base and to place the Java Heap above 4GB virtual address.
# This output file may be truncated or incomplete.
#
#  Out of Memory Error (allocation.cpp:389), pid=209080, tid=0x0000000000032398
#
# JRE version: OpenJDK Runtime Environment (8.0_242-b01) (build 1.8.0_242-release-1644-b01)
# Java VM: OpenJDK 64-Bit Server VM (25.242-b01 mixed mode windows-amd64 compressed oops)
# Failed to write core dump. Minidumps are not enabled by default on client versions of Windows
#

---------------  T H R E A D  ---------------

Current thread (0x000000001839b000):  JavaThread "C2 CompilerThread1" daemon [_thread_in_native, id=205720, stack(0x000000001abc0000,0x000000001acc0000)]

Stack: [0x000000001abc0000,0x000000001acc0000]
[error occurred during error reporting (printing stack bounds), id 0xc0000005]

Native frames: (J=compiled Java code, j=interpreted, Vv=VM code, C=native code)


Current CompileTask:
C2:5196429 20207       4       com.android.tools.r8.dex.n::a (910 bytes)


---------------  P R O C E S S  ---------------

Java Threads: ( => current thread )
  0x000000002437c800 JavaThread "ForkJoinPool-2-worker-0" daemon [_thread_blocked, id=210408, stack(0x0000000035590000,0x0000000035690000)]
  0x0000000024379800 JavaThread "ForkJoinPool-2-worker-7" daemon [_thread_blocked, id=210572, stack(0x0000000035490000,0x0000000035590000)]
  0x000000002437c000 JavaThread "ForkJoinPool-2-worker-6" daemon [_thread_in_Java, id=185844, stack(0x0000000035390000,0x0000000035490000)]
  0x0000000024379000 JavaThread "ForkJoinPool-2-worker-5" daemon [_thread_blocked, id=206020, stack(0x0000000035290000,0x0000000035390000)]
  0x0000000024378000 JavaThread "ForkJoinPool-2-worker-4" daemon [_thread_blocked, id=208556, stack(0x0000000035190000,0x0000000035290000)]
  0x0000000024373800 JavaThread "ForkJoinPool-2-worker-3" daemon [_thread_blocked, id=210748, stack(0x0000000032980000,0x0000000032a80000)]
  0x0000000024376000 JavaThread "ForkJoinPool-2-worker-2" daemon [_thread_blocked, id=210364, stack(0x0000000032880000,0x0000000032980000)]
  0x0000000024377800 JavaThread "ForkJoinPool-2-worker-1" daemon [_thread_blocked, id=208772, stack(0x0000000030d60000,0x0000000030e60000)]
  0x000000002437b000 JavaThread "WorkerExecutor Queue Thread 8" [_thread_blocked, id=200804, stack(0x0000000032780000,0x0000000032880000)]
  0x0000000024374800 JavaThread "WorkerExecutor Queue Thread 7" [_thread_blocked, id=207816, stack(0x0000000032680000,0x0000000032780000)]
  0x0000000024373000 JavaThread "WorkerExecutor Queue Thread 6" [_thread_blocked, id=183924, stack(0x0000000032580000,0x0000000032680000)]
  0x0000000024372000 JavaThread "WorkerExecutor Queue Thread 5" [_thread_blocked, id=210228, stack(0x0000000031360000,0x0000000031460000)]
  0x000000002436f000 JavaThread "RMI TCP Connection(8)-127.0.0.1" daemon [_thread_in_native, id=208908, stack(0x0000000030e60000,0x0000000030f60000)]
  0x0000000024371800 JavaThread "stdout" [_thread_in_native, id=210452, stack(0x0000000032480000,0x0000000032580000)]
  0x0000000024370000 JavaThread "stderr" [_thread_in_native, id=180700, stack(0x0000000032380000,0x0000000032480000)]
  0x0000000024370800 JavaThread "pool-17-thread-1" [_thread_blocked, id=184836, stack(0x0000000032280000,0x0000000032380000)]
  0x000000001b8ab800 JavaThread "WorkerExecutor Queue Thread 4" [_thread_blocked, id=209996, stack(0x0000000032180000,0x0000000032280000)]
  0x000000001b8ad800 JavaThread "WorkerExecutor Queue Thread 2" [_thread_blocked, id=210120, stack(0x0000000030c60000,0x0000000030d60000)]
  0x000000001b8aa800 JavaThread "Cache worker for execution history cache (C:\Android\Proyecto\VendedoresKT\ApoloVendedor\.gradle\6.5\executionHistory)" [_thread_blocked, id=209896, stack(0x0000000030960000,0x0000000030a60000)]
  0x000000001b8aa000 JavaThread "Execution worker for ':' Thread 7" [_thread_blocked, id=210580, stack(0x000000002fe60000,0x000000002ff60000)]
  0x000000001b8a9000 JavaThread "Execution worker for ':' Thread 6" [_thread_blocked, id=201700, stack(0x000000002f660000,0x000000002f760000)]
  0x000000001b8a8800 JavaThread "Execution worker for ':' Thread 5" [_thread_blocked, id=208792, stack(0x000000002f560000,0x000000002f660000)]
  0x000000001b8a7800 JavaThread "Execution worker for ':' Thread 4" [_thread_blocked, id=184932, stack(0x000000002f460000,0x000000002f560000)]
  0x000000001b8a2800 JavaThread "Execution worker for ':' Thread 3" [_thread_blocked, id=201188, stack(0x000000002f360000,0x000000002f460000)]
  0x000000001b8a3000 JavaThread "Execution worker for ':' Thread 2" [_thread_blocked, id=210532, stack(0x000000002de80000,0x000000002df80000)]
  0x000000001b8a0000 JavaThread "Execution worker for ':'" [_thread_blocked, id=199636, stack(0x000000002d980000,0x000000002da80000)]
  0x000000001b8a7000 JavaThread "Cache worker for file content cache (C:\Android\Proyecto\VendedoresKT\ApoloVendedor\.gradle\6.5\fileContent)" [_thread_blocked, id=210004, stack(0x000000002c870000,0x000000002c970000)]
  0x000000001b8a6000 JavaThread "Cache worker for Build Output Cleanup Cache (C:\Android\Proyecto\VendedoresKT\ApoloVendedor\.gradle\buildOutputCleanup)" [_thread_blocked, id=209732, stack(0x000000002c170000,0x000000002c270000)]
  0x000000001b8a5800 JavaThread "jar transforms Thread 452" [_thread_blocked, id=204440, stack(0x000000002c070000,0x000000002c170000)]
  0x000000001b8a1800 JavaThread "jar transforms Thread 451" [_thread_blocked, id=200164, stack(0x000000002bf70000,0x000000002c070000)]
  0x000000001b8a1000 JavaThread "jar transforms Thread 450" [_thread_blocked, id=197056, stack(0x000000002be70000,0x000000002bf70000)]
  0x000000001b89f800 JavaThread "jar transforms Thread 449" [_thread_blocked, id=129312, stack(0x000000002bd70000,0x000000002be70000)]
  0x000000001b89e800 JavaThread "jar transforms Thread 448" [_thread_blocked, id=204976, stack(0x000000002bc70000,0x000000002bd70000)]
  0x000000001ff96000 JavaThread "jar transforms Thread 447" [_thread_blocked, id=208488, stack(0x000000002bb70000,0x000000002bc70000)]
  0x000000001ff98800 JavaThread "jar transforms Thread 446" [_thread_blocked, id=210892, stack(0x000000002ba70000,0x000000002bb70000)]
  0x000000001ff97000 JavaThread "jar transforms Thread 445" [_thread_blocked, id=210932, stack(0x000000002b970000,0x000000002ba70000)]
  0x000000001ff94800 JavaThread "jar transforms Thread 444" [_thread_blocked, id=210252, stack(0x000000002b870000,0x000000002b970000)]
  0x000000001ff92800 JavaThread "jar transforms Thread 443" [_thread_blocked, id=203052, stack(0x000000002b770000,0x000000002b870000)]
  0x000000001ff97800 JavaThread "jar transforms Thread 442" [_thread_blocked, id=208720, stack(0x000000002b670000,0x000000002b770000)]
  0x000000001ff95800 JavaThread "jar transforms Thread 441" [_thread_blocked, id=205264, stack(0x000000002b570000,0x000000002b670000)]
  0x000000001ff94000 JavaThread "jar transforms Thread 440" [_thread_blocked, id=207936, stack(0x000000002b470000,0x000000002b570000)]
  0x000000001ff93000 JavaThread "jar transforms Thread 439" [_thread_blocked, id=210772, stack(0x000000002b370000,0x000000002b470000)]
  0x000000001ff8b800 JavaThread "jar transforms Thread 438" [_thread_blocked, id=210660, stack(0x000000002b270000,0x000000002b370000)]
  0x000000001ff91800 JavaThread "jar transforms Thread 437" [_thread_blocked, id=200636, stack(0x000000002b170000,0x000000002b270000)]
  0x000000001ff91000 JavaThread "jar transforms Thread 436" [_thread_blocked, id=210636, stack(0x000000002b070000,0x000000002b170000)]
  0x000000001ff90000 JavaThread "jar transforms Thread 435" [_thread_blocked, id=208632, stack(0x000000002af70000,0x000000002b070000)]
  0x000000001ff8a000 JavaThread "jar transforms Thread 434" [_thread_blocked, id=109848, stack(0x000000002ae70000,0x000000002af70000)]
  0x000000001ff8f800 JavaThread "jar transforms Thread 433" [_thread_blocked, id=205084, stack(0x000000002ad70000,0x000000002ae70000)]
  0x000000001ff8e800 JavaThread "jar transforms Thread 432" [_thread_blocked, id=197536, stack(0x000000002ac70000,0x000000002ad70000)]
  0x000000001ff8e000 JavaThread "jar transforms Thread 431" [_thread_blocked, id=206472, stack(0x000000002ab70000,0x000000002ac70000)]
  0x000000001ff8c000 JavaThread "jar transforms Thread 430" [_thread_blocked, id=205396, stack(0x000000002aa70000,0x000000002ab70000)]
  0x000000001ff89000 JavaThread "jar transforms Thread 429" [_thread_blocked, id=185112, stack(0x000000002a970000,0x000000002aa70000)]
  0x000000001ff8a800 JavaThread "jar transforms Thread 428" [_thread_blocked, id=209820, stack(0x000000002a870000,0x000000002a970000)]
  0x000000001ff8d000 JavaThread "jar transforms Thread 427" [_thread_blocked, id=210800, stack(0x000000002a770000,0x000000002a870000)]
  0x0000000023cd2800 JavaThread "jar transforms Thread 426" [_thread_blocked, id=209956, stack(0x000000002a670000,0x000000002a770000)]
  0x0000000023cd1000 JavaThread "jar transforms Thread 425" [_thread_blocked, id=210428, stack(0x000000002a570000,0x000000002a670000)]
  0x0000000023cd2000 JavaThread "jar transforms Thread 424" [_thread_blocked, id=210072, stack(0x000000002a470000,0x000000002a570000)]
  0x0000000023cd7000 JavaThread "jar transforms Thread 423" [_thread_blocked, id=205592, stack(0x000000002a370000,0x000000002a470000)]
  0x0000000023cd6800 JavaThread "jar transforms Thread 422" [_thread_blocked, id=210444, stack(0x000000002a270000,0x000000002a370000)]
  0x0000000023cd8000 JavaThread "jar transforms Thread 421" [_thread_blocked, id=210404, stack(0x000000002a170000,0x000000002a270000)]
  0x0000000023cd5800 JavaThread "jar transforms Thread 420" [_thread_blocked, id=208552, stack(0x000000002a070000,0x000000002a170000)]
  0x0000000023cd5000 JavaThread "jar transforms Thread 419" [_thread_blocked, id=184228, stack(0x0000000029f70000,0x000000002a070000)]
  0x0000000023cd4000 JavaThread "jar transforms Thread 418" [_thread_blocked, id=157288, stack(0x0000000029e70000,0x0000000029f70000)]
  0x0000000023cd3800 JavaThread "jar transforms Thread 417" [_thread_blocked, id=154164, stack(0x0000000029d70000,0x0000000029e70000)]
  0x0000000023cc9800 JavaThread "jar transforms Thread 416" [_thread_blocked, id=210760, stack(0x0000000029c70000,0x0000000029d70000)]
  0x0000000023cd0800 JavaThread "jar transforms Thread 415" [_thread_blocked, id=203208, stack(0x0000000029b70000,0x0000000029c70000)]
  0x0000000023ccf000 JavaThread "jar transforms Thread 414" [_thread_blocked, id=206860, stack(0x0000000029a70000,0x0000000029b70000)]
  0x0000000023cce000 JavaThread "jar transforms Thread 413" [_thread_blocked, id=203204, stack(0x0000000029970000,0x0000000029a70000)]
  0x0000000023cc9000 JavaThread "jar transforms Thread 412" [_thread_blocked, id=205224, stack(0x0000000029870000,0x0000000029970000)]
  0x0000000023ccf800 JavaThread "jar transforms Thread 411" [_thread_blocked, id=151104, stack(0x0000000029770000,0x0000000029870000)]
  0x0000000023cca800 JavaThread "jar transforms Thread 410" [_thread_blocked, id=206728, stack(0x0000000029670000,0x0000000029770000)]
  0x0000000023ccd800 JavaThread "jar transforms Thread 409" [_thread_blocked, id=208976, stack(0x0000000029570000,0x0000000029670000)]
  0x0000000023ccb000 JavaThread "jar transforms Thread 408" [_thread_blocked, id=210112, stack(0x0000000029470000,0x0000000029570000)]
  0x0000000023ccc800 JavaThread "jar transforms Thread 407" [_thread_blocked, id=205104, stack(0x0000000029370000,0x0000000029470000)]
  0x0000000023ccc000 JavaThread "jar transforms Thread 406" [_thread_blocked, id=210376, stack(0x0000000029270000,0x0000000029370000)]
  0x000000001cf6e000 JavaThread "jar transforms Thread 405" [_thread_blocked, id=207336, stack(0x0000000029170000,0x0000000029270000)]
  0x000000001cf6f000 JavaThread "jar transforms Thread 404" [_thread_blocked, id=205680, stack(0x0000000029070000,0x0000000029170000)]
  0x000000001cf71000 JavaThread "jar transforms Thread 403" [_thread_blocked, id=209204, stack(0x0000000028f70000,0x0000000029070000)]
  0x000000001c0ee000 JavaThread "jar transforms Thread 402" [_thread_blocked, id=200492, stack(0x0000000028e70000,0x0000000028f70000)]
  0x000000001c0f1800 JavaThread "jar transforms Thread 401" [_thread_blocked, id=205248, stack(0x0000000028d70000,0x0000000028e70000)]
  0x000000001c0f0000 JavaThread "jar transforms Thread 400" [_thread_blocked, id=210752, stack(0x0000000028c70000,0x0000000028d70000)]
  0x000000001c0f2800 JavaThread "jar transforms Thread 399" [_thread_blocked, id=203428, stack(0x0000000028b70000,0x0000000028c70000)]
  0x000000001c0ee800 JavaThread "jar transforms Thread 398" [_thread_blocked, id=210080, stack(0x0000000028a70000,0x0000000028b70000)]
  0x000000001c0ed000 JavaThread "jar transforms Thread 397" [_thread_blocked, id=204916, stack(0x0000000028970000,0x0000000028a70000)]
  0x000000001c0e4000 JavaThread "jar transforms Thread 396" [_thread_blocked, id=210192, stack(0x0000000028870000,0x0000000028970000)]
  0x000000001c0e8800 JavaThread "jar transforms Thread 395" [_thread_blocked, id=210220, stack(0x0000000028770000,0x0000000028870000)]
  0x000000001c0e5800 JavaThread "jar transforms Thread 394" [_thread_blocked, id=208500, stack(0x0000000028670000,0x0000000028770000)]
  0x000000001c0e3800 JavaThread "jar transforms Thread 393" [_thread_blocked, id=210724, stack(0x0000000028570000,0x0000000028670000)]
  0x000000001c0e5000 JavaThread "jar transforms Thread 392" [_thread_blocked, id=210432, stack(0x0000000028470000,0x0000000028570000)]
  0x000000001c0e6800 JavaThread "jar transforms Thread 391" [_thread_blocked, id=205980, stack(0x0000000028370000,0x0000000028470000)]
  0x000000001cf90000 JavaThread "jar transforms Thread 390" [_thread_blocked, id=191352, stack(0x0000000028270000,0x0000000028370000)]
  0x000000001cf8f800 JavaThread "jar transforms Thread 389" [_thread_blocked, id=209592, stack(0x0000000028170000,0x0000000028270000)]
  0x000000001cf8d800 JavaThread "jar transforms Thread 388" [_thread_blocked, id=210092, stack(0x0000000028070000,0x0000000028170000)]
  0x000000001cf91800 JavaThread "jar transforms Thread 387" [_thread_blocked, id=209724, stack(0x0000000027f70000,0x0000000028070000)]
  0x000000001cf8e800 JavaThread "jar transforms Thread 386" [_thread_blocked, id=208992, stack(0x0000000027e70000,0x0000000027f70000)]
  0x000000001cf91000 JavaThread "jar transforms Thread 385" [_thread_blocked, id=210648, stack(0x0000000027d70000,0x0000000027e70000)]
  0x000000001cf8d000 JavaThread "jar transforms Thread 384" [_thread_blocked, id=208988, stack(0x0000000027c70000,0x0000000027d70000)]
  0x000000001cf8c000 JavaThread "jar transforms Thread 383" [_thread_blocked, id=194700, stack(0x0000000027b70000,0x0000000027c70000)]
  0x000000001cf8b800 JavaThread "jar transforms Thread 382" [_thread_blocked, id=210324, stack(0x0000000027a70000,0x0000000027b70000)]
  0x000000001cf92800 JavaThread "jar transforms Thread 381" [_thread_blocked, id=210840, stack(0x0000000027970000,0x0000000027a70000)]
  0x000000001cf83000 JavaThread "jar transforms Thread 380" [_thread_blocked, id=210736, stack(0x0000000027870000,0x0000000027970000)]
  0x000000001cf89000 JavaThread "jar transforms Thread 379" [_thread_blocked, id=199024, stack(0x0000000027770000,0x0000000027870000)]
  0x000000001cf86000 JavaThread "jar transforms Thread 378" [_thread_blocked, id=210040, stack(0x0000000027670000,0x0000000027770000)]
  0x000000001cf8a000 JavaThread "jar transforms Thread 377" [_thread_blocked, id=210280, stack(0x0000000027570000,0x0000000027670000)]
  0x000000001d60e000 JavaThread "jar transforms Thread 376" [_thread_blocked, id=210300, stack(0x0000000027470000,0x0000000027570000)]
  0x000000001d60d000 JavaThread "jar transforms Thread 375" [_thread_blocked, id=203848, stack(0x0000000027370000,0x0000000027470000)]
  0x000000001d60c800 JavaThread "jar transforms Thread 374" [_thread_blocked, id=201276, stack(0x0000000027270000,0x0000000027370000)]
  0x000000001d60b800 JavaThread "jar transforms Thread 373" [_thread_blocked, id=210100, stack(0x0000000027170000,0x0000000027270000)]
  0x000000001d609800 JavaThread "jar transforms Thread 372" [_thread_blocked, id=204248, stack(0x0000000027070000,0x0000000027170000)]
  0x000000001d60b000 JavaThread "jar transforms Thread 371" [_thread_blocked, id=195612, stack(0x0000000026f70000,0x0000000027070000)]
  0x000000001d608800 JavaThread "jar transforms Thread 370" [_thread_blocked, id=210716, stack(0x0000000026e70000,0x0000000026f70000)]
  0x000000001d601000 JavaThread "jar transforms Thread 369" [_thread_blocked, id=208900, stack(0x0000000026d70000,0x0000000026e70000)]
  0x000000001d608000 JavaThread "jar transforms Thread 368" [_thread_blocked, id=206740, stack(0x0000000026c70000,0x0000000026d70000)]
  0x000000001d600000 JavaThread "jar transforms Thread 367" [_thread_blocked, id=210348, stack(0x0000000026b70000,0x0000000026c70000)]
  0x000000001d605800 JavaThread "jar transforms Thread 366" [_thread_blocked, id=203384, stack(0x0000000026a70000,0x0000000026b70000)]
  0x000000001d605000 JavaThread "jar transforms Thread 365" [_thread_blocked, id=209540, stack(0x0000000026970000,0x0000000026a70000)]
  0x000000001d607000 JavaThread "jar transforms Thread 364" [_thread_blocked, id=210024, stack(0x0000000026870000,0x0000000026970000)]
  0x000000001d606800 JavaThread "jar transforms Thread 363" [_thread_blocked, id=204624, stack(0x0000000026770000,0x0000000026870000)]
  0x000000001d604000 JavaThread "jar transforms Thread 362" [_thread_blocked, id=209164, stack(0x0000000026670000,0x0000000026770000)]
  0x000000001d601800 JavaThread "jar transforms Thread 361" [_thread_blocked, id=209368, stack(0x0000000026570000,0x0000000026670000)]
  0x000000001d602800 JavaThread "jar transforms Thread 360" [_thread_blocked, id=203652, stack(0x0000000026470000,0x0000000026570000)]
  0x0000000020328800 JavaThread "jar transforms Thread 359" [_thread_blocked, id=210920, stack(0x0000000026370000,0x0000000026470000)]
  0x0000000020324800 JavaThread "jar transforms Thread 358" [_thread_blocked, id=210852, stack(0x0000000026270000,0x0000000026370000)]
  0x0000000020327800 JavaThread "jar transforms Thread 357" [_thread_blocked, id=210288, stack(0x0000000026170000,0x0000000026270000)]
  0x0000000020324000 JavaThread "jar transforms Thread 356" [_thread_blocked, id=201328, stack(0x0000000026070000,0x0000000026170000)]
  0x0000000020327000 JavaThread "jar transforms Thread 355" [_thread_blocked, id=209280, stack(0x0000000025f70000,0x0000000026070000)]
  0x0000000020326000 JavaThread "jar transforms Thread 354" [_thread_blocked, id=208984, stack(0x0000000025e70000,0x0000000025f70000)]
  0x0000000020325800 JavaThread "jar transforms Thread 353" [_thread_blocked, id=210544, stack(0x0000000025d70000,0x0000000025e70000)]
  0x000000002031c800 JavaThread "jar transforms Thread 352" [_thread_blocked, id=210792, stack(0x0000000025c70000,0x0000000025d70000)]
  0x0000000020323000 JavaThread "jar transforms Thread 351" [_thread_blocked, id=210368, stack(0x0000000025b70000,0x0000000025c70000)]
  0x0000000020321000 JavaThread "jar transforms Thread 350" [_thread_blocked, id=205232, stack(0x0000000025a70000,0x0000000025b70000)]
  0x000000002031b800 JavaThread "jar transforms Thread 349" [_thread_blocked, id=207348, stack(0x0000000025970000,0x0000000025a70000)]
  0x0000000020322800 JavaThread "jar transforms Thread 348" [_thread_blocked, id=191748, stack(0x0000000025870000,0x0000000025970000)]
  0x0000000020321800 JavaThread "jar transforms Thread 347" [_thread_blocked, id=204576, stack(0x0000000025770000,0x0000000025870000)]
  0x000000002031d000 JavaThread "jar transforms Thread 346" [_thread_blocked, id=204080, stack(0x0000000025670000,0x0000000025770000)]
  0x000000002031e800 JavaThread "jar transforms Thread 345" [_thread_blocked, id=206068, stack(0x0000000025570000,0x0000000025670000)]
  0x000000002031a800 JavaThread "jar transforms Thread 344" [_thread_blocked, id=191440, stack(0x0000000025470000,0x0000000025570000)]
  0x000000002031a000 JavaThread "jar transforms Thread 343" [_thread_blocked, id=182944, stack(0x0000000025270000,0x0000000025370000)]
  0x0000000020320000 JavaThread "jar transforms Thread 342" [_thread_blocked, id=209872, stack(0x0000000025170000,0x0000000025270000)]
  0x000000002031f800 JavaThread "jar transforms Thread 341" [_thread_blocked, id=207692, stack(0x0000000025070000,0x0000000025170000)]
  0x000000001bbfe000 JavaThread "jar transforms Thread 340" [_thread_blocked, id=199284, stack(0x0000000024f70000,0x0000000025070000)]
  0x000000001bbfd800 JavaThread "Build operations Thread 8" [_thread_blocked, id=210776, stack(0x0000000024e70000,0x0000000024f70000)]
  0x000000001bbfc800 JavaThread "Build operations Thread 7" [_thread_blocked, id=207156, stack(0x0000000024d70000,0x0000000024e70000)]
  0x000000001bbfb000 JavaThread "Build operations Thread 6" [_thread_blocked, id=207976, stack(0x0000000024c70000,0x0000000024d70000)]
  0x000000001bbfc000 JavaThread "Build operations Thread 5" [_thread_blocked, id=210292, stack(0x0000000024b70000,0x0000000024c70000)]
  0x000000001bbfa800 JavaThread "Build operations Thread 4" [_thread_blocked, id=209416, stack(0x00000000233a0000,0x00000000234a0000)]
  0x000000001bbff000 JavaThread "Build operations Thread 3" [_thread_blocked, id=207644, stack(0x0000000022910000,0x0000000022a10000)]
  0x000000001bbf9800 JavaThread "Build operations Thread 2" [_thread_blocked, id=210156, stack(0x0000000022810000,0x0000000022910000)]
  0x000000001bbf9000 JavaThread "Build operations" [_thread_blocked, id=208052, stack(0x00000000216b0000,0x00000000217b0000)]
  0x000000001bbf1800 JavaThread "Cache worker for cache directory md-rule (C:\Users\Apolo\.gradle\caches\6.5\md-rule)" [_thread_blocked, id=210640, stack(0x00000000215b0000,0x00000000216b0000)]
  0x000000001bbf8000 JavaThread "Cache worker for cache directory md-supplier (C:\Users\Apolo\.gradle\caches\6.5\md-supplier)" [_thread_blocked, id=193708, stack(0x000000001ec10000,0x000000001ed10000)]
  0x000000001bbf6000 JavaThread "Cache worker for checksums cache (C:\Android\Proyecto\VendedoresKT\ApoloVendedor\.gradle\checksums)" [_thread_blocked, id=200904, stack(0x000000001e910000,0x000000001ea10000)]
  0x000000001bbf0800 JavaThread "Cache worker for file hash cache (C:\Android\Proyecto\VendedoresKT\ApoloVendedor\.gradle\6.5\fileHashes)" [_thread_blocked, id=203912, stack(0x000000001e810000,0x000000001e910000)]
  0x000000001bbf2000 JavaThread "Thread-541" [_thread_blocked, id=209816, stack(0x000000001e710000,0x000000001e810000)]
  0x000000001bbf5000 JavaThread "Stdin handler" [_thread_blocked, id=209992, stack(0x000000001e610000,0x000000001e710000)]
  0x000000001bbf7800 JavaThread "Asynchronous log dispatcher for DefaultDaemonConnection: socket connection from /127.0.0.1:62384 to /127.0.0.1:49525" [_thread_blocked, id=179340, stack(0x000000001dfa0000,0x000000001e0a0000)]
  0x000000001bbf3800 JavaThread "Daemon worker Thread 4" [_thread_blocked, id=210028, stack(0x000000001dea0000,0x000000001dfa0000)]
  0x000000001bbf6800 JavaThread "Cancel handler" [_thread_blocked, id=208520, stack(0x0000000001700000,0x0000000001800000)]
  0x000000001bbf3000 JavaThread "Handler for socket connection from /127.0.0.1:62384 to /127.0.0.1:49525" [_thread_in_native, id=209308, stack(0x0000000001600000,0x0000000001700000)]
  0x000000001bbf0000 JavaThread "Daemon Thread 4" [_thread_blocked, id=206968, stack(0x0000000001500000,0x0000000001600000)]
  0x000000001c0e8000 JavaThread "RMI Reaper" [_thread_blocked, id=204612, stack(0x0000000030860000,0x0000000030960000)]
  0x000000001c0ea000 JavaThread "RMI TCP Accept-0" daemon [_thread_in_native, id=64284, stack(0x0000000030760000,0x0000000030860000)]
  0x000000001c0eb800 JavaThread "GC Daemon" daemon [_thread_blocked, id=153872, stack(0x000000002ff60000,0x0000000030060000)]
  0x000000001c0e9800 JavaThread "RMI Scheduler(0)" daemon [_thread_blocked, id=201408, stack(0x000000002f760000,0x000000002f860000)]
  0x000000001d603000 JavaThread "Memory manager" [_thread_blocked, id=208092, stack(0x000000002d880000,0x000000002d980000)]
  0x000000001cf84800 JavaThread "Cache worker for file content cache (C:\Users\Apolo\.gradle\caches\6.5\fileContent)" [_thread_blocked, id=209620, stack(0x00000000234a0000,0x00000000235a0000)]
  0x000000001cf84000 JavaThread "Cache worker for execution history cache (C:\Users\Apolo\.gradle\caches\6.5\executionHistory)" [_thread_blocked, id=204928, stack(0x0000000022a10000,0x0000000022b10000)]
  0x000000001cf70800 JavaThread "Cache worker for file hash cache (C:\Users\Apolo\.gradle\caches\6.5\fileHashes)" [_thread_blocked, id=205404, stack(0x000000001f110000,0x000000001f210000)]
  0x000000001cf6f800 JavaThread "File lock request listener" [_thread_in_native, id=207184, stack(0x000000001f010000,0x000000001f110000)]
  0x000000001ce6e800 JavaThread "Cache worker for journal cache (C:\Users\Apolo\.gradle\caches\journal-1)" [_thread_blocked, id=208176, stack(0x000000001ef10000,0x000000001f010000)]
  0x000000001ce66000 JavaThread "Daemon periodic checks" [_thread_blocked, id=207592, stack(0x000000001e310000,0x000000001e410000)]
  0x000000001cd4a800 JavaThread "Incoming local TCP Connector on port 62384" [_thread_in_native, id=209288, stack(0x000000001e0a0000,0x000000001e1a0000)]
  0x000000001b1d0000 JavaThread "Daemon health stats" [_thread_blocked, id=198056, stack(0x000000001da60000,0x000000001db60000)]
  0x000000001a1f5800 JavaThread "Service Thread" daemon [_thread_blocked, id=208856, stack(0x000000001aec0000,0x000000001afc0000)]
  0x000000001a1de800 JavaThread "C1 CompilerThread3" daemon [_thread_blocked, id=209072, stack(0x000000001adc0000,0x000000001aec0000)]
  0x000000001a1db000 JavaThread "C2 CompilerThread2" daemon [_thread_in_native, id=209124, stack(0x000000001acc0000,0x000000001adc0000)]
=>0x000000001839b000 JavaThread "C2 CompilerThread1" daemon [_thread_in_native, id=205720, stack(0x000000001abc0000,0x000000001acc0000)]
  0x000000001a1d1000 JavaThread "C2 CompilerThread0" daemon [_thread_in_native, id=205756, stack(0x000000001aac0000,0x000000001abc0000)]
  0x000000001a1d0000 JavaThread "Attach Listener" daemon [_thread_blocked, id=208088, stack(0x000000001a9c0000,0x000000001aac0000)]
  0x000000001a1d6800 JavaThread "Signal Dispatcher" daemon [_thread_blocked, id=209108, stack(0x000000001a8c0000,0x000000001a9c0000)]
  0x000000001a1c0800 JavaThread "Finalizer" daemon [_thread_blocked, id=208172, stack(0x000000001a6a0000,0x000000001a7a0000)]
  0x0000000003318000 JavaThread "Reference Handler" daemon [_thread_blocked, id=151476, stack(0x000000001a5a0000,0x000000001a6a0000)]
  0x000000000184d800 JavaThread "main" [_thread_blocked, id=206380, stack(0x0000000003120000,0x0000000003220000)]

Other Threads:
  0x0000000018386800 VMThread [stack: 0x000000001a0a0000,0x000000001a1a0000] [id=206692]
  0x000000001a270000 WatcherThread [stack: 0x000000001afc0000,0x000000001b0c0000] [id=205568]

VM state:not at safepoint (normal execution)

VM Mutex/Monitor currently owned by a thread: None

heap address: 0x0000000080000000, size: 2048 MB, Compressed Oops mode: 32-bit
Narrow klass base: 0x0000000000000000, Narrow klass shift: 3
Compressed class space size: 1073741824 Address: 0x0000000100000000

Heap:
 PSYoungGen      total 414720K, used 106077K [0x00000000d5580000, 0x00000000f4c00000, 0x0000000100000000)
  eden space 351232K, 17% used [0x00000000d5580000,0x00000000d9013160,0x00000000eac80000)
  from space 63488K, 72% used [0x00000000eac80000,0x00000000ed984580,0x00000000eea80000)
  to   space 67584K, 0% used [0x00000000f0a00000,0x00000000f0a00000,0x00000000f4c00000)
 ParOldGen       total 292352K, used 148720K [0x0000000080000000, 0x0000000091d80000, 0x00000000d5580000)
  object space 292352K, 50% used [0x0000000080000000,0x000000008913c250,0x0000000091d80000)
 Metaspace       used 94033K, capacity 99158K, committed 100056K, reserved 1136640K
  class space    used 12299K, capacity 13265K, committed 13568K, reserved 1048576K

Card table byte_map: [0x00000000126e0000,0x0000000012af0000] byte_map_base: 0x00000000122e0000

Marking Bits: (ParMarkBitMap*) 0x0000000064e3f030
 Begin Bits: [0x00000000135a0000, 0x00000000155a0000)
 End Bits:   [0x00000000155a0000, 0x00000000175a0000)

Polling page: 0x0000000001870000

CodeCache: size=245760Kb used=53242Kb max_used=53407Kb free=192517Kb
 bounds [0x0000000003320000, 0x00000000067b0000, 0x0000000012320000]
 total_blobs=17171 nmethods=16266 adapters=815
 compilation: enabled

Compilation events (10 events):
Event: 5196.395 Thread 0x000000001a1de800 20300       3       com.android.tools.r8.code.e0::<init> (30 bytes)
Event: 5196.396 Thread 0x000000001a1de800 nmethod 20300 0x0000000004736f90 code [0x00000000047371a0, 0x0000000004737cd8]
Event: 5196.396 Thread 0x000000001a1de800 20301       3       com.android.tools.r8.code.J::<init> (6 bytes)
Event: 5196.396 Thread 0x000000001a1de800 nmethod 20301 0x00000000035abad0 code [0x00000000035abc40, 0x00000000035abf70]
Event: 5196.399 Thread 0x000000001a1de800 20302       3       com.android.tools.r8.code.l0::<init> (7 bytes)
Event: 5196.400 Thread 0x000000001a1de800 nmethod 20302 0x0000000004736150 code [0x0000000004736320, 0x0000000004736a58]
Event: 5196.419 Thread 0x000000001a1de800 20303       3       com.android.tools.r8.code.A2::<init> (7 bytes)
Event: 5196.420 Thread 0x000000001a1de800 nmethod 20303 0x0000000004abfd50 code [0x0000000004abfee0, 0x0000000004ac02d0]
Event: 5196.424 Thread 0x000000001a1de800 20304       1       com.android.tools.r8.graph.l0$o::m (2 bytes)
Event: 5196.424 Thread 0x000000001a1de800 nmethod 20304 0x0000000005c4c6d0 code [0x0000000005c4c820, 0x0000000005c4c930]

GC Heap History (10 events):
Event: 3190.599 GC heap before
{Heap before GC invocations=21 (full 4):
 PSYoungGen      total 320512K, used 42471K [0x00000000d5580000, 0x00000000f1d00000, 0x0000000100000000)
  eden space 278016K, 0% used [0x00000000d5580000,0x00000000d5580000,0x00000000e6500000)
  from space 42496K, 99% used [0x00000000e6500000,0x00000000e8e79ec0,0x00000000e8e80000)
  to   space 73728K, 0% used [0x00000000ed500000,0x00000000ed500000,0x00000000f1d00000)
 ParOldGen       total 152576K, used 151854K [0x0000000080000000, 0x0000000089500000, 0x00000000d5580000)
  object space 152576K, 99% used [0x0000000080000000,0x000000008944b938,0x0000000089500000)
 Metaspace       used 90991K, capacity 96588K, committed 96856K, reserved 1132544K
  class space    used 12298K, capacity 13354K, committed 13440K, reserved 1048576K
Event: 3191.097 GC heap after
Heap after GC invocations=21 (full 4):
 PSYoungGen      total 320512K, used 0K [0x00000000d5580000, 0x00000000f1d00000, 0x0000000100000000)
  eden space 278016K, 0% used [0x00000000d5580000,0x00000000d5580000,0x00000000e6500000)
  from space 42496K, 0% used [0x00000000e6500000,0x00000000e6500000,0x00000000e8e80000)
  to   space 73728K, 0% used [0x00000000ed500000,0x00000000ed500000,0x00000000f1d00000)
 ParOldGen       total 292352K, used 148688K [0x0000000080000000, 0x0000000091d80000, 0x00000000d5580000)
  object space 292352K, 50% used [0x0000000080000000,0x0000000089134250,0x0000000091d80000)
 Metaspace       used 89886K, capacity 94034K, committed 96856K, reserved 1132544K
  class space    used 11974K, capacity 12771K, committed 13440K, reserved 1048576K
}
Event: 3235.417 GC heap before
{Heap before GC invocations=22 (full 4):
 PSYoungGen      total 320512K, used 278016K [0x00000000d5580000, 0x00000000f1d00000, 0x0000000100000000)
  eden space 278016K, 100% used [0x00000000d5580000,0x00000000e6500000,0x00000000e6500000)
  from space 42496K, 0% used [0x00000000e6500000,0x00000000e6500000,0x00000000e8e80000)
  to   space 73728K, 0% used [0x00000000ed500000,0x00000000ed500000,0x00000000f1d00000)
 ParOldGen       total 292352K, used 148688K [0x0000000080000000, 0x0000000091d80000, 0x00000000d5580000)
  object space 292352K, 50% used [0x0000000080000000,0x0000000089134250,0x0000000091d80000)
 Metaspace       used 91505K, capacity 96086K, committed 98008K, reserved 1134592K
  class space    used 12135K, capacity 13009K, committed 13568K, reserved 1048576K
Event: 3235.438 GC heap after
Heap after GC invocations=22 (full 4):
 PSYoungGen      total 387584K, used 16276K [0x00000000d5580000, 0x00000000f1780000, 0x0000000100000000)
  eden space 319488K, 0% used [0x00000000d5580000,0x00000000d5580000,0x00000000e8d80000)
  from space 68096K, 23% used [0x00000000ed500000,0x00000000ee4e5300,0x00000000f1780000)
  to   space 70656K, 0% used [0x00000000e8d80000,0x00000000e8d80000,0x00000000ed280000)
 ParOldGen       total 292352K, used 148696K [0x0000000080000000, 0x0000000091d80000, 0x00000000d5580000)
  object space 292352K, 50% used [0x0000000080000000,0x0000000089136250,0x0000000091d80000)
 Metaspace       used 91505K, capacity 96086K, committed 98008K, reserved 1134592K
  class space    used 12135K, capacity 13009K, committed 13568K, reserved 1048576K
}
Event: 3748.217 GC heap before
{Heap before GC invocations=23 (full 4):
 PSYoungGen      total 387584K, used 335764K [0x00000000d5580000, 0x00000000f1780000, 0x0000000100000000)
  eden space 319488K, 100% used [0x00000000d5580000,0x00000000e8d80000,0x00000000e8d80000)
  from space 68096K, 23% used [0x00000000ed500000,0x00000000ee4e5300,0x00000000f1780000)
  to   space 70656K, 0% used [0x00000000e8d80000,0x00000000e8d80000,0x00000000ed280000)
 ParOldGen       total 292352K, used 148696K [0x0000000080000000, 0x0000000091d80000, 0x00000000d5580000)
  object space 292352K, 50% used [0x0000000080000000,0x0000000089136250,0x0000000091d80000)
 Metaspace       used 92890K, capacity 97842K, committed 99288K, reserved 1134592K
  class space    used 12252K, capacity 13181K, committed 13568K, reserved 1048576K
Event: 3748.232 GC heap after
Heap after GC invocations=23 (full 4):
 PSYoungGen      total 390144K, used 18742K [0x00000000d5580000, 0x00000000f3600000, 0x0000000100000000)
  eden space 319488K, 0% used [0x00000000d5580000,0x00000000d5580000,0x00000000e8d80000)
  from space 70656K, 26% used [0x00000000e8d80000,0x00000000e9fcd828,0x00000000ed280000)
  to   space 66560K, 0% used [0x00000000ef500000,0x00000000ef500000,0x00000000f3600000)
 ParOldGen       total 292352K, used 148704K [0x0000000080000000, 0x0000000091d80000, 0x00000000d5580000)
  object space 292352K, 50% used [0x0000000080000000,0x0000000089138250,0x0000000091d80000)
 Metaspace       used 92890K, capacity 97842K, committed 99288K, reserved 1134592K
  class space    used 12252K, capacity 13181K, committed 13568K, reserved 1048576K
}
Event: 3931.549 GC heap before
{Heap before GC invocations=24 (full 4):
 PSYoungGen      total 390144K, used 338230K [0x00000000d5580000, 0x00000000f3600000, 0x0000000100000000)
  eden space 319488K, 100% used [0x00000000d5580000,0x00000000e8d80000,0x00000000e8d80000)
  from space 70656K, 26% used [0x00000000e8d80000,0x00000000e9fcd828,0x00000000ed280000)
  to   space 66560K, 0% used [0x00000000ef500000,0x00000000ef500000,0x00000000f3600000)
 ParOldGen       total 292352K, used 148704K [0x0000000080000000, 0x0000000091d80000, 0x00000000d5580000)
  object space 292352K, 50% used [0x0000000080000000,0x0000000089138250,0x0000000091d80000)
 Metaspace       used 93436K, capacity 98612K, committed 99544K, reserved 1134592K
  class space    used 12297K, capacity 13264K, committed 13568K, reserved 1048576K
Event: 3931.572 GC heap after
Heap after GC invocations=24 (full 4):
 PSYoungGen      total 403968K, used 19760K [0x00000000d5580000, 0x00000000f2880000, 0x0000000100000000)
  eden space 351232K, 0% used [0x00000000d5580000,0x00000000d5580000,0x00000000eac80000)
  from space 52736K, 37% used [0x00000000ef500000,0x00000000f084c070,0x00000000f2880000)
  to   space 63488K, 0% used [0x00000000eac80000,0x00000000eac80000,0x00000000eea80000)
 ParOldGen       total 292352K, used 148712K [0x0000000080000000, 0x0000000091d80000, 0x00000000d5580000)
  object space 292352K, 50% used [0x0000000080000000,0x000000008913a250,0x0000000091d80000)
 Metaspace       used 93436K, capacity 98612K, committed 99544K, reserved 1134592K
  class space    used 12297K, capacity 13264K, committed 13568K, reserved 1048576K
}
Event: 5196.071 GC heap before
{Heap before GC invocations=25 (full 4):
 PSYoungGen      total 403968K, used 370992K [0x00000000d5580000, 0x00000000f2880000, 0x0000000100000000)
  eden space 351232K, 100% used [0x00000000d5580000,0x00000000eac80000,0x00000000eac80000)
  from space 52736K, 37% used [0x00000000ef500000,0x00000000f084c070,0x00000000f2880000)
  to   space 63488K, 0% used [0x00000000eac80000,0x00000000eac80000,0x00000000eea80000)
 ParOldGen       total 292352K, used 148712K [0x0000000080000000, 0x0000000091d80000, 0x00000000d5580000)
  object space 292352K, 50% used [0x0000000080000000,0x000000008913a250,0x0000000091d80000)
 Metaspace       used 94027K, capacity 99158K, committed 100056K, reserved 1136640K
  class space    used 12299K, capacity 13265K, committed 13568K, reserved 1048576K
Event: 5196.111 GC heap after
Heap after GC invocations=25 (full 4):
 PSYoungGen      total 414720K, used 46097K [0x00000000d5580000, 0x00000000f4c00000, 0x0000000100000000)
  eden space 351232K, 0% used [0x00000000d5580000,0x00000000d5580000,0x00000000eac80000)
  from space 63488K, 72% used [0x00000000eac80000,0x00000000ed984580,0x00000000eea80000)
  to   space 67584K, 0% used [0x00000000f0a00000,0x00000000f0a00000,0x00000000f4c00000)
 ParOldGen       total 292352K, used 148720K [0x0000000080000000, 0x0000000091d80000, 0x00000000d5580000)
  object space 292352K, 50% used [0x0000000080000000,0x000000008913c250,0x0000000091d80000)
 Metaspace       used 94027K, capacity 99158K, committed 100056K, reserved 1136640K
  class space    used 12299K, capacity 13265K, committed 13568K, reserved 1048576K
}

Deoptimization events (10 events):
Event: 5195.436 Thread 0x000000001b8ab800 Uncommon trap: reason=unstable_if action=reinterpret pc=0x0000000005268fec method=sun.nio.fs.WindowsPath.relativize(Ljava/nio/file/Path;)Lsun/nio/fs/WindowsPath; @ 10
Event: 5195.436 Thread 0x000000001b8ad800 Uncommon trap: reason=unstable_if action=reinterpret pc=0x0000000005268fec method=sun.nio.fs.WindowsPath.relativize(Ljava/nio/file/Path;)Lsun/nio/fs/WindowsPath; @ 10
Event: 5195.459 Thread 0x0000000024372000 Uncommon trap: reason=bimorphic action=maybe_recompile pc=0x00000000059fc564 method=com.android.tools.r8.utils.a1.a(Lcom/android/tools/r8/utils/e1;Ljava/lang/Object;I)V @ 2
Event: 5195.463 Thread 0x0000000024372000 Uncommon trap: reason=bimorphic action=maybe_recompile pc=0x00000000059fc564 method=com.android.tools.r8.utils.a1.a(Lcom/android/tools/r8/utils/e1;Ljava/lang/Object;I)V @ 2
Event: 5195.465 Thread 0x0000000024372000 Uncommon trap: reason=bimorphic action=maybe_recompile pc=0x00000000059fc564 method=com.android.tools.r8.utils.a1.a(Lcom/android/tools/r8/utils/e1;Ljava/lang/Object;I)V @ 2
Event: 5195.467 Thread 0x0000000024372000 Uncommon trap: reason=bimorphic action=maybe_recompile pc=0x00000000059fc564 method=com.android.tools.r8.utils.a1.a(Lcom/android/tools/r8/utils/e1;Ljava/lang/Object;I)V @ 2
Event: 5195.640 Thread 0x0000000024372000 Uncommon trap: reason=null_check action=make_not_entrant pc=0x000000000373ad70 method=com.android.tools.r8.q.a.b.h.b(Ljava/lang/Object;)V @ 71
Event: 5195.643 Thread 0x0000000024372000 Uncommon trap: reason=class_check action=maybe_recompile pc=0x0000000005b3227c method=com.android.tools.r8.dex.r.a(Ljava/util/Collection;ILjava/util/function/Consumer;)V @ 29
Event: 5195.643 Thread 0x0000000024372000 Uncommon trap: reason=class_check action=maybe_recompile pc=0x0000000005b3227c method=com.android.tools.r8.dex.r.a(Ljava/util/Collection;ILjava/util/function/Consumer;)V @ 29
Event: 5195.661 Thread 0x0000000024372000 Uncommon trap: reason=unstable_if action=reinterpret pc=0x0000000005b9ce40 method=com.android.tools.r8.dex.r.c()Lcom/android/tools/r8/dex/r$a; @ 522

Classes redefined (0 events):
No events

Internal exceptions (10 events):
Event: 5195.647 Thread 0x0000000024372000 Exception <a 'sun/nio/fs/WindowsException'> (0x00000000e5b43d78) thrown at [C:\src\AOSP-openjdk-git\hotspot\src\share\vm\prims\jni.cpp, line 710]
Event: 5195.649 Thread 0x0000000024372000 Exception <a 'sun/nio/fs/WindowsException'> (0x00000000e5b4b2b8) thrown at [C:\src\AOSP-openjdk-git\hotspot\src\share\vm\prims\jni.cpp, line 710]
Event: 5195.651 Thread 0x0000000024372000 Exception <a 'sun/nio/fs/WindowsException'> (0x00000000e5c12910) thrown at [C:\src\AOSP-openjdk-git\hotspot\src\share\vm\prims\jni.cpp, line 710]
Event: 5195.653 Thread 0x0000000024372000 Exception <a 'sun/nio/fs/WindowsException'> (0x00000000e5c19eb8) thrown at [C:\src\AOSP-openjdk-git\hotspot\src\share\vm\prims\jni.cpp, line 710]
Event: 5195.655 Thread 0x0000000024372000 Exception <a 'sun/nio/fs/WindowsException'> (0x00000000e5c243f8) thrown at [C:\src\AOSP-openjdk-git\hotspot\src\share\vm\prims\jni.cpp, line 710]
Event: 5195.658 Thread 0x0000000024372000 Exception <a 'sun/nio/fs/WindowsException'> (0x00000000e5cebd10) thrown at [C:\src\AOSP-openjdk-git\hotspot\src\share\vm\prims\jni.cpp, line 710]
Event: 5195.659 Thread 0x0000000024372000 Exception <a 'sun/nio/fs/WindowsException'> (0x00000000e5cf4240) thrown at [C:\src\AOSP-openjdk-git\hotspot\src\share\vm\prims\jni.cpp, line 710]
Event: 5195.663 Thread 0x0000000024372000 Exception <a 'sun/nio/fs/WindowsException'> (0x00000000e5ddbc58) thrown at [C:\src\AOSP-openjdk-git\hotspot\src\share\vm\prims\jni.cpp, line 710]
Event: 5195.665 Thread 0x0000000024372000 Exception <a 'sun/nio/fs/WindowsException'> (0x00000000e5de4408) thrown at [C:\src\AOSP-openjdk-git\hotspot\src\share\vm\prims\jni.cpp, line 710]
Event: 5195.934 Thread 0x0000000024374800 Exception <a 'sun/nio/fs/WindowsException'> (0x00000000e6d4b708) thrown at [C:\src\AOSP-openjdk-git\hotspot\src\share\vm\prims\jni.cpp, line 710]

Events (10 events):
Event: 5196.191 Thread 0x000000001a1de800 flushing nmethod 0x0000000005da8050
Event: 5196.191 Thread 0x000000001a1de800 flushing nmethod 0x0000000005df3410
Event: 5196.191 Thread 0x000000001a1de800 flushing nmethod 0x0000000005df6a50
Event: 5196.191 Thread 0x000000001a1de800 flushing nmethod 0x0000000005e419d0
Event: 5196.191 Thread 0x000000001a1de800 flushing nmethod 0x0000000005e5ca50
Event: 5196.191 Thread 0x000000001a1de800 flushing nmethod 0x0000000005e75cd0
Event: 5196.194 Thread 0x000000001a1de800 flushing nmethod 0x000000000636afd0
Event: 5196.194 Thread 0x000000001a1de800 flushing nmethod 0x00000000064f9110
Event: 5196.216 Thread 0x000000002437c000 DEOPT PACKING pc=0x0000000005708f6c sp=0x000000003548ea00
Event: 5196.216 Thread 0x000000002437c000 DEOPT UNPACKING pc=0x00000000033675d0 sp=0x000000003548e7e0 mode 0


Dynamic libraries:
0x00007ff7ef990000 - 0x00007ff7ef9c1000 	C:\Program Files\Android\Android Studio\jre\bin\java.exe
0x00007ff9c3cb0000 - 0x00007ff9c3ea6000 	C:\WINDOWS\SYSTEM32\ntdll.dll
0x00007ff9c3bb0000 - 0x00007ff9c3c6d000 	C:\WINDOWS\System32\KERNEL32.DLL
0x00007ff9c18a0000 - 0x00007ff9c1b69000 	C:\WINDOWS\System32\KERNELBASE.dll
0x00007ff9c1d10000 - 0x00007ff9c1dbc000 	C:\WINDOWS\System32\ADVAPI32.dll
0x00007ff9c2690000 - 0x00007ff9c272e000 	C:\WINDOWS\System32\msvcrt.dll
0x00007ff9c3a20000 - 0x00007ff9c3abc000 	C:\WINDOWS\System32\sechost.dll
0x00007ff9c2560000 - 0x00007ff9c268b000 	C:\WINDOWS\System32\RPCRT4.dll
0x00007ff9c23c0000 - 0x00007ff9c2560000 	C:\WINDOWS\System32\USER32.dll
0x00007ff9c1500000 - 0x00007ff9c1522000 	C:\WINDOWS\System32\win32u.dll
0x00007ff9c3080000 - 0x00007ff9c30aa000 	C:\WINDOWS\System32\GDI32.dll
0x00007ff9c13f0000 - 0x00007ff9c14fb000 	C:\WINDOWS\System32\gdi32full.dll
0x00007ff9c1b70000 - 0x00007ff9c1c0d000 	C:\WINDOWS\System32\msvcp_win.dll
0x00007ff9c1530000 - 0x00007ff9c1630000 	C:\WINDOWS\System32\ucrtbase.dll
0x00007ff9abc70000 - 0x00007ff9abf0b000 	C:\WINDOWS\WinSxS\amd64_microsoft.windows.common-controls_6595b64144ccf1df_6.0.19041.746_none_ca02b4b61b8320a4\COMCTL32.dll
0x00007ff9c3b20000 - 0x00007ff9c3b50000 	C:\WINDOWS\System32\IMM32.DLL
0x00000000644b0000 - 0x0000000064582000 	C:\Program Files\Android\Android Studio\jre\jre\bin\msvcr100.dll
0x0000000064670000 - 0x0000000064ebb000 	C:\Program Files\Android\Android Studio\jre\jre\bin\server\jvm.dll
0x00007ff9c1e70000 - 0x00007ff9c1e78000 	C:\WINDOWS\System32\PSAPI.DLL
0x00007ff9a63f0000 - 0x00007ff9a6417000 	C:\WINDOWS\SYSTEM32\WINMM.dll
0x00007ff9c0f70000 - 0x00007ff9c0f7a000 	C:\WINDOWS\SYSTEM32\VERSION.dll
0x00007ff9a9650000 - 0x00007ff9a9659000 	C:\WINDOWS\SYSTEM32\WSOCK32.dll
0x00007ff9c2810000 - 0x00007ff9c287b000 	C:\WINDOWS\System32\WS2_32.dll
0x00007ff9b73a0000 - 0x00007ff9b73af000 	C:\Program Files\Android\Android Studio\jre\jre\bin\verify.dll
0x00007ff991c70000 - 0x00007ff991c99000 	C:\Program Files\Android\Android Studio\jre\jre\bin\java.dll
0x00007ff9a81a0000 - 0x00007ff9a81b6000 	C:\Program Files\Android\Android Studio\jre\jre\bin\zip.dll
0x00007ff9c3270000 - 0x00007ff9c39b2000 	C:\WINDOWS\System32\SHELL32.dll
0x00007ff9bf4b0000 - 0x00007ff9bfc40000 	C:\WINDOWS\SYSTEM32\windows.storage.dll
0x00007ff9c2bf0000 - 0x00007ff9c2f46000 	C:\WINDOWS\System32\combase.dll
0x00007ff9c0de0000 - 0x00007ff9c0e0c000 	C:\WINDOWS\SYSTEM32\Wldp.dll
0x00007ff9c2310000 - 0x00007ff9c23be000 	C:\WINDOWS\System32\SHCORE.dll
0x00007ff9c39c0000 - 0x00007ff9c3a15000 	C:\WINDOWS\System32\shlwapi.dll
0x00007ff9c1320000 - 0x00007ff9c1346000 	C:\WINDOWS\SYSTEM32\profapi.dll
0x00007ff9a7fa0000 - 0x00007ff9a7fba000 	C:\Program Files\Android\Android Studio\jre\jre\bin\net.dll
0x00007ff9c0b60000 - 0x00007ff9c0bca000 	C:\WINDOWS\system32\mswsock.dll
0x00007ff9a72a0000 - 0x00007ff9a72b3000 	C:\Program Files\Android\Android Studio\jre\jre\bin\nio.dll
0x00007ff9b6d10000 - 0x00007ff9b6d37000 	C:\Users\Apolo\.gradle\native\f6784746aeab05261644944871eae4fe03e0ef1612fff0a4a95f87b438bc6780\windows-amd64\native-platform.dll
0x00007ff9b6dc0000 - 0x00007ff9b6dcd000 	C:\Program Files\Android\Android Studio\jre\jre\bin\management.dll
0x00007ff9c0d40000 - 0x00007ff9c0d58000 	C:\WINDOWS\SYSTEM32\CRYPTSP.dll
0x00007ff9c0490000 - 0x00007ff9c04c4000 	C:\WINDOWS\system32\rsaenh.dll
0x00007ff9c17f0000 - 0x00007ff9c1817000 	C:\WINDOWS\System32\bcrypt.dll
0x00007ff9c12a0000 - 0x00007ff9c12ce000 	C:\WINDOWS\SYSTEM32\USERENV.dll
0x00007ff9c1820000 - 0x00007ff9c18a0000 	C:\WINDOWS\System32\bcryptprimitives.dll
0x00007ff9c0d30000 - 0x00007ff9c0d3c000 	C:\WINDOWS\SYSTEM32\CRYPTBASE.dll
0x00007ff9c0800000 - 0x00007ff9c083b000 	C:\WINDOWS\SYSTEM32\IPHLPAPI.DLL
0x00007ff9c3140000 - 0x00007ff9c3148000 	C:\WINDOWS\System32\NSI.dll
0x00007ff9b6210000 - 0x00007ff9b6227000 	C:\WINDOWS\SYSTEM32\dhcpcsvc6.DLL
0x00007ff9b5f00000 - 0x00007ff9b5f1d000 	C:\WINDOWS\SYSTEM32\dhcpcsvc.DLL
0x00007ff9c0840000 - 0x00007ff9c090b000 	C:\WINDOWS\SYSTEM32\DNSAPI.dll
0x00007ff9b7b70000 - 0x00007ff9b7b7b000 	C:\WINDOWS\SYSTEM32\WINNSI.DLL
0x00007ff9b7df0000 - 0x00007ff9b7e0e000 	C:\Users\Apolo\AppData\Local\Temp\native-platform4987787587319342069dir\native-platform.dll

VM Arguments:
jvm_args: -Xmx2048m -Dfile.encoding=windows-1252 -Duser.country=ES -Duser.language=es -Duser.variant 
java_command: org.gradle.launcher.daemon.bootstrap.GradleDaemon 6.5
java_class_path (initial): C:\Users\Apolo\.gradle\wrapper\dists\gradle-6.5-bin\6nifqtx7604sqp1q6g8wikw7p\gradle-6.5\lib\gradle-launcher-6.5.jar
Launcher Type: SUN_STANDARD

Environment Variables:
PATH=C:\Program Files\Common Files\Oracle\Java\javapath;C:\Program Files (x86)\Common Files\Oracle\Java\javapath;C:\orant\bin;C:\WINDOWS\system32;C:\WINDOWS;C:\WINDOWS\System32\Wbem;C:\WINDOWS\System32\WindowsPowerShell\v1.0\;C:\WINDOWS\System32\OpenSSH\;C:\orant\jdk\bin;C:\Program Files (x86)\Intel\Intel(R) Memory And Storage Tool\;C:\Program Files\Git\cmd;C:\Program Files\nodejs\;C:\Users\Apolo\AppData\Local\Microsoft\WindowsApps;;C:\Users\Apolo\AppData\Local\Programs\Microsoft VS Code\bin;C:\Users\Apolo\AppData\Roaming\npm
USERNAME=Apolo
OS=Windows_NT
PROCESSOR_IDENTIFIER=Intel64 Family 6 Model 126 Stepping 5, GenuineIntel



---------------  S Y S T E M  ---------------

OS: Windows 10.0 , 64 bit Build 19041 (10.0.19041.804)

CPU:total 8 (initial active 8) (4 cores per cpu, 2 threads per core) family 6 model 126 stepping 5, cmov, cx8, fxsr, mmx, sse, sse2, sse3, ssse3, sse4.1, sse4.2, popcnt, avx, avx2, aes, clmul, erms, 3dnowpref, lzcnt, ht, tsc, tscinvbit, bmi1, bmi2, adx

Memory: 4k page, physical 8165048k(567508k free), swap 11736884k(4132k free)

vm_info: OpenJDK 64-Bit Server VM (25.242-b01) for windows-amd64 JRE (1.8.0_242-release-1644-b01), built by "builder" with MS VC++ 10.0 (VS2010)

time: Thu Mar 04 11:30:34 2021
timezone: Hora de verano de Paraguay
elapsed time: 5196 seconds (0d 1h 26m 36s)

