#
# There is insufficient memory for the Java Runtime Environment to continue.
# Native memory allocation (malloc) failed to allocate 1326256 bytes for Chunk::new
# Possible reasons:
#   The system is out of physical RAM or swap space
#   The process is running with CompressedOops enabled, and the Java Heap may be blocking the growth of the native heap
# Possible solutions:
#   Reduce memory load on the system
#   Increase physical memory or swap space
#   Check if swap backing store is full
#   Decrease Java heap size (-Xmx/-Xms)
#   Decrease number of Java threads
#   Decrease Java thread stack sizes (-Xss)
#   Set larger code cache with -XX:ReservedCodeCacheSize=
#   JVM is running with Unscaled Compressed Oops mode in which the Java heap is
#     placed in the first 4GB address space. The Java Heap base address is the
#     maximum limit for the native heap growth. Please use -XX:HeapBaseMinAddress
#     to set the Java Heap base and to place the Java Heap above 4GB virtual address.
# This output file may be truncated or incomplete.
#
#  Out of Memory Error (allocation.cpp:389), pid=26328, tid=0x0000000000005f20
#
# JRE version: OpenJDK Runtime Environment (8.0_242-b01) (build 1.8.0_242-release-1644-b01)
# Java VM: OpenJDK 64-Bit Server VM (25.242-b01 mixed mode windows-amd64 compressed oops)
# Failed to write core dump. Minidumps are not enabled by default on client versions of Windows
#

---------------  T H R E A D  ---------------

Current thread (0x0000000019e67800):  JavaThread "C2 CompilerThread2" daemon [_thread_in_native, id=24352, stack(0x000000001a950000,0x000000001aa50000)]

Stack: [0x000000001a950000,0x000000001aa50000]
[error occurred during error reporting (printing stack bounds), id 0xc0000005]

Native frames: (J=compiled Java code, j=interpreted, Vv=VM code, C=native code)


Current CompileTask:
C2:   6324 5683       4       org.gradle.internal.reflect.ClassInspector::inspectClass (179 bytes)


---------------  P R O C E S S  ---------------

Java Threads: ( => current thread )
  0x000000001bd51000 JavaThread "Cache worker for file content cache (C:\Android\Proyecto\VendedoresKT\ApoloVendedor\.gradle\6.5\fileContent)" [_thread_blocked, id=3784, stack(0x000000002e8b0000,0x000000002e9b0000)]
  0x00000000206fc800 JavaThread "Memory manager" [_thread_blocked, id=7540, stack(0x000000002cb90000,0x000000002cc90000)]
  0x00000000206fa000 JavaThread "Cache worker for Build Output Cleanup Cache (C:\Android\Proyecto\VendedoresKT\ApoloVendedor\.gradle\buildOutputCleanup)" [_thread_blocked, id=21980, stack(0x000000002c490000,0x000000002c590000)]
  0x00000000206fb000 JavaThread "jar transforms Thread 113" [_thread_blocked, id=23732, stack(0x000000002c190000,0x000000002c290000)]
  0x00000000206fd000 JavaThread "jar transforms Thread 112" [_thread_blocked, id=16464, stack(0x000000002c090000,0x000000002c190000)]
  0x00000000206f9800 JavaThread "jar transforms Thread 111" [_thread_blocked, id=6388, stack(0x000000002bf90000,0x000000002c090000)]
  0x00000000206f8800 JavaThread "jar transforms Thread 110" [_thread_blocked, id=26244, stack(0x000000002be90000,0x000000002bf90000)]
  0x00000000206fe800 JavaThread "jar transforms Thread 109" [_thread_blocked, id=3824, stack(0x000000002bd90000,0x000000002be90000)]
  0x00000000206fe000 JavaThread "jar transforms Thread 108" [_thread_blocked, id=10880, stack(0x000000002bb90000,0x000000002bc90000)]
  0x00000000206fb800 JavaThread "jar transforms Thread 107" [_thread_blocked, id=25216, stack(0x000000002ba90000,0x000000002bb90000)]
  0x00000000206f8000 JavaThread "jar transforms Thread 106" [_thread_blocked, id=21332, stack(0x000000002b990000,0x000000002ba90000)]
  0x00000000206f0000 JavaThread "jar transforms Thread 105" [_thread_blocked, id=23840, stack(0x000000002b890000,0x000000002b990000)]
  0x00000000206f7000 JavaThread "jar transforms Thread 104" [_thread_blocked, id=26184, stack(0x000000002b790000,0x000000002b890000)]
  0x00000000206f4000 JavaThread "jar transforms Thread 103" [_thread_blocked, id=21264, stack(0x000000002b690000,0x000000002b790000)]
  0x00000000206f3800 JavaThread "jar transforms Thread 102" [_thread_blocked, id=25060, stack(0x000000002b590000,0x000000002b690000)]
  0x00000000206f5000 JavaThread "jar transforms Thread 101" [_thread_blocked, id=21732, stack(0x000000002b490000,0x000000002b590000)]
  0x00000000206f2800 JavaThread "jar transforms Thread 100" [_thread_blocked, id=16820, stack(0x000000002b390000,0x000000002b490000)]
  0x00000000206f6800 JavaThread "jar transforms Thread 99" [_thread_blocked, id=18128, stack(0x000000002b290000,0x000000002b390000)]
  0x00000000206f5800 JavaThread "jar transforms Thread 98" [_thread_blocked, id=23900, stack(0x000000002b190000,0x000000002b290000)]
  0x00000000206ef800 JavaThread "jar transforms Thread 97" [_thread_blocked, id=9628, stack(0x000000002b090000,0x000000002b190000)]
  0x00000000206f1800 JavaThread "jar transforms Thread 96" [_thread_blocked, id=26480, stack(0x000000002af90000,0x000000002b090000)]
  0x00000000206f1000 JavaThread "jar transforms Thread 95" [_thread_blocked, id=23808, stack(0x000000002ae90000,0x000000002af90000)]
  0x0000000020489000 JavaThread "jar transforms Thread 94" [_thread_blocked, id=22272, stack(0x000000002ad90000,0x000000002ae90000)]
  0x000000002048a800 JavaThread "jar transforms Thread 93" [_thread_blocked, id=15892, stack(0x000000002ac90000,0x000000002ad90000)]
  0x0000000020488000 JavaThread "jar transforms Thread 92" [_thread_blocked, id=8248, stack(0x000000002ab90000,0x000000002ac90000)]
  0x0000000020486800 JavaThread "jar transforms Thread 91" [_thread_blocked, id=23608, stack(0x000000002aa90000,0x000000002ab90000)]
  0x0000000020489800 JavaThread "jar transforms Thread 90" [_thread_blocked, id=20284, stack(0x000000002a990000,0x000000002aa90000)]
  0x0000000020487800 JavaThread "jar transforms Thread 89" [_thread_blocked, id=9452, stack(0x000000002a890000,0x000000002a990000)]
  0x0000000020486000 JavaThread "jar transforms Thread 88" [_thread_blocked, id=1640, stack(0x000000002a790000,0x000000002a890000)]
  0x000000002047e000 JavaThread "jar transforms Thread 87" [_thread_blocked, id=24936, stack(0x000000002a690000,0x000000002a790000)]
  0x0000000020485000 JavaThread "jar transforms Thread 86" [_thread_blocked, id=24816, stack(0x000000002a590000,0x000000002a690000)]
  0x0000000020484800 JavaThread "jar transforms Thread 85" [_thread_blocked, id=22876, stack(0x000000002a490000,0x000000002a590000)]
  0x000000002047c800 JavaThread "jar transforms Thread 84" [_thread_blocked, id=10668, stack(0x000000002a390000,0x000000002a490000)]
  0x0000000020483800 JavaThread "jar transforms Thread 83" [_thread_blocked, id=18140, stack(0x000000002a290000,0x000000002a390000)]
  0x0000000020483000 JavaThread "jar transforms Thread 82" [_thread_blocked, id=25708, stack(0x000000002a190000,0x000000002a290000)]
  0x000000002047b000 JavaThread "jar transforms Thread 81" [_thread_blocked, id=25548, stack(0x000000002a090000,0x000000002a190000)]
  0x000000002047d800 JavaThread "jar transforms Thread 80" [_thread_blocked, id=26172, stack(0x0000000029f90000,0x000000002a090000)]
  0x0000000020482000 JavaThread "jar transforms Thread 79" [_thread_blocked, id=8448, stack(0x0000000029e90000,0x0000000029f90000)]
  0x0000000020480000 JavaThread "jar transforms Thread 78" [_thread_blocked, id=22044, stack(0x0000000029d90000,0x0000000029e90000)]
  0x000000002047f000 JavaThread "jar transforms Thread 77" [_thread_blocked, id=25028, stack(0x0000000029c90000,0x0000000029d90000)]
  0x0000000020481800 JavaThread "jar transforms Thread 76" [_thread_blocked, id=9128, stack(0x0000000029b90000,0x0000000029c90000)]
  0x000000002047c000 JavaThread "jar transforms Thread 75" [_thread_blocked, id=24852, stack(0x0000000029a90000,0x0000000029b90000)]
  0x0000000020480800 JavaThread "jar transforms Thread 74" [_thread_blocked, id=26536, stack(0x0000000029990000,0x0000000029a90000)]
  0x0000000020559000 JavaThread "jar transforms Thread 73" [_thread_blocked, id=20096, stack(0x00000000249c0000,0x0000000024ac0000)]
  0x0000000020558000 JavaThread "jar transforms Thread 72" [_thread_blocked, id=13804, stack(0x00000000248c0000,0x00000000249c0000)]
  0x0000000020556800 JavaThread "jar transforms Thread 71" [_thread_blocked, id=25432, stack(0x00000000247c0000,0x00000000248c0000)]
  0x0000000020556000 JavaThread "jar transforms Thread 70" [_thread_blocked, id=6632, stack(0x0000000029890000,0x0000000029990000)]
  0x0000000020555000 JavaThread "jar transforms Thread 69" [_thread_blocked, id=23376, stack(0x0000000029790000,0x0000000029890000)]
  0x0000000020554800 JavaThread "jar transforms Thread 68" [_thread_blocked, id=8200, stack(0x0000000029690000,0x0000000029790000)]
  0x0000000020559800 JavaThread "jar transforms Thread 67" [_thread_blocked, id=23428, stack(0x0000000029590000,0x0000000029690000)]
  0x0000000020557800 JavaThread "jar transforms Thread 66" [_thread_blocked, id=5912, stack(0x0000000029490000,0x0000000029590000)]
  0x000000002054d000 JavaThread "jar transforms Thread 65" [_thread_blocked, id=24140, stack(0x0000000029390000,0x0000000029490000)]
  0x0000000020553800 JavaThread "jar transforms Thread 64" [_thread_blocked, id=3216, stack(0x0000000029290000,0x0000000029390000)]
  0x0000000020553000 JavaThread "jar transforms Thread 63" [_thread_blocked, id=5652, stack(0x0000000029190000,0x0000000029290000)]
  0x000000002054b800 JavaThread "jar transforms Thread 62" [_thread_blocked, id=11440, stack(0x0000000029090000,0x0000000029190000)]
  0x0000000020552000 JavaThread "jar transforms Thread 61" [_thread_blocked, id=25428, stack(0x0000000028f90000,0x0000000029090000)]
  0x000000002054a800 JavaThread "jar transforms Thread 60" [_thread_blocked, id=26372, stack(0x0000000028e90000,0x0000000028f90000)]
  0x0000000020551800 JavaThread "jar transforms Thread 59" [_thread_blocked, id=24728, stack(0x0000000028d90000,0x0000000028e90000)]
  0x000000002054e800 JavaThread "jar transforms Thread 58" [_thread_blocked, id=14444, stack(0x0000000028c90000,0x0000000028d90000)]
  0x0000000020550000 JavaThread "jar transforms Thread 57" [_thread_blocked, id=23240, stack(0x0000000028b90000,0x0000000028c90000)]
  0x000000002054d800 JavaThread "jar transforms Thread 56" [_thread_blocked, id=25800, stack(0x0000000028a90000,0x0000000028b90000)]
  0x000000002054c000 JavaThread "jar transforms Thread 55" [_thread_blocked, id=26060, stack(0x0000000028990000,0x0000000028a90000)]
  0x0000000020550800 JavaThread "jar transforms Thread 54" [_thread_blocked, id=25424, stack(0x0000000028890000,0x0000000028990000)]
  0x000000002054f000 JavaThread "jar transforms Thread 53" [_thread_blocked, id=24868, stack(0x0000000028790000,0x0000000028890000)]
  0x0000000020549800 JavaThread "jar transforms Thread 52" [_thread_blocked, id=20336, stack(0x0000000028690000,0x0000000028790000)]
  0x0000000020549000 JavaThread "jar transforms Thread 51" [_thread_blocked, id=10032, stack(0x0000000028590000,0x0000000028690000)]
  0x0000000020548000 JavaThread "jar transforms Thread 50" [_thread_blocked, id=12312, stack(0x0000000028490000,0x0000000028590000)]
  0x0000000020546800 JavaThread "jar transforms Thread 49" [_thread_blocked, id=23692, stack(0x0000000028390000,0x0000000028490000)]
  0x0000000020546000 JavaThread "jar transforms Thread 48" [_thread_blocked, id=19892, stack(0x0000000028290000,0x0000000028390000)]
  0x0000000020544800 JavaThread "jar transforms Thread 47" [_thread_blocked, id=23792, stack(0x0000000028190000,0x0000000028290000)]
  0x0000000020545000 JavaThread "jar transforms Thread 46" [_thread_blocked, id=25764, stack(0x0000000028090000,0x0000000028190000)]
  0x0000000020547800 JavaThread "jar transforms Thread 45" [_thread_blocked, id=24588, stack(0x0000000027f90000,0x0000000028090000)]
  0x0000000020543800 JavaThread "jar transforms Thread 44" [_thread_blocked, id=23080, stack(0x0000000027e90000,0x0000000027f90000)]
  0x000000002053c000 JavaThread "jar transforms Thread 43" [_thread_blocked, id=5228, stack(0x0000000027d90000,0x0000000027e90000)]
  0x0000000020543000 JavaThread "jar transforms Thread 42" [_thread_blocked, id=24672, stack(0x0000000027c90000,0x0000000027d90000)]
  0x000000002053d800 JavaThread "jar transforms Thread 41" [_thread_blocked, id=21408, stack(0x0000000027b90000,0x0000000027c90000)]
  0x000000002053f000 JavaThread "jar transforms Thread 40" [_thread_blocked, id=22888, stack(0x0000000027a90000,0x0000000027b90000)]
  0x0000000020542000 JavaThread "jar transforms Thread 39" [_thread_blocked, id=14536, stack(0x0000000027990000,0x0000000027a90000)]
  0x000000002053e800 JavaThread "jar transforms Thread 38" [_thread_blocked, id=21736, stack(0x0000000027890000,0x0000000027990000)]
  0x000000002053d000 JavaThread "jar transforms Thread 37" [_thread_blocked, id=12580, stack(0x0000000027790000,0x0000000027890000)]
  0x000000002053a800 JavaThread "jar transforms Thread 36" [_thread_blocked, id=25376, stack(0x0000000027690000,0x0000000027790000)]
  0x0000000020541800 JavaThread "jar transforms Thread 35" [_thread_blocked, id=25208, stack(0x0000000027590000,0x0000000027690000)]
  0x0000000020540800 JavaThread "jar transforms Thread 34" [_thread_blocked, id=11828, stack(0x0000000027490000,0x0000000027590000)]
  0x0000000020540000 JavaThread "jar transforms Thread 33" [_thread_blocked, id=19912, stack(0x0000000027390000,0x0000000027490000)]
  0x000000002053b800 JavaThread "jar transforms Thread 32" [_thread_blocked, id=3088, stack(0x0000000027290000,0x0000000027390000)]
  0x0000000022408000 JavaThread "jar transforms Thread 31" [_thread_blocked, id=25096, stack(0x0000000027190000,0x0000000027290000)]
  0x0000000022406800 JavaThread "jar transforms Thread 30" [_thread_blocked, id=25932, stack(0x0000000027090000,0x0000000027190000)]
  0x0000000022405000 JavaThread "jar transforms Thread 29" [_thread_blocked, id=26292, stack(0x0000000026f90000,0x0000000027090000)]
  0x0000000022404000 JavaThread "jar transforms Thread 28" [_thread_blocked, id=15908, stack(0x0000000026e90000,0x0000000026f90000)]
  0x0000000022405800 JavaThread "jar transforms Thread 27" [_thread_blocked, id=23976, stack(0x0000000026d90000,0x0000000026e90000)]
  0x0000000022407000 JavaThread "jar transforms Thread 26" [_thread_blocked, id=26116, stack(0x0000000026c90000,0x0000000026d90000)]
  0x00000000223fe000 JavaThread "jar transforms Thread 25" [_thread_blocked, id=8996, stack(0x0000000026b90000,0x0000000026c90000)]
  0x00000000223fc800 JavaThread "jar transforms Thread 24" [_thread_blocked, id=25884, stack(0x0000000026a90000,0x0000000026b90000)]
  0x0000000022403800 JavaThread "jar transforms Thread 23" [_thread_blocked, id=12608, stack(0x0000000026990000,0x0000000026a90000)]
  0x00000000223fc000 JavaThread "jar transforms Thread 22" [_thread_blocked, id=15708, stack(0x0000000026890000,0x0000000026990000)]
  0x0000000022402800 JavaThread "jar transforms Thread 21" [_thread_blocked, id=21388, stack(0x0000000026790000,0x0000000026890000)]
  0x0000000022401000 JavaThread "jar transforms Thread 20" [_thread_blocked, id=2280, stack(0x0000000026690000,0x0000000026790000)]
  0x0000000022402000 JavaThread "jar transforms Thread 19" [_thread_blocked, id=8416, stack(0x0000000026590000,0x0000000026690000)]
  0x00000000223fa800 JavaThread "jar transforms Thread 18" [_thread_blocked, id=26236, stack(0x0000000026490000,0x0000000026590000)]
  0x00000000223f9800 JavaThread "jar transforms Thread 17" [_thread_blocked, id=20092, stack(0x0000000026390000,0x0000000026490000)]
  0x0000000022400800 JavaThread "jar transforms Thread 16" [_thread_blocked, id=25744, stack(0x0000000026290000,0x0000000026390000)]
  0x00000000223ff000 JavaThread "jar transforms Thread 15" [_thread_blocked, id=26600, stack(0x0000000026190000,0x0000000026290000)]
  0x00000000223f9000 JavaThread "jar transforms Thread 14" [_thread_blocked, id=26408, stack(0x0000000026090000,0x0000000026190000)]
  0x00000000223fb000 JavaThread "jar transforms Thread 13" [_thread_blocked, id=25580, stack(0x0000000025f90000,0x0000000026090000)]
  0x00000000223fd800 JavaThread "jar transforms Thread 12" [_thread_blocked, id=2100, stack(0x0000000025e90000,0x0000000025f90000)]
  0x00000000223ff800 JavaThread "jar transforms Thread 11" [_thread_blocked, id=26368, stack(0x0000000025d90000,0x0000000025e90000)]
  0x000000001cd46800 JavaThread "jar transforms Thread 10" [_thread_blocked, id=19864, stack(0x0000000025c90000,0x0000000025d90000)]
  0x000000001cd48000 JavaThread "jar transforms Thread 9" [_thread_blocked, id=26252, stack(0x0000000025b90000,0x0000000025c90000)]
  0x000000001cd4b000 JavaThread "jar transforms Thread 8" [_thread_blocked, id=25048, stack(0x0000000025a90000,0x0000000025b90000)]
  0x000000001cd4a000 JavaThread "jar transforms Thread 7" [_thread_blocked, id=7848, stack(0x0000000025990000,0x0000000025a90000)]
  0x000000001cd47000 JavaThread "jar transforms Thread 6" [_thread_blocked, id=25260, stack(0x0000000025890000,0x0000000025990000)]
  0x000000001cd45800 JavaThread "jar transforms Thread 5" [_thread_blocked, id=22064, stack(0x0000000025790000,0x0000000025890000)]
  0x000000001cd45000 JavaThread "jar transforms Thread 4" [_thread_blocked, id=9388, stack(0x0000000025690000,0x0000000025790000)]
  0x000000001cd48800 JavaThread "jar transforms Thread 3" [_thread_blocked, id=19076, stack(0x0000000025590000,0x0000000025690000)]
  0x000000001cd4b800 JavaThread "jar transforms Thread 2" [_thread_blocked, id=26100, stack(0x0000000025490000,0x0000000025590000)]
  0x000000001cd44000 JavaThread "Build operations Thread 8" [_thread_blocked, id=23448, stack(0x0000000025290000,0x0000000025390000)]
  0x000000001cd49800 JavaThread "Build operations Thread 7" [_thread_blocked, id=22024, stack(0x0000000025190000,0x0000000025290000)]
  0x000000001cd3c800 JavaThread "Build operations Thread 6" [_thread_blocked, id=23460, stack(0x0000000025090000,0x0000000025190000)]
  0x000000001cd43800 JavaThread "Build operations Thread 5" [_thread_blocked, id=24820, stack(0x0000000024f90000,0x0000000025090000)]
  0x000000001cd42800 JavaThread "Build operations Thread 4" [_thread_blocked, id=26088, stack(0x0000000024e90000,0x0000000024f90000)]
  0x000000001cd42000 JavaThread "Build operations Thread 3" [_thread_blocked, id=25404, stack(0x0000000024d90000,0x0000000024e90000)]
  0x000000001cd3f000 JavaThread "Build operations Thread 2" [_thread_blocked, id=25312, stack(0x0000000024c90000,0x0000000024d90000)]
  0x000000001cd3f800 JavaThread "Build operations" [_thread_blocked, id=25568, stack(0x0000000024b90000,0x0000000024c90000)]
  0x000000001b080000 JavaThread "Cache worker for file content cache (C:\Users\Apolo\.gradle\caches\6.5\fileContent)" [_thread_blocked, id=25024, stack(0x00000000230f0000,0x00000000231f0000)]
  0x000000001b084000 JavaThread "jar transforms" [_thread_blocked, id=24636, stack(0x0000000022ff0000,0x00000000230f0000)]
  0x000000001b081800 JavaThread "Cache worker for execution history cache (C:\Users\Apolo\.gradle\caches\6.5\executionHistory)" [_thread_blocked, id=23200, stack(0x00000000228f0000,0x00000000229f0000)]
  0x000000001b083000 JavaThread "Cache worker for cache directory md-rule (C:\Users\Apolo\.gradle\caches\6.5\md-rule)" [_thread_blocked, id=25228, stack(0x00000000227f0000,0x00000000228f0000)]
  0x000000001b07e800 JavaThread "Cache worker for cache directory md-supplier (C:\Users\Apolo\.gradle\caches\6.5\md-supplier)" [_thread_blocked, id=19700, stack(0x00000000214a0000,0x00000000215a0000)]
  0x000000001b085800 JavaThread "Cache worker for checksums cache (C:\Android\Proyecto\VendedoresKT\ApoloVendedor\.gradle\checksums)" [_thread_blocked, id=25212, stack(0x00000000213a0000,0x00000000214a0000)]
  0x000000001b07f800 JavaThread "Cache worker for file hash cache (C:\Android\Proyecto\VendedoresKT\ApoloVendedor\.gradle\6.5\fileHashes)" [_thread_blocked, id=25400, stack(0x000000001eea0000,0x000000001efa0000)]
  0x000000001b082800 JavaThread "Cache worker for file hash cache (C:\Users\Apolo\.gradle\caches\6.5\fileHashes)" [_thread_blocked, id=26440, stack(0x000000001eda0000,0x000000001eea0000)]
  0x000000001b081000 JavaThread "File lock request listener" [_thread_in_native, id=11868, stack(0x000000001eca0000,0x000000001eda0000)]
  0x000000001cd4c800 JavaThread "Cache worker for journal cache (C:\Users\Apolo\.gradle\caches\journal-1)" [_thread_blocked, id=18764, stack(0x000000001eba0000,0x000000001eca0000)]
  0x000000001bae3800 JavaThread "Thread-9" [_thread_blocked, id=8160, stack(0x000000001e8a0000,0x000000001e9a0000)]
  0x000000001ca47800 JavaThread "Stdin handler" [_thread_blocked, id=23096, stack(0x000000001e7a0000,0x000000001e8a0000)]
  0x000000001ca49000 JavaThread "Asynchronous log dispatcher for DefaultDaemonConnection: socket connection from /127.0.0.1:60555 to /127.0.0.1:60556" [_thread_blocked, id=23924, stack(0x000000001e6a0000,0x000000001e7a0000)]
  0x000000001b050800 JavaThread "Daemon worker" [_thread_in_Java, id=24092, stack(0x000000001e5a0000,0x000000001e6a0000)]
  0x000000001ca4f800 JavaThread "Cancel handler" [_thread_blocked, id=25124, stack(0x000000001e4a0000,0x000000001e5a0000)]
  0x000000001c9c8800 JavaThread "Handler for socket connection from /127.0.0.1:60555 to /127.0.0.1:60556" [_thread_in_native, id=21248, stack(0x000000001e3a0000,0x000000001e4a0000)]
  0x000000001c9c4000 JavaThread "Daemon" [_thread_blocked, id=23204, stack(0x000000001e2a0000,0x000000001e3a0000)]
  0x000000001c9b1000 JavaThread "Daemon periodic checks" [_thread_blocked, id=7952, stack(0x000000001dfa0000,0x000000001e0a0000)]
  0x000000001c9f1000 JavaThread "Incoming local TCP Connector on port 60555" [_thread_in_native, id=22964, stack(0x000000001dd30000,0x000000001de30000)]
  0x0000000019f6a800 JavaThread "Daemon health stats" [_thread_blocked, id=25712, stack(0x000000001d6f0000,0x000000001d7f0000)]
  0x0000000019ee8000 JavaThread "Service Thread" daemon [_thread_blocked, id=25916, stack(0x000000001ab50000,0x000000001ac50000)]
  0x0000000019e6b800 JavaThread "C1 CompilerThread3" daemon [_thread_blocked, id=18308, stack(0x000000001aa50000,0x000000001ab50000)]
=>0x0000000019e67800 JavaThread "C2 CompilerThread2" daemon [_thread_in_native, id=24352, stack(0x000000001a950000,0x000000001aa50000)]
  0x000000001804b000 JavaThread "C2 CompilerThread1" daemon [_thread_in_native, id=25084, stack(0x000000001a850000,0x000000001a950000)]
  0x0000000019e60000 JavaThread "C2 CompilerThread0" daemon [_thread_in_native, id=17300, stack(0x000000001a750000,0x000000001a850000)]
  0x0000000019e5f000 JavaThread "Attach Listener" daemon [_thread_blocked, id=21140, stack(0x000000001a650000,0x000000001a750000)]
  0x0000000019e65800 JavaThread "Signal Dispatcher" daemon [_thread_blocked, id=22620, stack(0x000000001a550000,0x000000001a650000)]
  0x0000000002fce000 JavaThread "Finalizer" daemon [_thread_blocked, id=25584, stack(0x000000001a330000,0x000000001a430000)]
  0x0000000002fc7000 JavaThread "Reference Handler" daemon [_thread_blocked, id=19880, stack(0x000000001a230000,0x000000001a330000)]
  0x0000000002ecd800 JavaThread "main" [_thread_blocked, id=26284, stack(0x0000000002d50000,0x0000000002e50000)]

Other Threads:
  0x0000000018036000 VMThread [stack: 0x0000000019d30000,0x0000000019e30000] [id=20304]
  0x0000000019ee8800 WatcherThread [stack: 0x000000001ac50000,0x000000001ad50000] [id=10100]

VM state:not at safepoint (normal execution)

VM Mutex/Monitor currently owned by a thread: None

heap address: 0x0000000080000000, size: 2048 MB, Compressed Oops mode: 32-bit
Narrow klass base: 0x0000000000000000, Narrow klass shift: 3
Compressed class space size: 1073741824 Address: 0x0000000100000000

Heap:
 PSYoungGen      total 231936K, used 93936K [0x00000000d5580000, 0x00000000e5500000, 0x0000000100000000)
  eden space 212992K, 44% used [0x00000000d5580000,0x00000000db13c240,0x00000000e2580000)
  from space 18944K, 0% used [0x00000000e3780000,0x00000000e3780000,0x00000000e4a00000)
  to   space 18432K, 0% used [0x00000000e2580000,0x00000000e2580000,0x00000000e3780000)
 ParOldGen       total 118784K, used 33748K [0x0000000080000000, 0x0000000087400000, 0x00000000d5580000)
  object space 118784K, 28% used [0x0000000080000000,0x00000000820f51f0,0x0000000087400000)
 Metaspace       used 63011K, capacity 65564K, committed 65816K, reserved 1105920K
  class space    used 8644K, capacity 9189K, committed 9256K, reserved 1048576K

Card table byte_map: [0x0000000012390000,0x00000000127a0000] byte_map_base: 0x0000000011f90000

Marking Bits: (ParMarkBitMap*) 0x000000007106f030
 Begin Bits: [0x0000000013250000, 0x0000000015250000)
 End Bits:   [0x0000000015250000, 0x0000000017250000)

Polling page: 0x0000000000f50000

CodeCache: size=245760Kb used=20025Kb max_used=20025Kb free=225734Kb
 bounds [0x0000000002fd0000, 0x0000000004370000, 0x0000000011fd0000]
 total_blobs=6498 nmethods=5720 adapters=691
 compilation: enabled

Compilation events (10 events):
Event: 6.315 Thread 0x0000000019e6b800 nmethod 5966 0x000000000434a390 code [0x000000000434a520, 0x000000000434a7f8]
Event: 6.315 Thread 0x0000000019e6b800 5967       3       org.gradle.api.internal.tasks.properties.DefaultTypeMetadataStore$DefaultTypeMetadata::getAnnotationHandlerFor (17 bytes)
Event: 6.315 Thread 0x0000000019e6b800 nmethod 5967 0x000000000434a950 code [0x000000000434aac0, 0x000000000434ae48]
Event: 6.315 Thread 0x0000000019e6b800 5968       3       java.util.ArrayDeque::clear (56 bytes)
Event: 6.315 Thread 0x0000000019e6b800 nmethod 5968 0x000000000434af90 code [0x000000000434b100, 0x000000000434b490]
Event: 6.316 Thread 0x0000000019e6b800 5969       3       org.gradle.api.internal.file.AbstractFileResolver::resolve (9 bytes)
Event: 6.316 Thread 0x0000000019e6b800 nmethod 5969 0x000000000434b610 code [0x000000000434b7a0, 0x000000000434bb88]
Event: 6.316 Thread 0x0000000019e6b800 5970       3       org.gradle.api.internal.file.AbstractFileResolver::resolve (19 bytes)
Event: 6.316 Thread 0x0000000019e6b800 nmethod 5970 0x000000000434bcd0 code [0x000000000434be60, 0x000000000434c188]
Event: 6.316 Thread 0x0000000019e6b800 5971       3       org.gradle.api.internal.file.AbstractFileResolver::validate (184 bytes)

GC Heap History (10 events):
Event: 3.114 GC heap before
{Heap before GC invocations=11 (full 2):
 PSYoungGen      total 138240K, used 11233K [0x00000000d5580000, 0x00000000e1d00000, 0x0000000100000000)
  eden space 126976K, 0% used [0x00000000d5580000,0x00000000d5580000,0x00000000dd180000)
  from space 11264K, 99% used [0x00000000dd180000,0x00000000ddc78488,0x00000000ddc80000)
  to   space 12800K, 0% used [0x00000000e1080000,0x00000000e1080000,0x00000000e1d00000)
 ParOldGen       total 48128K, used 7349K [0x0000000080000000, 0x0000000082f00000, 0x00000000d5580000)
  object space 48128K, 15% used [0x0000000080000000,0x000000008072d7d8,0x0000000082f00000)
 Metaspace       used 34265K, capacity 35424K, committed 35496K, reserved 1079296K
  class space    used 4717K, capacity 5005K, committed 5032K, reserved 1048576K
Event: 3.171 GC heap after
Heap after GC invocations=11 (full 2):
 PSYoungGen      total 138240K, used 0K [0x00000000d5580000, 0x00000000e1d00000, 0x0000000100000000)
  eden space 126976K, 0% used [0x00000000d5580000,0x00000000d5580000,0x00000000dd180000)
  from space 11264K, 0% used [0x00000000dd180000,0x00000000dd180000,0x00000000ddc80000)
  to   space 12800K, 0% used [0x00000000e1080000,0x00000000e1080000,0x00000000e1d00000)
 ParOldGen       total 75776K, used 17939K [0x0000000080000000, 0x0000000084a00000, 0x00000000d5580000)
  object space 75776K, 23% used [0x0000000080000000,0x0000000081184d08,0x0000000084a00000)
 Metaspace       used 34265K, capacity 35424K, committed 35496K, reserved 1079296K
  class space    used 4717K, capacity 5005K, committed 5032K, reserved 1048576K
}
Event: 3.725 GC heap before
{Heap before GC invocations=12 (full 2):
 PSYoungGen      total 138240K, used 126976K [0x00000000d5580000, 0x00000000e1d00000, 0x0000000100000000)
  eden space 126976K, 100% used [0x00000000d5580000,0x00000000dd180000,0x00000000dd180000)
  from space 11264K, 0% used [0x00000000dd180000,0x00000000dd180000,0x00000000ddc80000)
  to   space 12800K, 0% used [0x00000000e1080000,0x00000000e1080000,0x00000000e1d00000)
 ParOldGen       total 75776K, used 17939K [0x0000000080000000, 0x0000000084a00000, 0x00000000d5580000)
  object space 75776K, 23% used [0x0000000080000000,0x0000000081184d08,0x0000000084a00000)
 Metaspace       used 37731K, capacity 39522K, committed 39720K, reserved 1083392K
  class space    used 5210K, capacity 5590K, committed 5672K, reserved 1048576K
Event: 3.732 GC heap after
Heap after GC invocations=12 (full 2):
 PSYoungGen      total 174080K, used 8514K [0x00000000d5580000, 0x00000000e1900000, 0x0000000100000000)
  eden space 165376K, 0% used [0x00000000d5580000,0x00000000d5580000,0x00000000df700000)
  from space 8704K, 97% used [0x00000000e1080000,0x00000000e18d09a0,0x00000000e1900000)
  to   space 12800K, 0% used [0x00000000e0000000,0x00000000e0000000,0x00000000e0c80000)
 ParOldGen       total 75776K, used 17947K [0x0000000080000000, 0x0000000084a00000, 0x00000000d5580000)
  object space 75776K, 23% used [0x0000000080000000,0x0000000081186d08,0x0000000084a00000)
 Metaspace       used 37731K, capacity 39522K, committed 39720K, reserved 1083392K
  class space    used 5210K, capacity 5590K, committed 5672K, reserved 1048576K
}
Event: 4.824 GC heap before
{Heap before GC invocations=13 (full 2):
 PSYoungGen      total 174080K, used 173890K [0x00000000d5580000, 0x00000000e1900000, 0x0000000100000000)
  eden space 165376K, 100% used [0x00000000d5580000,0x00000000df700000,0x00000000df700000)
  from space 8704K, 97% used [0x00000000e1080000,0x00000000e18d09a0,0x00000000e1900000)
  to   space 12800K, 0% used [0x00000000e0000000,0x00000000e0000000,0x00000000e0c80000)
 ParOldGen       total 75776K, used 17947K [0x0000000080000000, 0x0000000084a00000, 0x00000000d5580000)
  object space 75776K, 23% used [0x0000000080000000,0x0000000081186d08,0x0000000084a00000)
 Metaspace       used 52316K, capacity 54484K, committed 54568K, reserved 1095680K
  class space    used 6974K, capacity 7430K, committed 7464K, reserved 1048576K
Event: 4.843 GC heap after
Heap after GC invocations=13 (full 2):
 PSYoungGen      total 187392K, used 12788K [0x00000000d5580000, 0x00000000e4a00000, 0x0000000100000000)
  eden space 174592K, 0% used [0x00000000d5580000,0x00000000d5580000,0x00000000e0000000)
  from space 12800K, 99% used [0x00000000e0000000,0x00000000e0c7d320,0x00000000e0c80000)
  to   space 18944K, 0% used [0x00000000e3780000,0x00000000e3780000,0x00000000e4a00000)
 ParOldGen       total 75776K, used 30268K [0x0000000080000000, 0x0000000084a00000, 0x00000000d5580000)
  object space 75776K, 39% used [0x0000000080000000,0x0000000081d8f2c8,0x0000000084a00000)
 Metaspace       used 52316K, capacity 54484K, committed 54568K, reserved 1095680K
  class space    used 6974K, capacity 7430K, committed 7464K, reserved 1048576K
}
Event: 5.344 GC heap before
{Heap before GC invocations=14 (full 2):
 PSYoungGen      total 187392K, used 58766K [0x00000000d5580000, 0x00000000e4a00000, 0x0000000100000000)
  eden space 174592K, 26% used [0x00000000d5580000,0x00000000d8266538,0x00000000e0000000)
  from space 12800K, 99% used [0x00000000e0000000,0x00000000e0c7d320,0x00000000e0c80000)
  to   space 18944K, 0% used [0x00000000e3780000,0x00000000e3780000,0x00000000e4a00000)
 ParOldGen       total 75776K, used 30268K [0x0000000080000000, 0x0000000084a00000, 0x00000000d5580000)
  object space 75776K, 39% used [0x0000000080000000,0x0000000081d8f2c8,0x0000000084a00000)
 Metaspace       used 56754K, capacity 59060K, committed 59160K, reserved 1099776K
  class space    used 7697K, capacity 8195K, committed 8232K, reserved 1048576K
Event: 5.361 GC heap after
Heap after GC invocations=14 (full 2):
 PSYoungGen      total 231936K, used 6034K [0x00000000d5580000, 0x00000000e5500000, 0x0000000100000000)
  eden space 212992K, 0% used [0x00000000d5580000,0x00000000d5580000,0x00000000e2580000)
  from space 18944K, 31% used [0x00000000e3780000,0x00000000e3d64b28,0x00000000e4a00000)
  to   space 18432K, 0% used [0x00000000e2580000,0x00000000e2580000,0x00000000e3780000)
 ParOldGen       total 75776K, used 42987K [0x0000000080000000, 0x0000000084a00000, 0x00000000d5580000)
  object space 75776K, 56% used [0x0000000080000000,0x00000000829fadb0,0x0000000084a00000)
 Metaspace       used 56754K, capacity 59060K, committed 59160K, reserved 1099776K
  class space    used 7697K, capacity 8195K, committed 8232K, reserved 1048576K
}
Event: 5.361 GC heap before
{Heap before GC invocations=15 (full 3):
 PSYoungGen      total 231936K, used 6034K [0x00000000d5580000, 0x00000000e5500000, 0x0000000100000000)
  eden space 212992K, 0% used [0x00000000d5580000,0x00000000d5580000,0x00000000e2580000)
  from space 18944K, 31% used [0x00000000e3780000,0x00000000e3d64b28,0x00000000e4a00000)
  to   space 18432K, 0% used [0x00000000e2580000,0x00000000e2580000,0x00000000e3780000)
 ParOldGen       total 75776K, used 42987K [0x0000000080000000, 0x0000000084a00000, 0x00000000d5580000)
  object space 75776K, 56% used [0x0000000080000000,0x00000000829fadb0,0x0000000084a00000)
 Metaspace       used 56754K, capacity 59060K, committed 59160K, reserved 1099776K
  class space    used 7697K, capacity 8195K, committed 8232K, reserved 1048576K
Event: 5.507 GC heap after
Heap after GC invocations=15 (full 3):
 PSYoungGen      total 231936K, used 0K [0x00000000d5580000, 0x00000000e5500000, 0x0000000100000000)
  eden space 212992K, 0% used [0x00000000d5580000,0x00000000d5580000,0x00000000e2580000)
  from space 18944K, 0% used [0x00000000e3780000,0x00000000e3780000,0x00000000e4a00000)
  to   space 18432K, 0% used [0x00000000e2580000,0x00000000e2580000,0x00000000e3780000)
 ParOldGen       total 118784K, used 33748K [0x0000000080000000, 0x0000000087400000, 0x00000000d5580000)
  object space 118784K, 28% used [0x0000000080000000,0x00000000820f51f0,0x0000000087400000)
 Metaspace       used 56704K, capacity 58892K, committed 59160K, reserved 1099776K
  class space    used 7682K, capacity 8167K, committed 8232K, reserved 1048576K
}

Deoptimization events (10 events):
Event: 5.868 Thread 0x000000001b050800 Uncommon trap: reason=bimorphic action=maybe_recompile pc=0x0000000003ee5794 method=java.util.regex.Pattern$5.isSatisfiedBy(I)Z @ 16
Event: 5.869 Thread 0x000000001b050800 Uncommon trap: reason=bimorphic action=maybe_recompile pc=0x0000000003ee5794 method=java.util.regex.Pattern$5.isSatisfiedBy(I)Z @ 16
Event: 5.869 Thread 0x000000001b050800 Uncommon trap: reason=bimorphic action=maybe_recompile pc=0x0000000003ee5794 method=java.util.regex.Pattern$5.isSatisfiedBy(I)Z @ 16
Event: 5.869 Thread 0x000000001b050800 Uncommon trap: reason=bimorphic action=maybe_recompile pc=0x0000000003ee5794 method=java.util.regex.Pattern$5.isSatisfiedBy(I)Z @ 16
Event: 6.060 Thread 0x000000001b050800 Uncommon trap: reason=unstable_if action=reinterpret pc=0x0000000003698328 method=java.util.regex.Pattern$BmpCharProperty.match(Ljava/util/regex/Matcher;ILjava/lang/CharSequence;)Z @ 34
Event: 6.064 Thread 0x000000001b050800 Uncommon trap: reason=unstable_if action=reinterpret pc=0x0000000003177310 method=com.sun.org.apache.xerces.internal.impl.XMLEntityScanner.skipSpaces()Z @ 303
Event: 6.064 Thread 0x000000001b050800 Uncommon trap: reason=unstable_if action=reinterpret pc=0x0000000003f22e98 method=com.sun.org.apache.xerces.internal.impl.XMLEntityScanner.scanLiteral(ILcom/sun/org/apache/xerces/internal/xni/XMLString;Z)I @ 660
Event: 6.066 Thread 0x000000001b050800 Uncommon trap: reason=unstable_if action=reinterpret pc=0x00000000033bad38 method=com.sun.org.apache.xerces.internal.impl.XMLEntityScanner.peekChar()I @ 14
Event: 6.071 Thread 0x000000001b050800 Uncommon trap: reason=unstable_if action=reinterpret pc=0x0000000003fe6edc method=java.lang.CharacterDataLatin1.digit(II)I @ 31
Event: 6.089 Thread 0x000000001b050800 Uncommon trap: reason=unstable_if action=reinterpret pc=0x0000000003eaadd8 method=com.google.gson.stream.JsonReader.doPeek()I @ 315

Classes redefined (0 events):
No events

Internal exceptions (10 events):
Event: 5.327 Thread 0x000000001b050800 Exception <a 'java/lang/ClassNotFoundException': com/android/build/gradle/internal/api/ApkVariantOutputImpl_DecoratedBeanInfo> (0x00000000d7ee3fd0) thrown at [C:\src\AOSP-openjdk-git\hotspot\src\share\vm\classfile\systemDictionary.cpp, line 210]
Event: 5.327 Thread 0x000000001b050800 Exception <a 'java/lang/ClassNotFoundException': com/android/build/gradle/internal/api/ApkVariantOutputImplBeanInfo> (0x00000000d7f03960) thrown at [C:\src\AOSP-openjdk-git\hotspot\src\share\vm\classfile\systemDictionary.cpp, line 210]
Event: 5.327 Thread 0x000000001b050800 Exception <a 'java/lang/ClassNotFoundException': com/android/build/gradle/internal/api/BaseVariantOutputImplBeanInfo> (0x00000000d7f246f0) thrown at [C:\src\AOSP-openjdk-git\hotspot\src\share\vm\classfile\systemDictionary.cpp, line 210]
Event: 5.328 Thread 0x000000001b050800 Exception <a 'java/lang/ClassNotFoundException': com/android/build/gradle/internal/api/BaseVariantOutputImplCustomizer> (0x00000000d7f45a88) thrown at [C:\src\AOSP-openjdk-git\hotspot\src\share\vm\classfile\systemDictionary.cpp, line 210]
Event: 5.328 Thread 0x000000001b050800 Exception <a 'java/lang/ClassNotFoundException': com/android/build/gradle/internal/api/ApkVariantOutputImplCustomizer> (0x00000000d7f80b88) thrown at [C:\src\AOSP-openjdk-git\hotspot\src\share\vm\classfile\systemDictionary.cpp, line 210]
Event: 5.329 Thread 0x000000001b050800 Exception <a 'java/lang/ClassNotFoundException': com/android/build/gradle/internal/api/ApkVariantOutputImpl_DecoratedCustomizer> (0x00000000d7fb7728) thrown at [C:\src\AOSP-openjdk-git\hotspot\src\share\vm\classfile\systemDictionary.cpp, line 210]
Event: 5.765 Thread 0x000000001b050800 Exception <a 'java/lang/NoSuchMethodError': java.lang.Object.lambda$static$0(Lorg/gradle/api/internal/tasks/TaskDependencyResolveContext;)V> (0x00000000d6d1d348) thrown at [C:\src\AOSP-openjdk-git\hotspot\src\share\vm\interpreter\linkResolver.cpp, line 62
Event: 5.853 Thread 0x000000001b050800 Exception <a 'sun/nio/fs/WindowsException'> (0x00000000d7742750) thrown at [C:\src\AOSP-openjdk-git\hotspot\src\share\vm\prims\jni.cpp, line 710]
Event: 5.893 Thread 0x000000001b050800 Exception <a 'java/lang/ClassNotFoundException': com/sun/org/glassfish/hk2/osgiresourcelocator/ServiceLoader> (0x00000000d7b762c8) thrown at [C:\src\AOSP-openjdk-git\hotspot\src\share\vm\classfile\systemDictionary.cpp, line 210]
Event: 5.937 Thread 0x000000001b050800 Exception <a 'java/lang/NullPointerException'> (0x00000000d80a03e8) thrown at [C:\src\AOSP-openjdk-git\hotspot\src\share\vm\interpreter\linkResolver.cpp, line 1287]

Events (10 events):
Event: 6.306 loading class com/android/build/gradle/tasks/ProcessApplicationManifest$CreationAction$configure$4
Event: 6.306 loading class com/android/build/gradle/tasks/ProcessApplicationManifest$CreationAction$configure$4 done
Event: 6.307 loading class com/android/build/gradle/tasks/ProcessApplicationManifest$CreationAction$configure$5
Event: 6.307 loading class com/android/build/gradle/tasks/ProcessApplicationManifest$CreationAction$configure$5 done
Event: 6.308 loading class com/android/build/gradle/tasks/ProcessApplicationManifest$CreationAction$configure$6
Event: 6.308 loading class com/android/build/gradle/tasks/ProcessApplicationManifest$CreationAction$configure$6 done
Event: 6.312 loading class com/android/build/gradle/tasks/CompatibleScreensManifest$CreationAction$configure$2
Event: 6.312 loading class com/android/build/gradle/tasks/CompatibleScreensManifest$CreationAction$configure$2 done
Event: 6.315 loading class com/android/build/gradle/internal/core/VariantSources$manifestOverlays$gatherManifest$1
Event: 6.315 loading class com/android/build/gradle/internal/core/VariantSources$manifestOverlays$gatherManifest$1 done


Dynamic libraries:
0x00007ff704740000 - 0x00007ff704771000 	C:\Program Files\Android\Android Studio\jre\bin\java.exe
0x00007ffa6e5d0000 - 0x00007ffa6e7c5000 	C:\WINDOWS\SYSTEM32\ntdll.dll
0x00007ffa6d070000 - 0x00007ffa6d12d000 	C:\WINDOWS\System32\KERNEL32.DLL
0x00007ffa6bd10000 - 0x00007ffa6bfd9000 	C:\WINDOWS\System32\KERNELBASE.dll
0x00007ffa6e350000 - 0x00007ffa6e3fc000 	C:\WINDOWS\System32\ADVAPI32.dll
0x00007ffa6db30000 - 0x00007ffa6dbce000 	C:\WINDOWS\System32\msvcrt.dll
0x00007ffa6c6a0000 - 0x00007ffa6c73c000 	C:\WINDOWS\System32\sechost.dll
0x00007ffa6d920000 - 0x00007ffa6da4b000 	C:\WINDOWS\System32\RPCRT4.dll
0x00007ffa6e040000 - 0x00007ffa6e1e0000 	C:\WINDOWS\System32\USER32.dll
0x00007ffa6c340000 - 0x00007ffa6c362000 	C:\WINDOWS\System32\win32u.dll
0x00007ffa6e2c0000 - 0x00007ffa6e2ea000 	C:\WINDOWS\System32\GDI32.dll
0x00007ffa6c3c0000 - 0x00007ffa6c4cb000 	C:\WINDOWS\System32\gdi32full.dll
0x00007ffa6c1f0000 - 0x00007ffa6c28d000 	C:\WINDOWS\System32\msvcp_win.dll
0x00007ffa6c070000 - 0x00007ffa6c170000 	C:\WINDOWS\System32\ucrtbase.dll
0x00007ffa4fd30000 - 0x00007ffa4ffca000 	C:\WINDOWS\WinSxS\amd64_microsoft.windows.common-controls_6595b64144ccf1df_6.0.19041.844_none_ca00b6081b84eb1d\COMCTL32.dll
0x00007ffa6da50000 - 0x00007ffa6da80000 	C:\WINDOWS\System32\IMM32.DLL
0x00000000707c0000 - 0x0000000070892000 	C:\Program Files\Android\Android Studio\jre\jre\bin\msvcr100.dll
0x00000000708a0000 - 0x00000000710eb000 	C:\Program Files\Android\Android Studio\jre\jre\bin\server\jvm.dll
0x00007ffa6e510000 - 0x00007ffa6e518000 	C:\WINDOWS\System32\PSAPI.DLL
0x00007ffa52690000 - 0x00007ffa526b7000 	C:\WINDOWS\SYSTEM32\WINMM.dll
0x00007ffa6b8a0000 - 0x00007ffa6b8aa000 	C:\WINDOWS\SYSTEM32\VERSION.dll
0x00007ffa4f1a0000 - 0x00007ffa4f1a9000 	C:\WINDOWS\SYSTEM32\WSOCK32.dll
0x00007ffa6e520000 - 0x00007ffa6e58b000 	C:\WINDOWS\System32\WS2_32.dll
0x00007ffa63300000 - 0x00007ffa6330f000 	C:\Program Files\Android\Android Studio\jre\jre\bin\verify.dll
0x00007ffa3b8c0000 - 0x00007ffa3b8e9000 	C:\Program Files\Android\Android Studio\jre\jre\bin\java.dll
0x00007ffa3c560000 - 0x00007ffa3c576000 	C:\Program Files\Android\Android Studio\jre\jre\bin\zip.dll
0x00007ffa6d150000 - 0x00007ffa6d892000 	C:\WINDOWS\System32\SHELL32.dll
0x00007ffa69de0000 - 0x00007ffa6a570000 	C:\WINDOWS\SYSTEM32\windows.storage.dll
0x00007ffa6c990000 - 0x00007ffa6cce5000 	C:\WINDOWS\System32\combase.dll
0x00007ffa6b710000 - 0x00007ffa6b73c000 	C:\WINDOWS\SYSTEM32\Wldp.dll
0x00007ffa6e400000 - 0x00007ffa6e4ae000 	C:\WINDOWS\System32\SHCORE.dll
0x00007ffa6c640000 - 0x00007ffa6c695000 	C:\WINDOWS\System32\shlwapi.dll
0x00007ffa6bc50000 - 0x00007ffa6bc6f000 	C:\WINDOWS\SYSTEM32\profapi.dll
0x00007ffa3b310000 - 0x00007ffa3b32a000 	C:\Program Files\Android\Android Studio\jre\jre\bin\net.dll
0x00007ffa6b490000 - 0x00007ffa6b4fa000 	C:\WINDOWS\system32\mswsock.dll
0x00007ffa3ab50000 - 0x00007ffa3ab63000 	C:\Program Files\Android\Android Studio\jre\jre\bin\nio.dll
0x00007ffa631c0000 - 0x00007ffa631e7000 	C:\Users\Apolo\.gradle\native\f6784746aeab05261644944871eae4fe03e0ef1612fff0a4a95f87b438bc6780\windows-amd64\native-platform.dll
0x00007ffa60750000 - 0x00007ffa6075d000 	C:\Program Files\Android\Android Studio\jre\jre\bin\management.dll
0x00007ffa6b660000 - 0x00007ffa6b678000 	C:\WINDOWS\SYSTEM32\CRYPTSP.dll
0x00007ffa6adc0000 - 0x00007ffa6adf4000 	C:\WINDOWS\system32\rsaenh.dll
0x00007ffa6c040000 - 0x00007ffa6c067000 	C:\WINDOWS\System32\bcrypt.dll
0x00007ffa6bbd0000 - 0x00007ffa6bbfe000 	C:\WINDOWS\SYSTEM32\USERENV.dll
0x00007ffa6c170000 - 0x00007ffa6c1f0000 	C:\WINDOWS\System32\bcryptprimitives.dll
0x00007ffa6b680000 - 0x00007ffa6b68c000 	C:\WINDOWS\SYSTEM32\CRYPTBASE.dll
0x00007ffa6b130000 - 0x00007ffa6b16b000 	C:\WINDOWS\SYSTEM32\IPHLPAPI.DLL
0x00007ffa6c630000 - 0x00007ffa6c638000 	C:\WINDOWS\System32\NSI.dll
0x00007ffa5f6e0000 - 0x00007ffa5f6f7000 	C:\WINDOWS\SYSTEM32\dhcpcsvc6.DLL
0x00007ffa60270000 - 0x00007ffa6028d000 	C:\WINDOWS\SYSTEM32\dhcpcsvc.DLL
0x00007ffa6b1c0000 - 0x00007ffa6b28b000 	C:\WINDOWS\SYSTEM32\DNSAPI.dll
0x00007ffa60950000 - 0x00007ffa6095b000 	C:\WINDOWS\SYSTEM32\WINNSI.DLL

VM Arguments:
jvm_args: -Xmx2048m -Dfile.encoding=windows-1252 -Duser.country=ES -Duser.language=es -Duser.variant 
java_command: org.gradle.launcher.daemon.bootstrap.GradleDaemon 6.5
java_class_path (initial): C:\Users\Apolo\.gradle\wrapper\dists\gradle-6.5-bin\6nifqtx7604sqp1q6g8wikw7p\gradle-6.5\lib\gradle-launcher-6.5.jar
Launcher Type: SUN_STANDARD

Environment Variables:
PATH=C:\Program Files\Common Files\Oracle\Java\javapath;C:\Program Files (x86)\Common Files\Oracle\Java\javapath;C:\orant\bin;C:\WINDOWS\system32;C:\WINDOWS;C:\WINDOWS\System32\Wbem;C:\WINDOWS\System32\WindowsPowerShell\v1.0\;C:\WINDOWS\System32\OpenSSH\;C:\orant\jdk\bin;C:\Program Files (x86)\Intel\Intel(R) Memory And Storage Tool\;C:\Program Files\Git\cmd;C:\Program Files\nodejs\;C:\instantclient_12_1\;C:\Users\Apolo\AppData\Local\Microsoft\WindowsApps;C:\Users\Apolo\AppData\Local\Programs\Microsoft VS Code\bin;C:\Users\Apolo\AppData\Roaming\npm;C:\Users\Apolo\AppData\Local\atom\bin
USERNAME=Apolo
OS=Windows_NT
PROCESSOR_IDENTIFIER=Intel64 Family 6 Model 126 Stepping 5, GenuineIntel



---------------  S Y S T E M  ---------------

OS: Windows 10.0 , 64 bit Build 19041 (10.0.19041.804)

CPU:total 8 (initial active 8) (4 cores per cpu, 2 threads per core) family 6 model 126 stepping 5, cmov, cx8, fxsr, mmx, sse, sse2, sse3, ssse3, sse4.1, sse4.2, popcnt, avx, avx2, aes, clmul, erms, 3dnowpref, lzcnt, ht, tsc, tscinvbit, bmi1, bmi2, adx

Memory: 4k page, physical 8165048k(899136k free), swap 11736884k(6344k free)

vm_info: OpenJDK 64-Bit Server VM (25.242-b01) for windows-amd64 JRE (1.8.0_242-release-1644-b01), built by "builder" with MS VC++ 10.0 (VS2010)

time: Mon Mar 22 11:12:55 2021
timezone: Hora de verano de Paraguay
elapsed time: 6 seconds (0d 0h 0m 6s)

