#
# There is insufficient memory for the Java Runtime Environment to continue.
# Native memory allocation (malloc) failed to allocate 32744 bytes for ChunkPool::allocate
# Possible reasons:
#   The system is out of physical RAM or swap space
#   The process is running with CompressedOops enabled, and the Java Heap may be blocking the growth of the native heap
# Possible solutions:
#   Reduce memory load on the system
#   Increase physical memory or swap space
#   Check if swap backing store is full
#   Decrease Java heap size (-Xmx/-Xms)
#   Decrease number of Java threads
#   Decrease Java thread stack sizes (-Xss)
#   Set larger code cache with -XX:ReservedCodeCacheSize=
#   JVM is running with Unscaled Compressed Oops mode in which the Java heap is
#     placed in the first 4GB address space. The Java Heap base address is the
#     maximum limit for the native heap growth. Please use -XX:HeapBaseMinAddress
#     to set the Java Heap base and to place the Java Heap above 4GB virtual address.
# This output file may be truncated or incomplete.
#
#  Out of Memory Error (allocation.cpp:272), pid=7712, tid=0x00000000000034e0
#
# JRE version: OpenJDK Runtime Environment (8.0_242-b01) (build 1.8.0_242-release-1644-b01)
# Java VM: OpenJDK 64-Bit Server VM (25.242-b01 mixed mode windows-amd64 compressed oops)
# Failed to write core dump. Minidumps are not enabled by default on client versions of Windows
#

---------------  T H R E A D  ---------------

Current thread (0x00000000181b8000):  VMThread [stack: 0x0000000019e80000,0x0000000019f80000] [id=13536]

Stack: [0x0000000019e80000,0x0000000019f80000]
[error occurred during error reporting (printing stack bounds), id 0xc0000005]

Native frames: (J=compiled Java code, j=interpreted, Vv=VM code, C=native code)

VM_Operation (0x000000002f1af550): RevokeBias, mode: safepoint, requested by thread 0x000000001ffd1800


---------------  P R O C E S S  ---------------

Java Threads: ( => current thread )
  0x000000001ffd3000 JavaThread "RMI TCP Connection(5)-127.0.0.1" daemon [_thread_in_native, id=11664, stack(0x000000002f6b0000,0x000000002f7b0000)]
  0x000000001ffda000 JavaThread "RMI RenewClean-[127.0.0.1:17025,org.jetbrains.kotlin.daemon.common.LoopbackNetworkInterface$ClientLoopbackSocketFactory@63f3d495]" daemon [_thread_blocked, id=4196, stack(0x00000000013f0000,0x00000000014f0000)]
  0x000000001ffd9000 JavaThread "Cache worker for execution history cache (C:\Android\Proyecto\VendedoresKT\ApoloVendedor\.gradle\6.5\executionHistory)" [_thread_blocked, id=2896, stack(0x000000002f5b0000,0x000000002f6b0000)]
  0x000000001ffd2800 JavaThread "Execution worker for ':' Thread 7" [_thread_blocked, id=16864, stack(0x000000002f4b0000,0x000000002f5b0000)]
  0x000000001ffd4800 JavaThread "Execution worker for ':' Thread 6" [_thread_blocked, id=14932, stack(0x000000002f3b0000,0x000000002f4b0000)]
  0x000000001ffd6000 JavaThread "Execution worker for ':' Thread 4" [_thread_blocked, id=1660, stack(0x000000002f1b0000,0x000000002f2b0000)]
  0x000000001ffd1800 JavaThread "Execution worker for ':' Thread 3" [_thread_blocked, id=15976, stack(0x000000002f0b0000,0x000000002f1b0000)]
  0x000000001ffd4000 JavaThread "Execution worker for ':'" [_thread_blocked, id=13376, stack(0x000000002e7f0000,0x000000002e8f0000)]
  0x000000001ffd8800 JavaThread "Cache worker for file content cache (C:\Android\Proyecto\VendedoresKT\ApoloVendedor\.gradle\6.5\fileContent)" [_thread_blocked, id=18164, stack(0x000000002c710000,0x000000002c810000)]
  0x000000001ffd7800 JavaThread "Cache worker for Build Output Cleanup Cache (C:\Android\Proyecto\VendedoresKT\ApoloVendedor\.gradle\buildOutputCleanup)" [_thread_blocked, id=18024, stack(0x000000002c480000,0x000000002c580000)]
  0x000000001d0e8800 JavaThread "jar transforms Thread 226" [_thread_blocked, id=16880, stack(0x000000002c380000,0x000000002c480000)]
  0x000000001d0e8000 JavaThread "jar transforms Thread 225" [_thread_blocked, id=9148, stack(0x000000002c280000,0x000000002c380000)]
  0x000000001d0e7000 JavaThread "jar transforms Thread 224" [_thread_blocked, id=10312, stack(0x000000002c180000,0x000000002c280000)]
  0x000000001d0e6800 JavaThread "jar transforms Thread 223" [_thread_blocked, id=3220, stack(0x000000002c080000,0x000000002c180000)]
  0x000000001d0eb000 JavaThread "jar transforms Thread 222" [_thread_blocked, id=15164, stack(0x000000002bf80000,0x000000002c080000)]
  0x000000001d0e9800 JavaThread "jar transforms Thread 221" [_thread_blocked, id=5360, stack(0x000000002be80000,0x000000002bf80000)]
  0x000000001d0eb800 JavaThread "jar transforms Thread 220" [_thread_blocked, id=15764, stack(0x000000002bd80000,0x000000002be80000)]
  0x000000001d0e5800 JavaThread "jar transforms Thread 219" [_thread_blocked, id=3496, stack(0x000000002bc80000,0x000000002bd80000)]
  0x000000001d0ea000 JavaThread "jar transforms Thread 218" [_thread_blocked, id=4276, stack(0x000000002bb80000,0x000000002bc80000)]
  0x000000001d0df000 JavaThread "jar transforms Thread 217" [_thread_blocked, id=5300, stack(0x000000002ba80000,0x000000002bb80000)]
  0x000000001d0e5000 JavaThread "jar transforms Thread 216" [_thread_blocked, id=17088, stack(0x000000002b980000,0x000000002ba80000)]
  0x000000001d0e4000 JavaThread "jar transforms Thread 215" [_thread_blocked, id=16236, stack(0x000000002b880000,0x000000002b980000)]
  0x000000001d0e2800 JavaThread "jar transforms Thread 214" [_thread_blocked, id=18128, stack(0x000000002b780000,0x000000002b880000)]
  0x000000001d0de000 JavaThread "jar transforms Thread 213" [_thread_blocked, id=1868, stack(0x000000002b680000,0x000000002b780000)]
  0x000000001d0e2000 JavaThread "jar transforms Thread 212" [_thread_blocked, id=268, stack(0x000000002b580000,0x000000002b680000)]
  0x000000001d0df800 JavaThread "jar transforms Thread 211" [_thread_blocked, id=6012, stack(0x000000002b480000,0x000000002b580000)]
  0x000000001d0e3800 JavaThread "jar transforms Thread 210" [_thread_blocked, id=14700, stack(0x000000002b380000,0x000000002b480000)]
  0x000000001d0dd800 JavaThread "jar transforms Thread 209" [_thread_blocked, id=16848, stack(0x000000002b280000,0x000000002b380000)]
  0x000000001d0e1000 JavaThread "jar transforms Thread 208" [_thread_blocked, id=11636, stack(0x000000002b180000,0x000000002b280000)]
  0x000000001d0dc800 JavaThread "jar transforms Thread 207" [_thread_blocked, id=8616, stack(0x000000002b080000,0x000000002b180000)]
  0x000000001d0e0800 JavaThread "jar transforms Thread 206" [_thread_blocked, id=16968, stack(0x000000002af80000,0x000000002b080000)]
  0x0000000022181800 JavaThread "jar transforms Thread 205" [_thread_blocked, id=16800, stack(0x000000002ae80000,0x000000002af80000)]
  0x0000000022181000 JavaThread "jar transforms Thread 204" [_thread_blocked, id=14656, stack(0x000000002ad80000,0x000000002ae80000)]
  0x0000000022182800 JavaThread "jar transforms Thread 203" [_thread_blocked, id=13704, stack(0x000000002ac80000,0x000000002ad80000)]
  0x0000000022180000 JavaThread "jar transforms Thread 202" [_thread_blocked, id=18204, stack(0x000000002ab80000,0x000000002ac80000)]
  0x000000002217e000 JavaThread "jar transforms Thread 201" [_thread_blocked, id=5408, stack(0x000000002aa80000,0x000000002ab80000)]
  0x000000002217f800 JavaThread "jar transforms Thread 200" [_thread_blocked, id=14364, stack(0x000000002a980000,0x000000002aa80000)]
  0x000000002217d000 JavaThread "jar transforms Thread 199" [_thread_blocked, id=10932, stack(0x000000002a880000,0x000000002a980000)]
  0x0000000022178000 JavaThread "jar transforms Thread 198" [_thread_blocked, id=11764, stack(0x000000002a780000,0x000000002a880000)]
  0x000000002217e800 JavaThread "jar transforms Thread 197" [_thread_blocked, id=10984, stack(0x000000002a680000,0x000000002a780000)]
  0x000000002217b000 JavaThread "jar transforms Thread 196" [_thread_blocked, id=12444, stack(0x000000002a580000,0x000000002a680000)]
  0x0000000022179800 JavaThread "jar transforms Thread 195" [_thread_blocked, id=18360, stack(0x000000002a480000,0x000000002a580000)]
  0x000000002217b800 JavaThread "jar transforms Thread 194" [_thread_blocked, id=16944, stack(0x000000002a380000,0x000000002a480000)]
  0x000000002217c800 JavaThread "jar transforms Thread 193" [_thread_blocked, id=13076, stack(0x000000002a280000,0x000000002a380000)]
  0x000000002217a000 JavaThread "jar transforms Thread 192" [_thread_blocked, id=8704, stack(0x000000002a180000,0x000000002a280000)]
  0x0000000022175000 JavaThread "jar transforms Thread 191" [_thread_blocked, id=12860, stack(0x000000002a080000,0x000000002a180000)]
  0x0000000022177000 JavaThread "jar transforms Thread 190" [_thread_blocked, id=13244, stack(0x0000000029f80000,0x000000002a080000)]
  0x0000000022173000 JavaThread "jar transforms Thread 189" [_thread_blocked, id=17500, stack(0x0000000029e80000,0x0000000029f80000)]
  0x0000000022174000 JavaThread "jar transforms Thread 188" [_thread_blocked, id=15568, stack(0x0000000029d80000,0x0000000029e80000)]
  0x0000000022176800 JavaThread "jar transforms Thread 187" [_thread_blocked, id=12992, stack(0x0000000029c80000,0x0000000029d80000)]
  0x0000000022178800 JavaThread "jar transforms Thread 186" [_thread_blocked, id=6268, stack(0x0000000029b80000,0x0000000029c80000)]
  0x0000000022175800 JavaThread "jar transforms Thread 185" [_thread_blocked, id=14384, stack(0x0000000029a80000,0x0000000029b80000)]
  0x00000000200e1000 JavaThread "jar transforms Thread 184" [_thread_blocked, id=4020, stack(0x0000000029980000,0x0000000029a80000)]
  0x00000000200e2000 JavaThread "jar transforms Thread 183" [_thread_blocked, id=12752, stack(0x0000000029880000,0x0000000029980000)]
  0x00000000200e7000 JavaThread "jar transforms Thread 182" [_thread_blocked, id=12584, stack(0x0000000029780000,0x0000000029880000)]
  0x00000000200e5800 JavaThread "jar transforms Thread 181" [_thread_blocked, id=16856, stack(0x0000000029680000,0x0000000029780000)]
  0x00000000200e6800 JavaThread "jar transforms Thread 180" [_thread_blocked, id=15908, stack(0x0000000029580000,0x0000000029680000)]
  0x00000000200e4000 JavaThread "jar transforms Thread 179" [_thread_blocked, id=3428, stack(0x0000000029480000,0x0000000029580000)]
  0x00000000200e2800 JavaThread "jar transforms Thread 178" [_thread_blocked, id=14856, stack(0x0000000029380000,0x0000000029480000)]
  0x00000000200e5000 JavaThread "jar transforms Thread 177" [_thread_blocked, id=14692, stack(0x0000000029280000,0x0000000029380000)]
  0x00000000200e3800 JavaThread "jar transforms Thread 176" [_thread_blocked, id=6048, stack(0x0000000029180000,0x0000000029280000)]
  0x00000000200e0800 JavaThread "jar transforms Thread 175" [_thread_blocked, id=8600, stack(0x0000000029080000,0x0000000029180000)]
  0x00000000200dc000 JavaThread "jar transforms Thread 174" [_thread_blocked, id=12232, stack(0x0000000028f80000,0x0000000029080000)]
  0x00000000200d9000 JavaThread "jar transforms Thread 173" [_thread_blocked, id=17556, stack(0x0000000028e80000,0x0000000028f80000)]
  0x00000000200df800 JavaThread "jar transforms Thread 172" [_thread_blocked, id=15876, stack(0x0000000028d80000,0x0000000028e80000)]
  0x00000000200da800 JavaThread "jar transforms Thread 171" [_thread_blocked, id=17164, stack(0x0000000028c80000,0x0000000028d80000)]
  0x00000000200db000 JavaThread "jar transforms Thread 170" [_thread_blocked, id=9716, stack(0x0000000028b80000,0x0000000028c80000)]
  0x00000000200d8000 JavaThread "jar transforms Thread 169" [_thread_blocked, id=8756, stack(0x0000000028a80000,0x0000000028b80000)]
  0x00000000200dc800 JavaThread "jar transforms Thread 168" [_thread_blocked, id=12204, stack(0x0000000028980000,0x0000000028a80000)]
  0x00000000200df000 JavaThread "jar transforms Thread 167" [_thread_blocked, id=2268, stack(0x0000000028880000,0x0000000028980000)]
  0x00000000200de000 JavaThread "jar transforms Thread 166" [_thread_blocked, id=3304, stack(0x0000000028780000,0x0000000028880000)]
  0x00000000200dd800 JavaThread "jar transforms Thread 165" [_thread_blocked, id=15900, stack(0x0000000028680000,0x0000000028780000)]
  0x00000000200d9800 JavaThread "jar transforms Thread 164" [_thread_blocked, id=15664, stack(0x0000000028580000,0x0000000028680000)]
  0x000000001cad8800 JavaThread "jar transforms Thread 163" [_thread_blocked, id=15368, stack(0x0000000028480000,0x0000000028580000)]
  0x000000001cadd000 JavaThread "jar transforms Thread 162" [_thread_blocked, id=10756, stack(0x0000000028380000,0x0000000028480000)]
  0x000000001cadc000 JavaThread "jar transforms Thread 161" [_thread_blocked, id=15880, stack(0x0000000028280000,0x0000000028380000)]
  0x000000001cad6000 JavaThread "jar transforms Thread 160" [_thread_blocked, id=18312, stack(0x0000000028180000,0x0000000028280000)]
  0x000000001cada000 JavaThread "jar transforms Thread 159" [_thread_blocked, id=12772, stack(0x0000000028080000,0x0000000028180000)]
  0x000000001d520000 JavaThread "jar transforms Thread 158" [_thread_blocked, id=15576, stack(0x0000000027f80000,0x0000000028080000)]
  0x000000001d51f800 JavaThread "jar transforms Thread 157" [_thread_blocked, id=10108, stack(0x0000000027e80000,0x0000000027f80000)]
  0x000000001d515800 JavaThread "jar transforms Thread 156" [_thread_blocked, id=7500, stack(0x0000000027d80000,0x0000000027e80000)]
  0x000000001d515000 JavaThread "jar transforms Thread 155" [_thread_blocked, id=13552, stack(0x0000000027c80000,0x0000000027d80000)]
  0x000000001d518800 JavaThread "jar transforms Thread 154" [_thread_blocked, id=15424, stack(0x0000000027b80000,0x0000000027c80000)]
  0x000000001d517000 JavaThread "jar transforms Thread 153" [_thread_blocked, id=13480, stack(0x0000000027a80000,0x0000000027b80000)]
  0x000000001d514000 JavaThread "jar transforms Thread 152" [_thread_blocked, id=2316, stack(0x0000000027980000,0x0000000027a80000)]
  0x000000001d51b000 JavaThread "jar transforms Thread 151" [_thread_blocked, id=17624, stack(0x0000000027880000,0x0000000027980000)]
  0x000000001d513800 JavaThread "jar transforms Thread 150" [_thread_blocked, id=1128, stack(0x0000000027780000,0x0000000027880000)]
  0x000000001d512000 JavaThread "jar transforms Thread 149" [_thread_blocked, id=11436, stack(0x0000000027680000,0x0000000027780000)]
  0x00000000201d8000 JavaThread "jar transforms Thread 148" [_thread_blocked, id=14688, stack(0x0000000027580000,0x0000000027680000)]
  0x00000000201de000 JavaThread "jar transforms Thread 147" [_thread_blocked, id=9044, stack(0x0000000027480000,0x0000000027580000)]
  0x00000000201db000 JavaThread "jar transforms Thread 146" [_thread_blocked, id=4804, stack(0x0000000027380000,0x0000000027480000)]
  0x00000000201dc800 JavaThread "jar transforms Thread 145" [_thread_blocked, id=5748, stack(0x0000000027280000,0x0000000027380000)]
  0x00000000201d3800 JavaThread "jar transforms Thread 144" [_thread_blocked, id=11916, stack(0x0000000027180000,0x0000000027280000)]
  0x00000000201d7800 JavaThread "jar transforms Thread 143" [_thread_blocked, id=13720, stack(0x0000000027080000,0x0000000027180000)]
  0x00000000201da800 JavaThread "jar transforms Thread 142" [_thread_blocked, id=16556, stack(0x0000000026f80000,0x0000000027080000)]
  0x00000000201d9800 JavaThread "jar transforms Thread 141" [_thread_blocked, id=10116, stack(0x0000000026e80000,0x0000000026f80000)]
  0x00000000201d6800 JavaThread "jar transforms Thread 140" [_thread_blocked, id=3740, stack(0x0000000026d80000,0x0000000026e80000)]
  0x00000000201d9000 JavaThread "jar transforms Thread 139" [_thread_blocked, id=16852, stack(0x0000000026c80000,0x0000000026d80000)]
  0x00000000201d0800 JavaThread "jar transforms Thread 138" [_thread_blocked, id=17680, stack(0x0000000026b80000,0x0000000026c80000)]
  0x00000000201d0000 JavaThread "jar transforms Thread 137" [_thread_blocked, id=2800, stack(0x0000000026a80000,0x0000000026b80000)]
  0x00000000201d2000 JavaThread "jar transforms Thread 136" [_thread_blocked, id=1688, stack(0x0000000026980000,0x0000000026a80000)]
  0x00000000201d6000 JavaThread "jar transforms Thread 135" [_thread_blocked, id=8872, stack(0x0000000026880000,0x0000000026980000)]
  0x000000001a1b8000 JavaThread "jar transforms Thread 134" [_thread_blocked, id=9896, stack(0x0000000026780000,0x0000000026880000)]
  0x000000001a1b6800 JavaThread "jar transforms Thread 133" [_thread_blocked, id=1764, stack(0x0000000026680000,0x0000000026780000)]
  0x000000001a1b5800 JavaThread "jar transforms Thread 132" [_thread_blocked, id=12132, stack(0x0000000026580000,0x0000000026680000)]
  0x000000001a1b2800 JavaThread "jar transforms Thread 131" [_thread_blocked, id=7104, stack(0x0000000026480000,0x0000000026580000)]
  0x000000001a1b0000 JavaThread "jar transforms Thread 130" [_thread_blocked, id=16716, stack(0x0000000026380000,0x0000000026480000)]
  0x000000001a1b1800 JavaThread "jar transforms Thread 129" [_thread_blocked, id=14764, stack(0x0000000026280000,0x0000000026380000)]
  0x000000001a1b7000 JavaThread "jar transforms Thread 128" [_thread_blocked, id=14292, stack(0x0000000026180000,0x0000000026280000)]
  0x000000001a1b5000 JavaThread "jar transforms Thread 127" [_thread_blocked, id=13676, stack(0x0000000026080000,0x0000000026180000)]
  0x000000001a1b3000 JavaThread "jar transforms Thread 126" [_thread_blocked, id=15096, stack(0x0000000025f80000,0x0000000026080000)]
  0x000000001a1b1000 JavaThread "jar transforms Thread 125" [_thread_blocked, id=13664, stack(0x0000000025e80000,0x0000000025f80000)]
  0x000000001a1b4000 JavaThread "jar transforms Thread 124" [_thread_blocked, id=15840, stack(0x0000000025d80000,0x0000000025e80000)]
  0x000000001a1a8800 JavaThread "jar transforms Thread 123" [_thread_blocked, id=17688, stack(0x0000000025c80000,0x0000000025d80000)]
  0x000000001a1af800 JavaThread "jar transforms Thread 122" [_thread_blocked, id=11384, stack(0x0000000025b80000,0x0000000025c80000)]
  0x000000001a1ad000 JavaThread "jar transforms Thread 121" [_thread_blocked, id=10868, stack(0x0000000025a80000,0x0000000025b80000)]
  0x000000001a1ab800 JavaThread "jar transforms Thread 120" [_thread_blocked, id=12784, stack(0x0000000025980000,0x0000000025a80000)]
  0x000000001a1aa000 JavaThread "jar transforms Thread 119" [_thread_blocked, id=17752, stack(0x0000000025880000,0x0000000025980000)]
  0x000000001a1a9800 JavaThread "jar transforms Thread 118" [_thread_blocked, id=16112, stack(0x0000000025780000,0x0000000025880000)]
  0x000000001a1ae800 JavaThread "jar transforms Thread 117" [_thread_blocked, id=14436, stack(0x0000000025680000,0x0000000025780000)]
  0x0000000023cbe000 JavaThread "jar transforms Thread 116" [_thread_blocked, id=10252, stack(0x0000000025320000,0x0000000025420000)]
  0x0000000023cbd800 JavaThread "jar transforms Thread 115" [_thread_blocked, id=13948, stack(0x0000000025220000,0x0000000025320000)]
  0x0000000023cbc800 JavaThread "jar transforms Thread 114" [_thread_blocked, id=18020, stack(0x0000000025120000,0x0000000025220000)]
  0x0000000023cbc000 JavaThread "Build operations Thread 8" [_thread_blocked, id=13944, stack(0x0000000025020000,0x0000000025120000)]
  0x0000000023cba800 JavaThread "Build operations Thread 7" [_thread_blocked, id=18428, stack(0x0000000024f20000,0x0000000025020000)]
  0x0000000023cbb000 JavaThread "Build operations Thread 6" [_thread_blocked, id=18308, stack(0x0000000024e20000,0x0000000024f20000)]
  0x0000000023cb3000 JavaThread "Build operations Thread 5" [_thread_blocked, id=17960, stack(0x0000000024d20000,0x0000000024e20000)]
  0x0000000023cb9800 JavaThread "Build operations Thread 4" [_thread_blocked, id=18296, stack(0x0000000024c20000,0x0000000024d20000)]
  0x0000000023cb9000 JavaThread "Build operations Thread 3" [_thread_blocked, id=876, stack(0x0000000024b20000,0x0000000024c20000)]
  0x0000000023cb8000 JavaThread "Build operations Thread 2" [_thread_blocked, id=18304, stack(0x0000000023150000,0x0000000023250000)]
  0x0000000023cb0800 JavaThread "Build operations" [_thread_blocked, id=17544, stack(0x0000000022be0000,0x0000000022ce0000)]
  0x0000000023cb7800 JavaThread "Cache worker for cache directory md-rule (C:\Users\Apolo\.gradle\caches\6.5\md-rule)" [_thread_blocked, id=16712, stack(0x00000000227e0000,0x00000000228e0000)]
  0x0000000023cb0000 JavaThread "Cache worker for cache directory md-supplier (C:\Users\Apolo\.gradle\caches\6.5\md-supplier)" [_thread_blocked, id=11752, stack(0x0000000021490000,0x0000000021590000)]
  0x0000000023cb6000 JavaThread "Cache worker for checksums cache (C:\Android\Proyecto\VendedoresKT\ApoloVendedor\.gradle\checksums)" [_thread_blocked, id=11872, stack(0x0000000021390000,0x0000000021490000)]
  0x0000000023cb6800 JavaThread "Cache worker for file hash cache (C:\Android\Proyecto\VendedoresKT\ApoloVendedor\.gradle\6.5\fileHashes)" [_thread_blocked, id=8524, stack(0x000000001e9f0000,0x000000001eaf0000)]
  0x0000000023cb2000 JavaThread "Thread-247" [_thread_blocked, id=16128, stack(0x000000001e5f0000,0x000000001e6f0000)]
  0x0000000023cb5000 JavaThread "Stdin handler" [_thread_blocked, id=15060, stack(0x000000001e4f0000,0x000000001e5f0000)]
  0x0000000023cb3800 JavaThread "Asynchronous log dispatcher for DefaultDaemonConnection: socket connection from /127.0.0.1:62149 to /127.0.0.1:62404" [_thread_blocked, id=14876, stack(0x000000001dd80000,0x000000001de80000)]
  0x0000000023cb1800 JavaThread "Cancel handler" [_thread_blocked, id=16732, stack(0x000000001dc80000,0x000000001dd80000)]
  0x0000000023cb4800 JavaThread "Handler for socket connection from /127.0.0.1:62149 to /127.0.0.1:62404" [_thread_in_native, id=4356, stack(0x0000000001530000,0x0000000001630000)]
  0x000000001d521000 JavaThread "RMI RenewClean-[127.0.0.1:17281,org.jetbrains.kotlin.daemon.common.LoopbackNetworkInterface$ClientLoopbackSocketFactory@6ed211df]" daemon [_thread_blocked, id=10104, stack(0x0000000031000000,0x0000000031100000)]
  0x00000000201cf000 JavaThread "RMI RenewClean-[127.0.0.1:17083,org.jetbrains.kotlin.daemon.common.LoopbackNetworkInterface$ClientLoopbackSocketFactory@625bbc90]" daemon [_thread_blocked, id=15388, stack(0x00000000011d0000,0x00000000012d0000)]
  0x000000001a1ae000 JavaThread "RMI RenewClean-[127.0.0.1:17933,org.jetbrains.kotlin.daemon.common.LoopbackNetworkInterface$ClientLoopbackSocketFactory@7c0a40b]" daemon [_thread_blocked, id=17272, stack(0x0000000030c00000,0x0000000030d00000)]
  0x000000001d516800 JavaThread "RMI Reaper" [_thread_blocked, id=16120, stack(0x0000000030400000,0x0000000030500000)]
  0x000000001d51d000 JavaThread "RMI TCP Accept-0" daemon [_thread_in_native, id=15224, stack(0x0000000030300000,0x0000000030400000)]
  0x000000001d51c800 JavaThread "GC Daemon" daemon [_thread_blocked, id=14900, stack(0x000000002ffb0000,0x00000000300b0000)]
  0x000000001d51a000 JavaThread "RMI RenewClean-[127.0.0.1:17692,org.jetbrains.kotlin.daemon.common.LoopbackNetworkInterface$ClientLoopbackSocketFactory@3c2439c4]" daemon [_thread_blocked, id=17196, stack(0x000000002feb0000,0x000000002ffb0000)]
  0x000000001d51b800 JavaThread "RMI Scheduler(0)" daemon [_thread_blocked, id=5548, stack(0x000000002fdb0000,0x000000002feb0000)]
  0x0000000023cbf000 JavaThread "Memory manager" [_thread_blocked, id=14120, stack(0x0000000025580000,0x0000000025680000)]
  0x000000001cad7000 JavaThread "Cache worker for file content cache (C:\Users\Apolo\.gradle\caches\6.5\fileContent)" [_thread_blocked, id=4024, stack(0x0000000023250000,0x0000000023350000)]
  0x000000001cad7800 JavaThread "Cache worker for execution history cache (C:\Users\Apolo\.gradle\caches\6.5\executionHistory)" [_thread_blocked, id=16452, stack(0x00000000228e0000,0x00000000229e0000)]
  0x000000001cadb800 JavaThread "Cache worker for file hash cache (C:\Users\Apolo\.gradle\caches\6.5\fileHashes)" [_thread_blocked, id=14812, stack(0x000000001eef0000,0x000000001eff0000)]
  0x000000001cada800 JavaThread "File lock request listener" [_thread_in_native, id=8620, stack(0x000000001edf0000,0x000000001eef0000)]
  0x000000001cad5000 JavaThread "Cache worker for journal cache (C:\Users\Apolo\.gradle\caches\journal-1)" [_thread_blocked, id=11488, stack(0x000000001ecf0000,0x000000001edf0000)]
  0x000000001bb05000 JavaThread "Daemon worker" [_thread_blocked, id=16888, stack(0x000000001e6f0000,0x000000001e7f0000)]
  0x000000001ca2e800 JavaThread "Daemon" [_thread_blocked, id=9900, stack(0x000000001e3f0000,0x000000001e4f0000)]
  0x000000001ca22000 JavaThread "Daemon periodic checks" [_thread_blocked, id=4892, stack(0x000000001e0f0000,0x000000001e1f0000)]
  0x000000001c9ca800 JavaThread "Incoming local TCP Connector on port 62149" [_thread_in_native, id=12516, stack(0x000000001de80000,0x000000001df80000)]
  0x000000001c8fd800 JavaThread "Daemon health stats" [_thread_blocked, id=10020, stack(0x000000001d840000,0x000000001d940000)]
  0x000000001a04d000 JavaThread "Service Thread" daemon [_thread_blocked, id=16668, stack(0x000000001aca0000,0x000000001ada0000)]
  0x0000000019fbb000 JavaThread "C1 CompilerThread3" daemon [_thread_blocked, id=17192, stack(0x000000001aba0000,0x000000001aca0000)]
  0x00000000181cc800 JavaThread "C2 CompilerThread2" daemon [_thread_blocked, id=12808, stack(0x000000001aaa0000,0x000000001aba0000)]
  0x00000000181ca000 JavaThread "C2 CompilerThread1" daemon [_thread_blocked, id=1988, stack(0x000000001a9a0000,0x000000001aaa0000)]
  0x0000000019fb3800 JavaThread "C2 CompilerThread0" daemon [_thread_blocked, id=10276, stack(0x000000001a8a0000,0x000000001a9a0000)]
  0x0000000019fb3000 JavaThread "Attach Listener" daemon [_thread_blocked, id=17924, stack(0x000000001a7a0000,0x000000001a8a0000)]
  0x0000000019fb5800 JavaThread "Signal Dispatcher" daemon [_thread_blocked, id=17888, stack(0x000000001a6a0000,0x000000001a7a0000)]
  0x000000000314e000 JavaThread "Finalizer" daemon [_thread_blocked, id=17184, stack(0x000000001a480000,0x000000001a580000)]
  0x00000000181bc000 JavaThread "Reference Handler" daemon [_thread_blocked, id=17620, stack(0x000000001a380000,0x000000001a480000)]
  0x0000000002f4d800 JavaThread "main" [_thread_blocked, id=10084, stack(0x0000000002f50000,0x0000000003050000)]

Other Threads:
=>0x00000000181b8000 VMThread [stack: 0x0000000019e80000,0x0000000019f80000] [id=13536]
  0x000000001a04e000 WatcherThread [stack: 0x000000001ada0000,0x000000001aea0000] [id=9744]

VM state:at safepoint (normal execution)

VM Mutex/Monitor currently owned by a thread:  ([mutex/lock_event])
[0x0000000002f4cb20] Threads_lock - owner thread: 0x00000000181b8000

heap address: 0x0000000080000000, size: 2048 MB, Compressed Oops mode: 32-bit
Narrow klass base: 0x0000000000000000, Narrow klass shift: 3
Compressed class space size: 1073741824 Address: 0x0000000100000000

Heap:
 PSYoungGen      total 317952K, used 101667K [0x00000000d5580000, 0x00000000ead80000, 0x0000000100000000)
  eden space 301056K, 28% used [0x00000000d5580000,0x00000000da948cf8,0x00000000e7b80000)
  from space 16896K, 93% used [0x00000000e9d00000,0x00000000eac80010,0x00000000ead80000)
  to   space 25600K, 0% used [0x00000000e7b80000,0x00000000e7b80000,0x00000000e9480000)
 ParOldGen       total 112640K, used 46151K [0x0000000080000000, 0x0000000086e00000, 0x00000000d5580000)
  object space 112640K, 40% used [0x0000000080000000,0x0000000082d11fc0,0x0000000086e00000)
 Metaspace       used 80054K, capacity 84283K, committed 84568K, reserved 1122304K
  class space    used 10510K, capacity 11308K, committed 11392K, reserved 1048576K

Card table byte_map: [0x0000000012510000,0x0000000012920000] byte_map_base: 0x0000000012110000

Marking Bits: (ParMarkBitMap*) 0x000000006ad1f030
 Begin Bits: [0x00000000133d0000, 0x00000000153d0000)
 End Bits:   [0x00000000153d0000, 0x00000000173d0000)

Polling page: 0x00000000012d0000

CodeCache: size=245760Kb used=36012Kb max_used=36037Kb free=209747Kb
 bounds [0x0000000003150000, 0x00000000054b0000, 0x0000000012150000]
 total_blobs=12002 nmethods=11157 adapters=756
 compilation: enabled

Compilation events (10 events):
Event: 243.467 Thread 0x0000000019fbb000 nmethod 13348 0x0000000005005090 code [0x00000000050052e0, 0x0000000005005fc8]
Event: 243.472 Thread 0x0000000019fbb000 13351       3       java.io.ObjectInputStream$HandleTable::lookupObject (26 bytes)
Event: 243.472 Thread 0x0000000019fbb000 nmethod 13351 0x0000000005004b90 code [0x0000000005004d00, 0x0000000005004f30]
Event: 243.472 Thread 0x0000000019fbb000 13350       3       java.io.ObjectInputStream::readHandle (136 bytes)
Event: 243.472 Thread 0x0000000019fb3800 13353       4       java.io.ObjectInputStream$PeekInputStream::read (115 bytes)
Event: 243.473 Thread 0x0000000019fb3800 

Event: 243.481 Thread 0x0000000019fbb000 

Event: 243.481 Thread 0x0000000019fbb000 13349       3       java.io.ObjectInputStream$BlockDataInputStream::currentBlockRemaining (41 bytes)
Event: 243.481 Thread 0x0000000019fbb000 nmethod 13349 0x0000000003f07910 code [0x0000000003f07a80, 0x0000000003f07d48]
Event: 243.481 Thread 0x0000000019fbb000 13352   !   3       java.io.ObjectInputStream::readOrdinaryObject (322 bytes)

GC Heap History (10 events):
Event: 5.398 GC heap before
{Heap before GC invocations=15 (full 3):
 PSYoungGen      total 241152K, used 5346K [0x00000000d5580000, 0x00000000e5600000, 0x0000000100000000)
  eden space 222208K, 0% used [0x00000000d5580000,0x00000000d5580000,0x00000000e2e80000)
  from space 18944K, 28% used [0x00000000e4080000,0x00000000e45b8910,0x00000000e5300000)
  to   space 18432K, 0% used [0x00000000e2e80000,0x00000000e2e80000,0x00000000e4080000)
 ParOldGen       total 73728K, used 40977K [0x0000000080000000, 0x0000000084800000, 0x00000000d5580000)
  object space 73728K, 55% used [0x0000000080000000,0x0000000082804728,0x0000000084800000)
 Metaspace       used 56634K, capacity 58971K, committed 59028K, reserved 1099776K
  class space    used 7676K, capacity 8192K, committed 8192K, reserved 1048576K
Event: 5.542 GC heap after
Heap after GC invocations=15 (full 3):
 PSYoungGen      total 241152K, used 0K [0x00000000d5580000, 0x00000000e5600000, 0x0000000100000000)
  eden space 222208K, 0% used [0x00000000d5580000,0x00000000d5580000,0x00000000e2e80000)
  from space 18944K, 0% used [0x00000000e4080000,0x00000000e4080000,0x00000000e5300000)
  to   space 18432K, 0% used [0x00000000e2e80000,0x00000000e2e80000,0x00000000e4080000)
 ParOldGen       total 112640K, used 32842K [0x0000000080000000, 0x0000000086e00000, 0x00000000d5580000)
  object space 112640K, 29% used [0x0000000080000000,0x00000000820128b8,0x0000000086e00000)
 Metaspace       used 56588K, capacity 58815K, committed 59028K, reserved 1099776K
  class space    used 7661K, capacity 8166K, committed 8192K, reserved 1048576K
}
Event: 7.221 GC heap before
{Heap before GC invocations=16 (full 3):
 PSYoungGen      total 241152K, used 222208K [0x00000000d5580000, 0x00000000e5600000, 0x0000000100000000)
  eden space 222208K, 100% used [0x00000000d5580000,0x00000000e2e80000,0x00000000e2e80000)
  from space 18944K, 0% used [0x00000000e4080000,0x00000000e4080000,0x00000000e5300000)
  to   space 18432K, 0% used [0x00000000e2e80000,0x00000000e2e80000,0x00000000e4080000)
 ParOldGen       total 112640K, used 32842K [0x0000000080000000, 0x0000000086e00000, 0x00000000d5580000)
  object space 112640K, 29% used [0x0000000080000000,0x00000000820128b8,0x0000000086e00000)
 Metaspace       used 65860K, capacity 69241K, committed 69336K, reserved 1110016K
  class space    used 9063K, capacity 9712K, committed 9728K, reserved 1048576K
Event: 7.238 GC heap after
Heap after GC invocations=16 (full 3):
 PSYoungGen      total 240640K, used 18426K [0x00000000d5580000, 0x00000000e8c80000, 0x0000000100000000)
  eden space 222208K, 0% used [0x00000000d5580000,0x00000000d5580000,0x00000000e2e80000)
  from space 18432K, 99% used [0x00000000e2e80000,0x00000000e407eb78,0x00000000e4080000)
  to   space 22016K, 0% used [0x00000000e7700000,0x00000000e7700000,0x00000000e8c80000)
 ParOldGen       total 112640K, used 34186K [0x0000000080000000, 0x0000000086e00000, 0x00000000d5580000)
  object space 112640K, 30% used [0x0000000080000000,0x0000000082162830,0x0000000086e00000)
 Metaspace       used 65860K, capacity 69241K, committed 69336K, reserved 1110016K
  class space    used 9063K, capacity 9712K, committed 9728K, reserved 1048576K
}
Event: 20.039 GC heap before
{Heap before GC invocations=17 (full 3):
 PSYoungGen      total 240640K, used 240634K [0x00000000d5580000, 0x00000000e8c80000, 0x0000000100000000)
  eden space 222208K, 100% used [0x00000000d5580000,0x00000000e2e80000,0x00000000e2e80000)
  from space 18432K, 99% used [0x00000000e2e80000,0x00000000e407eb78,0x00000000e4080000)
  to   space 22016K, 0% used [0x00000000e7700000,0x00000000e7700000,0x00000000e8c80000)
 ParOldGen       total 112640K, used 34186K [0x0000000080000000, 0x0000000086e00000, 0x00000000d5580000)
  object space 112640K, 30% used [0x0000000080000000,0x0000000082162830,0x0000000086e00000)
 Metaspace       used 76252K, capacity 80049K, committed 80344K, reserved 1118208K
  class space    used 10258K, capacity 10947K, committed 11008K, reserved 1048576K
Event: 20.068 GC heap after
Heap after GC invocations=17 (full 3):
 PSYoungGen      total 283136K, used 16817K [0x00000000d5580000, 0x00000000e8780000, 0x0000000100000000)
  eden space 266240K, 0% used [0x00000000d5580000,0x00000000d5580000,0x00000000e5980000)
  from space 16896K, 99% used [0x00000000e7700000,0x00000000e876c6b8,0x00000000e8780000)
  to   space 23552K, 0% used [0x00000000e5980000,0x00000000e5980000,0x00000000e7080000)
 ParOldGen       total 112640K, used 46135K [0x0000000080000000, 0x0000000086e00000, 0x00000000d5580000)
  object space 112640K, 40% used [0x0000000080000000,0x0000000082d0dfc0,0x0000000086e00000)
 Metaspace       used 76252K, capacity 80049K, committed 80344K, reserved 1118208K
  class space    used 10258K, capacity 10947K, committed 11008K, reserved 1048576K
}
Event: 50.858 GC heap before
{Heap before GC invocations=18 (full 3):
 PSYoungGen      total 283136K, used 283054K [0x00000000d5580000, 0x00000000e8780000, 0x0000000100000000)
  eden space 266240K, 99% used [0x00000000d5580000,0x00000000e597f3b8,0x00000000e5980000)
  from space 16896K, 99% used [0x00000000e7700000,0x00000000e876c6b8,0x00000000e8780000)
  to   space 23552K, 0% used [0x00000000e5980000,0x00000000e5980000,0x00000000e7080000)
 ParOldGen       total 112640K, used 46135K [0x0000000080000000, 0x0000000086e00000, 0x00000000d5580000)
  object space 112640K, 40% used [0x0000000080000000,0x0000000082d0dfc0,0x0000000086e00000)
 Metaspace       used 79026K, capacity 83043K, committed 83160K, reserved 1122304K
  class space    used 10457K, capacity 11204K, committed 11264K, reserved 1048576K
Event: 50.875 GC heap after
Heap after GC invocations=18 (full 3):
 PSYoungGen      total 289792K, used 19425K [0x00000000d5580000, 0x00000000eb600000, 0x0000000100000000)
  eden space 266240K, 0% used [0x00000000d5580000,0x00000000d5580000,0x00000000e5980000)
  from space 23552K, 82% used [0x00000000e5980000,0x00000000e6c784e0,0x00000000e7080000)
  to   space 25600K, 0% used [0x00000000e9d00000,0x00000000e9d00000,0x00000000eb600000)
 ParOldGen       total 112640K, used 46143K [0x0000000080000000, 0x0000000086e00000, 0x00000000d5580000)
  object space 112640K, 40% used [0x0000000080000000,0x0000000082d0ffc0,0x0000000086e00000)
 Metaspace       used 79026K, capacity 83043K, committed 83160K, reserved 1122304K
  class space    used 10457K, capacity 11204K, committed 11264K, reserved 1048576K
}
Event: 192.146 GC heap before
{Heap before GC invocations=19 (full 3):
 PSYoungGen      total 289792K, used 285665K [0x00000000d5580000, 0x00000000eb600000, 0x0000000100000000)
  eden space 266240K, 100% used [0x00000000d5580000,0x00000000e5980000,0x00000000e5980000)
  from space 23552K, 82% used [0x00000000e5980000,0x00000000e6c784e0,0x00000000e7080000)
  to   space 25600K, 0% used [0x00000000e9d00000,0x00000000e9d00000,0x00000000eb600000)
 ParOldGen       total 112640K, used 46143K [0x0000000080000000, 0x0000000086e00000, 0x00000000d5580000)
  object space 112640K, 40% used [0x0000000080000000,0x0000000082d0ffc0,0x0000000086e00000)
 Metaspace       used 79944K, capacity 84165K, committed 84312K, reserved 1122304K
  class space    used 10502K, capacity 11299K, committed 11392K, reserved 1048576K
Event: 192.159 GC heap after
Heap after GC invocations=19 (full 3):
 PSYoungGen      total 317952K, used 15872K [0x00000000d5580000, 0x00000000ead80000, 0x0000000100000000)
  eden space 301056K, 0% used [0x00000000d5580000,0x00000000d5580000,0x00000000e7b80000)
  from space 16896K, 93% used [0x00000000e9d00000,0x00000000eac80010,0x00000000ead80000)
  to   space 25600K, 0% used [0x00000000e7b80000,0x00000000e7b80000,0x00000000e9480000)
 ParOldGen       total 112640K, used 46151K [0x0000000080000000, 0x0000000086e00000, 0x00000000d5580000)
  object space 112640K, 40% used [0x0000000080000000,0x0000000082d11fc0,0x0000000086e00000)
 Metaspace       used 79944K, capacity 84165K, committed 84312K, reserved 1122304K
  class space    used 10502K, capacity 11299K, committed 11392K, reserved 1048576K
}

Deoptimization events (10 events):
Event: 171.414 Thread 0x000000001ca22000 Uncommon trap: reason=bimorphic action=maybe_recompile pc=0x0000000003562af4 method=java.util.HashMap.removeNode(ILjava/lang/Object;Ljava/lang/Object;ZZ)Ljava/util/HashMap$Node; @ 283
Event: 171.414 Thread 0x000000001ca22000 Uncommon trap: reason=bimorphic action=maybe_recompile pc=0x0000000003562af4 method=java.util.HashMap.removeNode(ILjava/lang/Object;Ljava/lang/Object;ZZ)Ljava/util/HashMap$Node; @ 283
Event: 192.128 Thread 0x0000000023cb9000 Uncommon trap: reason=unstable_if action=reinterpret pc=0x00000000049ab784 method=com.google.common.cache.LongAdder.add(J)V @ 24
Event: 192.129 Thread 0x0000000023cb8000 Uncommon trap: reason=unstable_if action=reinterpret pc=0x000000000339c678 method=com.google.common.cache.LongAdder.add(J)V @ 6
Event: 192.169 Thread 0x000000001ffd2800 Uncommon trap: reason=unstable_if action=reinterpret pc=0x0000000005161684 method=java.util.concurrent.ArrayBlockingQueue.enqueue(Ljava/lang/Object;)V @ 25
Event: 192.170 Thread 0x000000001cad5000 Uncommon trap: reason=unstable_if action=reinterpret pc=0x000000000484d0cc method=java.util.concurrent.ArrayBlockingQueue.dequeue()Ljava/lang/Object; @ 32
Event: 192.196 Thread 0x0000000023cb9000 Uncommon trap: reason=unstable_if action=reinterpret pc=0x0000000005153410 method=java.util.concurrent.ArrayBlockingQueue.enqueue(Ljava/lang/Object;)V @ 25
Event: 192.227 Thread 0x0000000023cb3800 Uncommon trap: reason=unstable_if action=reinterpret pc=0x0000000004642b58 method=com.esotericsoftware.kryo.io.Output.writeVarLong(JZ)I @ 55
Event: 241.363 Thread 0x000000001ffd3000 Uncommon trap: reason=class_check action=maybe_recompile pc=0x000000000419d008 method=java.lang.ThreadLocal.set(Ljava/lang/Object;)V @ 26
Event: 243.466 Thread 0x000000001ffd3000 Uncommon trap: reason=unstable_if action=reinterpret pc=0x0000000003cf8de8 method=java.io.ObjectInputStream$BlockDataInputStream.readUTFSpan(Ljava/lang/StringBuilder;J)J @ 35

Classes redefined (0 events):
No events

Internal exceptions (10 events):
Event: 233.262 Thread 0x000000001bb05000 Exception <a 'java/net/ConnectException': Connection refused: connect> (0x00000000da412ec0) thrown at [C:\src\AOSP-openjdk-git\hotspot\src\share\vm\prims\jni.cpp, line 737]
Event: 235.275 Thread 0x000000001bb05000 Exception <a 'java/net/ConnectException': Connection refused: connect> (0x00000000da414510) thrown at [C:\src\AOSP-openjdk-git\hotspot\src\share\vm\prims\jni.cpp, line 737]
Event: 237.277 Thread 0x000000001bb05000 Exception <a 'java/net/ConnectException': Connection refused: connect> (0x00000000da417bd0) thrown at [C:\src\AOSP-openjdk-git\hotspot\src\share\vm\prims\jni.cpp, line 737]
Event: 238.918 Thread 0x000000001a1ae000 Exception <a 'java/net/ConnectException': Connection refused: connect> (0x00000000da4e7398) thrown at [C:\src\AOSP-openjdk-git\hotspot\src\share\vm\prims\jni.cpp, line 737]
Event: 239.291 Thread 0x000000001bb05000 Exception <a 'java/net/ConnectException': Connection refused: connect> (0x00000000da419220) thrown at [C:\src\AOSP-openjdk-git\hotspot\src\share\vm\prims\jni.cpp, line 737]
Event: 240.930 Thread 0x000000001a1ae000 Exception <a 'java/net/ConnectException': Connection refused: connect> (0x00000000da4e7c90) thrown at [C:\src\AOSP-openjdk-git\hotspot\src\share\vm\prims\jni.cpp, line 737]
Event: 241.303 Thread 0x000000001bb05000 Exception <a 'java/net/ConnectException': Connection refused: connect> (0x00000000da41a870) thrown at [C:\src\AOSP-openjdk-git\hotspot\src\share\vm\prims\jni.cpp, line 737]
Event: 241.329 Thread 0x000000001ffda000 Exception <a 'java/lang/InterruptedException'> (0x00000000da6cd750) thrown at [C:\src\AOSP-openjdk-git\hotspot\src\share\vm\runtime\objectMonitor.cpp, line 1680]
Event: 242.946 Thread 0x000000001a1ae000 Exception <a 'java/net/ConnectException': Connection refused: connect> (0x00000000da4e8588) thrown at [C:\src\AOSP-openjdk-git\hotspot\src\share\vm\prims\jni.cpp, line 737]
Event: 243.480 Thread 0x000000001bb05000 Exception <a 'java/lang/reflect/InvocationTargetException'> (0x00000000da767168) thrown at [C:\src\AOSP-openjdk-git\hotspot\src\share\vm\runtime\reflection.cpp, line 1092]

Events (10 events):
Event: 243.475 Thread 0x0000000019fbb000 flushing nmethod 0x0000000003d71ad0
Event: 243.476 Thread 0x0000000019fbb000 flushing nmethod 0x0000000003f07310
Event: 243.478 Executing VM operation: RevokeBias
Event: 243.478 Executing VM operation: RevokeBias done
Event: 243.479 Thread 0x0000000019fbb000 flushing nmethod 0x000000000498fad0
Event: 243.482 Executing VM operation: RevokeBias
Event: 243.482 Executing VM operation: RevokeBias done
Event: 243.482 Thread 0x000000001ffd5800 Thread exited: 0x000000001ffd5800
Event: 243.482 Thread 0x000000001ffd7000 Thread exited: 0x000000001ffd7000
Event: 243.482 Executing VM operation: RevokeBias


Dynamic libraries:
0x00007ff6eb610000 - 0x00007ff6eb641000 	C:\Program Files\Android\Android Studio\jre\bin\java.exe
0x00007ff8db1c0000 - 0x00007ff8db3b0000 	C:\Windows\SYSTEM32\ntdll.dll
0x00007ff8da660000 - 0x00007ff8da712000 	C:\Windows\System32\KERNEL32.DLL
0x00007ff8d8a90000 - 0x00007ff8d8d35000 	C:\Windows\System32\KERNELBASE.dll
0x00007ff8d9420000 - 0x00007ff8d94c3000 	C:\Windows\System32\ADVAPI32.dll
0x00007ff8da8b0000 - 0x00007ff8da94e000 	C:\Windows\System32\msvcrt.dll
0x00007ff8da4f0000 - 0x00007ff8da587000 	C:\Windows\System32\sechost.dll
0x00007ff8da720000 - 0x00007ff8da840000 	C:\Windows\System32\RPCRT4.dll
0x00007ff8d98e0000 - 0x00007ff8d9a74000 	C:\Windows\System32\USER32.dll
0x00007ff8d8d40000 - 0x00007ff8d8d61000 	C:\Windows\System32\win32u.dll
0x00007ff8daa60000 - 0x00007ff8daa86000 	C:\Windows\System32\GDI32.dll
0x00007ff8d8e60000 - 0x00007ff8d8ff6000 	C:\Windows\System32\gdi32full.dll
0x00007ff8d8130000 - 0x00007ff8d81ce000 	C:\Windows\System32\msvcp_win.dll
0x00007ff8d8990000 - 0x00007ff8d8a8a000 	C:\Windows\System32\ucrtbase.dll
0x00007ff8b67f0000 - 0x00007ff8b6a74000 	C:\Windows\WinSxS\amd64_microsoft.windows.common-controls_6595b64144ccf1df_6.0.18362.1256_none_9e7e379be45e40e2\COMCTL32.dll
0x00007ff8d9a80000 - 0x00007ff8d9db6000 	C:\Windows\System32\combase.dll
0x00007ff8d8d70000 - 0x00007ff8d8df1000 	C:\Windows\System32\bcryptPrimitives.dll
0x00007ff8d9e30000 - 0x00007ff8d9e5e000 	C:\Windows\System32\IMM32.DLL
0x000000006a390000 - 0x000000006a462000 	C:\Program Files\Android\Android Studio\jre\jre\bin\msvcr100.dll
0x000000006a550000 - 0x000000006ad9b000 	C:\Program Files\Android\Android Studio\jre\jre\bin\server\jvm.dll
0x00007ff8d9710000 - 0x00007ff8d9718000 	C:\Windows\System32\PSAPI.DLL
0x00007ff8cd020000 - 0x00007ff8cd029000 	C:\Windows\SYSTEM32\WSOCK32.dll
0x00007ff8da3b0000 - 0x00007ff8da41f000 	C:\Windows\System32\WS2_32.dll
0x00007ff8d0620000 - 0x00007ff8d0644000 	C:\Windows\SYSTEM32\WINMM.dll
0x00007ff8d6b50000 - 0x00007ff8d6b5a000 	C:\Windows\SYSTEM32\VERSION.dll
0x00007ff8d05f0000 - 0x00007ff8d061d000 	C:\Windows\SYSTEM32\winmmbase.dll
0x00007ff8d90d0000 - 0x00007ff8d911a000 	C:\Windows\System32\cfgmgr32.dll
0x00007ff8cd010000 - 0x00007ff8cd01f000 	C:\Program Files\Android\Android Studio\jre\jre\bin\verify.dll
0x00007ff8bf040000 - 0x00007ff8bf069000 	C:\Program Files\Android\Android Studio\jre\jre\bin\java.dll
0x00007ff8bef50000 - 0x00007ff8bef66000 	C:\Program Files\Android\Android Studio\jre\jre\bin\zip.dll
0x00007ff8daa90000 - 0x00007ff8db177000 	C:\Windows\System32\SHELL32.dll
0x00007ff8da9b0000 - 0x00007ff8daa59000 	C:\Windows\System32\shcore.dll
0x00007ff8d81d0000 - 0x00007ff8d8951000 	C:\Windows\System32\windows.storage.dll
0x00007ff8d80e0000 - 0x00007ff8d8103000 	C:\Windows\System32\profapi.dll
0x00007ff8d8090000 - 0x00007ff8d80da000 	C:\Windows\System32\powrprof.dll
0x00007ff8d8060000 - 0x00007ff8d8070000 	C:\Windows\System32\UMPDC.dll
0x00007ff8da850000 - 0x00007ff8da8a2000 	C:\Windows\System32\shlwapi.dll
0x00007ff8d8070000 - 0x00007ff8d8081000 	C:\Windows\System32\kernel.appcore.dll
0x00007ff8d9000000 - 0x00007ff8d9017000 	C:\Windows\System32\cryptsp.dll
0x00007ff8bef30000 - 0x00007ff8bef4a000 	C:\Program Files\Android\Android Studio\jre\jre\bin\net.dll
0x00007ff8d78b0000 - 0x00007ff8d7917000 	C:\Windows\system32\mswsock.dll
0x00007ff8bec60000 - 0x00007ff8bec73000 	C:\Program Files\Android\Android Studio\jre\jre\bin\nio.dll
0x00007ff8cde70000 - 0x00007ff8cde97000 	C:\Users\Apolo\.gradle\native\f6784746aeab05261644944871eae4fe03e0ef1612fff0a4a95f87b438bc6780\windows-amd64\native-platform.dll
0x00007ff8bf030000 - 0x00007ff8bf03d000 	C:\Program Files\Android\Android Studio\jre\jre\bin\management.dll
0x00007ff8d7420000 - 0x00007ff8d7453000 	C:\Windows\system32\rsaenh.dll
0x00007ff8d8960000 - 0x00007ff8d8986000 	C:\Windows\System32\bcrypt.dll
0x00007ff8d7f40000 - 0x00007ff8d7f65000 	C:\Windows\SYSTEM32\USERENV.dll
0x00007ff8d7a80000 - 0x00007ff8d7a8c000 	C:\Windows\SYSTEM32\CRYPTBASE.dll
0x00007ff8d75c0000 - 0x00007ff8d75fa000 	C:\Windows\SYSTEM32\IPHLPAPI.DLL
0x00007ff8da840000 - 0x00007ff8da848000 	C:\Windows\System32\NSI.dll
0x00007ff8cb260000 - 0x00007ff8cb276000 	C:\Windows\SYSTEM32\dhcpcsvc6.DLL
0x00007ff8cb320000 - 0x00007ff8cb33c000 	C:\Windows\SYSTEM32\dhcpcsvc.DLL
0x00007ff8d7610000 - 0x00007ff8d76db000 	C:\Windows\SYSTEM32\DNSAPI.dll
0x00007ff8cd0a0000 - 0x00007ff8cd0ab000 	C:\Windows\SYSTEM32\WINNSI.DLL
0x00007ff8c10b0000 - 0x00007ff8c10ce000 	C:\Users\Apolo\AppData\Local\Temp\native-platform248663434237881573dir\native-platform.dll

VM Arguments:
jvm_args: -Xmx2048m -Dfile.encoding=windows-1252 -Duser.country=ES -Duser.language=es -Duser.variant 
java_command: org.gradle.launcher.daemon.bootstrap.GradleDaemon 6.5
java_class_path (initial): C:\Users\Apolo\.gradle\wrapper\dists\gradle-6.5-bin\6nifqtx7604sqp1q6g8wikw7p\gradle-6.5\lib\gradle-launcher-6.5.jar
Launcher Type: SUN_STANDARD

Environment Variables:
PATH=C:\Program Files\Common Files\Oracle\Java\javapath;C:\Program Files (x86)\Common Files\Oracle\Java\javapath;C:\orant\bin;C:\Windows\system32;C:\Windows;C:\Windows\System32\Wbem;C:\Windows\System32\WindowsPowerShell\v1.0\;C:\Windows\System32\OpenSSH\;C:\orant\jdk\bin;C:\Program Files (x86)\Intel\Intel(R) Memory And Storage Tool\;C:\Program Files\Git\cmd;C:\Users\Apolo\AppData\Local\Microsoft\WindowsApps;
USERNAME=Apolo
OS=Windows_NT
PROCESSOR_IDENTIFIER=Intel64 Family 6 Model 126 Stepping 5, GenuineIntel



---------------  S Y S T E M  ---------------

OS: Windows 10.0 , 64 bit Build 18362 (10.0.18362.1110)

CPU:total 8 (initial active 8) (4 cores per cpu, 2 threads per core) family 6 model 126 stepping 5, cmov, cx8, fxsr, mmx, sse, sse2, sse3, ssse3, sse4.1, sse4.2, popcnt, avx, avx2, aes, clmul, erms, 3dnowpref, lzcnt, ht, tsc, tscinvbit, bmi1, bmi2, adx

Memory: 4k page, physical 8165048k(646336k free), swap 11736884k(5128k free)

vm_info: OpenJDK 64-Bit Server VM (25.242-b01) for windows-amd64 JRE (1.8.0_242-release-1644-b01), built by "builder" with MS VC++ 10.0 (VS2010)

time: Tue Jan 05 11:36:48 2021
timezone: Hora de verano de Paraguay
elapsed time: 243 seconds (0d 0h 4m 3s)

