#
# There is insufficient memory for the Java Runtime Environment to continue.
# Native memory allocation (malloc) failed to allocate 1357936 bytes for Chunk::new
# Possible reasons:
#   The system is out of physical RAM or swap space
#   The process is running with CompressedOops enabled, and the Java Heap may be blocking the growth of the native heap
# Possible solutions:
#   Reduce memory load on the system
#   Increase physical memory or swap space
#   Check if swap backing store is full
#   Decrease Java heap size (-Xmx/-Xms)
#   Decrease number of Java threads
#   Decrease Java thread stack sizes (-Xss)
#   Set larger code cache with -XX:ReservedCodeCacheSize=
#   JVM is running with Unscaled Compressed Oops mode in which the Java heap is
#     placed in the first 4GB address space. The Java Heap base address is the
#     maximum limit for the native heap growth. Please use -XX:HeapBaseMinAddress
#     to set the Java Heap base and to place the Java Heap above 4GB virtual address.
# This output file may be truncated or incomplete.
#
#  Out of Memory Error (allocation.cpp:389), pid=15064, tid=0x0000000000003e44
#
# JRE version: OpenJDK Runtime Environment (8.0_242-b01) (build 1.8.0_242-release-1644-b01)
# Java VM: OpenJDK 64-Bit Server VM (25.242-b01 mixed mode windows-amd64 compressed oops)
# Failed to write core dump. Minidumps are not enabled by default on client versions of Windows
#

---------------  T H R E A D  ---------------

Current thread (0x000000001a29b800):  JavaThread "C2 CompilerThread2" daemon [_thread_in_native, id=15940, stack(0x000000001ad80000,0x000000001ae80000)]

Stack: [0x000000001ad80000,0x000000001ae80000]
[error occurred during error reporting (printing stack bounds), id 0xc0000005]

Native frames: (J=compiled Java code, j=interpreted, Vv=VM code, C=native code)


Current CompileTask:
C2: 166376 24089       4       java.io.ObjectOutputStream::writeClassDesc (60 bytes)


---------------  P R O C E S S  ---------------

Java Threads: ( => current thread )
  0x0000000032b10800 JavaThread "stdout" [_thread_in_native, id=4756, stack(0x0000000038720000,0x0000000038820000)]
  0x0000000032b07800 JavaThread "stderr" [_thread_in_native, id=18676, stack(0x0000000038620000,0x0000000038720000)]
  0x0000000032b0e800 JavaThread "stdout" [_thread_in_native, id=26604, stack(0x0000000038520000,0x0000000038620000)]
  0x0000000032b08800 JavaThread "stderr" [_thread_in_native, id=8388, stack(0x0000000038420000,0x0000000038520000)]
  0x0000000032b0d800 JavaThread "stdout" [_thread_in_native, id=13992, stack(0x0000000038320000,0x0000000038420000)]
  0x0000000032b06000 JavaThread "stderr" [_thread_in_native, id=8684, stack(0x0000000038220000,0x0000000038320000)]
  0x0000000032b0a800 JavaThread "stdout" [_thread_in_native, id=8600, stack(0x0000000038120000,0x0000000038220000)]
  0x0000000032b0a000 JavaThread "stderr" [_thread_in_native, id=16176, stack(0x0000000038020000,0x0000000038120000)]
  0x0000000032b0b800 JavaThread "stdout" [_thread_in_native, id=3356, stack(0x0000000037f20000,0x0000000038020000)]
  0x0000000032b07000 JavaThread "stderr" [_thread_in_native, id=19212, stack(0x0000000037e20000,0x0000000037f20000)]
  0x0000000032b0c000 JavaThread "stdout" [_thread_in_native, id=10404, stack(0x0000000037d20000,0x0000000037e20000)]
  0x0000000032b0d000 JavaThread "stderr" [_thread_in_native, id=15520, stack(0x0000000023780000,0x0000000023880000)]
  0x0000000032b09000 JavaThread "stdout" [_thread_in_native, id=11008, stack(0x0000000037c20000,0x0000000037d20000)]
  0x000000002191b800 JavaThread "stderr" [_thread_in_native, id=11032, stack(0x0000000037b20000,0x0000000037c20000)]
  0x0000000021919800 JavaThread "pool-7-thread-1" [_thread_blocked, id=15004, stack(0x0000000037200000,0x0000000037300000)]
  0x000000002191f800 JavaThread "WorkerExecutor Queue Thread 8" [_thread_blocked, id=9068, stack(0x0000000037a20000,0x0000000037b20000)]
  0x000000002191e800 JavaThread "WorkerExecutor Queue Thread 7" [_thread_blocked, id=9372, stack(0x0000000037920000,0x0000000037a20000)]
  0x000000002191b000 JavaThread "WorkerExecutor Queue Thread 6" [_thread_blocked, id=3032, stack(0x0000000037820000,0x0000000037920000)]
  0x000000002191a000 JavaThread "WorkerExecutor Queue Thread 5" [_thread_blocked, id=23632, stack(0x0000000037720000,0x0000000037820000)]
  0x000000002191c800 JavaThread "WorkerExecutor Queue Thread 4" [_thread_blocked, id=22200, stack(0x0000000037620000,0x0000000037720000)]
  0x000000002191e000 JavaThread "WorkerExecutor Queue Thread 3" [_thread_blocked, id=17960, stack(0x0000000037520000,0x0000000037620000)]
  0x000000002191d000 JavaThread "WorkerExecutor Queue Thread 2" [_thread_blocked, id=10592, stack(0x0000000037420000,0x0000000037520000)]
  0x0000000021911000 JavaThread "WorkerExecutor Queue" [_thread_blocked, id=21408, stack(0x0000000037320000,0x0000000037420000)]
  0x0000000021916800 JavaThread "Cache worker for execution history cache (C:\Android\Proyecto\VendedoresKT\ApoloVendedor\.gradle\6.5\executionHistory)" [_thread_blocked, id=19944, stack(0x0000000037100000,0x0000000037200000)]
  0x0000000021915800 JavaThread "Execution worker for ':' Thread 7" [_thread_blocked, id=12448, stack(0x0000000037000000,0x0000000037100000)]
  0x0000000021914000 JavaThread "Execution worker for ':' Thread 6" [_thread_blocked, id=132, stack(0x0000000036f00000,0x0000000037000000)]
  0x0000000021913800 JavaThread "Execution worker for ':' Thread 5" [_thread_blocked, id=7748, stack(0x0000000036e00000,0x0000000036f00000)]
  0x0000000021917000 JavaThread "Execution worker for ':' Thread 4" [_thread_blocked, id=22932, stack(0x0000000036d00000,0x0000000036e00000)]
  0x0000000021910800 JavaThread "Execution worker for ':' Thread 3" [_thread_blocked, id=8268, stack(0x0000000036c00000,0x0000000036d00000)]
  0x0000000021912800 JavaThread "Execution worker for ':' Thread 2" [_thread_blocked, id=13980, stack(0x0000000036b00000,0x0000000036c00000)]
  0x0000000021912000 JavaThread "Execution worker for ':'" [_thread_blocked, id=1748, stack(0x0000000036a00000,0x0000000036b00000)]
  0x0000000021915000 JavaThread "Cache worker for file content cache (C:\Android\Proyecto\VendedoresKT\ApoloVendedor\.gradle\6.5\fileContent)" [_thread_blocked, id=13112, stack(0x0000000036700000,0x0000000036800000)]
  0x0000000021d32000 JavaThread "Cache worker for Build Output Cleanup Cache (C:\Android\Proyecto\VendedoresKT\ApoloVendedor\.gradle\buildOutputCleanup)" [_thread_blocked, id=17276, stack(0x0000000036600000,0x0000000036700000)]
  0x0000000021d2c000 JavaThread "jar transforms Thread 226" [_thread_blocked, id=2468, stack(0x0000000036500000,0x0000000036600000)]
  0x0000000021d2d000 JavaThread "jar transforms Thread 225" [_thread_blocked, id=9060, stack(0x0000000036400000,0x0000000036500000)]
  0x0000000021d30000 JavaThread "jar transforms Thread 224" [_thread_blocked, id=2404, stack(0x0000000036300000,0x0000000036400000)]
  0x0000000021d2b800 JavaThread "jar transforms Thread 223" [_thread_blocked, id=11336, stack(0x0000000036200000,0x0000000036300000)]
  0x0000000021d30800 JavaThread "jar transforms Thread 222" [_thread_blocked, id=2772, stack(0x0000000036100000,0x0000000036200000)]
  0x0000000021d31800 JavaThread "jar transforms Thread 221" [_thread_blocked, id=8232, stack(0x0000000036000000,0x0000000036100000)]
  0x0000000021d2f000 JavaThread "jar transforms Thread 220" [_thread_blocked, id=20144, stack(0x0000000035f00000,0x0000000036000000)]
  0x0000000021d2d800 JavaThread "jar transforms Thread 219" [_thread_blocked, id=2588, stack(0x0000000035e00000,0x0000000035f00000)]
  0x0000000021d2e800 JavaThread "jar transforms Thread 218" [_thread_blocked, id=18644, stack(0x0000000035d00000,0x0000000035e00000)]
  0x000000001ce57800 JavaThread "jar transforms Thread 217" [_thread_blocked, id=24752, stack(0x0000000035500000,0x0000000035600000)]
  0x000000001ce57000 JavaThread "jar transforms Thread 216" [_thread_blocked, id=9392, stack(0x0000000035400000,0x0000000035500000)]
  0x000000001ce51800 JavaThread "jar transforms Thread 215" [_thread_blocked, id=14320, stack(0x0000000035300000,0x0000000035400000)]
  0x000000001ce52800 JavaThread "jar transforms Thread 214" [_thread_blocked, id=13836, stack(0x0000000035200000,0x0000000035300000)]
  0x000000001ce54800 JavaThread "jar transforms Thread 213" [_thread_blocked, id=19224, stack(0x0000000035100000,0x0000000035200000)]
  0x000000001ce53000 JavaThread "jar transforms Thread 212" [_thread_blocked, id=3624, stack(0x0000000035000000,0x0000000035100000)]
  0x000000001ce56000 JavaThread "jar transforms Thread 211" [_thread_blocked, id=25064, stack(0x0000000034f00000,0x0000000035000000)]
  0x000000001ce54000 JavaThread "jar transforms Thread 210" [_thread_blocked, id=25752, stack(0x0000000034e00000,0x0000000034f00000)]
  0x000000001c7c8000 JavaThread "jar transforms Thread 209" [_thread_blocked, id=5212, stack(0x0000000034d00000,0x0000000034e00000)]
  0x000000001c7c7000 JavaThread "jar transforms Thread 208" [_thread_blocked, id=18000, stack(0x0000000034c00000,0x0000000034d00000)]
  0x000000001c7c6800 JavaThread "jar transforms Thread 207" [_thread_blocked, id=4724, stack(0x0000000034b00000,0x0000000034c00000)]
  0x000000001c7bf000 JavaThread "jar transforms Thread 206" [_thread_blocked, id=8552, stack(0x0000000034a00000,0x0000000034b00000)]
  0x000000001c7c5800 JavaThread "jar transforms Thread 205" [_thread_blocked, id=15060, stack(0x0000000034900000,0x0000000034a00000)]
  0x000000001c7c3800 JavaThread "jar transforms Thread 204" [_thread_blocked, id=9032, stack(0x0000000034800000,0x0000000034900000)]
  0x000000001c7c5000 JavaThread "jar transforms Thread 203" [_thread_blocked, id=25908, stack(0x0000000034700000,0x0000000034800000)]
  0x000000001c7c1000 JavaThread "jar transforms Thread 202" [_thread_blocked, id=21372, stack(0x0000000034600000,0x0000000034700000)]
  0x000000001c7be000 JavaThread "jar transforms Thread 201" [_thread_blocked, id=11524, stack(0x00000000343e0000,0x00000000344e0000)]
  0x000000001c7c2000 JavaThread "jar transforms Thread 200" [_thread_blocked, id=23744, stack(0x0000000033fe0000,0x00000000340e0000)]
  0x000000001c7c2800 JavaThread "jar transforms Thread 199" [_thread_blocked, id=13480, stack(0x0000000033ee0000,0x0000000033fe0000)]
  0x000000001c7bd800 JavaThread "jar transforms Thread 198" [_thread_blocked, id=16392, stack(0x0000000033de0000,0x0000000033ee0000)]
  0x000000001c7c4000 JavaThread "jar transforms Thread 197" [_thread_blocked, id=25804, stack(0x0000000033ae0000,0x0000000033be0000)]
  0x000000001c7c0800 JavaThread "jar transforms Thread 196" [_thread_blocked, id=20924, stack(0x0000000033670000,0x0000000033770000)]
  0x000000001c7bf800 JavaThread "jar transforms Thread 195" [_thread_blocked, id=3084, stack(0x0000000033570000,0x0000000033670000)]
  0x0000000020624800 JavaThread "jar transforms Thread 194" [_thread_blocked, id=10332, stack(0x0000000033470000,0x0000000033570000)]
  0x000000002062b000 JavaThread "jar transforms Thread 193" [_thread_blocked, id=12216, stack(0x0000000033370000,0x0000000033470000)]
  0x0000000020629800 JavaThread "jar transforms Thread 192" [_thread_blocked, id=24556, stack(0x0000000033270000,0x0000000033370000)]
  0x0000000020629000 JavaThread "jar transforms Thread 191" [_thread_blocked, id=8384, stack(0x0000000033170000,0x0000000033270000)]
  0x0000000020627800 JavaThread "jar transforms Thread 190" [_thread_blocked, id=14104, stack(0x0000000031110000,0x0000000031210000)]
  0x000000002062a800 JavaThread "jar transforms Thread 189" [_thread_blocked, id=14440, stack(0x000000002f9b0000,0x000000002fab0000)]
  0x0000000020628000 JavaThread "jar transforms Thread 188" [_thread_blocked, id=16872, stack(0x000000002f8b0000,0x000000002f9b0000)]
  0x0000000020626800 JavaThread "jar transforms Thread 187" [_thread_blocked, id=19880, stack(0x000000002f3c0000,0x000000002f4c0000)]
  0x0000000020626000 JavaThread "jar transforms Thread 186" [_thread_blocked, id=7544, stack(0x000000002eff0000,0x000000002f0f0000)]
  0x000000002061c000 JavaThread "jar transforms Thread 185" [_thread_blocked, id=22344, stack(0x000000002cd20000,0x000000002ce20000)]
  0x0000000020620800 JavaThread "jar transforms Thread 184" [_thread_blocked, id=8580, stack(0x000000002cc20000,0x000000002cd20000)]
  0x000000002061d800 JavaThread "jar transforms Thread 183" [_thread_blocked, id=7008, stack(0x000000002cb20000,0x000000002cc20000)]
  0x0000000020623000 JavaThread "jar transforms Thread 182" [_thread_blocked, id=1984, stack(0x000000002ca20000,0x000000002cb20000)]
  0x0000000020620000 JavaThread "jar transforms Thread 181" [_thread_blocked, id=13332, stack(0x000000002c920000,0x000000002ca20000)]
  0x000000002061f000 JavaThread "jar transforms Thread 180" [_thread_blocked, id=6500, stack(0x000000002c820000,0x000000002c920000)]
  0x0000000020621800 JavaThread "jar transforms Thread 179" [_thread_blocked, id=19772, stack(0x000000002c720000,0x000000002c820000)]
  0x0000000020622000 JavaThread "jar transforms Thread 178" [_thread_blocked, id=3560, stack(0x000000002c620000,0x000000002c720000)]
  0x000000001f670800 JavaThread "jar transforms Thread 177" [_thread_blocked, id=2076, stack(0x000000002c520000,0x000000002c620000)]
  0x000000001f66e000 JavaThread "jar transforms Thread 176" [_thread_blocked, id=9848, stack(0x000000002c420000,0x000000002c520000)]
  0x000000001f66d800 JavaThread "jar transforms Thread 175" [_thread_blocked, id=5672, stack(0x000000002c320000,0x000000002c420000)]
  0x000000001f66c800 JavaThread "jar transforms Thread 174" [_thread_blocked, id=17008, stack(0x000000002c220000,0x000000002c320000)]
  0x000000001f66f000 JavaThread "jar transforms Thread 173" [_thread_blocked, id=8756, stack(0x000000002c120000,0x000000002c220000)]
  0x000000001f66f800 JavaThread "jar transforms Thread 172" [_thread_blocked, id=18096, stack(0x000000002be70000,0x000000002bf70000)]
  0x000000001f66b000 JavaThread "jar transforms Thread 171" [_thread_blocked, id=16564, stack(0x000000002bd70000,0x000000002be70000)]
  0x000000001f66c000 JavaThread "jar transforms Thread 170" [_thread_blocked, id=22912, stack(0x000000002bc70000,0x000000002bd70000)]
  0x000000001f66a800 JavaThread "jar transforms Thread 169" [_thread_blocked, id=10796, stack(0x000000002bb70000,0x000000002bc70000)]
  0x000000001f663000 JavaThread "jar transforms Thread 168" [_thread_blocked, id=15532, stack(0x000000002ba70000,0x000000002bb70000)]
  0x000000001f669800 JavaThread "jar transforms Thread 167" [_thread_blocked, id=17444, stack(0x000000002b970000,0x000000002ba70000)]
  0x000000001f666000 JavaThread "jar transforms Thread 166" [_thread_blocked, id=22020, stack(0x000000002b870000,0x000000002b970000)]
  0x000000001f666800 JavaThread "jar transforms Thread 165" [_thread_blocked, id=4580, stack(0x000000002b770000,0x000000002b870000)]
  0x000000001f665000 JavaThread "jar transforms Thread 164" [_thread_blocked, id=8596, stack(0x000000002b670000,0x000000002b770000)]
  0x000000001f662000 JavaThread "jar transforms Thread 163" [_thread_blocked, id=15152, stack(0x000000002b570000,0x000000002b670000)]
  0x000000001f669000 JavaThread "jar transforms Thread 162" [_thread_blocked, id=8784, stack(0x000000002b470000,0x000000002b570000)]
  0x000000001f664800 JavaThread "jar transforms Thread 161" [_thread_blocked, id=6140, stack(0x000000002b370000,0x000000002b470000)]
  0x000000001d320000 JavaThread "jar transforms Thread 160" [_thread_blocked, id=2680, stack(0x000000002b270000,0x000000002b370000)]
  0x000000001d31f000 JavaThread "jar transforms Thread 159" [_thread_blocked, id=14840, stack(0x000000002b170000,0x000000002b270000)]
  0x000000001d320800 JavaThread "jar transforms Thread 158" [_thread_blocked, id=25716, stack(0x000000002b070000,0x000000002b170000)]
  0x000000001d31e800 JavaThread "jar transforms Thread 157" [_thread_blocked, id=16028, stack(0x000000002af70000,0x000000002b070000)]
  0x000000001d317000 JavaThread "jar transforms Thread 156" [_thread_blocked, id=10456, stack(0x000000002ae70000,0x000000002af70000)]
  0x000000001d31d800 JavaThread "jar transforms Thread 155" [_thread_blocked, id=23948, stack(0x000000002ad70000,0x000000002ae70000)]
  0x000000001d316000 JavaThread "jar transforms Thread 154" [_thread_blocked, id=3424, stack(0x000000002ac70000,0x000000002ad70000)]
  0x000000001d31d000 JavaThread "jar transforms Thread 153" [_thread_blocked, id=20044, stack(0x000000002ab70000,0x000000002ac70000)]
  0x000000001d31b800 JavaThread "jar transforms Thread 152" [_thread_blocked, id=18184, stack(0x000000002aa70000,0x000000002ab70000)]
  0x000000001d315800 JavaThread "jar transforms Thread 151" [_thread_blocked, id=4600, stack(0x000000002a970000,0x000000002aa70000)]
  0x000000001d31c000 JavaThread "jar transforms Thread 150" [_thread_blocked, id=26392, stack(0x000000002a870000,0x000000002a970000)]
  0x000000001d31a800 JavaThread "jar transforms Thread 149" [_thread_blocked, id=19628, stack(0x000000002a770000,0x000000002a870000)]
  0x000000001d313000 JavaThread "jar transforms Thread 148" [_thread_blocked, id=11668, stack(0x000000002a670000,0x000000002a770000)]
  0x000000001d31a000 JavaThread "jar transforms Thread 147" [_thread_blocked, id=19184, stack(0x000000002a570000,0x000000002a670000)]
  0x000000001d312800 JavaThread "jar transforms Thread 146" [_thread_blocked, id=23772, stack(0x0000000029a80000,0x0000000029b80000)]
  0x000000001d314800 JavaThread "jar transforms Thread 145" [_thread_blocked, id=16528, stack(0x0000000029980000,0x0000000029a80000)]
  0x000000001d314000 JavaThread "jar transforms Thread 144" [_thread_blocked, id=9584, stack(0x0000000029880000,0x0000000029980000)]
  0x000000001d319000 JavaThread "jar transforms Thread 143" [_thread_blocked, id=5144, stack(0x00000000291c0000,0x00000000292c0000)]
  0x000000001d318800 JavaThread "jar transforms Thread 142" [_thread_blocked, id=9876, stack(0x00000000290c0000,0x00000000291c0000)]
  0x000000001bbb7800 JavaThread "jar transforms Thread 141" [_thread_blocked, id=1468, stack(0x0000000028fc0000,0x00000000290c0000)]
  0x000000001bbb8000 JavaThread "jar transforms Thread 140" [_thread_blocked, id=25248, stack(0x0000000028ec0000,0x0000000028fc0000)]
  0x000000001bbb6800 JavaThread "jar transforms Thread 139" [_thread_blocked, id=17508, stack(0x0000000028dc0000,0x0000000028ec0000)]
  0x000000001bbb6000 JavaThread "jar transforms Thread 138" [_thread_blocked, id=17776, stack(0x0000000028cc0000,0x0000000028dc0000)]
  0x000000001bbb9000 JavaThread "jar transforms Thread 137" [_thread_blocked, id=1644, stack(0x0000000028bc0000,0x0000000028cc0000)]
  0x000000001bbae800 JavaThread "jar transforms Thread 136" [_thread_blocked, id=25728, stack(0x0000000029780000,0x0000000029880000)]
  0x000000001bbb5000 JavaThread "jar transforms Thread 135" [_thread_blocked, id=14220, stack(0x0000000029680000,0x0000000029780000)]
  0x000000001bbb4800 JavaThread "jar transforms Thread 134" [_thread_blocked, id=22108, stack(0x0000000029580000,0x0000000029680000)]
  0x000000001bbb3800 JavaThread "jar transforms Thread 133" [_thread_blocked, id=15432, stack(0x0000000029480000,0x0000000029580000)]
  0x000000001bbb2000 JavaThread "jar transforms Thread 132" [_thread_blocked, id=18344, stack(0x0000000029380000,0x0000000029480000)]
  0x000000001bbaa800 JavaThread "jar transforms Thread 131" [_thread_blocked, id=12972, stack(0x0000000029d50000,0x0000000029e50000)]
  0x000000001bbb1800 JavaThread "jar transforms Thread 130" [_thread_blocked, id=12464, stack(0x0000000029c50000,0x0000000029d50000)]
  0x000000001bbaf000 JavaThread "jar transforms Thread 129" [_thread_blocked, id=21760, stack(0x000000002a470000,0x000000002a570000)]
  0x000000001bba9800 JavaThread "jar transforms Thread 128" [_thread_blocked, id=17208, stack(0x000000002a370000,0x000000002a470000)]
  0x000000001bbad800 JavaThread "jar transforms Thread 127" [_thread_blocked, id=20432, stack(0x000000002a270000,0x000000002a370000)]
  0x000000001bbb0800 JavaThread "jar transforms Thread 126" [_thread_blocked, id=4492, stack(0x000000002a170000,0x000000002a270000)]
  0x000000001bbab000 JavaThread "jar transforms Thread 125" [_thread_blocked, id=19408, stack(0x000000002a070000,0x000000002a170000)]
  0x000000001bbac800 JavaThread "jar transforms Thread 124" [_thread_blocked, id=16328, stack(0x0000000029f70000,0x000000002a070000)]
  0x000000001bbb0000 JavaThread "jar transforms Thread 123" [_thread_blocked, id=10216, stack(0x0000000029e70000,0x0000000029f70000)]
  0x000000001bbac000 JavaThread "jar transforms Thread 122" [_thread_blocked, id=16868, stack(0x0000000026f20000,0x0000000027020000)]
  0x0000000020ebf000 JavaThread "jar transforms Thread 121" [_thread_blocked, id=12668, stack(0x0000000026e20000,0x0000000026f20000)]
  0x0000000020ec4000 JavaThread "jar transforms Thread 120" [_thread_blocked, id=21824, stack(0x0000000026d20000,0x0000000026e20000)]
  0x0000000020ebf800 JavaThread "jar transforms Thread 119" [_thread_blocked, id=26348, stack(0x0000000026c20000,0x0000000026d20000)]
  0x0000000020ec3800 JavaThread "jar transforms Thread 118" [_thread_blocked, id=19200, stack(0x0000000026b20000,0x0000000026c20000)]
  0x0000000020ec2800 JavaThread "jar transforms Thread 117" [_thread_blocked, id=26400, stack(0x0000000026a20000,0x0000000026b20000)]
  0x0000000020ec2000 JavaThread "jar transforms Thread 116" [_thread_blocked, id=14484, stack(0x0000000026670000,0x0000000026770000)]
  0x0000000020ebe000 JavaThread "jar transforms Thread 115" [_thread_blocked, id=5228, stack(0x0000000026570000,0x0000000026670000)]
  0x0000000020eb7000 JavaThread "jar transforms Thread 114" [_thread_blocked, id=20028, stack(0x0000000024a80000,0x0000000024b80000)]
  0x0000000020eba800 JavaThread "Build operations Thread 8" [_thread_blocked, id=24088, stack(0x0000000024180000,0x0000000024280000)]
  0x0000000020eb8800 JavaThread "Build operations Thread 7" [_thread_blocked, id=1220, stack(0x0000000024080000,0x0000000024180000)]
  0x0000000020eaf800 JavaThread "Build operations Thread 6" [_thread_blocked, id=21188, stack(0x0000000023f80000,0x0000000024080000)]
  0x0000000020eb6800 JavaThread "Build operations Thread 5" [_thread_in_Java, id=26028, stack(0x0000000023580000,0x0000000023680000)]
  0x0000000020eb5800 JavaThread "Build operations Thread 4" [_thread_blocked, id=13576, stack(0x0000000023480000,0x0000000023580000)]
  0x0000000020eb5000 JavaThread "Build operations Thread 3" [_thread_blocked, id=24796, stack(0x0000000022f80000,0x0000000023080000)]
  0x0000000020ea8000 JavaThread "Build operations Thread 2" [_thread_blocked, id=7636, stack(0x0000000022e80000,0x0000000022f80000)]
  0x0000000020ea7800 JavaThread "Build operations" [_thread_blocked, id=21384, stack(0x0000000022ae0000,0x0000000022be0000)]
  0x0000000020eae000 JavaThread "Cache worker for cache directory md-rule (C:\Users\Apolo\.gradle\caches\6.5\md-rule)" [_thread_blocked, id=15352, stack(0x00000000229e0000,0x0000000022ae0000)]
  0x0000000020ead800 JavaThread "Cache worker for cache directory md-supplier (C:\Users\Apolo\.gradle\caches\6.5\md-supplier)" [_thread_blocked, id=23576, stack(0x00000000228e0000,0x00000000229e0000)]
  0x0000000020ea9800 JavaThread "Cache worker for checksums cache (C:\Android\Proyecto\VendedoresKT\ApoloVendedor\.gradle\checksums)" [_thread_blocked, id=5692, stack(0x000000001ecd0000,0x000000001edd0000)]
  0x0000000020eaa800 JavaThread "Cache worker for file hash cache (C:\Android\Proyecto\VendedoresKT\ApoloVendedor\.gradle\6.5\fileHashes)" [_thread_blocked, id=18412, stack(0x000000001e8d0000,0x000000001e9d0000)]
  0x0000000020ea6000 JavaThread "Thread-199" [_thread_blocked, id=21532, stack(0x000000001e7d0000,0x000000001e8d0000)]
  0x0000000020ea9000 JavaThread "Stdin handler" [_thread_blocked, id=11792, stack(0x000000001e060000,0x000000001e160000)]
  0x0000000020ea5000 JavaThread "Asynchronous log dispatcher for DefaultDaemonConnection: socket connection from /127.0.0.1:56736 to /127.0.0.1:56784" [_thread_blocked, id=8408, stack(0x000000001df60000,0x000000001e060000)]
  0x0000000020ea6800 JavaThread "Cancel handler" [_thread_blocked, id=14448, stack(0x0000000001700000,0x0000000001800000)]
  0x0000000020eac000 JavaThread "Handler for socket connection from /127.0.0.1:56736 to /127.0.0.1:56784" [_thread_in_native, id=26448, stack(0x0000000001600000,0x0000000001700000)]
  0x0000000020ec1000 JavaThread "ForkJoinPool.commonPool-worker-7" daemon [_thread_blocked, id=25980, stack(0x0000000028ac0000,0x0000000028bc0000)]
  0x0000000020eb4000 JavaThread "Cache worker for Java compile cache (C:\Users\Apolo\.gradle\caches\6.5\javaCompile)" [_thread_blocked, id=9512, stack(0x0000000001500000,0x0000000001600000)]
  0x0000000020eac800 JavaThread "RMI TCP Connection(idle)" daemon [_thread_blocked, id=10528, stack(0x0000000035c00000,0x0000000035d00000)]
  0x0000000020eb3800 JavaThread "RMI Reaper" [_thread_blocked, id=7932, stack(0x00000000340e0000,0x00000000341e0000)]
  0x0000000020eb1000 JavaThread "RMI TCP Accept-0" daemon [_thread_in_native, id=4152, stack(0x0000000033ce0000,0x0000000033de0000)]
  0x0000000020eb2800 JavaThread "GC Daemon" daemon [_thread_blocked, id=3196, stack(0x0000000033be0000,0x0000000033ce0000)]
  0x0000000020eb0800 JavaThread "RMI Scheduler(0)" daemon [_thread_blocked, id=4308, stack(0x00000000339e0000,0x0000000033ae0000)]
  0x0000000020623800 JavaThread "MarlinRenderer Disposer" daemon [_thread_blocked, id=25608, stack(0x0000000034500000,0x0000000034600000)]
  0x0000000020625000 JavaThread "Java2D Disposer" daemon [_thread_blocked, id=16188, stack(0x0000000033070000,0x0000000033170000)]
  0x000000001f667800 JavaThread "Memory manager" [_thread_blocked, id=7852, stack(0x000000002f5b0000,0x000000002f6b0000)]
  0x000000001c7c9800 JavaThread "Cache worker for file content cache (C:\Users\Apolo\.gradle\caches\6.5\fileContent)" [_thread_blocked, id=3836, stack(0x0000000024980000,0x0000000024a80000)]
  0x000000001c7ca000 JavaThread "Cache worker for execution history cache (C:\Users\Apolo\.gradle\caches\6.5\executionHistory)" [_thread_blocked, id=12824, stack(0x0000000024480000,0x0000000024580000)]
  0x000000001ce58800 JavaThread "Cache worker for file hash cache (C:\Users\Apolo\.gradle\caches\6.5\fileHashes)" [_thread_blocked, id=8092, stack(0x000000001f1d0000,0x000000001f2d0000)]
  0x000000001ce55800 JavaThread "File lock request listener" [_thread_in_native, id=13580, stack(0x000000001f0d0000,0x000000001f1d0000)]
  0x000000001b458800 JavaThread "Cache worker for journal cache (C:\Users\Apolo\.gradle\caches\journal-1)" [_thread_blocked, id=15136, stack(0x000000001efd0000,0x000000001f0d0000)]
  0x000000001b4a1000 JavaThread "Daemon worker" [_thread_blocked, id=17384, stack(0x000000001e9d0000,0x000000001ead0000)]
  0x000000001cda8800 JavaThread "Daemon" [_thread_blocked, id=26144, stack(0x000000001e6d0000,0x000000001e7d0000)]
  0x000000001ce0d800 JavaThread "Daemon periodic checks" [_thread_blocked, id=12148, stack(0x000000001e3d0000,0x000000001e4d0000)]
  0x000000001cda5800 JavaThread "Incoming local TCP Connector on port 56736" [_thread_in_native, id=10084, stack(0x000000001e160000,0x000000001e260000)]
  0x000000001b1b9000 JavaThread "Daemon health stats" [_thread_blocked, id=17084, stack(0x000000001db20000,0x000000001dc20000)]
  0x000000001a2b2000 JavaThread "Service Thread" daemon [_thread_blocked, id=25300, stack(0x000000001af80000,0x000000001b080000)]
  0x000000001847e800 JavaThread "C1 CompilerThread3" daemon [_thread_blocked, id=19064, stack(0x000000001ae80000,0x000000001af80000)]
=>0x000000001a29b800 JavaThread "C2 CompilerThread2" daemon [_thread_in_native, id=15940, stack(0x000000001ad80000,0x000000001ae80000)]
  0x000000001847b000 JavaThread "C2 CompilerThread1" daemon [_thread_blocked, id=15552, stack(0x000000001ac80000,0x000000001ad80000)]
  0x000000001a295800 JavaThread "C2 CompilerThread0" daemon [_thread_blocked, id=22800, stack(0x000000001ab80000,0x000000001ac80000)]
  0x000000001a294000 JavaThread "Attach Listener" daemon [_thread_blocked, id=20660, stack(0x000000001aa80000,0x000000001ab80000)]
  0x000000001a293000 JavaThread "Signal Dispatcher" daemon [_thread_blocked, id=8900, stack(0x000000001a980000,0x000000001aa80000)]
  0x000000001a280800 JavaThread "Finalizer" daemon [_thread_blocked, id=17852, stack(0x000000001a760000,0x000000001a860000)]
  0x00000000033f8000 JavaThread "Reference Handler" daemon [_thread_blocked, id=15048, stack(0x000000001a660000,0x000000001a760000)]
  0x00000000030cd800 JavaThread "main" [_thread_blocked, id=7892, stack(0x0000000003200000,0x0000000003300000)]

Other Threads:
  0x0000000018466800 VMThread [stack: 0x000000001a160000,0x000000001a260000] [id=24196]
  0x000000001a2b2800 WatcherThread [stack: 0x000000001b080000,0x000000001b180000] [id=16948]

VM state:not at safepoint (normal execution)

VM Mutex/Monitor currently owned by a thread: None

heap address: 0x0000000080000000, size: 2048 MB, Compressed Oops mode: 32-bit
Narrow klass base: 0x0000000000000000, Narrow klass shift: 3
Compressed class space size: 1073741824 Address: 0x0000000100000000

Heap:
 PSYoungGen      total 406016K, used 291810K [0x00000000d5580000, 0x00000000f3d80000, 0x0000000100000000)
  eden space 365568K, 76% used [0x00000000d5580000,0x00000000e6529738,0x00000000eba80000)
  from space 40448K, 33% used [0x00000000ee900000,0x00000000ef64f168,0x00000000f1080000)
  to   space 47616K, 0% used [0x00000000eba80000,0x00000000eba80000,0x00000000ee900000)
 ParOldGen       total 229376K, used 98337K [0x0000000080000000, 0x000000008e000000, 0x00000000d5580000)
  object space 229376K, 42% used [0x0000000080000000,0x00000000860086e0,0x000000008e000000)
 Metaspace       used 118537K, capacity 125694K, committed 125888K, reserved 1159168K
  class space    used 15459K, capacity 16814K, committed 16896K, reserved 1048576K

Card table byte_map: [0x00000000127c0000,0x0000000012bd0000] byte_map_base: 0x00000000123c0000

Marking Bits: (ParMarkBitMap*) 0x000000006b01f030
 Begin Bits: [0x0000000013680000, 0x0000000015680000)
 End Bits:   [0x0000000015680000, 0x0000000017680000)

Polling page: 0x0000000001890000

CodeCache: size=245760Kb used=64821Kb max_used=64821Kb free=180938Kb
 bounds [0x0000000003400000, 0x00000000073b0000, 0x0000000012400000]
 total_blobs=20022 nmethods=18963 adapters=970
 compilation: enabled

Compilation events (10 events):
Event: 166.327 Thread 0x000000001a295800 24136       4       org.gradle.internal.io.StreamByteBuffer$StreamByteBufferChunk::<init> (17 bytes)
Event: 166.328 Thread 0x000000001a295800 nmethod 24136 0x000000000737be90 code [0x000000000737bfe0, 0x000000000737c118]
Event: 166.344 Thread 0x000000001847b000 nmethod 24093 0x0000000007389450 code [0x0000000007389c60, 0x000000000738eda0]
Event: 166.353 Thread 0x000000001a295800 24137   !   4       org.gradle.internal.hash.Hashing$CloningMessageDigestHashFunction::createDigest (21 bytes)
Event: 166.355 Thread 0x000000001847b000 24138       4       org.gradle.internal.io.StreamByteBuffer$StreamByteBufferInputStream::<init> (10 bytes)
Event: 166.356 Thread 0x000000001847b000 nmethod 24138 0x000000000631b350 code [0x000000000631b480, 0x000000000631b4f8]
Event: 166.358 Thread 0x000000001847e800 24139   !   3       java.io.BufferedWriter::flush (29 bytes)
Event: 166.359 Thread 0x000000001847e800 nmethod 24139 0x000000000737d2d0 code [0x000000000737d460, 0x000000000737d878]
Event: 166.361 Thread 0x000000001a295800 nmethod 24137 0x000000000737c710 code [0x000000000737c8a0, 0x000000000737ce38]
Event: 166.370 Thread 0x000000001847e800 24140       3       com.google.common.util.concurrent.AbstractFuture::get (674 bytes)

GC Heap History (10 events):
Event: 114.317 GC heap before
{Heap before GC invocations=28 (full 4):
 PSYoungGen      total 311808K, used 301364K [0x00000000d5580000, 0x00000000ee500000, 0x0000000100000000)
  eden space 266240K, 100% used [0x00000000d5580000,0x00000000e5980000,0x00000000e5980000)
  from space 45568K, 77% used [0x00000000e5980000,0x00000000e7bcd250,0x00000000e8600000)
  to   space 48640K, 0% used [0x00000000eb580000,0x00000000eb580000,0x00000000ee500000)
 ParOldGen       total 229376K, used 75081K [0x0000000080000000, 0x000000008e000000, 0x00000000d5580000)
  object space 229376K, 32% used [0x0000000080000000,0x00000000849525d8,0x000000008e000000)
 Metaspace       used 115217K, capacity 121846K, committed 122048K, reserved 1155072K
  class space    used 15131K, capacity 16372K, committed 16384K, reserved 1048576K
Event: 114.390 GC heap after
Heap after GC invocations=28 (full 4):
 PSYoungGen      total 357888K, used 35686K [0x00000000d5580000, 0x00000000ef880000, 0x0000000100000000)
  eden space 309248K, 0% used [0x00000000d5580000,0x00000000d5580000,0x00000000e8380000)
  from space 48640K, 73% used [0x00000000eb580000,0x00000000ed859b68,0x00000000ee500000)
  to   space 51200K, 0% used [0x00000000e8380000,0x00000000e8380000,0x00000000eb580000)
 ParOldGen       total 229376K, used 75089K [0x0000000080000000, 0x000000008e000000, 0x00000000d5580000)
  object space 229376K, 32% used [0x0000000080000000,0x00000000849545d8,0x000000008e000000)
 Metaspace       used 115217K, capacity 121846K, committed 122048K, reserved 1155072K
  class space    used 15131K, capacity 16372K, committed 16384K, reserved 1048576K
}
Event: 115.341 GC heap before
{Heap before GC invocations=29 (full 4):
 PSYoungGen      total 357888K, used 344934K [0x00000000d5580000, 0x00000000ef880000, 0x0000000100000000)
  eden space 309248K, 100% used [0x00000000d5580000,0x00000000e8380000,0x00000000e8380000)
  from space 48640K, 73% used [0x00000000eb580000,0x00000000ed859b68,0x00000000ee500000)
  to   space 51200K, 0% used [0x00000000e8380000,0x00000000e8380000,0x00000000eb580000)
 ParOldGen       total 229376K, used 75089K [0x0000000080000000, 0x000000008e000000, 0x00000000d5580000)
  object space 229376K, 32% used [0x0000000080000000,0x00000000849545d8,0x000000008e000000)
 Metaspace       used 115412K, capacity 122042K, committed 122176K, reserved 1155072K
  class space    used 15140K, capacity 16408K, committed 16512K, reserved 1048576K
Event: 115.386 GC heap after
Heap after GC invocations=29 (full 4):
 PSYoungGen      total 360448K, used 22333K [0x00000000d5580000, 0x00000000f1880000, 0x0000000100000000)
  eden space 309248K, 0% used [0x00000000d5580000,0x00000000d5580000,0x00000000e8380000)
  from space 51200K, 43% used [0x00000000e8380000,0x00000000e994f438,0x00000000eb580000)
  to   space 48640K, 0% used [0x00000000ee900000,0x00000000ee900000,0x00000000f1880000)
 ParOldGen       total 229376K, used 86778K [0x0000000080000000, 0x000000008e000000, 0x00000000d5580000)
  object space 229376K, 37% used [0x0000000080000000,0x00000000854bebe8,0x000000008e000000)
 Metaspace       used 115412K, capacity 122042K, committed 122176K, reserved 1155072K
  class space    used 15140K, capacity 16408K, committed 16512K, reserved 1048576K
}
Event: 118.337 GC heap before
{Heap before GC invocations=30 (full 4):
 PSYoungGen      total 360448K, used 331144K [0x00000000d5580000, 0x00000000f1880000, 0x0000000100000000)
  eden space 309248K, 99% used [0x00000000d5580000,0x00000000e8312d50,0x00000000e8380000)
  from space 51200K, 43% used [0x00000000e8380000,0x00000000e994f438,0x00000000eb580000)
  to   space 48640K, 0% used [0x00000000ee900000,0x00000000ee900000,0x00000000f1880000)
 ParOldGen       total 229376K, used 86778K [0x0000000080000000, 0x000000008e000000, 0x00000000d5580000)
  object space 229376K, 37% used [0x0000000080000000,0x00000000854bebe8,0x000000008e000000)
 Metaspace       used 116036K, capacity 122808K, committed 122944K, reserved 1155072K
  class space    used 15205K, capacity 16497K, committed 16512K, reserved 1048576K
Event: 118.360 GC heap after
Heap after GC invocations=30 (full 4):
 PSYoungGen      total 399872K, used 17681K [0x00000000d5580000, 0x00000000f1080000, 0x0000000100000000)
  eden space 359424K, 0% used [0x00000000d5580000,0x00000000d5580000,0x00000000eb480000)
  from space 40448K, 43% used [0x00000000ee900000,0x00000000efa446f0,0x00000000f1080000)
  to   space 47104K, 0% used [0x00000000eb480000,0x00000000eb480000,0x00000000ee280000)
 ParOldGen       total 229376K, used 97977K [0x0000000080000000, 0x000000008e000000, 0x00000000d5580000)
  object space 229376K, 42% used [0x0000000080000000,0x0000000085fae6e0,0x000000008e000000)
 Metaspace       used 116036K, capacity 122808K, committed 122944K, reserved 1155072K
  class space    used 15205K, capacity 16497K, committed 16512K, reserved 1048576K
}
Event: 121.010 GC heap before
{Heap before GC invocations=31 (full 4):
 PSYoungGen      total 399872K, used 377105K [0x00000000d5580000, 0x00000000f1080000, 0x0000000100000000)
  eden space 359424K, 100% used [0x00000000d5580000,0x00000000eb480000,0x00000000eb480000)
  from space 40448K, 43% used [0x00000000ee900000,0x00000000efa446f0,0x00000000f1080000)
  to   space 47104K, 0% used [0x00000000eb480000,0x00000000eb480000,0x00000000ee280000)
 ParOldGen       total 229376K, used 97977K [0x0000000080000000, 0x000000008e000000, 0x00000000d5580000)
  object space 229376K, 42% used [0x0000000080000000,0x0000000085fae6e0,0x000000008e000000)
 Metaspace       used 116697K, capacity 123606K, committed 123840K, reserved 1157120K
  class space    used 15277K, capacity 16604K, committed 16640K, reserved 1048576K
Event: 121.028 GC heap after
Heap after GC invocations=31 (full 4):
 PSYoungGen      total 406528K, used 33172K [0x00000000d5580000, 0x00000000f1080000, 0x0000000100000000)
  eden space 359424K, 0% used [0x00000000d5580000,0x00000000d5580000,0x00000000eb480000)
  from space 47104K, 70% used [0x00000000eb480000,0x00000000ed4e5168,0x00000000ee280000)
  to   space 40448K, 0% used [0x00000000ee900000,0x00000000ee900000,0x00000000f1080000)
 ParOldGen       total 229376K, used 98073K [0x0000000080000000, 0x000000008e000000, 0x00000000d5580000)
  object space 229376K, 42% used [0x0000000080000000,0x0000000085fc66e0,0x000000008e000000)
 Metaspace       used 116697K, capacity 123606K, committed 123840K, reserved 1157120K
  class space    used 15277K, capacity 16604K, committed 16640K, reserved 1048576K
}
Event: 161.939 GC heap before
{Heap before GC invocations=32 (full 4):
 PSYoungGen      total 406528K, used 392596K [0x00000000d5580000, 0x00000000f1080000, 0x0000000100000000)
  eden space 359424K, 100% used [0x00000000d5580000,0x00000000eb480000,0x00000000eb480000)
  from space 47104K, 70% used [0x00000000eb480000,0x00000000ed4e5168,0x00000000ee280000)
  to   space 40448K, 0% used [0x00000000ee900000,0x00000000ee900000,0x00000000f1080000)
 ParOldGen       total 229376K, used 98073K [0x0000000080000000, 0x000000008e000000, 0x00000000d5580000)
  object space 229376K, 42% used [0x0000000080000000,0x0000000085fc66e0,0x000000008e000000)
 Metaspace       used 118068K, capacity 125052K, committed 125376K, reserved 1157120K
  class space    used 15442K, capacity 16783K, committed 16896K, reserved 1048576K
Event: 161.954 GC heap after
Heap after GC invocations=32 (full 4):
 PSYoungGen      total 406016K, used 13628K [0x00000000d5580000, 0x00000000f3d80000, 0x0000000100000000)
  eden space 365568K, 0% used [0x00000000d5580000,0x00000000d5580000,0x00000000eba80000)
  from space 40448K, 33% used [0x00000000ee900000,0x00000000ef64f168,0x00000000f1080000)
  to   space 47616K, 0% used [0x00000000eba80000,0x00000000eba80000,0x00000000ee900000)
 ParOldGen       total 229376K, used 98337K [0x0000000080000000, 0x000000008e000000, 0x00000000d5580000)
  object space 229376K, 42% used [0x0000000080000000,0x00000000860086e0,0x000000008e000000)
 Metaspace       used 118068K, capacity 125052K, committed 125376K, reserved 1157120K
  class space    used 15442K, capacity 16783K, committed 16896K, reserved 1048576K
}

Deoptimization events (10 events):
Event: 163.875 Thread 0x0000000021912000 Uncommon trap: reason=class_check action=maybe_recompile pc=0x0000000005f4b7e4 method=java.io.Writer.append(C)Ljava/io/Writer; @ 2
Event: 164.134 Thread 0x0000000021917000 Uncommon trap: reason=class_check action=maybe_recompile pc=0x0000000003a7c834 method=com.google.common.cache.LocalCache$Segment.get(Ljava/lang/Object;I)Ljava/lang/Object; @ 49
Event: 164.361 Thread 0x0000000021917000 Uncommon trap: reason=null_check action=make_not_entrant pc=0x0000000007155194 method=com.sun.org.apache.xerces.internal.dom.NamedNodeMapImpl.findNamePoint(Ljava/lang/String;Ljava/lang/String;)I @ 76
Event: 164.890 Thread 0x0000000021917000 Uncommon trap: reason=speculate_class_check action=maybe_recompile pc=0x00000000064d0fc0 method=java.util.stream.AbstractPipeline.evaluate(Ljava/util/Spliterator;ZLjava/util/function/IntFunction;)Ljava/util/stream/Node; @ 23
Event: 164.892 Thread 0x0000000021917000 Uncommon trap: reason=speculate_class_check action=maybe_recompile pc=0x0000000006405fac method=java.util.stream.AbstractPipeline.evaluate(Ljava/util/Spliterator;ZLjava/util/function/IntFunction;)Ljava/util/stream/Node; @ 23
Event: 164.893 Thread 0x0000000021917000 Uncommon trap: reason=speculate_class_check action=maybe_recompile pc=0x0000000006405fac method=java.util.stream.AbstractPipeline.evaluate(Ljava/util/Spliterator;ZLjava/util/function/IntFunction;)Ljava/util/stream/Node; @ 23
Event: 164.894 Thread 0x0000000021917000 Uncommon trap: reason=speculate_class_check action=maybe_recompile pc=0x0000000006405fac method=java.util.stream.AbstractPipeline.evaluate(Ljava/util/Spliterator;ZLjava/util/function/IntFunction;)Ljava/util/stream/Node; @ 23
Event: 164.895 Thread 0x0000000021917000 Uncommon trap: reason=speculate_class_check action=maybe_recompile pc=0x00000000064d0fc0 method=java.util.stream.AbstractPipeline.evaluate(Ljava/util/Spliterator;ZLjava/util/function/IntFunction;)Ljava/util/stream/Node; @ 23
Event: 165.112 Thread 0x0000000021917000 Uncommon trap: reason=class_check action=maybe_recompile pc=0x0000000005c5174c method=com.sun.org.apache.xerces.internal.dom.NamedNodeMapImpl.item(I)Lorg/w3c/dom/Node; @ 33
Event: 166.124 Thread 0x000000001b458800 Uncommon trap: reason=unstable_if action=reinterpret pc=0x0000000005207fac method=java.util.concurrent.locks.AbstractQueuedSynchronizer.unparkSuccessor(Ljava/util/concurrent/locks/AbstractQueuedSynchronizer$Node;)V @ 22

Classes redefined (0 events):
No events

Internal exceptions (10 events):
Event: 118.624 Thread 0x0000000020eb7000 Implicit null exception at 0x00000000042dc8ef to 0x00000000042dc9e1
Event: 120.563 Thread 0x0000000020ebf000 Exception <a 'sun/nio/fs/WindowsException'> (0x00000000e73c6550) thrown at [C:\src\AOSP-openjdk-git\hotspot\src\share\vm\prims\jni.cpp, line 710]
Event: 120.924 Thread 0x0000000020622000 Exception <a 'sun/nio/fs/WindowsException'> (0x00000000e836c120) thrown at [C:\src\AOSP-openjdk-git\hotspot\src\share\vm\prims\jni.cpp, line 710]
Event: 123.388 Thread 0x0000000020ebe000 Exception <a 'sun/nio/fs/WindowsException'> (0x00000000e66020a0) thrown at [C:\src\AOSP-openjdk-git\hotspot\src\share\vm\prims\jni.cpp, line 710]
Event: 123.623 Thread 0x0000000020eb5800 Exception <a 'sun/nio/fs/WindowsException'> (0x00000000e6e24f90) thrown at [C:\src\AOSP-openjdk-git\hotspot\src\share\vm\prims\jni.cpp, line 710]
Event: 123.623 Thread 0x0000000020eb5800 Exception <a 'sun/nio/fs/WindowsException'> (0x00000000e6e253d8) thrown at [C:\src\AOSP-openjdk-git\hotspot\src\share\vm\prims\jni.cpp, line 710]
Event: 123.631 Thread 0x0000000020eb5800 Exception <a 'java/lang/NoSuchMethodError': java.lang.Object.lambda$static$0(Lcom/android/apksig/util/RunnablesProvider;)V> (0x00000000e6e978e8) thrown at [C:\src\AOSP-openjdk-git\hotspot\src\share\vm\interpreter\linkResolver.cpp, line 620]
Event: 162.147 Thread 0x000000001b4a1000 Exception <a 'sun/nio/fs/WindowsException'> (0x00000000d7d17c40) thrown at [C:\src\AOSP-openjdk-git\hotspot\src\share\vm\prims\jni.cpp, line 710]
Event: 164.361 Thread 0x0000000021917000 Implicit null exception at 0x00000000071546cb to 0x0000000007155151
Event: 166.124 Thread 0x000000001b458800 Implicit null exception at 0x0000000005206cc5 to 0x0000000005207f91

Events (10 events):
Event: 166.139 Thread 0x0000000032b07000 Thread added: 0x0000000032b07000
Event: 166.139 Thread 0x0000000032b0b800 Thread added: 0x0000000032b0b800
Event: 166.180 Thread 0x0000000032b0a000 Thread added: 0x0000000032b0a000
Event: 166.180 Thread 0x0000000032b0a800 Thread added: 0x0000000032b0a800
Event: 166.217 Thread 0x0000000032b06000 Thread added: 0x0000000032b06000
Event: 166.217 Thread 0x0000000032b0d800 Thread added: 0x0000000032b0d800
Event: 166.255 Thread 0x0000000032b08800 Thread added: 0x0000000032b08800
Event: 166.255 Thread 0x0000000032b0e800 Thread added: 0x0000000032b0e800
Event: 166.291 Thread 0x0000000032b07800 Thread added: 0x0000000032b07800
Event: 166.291 Thread 0x0000000032b10800 Thread added: 0x0000000032b10800


Dynamic libraries:
0x00007ff6706b0000 - 0x00007ff6706e1000 	C:\Program Files\Android\Android Studio\jre\bin\java.exe
0x00007ff8960d0000 - 0x00007ff8962c5000 	C:\WINDOWS\SYSTEM32\ntdll.dll
0x00007ff895040000 - 0x00007ff8950fd000 	C:\WINDOWS\System32\KERNEL32.DLL
0x00007ff8939c0000 - 0x00007ff893c88000 	C:\WINDOWS\System32\KERNELBASE.dll
0x00007ff894dd0000 - 0x00007ff894e7c000 	C:\WINDOWS\System32\ADVAPI32.dll
0x00007ff894e80000 - 0x00007ff894f1e000 	C:\WINDOWS\System32\msvcrt.dll
0x00007ff8954f0000 - 0x00007ff89558b000 	C:\WINDOWS\System32\sechost.dll
0x00007ff895d50000 - 0x00007ff895e7b000 	C:\WINDOWS\System32\RPCRT4.dll
0x00007ff8941f0000 - 0x00007ff894390000 	C:\WINDOWS\System32\USER32.dll
0x00007ff893e40000 - 0x00007ff893e62000 	C:\WINDOWS\System32\win32u.dll
0x00007ff894400000 - 0x00007ff89442a000 	C:\WINDOWS\System32\GDI32.dll
0x00007ff894020000 - 0x00007ff89412b000 	C:\WINDOWS\System32\gdi32full.dll
0x00007ff893920000 - 0x00007ff8939bd000 	C:\WINDOWS\System32\msvcp_win.dll
0x00007ff893f20000 - 0x00007ff894020000 	C:\WINDOWS\System32\ucrtbase.dll
0x00007ff8829f0000 - 0x00007ff882c8a000 	C:\WINDOWS\WinSxS\amd64_microsoft.windows.common-controls_6595b64144ccf1df_6.0.19041.844_none_ca00b6081b84eb1d\COMCTL32.dll
0x00007ff894130000 - 0x00007ff894160000 	C:\WINDOWS\System32\IMM32.DLL
0x000000006a770000 - 0x000000006a842000 	C:\Program Files\Android\Android Studio\jre\jre\bin\msvcr100.dll
0x000000006a850000 - 0x000000006b09b000 	C:\Program Files\Android\Android Studio\jre\jre\bin\server\jvm.dll
0x00007ff8943f0000 - 0x00007ff8943f8000 	C:\WINDOWS\System32\PSAPI.DLL
0x00007ff8795c0000 - 0x00007ff8795c9000 	C:\WINDOWS\SYSTEM32\WSOCK32.dll
0x00007ff895420000 - 0x00007ff89548b000 	C:\WINDOWS\System32\WS2_32.dll
0x00007ff8933a0000 - 0x00007ff8933aa000 	C:\WINDOWS\SYSTEM32\VERSION.dll
0x00007ff8773d0000 - 0x00007ff8773f7000 	C:\WINDOWS\SYSTEM32\WINMM.dll
0x00007ff892050000 - 0x00007ff89205f000 	C:\Program Files\Android\Android Studio\jre\jre\bin\verify.dll
0x00007ff888b00000 - 0x00007ff888b29000 	C:\Program Files\Android\Android Studio\jre\jre\bin\java.dll
0x00007ff878a20000 - 0x00007ff878a36000 	C:\Program Files\Android\Android Studio\jre\jre\bin\zip.dll
0x00007ff895590000 - 0x00007ff895cd2000 	C:\WINDOWS\System32\SHELL32.dll
0x00007ff891730000 - 0x00007ff891ec1000 	C:\WINDOWS\SYSTEM32\windows.storage.dll
0x00007ff894a50000 - 0x00007ff894da5000 	C:\WINDOWS\System32\combase.dll
0x00007ff893210000 - 0x00007ff89323c000 	C:\WINDOWS\SYSTEM32\Wldp.dll
0x00007ff895290000 - 0x00007ff89533e000 	C:\WINDOWS\System32\SHCORE.dll
0x00007ff895100000 - 0x00007ff895155000 	C:\WINDOWS\System32\shlwapi.dll
0x00007ff893750000 - 0x00007ff89376f000 	C:\WINDOWS\SYSTEM32\profapi.dll
0x00007ff8787b0000 - 0x00007ff8787ca000 	C:\Program Files\Android\Android Studio\jre\jre\bin\net.dll
0x00007ff892f80000 - 0x00007ff892fea000 	C:\WINDOWS\system32\mswsock.dll
0x00007ff878380000 - 0x00007ff878393000 	C:\Program Files\Android\Android Studio\jre\jre\bin\nio.dll
0x00007ff8783a0000 - 0x00007ff8783c7000 	C:\Users\Apolo\.gradle\native\f6784746aeab05261644944871eae4fe03e0ef1612fff0a4a95f87b438bc6780\windows-amd64\native-platform.dll
0x00007ff892000000 - 0x00007ff89200d000 	C:\Program Files\Android\Android Studio\jre\jre\bin\management.dll
0x00007ff893150000 - 0x00007ff893168000 	C:\WINDOWS\SYSTEM32\CRYPTSP.dll
0x00007ff8928b0000 - 0x00007ff8928e4000 	C:\WINDOWS\system32\rsaenh.dll
0x00007ff893ef0000 - 0x00007ff893f17000 	C:\WINDOWS\System32\bcrypt.dll
0x00007ff8936d0000 - 0x00007ff8936fe000 	C:\WINDOWS\SYSTEM32\USERENV.dll
0x00007ff893e70000 - 0x00007ff893ef0000 	C:\WINDOWS\System32\bcryptprimitives.dll
0x00007ff893170000 - 0x00007ff89317c000 	C:\WINDOWS\SYSTEM32\CRYPTBASE.dll
0x00007ff892c20000 - 0x00007ff892c5b000 	C:\WINDOWS\SYSTEM32\IPHLPAPI.DLL
0x00007ff895410000 - 0x00007ff895418000 	C:\WINDOWS\System32\NSI.dll
0x00007ff887c50000 - 0x00007ff887c67000 	C:\WINDOWS\SYSTEM32\dhcpcsvc6.DLL
0x00007ff8881f0000 - 0x00007ff88820d000 	C:\WINDOWS\SYSTEM32\dhcpcsvc.DLL
0x00007ff892c60000 - 0x00007ff892d2c000 	C:\WINDOWS\SYSTEM32\DNSAPI.dll
0x00007ff888350000 - 0x00007ff88835b000 	C:\WINDOWS\SYSTEM32\WINNSI.DLL
0x00007ff8924e0000 - 0x00007ff892513000 	C:\WINDOWS\SYSTEM32\ntmarta.dll
0x00007ff85c6a0000 - 0x00007ff85c83c000 	C:\Program Files\Android\Android Studio\jre\jre\bin\awt.dll
0x00007ff895340000 - 0x00007ff89540d000 	C:\WINDOWS\System32\OLEAUT32.dll
0x00007ff88bc40000 - 0x00007ff88c200000 	C:\WINDOWS\SYSTEM32\d2d1.dll
0x00007ff891180000 - 0x00007ff8911af000 	C:\WINDOWS\SYSTEM32\dwmapi.dll
0x00007ff88d7f0000 - 0x00007ff88d880000 	C:\WINDOWS\SYSTEM32\apphelp.dll
0x00007ff8909f0000 - 0x00007ff890a8e000 	C:\WINDOWS\system32\uxtheme.dll
0x00007ff889dc0000 - 0x00007ff889dde000 	C:\Users\Apolo\AppData\Local\Temp\native-platform4940129731538514975dir\native-platform.dll

VM Arguments:
jvm_args: -Xmx2048m -Dfile.encoding=windows-1252 -Duser.country=ES -Duser.language=es -Duser.variant 
java_command: org.gradle.launcher.daemon.bootstrap.GradleDaemon 6.5
java_class_path (initial): C:\Users\Apolo\.gradle\wrapper\dists\gradle-6.5-bin\6nifqtx7604sqp1q6g8wikw7p\gradle-6.5\lib\gradle-launcher-6.5.jar
Launcher Type: SUN_STANDARD

Environment Variables:
PATH=C:\Program Files\Common Files\Oracle\Java\javapath;C:\Program Files (x86)\Common Files\Oracle\Java\javapath;C:\orant\bin;C:\WINDOWS\system32;C:\WINDOWS;C:\WINDOWS\System32\Wbem;C:\WINDOWS\System32\WindowsPowerShell\v1.0\;C:\WINDOWS\System32\OpenSSH\;C:\orant\jdk\bin;C:\Program Files (x86)\Intel\Intel(R) Memory And Storage Tool\;C:\Program Files\Git\cmd;C:\Program Files\nodejs\;C:\instantclient_12_1\;C:\Users\Apolo\AppData\Local\Microsoft\WindowsApps;C:\Users\Apolo\AppData\Local\Programs\Microsoft VS Code\bin;C:\Users\Apolo\AppData\Roaming\npm;C:\Users\Apolo\AppData\Local\atom\bin;
USERNAME=Apolo
OS=Windows_NT
PROCESSOR_IDENTIFIER=Intel64 Family 6 Model 126 Stepping 5, GenuineIntel



---------------  S Y S T E M  ---------------

OS: Windows 10.0 , 64 bit Build 19041 (10.0.19041.928)

CPU:total 8 (initial active 8) (4 cores per cpu, 2 threads per core) family 6 model 126 stepping 5, cmov, cx8, fxsr, mmx, sse, sse2, sse3, ssse3, sse4.1, sse4.2, popcnt, avx, avx2, aes, clmul, erms, 3dnowpref, lzcnt, ht, tsc, tscinvbit, bmi1, bmi2, adx

Memory: 4k page, physical 8165048k(1340120k free), swap 11736884k(904k free)

vm_info: OpenJDK 64-Bit Server VM (25.242-b01) for windows-amd64 JRE (1.8.0_242-release-1644-b01), built by "builder" with MS VC++ 10.0 (VS2010)

time: Wed May 05 10:45:16 2021
timezone: Hora estndar de Paraguay
elapsed time: 166 seconds (0d 0h 2m 46s)

