#
# There is insufficient memory for the Java Runtime Environment to continue.
# Native memory allocation (malloc) failed to allocate 1032656 bytes for Chunk::new
# Possible reasons:
#   The system is out of physical RAM or swap space
#   The process is running with CompressedOops enabled, and the Java Heap may be blocking the growth of the native heap
# Possible solutions:
#   Reduce memory load on the system
#   Increase physical memory or swap space
#   Check if swap backing store is full
#   Decrease Java heap size (-Xmx/-Xms)
#   Decrease number of Java threads
#   Decrease Java thread stack sizes (-Xss)
#   Set larger code cache with -XX:ReservedCodeCacheSize=
#   JVM is running with Unscaled Compressed Oops mode in which the Java heap is
#     placed in the first 4GB address space. The Java Heap base address is the
#     maximum limit for the native heap growth. Please use -XX:HeapBaseMinAddress
#     to set the Java Heap base and to place the Java Heap above 4GB virtual address.
# This output file may be truncated or incomplete.
#
#  Out of Memory Error (allocation.cpp:389), pid=13468, tid=0x0000000000000a30
#
# JRE version: OpenJDK Runtime Environment (8.0_242-b01) (build 1.8.0_242-release-1644-b01)
# Java VM: OpenJDK 64-Bit Server VM (25.242-b01 mixed mode windows-amd64 compressed oops)
# Failed to write core dump. Minidumps are not enabled by default on client versions of Windows
#

---------------  T H R E A D  ---------------

Current thread (0x0000000019810000):  JavaThread "C2 CompilerThread0" daemon [_thread_in_native, id=2608, stack(0x000000001a110000,0x000000001a210000)]

Stack: [0x000000001a110000,0x000000001a210000]
[error occurred during error reporting (printing stack bounds), id 0xc0000005]

Native frames: (J=compiled Java code, j=interpreted, Vv=VM code, C=native code)


Current CompileTask:
C2:  74439 20279   !   4       org.gradle.api.internal.artifacts.ivyservice.resolveengine.artifact.ArtifactBackedResolvedVariant$DownloadArtifactFile::run (50 bytes)


---------------  P R O C E S S  ---------------

Java Threads: ( => current thread )
  0x000000003098b800 JavaThread "WorkerExecutor Queue Thread 13" [_thread_blocked, id=11296, stack(0x0000000035a40000,0x0000000035b40000)]
  0x0000000030987800 JavaThread "WorkerExecutor Queue Thread 12" [_thread_blocked, id=14096, stack(0x0000000035940000,0x0000000035a40000)]
  0x000000003098a800 JavaThread "WorkerExecutor Queue Thread 11" [_thread_blocked, id=10060, stack(0x0000000035840000,0x0000000035940000)]
  0x0000000030980000 JavaThread "WorkerExecutor Queue Thread 10" [_thread_blocked, id=11880, stack(0x0000000035740000,0x0000000035840000)]
  0x0000000030987000 JavaThread "WorkerExecutor Queue Thread 9" [_thread_in_Java, id=4372, stack(0x000000002f210000,0x000000002f310000)]
  0x0000000030984000 JavaThread "Cache worker for Java compile cache (C:\Android\Proyecto\VendedoresKT\ApoloVendedor\.gradle\6.5\javaCompile)" [_thread_blocked, id=1048, stack(0x0000000035440000,0x0000000035540000)]
  0x0000000030982800 JavaThread "Cache worker for Java compile cache (C:\Users\Apolo\.gradle\caches\6.5\javaCompile)" [_thread_blocked, id=11628, stack(0x0000000035340000,0x0000000035440000)]
  0x0000000030981800 JavaThread "RMI TCP Connection(2)-127.0.0.1" daemon [_thread_in_native, id=15668, stack(0x0000000035240000,0x0000000035340000)]
  0x0000000030984800 JavaThread "RMI Reaper" [_thread_blocked, id=12708, stack(0x0000000035140000,0x0000000035240000)]
  0x0000000030983000 JavaThread "RMI TCP Accept-0" daemon [_thread_in_native, id=16608, stack(0x0000000033170000,0x0000000033270000)]
  0x0000000030986000 JavaThread "GC Daemon" daemon [_thread_blocked, id=1916, stack(0x000000002fb10000,0x000000002fc10000)]
  0x000000003097a000 JavaThread "RMI Scheduler(0)" daemon [_thread_blocked, id=12024, stack(0x000000002ed10000,0x000000002ee10000)]
  0x000000003097d000 JavaThread "stdout" [_thread_in_native, id=16604, stack(0x0000000034a70000,0x0000000034b70000)]
  0x000000003097e800 JavaThread "stderr" [_thread_in_native, id=624, stack(0x0000000034750000,0x0000000034850000)]
  0x000000003097a800 JavaThread "stdout" [_thread_in_native, id=12784, stack(0x0000000034970000,0x0000000034a70000)]
  0x0000000030979000 JavaThread "stderr" [_thread_in_native, id=4296, stack(0x0000000034870000,0x0000000034970000)]
  0x000000003097e000 JavaThread "stdout" [_thread_in_native, id=9408, stack(0x0000000034650000,0x0000000034750000)]
  0x000000003097b800 JavaThread "stderr" [_thread_in_native, id=11428, stack(0x0000000034550000,0x0000000034650000)]
  0x0000000030978800 JavaThread "stdout" [_thread_in_native, id=17364, stack(0x0000000034450000,0x0000000034550000)]
  0x0000000030977800 JavaThread "stderr" [_thread_in_native, id=2332, stack(0x0000000034350000,0x0000000034450000)]
  0x000000003097c000 JavaThread "stdout" [_thread_in_native, id=15580, stack(0x0000000034250000,0x0000000034350000)]
  0x0000000020698800 JavaThread "stderr" [_thread_in_native, id=9284, stack(0x0000000034150000,0x0000000034250000)]
  0x0000000023a82000 JavaThread "stdout" [_thread_in_native, id=6836, stack(0x0000000034050000,0x0000000034150000)]
  0x000000001c274000 JavaThread "stderr" [_thread_in_native, id=12932, stack(0x0000000033f50000,0x0000000034050000)]
  0x000000001c271800 JavaThread "stdout" [_thread_in_native, id=13884, stack(0x0000000033e50000,0x0000000033f50000)]
  0x000000001c271000 JavaThread "stderr" [_thread_in_native, id=488, stack(0x0000000033aa0000,0x0000000033ba0000)]
  0x000000001c270000 JavaThread "stdout" [_thread_in_native, id=2676, stack(0x00000000339a0000,0x0000000033aa0000)]
  0x000000001cad5800 JavaThread "stderr" [_thread_in_native, id=14344, stack(0x00000000338a0000,0x00000000339a0000)]
  0x000000001cad9000 JavaThread "pool-4-thread-1" [_thread_blocked, id=11248, stack(0x0000000033670000,0x0000000033770000)]
  0x000000001cad6000 JavaThread "MarlinRenderer Disposer" daemon [_thread_blocked, id=17196, stack(0x0000000033570000,0x0000000033670000)]
  0x000000001cadb800 JavaThread "Java2D Disposer" daemon [_thread_blocked, id=15760, stack(0x00000000337a0000,0x00000000338a0000)]
  0x000000001cada000 JavaThread "WorkerExecutor Queue Thread 7" [_thread_in_Java, id=5892, stack(0x0000000033070000,0x0000000033170000)]
  0x0000000020ec6800 JavaThread "WorkerExecutor Queue Thread 4" [_thread_in_Java, id=14960, stack(0x000000002ef10000,0x000000002f010000)]
  0x0000000020ecb000 JavaThread "WorkerExecutor Queue Thread 3" [_thread_in_native, id=15356, stack(0x000000002ee10000,0x000000002ef10000)]
  0x0000000020ec3800 JavaThread "WorkerExecutor Queue" [_thread_in_Java, id=7508, stack(0x000000002e7d0000,0x000000002e8d0000)]
  0x00000000206a2800 JavaThread "Cache worker for execution history cache (C:\Android\Proyecto\VendedoresKT\ApoloVendedor\.gradle\6.5\executionHistory)" [_thread_blocked, id=9324, stack(0x000000002e6d0000,0x000000002e7d0000)]
  0x00000000206a0000 JavaThread "Execution worker for ':' Thread 7" [_thread_blocked, id=9268, stack(0x000000002e5d0000,0x000000002e6d0000)]
  0x00000000206a1800 JavaThread "Execution worker for ':' Thread 6" [_thread_blocked, id=7984, stack(0x000000002ded0000,0x000000002dfd0000)]
  0x000000002069f800 JavaThread "Execution worker for ':' Thread 5" [_thread_blocked, id=7604, stack(0x000000002ddd0000,0x000000002ded0000)]
  0x000000002069e800 JavaThread "Execution worker for ':' Thread 4" [_thread_blocked, id=8808, stack(0x000000002dcd0000,0x000000002ddd0000)]
  0x00000000206a3000 JavaThread "Execution worker for ':' Thread 3" [_thread_blocked, id=7732, stack(0x000000002dbd0000,0x000000002dcd0000)]
  0x00000000206a1000 JavaThread "Execution worker for ':' Thread 2" [_thread_blocked, id=6124, stack(0x000000002dad0000,0x000000002dbd0000)]
  0x0000000020698000 JavaThread "Execution worker for ':'" [_thread_blocked, id=16992, stack(0x000000002d9d0000,0x000000002dad0000)]
  0x000000002069e000 JavaThread "Cache worker for file content cache (C:\Android\Proyecto\VendedoresKT\ApoloVendedor\.gradle\6.5\fileContent)" [_thread_blocked, id=8188, stack(0x000000002d8d0000,0x000000002d9d0000)]
  0x0000000020695000 JavaThread "Cache worker for Build Output Cleanup Cache (C:\Android\Proyecto\VendedoresKT\ApoloVendedor\.gradle\buildOutputCleanup)" [_thread_blocked, id=15056, stack(0x000000002d7d0000,0x000000002d8d0000)]
  0x000000002069a000 JavaThread "Build operations Thread 8" [_thread_blocked, id=13104, stack(0x000000002d2d0000,0x000000002d3d0000)]
  0x0000000020699800 JavaThread "Build operations Thread 7" [_thread_blocked, id=16876, stack(0x000000002bd80000,0x000000002be80000)]
  0x0000000020697000 JavaThread "Build operations Thread 6" [_thread_blocked, id=16988, stack(0x0000000024c00000,0x0000000024d00000)]
  0x0000000020695800 JavaThread "Build operations Thread 5" [_thread_blocked, id=12964, stack(0x0000000024b00000,0x0000000024c00000)]
  0x0000000023a8d800 JavaThread "Build operations Thread 4" [_thread_blocked, id=14376, stack(0x0000000024a00000,0x0000000024b00000)]
  0x0000000023a8c800 JavaThread "Build operations Thread 3" [_thread_blocked, id=14464, stack(0x0000000024900000,0x0000000024a00000)]
  0x0000000023a8c000 JavaThread "Build operations Thread 2" [_thread_blocked, id=2788, stack(0x0000000024800000,0x0000000024900000)]
  0x0000000023a8b000 JavaThread "Build operations" [_thread_blocked, id=5256, stack(0x0000000024700000,0x0000000024800000)]
  0x0000000023a8a800 JavaThread "Cache worker for cache directory md-rule (C:\Users\Apolo\.gradle\caches\6.5\md-rule)" [_thread_blocked, id=9168, stack(0x0000000024600000,0x0000000024700000)]
  0x0000000023a89800 JavaThread "Cache worker for cache directory md-supplier (C:\Users\Apolo\.gradle\caches\6.5\md-supplier)" [_thread_blocked, id=14348, stack(0x0000000024500000,0x0000000024600000)]
  0x0000000023a89000 JavaThread "Cache worker for checksums cache (C:\Android\Proyecto\VendedoresKT\ApoloVendedor\.gradle\checksums)" [_thread_blocked, id=6288, stack(0x0000000022230000,0x0000000022330000)]
  0x0000000023a88000 JavaThread "Cache worker for file hash cache (C:\Android\Proyecto\VendedoresKT\ApoloVendedor\.gradle\6.5\fileHashes)" [_thread_blocked, id=10016, stack(0x0000000021e50000,0x0000000021f50000)]
  0x0000000023a85000 JavaThread "Thread-163" [_thread_blocked, id=3020, stack(0x000000001e260000,0x000000001e360000)]
  0x0000000023a87800 JavaThread "Stdin handler" [_thread_blocked, id=5460, stack(0x000000001e160000,0x000000001e260000)]
  0x0000000023a80000 JavaThread "Asynchronous log dispatcher for DefaultDaemonConnection: socket connection from /127.0.0.1:55173 to /127.0.0.1:55217" [_thread_blocked, id=9028, stack(0x000000001e060000,0x000000001e160000)]
  0x0000000023a84800 JavaThread "Cancel handler" [_thread_blocked, id=15436, stack(0x000000001de60000,0x000000001df60000)]
  0x0000000023a86000 JavaThread "Handler for socket connection from /127.0.0.1:55173 to /127.0.0.1:55217" [_thread_in_native, id=9900, stack(0x000000001dd60000,0x000000001de60000)]
  0x000000001cad7000 JavaThread "Memory manager" [_thread_blocked, id=6044, stack(0x000000002d1d0000,0x000000002d2d0000)]
  0x000000001cace800 JavaThread "jar transforms Thread 113" [_thread_blocked, id=12272, stack(0x000000002ba80000,0x000000002bb80000)]
  0x000000001cace000 JavaThread "jar transforms Thread 112" [_thread_blocked, id=7488, stack(0x000000002b980000,0x000000002ba80000)]
  0x000000001cad1800 JavaThread "jar transforms Thread 111" [_thread_blocked, id=9712, stack(0x000000002b880000,0x000000002b980000)]
  0x000000001cad4800 JavaThread "jar transforms Thread 110" [_thread_blocked, id=15940, stack(0x000000002b780000,0x000000002b880000)]
  0x000000001cacd000 JavaThread "jar transforms Thread 109" [_thread_blocked, id=10672, stack(0x000000002b680000,0x000000002b780000)]
  0x000000001cad3000 JavaThread "jar transforms Thread 108" [_thread_blocked, id=12948, stack(0x000000002b580000,0x000000002b680000)]
  0x000000001cad2800 JavaThread "jar transforms Thread 107" [_thread_blocked, id=892, stack(0x000000002b480000,0x000000002b580000)]
  0x000000001cad1000 JavaThread "jar transforms Thread 106" [_thread_blocked, id=1716, stack(0x000000002b380000,0x000000002b480000)]
  0x000000001cad0000 JavaThread "jar transforms Thread 105" [_thread_blocked, id=15324, stack(0x000000002b280000,0x000000002b380000)]
  0x000000001cad4000 JavaThread "jar transforms Thread 104" [_thread_blocked, id=14520, stack(0x000000002b180000,0x000000002b280000)]
  0x000000001cacc800 JavaThread "jar transforms Thread 103" [_thread_blocked, id=10900, stack(0x000000002b080000,0x000000002b180000)]
  0x000000001fccf800 JavaThread "jar transforms Thread 102" [_thread_blocked, id=9460, stack(0x000000002af80000,0x000000002b080000)]
  0x000000001fccd000 JavaThread "jar transforms Thread 101" [_thread_blocked, id=14568, stack(0x000000002ae80000,0x000000002af80000)]
  0x000000001fccc800 JavaThread "jar transforms Thread 100" [_thread_blocked, id=5264, stack(0x000000002ad80000,0x000000002ae80000)]
  0x000000001fcce800 JavaThread "jar transforms Thread 99" [_thread_blocked, id=8368, stack(0x000000002ac80000,0x000000002ad80000)]
  0x000000001fccb800 JavaThread "jar transforms Thread 98" [_thread_blocked, id=7616, stack(0x000000002ab80000,0x000000002ac80000)]
  0x000000001fcce000 JavaThread "jar transforms Thread 97" [_thread_blocked, id=17312, stack(0x000000002aa80000,0x000000002ab80000)]
  0x000000001fcc4000 JavaThread "jar transforms Thread 96" [_thread_blocked, id=13408, stack(0x000000002a980000,0x000000002aa80000)]
  0x000000001fccb000 JavaThread "jar transforms Thread 95" [_thread_blocked, id=16080, stack(0x000000002a880000,0x000000002a980000)]
  0x000000001fcc9800 JavaThread "jar transforms Thread 94" [_thread_blocked, id=15928, stack(0x000000002a780000,0x000000002a880000)]
  0x000000001fcca000 JavaThread "jar transforms Thread 93" [_thread_blocked, id=13812, stack(0x000000002a680000,0x000000002a780000)]
  0x000000001fcc8800 JavaThread "jar transforms Thread 92" [_thread_blocked, id=12628, stack(0x000000002a580000,0x000000002a680000)]
  0x000000001fcc1000 JavaThread "jar transforms Thread 91" [_thread_blocked, id=10552, stack(0x000000002a480000,0x000000002a580000)]
  0x000000001fcc7800 JavaThread "jar transforms Thread 90" [_thread_blocked, id=1036, stack(0x000000002a380000,0x000000002a480000)]
  0x000000001fcc0000 JavaThread "jar transforms Thread 89" [_thread_blocked, id=17020, stack(0x000000002a280000,0x000000002a380000)]
  0x000000001fcc7000 JavaThread "jar transforms Thread 88" [_thread_blocked, id=4136, stack(0x000000002a180000,0x000000002a280000)]
  0x000000001fcc6000 JavaThread "jar transforms Thread 87" [_thread_blocked, id=14392, stack(0x000000002a080000,0x000000002a180000)]
  0x000000001fcc1800 JavaThread "jar transforms Thread 86" [_thread_blocked, id=8096, stack(0x0000000029f80000,0x000000002a080000)]
  0x000000001fcc4800 JavaThread "jar transforms Thread 85" [_thread_blocked, id=9272, stack(0x0000000029e80000,0x0000000029f80000)]
  0x000000001fcc3000 JavaThread "jar transforms Thread 84" [_thread_blocked, id=12872, stack(0x0000000029d80000,0x0000000029e80000)]
  0x000000001fcc5800 JavaThread "jar transforms Thread 83" [_thread_blocked, id=7064, stack(0x0000000029c80000,0x0000000029d80000)]
  0x000000001fcc2800 JavaThread "jar transforms Thread 82" [_thread_blocked, id=2092, stack(0x0000000029b80000,0x0000000029c80000)]
  0x0000000021c29000 JavaThread "jar transforms Thread 81" [_thread_blocked, id=2372, stack(0x0000000029a80000,0x0000000029b80000)]
  0x0000000021c28000 JavaThread "jar transforms Thread 80" [_thread_blocked, id=3780, stack(0x0000000029980000,0x0000000029a80000)]
  0x0000000021c27800 JavaThread "jar transforms Thread 79" [_thread_blocked, id=14404, stack(0x0000000029880000,0x0000000029980000)]
  0x0000000021c26800 JavaThread "jar transforms Thread 78" [_thread_blocked, id=14612, stack(0x0000000029780000,0x0000000029880000)]
  0x0000000021c29800 JavaThread "jar transforms Thread 77" [_thread_blocked, id=14644, stack(0x0000000029680000,0x0000000029780000)]
  0x0000000021c26000 JavaThread "jar transforms Thread 76" [_thread_blocked, id=16344, stack(0x0000000029580000,0x0000000029680000)]
  0x0000000021c25000 JavaThread "jar transforms Thread 75" [_thread_blocked, id=14528, stack(0x0000000029480000,0x0000000029580000)]
  0x0000000021c2a800 JavaThread "jar transforms Thread 74" [_thread_blocked, id=14256, stack(0x0000000029380000,0x0000000029480000)]
  0x0000000021c2b000 JavaThread "jar transforms Thread 73" [_thread_blocked, id=3744, stack(0x0000000029280000,0x0000000029380000)]
  0x0000000021c1d800 JavaThread "jar transforms Thread 72" [_thread_blocked, id=12860, stack(0x0000000029180000,0x0000000029280000)]
  0x0000000021c24800 JavaThread "jar transforms Thread 71" [_thread_blocked, id=10280, stack(0x0000000029080000,0x0000000029180000)]
  0x0000000021c23800 JavaThread "jar transforms Thread 70" [_thread_blocked, id=16404, stack(0x0000000028f80000,0x0000000029080000)]
  0x0000000021c1d000 JavaThread "jar transforms Thread 69" [_thread_blocked, id=16400, stack(0x0000000028e80000,0x0000000028f80000)]
  0x0000000021c20800 JavaThread "jar transforms Thread 68" [_thread_blocked, id=11080, stack(0x0000000028d80000,0x0000000028e80000)]
  0x0000000021c1c000 JavaThread "jar transforms Thread 67" [_thread_blocked, id=7872, stack(0x0000000028c80000,0x0000000028d80000)]
  0x0000000021c1f000 JavaThread "jar transforms Thread 66" [_thread_blocked, id=16312, stack(0x0000000028b80000,0x0000000028c80000)]
  0x0000000021c23000 JavaThread "jar transforms Thread 65" [_thread_blocked, id=8040, stack(0x0000000028a80000,0x0000000028b80000)]
  0x0000000021c21800 JavaThread "jar transforms Thread 64" [_thread_blocked, id=12520, stack(0x0000000028980000,0x0000000028a80000)]
  0x0000000021c1e800 JavaThread "jar transforms Thread 63" [_thread_blocked, id=3616, stack(0x0000000028880000,0x0000000028980000)]
  0x0000000021c20000 JavaThread "jar transforms Thread 62" [_thread_blocked, id=9948, stack(0x0000000028780000,0x0000000028880000)]
  0x0000000021c22000 JavaThread "jar transforms Thread 61" [_thread_blocked, id=6756, stack(0x0000000028680000,0x0000000028780000)]
  0x000000001be28800 JavaThread "jar transforms Thread 60" [_thread_blocked, id=7084, stack(0x0000000028580000,0x0000000028680000)]
  0x000000001be25800 JavaThread "jar transforms Thread 59" [_thread_blocked, id=9828, stack(0x0000000028480000,0x0000000028580000)]
  0x000000001be24800 JavaThread "jar transforms Thread 58" [_thread_blocked, id=2256, stack(0x0000000028380000,0x0000000028480000)]
  0x000000001be27800 JavaThread "jar transforms Thread 57" [_thread_blocked, id=17120, stack(0x0000000028280000,0x0000000028380000)]
  0x000000001be23800 JavaThread "jar transforms Thread 56" [_thread_blocked, id=13888, stack(0x0000000028180000,0x0000000028280000)]
  0x000000001be29000 JavaThread "jar transforms Thread 55" [_thread_blocked, id=1128, stack(0x0000000028080000,0x0000000028180000)]
  0x000000001be2a000 JavaThread "jar transforms Thread 54" [_thread_blocked, id=14804, stack(0x0000000027f80000,0x0000000028080000)]
  0x000000001be26000 JavaThread "jar transforms Thread 53" [_thread_blocked, id=5164, stack(0x0000000027e80000,0x0000000027f80000)]
  0x000000001be27000 JavaThread "jar transforms Thread 52" [_thread_blocked, id=15372, stack(0x0000000027d80000,0x0000000027e80000)]
  0x000000001be1c000 JavaThread "jar transforms Thread 51" [_thread_blocked, id=5532, stack(0x0000000027c80000,0x0000000027d80000)]
  0x000000001be21800 JavaThread "jar transforms Thread 50" [_thread_blocked, id=3044, stack(0x0000000027b80000,0x0000000027c80000)]
  0x000000001be22000 JavaThread "jar transforms Thread 49" [_thread_blocked, id=11280, stack(0x0000000027a80000,0x0000000027b80000)]
  0x000000001be20000 JavaThread "jar transforms Thread 48" [_thread_blocked, id=424, stack(0x0000000027980000,0x0000000027a80000)]
  0x000000001be23000 JavaThread "jar transforms Thread 47" [_thread_blocked, id=16220, stack(0x0000000027880000,0x0000000027980000)]
  0x000000001be1a800 JavaThread "jar transforms Thread 46" [_thread_blocked, id=3720, stack(0x0000000027780000,0x0000000027880000)]
  0x000000001be20800 JavaThread "jar transforms Thread 45" [_thread_blocked, id=16372, stack(0x0000000027680000,0x0000000027780000)]
  0x000000001be1b800 JavaThread "jar transforms Thread 44" [_thread_blocked, id=15756, stack(0x0000000027580000,0x0000000027680000)]
  0x000000001be1f000 JavaThread "jar transforms Thread 43" [_thread_blocked, id=7944, stack(0x0000000027480000,0x0000000027580000)]
  0x000000001be1d800 JavaThread "jar transforms Thread 42" [_thread_blocked, id=12308, stack(0x0000000027380000,0x0000000027480000)]
  0x000000001be1d000 JavaThread "jar transforms Thread 41" [_thread_blocked, id=14492, stack(0x0000000027280000,0x0000000027380000)]
  0x000000001be1e800 JavaThread "jar transforms Thread 40" [_thread_blocked, id=10140, stack(0x0000000027180000,0x0000000027280000)]
  0x000000002148a800 JavaThread "jar transforms Thread 39" [_thread_blocked, id=148, stack(0x0000000027080000,0x0000000027180000)]
  0x000000002148c000 JavaThread "jar transforms Thread 38" [_thread_blocked, id=8224, stack(0x0000000026f80000,0x0000000027080000)]
  0x000000002148a000 JavaThread "jar transforms Thread 37" [_thread_blocked, id=11212, stack(0x0000000026e80000,0x0000000026f80000)]
  0x0000000021488800 JavaThread "jar transforms Thread 36" [_thread_blocked, id=7492, stack(0x0000000026d80000,0x0000000026e80000)]
  0x0000000021489000 JavaThread "jar transforms Thread 35" [_thread_blocked, id=1324, stack(0x0000000026c80000,0x0000000026d80000)]
  0x000000002148b800 JavaThread "jar transforms Thread 34" [_thread_blocked, id=16444, stack(0x0000000026b80000,0x0000000026c80000)]
  0x000000002148f000 JavaThread "jar transforms Thread 33" [_thread_blocked, id=15388, stack(0x0000000026a80000,0x0000000026b80000)]
  0x000000002148d800 JavaThread "jar transforms Thread 32" [_thread_blocked, id=14308, stack(0x0000000026980000,0x0000000026a80000)]
  0x000000002148d000 JavaThread "jar transforms Thread 31" [_thread_blocked, id=3980, stack(0x0000000026880000,0x0000000026980000)]
  0x000000002148e800 JavaThread "jar transforms Thread 30" [_thread_blocked, id=6688, stack(0x0000000026780000,0x0000000026880000)]
  0x000000002197a800 JavaThread "jar transforms Thread 29" [_thread_blocked, id=15984, stack(0x0000000026680000,0x0000000026780000)]
  0x0000000021979800 JavaThread "jar transforms Thread 28" [_thread_blocked, id=12460, stack(0x0000000026580000,0x0000000026680000)]
  0x0000000021978000 JavaThread "jar transforms Thread 27" [_thread_blocked, id=15820, stack(0x0000000026480000,0x0000000026580000)]
  0x0000000021979000 JavaThread "jar transforms Thread 26" [_thread_blocked, id=13292, stack(0x0000000026380000,0x0000000026480000)]
  0x0000000021977800 JavaThread "jar transforms Thread 25" [_thread_blocked, id=13860, stack(0x0000000026280000,0x0000000026380000)]
  0x0000000021976800 JavaThread "jar transforms Thread 24" [_thread_blocked, id=14176, stack(0x0000000026180000,0x0000000026280000)]
  0x000000002197b000 JavaThread "jar transforms Thread 23" [_thread_blocked, id=15800, stack(0x0000000026080000,0x0000000026180000)]
  0x000000002197c000 JavaThread "jar transforms Thread 22" [_thread_blocked, id=12232, stack(0x0000000025f80000,0x0000000026080000)]
  0x0000000021976000 JavaThread "jar transforms Thread 21" [_thread_blocked, id=6820, stack(0x0000000025e80000,0x0000000025f80000)]
  0x0000000021970000 JavaThread "jar transforms Thread 20" [_thread_blocked, id=1876, stack(0x0000000025d80000,0x0000000025e80000)]
  0x0000000021975000 JavaThread "jar transforms Thread 19" [_thread_blocked, id=12392, stack(0x0000000025c80000,0x0000000025d80000)]
  0x000000002196d800 JavaThread "jar transforms Thread 18" [_thread_blocked, id=3024, stack(0x0000000025b80000,0x0000000025c80000)]
  0x0000000021971800 JavaThread "jar transforms Thread 17" [_thread_blocked, id=13584, stack(0x0000000025a80000,0x0000000025b80000)]
  0x000000002196e800 JavaThread "jar transforms Thread 16" [_thread_blocked, id=16104, stack(0x0000000025980000,0x0000000025a80000)]
  0x000000002196f000 JavaThread "jar transforms Thread 15" [_thread_blocked, id=3080, stack(0x0000000025880000,0x0000000025980000)]
  0x0000000021970800 JavaThread "jar transforms Thread 14" [_thread_blocked, id=8916, stack(0x0000000025780000,0x0000000025880000)]
  0x0000000021974800 JavaThread "jar transforms Thread 13" [_thread_blocked, id=17220, stack(0x0000000024400000,0x0000000024500000)]
  0x0000000021972000 JavaThread "jar transforms Thread 12" [_thread_blocked, id=16456, stack(0x0000000024300000,0x0000000024400000)]
  0x0000000021973800 JavaThread "jar transforms Thread 11" [_thread_blocked, id=8084, stack(0x0000000024200000,0x0000000024300000)]
  0x000000002196d000 JavaThread "jar transforms Thread 10" [_thread_blocked, id=13332, stack(0x0000000025680000,0x0000000025780000)]
  0x0000000021973000 JavaThread "jar transforms Thread 9" [_thread_blocked, id=16500, stack(0x0000000025580000,0x0000000025680000)]
  0x0000000020ec5000 JavaThread "jar transforms Thread 8" [_thread_blocked, id=7100, stack(0x0000000025480000,0x0000000025580000)]
  0x0000000020ec4000 JavaThread "jar transforms Thread 7" [_thread_blocked, id=15548, stack(0x0000000025380000,0x0000000025480000)]
  0x0000000020eca000 JavaThread "jar transforms Thread 6" [_thread_blocked, id=15692, stack(0x0000000025280000,0x0000000025380000)]
  0x0000000020ec9800 JavaThread "jar transforms Thread 5" [_thread_blocked, id=15128, stack(0x0000000025180000,0x0000000025280000)]
  0x0000000020ec5800 JavaThread "jar transforms Thread 4" [_thread_blocked, id=14772, stack(0x0000000025080000,0x0000000025180000)]
  0x0000000020ec8800 JavaThread "jar transforms Thread 3" [_thread_blocked, id=4116, stack(0x0000000024f80000,0x0000000025080000)]
  0x0000000020ec8000 JavaThread "jar transforms Thread 2" [_thread_blocked, id=10384, stack(0x0000000024e80000,0x0000000024f80000)]
  0x000000001c275800 JavaThread "Cache worker for file content cache (C:\Users\Apolo\.gradle\caches\6.5\fileContent)" [_thread_blocked, id=15096, stack(0x0000000022b30000,0x0000000022c30000)]
  0x000000001c274800 JavaThread "jar transforms" [_thread_blocked, id=8104, stack(0x0000000022a30000,0x0000000022b30000)]
  0x000000001c273000 JavaThread "Cache worker for execution history cache (C:\Users\Apolo\.gradle\caches\6.5\executionHistory)" [_thread_blocked, id=6708, stack(0x0000000022330000,0x0000000022430000)]
  0x000000001c272800 JavaThread "Cache worker for file hash cache (C:\Users\Apolo\.gradle\caches\6.5\fileHashes)" [_thread_blocked, id=9060, stack(0x000000001e760000,0x000000001e860000)]
  0x000000001c26f800 JavaThread "File lock request listener" [_thread_in_native, id=9376, stack(0x000000001e660000,0x000000001e760000)]
  0x000000001c5b4000 JavaThread "Cache worker for journal cache (C:\Users\Apolo\.gradle\caches\journal-1)" [_thread_blocked, id=12832, stack(0x000000001e560000,0x000000001e660000)]
  0x000000001c3f0000 JavaThread "Daemon worker" [_thread_blocked, id=16040, stack(0x000000001df60000,0x000000001e060000)]
  0x000000001c3a5800 JavaThread "Daemon" [_thread_blocked, id=2896, stack(0x000000001dc60000,0x000000001dd60000)]
  0x000000001c37a800 JavaThread "Daemon periodic checks" [_thread_blocked, id=16676, stack(0x000000001d960000,0x000000001da60000)]
  0x000000001c31c800 JavaThread "Incoming local TCP Connector on port 55173" [_thread_in_native, id=10332, stack(0x000000001d6f0000,0x000000001d7f0000)]
  0x000000001a747000 JavaThread "Daemon health stats" [_thread_blocked, id=15852, stack(0x000000001d0b0000,0x000000001d1b0000)]
  0x00000000198a4800 JavaThread "Service Thread" daemon [_thread_blocked, id=17188, stack(0x000000001a510000,0x000000001a610000)]
  0x0000000019819800 JavaThread "C1 CompilerThread3" daemon [_thread_blocked, id=9340, stack(0x000000001a410000,0x000000001a510000)]
  0x0000000019815800 JavaThread "C2 CompilerThread2" daemon [_thread_in_native, id=14880, stack(0x000000001a310000,0x000000001a410000)]
  0x0000000019813000 JavaThread "C2 CompilerThread1" daemon [_thread_in_vm, id=14836, stack(0x000000001a210000,0x000000001a310000)]
=>0x0000000019810000 JavaThread "C2 CompilerThread0" daemon [_thread_in_native, id=2608, stack(0x000000001a110000,0x000000001a210000)]
  0x000000001980f000 JavaThread "Attach Listener" daemon [_thread_blocked, id=10052, stack(0x000000001a010000,0x000000001a110000)]
  0x000000001980e000 JavaThread "Signal Dispatcher" daemon [_thread_blocked, id=16200, stack(0x0000000019f10000,0x000000001a010000)]
  0x0000000019800800 JavaThread "Finalizer" daemon [_thread_blocked, id=10796, stack(0x0000000019ce0000,0x0000000019de0000)]
  0x00000000179fc800 JavaThread "Reference Handler" daemon [_thread_blocked, id=15764, stack(0x0000000019be0000,0x0000000019ce0000)]
  0x000000000285d800 JavaThread "main" [_thread_blocked, id=9404, stack(0x0000000002750000,0x0000000002850000)]

Other Threads:
  0x00000000179f5800 VMThread [stack: 0x00000000196e0000,0x00000000197e0000] [id=11208]
  0x000000001983c000 WatcherThread [stack: 0x000000001a610000,0x000000001a710000] [id=15396]

VM state:not at safepoint (normal execution)

VM Mutex/Monitor currently owned by a thread: None

heap address: 0x0000000080000000, size: 2048 MB, Compressed Oops mode: 32-bit
Narrow klass base: 0x0000000000000000, Narrow klass shift: 3
Compressed class space size: 1073741824 Address: 0x0000000100000000

Heap:
 PSYoungGen      total 425472K, used 258758K [0x00000000d5580000, 0x00000000f2f80000, 0x0000000100000000)
  eden space 381440K, 67% used [0x00000000d5580000,0x00000000e52319b8,0x00000000eca00000)
  from space 44032K, 0% used [0x00000000eca00000,0x00000000eca00000,0x00000000ef500000)
  to   space 33280K, 0% used [0x00000000ef500000,0x00000000ef500000,0x00000000f1580000)
 ParOldGen       total 120320K, used 67727K [0x0000000080000000, 0x0000000087580000, 0x00000000d5580000)
  object space 120320K, 56% used [0x0000000080000000,0x0000000084223e78,0x0000000087580000)
 Metaspace       used 102086K, capacity 107264K, committed 110232K, reserved 1144832K
  class space    used 13309K, capacity 14292K, committed 15280K, reserved 1048576K

Card table byte_map: [0x0000000011d20000,0x0000000012130000] byte_map_base: 0x0000000011920000

Marking Bits: (ParMarkBitMap*) 0x000000006b19f030
 Begin Bits: [0x0000000012be0000, 0x0000000014be0000)
 End Bits:   [0x0000000014be0000, 0x0000000016be0000)

Polling page: 0x0000000000ee0000

CodeCache: size=245760Kb used=52970Kb max_used=52970Kb free=192789Kb
 bounds [0x0000000002960000, 0x0000000005d90000, 0x0000000011960000]
 total_blobs=17286 nmethods=16264 adapters=931
 compilation: enabled

Compilation events (10 events):
Event: 74.412 Thread 0x0000000019819800 20573       2       com.android.tools.r8.ir.conversion.N::a (84 bytes)
Event: 74.412 Thread 0x0000000019819800 nmethod 20573 0x0000000004b9b4d0 code [0x0000000004b9b680, 0x0000000004b9b9d8]
Event: 74.412 Thread 0x0000000019819800 20574       2       com.android.tools.r8.s.b.R0::<init> (18 bytes)
Event: 74.413 Thread 0x0000000019819800 nmethod 20574 0x0000000004331590 code [0x0000000004331700, 0x00000000043318c8]
Event: 74.429 Thread 0x0000000019819800 20576       2       com.android.tools.r8.q.a.a.b.n::size (49 bytes)
Event: 74.430 Thread 0x0000000019819800 nmethod 20576 0x0000000004e6de10 code [0x0000000004e6dfc0, 0x0000000004e6e308]
Event: 74.430 Thread 0x0000000019819800 20577       2       com.android.tools.r8.q.a.a.b.w::a (63 bytes)
Event: 74.431 Thread 0x0000000019819800 nmethod 20577 0x000000000571dfd0 code [0x000000000571e180, 0x000000000571e698]
Event: 74.431 Thread 0x0000000019819800 20578       2       com.android.tools.r8.q.a.a.b.s0::g (40 bytes)
Event: 74.432 Thread 0x0000000019819800 nmethod 20578 0x0000000004e6d950 code [0x0000000004e6dac0, 0x0000000004e6dd28]

GC Heap History (10 events):
Event: 42.799 GC heap before
{Heap before GC invocations=24 (full 3):
 PSYoungGen      total 414720K, used 269308K [0x00000000d5580000, 0x00000000f2f80000, 0x0000000100000000)
  eden space 381440K, 61% used [0x00000000d5580000,0x00000000e3c06400,0x00000000eca00000)
  from space 33280K, 99% used [0x00000000ef500000,0x00000000f1578e28,0x00000000f1580000)
  to   space 44032K, 0% used [0x00000000eca00000,0x00000000eca00000,0x00000000ef500000)
 ParOldGen       total 120320K, used 93095K [0x0000000080000000, 0x0000000087580000, 0x00000000d5580000)
  object space 120320K, 77% used [0x0000000080000000,0x0000000085ae9e98,0x0000000087580000)
 Metaspace       used 91730K, capacity 98488K, committed 98584K, reserved 1134592K
  class space    used 12495K, capacity 13835K, committed 13872K, reserved 1048576K
Event: 42.964 GC heap after
Heap after GC invocations=24 (full 3):
 PSYoungGen      total 425472K, used 29855K [0x00000000d5580000, 0x00000000f2f80000, 0x0000000100000000)
  eden space 381440K, 0% used [0x00000000d5580000,0x00000000d5580000,0x00000000eca00000)
  from space 44032K, 67% used [0x00000000eca00000,0x00000000ee727c18,0x00000000ef500000)
  to   space 33280K, 0% used [0x00000000ef500000,0x00000000ef500000,0x00000000f1580000)
 ParOldGen       total 120320K, used 97845K [0x0000000080000000, 0x0000000087580000, 0x00000000d5580000)
  object space 120320K, 81% used [0x0000000080000000,0x0000000085f8d598,0x0000000087580000)
 Metaspace       used 91730K, capacity 98488K, committed 98584K, reserved 1134592K
  class space    used 12495K, capacity 13835K, committed 13872K, reserved 1048576K
}
Event: 42.964 GC heap before
{Heap before GC invocations=25 (full 4):
 PSYoungGen      total 425472K, used 29855K [0x00000000d5580000, 0x00000000f2f80000, 0x0000000100000000)
  eden space 381440K, 0% used [0x00000000d5580000,0x00000000d5580000,0x00000000eca00000)
  from space 44032K, 67% used [0x00000000eca00000,0x00000000ee727c18,0x00000000ef500000)
  to   space 33280K, 0% used [0x00000000ef500000,0x00000000ef500000,0x00000000f1580000)
 ParOldGen       total 120320K, used 97845K [0x0000000080000000, 0x0000000087580000, 0x00000000d5580000)
  object space 120320K, 81% used [0x0000000080000000,0x0000000085f8d598,0x0000000087580000)
 Metaspace       used 91730K, capacity 98488K, committed 98584K, reserved 1134592K
  class space    used 12495K, capacity 13835K, committed 13872K, reserved 1048576K
Event: 43.636 GC heap after
Heap after GC invocations=25 (full 4):
 PSYoungGen      total 425472K, used 0K [0x00000000d5580000, 0x00000000f2f80000, 0x0000000100000000)
  eden space 381440K, 0% used [0x00000000d5580000,0x00000000d5580000,0x00000000eca00000)
  from space 44032K, 0% used [0x00000000eca00000,0x00000000eca00000,0x00000000ef500000)
  to   space 33280K, 0% used [0x00000000ef500000,0x00000000ef500000,0x00000000f1580000)
 ParOldGen       total 120320K, used 71519K [0x0000000080000000, 0x0000000087580000, 0x00000000d5580000)
  object space 120320K, 59% used [0x0000000080000000,0x00000000845d7cf8,0x0000000087580000)
 Metaspace       used 90091K, capacity 94748K, committed 98584K, reserved 1134592K
  class space    used 11904K, capacity 12773K, committed 13872K, reserved 1048576K
}
Event: 49.360 GC heap before
{Heap before GC invocations=26 (full 4):
 PSYoungGen      total 425472K, used 381250K [0x00000000d5580000, 0x00000000f2f80000, 0x0000000100000000)
  eden space 381440K, 99% used [0x00000000d5580000,0x00000000ec9d0ad8,0x00000000eca00000)
  from space 44032K, 0% used [0x00000000eca00000,0x00000000eca00000,0x00000000ef500000)
  to   space 33280K, 0% used [0x00000000ef500000,0x00000000ef500000,0x00000000f1580000)
 ParOldGen       total 120320K, used 71519K [0x0000000080000000, 0x0000000087580000, 0x00000000d5580000)
  object space 120320K, 59% used [0x0000000080000000,0x00000000845d7cf8,0x0000000087580000)
 Metaspace       used 94949K, capacity 99892K, committed 103448K, reserved 1138688K
  class space    used 12393K, capacity 13305K, committed 14384K, reserved 1048576K
Event: 49.410 GC heap after
Heap after GC invocations=26 (full 4):
 PSYoungGen      total 414720K, used 33257K [0x00000000d5580000, 0x00000000f2f80000, 0x0000000100000000)
  eden space 381440K, 0% used [0x00000000d5580000,0x00000000d5580000,0x00000000eca00000)
  from space 33280K, 99% used [0x00000000ef500000,0x00000000f157a540,0x00000000f1580000)
  to   space 44032K, 0% used [0x00000000eca00000,0x00000000eca00000,0x00000000ef500000)
 ParOldGen       total 120320K, used 88287K [0x0000000080000000, 0x0000000087580000, 0x00000000d5580000)
  object space 120320K, 73% used [0x0000000080000000,0x0000000085637ce0,0x0000000087580000)
 Metaspace       used 94949K, capacity 99892K, committed 103448K, reserved 1138688K
  class space    used 12393K, capacity 13305K, committed 14384K, reserved 1048576K
}
Event: 72.255 GC heap before
{Heap before GC invocations=27 (full 4):
 PSYoungGen      total 414720K, used 414697K [0x00000000d5580000, 0x00000000f2f80000, 0x0000000100000000)
  eden space 381440K, 100% used [0x00000000d5580000,0x00000000eca00000,0x00000000eca00000)
  from space 33280K, 99% used [0x00000000ef500000,0x00000000f157a540,0x00000000f1580000)
  to   space 44032K, 0% used [0x00000000eca00000,0x00000000eca00000,0x00000000ef500000)
 ParOldGen       total 120320K, used 88287K [0x0000000080000000, 0x0000000087580000, 0x00000000d5580000)
  object space 120320K, 73% used [0x0000000080000000,0x0000000085637ce0,0x0000000087580000)
 Metaspace       used 101264K, capacity 106300K, committed 109592K, reserved 1144832K
  class space    used 13197K, capacity 14162K, committed 15152K, reserved 1048576K
Event: 72.312 GC heap after
Heap after GC invocations=27 (full 4):
 PSYoungGen      total 425472K, used 44013K [0x00000000d5580000, 0x00000000f2f80000, 0x0000000100000000)
  eden space 381440K, 0% used [0x00000000d5580000,0x00000000d5580000,0x00000000eca00000)
  from space 44032K, 99% used [0x00000000eca00000,0x00000000ef4fb410,0x00000000ef500000)
  to   space 33280K, 0% used [0x00000000ef500000,0x00000000ef500000,0x00000000f1580000)
 ParOldGen       total 120320K, used 115401K [0x0000000080000000, 0x0000000087580000, 0x00000000d5580000)
  object space 120320K, 95% used [0x0000000080000000,0x00000000870b2790,0x0000000087580000)
 Metaspace       used 101264K, capacity 106300K, committed 109592K, reserved 1144832K
  class space    used 13197K, capacity 14162K, committed 15152K, reserved 1048576K
}
Event: 72.313 GC heap before
{Heap before GC invocations=28 (full 5):
 PSYoungGen      total 425472K, used 44013K [0x00000000d5580000, 0x00000000f2f80000, 0x0000000100000000)
  eden space 381440K, 0% used [0x00000000d5580000,0x00000000d5580000,0x00000000eca00000)
  from space 44032K, 99% used [0x00000000eca00000,0x00000000ef4fb410,0x00000000ef500000)
  to   space 33280K, 0% used [0x00000000ef500000,0x00000000ef500000,0x00000000f1580000)
 ParOldGen       total 120320K, used 115401K [0x0000000080000000, 0x0000000087580000, 0x00000000d5580000)
  object space 120320K, 95% used [0x0000000080000000,0x00000000870b2790,0x0000000087580000)
 Metaspace       used 101264K, capacity 106300K, committed 109592K, reserved 1144832K
  class space    used 13197K, capacity 14162K, committed 15152K, reserved 1048576K
Event: 73.402 GC heap after
Heap after GC invocations=28 (full 5):
 PSYoungGen      total 425472K, used 0K [0x00000000d5580000, 0x00000000f2f80000, 0x0000000100000000)
  eden space 381440K, 0% used [0x00000000d5580000,0x00000000d5580000,0x00000000eca00000)
  from space 44032K, 0% used [0x00000000eca00000,0x00000000eca00000,0x00000000ef500000)
  to   space 33280K, 0% used [0x00000000ef500000,0x00000000ef500000,0x00000000f1580000)
 ParOldGen       total 120320K, used 67727K [0x0000000080000000, 0x0000000087580000, 0x00000000d5580000)
  object space 120320K, 56% used [0x0000000080000000,0x0000000084223e78,0x0000000087580000)
 Metaspace       used 101256K, capacity 106288K, committed 109592K, reserved 1144832K
  class space    used 13196K, capacity 14160K, committed 15152K, reserved 1048576K
}

Deoptimization events (10 events):
Event: 73.855 Thread 0x0000000030980000 Uncommon trap: reason=array_check action=maybe_recompile pc=0x000000000549a5fc method=java.util.TimSort.mergeHi(IIII)V @ 101
Event: 73.856 Thread 0x0000000030980000 Uncommon trap: reason=unstable_if action=reinterpret pc=0x0000000005c94304 method=com.android.tools.r8.dex.r.c()Lcom/android/tools/r8/dex/r$a; @ 753
Event: 73.867 Thread 0x0000000030987800 Uncommon trap: reason=array_check action=maybe_recompile pc=0x000000000549a5fc method=java.util.TimSort.mergeHi(IIII)V @ 101
Event: 73.867 Thread 0x0000000030987800 Uncommon trap: reason=array_check action=maybe_recompile pc=0x000000000554e694 method=java.util.TimSort.mergeLo(IIII)V @ 81
Event: 73.867 Thread 0x0000000030987800 Uncommon trap: reason=array_check action=maybe_recompile pc=0x000000000549a5fc method=java.util.TimSort.mergeHi(IIII)V @ 101
Event: 73.867 Thread 0x0000000030987800 Uncommon trap: reason=array_check action=maybe_recompile pc=0x000000000554e694 method=java.util.TimSort.mergeLo(IIII)V @ 81
Event: 73.867 Thread 0x0000000030987800 Uncommon trap: reason=array_check action=maybe_recompile pc=0x000000000554e694 method=java.util.TimSort.mergeLo(IIII)V @ 81
Event: 73.935 Thread 0x0000000030987000 Uncommon trap: reason=null_check action=make_not_entrant pc=0x0000000004e71490 method=com.android.tools.r8.s.a.p.a.a(Lcom/android/tools/r8/s/a/p/l;)Lcom/android/tools/r8/s/a/p/o; @ 8
Event: 73.955 Thread 0x0000000030987000 Uncommon trap: reason=null_check action=make_not_entrant pc=0x0000000004e901e0 method=com.android.tools.r8.s.a.p.a.a(Lcom/android/tools/r8/s/a/p/l;)Lcom/android/tools/r8/s/a/p/o; @ 8
Event: 74.304 Thread 0x0000000030987000 Uncommon trap: reason=unstable_if action=reinterpret pc=0x000000000426d410 method=java.util.stream.SpinedBuffer.clear()V @ 4

Classes redefined (0 events):
No events

Internal exceptions (10 events):
Event: 73.699 Thread 0x00000000206a0000 Exception <a 'sun/nio/fs/WindowsException'> (0x00000000d6eac8b8) thrown at [C:\src\AOSP-openjdk-git\hotspot\src\share\vm\prims\jni.cpp, line 710]
Event: 73.699 Thread 0x00000000206a0000 Exception <a 'sun/nio/fs/WindowsException'> (0x00000000d6ead920) thrown at [C:\src\AOSP-openjdk-git\hotspot\src\share\vm\prims\jni.cpp, line 710]
Event: 73.705 Thread 0x0000000020ecb000 Exception <a 'sun/nio/fs/WindowsException'> (0x00000000d70de210) thrown at [C:\src\AOSP-openjdk-git\hotspot\src\share\vm\prims\jni.cpp, line 710]
Event: 73.748 Thread 0x00000000206a3000 Exception <a 'sun/nio/fs/WindowsException'> (0x00000000d7219f10) thrown at [C:\src\AOSP-openjdk-git\hotspot\src\share\vm\prims\jni.cpp, line 710]
Event: 73.794 Thread 0x0000000020ec3800 Exception <a 'sun/nio/fs/WindowsException'> (0x00000000d84157a8) thrown at [C:\src\AOSP-openjdk-git\hotspot\src\share\vm\prims\jni.cpp, line 710]
Event: 73.872 Thread 0x0000000030987000 Exception <a 'sun/nio/fs/WindowsException'> (0x00000000da290e20) thrown at [C:\src\AOSP-openjdk-git\hotspot\src\share\vm\prims\jni.cpp, line 710]
Event: 73.935 Thread 0x0000000030987000 Implicit null exception at 0x0000000004e7093b to 0x0000000004e71485
Event: 73.943 Thread 0x0000000030987000 Implicit null exception at 0x0000000004e8f7ef to 0x0000000004e901d5
Event: 74.006 Thread 0x000000001cada000 Exception <a 'sun/nio/fs/WindowsException'> (0x00000000dd45e7a8) thrown at [C:\src\AOSP-openjdk-git\hotspot\src\share\vm\prims\jni.cpp, line 710]
Event: 74.014 Thread 0x0000000020ec6800 Exception <a 'sun/nio/fs/WindowsException'> (0x00000000dd9d0598) thrown at [C:\src\AOSP-openjdk-git\hotspot\src\share\vm\prims\jni.cpp, line 710]

Events (10 events):
Event: 74.380 Thread 0x000000001cada000 DEOPT PACKING pc=0x00000000047176d5 sp=0x000000003316c670
Event: 74.380 Thread 0x000000001cada000 DEOPT UNPACKING pc=0x00000000029a75d0 sp=0x000000003316c4b8 mode 0
Event: 74.395 Thread 0x0000000020ec6800 DEOPT PACKING pc=0x00000000047179de sp=0x000000002f00cac0
Event: 74.395 Thread 0x0000000020ec6800 DEOPT UNPACKING pc=0x00000000029a75d0 sp=0x000000002f00c910 mode 0
Event: 74.400 Thread 0x0000000030987000 DEOPT PACKING pc=0x00000000047a333b sp=0x000000002f30bbe0
Event: 74.400 Thread 0x0000000030987000 DEOPT UNPACKING pc=0x00000000029a75d0 sp=0x000000002f30bc28 mode 0
Event: 74.416 Thread 0x000000001cada000 DEOPT PACKING pc=0x00000000048174cd sp=0x000000003316c670
Event: 74.416 Thread 0x000000001cada000 DEOPT UNPACKING pc=0x00000000029a75d0 sp=0x000000003316c7c0 mode 0
Event: 74.426 Thread 0x0000000030987000 DEOPT PACKING pc=0x00000000047a333b sp=0x000000002f30bbe0
Event: 74.426 Thread 0x0000000030987000 DEOPT UNPACKING pc=0x00000000029a75d0 sp=0x000000002f30bc28 mode 0


Dynamic libraries:
0x00007ff65d2d0000 - 0x00007ff65d301000 	C:\Program Files\Android\Android Studio\jre\bin\java.exe
0x00007fff7da90000 - 0x00007fff7dc85000 	C:\WINDOWS\SYSTEM32\ntdll.dll
0x00007fff7ce00000 - 0x00007fff7cebd000 	C:\WINDOWS\System32\KERNEL32.DLL
0x00007fff7b620000 - 0x00007fff7b8e9000 	C:\WINDOWS\System32\KERNELBASE.dll
0x00007fff7d450000 - 0x00007fff7d4fc000 	C:\WINDOWS\System32\ADVAPI32.dll
0x00007fff7cca0000 - 0x00007fff7cd3e000 	C:\WINDOWS\System32\msvcrt.dll
0x00007fff7bb10000 - 0x00007fff7bbac000 	C:\WINDOWS\System32\sechost.dll
0x00007fff7cf40000 - 0x00007fff7d06b000 	C:\WINDOWS\System32\RPCRT4.dll
0x00007fff7d8b0000 - 0x00007fff7da50000 	C:\WINDOWS\System32\USER32.dll
0x00007fff7b4f0000 - 0x00007fff7b512000 	C:\WINDOWS\System32\win32u.dll
0x00007fff7d500000 - 0x00007fff7d52a000 	C:\WINDOWS\System32\GDI32.dll
0x00007fff7b380000 - 0x00007fff7b48b000 	C:\WINDOWS\System32\gdi32full.dll
0x00007fff7b8f0000 - 0x00007fff7b98d000 	C:\WINDOWS\System32\msvcp_win.dll
0x00007fff7b520000 - 0x00007fff7b620000 	C:\WINDOWS\System32\ucrtbase.dll
0x00007fff5b7f0000 - 0x00007fff5ba8a000 	C:\WINDOWS\WinSxS\amd64_microsoft.windows.common-controls_6595b64144ccf1df_6.0.19041.844_none_ca00b6081b84eb1d\COMCTL32.dll
0x00007fff7cdd0000 - 0x00007fff7ce00000 	C:\WINDOWS\System32\IMM32.DLL
0x000000006a8f0000 - 0x000000006a9c2000 	C:\Program Files\Android\Android Studio\jre\jre\bin\msvcr100.dll
0x000000006a9d0000 - 0x000000006b21b000 	C:\Program Files\Android\Android Studio\jre\jre\bin\server\jvm.dll
0x00007fff7cec0000 - 0x00007fff7cec8000 	C:\WINDOWS\System32\PSAPI.DLL
0x00007fff58ec0000 - 0x00007fff58ec9000 	C:\WINDOWS\SYSTEM32\WSOCK32.dll
0x00007fff60880000 - 0x00007fff608a7000 	C:\WINDOWS\SYSTEM32\WINMM.dll
0x00007fff7d530000 - 0x00007fff7d59b000 	C:\WINDOWS\System32\WS2_32.dll
0x00007fff7ad60000 - 0x00007fff7ad6a000 	C:\WINDOWS\SYSTEM32\VERSION.dll
0x00007fff68c90000 - 0x00007fff68c9f000 	C:\Program Files\Android\Android Studio\jre\jre\bin\verify.dll
0x00007fff34640000 - 0x00007fff34669000 	C:\Program Files\Android\Android Studio\jre\jre\bin\java.dll
0x00007fff45be0000 - 0x00007fff45bf6000 	C:\Program Files\Android\Android Studio\jre\jre\bin\zip.dll
0x00007fff7c3a0000 - 0x00007fff7cae2000 	C:\WINDOWS\System32\SHELL32.dll
0x00007fff78f00000 - 0x00007fff79690000 	C:\WINDOWS\SYSTEM32\windows.storage.dll
0x00007fff7d0f0000 - 0x00007fff7d445000 	C:\WINDOWS\System32\combase.dll
0x00007fff7abd0000 - 0x00007fff7abfc000 	C:\WINDOWS\SYSTEM32\Wldp.dll
0x00007fff7bda0000 - 0x00007fff7be4e000 	C:\WINDOWS\System32\SHCORE.dll
0x00007fff7d720000 - 0x00007fff7d775000 	C:\WINDOWS\System32\shlwapi.dll
0x00007fff7b110000 - 0x00007fff7b12f000 	C:\WINDOWS\SYSTEM32\profapi.dll
0x00007fff384b0000 - 0x00007fff384ca000 	C:\Program Files\Android\Android Studio\jre\jre\bin\net.dll
0x00007fff7a950000 - 0x00007fff7a9ba000 	C:\WINDOWS\system32\mswsock.dll
0x00007fff35110000 - 0x00007fff35123000 	C:\Program Files\Android\Android Studio\jre\jre\bin\nio.dll
0x00007fff23180000 - 0x00007fff231a7000 	C:\Users\Apolo\.gradle\native\f6784746aeab05261644944871eae4fe03e0ef1612fff0a4a95f87b438bc6780\windows-amd64\native-platform.dll
0x00007fff68060000 - 0x00007fff6806d000 	C:\Program Files\Android\Android Studio\jre\jre\bin\management.dll
0x00007fff7ab20000 - 0x00007fff7ab38000 	C:\WINDOWS\SYSTEM32\CRYPTSP.dll
0x00007fff7a280000 - 0x00007fff7a2b4000 	C:\WINDOWS\system32\rsaenh.dll
0x00007fff7b2a0000 - 0x00007fff7b2c7000 	C:\WINDOWS\System32\bcrypt.dll
0x00007fff7b0d0000 - 0x00007fff7b0fe000 	C:\WINDOWS\SYSTEM32\USERENV.dll
0x00007fff7b220000 - 0x00007fff7b2a0000 	C:\WINDOWS\System32\bcryptprimitives.dll
0x00007fff7ab40000 - 0x00007fff7ab4c000 	C:\WINDOWS\SYSTEM32\CRYPTBASE.dll
0x00007fff7a5f0000 - 0x00007fff7a62b000 	C:\WINDOWS\SYSTEM32\IPHLPAPI.DLL
0x00007fff7c390000 - 0x00007fff7c398000 	C:\WINDOWS\System32\NSI.dll
0x00007fff6f9c0000 - 0x00007fff6f9d7000 	C:\WINDOWS\SYSTEM32\dhcpcsvc6.DLL
0x00007fff70070000 - 0x00007fff7008d000 	C:\WINDOWS\SYSTEM32\dhcpcsvc.DLL
0x00007fff7a630000 - 0x00007fff7a6fb000 	C:\WINDOWS\SYSTEM32\DNSAPI.dll
0x00007fff70660000 - 0x00007fff7066b000 	C:\WINDOWS\SYSTEM32\WINNSI.DLL
0x00007fff23860000 - 0x00007fff239fc000 	C:\Program Files\Android\Android Studio\jre\jre\bin\awt.dll
0x00007fff7c2c0000 - 0x00007fff7c38d000 	C:\WINDOWS\System32\OLEAUT32.dll
0x00007fff742e0000 - 0x00007fff748a0000 	C:\WINDOWS\SYSTEM32\d2d1.dll
0x00007fff78b40000 - 0x00007fff78b6f000 	C:\WINDOWS\SYSTEM32\dwmapi.dll
0x00007fff75630000 - 0x00007fff756c0000 	C:\WINDOWS\SYSTEM32\apphelp.dll
0x00007fff78780000 - 0x00007fff7881e000 	C:\WINDOWS\system32\uxtheme.dll

VM Arguments:
jvm_args: -Xmx2048m -Dfile.encoding=windows-1252 -Duser.country=ES -Duser.language=es -Duser.variant 
java_command: org.gradle.launcher.daemon.bootstrap.GradleDaemon 6.5
java_class_path (initial): C:\Users\Apolo\.gradle\wrapper\dists\gradle-6.5-bin\6nifqtx7604sqp1q6g8wikw7p\gradle-6.5\lib\gradle-launcher-6.5.jar
Launcher Type: SUN_STANDARD

Environment Variables:
PATH=C:\Program Files\Common Files\Oracle\Java\javapath;C:\Program Files (x86)\Common Files\Oracle\Java\javapath;C:\orant\bin;C:\WINDOWS\system32;C:\WINDOWS;C:\WINDOWS\System32\Wbem;C:\WINDOWS\System32\WindowsPowerShell\v1.0\;C:\WINDOWS\System32\OpenSSH\;C:\orant\jdk\bin;C:\Program Files (x86)\Intel\Intel(R) Memory And Storage Tool\;C:\Program Files\Git\cmd;C:\Program Files\nodejs\;C:\instantclient_12_1\;C:\Users\Apolo\AppData\Local\Microsoft\WindowsApps;C:\Users\Apolo\AppData\Local\Programs\Microsoft VS Code\bin;C:\Users\Apolo\AppData\Roaming\npm;C:\Users\Apolo\AppData\Local\atom\bin;
USERNAME=Apolo
OS=Windows_NT
PROCESSOR_IDENTIFIER=Intel64 Family 6 Model 126 Stepping 5, GenuineIntel



---------------  S Y S T E M  ---------------

OS: Windows 10.0 , 64 bit Build 19041 (10.0.19041.804)

CPU:total 8 (initial active 8) (4 cores per cpu, 2 threads per core) family 6 model 126 stepping 5, cmov, cx8, fxsr, mmx, sse, sse2, sse3, ssse3, sse4.1, sse4.2, popcnt, avx, avx2, aes, clmul, erms, 3dnowpref, lzcnt, ht, tsc, tscinvbit, bmi1, bmi2, adx

Memory: 4k page, physical 8165048k(288556k free), swap 11736884k(888k free)

vm_info: OpenJDK 64-Bit Server VM (25.242-b01) for windows-amd64 JRE (1.8.0_242-release-1644-b01), built by "builder" with MS VC++ 10.0 (VS2010)

time: Tue Mar 30 16:26:01 2021
timezone: Hora estndar de Paraguay
elapsed time: 74 seconds (0d 0h 1m 14s)

