#
# There is insufficient memory for the Java Runtime Environment to continue.
# Native memory allocation (malloc) failed to allocate 1175120 bytes for Chunk::new
# Possible reasons:
#   The system is out of physical RAM or swap space
#   The process is running with CompressedOops enabled, and the Java Heap may be blocking the growth of the native heap
# Possible solutions:
#   Reduce memory load on the system
#   Increase physical memory or swap space
#   Check if swap backing store is full
#   Decrease Java heap size (-Xmx/-Xms)
#   Decrease number of Java threads
#   Decrease Java thread stack sizes (-Xss)
#   Set larger code cache with -XX:ReservedCodeCacheSize=
#   JVM is running with Unscaled Compressed Oops mode in which the Java heap is
#     placed in the first 4GB address space. The Java Heap base address is the
#     maximum limit for the native heap growth. Please use -XX:HeapBaseMinAddress
#     to set the Java Heap base and to place the Java Heap above 4GB virtual address.
# This output file may be truncated or incomplete.
#
#  Out of Memory Error (allocation.cpp:389), pid=26116, tid=0x00000000000063d8
#
# JRE version: OpenJDK Runtime Environment (8.0_242-b01) (build 1.8.0_242-release-1644-b01)
# Java VM: OpenJDK 64-Bit Server VM (25.242-b01 mixed mode windows-amd64 compressed oops)
# Failed to write core dump. Minidumps are not enabled by default on client versions of Windows
#

---------------  T H R E A D  ---------------

Current thread (0x0000000019938000):  JavaThread "C2 CompilerThread2" daemon [_thread_in_native, id=25560, stack(0x000000001a420000,0x000000001a520000)]

Stack: [0x000000001a420000,0x000000001a520000]
[error occurred during error reporting (printing stack bounds), id 0xc0000005]

Native frames: (J=compiled Java code, j=interpreted, Vv=VM code, C=native code)


Current CompileTask:
C2: 305769 14999 % !   4       com.android.tools.r8.dex.r::c @ 803 (2729 bytes)


---------------  P R O C E S S  ---------------

Java Threads: ( => current thread )
  0x000000001b1a7000 JavaThread "WorkerExecutor Queue Thread 6" [_thread_blocked, id=10440, stack(0x0000000032c00000,0x0000000032d00000)]
  0x000000001b1a8000 JavaThread "WorkerExecutor Queue Thread 5" [_thread_blocked, id=12120, stack(0x0000000031590000,0x0000000031690000)]
  0x000000001aeb7800 JavaThread "WorkerExecutor Queue Thread 4" [_thread_blocked, id=26956, stack(0x0000000031490000,0x0000000031590000)]
  0x000000001aeb7000 JavaThread "WorkerExecutor Queue Thread 3" [_thread_blocked, id=21528, stack(0x0000000031390000,0x0000000031490000)]
  0x000000001aeb6000 JavaThread "WorkerExecutor Queue Thread 2" [_thread_blocked, id=11828, stack(0x0000000031290000,0x0000000031390000)]
  0x000000001aeb5800 JavaThread "WorkerExecutor Queue" [_thread_blocked, id=26952, stack(0x0000000031190000,0x0000000031290000)]
  0x000000001aeb9000 JavaThread "Cache worker for Java compile cache (C:\Android\Proyecto\VendedoresKT\ApoloVendedor\.gradle\6.5\javaCompile)" [_thread_blocked, id=26936, stack(0x00000000309e0000,0x0000000030ae0000)]
  0x000000001aeb8800 JavaThread "Cache worker for Java compile cache (C:\Users\Apolo\.gradle\caches\6.5\javaCompile)" [_thread_blocked, id=17652, stack(0x00000000308e0000,0x00000000309e0000)]
  0x000000001aeae000 JavaThread "RMI TCP Connection(1)-127.0.0.1" daemon [_thread_in_native, id=25088, stack(0x00000000307e0000,0x00000000308e0000)]
  0x000000001aeb4800 JavaThread "RMI Reaper" [_thread_blocked, id=25636, stack(0x00000000306e0000,0x00000000307e0000)]
  0x000000001aeb4000 JavaThread "RMI TCP Accept-0" daemon [_thread_in_native, id=24936, stack(0x000000002fde0000,0x000000002fee0000)]
  0x000000001aeb3000 JavaThread "GC Daemon" daemon [_thread_blocked, id=11808, stack(0x000000002fa90000,0x000000002fb90000)]
  0x000000001aeb2800 JavaThread "RMI RenewClean-[127.0.0.1:17134,org.jetbrains.kotlin.daemon.common.LoopbackNetworkInterface$ClientLoopbackSocketFactory@60438212]" daemon [_thread_blocked, id=7952, stack(0x000000002f190000,0x000000002f290000)]
  0x000000001aeab000 JavaThread "RMI Scheduler(0)" daemon [_thread_blocked, id=19600, stack(0x000000002f090000,0x000000002f190000)]
  0x000000001aead000 JavaThread "Cache worker for execution history cache (C:\Android\Proyecto\VendedoresKT\ApoloVendedor\.gradle\6.5\executionHistory)" [_thread_blocked, id=25012, stack(0x000000002ef90000,0x000000002f090000)]
  0x000000001bae1800 JavaThread "Cache worker for file content cache (C:\Android\Proyecto\VendedoresKT\ApoloVendedor\.gradle\6.5\fileContent)" [_thread_blocked, id=19948, stack(0x000000002bb20000,0x000000002bc20000)]
  0x000000001bae0800 JavaThread "Cache worker for Build Output Cleanup Cache (C:\Android\Proyecto\VendedoresKT\ApoloVendedor\.gradle\buildOutputCleanup)" [_thread_blocked, id=22244, stack(0x000000002ba20000,0x000000002bb20000)]
  0x000000001bae4800 JavaThread "jar transforms Thread 226" [_thread_blocked, id=12176, stack(0x000000002b920000,0x000000002ba20000)]
  0x000000001bade800 JavaThread "jar transforms Thread 225" [_thread_blocked, id=26504, stack(0x000000002b820000,0x000000002b920000)]
  0x000000001bae3800 JavaThread "jar transforms Thread 224" [_thread_blocked, id=19828, stack(0x000000002b720000,0x000000002b820000)]
  0x000000001bae3000 JavaThread "jar transforms Thread 223" [_thread_blocked, id=18668, stack(0x000000002b620000,0x000000002b720000)]
  0x000000001bae0000 JavaThread "jar transforms Thread 222" [_thread_blocked, id=5528, stack(0x000000002b520000,0x000000002b620000)]
  0x000000001bae2000 JavaThread "jar transforms Thread 221" [_thread_blocked, id=17528, stack(0x000000002b420000,0x000000002b520000)]
  0x0000000020882800 JavaThread "jar transforms Thread 220" [_thread_blocked, id=26036, stack(0x000000002b320000,0x000000002b420000)]
  0x000000002087d800 JavaThread "jar transforms Thread 219" [_thread_blocked, id=15256, stack(0x000000002b220000,0x000000002b320000)]
  0x000000002087c800 JavaThread "jar transforms Thread 218" [_thread_blocked, id=25816, stack(0x000000002b120000,0x000000002b220000)]
  0x0000000020881000 JavaThread "jar transforms Thread 217" [_thread_blocked, id=14272, stack(0x000000002b020000,0x000000002b120000)]
  0x0000000020880800 JavaThread "jar transforms Thread 216" [_thread_blocked, id=864, stack(0x000000002af20000,0x000000002b020000)]
  0x000000002087e000 JavaThread "jar transforms Thread 215" [_thread_blocked, id=26188, stack(0x000000002ae20000,0x000000002af20000)]
  0x000000002087f800 JavaThread "jar transforms Thread 214" [_thread_blocked, id=22008, stack(0x000000002ad20000,0x000000002ae20000)]
  0x000000002087c000 JavaThread "jar transforms Thread 213" [_thread_blocked, id=20084, stack(0x000000002ac20000,0x000000002ad20000)]
  0x0000000020882000 JavaThread "jar transforms Thread 212" [_thread_blocked, id=7160, stack(0x000000002ab20000,0x000000002ac20000)]
  0x000000002087f000 JavaThread "jar transforms Thread 211" [_thread_blocked, id=8308, stack(0x000000002aa20000,0x000000002ab20000)]
  0x0000000022032000 JavaThread "jar transforms Thread 210" [_thread_blocked, id=19912, stack(0x000000002a920000,0x000000002aa20000)]
  0x0000000022036000 JavaThread "jar transforms Thread 209" [_thread_blocked, id=21140, stack(0x000000002a820000,0x000000002a920000)]
  0x0000000022037000 JavaThread "jar transforms Thread 208" [_thread_blocked, id=20900, stack(0x000000002a720000,0x000000002a820000)]
  0x0000000022030800 JavaThread "jar transforms Thread 207" [_thread_blocked, id=6444, stack(0x000000002a620000,0x000000002a720000)]
  0x0000000022035800 JavaThread "jar transforms Thread 206" [_thread_blocked, id=11628, stack(0x000000002a520000,0x000000002a620000)]
  0x0000000022034800 JavaThread "jar transforms Thread 205" [_thread_blocked, id=26552, stack(0x000000002a420000,0x000000002a520000)]
  0x0000000022037800 JavaThread "jar transforms Thread 204" [_thread_blocked, id=10696, stack(0x000000002a320000,0x000000002a420000)]
  0x0000000022033000 JavaThread "jar transforms Thread 203" [_thread_blocked, id=24024, stack(0x000000002a220000,0x000000002a320000)]
  0x0000000022031800 JavaThread "jar transforms Thread 202" [_thread_blocked, id=25096, stack(0x000000002a120000,0x000000002a220000)]
  0x0000000022030000 JavaThread "jar transforms Thread 201" [_thread_blocked, id=17088, stack(0x000000002a020000,0x000000002a120000)]
  0x0000000022034000 JavaThread "jar transforms Thread 200" [_thread_blocked, id=22892, stack(0x0000000029f20000,0x000000002a020000)]
  0x0000000022028800 JavaThread "jar transforms Thread 199" [_thread_blocked, id=25216, stack(0x0000000029e20000,0x0000000029f20000)]
  0x000000002202f000 JavaThread "jar transforms Thread 198" [_thread_blocked, id=18152, stack(0x0000000029d20000,0x0000000029e20000)]
  0x000000002202e800 JavaThread "jar transforms Thread 197" [_thread_blocked, id=25596, stack(0x0000000029c20000,0x0000000029d20000)]
  0x000000002202d800 JavaThread "jar transforms Thread 196" [_thread_blocked, id=12720, stack(0x0000000029b20000,0x0000000029c20000)]
  0x000000002202c000 JavaThread "jar transforms Thread 195" [_thread_blocked, id=18280, stack(0x0000000029a20000,0x0000000029b20000)]
  0x000000002202a800 JavaThread "jar transforms Thread 194" [_thread_blocked, id=8780, stack(0x0000000029920000,0x0000000029a20000)]
  0x000000002202a000 JavaThread "jar transforms Thread 193" [_thread_blocked, id=20692, stack(0x0000000029820000,0x0000000029920000)]
  0x000000002202b800 JavaThread "jar transforms Thread 192" [_thread_blocked, id=24768, stack(0x0000000029720000,0x0000000029820000)]
  0x000000002202d000 JavaThread "jar transforms Thread 191" [_thread_blocked, id=8456, stack(0x0000000029620000,0x0000000029720000)]
  0x0000000022029000 JavaThread "jar transforms Thread 190" [_thread_blocked, id=22888, stack(0x0000000029520000,0x0000000029620000)]
  0x000000001cc49800 JavaThread "jar transforms Thread 189" [_thread_blocked, id=22640, stack(0x0000000029420000,0x0000000029520000)]
  0x000000001cc48800 JavaThread "jar transforms Thread 188" [_thread_blocked, id=20264, stack(0x0000000029320000,0x0000000029420000)]
  0x000000001cc47000 JavaThread "jar transforms Thread 187" [_thread_blocked, id=25356, stack(0x0000000029220000,0x0000000029320000)]
  0x000000001cc4b000 JavaThread "jar transforms Thread 186" [_thread_blocked, id=26448, stack(0x0000000029120000,0x0000000029220000)]
  0x000000001cc4b800 JavaThread "jar transforms Thread 185" [_thread_blocked, id=24732, stack(0x0000000029020000,0x0000000029120000)]
  0x000000001cc46800 JavaThread "jar transforms Thread 184" [_thread_blocked, id=25468, stack(0x0000000028f20000,0x0000000029020000)]
  0x000000001cc45800 JavaThread "jar transforms Thread 183" [_thread_blocked, id=8388, stack(0x0000000028e20000,0x0000000028f20000)]
  0x000000001cc45000 JavaThread "jar transforms Thread 182" [_thread_blocked, id=26404, stack(0x0000000028d20000,0x0000000028e20000)]
  0x000000001cc48000 JavaThread "jar transforms Thread 181" [_thread_blocked, id=12996, stack(0x0000000028c20000,0x0000000028d20000)]
  0x000000001cc4a000 JavaThread "jar transforms Thread 180" [_thread_blocked, id=18140, stack(0x0000000028b20000,0x0000000028c20000)]
  0x000000001cc3d800 JavaThread "jar transforms Thread 179" [_thread_blocked, id=24712, stack(0x0000000028a20000,0x0000000028b20000)]
  0x000000001cc44000 JavaThread "jar transforms Thread 178" [_thread_blocked, id=27116, stack(0x0000000028920000,0x0000000028a20000)]
  0x000000001cc42000 JavaThread "jar transforms Thread 177" [_thread_blocked, id=16444, stack(0x0000000028820000,0x0000000028920000)]
  0x000000001cc43800 JavaThread "jar transforms Thread 176" [_thread_blocked, id=9924, stack(0x0000000028720000,0x0000000028820000)]
  0x000000001cc42800 JavaThread "jar transforms Thread 175" [_thread_blocked, id=16696, stack(0x0000000028620000,0x0000000028720000)]
  0x000000001cc41000 JavaThread "jar transforms Thread 174" [_thread_blocked, id=16764, stack(0x0000000028520000,0x0000000028620000)]
  0x000000001cc3f000 JavaThread "jar transforms Thread 173" [_thread_blocked, id=25204, stack(0x0000000028420000,0x0000000028520000)]
  0x000000001cc3e000 JavaThread "jar transforms Thread 172" [_thread_blocked, id=22084, stack(0x0000000028320000,0x0000000028420000)]
  0x000000001cc3c800 JavaThread "jar transforms Thread 171" [_thread_blocked, id=13896, stack(0x0000000028220000,0x0000000028320000)]
  0x000000001cc40800 JavaThread "jar transforms Thread 170" [_thread_blocked, id=5284, stack(0x0000000028120000,0x0000000028220000)]
  0x000000001cc3f800 JavaThread "jar transforms Thread 169" [_thread_blocked, id=27120, stack(0x0000000028020000,0x0000000028120000)]
  0x000000001c486800 JavaThread "jar transforms Thread 168" [_thread_blocked, id=17968, stack(0x0000000027f20000,0x0000000028020000)]
  0x000000001c48a000 JavaThread "jar transforms Thread 167" [_thread_blocked, id=23940, stack(0x0000000027e20000,0x0000000027f20000)]
  0x000000001c488000 JavaThread "jar transforms Thread 166" [_thread_blocked, id=22536, stack(0x0000000027d20000,0x0000000027e20000)]
  0x000000001c489800 JavaThread "jar transforms Thread 165" [_thread_blocked, id=5500, stack(0x0000000027c20000,0x0000000027d20000)]
  0x000000001c485800 JavaThread "jar transforms Thread 164" [_thread_blocked, id=25996, stack(0x0000000027b20000,0x0000000027c20000)]
  0x0000000023823000 JavaThread "jar transforms Thread 163" [_thread_blocked, id=26364, stack(0x0000000027a20000,0x0000000027b20000)]
  0x0000000023820800 JavaThread "jar transforms Thread 162" [_thread_blocked, id=9256, stack(0x0000000027920000,0x0000000027a20000)]
  0x0000000023827800 JavaThread "jar transforms Thread 161" [_thread_blocked, id=20460, stack(0x0000000027820000,0x0000000027920000)]
  0x0000000023820000 JavaThread "jar transforms Thread 160" [_thread_blocked, id=26344, stack(0x0000000027720000,0x0000000027820000)]
  0x0000000023823800 JavaThread "jar transforms Thread 159" [_thread_blocked, id=26324, stack(0x0000000027520000,0x0000000027620000)]
  0x0000000023826000 JavaThread "jar transforms Thread 158" [_thread_blocked, id=8996, stack(0x0000000027420000,0x0000000027520000)]
  0x0000000023818800 JavaThread "jar transforms Thread 157" [_thread_blocked, id=25708, stack(0x0000000027320000,0x0000000027420000)]
  0x000000002381f000 JavaThread "jar transforms Thread 156" [_thread_blocked, id=5836, stack(0x0000000027220000,0x0000000027320000)]
  0x000000002381e800 JavaThread "jar transforms Thread 155" [_thread_blocked, id=25960, stack(0x0000000027120000,0x0000000027220000)]
  0x000000002381d800 JavaThread "jar transforms Thread 154" [_thread_blocked, id=24648, stack(0x0000000027020000,0x0000000027120000)]
  0x000000002381c000 JavaThread "jar transforms Thread 153" [_thread_blocked, id=26416, stack(0x0000000026f20000,0x0000000027020000)]
  0x000000002381d000 JavaThread "jar transforms Thread 152" [_thread_blocked, id=27424, stack(0x0000000026e20000,0x0000000026f20000)]
  0x0000000023819000 JavaThread "jar transforms Thread 151" [_thread_blocked, id=27428, stack(0x0000000026d20000,0x0000000026e20000)]
  0x000000002381b800 JavaThread "jar transforms Thread 150" [_thread_blocked, id=26524, stack(0x0000000026c20000,0x0000000026d20000)]
  0x000000001f048000 JavaThread "jar transforms Thread 149" [_thread_blocked, id=7852, stack(0x0000000026b20000,0x0000000026c20000)]
  0x000000001f045800 JavaThread "jar transforms Thread 148" [_thread_blocked, id=24888, stack(0x0000000026a20000,0x0000000026b20000)]
  0x000000001f046800 JavaThread "jar transforms Thread 147" [_thread_blocked, id=20592, stack(0x0000000026920000,0x0000000026a20000)]
  0x000000001f044000 JavaThread "jar transforms Thread 146" [_thread_blocked, id=4212, stack(0x0000000026820000,0x0000000026920000)]
  0x000000001f045000 JavaThread "jar transforms Thread 145" [_thread_blocked, id=26216, stack(0x0000000026720000,0x0000000026820000)]
  0x000000001f043800 JavaThread "jar transforms Thread 144" [_thread_blocked, id=21720, stack(0x0000000026620000,0x0000000026720000)]
  0x000000001f047000 JavaThread "jar transforms Thread 143" [_thread_blocked, id=25104, stack(0x0000000026520000,0x0000000026620000)]
  0x000000001f03c000 JavaThread "jar transforms Thread 142" [_thread_blocked, id=25308, stack(0x0000000026420000,0x0000000026520000)]
  0x000000001f042000 JavaThread "jar transforms Thread 141" [_thread_blocked, id=25256, stack(0x0000000026320000,0x0000000026420000)]
  0x000000001f041000 JavaThread "jar transforms Thread 140" [_thread_blocked, id=22556, stack(0x0000000026220000,0x0000000026320000)]
  0x000000001f040800 JavaThread "jar transforms Thread 139" [_thread_blocked, id=23124, stack(0x0000000026120000,0x0000000026220000)]
  0x000000001f03c800 JavaThread "jar transforms Thread 138" [_thread_blocked, id=26468, stack(0x0000000026020000,0x0000000026120000)]
  0x000000001f042800 JavaThread "jar transforms Thread 137" [_thread_blocked, id=21280, stack(0x0000000025f20000,0x0000000026020000)]
  0x000000001f03f800 JavaThread "jar transforms Thread 136" [_thread_blocked, id=12340, stack(0x0000000025e20000,0x0000000025f20000)]
  0x000000001f03f000 JavaThread "jar transforms Thread 135" [_thread_blocked, id=25180, stack(0x0000000025d20000,0x0000000025e20000)]
  0x000000001f03b000 JavaThread "jar transforms Thread 134" [_thread_blocked, id=25992, stack(0x0000000025c20000,0x0000000025d20000)]
  0x000000001f039800 JavaThread "jar transforms Thread 133" [_thread_blocked, id=25820, stack(0x0000000025b20000,0x0000000025c20000)]
  0x0000000024297800 JavaThread "jar transforms Thread 132" [_thread_blocked, id=26572, stack(0x0000000025a20000,0x0000000025b20000)]
  0x000000002429e800 JavaThread "jar transforms Thread 131" [_thread_blocked, id=24780, stack(0x0000000025920000,0x0000000025a20000)]
  0x0000000024297000 JavaThread "jar transforms Thread 130" [_thread_blocked, id=13964, stack(0x0000000025820000,0x0000000025920000)]
  0x000000002429d800 JavaThread "jar transforms Thread 129" [_thread_blocked, id=21332, stack(0x0000000025720000,0x0000000025820000)]
  0x000000002429b800 JavaThread "jar transforms Thread 128" [_thread_blocked, id=25248, stack(0x0000000025620000,0x0000000025720000)]
  0x000000002429a000 JavaThread "jar transforms Thread 127" [_thread_blocked, id=12660, stack(0x0000000025520000,0x0000000025620000)]
  0x0000000024299000 JavaThread "jar transforms Thread 126" [_thread_blocked, id=26576, stack(0x0000000025420000,0x0000000025520000)]
  0x0000000024298800 JavaThread "jar transforms Thread 125" [_thread_blocked, id=25052, stack(0x0000000025320000,0x0000000025420000)]
  0x000000002429a800 JavaThread "jar transforms Thread 124" [_thread_blocked, id=25568, stack(0x0000000025220000,0x0000000025320000)]
  0x000000002429d000 JavaThread "jar transforms Thread 123" [_thread_blocked, id=4772, stack(0x0000000025120000,0x0000000025220000)]
  0x000000002429c000 JavaThread "jar transforms Thread 122" [_thread_blocked, id=16272, stack(0x0000000025020000,0x0000000025120000)]
  0x000000002428f800 JavaThread "jar transforms Thread 121" [_thread_blocked, id=10584, stack(0x0000000024f20000,0x0000000025020000)]
  0x0000000024296000 JavaThread "jar transforms Thread 120" [_thread_blocked, id=25608, stack(0x0000000024e20000,0x0000000024f20000)]
  0x0000000024295800 JavaThread "jar transforms Thread 119" [_thread_blocked, id=27632, stack(0x0000000024d20000,0x0000000024e20000)]
  0x0000000024294800 JavaThread "jar transforms Thread 118" [_thread_blocked, id=13468, stack(0x0000000024c20000,0x0000000024d20000)]
  0x0000000024294000 JavaThread "jar transforms Thread 117" [_thread_blocked, id=27420, stack(0x0000000024a20000,0x0000000024b20000)]
  0x0000000024292800 JavaThread "jar transforms Thread 116" [_thread_blocked, id=25564, stack(0x0000000024920000,0x0000000024a20000)]
  0x0000000024291800 JavaThread "jar transforms Thread 115" [_thread_blocked, id=13932, stack(0x0000000024820000,0x0000000024920000)]
  0x000000001ef13000 JavaThread "jar transforms Thread 114" [_thread_blocked, id=27640, stack(0x0000000024720000,0x0000000024820000)]
  0x000000001ef13800 JavaThread "Build operations Thread 8" [_thread_blocked, id=27408, stack(0x0000000024620000,0x0000000024720000)]
  0x000000001ef16800 JavaThread "Build operations Thread 7" [_thread_blocked, id=1540, stack(0x0000000024520000,0x0000000024620000)]
  0x000000001ef11800 JavaThread "Build operations Thread 6" [_thread_blocked, id=27608, stack(0x0000000024420000,0x0000000024520000)]
  0x000000001ef16000 JavaThread "Build operations Thread 5" [_thread_blocked, id=27400, stack(0x0000000024320000,0x0000000024420000)]
  0x000000001ef15000 JavaThread "Build operations Thread 4" [_thread_blocked, id=27236, stack(0x0000000022460000,0x0000000022560000)]
  0x000000001ef14800 JavaThread "Build operations Thread 3" [_thread_blocked, id=27576, stack(0x0000000022360000,0x0000000022460000)]
  0x000000001ef0b000 JavaThread "Build operations Thread 2" [_thread_blocked, id=7356, stack(0x0000000022160000,0x0000000022260000)]
  0x000000001ef10800 JavaThread "Build operations" [_thread_blocked, id=9840, stack(0x0000000020e10000,0x0000000020f10000)]
  0x000000001ef0f000 JavaThread "Cache worker for cache directory md-rule (C:\Users\Apolo\.gradle\caches\6.5\md-rule)" [_thread_blocked, id=6412, stack(0x0000000020d10000,0x0000000020e10000)]
  0x000000001ef0d800 JavaThread "Cache worker for checksums cache (C:\Android\Proyecto\VendedoresKT\ApoloVendedor\.gradle\checksums)" [_thread_blocked, id=7964, stack(0x000000001e270000,0x000000001e370000)]
  0x000000001ef0e800 JavaThread "Cache worker for file hash cache (C:\Android\Proyecto\VendedoresKT\ApoloVendedor\.gradle\6.5\fileHashes)" [_thread_blocked, id=27348, stack(0x000000001e170000,0x000000001e270000)]
  0x000000001ef10000 JavaThread "Thread-162" [_thread_blocked, id=20336, stack(0x000000001e070000,0x000000001e170000)]
  0x000000001ef0a800 JavaThread "Stdin handler" [_thread_blocked, id=25460, stack(0x000000001dd70000,0x000000001de70000)]
  0x000000001ef0c800 JavaThread "Asynchronous log dispatcher for DefaultDaemonConnection: socket connection from /127.0.0.1:60617 to /127.0.0.1:60768" [_thread_blocked, id=14908, stack(0x000000001d700000,0x000000001d800000)]
  0x000000001ef09800 JavaThread "Daemon worker Thread 2" [_thread_in_native, id=12216, stack(0x000000001d600000,0x000000001d700000)]
  0x000000001ef09000 JavaThread "Cancel handler" [_thread_blocked, id=10444, stack(0x0000000000e20000,0x0000000000f20000)]
  0x000000001ef0c000 JavaThread "Handler for socket connection from /127.0.0.1:60617 to /127.0.0.1:60768" [_thread_in_native, id=18128, stack(0x0000000000d20000,0x0000000000e20000)]
  0x000000001ef08000 JavaThread "Daemon Thread 2" [_thread_blocked, id=27100, stack(0x0000000000c20000,0x0000000000d20000)]
  0x000000001ef17800 JavaThread "Memory manager" [_thread_blocked, id=26828, stack(0x000000002bf50000,0x000000002c050000)]
  0x000000001c48b000 JavaThread "Cache worker for file content cache (C:\Users\Apolo\.gradle\caches\6.5\fileContent)" [_thread_blocked, id=23320, stack(0x0000000022c50000,0x0000000022d50000)]
  0x000000001c488800 JavaThread "Cache worker for execution history cache (C:\Users\Apolo\.gradle\caches\6.5\executionHistory)" [_thread_blocked, id=2240, stack(0x0000000022260000,0x0000000022360000)]
  0x000000001c487000 JavaThread "Cache worker for file hash cache (C:\Users\Apolo\.gradle\caches\6.5\fileHashes)" [_thread_blocked, id=12360, stack(0x000000001e870000,0x000000001e970000)]
  0x000000001c819800 JavaThread "File lock request listener" [_thread_in_native, id=24492, stack(0x000000001e770000,0x000000001e870000)]
  0x000000001c7e4800 JavaThread "Cache worker for journal cache (C:\Users\Apolo\.gradle\caches\journal-1)" [_thread_blocked, id=25252, stack(0x000000001e670000,0x000000001e770000)]
  0x000000001c3fa800 JavaThread "Daemon periodic checks" [_thread_blocked, id=17276, stack(0x000000001da70000,0x000000001db70000)]
  0x000000001c39e800 JavaThread "Incoming local TCP Connector on port 60617" [_thread_in_native, id=1016, stack(0x000000001d800000,0x000000001d900000)]
  0x000000001c35c800 JavaThread "Daemon health stats" [_thread_blocked, id=15212, stack(0x000000001d1c0000,0x000000001d2c0000)]
  0x0000000019952800 JavaThread "Service Thread" daemon [_thread_blocked, id=2444, stack(0x000000001a620000,0x000000001a720000)]
  0x0000000019941800 JavaThread "C1 CompilerThread3" daemon [_thread_blocked, id=25244, stack(0x000000001a520000,0x000000001a620000)]
=>0x0000000019938000 JavaThread "C2 CompilerThread2" daemon [_thread_in_native, id=25560, stack(0x000000001a420000,0x000000001a520000)]
  0x0000000017b1d000 JavaThread "C2 CompilerThread1" daemon [_thread_in_vm, id=25184, stack(0x000000001a320000,0x000000001a420000)]
  0x0000000019930000 JavaThread "C2 CompilerThread0" daemon [_thread_blocked, id=9752, stack(0x000000001a220000,0x000000001a320000)]
  0x000000001992f000 JavaThread "Attach Listener" daemon [_thread_blocked, id=23936, stack(0x000000001a120000,0x000000001a220000)]
  0x0000000019935800 JavaThread "Signal Dispatcher" daemon [_thread_blocked, id=24832, stack(0x000000001a020000,0x000000001a120000)]
  0x0000000002a9e000 JavaThread "Finalizer" daemon [_thread_blocked, id=19100, stack(0x0000000019e00000,0x0000000019f00000)]
  0x0000000002a97000 JavaThread "Reference Handler" daemon [_thread_blocked, id=9836, stack(0x0000000019d00000,0x0000000019e00000)]
  0x000000000299d800 JavaThread "main" [_thread_blocked, id=6236, stack(0x0000000002880000,0x0000000002980000)]

Other Threads:
  0x0000000017b06000 VMThread [stack: 0x0000000019800000,0x0000000019900000] [id=11192]
  0x0000000019953000 WatcherThread [stack: 0x000000001a720000,0x000000001a820000] [id=26620]

VM state:at safepoint (normal execution)

VM Mutex/Monitor currently owned by a thread: None

OutOfMemory and StackOverflow Exception counts:
OutOfMemoryError java_heap_errors=1

heap address: 0x0000000080000000, size: 2048 MB, Compressed Oops mode: 32-bit
Narrow klass base: 0x0000000000000000, Narrow klass shift: 3
Compressed class space size: 1073741824 Address: 0x0000000100000000

Heap:
 PSYoungGen      total 473088K, used 452489K [0x00000000d5580000, 0x00000000fe380000, 0x0000000100000000)
  eden space 441856K, 99% used [0x00000000d5580000,0x00000000f04fe3a0,0x00000000f0500000)
  from space 31232K, 34% used [0x00000000f0500000,0x00000000f0f64060,0x00000000f2380000)
  to   space 67584K, 0% used [0x00000000fa180000,0x00000000fa180000,0x00000000fe380000)
 ParOldGen       total 297472K, used 133661K [0x0000000080000000, 0x0000000092280000, 0x00000000d5580000)
  object space 297472K, 44% used [0x0000000080000000,0x0000000088287588,0x0000000092280000)
 Metaspace       used 89341K, capacity 93944K, committed 94360K, reserved 1130496K
  class space    used 11976K, capacity 12868K, committed 12968K, reserved 1048576K

Card table byte_map: [0x0000000011e60000,0x0000000012270000] byte_map_base: 0x0000000011a60000

Marking Bits: (ParMarkBitMap*) 0x000000007106f030
 Begin Bits: [0x0000000012d20000, 0x0000000014d20000)
 End Bits:   [0x0000000014d20000, 0x0000000016d20000)

Polling page: 0x00000000010f0000

CodeCache: size=245760Kb used=39394Kb max_used=39489Kb free=206365Kb
 bounds [0x0000000002aa0000, 0x0000000005170000, 0x0000000011aa0000]
 total_blobs=13389 nmethods=12523 adapters=776
 compilation: enabled

Compilation events (10 events):
Event: 305.766 Thread 0x0000000019941800 15128       1       java.io.ObjectStreamClass::access$1600 (5 bytes)
Event: 305.766 Thread 0x0000000019941800 nmethod 15128 0x000000000370a8d0 code [0x000000000370aa20, 0x000000000370ab10]
Event: 305.766 Thread 0x0000000019941800 15129       3       java.util.AbstractList::indexOf (65 bytes)
Event: 305.766 Thread 0x0000000019941800 nmethod 15129 0x0000000003634390 code [0x0000000003634580, 0x0000000003634eb8]
Event: 305.766 Thread 0x0000000019941800 15130       3       java.lang.StackTraceElement::equals (80 bytes)
Event: 305.767 Thread 0x0000000019941800 nmethod 15130 0x0000000002c4f690 code [0x0000000002c4f860, 0x0000000002c500e8]
Event: 305.767 Thread 0x0000000019941800 15133   !   3       org.gradle.internal.serialize.ExceptionReplacingObjectOutputStream$1::transform (15 bytes)
Event: 305.767 Thread 0x0000000019941800 nmethod 15133 0x0000000003a39f90 code [0x0000000003a3a160, 0x0000000003a3a998]
Event: 305.767 Thread 0x0000000019941800 15134       3       org.gradle.internal.serialize.ExceptionReplacingObjectOutputStream::doReplaceObject (25 bytes)
Event: 305.768 Thread 0x0000000019941800 nmethod 15134 0x0000000003a542d0 code [0x0000000003a54480, 0x0000000003a54b08]

GC Heap History (10 events):
Event: 5.427 GC heap before
{Heap before GC invocations=11 (full 2):
 PSYoungGen      total 376320K, used 157965K [0x00000000d5580000, 0x00000000ef780000, 0x0000000100000000)
  eden space 360960K, 39% used [0x00000000d5580000,0x00000000de0c9168,0x00000000eb600000)
  from space 15360K, 99% used [0x00000000ee880000,0x00000000ef77a388,0x00000000ef780000)
  to   space 18944K, 0% used [0x00000000ed280000,0x00000000ed280000,0x00000000ee500000)
 ParOldGen       total 84992K, used 17869K [0x0000000080000000, 0x0000000085300000, 0x00000000d5580000)
  object space 84992K, 21% used [0x0000000080000000,0x0000000081173510,0x0000000085300000)
 Metaspace       used 56772K, capacity 59120K, committed 59160K, reserved 1099776K
  class space    used 7702K, capacity 8195K, committed 8232K, reserved 1048576K
Event: 5.450 GC heap after
Heap after GC invocations=11 (full 2):
 PSYoungGen      total 409088K, used 18926K [0x00000000d5580000, 0x00000000f3b80000, 0x0000000100000000)
  eden space 390144K, 0% used [0x00000000d5580000,0x00000000d5580000,0x00000000ed280000)
  from space 18944K, 99% used [0x00000000ed280000,0x00000000ee4fb8d8,0x00000000ee500000)
  to   space 24576K, 0% used [0x00000000f2380000,0x00000000f2380000,0x00000000f3b80000)
 ParOldGen       total 84992K, used 24912K [0x0000000080000000, 0x0000000085300000, 0x00000000d5580000)
  object space 84992K, 29% used [0x0000000080000000,0x0000000081854368,0x0000000085300000)
 Metaspace       used 56772K, capacity 59120K, committed 59160K, reserved 1099776K
  class space    used 7702K, capacity 8195K, committed 8232K, reserved 1048576K
}
Event: 5.450 GC heap before
{Heap before GC invocations=12 (full 3):
 PSYoungGen      total 409088K, used 18926K [0x00000000d5580000, 0x00000000f3b80000, 0x0000000100000000)
  eden space 390144K, 0% used [0x00000000d5580000,0x00000000d5580000,0x00000000ed280000)
  from space 18944K, 99% used [0x00000000ed280000,0x00000000ee4fb8d8,0x00000000ee500000)
  to   space 24576K, 0% used [0x00000000f2380000,0x00000000f2380000,0x00000000f3b80000)
 ParOldGen       total 84992K, used 24912K [0x0000000080000000, 0x0000000085300000, 0x00000000d5580000)
  object space 84992K, 29% used [0x0000000080000000,0x0000000081854368,0x0000000085300000)
 Metaspace       used 56772K, capacity 59120K, committed 59160K, reserved 1099776K
  class space    used 7702K, capacity 8195K, committed 8232K, reserved 1048576K
Event: 5.607 GC heap after
Heap after GC invocations=12 (full 3):
 PSYoungGen      total 409088K, used 0K [0x00000000d5580000, 0x00000000f3b80000, 0x0000000100000000)
  eden space 390144K, 0% used [0x00000000d5580000,0x00000000d5580000,0x00000000ed280000)
  from space 18944K, 0% used [0x00000000ed280000,0x00000000ed280000,0x00000000ee500000)
  to   space 24576K, 0% used [0x00000000f2380000,0x00000000f2380000,0x00000000f3b80000)
 ParOldGen       total 134144K, used 38239K [0x0000000080000000, 0x0000000088300000, 0x00000000d5580000)
  object space 134144K, 28% used [0x0000000080000000,0x0000000082557cb0,0x0000000088300000)
 Metaspace       used 56722K, capacity 58952K, committed 59160K, reserved 1099776K
  class space    used 7687K, capacity 8167K, committed 8232K, reserved 1048576K
}
Event: 8.249 GC heap before
{Heap before GC invocations=13 (full 3):
 PSYoungGen      total 409088K, used 390144K [0x00000000d5580000, 0x00000000f3b80000, 0x0000000100000000)
  eden space 390144K, 100% used [0x00000000d5580000,0x00000000ed280000,0x00000000ed280000)
  from space 18944K, 0% used [0x00000000ed280000,0x00000000ed280000,0x00000000ee500000)
  to   space 24576K, 0% used [0x00000000f2380000,0x00000000f2380000,0x00000000f3b80000)
 ParOldGen       total 134144K, used 38239K [0x0000000080000000, 0x0000000088300000, 0x00000000d5580000)
  object space 134144K, 28% used [0x0000000080000000,0x0000000082557cb0,0x0000000088300000)
 Metaspace       used 70884K, capacity 74582K, committed 74648K, reserved 1114112K
  class space    used 9704K, capacity 10394K, committed 10408K, reserved 1048576K
Event: 8.286 GC heap after
Heap after GC invocations=13 (full 3):
 PSYoungGen      total 466432K, used 24554K [0x00000000d5580000, 0x00000000f5900000, 0x0000000100000000)
  eden space 441856K, 0% used [0x00000000d5580000,0x00000000d5580000,0x00000000f0500000)
  from space 24576K, 99% used [0x00000000f2380000,0x00000000f3b7a950,0x00000000f3b80000)
  to   space 31232K, 0% used [0x00000000f0500000,0x00000000f0500000,0x00000000f2380000)
 ParOldGen       total 134144K, used 46950K [0x0000000080000000, 0x0000000088300000, 0x00000000d5580000)
  object space 134144K, 34% used [0x0000000080000000,0x0000000082dd98e0,0x0000000088300000)
 Metaspace       used 70884K, capacity 74582K, committed 74648K, reserved 1114112K
  class space    used 9704K, capacity 10394K, committed 10408K, reserved 1048576K
}
Event: 11.302 GC heap before
{Heap before GC invocations=14 (full 3):
 PSYoungGen      total 466432K, used 464314K [0x00000000d5580000, 0x00000000f5900000, 0x0000000100000000)
  eden space 441856K, 99% used [0x00000000d5580000,0x00000000f02f41a8,0x00000000f0500000)
  from space 24576K, 99% used [0x00000000f2380000,0x00000000f3b7a950,0x00000000f3b80000)
  to   space 31232K, 0% used [0x00000000f0500000,0x00000000f0500000,0x00000000f2380000)
 ParOldGen       total 134144K, used 46950K [0x0000000080000000, 0x0000000088300000, 0x00000000d5580000)
  object space 134144K, 34% used [0x0000000080000000,0x0000000082dd98e0,0x0000000088300000)
 Metaspace       used 81599K, capacity 86436K, committed 86552K, reserved 1124352K
  class space    used 11311K, capacity 12213K, committed 12328K, reserved 1048576K
Event: 11.406 GC heap after
Heap after GC invocations=14 (full 3):
 PSYoungGen      total 473088K, used 31205K [0x00000000d5580000, 0x00000000fe380000, 0x0000000100000000)
  eden space 441856K, 0% used [0x00000000d5580000,0x00000000d5580000,0x00000000f0500000)
  from space 31232K, 99% used [0x00000000f0500000,0x00000000f2379608,0x00000000f2380000)
  to   space 67584K, 0% used [0x00000000fa180000,0x00000000fa180000,0x00000000fe380000)
 ParOldGen       total 134144K, used 131658K [0x0000000080000000, 0x0000000088300000, 0x00000000d5580000)
  object space 134144K, 98% used [0x0000000080000000,0x0000000088092938,0x0000000088300000)
 Metaspace       used 81599K, capacity 86436K, committed 86552K, reserved 1124352K
  class space    used 11311K, capacity 12213K, committed 12328K, reserved 1048576K
}
Event: 11.406 GC heap before
{Heap before GC invocations=15 (full 4):
 PSYoungGen      total 473088K, used 31205K [0x00000000d5580000, 0x00000000fe380000, 0x0000000100000000)
  eden space 441856K, 0% used [0x00000000d5580000,0x00000000d5580000,0x00000000f0500000)
  from space 31232K, 99% used [0x00000000f0500000,0x00000000f2379608,0x00000000f2380000)
  to   space 67584K, 0% used [0x00000000fa180000,0x00000000fa180000,0x00000000fe380000)
 ParOldGen       total 134144K, used 131658K [0x0000000080000000, 0x0000000088300000, 0x00000000d5580000)
  object space 134144K, 98% used [0x0000000080000000,0x0000000088092938,0x0000000088300000)
 Metaspace       used 81599K, capacity 86436K, committed 86552K, reserved 1124352K
  class space    used 11311K, capacity 12213K, committed 12328K, reserved 1048576K
Event: 11.857 GC heap after
Heap after GC invocations=15 (full 4):
 PSYoungGen      total 473088K, used 10640K [0x00000000d5580000, 0x00000000fe380000, 0x0000000100000000)
  eden space 441856K, 0% used [0x00000000d5580000,0x00000000d5580000,0x00000000f0500000)
  from space 31232K, 34% used [0x00000000f0500000,0x00000000f0f64060,0x00000000f2380000)
  to   space 67584K, 0% used [0x00000000fa180000,0x00000000fa180000,0x00000000fe380000)
 ParOldGen       total 297472K, used 133661K [0x0000000080000000, 0x0000000092280000, 0x00000000d5580000)
  object space 297472K, 44% used [0x0000000080000000,0x0000000088287588,0x0000000092280000)
 Metaspace       used 81159K, capacity 85192K, committed 86552K, reserved 1124352K
  class space    used 11169K, capacity 11961K, committed 12328K, reserved 1048576K
}

Deoptimization events (10 events):
Event: 305.720 Thread 0x000000001badd800 Uncommon trap: reason=unstable_if action=reinterpret pc=0x0000000004dd7608 method=org.gradle.internal.operations.DefaultBuildOperationExecutor$3.stop()V @ 61
Event: 305.723 Thread 0x000000001badd800 Uncommon trap: reason=unstable_if action=reinterpret pc=0x0000000004dd7608 method=org.gradle.internal.operations.DefaultBuildOperationExecutor$3.stop()V @ 61
Event: 305.744 Thread 0x000000001ef09800 Uncommon trap: reason=bimorphic action=maybe_recompile pc=0x00000000042fbfc8 method=java.util.HashMap.removeNode(ILjava/lang/Object;Ljava/lang/Object;ZZ)Ljava/util/HashMap$Node; @ 143
Event: 305.747 Thread 0x000000001ef09800 Uncommon trap: reason=bimorphic action=maybe_recompile pc=0x0000000004b0e69c method=org.gradle.internal.logging.text.AbstractStyledTextOutput.text(Ljava/lang/Object;)Lorg/gradle/internal/logging/text/StyledTextOutput; @ 11
Event: 305.749 Thread 0x000000001ef09800 Uncommon trap: reason=bimorphic action=maybe_recompile pc=0x0000000004b0e69c method=org.gradle.internal.logging.text.AbstractStyledTextOutput.text(Ljava/lang/Object;)Lorg/gradle/internal/logging/text/StyledTextOutput; @ 11
Event: 305.761 Thread 0x000000001ef09800 Uncommon trap: reason=class_check action=maybe_recompile pc=0x0000000002c0a160 method=java.lang.String.equals(Ljava/lang/Object;)Z @ 8
Event: 305.761 Thread 0x000000001ef09800 Uncommon trap: reason=class_check action=maybe_recompile pc=0x0000000002c0a160 method=java.lang.String.equals(Ljava/lang/Object;)Z @ 8
Event: 305.761 Thread 0x000000001ef09800 Uncommon trap: reason=class_check action=maybe_recompile pc=0x0000000002c0a160 method=java.lang.String.equals(Ljava/lang/Object;)Z @ 8
Event: 305.761 Thread 0x000000001ef09800 Uncommon trap: reason=class_check action=maybe_recompile pc=0x0000000002c0a160 method=java.lang.String.equals(Ljava/lang/Object;)Z @ 8
Event: 305.765 Thread 0x000000001ef09800 Uncommon trap: reason=bimorphic action=maybe_recompile pc=0x0000000004e06d04 method=com.google.common.cache.LocalCache$Segment.get(Ljava/lang/Object;I)Ljava/lang/Object; @ 44

Classes redefined (0 events):
No events

Internal exceptions (10 events):
Event: 305.435 Thread 0x000000001aeb7000 Exception <a 'sun/nio/fs/WindowsException'> (0x00000000ee146480) thrown at [C:\src\AOSP-openjdk-git\hotspot\src\share\vm\prims\jni.cpp, line 710]
Event: 305.437 Thread 0x000000001aeb7000 Exception <a 'sun/nio/fs/WindowsException'> (0x00000000ee14dc10) thrown at [C:\src\AOSP-openjdk-git\hotspot\src\share\vm\prims\jni.cpp, line 710]
Event: 305.439 Thread 0x000000001aeb7000 Exception <a 'sun/nio/fs/WindowsException'> (0x00000000ee158390) thrown at [C:\src\AOSP-openjdk-git\hotspot\src\share\vm\prims\jni.cpp, line 710]
Event: 305.444 Thread 0x000000001aeb7000 Exception <a 'sun/nio/fs/WindowsException'> (0x00000000ee15fe28) thrown at [C:\src\AOSP-openjdk-git\hotspot\src\share\vm\prims\jni.cpp, line 710]
Event: 305.447 Thread 0x000000001aeb7000 Exception <a 'sun/nio/fs/WindowsException'> (0x00000000ee168540) thrown at [C:\src\AOSP-openjdk-git\hotspot\src\share\vm\prims\jni.cpp, line 710]
Event: 305.454 Thread 0x000000001aeb7000 Exception <a 'sun/nio/fs/WindowsException'> (0x00000000ee351550) thrown at [C:\src\AOSP-openjdk-git\hotspot\src\share\vm\prims\jni.cpp, line 710]
Event: 305.462 Thread 0x000000001aeb7000 Exception <a 'sun/nio/fs/WindowsException'> (0x00000000ee359ee8) thrown at [C:\src\AOSP-openjdk-git\hotspot\src\share\vm\prims\jni.cpp, line 710]
Event: 305.718 Thread 0x000000001b1a8000 Exception <a 'java/lang/OutOfMemoryError'> (0x00000000efac86f0) thrown at [C:\src\AOSP-openjdk-git\hotspot\src\share\vm\prims\unsafe.cpp, line 618]
Event: 305.729 Thread 0x000000001ef10000 Exception <a 'java/lang/NoSuchMethodError': <clinit>> (0x00000000f028afc0) thrown at [C:\src\AOSP-openjdk-git\hotspot\src\share\vm\prims\jni.cpp, line 1615]
Event: 305.731 Thread 0x000000001ef10000 Exception <a 'java/lang/NoSuchMethodError': <clinit>> (0x00000000f029afc0) thrown at [C:\src\AOSP-openjdk-git\hotspot\src\share\vm\prims\jni.cpp, line 1615]

Events (10 events):
Event: 305.761 Thread 0x000000001ef09800 Uncommon trap: trap_request=0xffffffde fr.pc=0x0000000002c0a160
Event: 305.761 Thread 0x000000001ef09800 DEOPT PACKING pc=0x0000000002c0a160 sp=0x000000001d6fbeb0
Event: 305.761 Thread 0x000000001ef09800 DEOPT UNPACKING pc=0x0000000002ae557b sp=0x000000001d6fbe40 mode 2
Event: 305.764 loading class java/io/NotSerializableException
Event: 305.764 loading class java/io/NotSerializableException done
Event: 305.765 Thread 0x000000001ef09800 Uncommon trap: trap_request=0xffffffc6 fr.pc=0x0000000004e06d04
Event: 305.765 Thread 0x000000001ef09800 DEOPT PACKING pc=0x0000000004e06d04 sp=0x000000001d6fca10
Event: 305.765 Thread 0x000000001ef09800 DEOPT UNPACKING pc=0x0000000002ae557b sp=0x000000001d6fc9b0 mode 2
Event: 305.766 loading class java/util/Collections$EmptyListIterator
Event: 305.766 loading class java/util/Collections$EmptyListIterator done


Dynamic libraries:
0x00007ff704740000 - 0x00007ff704771000 	C:\Program Files\Android\Android Studio\jre\bin\java.exe
0x00007ffa6e5d0000 - 0x00007ffa6e7c5000 	C:\WINDOWS\SYSTEM32\ntdll.dll
0x00007ffa6d070000 - 0x00007ffa6d12d000 	C:\WINDOWS\System32\KERNEL32.DLL
0x00007ffa6bd10000 - 0x00007ffa6bfd9000 	C:\WINDOWS\System32\KERNELBASE.dll
0x00007ffa6e350000 - 0x00007ffa6e3fc000 	C:\WINDOWS\System32\ADVAPI32.dll
0x00007ffa6db30000 - 0x00007ffa6dbce000 	C:\WINDOWS\System32\msvcrt.dll
0x00007ffa6c6a0000 - 0x00007ffa6c73c000 	C:\WINDOWS\System32\sechost.dll
0x00007ffa6d920000 - 0x00007ffa6da4b000 	C:\WINDOWS\System32\RPCRT4.dll
0x00007ffa6e040000 - 0x00007ffa6e1e0000 	C:\WINDOWS\System32\USER32.dll
0x00007ffa6c340000 - 0x00007ffa6c362000 	C:\WINDOWS\System32\win32u.dll
0x00007ffa6e2c0000 - 0x00007ffa6e2ea000 	C:\WINDOWS\System32\GDI32.dll
0x00007ffa6c3c0000 - 0x00007ffa6c4cb000 	C:\WINDOWS\System32\gdi32full.dll
0x00007ffa6c1f0000 - 0x00007ffa6c28d000 	C:\WINDOWS\System32\msvcp_win.dll
0x00007ffa6c070000 - 0x00007ffa6c170000 	C:\WINDOWS\System32\ucrtbase.dll
0x00007ffa4fd30000 - 0x00007ffa4ffca000 	C:\WINDOWS\WinSxS\amd64_microsoft.windows.common-controls_6595b64144ccf1df_6.0.19041.844_none_ca00b6081b84eb1d\COMCTL32.dll
0x00007ffa6da50000 - 0x00007ffa6da80000 	C:\WINDOWS\System32\IMM32.DLL
0x00000000707c0000 - 0x0000000070892000 	C:\Program Files\Android\Android Studio\jre\jre\bin\msvcr100.dll
0x00000000708a0000 - 0x00000000710eb000 	C:\Program Files\Android\Android Studio\jre\jre\bin\server\jvm.dll
0x00007ffa6e510000 - 0x00007ffa6e518000 	C:\WINDOWS\System32\PSAPI.DLL
0x00007ffa4f1a0000 - 0x00007ffa4f1a9000 	C:\WINDOWS\SYSTEM32\WSOCK32.dll
0x00007ffa6e520000 - 0x00007ffa6e58b000 	C:\WINDOWS\System32\WS2_32.dll
0x00007ffa52690000 - 0x00007ffa526b7000 	C:\WINDOWS\SYSTEM32\WINMM.dll
0x00007ffa6b8a0000 - 0x00007ffa6b8aa000 	C:\WINDOWS\SYSTEM32\VERSION.dll
0x00007ffa63300000 - 0x00007ffa6330f000 	C:\Program Files\Android\Android Studio\jre\jre\bin\verify.dll
0x00007ffa3b8c0000 - 0x00007ffa3b8e9000 	C:\Program Files\Android\Android Studio\jre\jre\bin\java.dll
0x00007ffa3c560000 - 0x00007ffa3c576000 	C:\Program Files\Android\Android Studio\jre\jre\bin\zip.dll
0x00007ffa6d150000 - 0x00007ffa6d892000 	C:\WINDOWS\System32\SHELL32.dll
0x00007ffa69de0000 - 0x00007ffa6a570000 	C:\WINDOWS\SYSTEM32\windows.storage.dll
0x00007ffa6c990000 - 0x00007ffa6cce5000 	C:\WINDOWS\System32\combase.dll
0x00007ffa6b710000 - 0x00007ffa6b73c000 	C:\WINDOWS\SYSTEM32\Wldp.dll
0x00007ffa6e400000 - 0x00007ffa6e4ae000 	C:\WINDOWS\System32\SHCORE.dll
0x00007ffa6c640000 - 0x00007ffa6c695000 	C:\WINDOWS\System32\shlwapi.dll
0x00007ffa6bc50000 - 0x00007ffa6bc6f000 	C:\WINDOWS\SYSTEM32\profapi.dll
0x00007ffa3b310000 - 0x00007ffa3b32a000 	C:\Program Files\Android\Android Studio\jre\jre\bin\net.dll
0x00007ffa6b490000 - 0x00007ffa6b4fa000 	C:\WINDOWS\system32\mswsock.dll
0x00007ffa3ab50000 - 0x00007ffa3ab63000 	C:\Program Files\Android\Android Studio\jre\jre\bin\nio.dll
0x00007ffa631c0000 - 0x00007ffa631e7000 	C:\Users\Apolo\.gradle\native\f6784746aeab05261644944871eae4fe03e0ef1612fff0a4a95f87b438bc6780\windows-amd64\native-platform.dll
0x00007ffa60750000 - 0x00007ffa6075d000 	C:\Program Files\Android\Android Studio\jre\jre\bin\management.dll
0x00007ffa6b660000 - 0x00007ffa6b678000 	C:\WINDOWS\SYSTEM32\CRYPTSP.dll
0x00007ffa6adc0000 - 0x00007ffa6adf4000 	C:\WINDOWS\system32\rsaenh.dll
0x00007ffa6c040000 - 0x00007ffa6c067000 	C:\WINDOWS\System32\bcrypt.dll
0x00007ffa6bbd0000 - 0x00007ffa6bbfe000 	C:\WINDOWS\SYSTEM32\USERENV.dll
0x00007ffa6c170000 - 0x00007ffa6c1f0000 	C:\WINDOWS\System32\bcryptprimitives.dll
0x00007ffa6b680000 - 0x00007ffa6b68c000 	C:\WINDOWS\SYSTEM32\CRYPTBASE.dll
0x00007ffa6b130000 - 0x00007ffa6b16b000 	C:\WINDOWS\SYSTEM32\IPHLPAPI.DLL
0x00007ffa6c630000 - 0x00007ffa6c638000 	C:\WINDOWS\System32\NSI.dll
0x00007ffa5f6e0000 - 0x00007ffa5f6f7000 	C:\WINDOWS\SYSTEM32\dhcpcsvc6.DLL
0x00007ffa60270000 - 0x00007ffa6028d000 	C:\WINDOWS\SYSTEM32\dhcpcsvc.DLL
0x00007ffa6b1c0000 - 0x00007ffa6b28b000 	C:\WINDOWS\SYSTEM32\DNSAPI.dll
0x00007ffa60950000 - 0x00007ffa6095b000 	C:\WINDOWS\SYSTEM32\WINNSI.DLL

VM Arguments:
jvm_args: -Xmx2048m -Dfile.encoding=windows-1252 -Duser.country=ES -Duser.language=es -Duser.variant 
java_command: org.gradle.launcher.daemon.bootstrap.GradleDaemon 6.5
java_class_path (initial): C:\Users\Apolo\.gradle\wrapper\dists\gradle-6.5-bin\6nifqtx7604sqp1q6g8wikw7p\gradle-6.5\lib\gradle-launcher-6.5.jar
Launcher Type: SUN_STANDARD

Environment Variables:
PATH=C:\Program Files\Common Files\Oracle\Java\javapath;C:\Program Files (x86)\Common Files\Oracle\Java\javapath;C:\orant\bin;C:\WINDOWS\system32;C:\WINDOWS;C:\WINDOWS\System32\Wbem;C:\WINDOWS\System32\WindowsPowerShell\v1.0\;C:\WINDOWS\System32\OpenSSH\;C:\orant\jdk\bin;C:\Program Files (x86)\Intel\Intel(R) Memory And Storage Tool\;C:\Program Files\Git\cmd;C:\Program Files\nodejs\;C:\instantclient_12_1\;C:\Users\Apolo\AppData\Local\Microsoft\WindowsApps;C:\Users\Apolo\AppData\Local\Programs\Microsoft VS Code\bin;C:\Users\Apolo\AppData\Roaming\npm;C:\Users\Apolo\AppData\Local\atom\bin
USERNAME=Apolo
OS=Windows_NT
PROCESSOR_IDENTIFIER=Intel64 Family 6 Model 126 Stepping 5, GenuineIntel



---------------  S Y S T E M  ---------------

OS: Windows 10.0 , 64 bit Build 19041 (10.0.19041.804)

CPU:total 8 (initial active 8) (4 cores per cpu, 2 threads per core) family 6 model 126 stepping 5, cmov, cx8, fxsr, mmx, sse, sse2, sse3, ssse3, sse4.1, sse4.2, popcnt, avx, avx2, aes, clmul, erms, 3dnowpref, lzcnt, ht, tsc, tscinvbit, bmi1, bmi2, adx

Memory: 4k page, physical 8165048k(795120k free), swap 11736884k(5692k free)

vm_info: OpenJDK 64-Bit Server VM (25.242-b01) for windows-amd64 JRE (1.8.0_242-release-1644-b01), built by "builder" with MS VC++ 10.0 (VS2010)

time: Mon Mar 22 11:19:50 2021
timezone: Hora de verano de Paraguay
elapsed time: 305 seconds (0d 0h 5m 5s)

