#
# There is insufficient memory for the Java Runtime Environment to continue.
# Native memory allocation (malloc) failed to allocate 235312 bytes for Chunk::new
# Possible reasons:
#   The system is out of physical RAM or swap space
#   The process is running with CompressedOops enabled, and the Java Heap may be blocking the growth of the native heap
# Possible solutions:
#   Reduce memory load on the system
#   Increase physical memory or swap space
#   Check if swap backing store is full
#   Decrease Java heap size (-Xmx/-Xms)
#   Decrease number of Java threads
#   Decrease Java thread stack sizes (-Xss)
#   Set larger code cache with -XX:ReservedCodeCacheSize=
#   JVM is running with Unscaled Compressed Oops mode in which the Java heap is
#     placed in the first 4GB address space. The Java Heap base address is the
#     maximum limit for the native heap growth. Please use -XX:HeapBaseMinAddress
#     to set the Java Heap base and to place the Java Heap above 4GB virtual address.
# This output file may be truncated or incomplete.
#
#  Out of Memory Error (allocation.cpp:389), pid=26072, tid=0x000000000000203c
#
# JRE version: OpenJDK Runtime Environment (8.0_242-b01) (build 1.8.0_242-release-1644-b01)
# Java VM: OpenJDK 64-Bit Server VM (25.242-b01 mixed mode windows-amd64 compressed oops)
# Failed to write core dump. Minidumps are not enabled by default on client versions of Windows
#

---------------  T H R E A D  ---------------

Current thread (0x00000000198c0800):  JavaThread "C2 CompilerThread2" daemon [_thread_in_native, id=8252, stack(0x000000001a3a0000,0x000000001a4a0000)]

Stack: [0x000000001a3a0000,0x000000001a4a0000]
[error occurred during error reporting (printing stack bounds), id 0xc0000005]

Native frames: (J=compiled Java code, j=interpreted, Vv=VM code, C=native code)


Current CompileTask:
C2:   7806 7881       4       org.gradle.internal.instantiation.generator.AbstractClassGenerator::inspectType (560 bytes)


---------------  P R O C E S S  ---------------

Java Threads: ( => current thread )
  0x000000001fe0a800 JavaThread "Cache worker for execution history cache (C:\Android\Proyecto\VendedoresKT\ApoloVendedor\.gradle\6.5\executionHistory)" [_thread_blocked, id=12916, stack(0x000000002ee60000,0x000000002ef60000)]
  0x000000001fe0a000 JavaThread "Execution worker for ':' Thread 7" [_thread_in_native, id=22932, stack(0x000000002ed60000,0x000000002ee60000)]
  0x000000001fe09000 JavaThread "Execution worker for ':' Thread 6" [_thread_blocked, id=26124, stack(0x000000002ec60000,0x000000002ed60000)]
  0x000000001fe0b800 JavaThread "Execution worker for ':' Thread 5" [_thread_blocked, id=26256, stack(0x000000002eb60000,0x000000002ec60000)]
  0x000000001fe07800 JavaThread "Execution worker for ':' Thread 4" [_thread_blocked, id=25856, stack(0x000000002ea60000,0x000000002eb60000)]
  0x000000001fe0c000 JavaThread "Execution worker for ':' Thread 3" [_thread_blocked, id=2100, stack(0x000000002e960000,0x000000002ea60000)]
  0x000000001fe08000 JavaThread "Execution worker for ':' Thread 2" [_thread_blocked, id=26188, stack(0x000000002e860000,0x000000002e960000)]
  0x000000001fe0d000 JavaThread "Execution worker for ':'" [_thread_blocked, id=6836, stack(0x000000002e760000,0x000000002e860000)]
  0x000000001fe06800 JavaThread "Cache worker for file content cache (C:\Android\Proyecto\VendedoresKT\ApoloVendedor\.gradle\6.5\fileContent)" [_thread_blocked, id=23752, stack(0x0000000028930000,0x0000000028a30000)]
  0x000000001fe02000 JavaThread "Memory manager" [_thread_blocked, id=25028, stack(0x0000000023ef0000,0x0000000023ff0000)]
  0x000000001fe06000 JavaThread "Cache worker for Build Output Cleanup Cache (C:\Android\Proyecto\VendedoresKT\ApoloVendedor\.gradle\buildOutputCleanup)" [_thread_blocked, id=24868, stack(0x0000000023df0000,0x0000000023ef0000)]
  0x000000001fe05000 JavaThread "jar transforms Thread 113" [_thread_blocked, id=24588, stack(0x000000002aea0000,0x000000002afa0000)]
  0x000000001fe04800 JavaThread "jar transforms Thread 112" [_thread_blocked, id=3216, stack(0x000000002ada0000,0x000000002aea0000)]
  0x000000001fdfe800 JavaThread "jar transforms Thread 111" [_thread_blocked, id=10032, stack(0x000000002aca0000,0x000000002ada0000)]
  0x000000001fdfd800 JavaThread "jar transforms Thread 110" [_thread_blocked, id=26372, stack(0x000000002aba0000,0x000000002aca0000)]
  0x000000001fdff000 JavaThread "jar transforms Thread 109" [_thread_blocked, id=26060, stack(0x000000002a9a0000,0x000000002aaa0000)]
  0x000000001fe01800 JavaThread "jar transforms Thread 108" [_thread_blocked, id=25800, stack(0x000000002a8a0000,0x000000002a9a0000)]
  0x000000001fe00800 JavaThread "jar transforms Thread 107" [_thread_blocked, id=23240, stack(0x000000002a7a0000,0x000000002a8a0000)]
  0x000000001fe03800 JavaThread "jar transforms Thread 106" [_thread_blocked, id=14444, stack(0x000000002a6a0000,0x000000002a7a0000)]
  0x000000001fe03000 JavaThread "jar transforms Thread 105" [_thread_blocked, id=24728, stack(0x000000002a5a0000,0x000000002a6a0000)]
  0x000000001fe00000 JavaThread "jar transforms Thread 104" [_thread_blocked, id=24140, stack(0x000000002a4a0000,0x000000002a5a0000)]
  0x000000001fdcc800 JavaThread "jar transforms Thread 103" [_thread_blocked, id=25428, stack(0x000000002a3a0000,0x000000002a4a0000)]
  0x000000001fdcc000 JavaThread "jar transforms Thread 102" [_thread_blocked, id=11440, stack(0x000000002a2a0000,0x000000002a3a0000)]
  0x000000001fdcb000 JavaThread "jar transforms Thread 101" [_thread_blocked, id=5652, stack(0x000000002a1a0000,0x000000002a2a0000)]
  0x000000001fdca800 JavaThread "jar transforms Thread 100" [_thread_blocked, id=5912, stack(0x000000002a0a0000,0x000000002a1a0000)]
  0x000000001fdc9800 JavaThread "jar transforms Thread 99" [_thread_blocked, id=23428, stack(0x0000000029fa0000,0x000000002a0a0000)]
  0x000000001fdc3000 JavaThread "jar transforms Thread 98" [_thread_blocked, id=8200, stack(0x0000000029ea0000,0x0000000029fa0000)]
  0x000000001fdc4800 JavaThread "jar transforms Thread 97" [_thread_blocked, id=23792, stack(0x0000000029da0000,0x0000000029ea0000)]
  0x000000001fdc2000 JavaThread "jar transforms Thread 96" [_thread_blocked, id=23692, stack(0x0000000029ca0000,0x0000000029da0000)]
  0x000000001fdc9000 JavaThread "jar transforms Thread 95" [_thread_blocked, id=12312, stack(0x0000000029ba0000,0x0000000029ca0000)]
  0x000000001fdc8000 JavaThread "jar transforms Thread 94" [_thread_blocked, id=19892, stack(0x0000000029aa0000,0x0000000029ba0000)]
  0x000000001fdc6800 JavaThread "jar transforms Thread 93" [_thread_blocked, id=20092, stack(0x00000000299a0000,0x0000000029aa0000)]
  0x000000001fdc0800 JavaThread "jar transforms Thread 92" [_thread_blocked, id=25884, stack(0x00000000298a0000,0x00000000299a0000)]
  0x000000001fdc6000 JavaThread "jar transforms Thread 91" [_thread_blocked, id=26116, stack(0x00000000297a0000,0x00000000298a0000)]
  0x000000001fdc5000 JavaThread "jar transforms Thread 90" [_thread_blocked, id=8996, stack(0x00000000296a0000,0x00000000297a0000)]
  0x000000001fdc7800 JavaThread "jar transforms Thread 89" [_thread_blocked, id=26600, stack(0x00000000295a0000,0x00000000296a0000)]
  0x000000001fdbd800 JavaThread "jar transforms Thread 88" [_thread_blocked, id=12580, stack(0x00000000294a0000,0x00000000295a0000)]
  0x000000001fdbf000 JavaThread "jar transforms Thread 87" [_thread_blocked, id=12608, stack(0x00000000293a0000,0x00000000294a0000)]
  0x000000001fdc0000 JavaThread "jar transforms Thread 86" [_thread_blocked, id=19912, stack(0x00000000292a0000,0x00000000293a0000)]
  0x000000001fdc1800 JavaThread "jar transforms Thread 85" [_thread_blocked, id=23976, stack(0x00000000291a0000,0x00000000292a0000)]
  0x000000001fdc3800 JavaThread "jar transforms Thread 84" [_thread_blocked, id=15908, stack(0x00000000290a0000,0x00000000291a0000)]
  0x000000001fdbe800 JavaThread "jar transforms Thread 83" [_thread_blocked, id=26292, stack(0x0000000028fa0000,0x00000000290a0000)]
  0x0000000020179800 JavaThread "jar transforms Thread 82" [_thread_blocked, id=25932, stack(0x0000000028ea0000,0x0000000028fa0000)]
  0x0000000020178800 JavaThread "jar transforms Thread 81" [_thread_blocked, id=25096, stack(0x0000000028da0000,0x0000000028ea0000)]
  0x000000002017a000 JavaThread "jar transforms Thread 80" [_thread_blocked, id=21736, stack(0x0000000028ca0000,0x0000000028da0000)]
  0x000000002017c800 JavaThread "jar transforms Thread 79" [_thread_blocked, id=11828, stack(0x0000000028ba0000,0x0000000028ca0000)]
  0x000000002017b800 JavaThread "jar transforms Thread 78" [_thread_blocked, id=25208, stack(0x0000000028aa0000,0x0000000028ba0000)]
  0x000000002017b000 JavaThread "jar transforms Thread 77" [_thread_blocked, id=25376, stack(0x0000000024000000,0x0000000024100000)]
  0x0000000020178000 JavaThread "jar transforms Thread 76" [_thread_blocked, id=22888, stack(0x0000000028830000,0x0000000028930000)]
  0x000000002017d000 JavaThread "jar transforms Thread 75" [_thread_blocked, id=21408, stack(0x0000000028730000,0x0000000028830000)]
  0x0000000020177000 JavaThread "jar transforms Thread 74" [_thread_blocked, id=24672, stack(0x0000000028630000,0x0000000028730000)]
  0x000000002016f800 JavaThread "jar transforms Thread 73" [_thread_blocked, id=5228, stack(0x0000000028530000,0x0000000028630000)]
  0x0000000020176800 JavaThread "jar transforms Thread 72" [_thread_blocked, id=14536, stack(0x0000000028430000,0x0000000028530000)]
  0x0000000020175000 JavaThread "jar transforms Thread 71" [_thread_blocked, id=3088, stack(0x0000000028330000,0x0000000028430000)]
  0x000000002016f000 JavaThread "jar transforms Thread 70" [_thread_blocked, id=26236, stack(0x0000000028230000,0x0000000028330000)]
  0x0000000020174000 JavaThread "jar transforms Thread 69" [_thread_blocked, id=2280, stack(0x0000000028130000,0x0000000028230000)]
  0x0000000020173800 JavaThread "jar transforms Thread 68" [_thread_blocked, id=21388, stack(0x0000000028030000,0x0000000028130000)]
  0x0000000020175800 JavaThread "jar transforms Thread 67" [_thread_blocked, id=15708, stack(0x0000000027f30000,0x0000000028030000)]
  0x0000000020171000 JavaThread "jar transforms Thread 66" [_thread_blocked, id=8416, stack(0x0000000027e30000,0x0000000027f30000)]
  0x0000000020172800 JavaThread "jar transforms Thread 65" [_thread_blocked, id=25744, stack(0x0000000027d30000,0x0000000027e30000)]
  0x0000000020172000 JavaThread "jar transforms Thread 64" [_thread_blocked, id=13380, stack(0x0000000027c30000,0x0000000027d30000)]
  0x0000000020170800 JavaThread "jar transforms Thread 63" [_thread_blocked, id=26400, stack(0x0000000027b30000,0x0000000027c30000)]
  0x000000002016e000 JavaThread "jar transforms Thread 62" [_thread_blocked, id=22772, stack(0x0000000027a30000,0x0000000027b30000)]
  0x0000000020814000 JavaThread "jar transforms Thread 61" [_thread_blocked, id=19916, stack(0x0000000027930000,0x0000000027a30000)]
  0x0000000020813000 JavaThread "jar transforms Thread 60" [_thread_blocked, id=25680, stack(0x0000000027830000,0x0000000027930000)]
  0x0000000020812800 JavaThread "jar transforms Thread 59" [_thread_blocked, id=23320, stack(0x0000000027730000,0x0000000027830000)]
  0x0000000020819000 JavaThread "jar transforms Thread 58" [_thread_blocked, id=7848, stack(0x0000000027630000,0x0000000027730000)]
  0x0000000020818800 JavaThread "jar transforms Thread 57" [_thread_blocked, id=25260, stack(0x0000000027530000,0x0000000027630000)]
  0x0000000020817000 JavaThread "jar transforms Thread 56" [_thread_blocked, id=22064, stack(0x0000000027430000,0x0000000027530000)]
  0x0000000020816000 JavaThread "jar transforms Thread 55" [_thread_blocked, id=9388, stack(0x0000000027330000,0x0000000027430000)]
  0x0000000020815800 JavaThread "jar transforms Thread 54" [_thread_blocked, id=19076, stack(0x0000000027230000,0x0000000027330000)]
  0x0000000020814800 JavaThread "jar transforms Thread 53" [_thread_blocked, id=26100, stack(0x0000000027130000,0x0000000027230000)]
  0x0000000020817800 JavaThread "jar transforms Thread 52" [_thread_blocked, id=23448, stack(0x0000000027030000,0x0000000027130000)]
  0x000000002080b000 JavaThread "jar transforms Thread 51" [_thread_blocked, id=22024, stack(0x0000000026f30000,0x0000000027030000)]
  0x0000000020811800 JavaThread "jar transforms Thread 50" [_thread_blocked, id=26088, stack(0x0000000026e30000,0x0000000026f30000)]
  0x0000000020811000 JavaThread "jar transforms Thread 49" [_thread_blocked, id=25404, stack(0x0000000026d30000,0x0000000026e30000)]
  0x0000000020810000 JavaThread "jar transforms Thread 48" [_thread_blocked, id=19700, stack(0x0000000026c30000,0x0000000026d30000)]
  0x000000002080e800 JavaThread "jar transforms Thread 47" [_thread_blocked, id=25212, stack(0x0000000026b30000,0x0000000026c30000)]
  0x000000002080e000 JavaThread "jar transforms Thread 46" [_thread_blocked, id=23924, stack(0x0000000026a30000,0x0000000026b30000)]
  0x000000002080d000 JavaThread "jar transforms Thread 45" [_thread_blocked, id=25400, stack(0x0000000026930000,0x0000000026a30000)]
  0x000000002080b800 JavaThread "jar transforms Thread 44" [_thread_blocked, id=8160, stack(0x0000000026830000,0x0000000026930000)]
  0x000000002080a000 JavaThread "jar transforms Thread 43" [_thread_blocked, id=26440, stack(0x0000000026730000,0x0000000026830000)]
  0x000000002080c800 JavaThread "jar transforms Thread 42" [_thread_blocked, id=11868, stack(0x0000000026630000,0x0000000026730000)]
  0x000000002080f800 JavaThread "jar transforms Thread 41" [_thread_blocked, id=18764, stack(0x0000000026530000,0x0000000026630000)]
  0x0000000021a01000 JavaThread "jar transforms Thread 40" [_thread_blocked, id=23096, stack(0x0000000026430000,0x0000000026530000)]
  0x0000000021a07000 JavaThread "jar transforms Thread 39" [_thread_blocked, id=19704, stack(0x0000000026330000,0x0000000026430000)]
  0x0000000021a05800 JavaThread "jar transforms Thread 38" [_thread_blocked, id=24092, stack(0x0000000026230000,0x0000000026330000)]
  0x0000000021a04800 JavaThread "jar transforms Thread 37" [_thread_blocked, id=25124, stack(0x0000000026130000,0x0000000026230000)]
  0x0000000021a01800 JavaThread "jar transforms Thread 36" [_thread_blocked, id=21248, stack(0x0000000026030000,0x0000000026130000)]
  0x0000000021a04000 JavaThread "jar transforms Thread 35" [_thread_blocked, id=23204, stack(0x0000000025f30000,0x0000000026030000)]
  0x0000000021a02800 JavaThread "jar transforms Thread 34" [_thread_blocked, id=22964, stack(0x0000000025e30000,0x0000000025f30000)]
  0x0000000021a03000 JavaThread "jar transforms Thread 33" [_thread_blocked, id=7952, stack(0x0000000025d30000,0x0000000025e30000)]
  0x0000000021a06000 JavaThread "jar transforms Thread 32" [_thread_blocked, id=26284, stack(0x0000000025c30000,0x0000000025d30000)]
  0x00000000219f9800 JavaThread "jar transforms Thread 31" [_thread_blocked, id=25928, stack(0x0000000025b30000,0x0000000025c30000)]
  0x0000000021a00000 JavaThread "jar transforms Thread 30" [_thread_blocked, id=1164, stack(0x0000000025a30000,0x0000000025b30000)]
  0x00000000219f8800 JavaThread "jar transforms Thread 29" [_thread_blocked, id=25712, stack(0x0000000025930000,0x0000000025a30000)]
  0x00000000219fb000 JavaThread "jar transforms Thread 28" [_thread_blocked, id=10100, stack(0x0000000025830000,0x0000000025930000)]
  0x00000000219fb800 JavaThread "jar transforms Thread 27" [_thread_blocked, id=25916, stack(0x0000000025730000,0x0000000025830000)]
  0x00000000219ff800 JavaThread "jar transforms Thread 26" [_thread_blocked, id=18308, stack(0x0000000025630000,0x0000000025730000)]
  0x00000000219fe800 JavaThread "jar transforms Thread 25" [_thread_blocked, id=25084, stack(0x0000000025530000,0x0000000025630000)]
  0x00000000219fd000 JavaThread "jar transforms Thread 24" [_thread_blocked, id=17300, stack(0x0000000025430000,0x0000000025530000)]
  0x00000000219fa000 JavaThread "jar transforms Thread 23" [_thread_blocked, id=21140, stack(0x0000000025330000,0x0000000025430000)]
  0x00000000219f8000 JavaThread "jar transforms Thread 22" [_thread_blocked, id=22620, stack(0x0000000025230000,0x0000000025330000)]
  0x00000000219fc800 JavaThread "jar transforms Thread 21" [_thread_blocked, id=25584, stack(0x0000000025130000,0x0000000025230000)]
  0x00000000219fe000 JavaThread "jar transforms Thread 20" [_thread_blocked, id=19880, stack(0x0000000025030000,0x0000000025130000)]
  0x00000000201a0000 JavaThread "jar transforms Thread 19" [_thread_blocked, id=20304, stack(0x0000000024f30000,0x0000000025030000)]
  0x000000002019f000 JavaThread "jar transforms Thread 18" [_thread_blocked, id=22852, stack(0x0000000024e30000,0x0000000024f30000)]
  0x000000002019e800 JavaThread "jar transforms Thread 17" [_thread_blocked, id=24176, stack(0x0000000024d30000,0x0000000024e30000)]
  0x000000002019d800 JavaThread "jar transforms Thread 16" [_thread_blocked, id=21644, stack(0x0000000024c30000,0x0000000024d30000)]
  0x000000002019c000 JavaThread "jar transforms Thread 15" [_thread_blocked, id=25672, stack(0x0000000024b30000,0x0000000024c30000)]
  0x000000002019b800 JavaThread "jar transforms Thread 14" [_thread_blocked, id=25552, stack(0x0000000024a30000,0x0000000024b30000)]
  0x000000002019d000 JavaThread "jar transforms Thread 13" [_thread_blocked, id=25684, stack(0x0000000024930000,0x0000000024a30000)]
  0x000000002019a800 JavaThread "jar transforms Thread 12" [_thread_blocked, id=25372, stack(0x0000000024830000,0x0000000024930000)]
  0x00000000201a1800 JavaThread "jar transforms Thread 11" [_thread_blocked, id=25964, stack(0x0000000024730000,0x0000000024830000)]
  0x00000000201a0800 JavaThread "jar transforms Thread 10" [_thread_blocked, id=22540, stack(0x0000000024630000,0x0000000024730000)]
  0x000000001c781800 JavaThread "jar transforms Thread 9" [_thread_blocked, id=22508, stack(0x0000000024530000,0x0000000024630000)]
  0x000000001c781000 JavaThread "jar transforms Thread 8" [_thread_blocked, id=26320, stack(0x0000000024430000,0x0000000024530000)]
  0x000000001c780000 JavaThread "jar transforms Thread 7" [_thread_blocked, id=16260, stack(0x0000000024330000,0x0000000024430000)]
  0x000000001c77f800 JavaThread "jar transforms Thread 6" [_thread_blocked, id=26248, stack(0x0000000024230000,0x0000000024330000)]
  0x000000001c77e800 JavaThread "jar transforms Thread 5" [_thread_blocked, id=25064, stack(0x0000000024130000,0x0000000024230000)]
  0x000000001c782800 JavaThread "jar transforms Thread 4" [_thread_blocked, id=8664, stack(0x0000000023cf0000,0x0000000023df0000)]
  0x000000001c777000 JavaThread "jar transforms Thread 3" [_thread_blocked, id=24340, stack(0x0000000023bf0000,0x0000000023cf0000)]
  0x000000001c77e000 JavaThread "jar transforms Thread 2" [_thread_blocked, id=24856, stack(0x0000000023af0000,0x0000000023bf0000)]
  0x000000001c77d000 JavaThread "Build operations Thread 8" [_thread_blocked, id=25008, stack(0x00000000238f0000,0x00000000239f0000)]
  0x000000001c77a000 JavaThread "Build operations Thread 7" [_thread_blocked, id=25784, stack(0x00000000237f0000,0x00000000238f0000)]
  0x000000001c77c800 JavaThread "Build operations Thread 6" [_thread_blocked, id=25908, stack(0x00000000236f0000,0x00000000237f0000)]
  0x000000001c779800 JavaThread "Build operations Thread 5" [_thread_blocked, id=24528, stack(0x00000000235f0000,0x00000000236f0000)]
  0x000000001c775800 JavaThread "Build operations Thread 4" [_thread_blocked, id=24848, stack(0x00000000234f0000,0x00000000235f0000)]
  0x000000001c77b800 JavaThread "Build operations Thread 3" [_thread_blocked, id=24700, stack(0x00000000233f0000,0x00000000234f0000)]
  0x000000001c776800 JavaThread "Build operations Thread 2" [_thread_blocked, id=12080, stack(0x00000000232f0000,0x00000000233f0000)]
  0x000000001c778800 JavaThread "Build operations" [_thread_blocked, id=25892, stack(0x00000000231f0000,0x00000000232f0000)]
  0x000000001c786000 JavaThread "Cache worker for file content cache (C:\Users\Apolo\.gradle\caches\6.5\fileContent)" [_thread_blocked, id=26036, stack(0x0000000022af0000,0x0000000022bf0000)]
  0x000000001c787800 JavaThread "jar transforms" [_thread_blocked, id=17504, stack(0x00000000229f0000,0x0000000022af0000)]
  0x000000001c789000 JavaThread "Cache worker for execution history cache (C:\Users\Apolo\.gradle\caches\6.5\executionHistory)" [_thread_blocked, id=1264, stack(0x00000000221e0000,0x00000000222e0000)]
  0x000000001c78c000 JavaThread "Cache worker for cache directory md-rule (C:\Users\Apolo\.gradle\caches\6.5\md-rule)" [_thread_blocked, id=12076, stack(0x00000000220e0000,0x00000000221e0000)]
  0x000000001c788000 JavaThread "Cache worker for cache directory md-supplier (C:\Users\Apolo\.gradle\caches\6.5\md-supplier)" [_thread_blocked, id=25236, stack(0x0000000020d90000,0x0000000020e90000)]
  0x000000001c786800 JavaThread "Cache worker for checksums cache (C:\Android\Proyecto\VendedoresKT\ApoloVendedor\.gradle\checksums)" [_thread_blocked, id=6236, stack(0x0000000020c90000,0x0000000020d90000)]
  0x000000001c78c800 JavaThread "Cache worker for file hash cache (C:\Android\Proyecto\VendedoresKT\ApoloVendedor\.gradle\6.5\fileHashes)" [_thread_blocked, id=26012, stack(0x00000000224f0000,0x00000000225f0000)]
  0x000000001c78a800 JavaThread "Cache worker for file hash cache (C:\Users\Apolo\.gradle\caches\6.5\fileHashes)" [_thread_blocked, id=16696, stack(0x000000001e7f0000,0x000000001e8f0000)]
  0x000000001c78b000 JavaThread "File lock request listener" [_thread_in_native, id=11300, stack(0x000000001e6f0000,0x000000001e7f0000)]
  0x000000001c526800 JavaThread "Cache worker for journal cache (C:\Users\Apolo\.gradle\caches\journal-1)" [_thread_blocked, id=21004, stack(0x000000001e5f0000,0x000000001e6f0000)]
  0x000000001b32e000 JavaThread "Thread-9" [_thread_blocked, id=24580, stack(0x000000001e2f0000,0x000000001e3f0000)]
  0x000000001a852000 JavaThread "Stdin handler" [_thread_blocked, id=25328, stack(0x000000001e1f0000,0x000000001e2f0000)]
  0x000000001b32b000 JavaThread "Asynchronous log dispatcher for DefaultDaemonConnection: socket connection from /127.0.0.1:60575 to /127.0.0.1:60576" [_thread_blocked, id=3580, stack(0x000000001e0f0000,0x000000001e1f0000)]
  0x000000001b327800 JavaThread "Daemon worker" [_thread_blocked, id=26396, stack(0x000000001dff0000,0x000000001e0f0000)]
  0x000000001c50e000 JavaThread "Cancel handler" [_thread_blocked, id=16156, stack(0x000000001def0000,0x000000001dff0000)]
  0x000000001c4e9000 JavaThread "Handler for socket connection from /127.0.0.1:60575 to /127.0.0.1:60576" [_thread_in_native, id=12964, stack(0x000000001ddf0000,0x000000001def0000)]
  0x000000001c508000 JavaThread "Daemon" [_thread_blocked, id=8468, stack(0x000000001dcf0000,0x000000001ddf0000)]
  0x000000001c502000 JavaThread "Daemon periodic checks" [_thread_blocked, id=2740, stack(0x000000001d9f0000,0x000000001daf0000)]
  0x000000001c493800 JavaThread "Incoming local TCP Connector on port 60575" [_thread_in_native, id=23440, stack(0x000000001d780000,0x000000001d880000)]
  0x000000001c39e000 JavaThread "Daemon health stats" [_thread_blocked, id=25536, stack(0x000000001d140000,0x000000001d240000)]
  0x0000000019940800 JavaThread "Service Thread" daemon [_thread_blocked, id=25940, stack(0x000000001a5a0000,0x000000001a6a0000)]
  0x00000000198c1000 JavaThread "C1 CompilerThread3" daemon [_thread_blocked, id=17660, stack(0x000000001a4a0000,0x000000001a5a0000)]
=>0x00000000198c0800 JavaThread "C2 CompilerThread2" daemon [_thread_in_native, id=8252, stack(0x000000001a3a0000,0x000000001a4a0000)]
  0x0000000017abb000 JavaThread "C2 CompilerThread1" daemon [_thread_blocked, id=18320, stack(0x000000001a2a0000,0x000000001a3a0000)]
  0x00000000198b1800 JavaThread "C2 CompilerThread0" daemon [_thread_blocked, id=25716, stack(0x000000001a1a0000,0x000000001a2a0000)]
  0x00000000198b1000 JavaThread "Attach Listener" daemon [_thread_blocked, id=17656, stack(0x000000001a0a0000,0x000000001a1a0000)]
  0x00000000198b0000 JavaThread "Signal Dispatcher" daemon [_thread_blocked, id=19104, stack(0x0000000019fa0000,0x000000001a0a0000)]
  0x00000000198a0800 JavaThread "Finalizer" daemon [_thread_blocked, id=7080, stack(0x0000000019d80000,0x0000000019e80000)]
  0x0000000002a38000 JavaThread "Reference Handler" daemon [_thread_blocked, id=16148, stack(0x0000000019c80000,0x0000000019d80000)]
  0x000000000293d800 JavaThread "main" [_thread_blocked, id=25040, stack(0x0000000002800000,0x0000000002900000)]

Other Threads:
  0x0000000017aa6000 VMThread [stack: 0x0000000019780000,0x0000000019880000] [id=16076]
  0x0000000019941800 WatcherThread [stack: 0x000000001a6a0000,0x000000001a7a0000] [id=1540]

VM state:not at safepoint (normal execution)

VM Mutex/Monitor currently owned by a thread: None

heap address: 0x0000000080000000, size: 2048 MB, Compressed Oops mode: 32-bit
Narrow klass base: 0x0000000000000000, Narrow klass shift: 3
Compressed class space size: 1073741824 Address: 0x0000000100000000

Heap:
 PSYoungGen      total 230400K, used 90102K [0x00000000d5580000, 0x00000000e5080000, 0x0000000100000000)
  eden space 211968K, 33% used [0x00000000d5580000,0x00000000d9b83b58,0x00000000e2480000)
  from space 18432K, 99% used [0x00000000e2480000,0x00000000e3679ea8,0x00000000e3680000)
  to   space 18944K, 0% used [0x00000000e3680000,0x00000000e3680000,0x00000000e4900000)
 ParOldGen       total 76800K, used 34568K [0x0000000080000000, 0x0000000084b00000, 0x00000000d5580000)
  object space 76800K, 45% used [0x0000000080000000,0x00000000821c23e8,0x0000000084b00000)
 Metaspace       used 68106K, capacity 71540K, committed 71704K, reserved 1112064K
  class space    used 9371K, capacity 10013K, committed 10032K, reserved 1048576K

Card table byte_map: [0x0000000011e00000,0x0000000012210000] byte_map_base: 0x0000000011a00000

Marking Bits: (ParMarkBitMap*) 0x000000007106f030
 Begin Bits: [0x0000000012cc0000, 0x0000000014cc0000)
 End Bits:   [0x0000000014cc0000, 0x0000000016cc0000)

Polling page: 0x0000000002740000

CodeCache: size=245760Kb used=21933Kb max_used=21943Kb free=223826Kb
 bounds [0x0000000002a40000, 0x0000000003fd0000, 0x0000000011a40000]
 total_blobs=7762 nmethods=6970 adapters=705
 compilation: enabled

Compilation events (10 events):
Event: 7.694 Thread 0x0000000017abb000 nmethod 8001 0x0000000003fc0c10 code [0x0000000003fc0d60, 0x0000000003fc0f18]
Event: 7.694 Thread 0x0000000017abb000 8002       4       com.google.common.collect.RegularImmutableMap$EntrySet$1::get (64 bytes)
Event: 7.697 Thread 0x0000000017abb000 nmethod 8002 0x0000000003fbc810 code [0x0000000003fbc960, 0x0000000003fbcb18]
Event: 7.700 Thread 0x00000000198c1000 8015       3       kotlin.jvm.internal.CallableReference::<init> (8 bytes)
Event: 7.700 Thread 0x00000000198c1000 nmethod 8015 0x0000000003fbf650 code [0x0000000003fbf7c0, 0x0000000003fbf9f0]
Event: 7.715 Thread 0x00000000198b1800 nmethod 7938 0x0000000003fc4f10 code [0x0000000003fc5300, 0x0000000003fc7900]
Event: 7.719 Thread 0x00000000198c1000 8016       3       kotlin.jvm.internal.PropertyReference::<init> (5 bytes)
Event: 7.719 Thread 0x00000000198c1000 nmethod 8016 0x0000000003fbf110 code [0x0000000003fbf280, 0x0000000003fbf510]
Event: 7.803 Thread 0x00000000198c1000 8017       3       kotlin.reflect.jvm.internal.impl.name.FqNameUnsafe::<init> (28 bytes)
Event: 7.803 Thread 0x00000000198c1000 nmethod 8017 0x0000000003fbec50 code [0x0000000003fbedc0, 0x0000000003fbf048]

GC Heap History (10 events):
Event: 3.886 GC heap before
{Heap before GC invocations=12 (full 2):
 PSYoungGen      total 138240K, used 126976K [0x00000000d5580000, 0x00000000e1a80000, 0x0000000100000000)
  eden space 126976K, 100% used [0x00000000d5580000,0x00000000dd180000,0x00000000dd180000)
  from space 11264K, 0% used [0x00000000dd180000,0x00000000dd180000,0x00000000ddc80000)
  to   space 12800K, 0% used [0x00000000e0e00000,0x00000000e0e00000,0x00000000e1a80000)
 ParOldGen       total 76800K, used 17822K [0x0000000080000000, 0x0000000084b00000, 0x00000000d5580000)
  object space 76800K, 23% used [0x0000000080000000,0x0000000081167a30,0x0000000084b00000)
 Metaspace       used 37472K, capacity 39218K, committed 39336K, reserved 1083392K
  class space    used 5171K, capacity 5516K, committed 5552K, reserved 1048576K
Event: 3.892 GC heap after
Heap after GC invocations=12 (full 2):
 PSYoungGen      total 173568K, used 8262K [0x00000000d5580000, 0x00000000e1680000, 0x0000000100000000)
  eden space 164864K, 0% used [0x00000000d5580000,0x00000000d5580000,0x00000000df680000)
  from space 8704K, 94% used [0x00000000e0e00000,0x00000000e16119d8,0x00000000e1680000)
  to   space 12800K, 0% used [0x00000000dfd80000,0x00000000dfd80000,0x00000000e0a00000)
 ParOldGen       total 76800K, used 17830K [0x0000000080000000, 0x0000000084b00000, 0x00000000d5580000)
  object space 76800K, 23% used [0x0000000080000000,0x0000000081169a30,0x0000000084b00000)
 Metaspace       used 37472K, capacity 39218K, committed 39336K, reserved 1083392K
  class space    used 5171K, capacity 5516K, committed 5552K, reserved 1048576K
}
Event: 4.993 GC heap before
{Heap before GC invocations=13 (full 2):
 PSYoungGen      total 173568K, used 173126K [0x00000000d5580000, 0x00000000e1680000, 0x0000000100000000)
  eden space 164864K, 100% used [0x00000000d5580000,0x00000000df680000,0x00000000df680000)
  from space 8704K, 94% used [0x00000000e0e00000,0x00000000e16119d8,0x00000000e1680000)
  to   space 12800K, 0% used [0x00000000dfd80000,0x00000000dfd80000,0x00000000e0a00000)
 ParOldGen       total 76800K, used 17830K [0x0000000080000000, 0x0000000084b00000, 0x00000000d5580000)
  object space 76800K, 23% used [0x0000000080000000,0x0000000081169a30,0x0000000084b00000)
 Metaspace       used 52309K, capacity 54482K, committed 54568K, reserved 1095680K
  class space    used 6980K, capacity 7457K, committed 7472K, reserved 1048576K
Event: 5.014 GC heap after
Heap after GC invocations=13 (full 2):
 PSYoungGen      total 184832K, used 12788K [0x00000000d5580000, 0x00000000e4900000, 0x0000000100000000)
  eden space 172032K, 0% used [0x00000000d5580000,0x00000000d5580000,0x00000000dfd80000)
  from space 12800K, 99% used [0x00000000dfd80000,0x00000000e09fd300,0x00000000e0a00000)
  to   space 18944K, 0% used [0x00000000e3680000,0x00000000e3680000,0x00000000e4900000)
 ParOldGen       total 76800K, used 30484K [0x0000000080000000, 0x0000000084b00000, 0x00000000d5580000)
  object space 76800K, 39% used [0x0000000080000000,0x0000000081dc5200,0x0000000084b00000)
 Metaspace       used 52309K, capacity 54482K, committed 54568K, reserved 1095680K
  class space    used 6980K, capacity 7457K, committed 7472K, reserved 1048576K
}
Event: 5.586 GC heap before
{Heap before GC invocations=14 (full 2):
 PSYoungGen      total 184832K, used 60146K [0x00000000d5580000, 0x00000000e4900000, 0x0000000100000000)
  eden space 172032K, 27% used [0x00000000d5580000,0x00000000d83bf530,0x00000000dfd80000)
  from space 12800K, 99% used [0x00000000dfd80000,0x00000000e09fd300,0x00000000e0a00000)
  to   space 18944K, 0% used [0x00000000e3680000,0x00000000e3680000,0x00000000e4900000)
 ParOldGen       total 76800K, used 30484K [0x0000000080000000, 0x0000000084b00000, 0x00000000d5580000)
  object space 76800K, 39% used [0x0000000080000000,0x0000000081dc5200,0x0000000084b00000)
 Metaspace       used 56741K, capacity 59090K, committed 59160K, reserved 1099776K
  class space    used 7702K, capacity 8190K, committed 8240K, reserved 1048576K
Event: 5.602 GC heap after
Heap after GC invocations=14 (full 2):
 PSYoungGen      total 230912K, used 6101K [0x00000000d5580000, 0x00000000e5080000, 0x0000000100000000)
  eden space 211968K, 0% used [0x00000000d5580000,0x00000000d5580000,0x00000000e2480000)
  from space 18944K, 32% used [0x00000000e3680000,0x00000000e3c75560,0x00000000e4900000)
  to   space 18432K, 0% used [0x00000000e2480000,0x00000000e2480000,0x00000000e3680000)
 ParOldGen       total 76800K, used 43201K [0x0000000080000000, 0x0000000084b00000, 0x00000000d5580000)
  object space 76800K, 56% used [0x0000000080000000,0x0000000082a30480,0x0000000084b00000)
 Metaspace       used 56741K, capacity 59090K, committed 59160K, reserved 1099776K
  class space    used 7702K, capacity 8190K, committed 8240K, reserved 1048576K
}
Event: 5.602 GC heap before
{Heap before GC invocations=15 (full 3):
 PSYoungGen      total 230912K, used 6101K [0x00000000d5580000, 0x00000000e5080000, 0x0000000100000000)
  eden space 211968K, 0% used [0x00000000d5580000,0x00000000d5580000,0x00000000e2480000)
  from space 18944K, 32% used [0x00000000e3680000,0x00000000e3c75560,0x00000000e4900000)
  to   space 18432K, 0% used [0x00000000e2480000,0x00000000e2480000,0x00000000e3680000)
 ParOldGen       total 76800K, used 43201K [0x0000000080000000, 0x0000000084b00000, 0x00000000d5580000)
  object space 76800K, 56% used [0x0000000080000000,0x0000000082a30480,0x0000000084b00000)
 Metaspace       used 56741K, capacity 59090K, committed 59160K, reserved 1099776K
  class space    used 7702K, capacity 8190K, committed 8240K, reserved 1048576K
Event: 5.758 GC heap after
Heap after GC invocations=15 (full 3):
 PSYoungGen      total 230912K, used 0K [0x00000000d5580000, 0x00000000e5080000, 0x0000000100000000)
  eden space 211968K, 0% used [0x00000000d5580000,0x00000000d5580000,0x00000000e2480000)
  from space 18944K, 0% used [0x00000000e3680000,0x00000000e3680000,0x00000000e4900000)
  to   space 18432K, 0% used [0x00000000e2480000,0x00000000e2480000,0x00000000e3680000)
 ParOldGen       total 76800K, used 33755K [0x0000000080000000, 0x0000000084b00000, 0x00000000d5580000)
  object space 76800K, 43% used [0x0000000080000000,0x00000000820f6ef0,0x0000000084b00000)
 Metaspace       used 56700K, capacity 58952K, committed 59160K, reserved 1099776K
  class space    used 7690K, capacity 8167K, committed 8240K, reserved 1048576K
}
Event: 7.434 GC heap before
{Heap before GC invocations=16 (full 3):
 PSYoungGen      total 230912K, used 211968K [0x00000000d5580000, 0x00000000e5080000, 0x0000000100000000)
  eden space 211968K, 100% used [0x00000000d5580000,0x00000000e2480000,0x00000000e2480000)
  from space 18944K, 0% used [0x00000000e3680000,0x00000000e3680000,0x00000000e4900000)
  to   space 18432K, 0% used [0x00000000e2480000,0x00000000e2480000,0x00000000e3680000)
 ParOldGen       total 76800K, used 33755K [0x0000000080000000, 0x0000000084b00000, 0x00000000d5580000)
  object space 76800K, 43% used [0x0000000080000000,0x00000000820f6ef0,0x0000000084b00000)
 Metaspace       used 65856K, capacity 69310K, committed 69400K, reserved 1110016K
  class space    used 9075K, capacity 9750K, committed 9776K, reserved 1048576K
Event: 7.452 GC heap after
Heap after GC invocations=16 (full 3):
 PSYoungGen      total 230400K, used 18407K [0x00000000d5580000, 0x00000000e5080000, 0x0000000100000000)
  eden space 211968K, 0% used [0x00000000d5580000,0x00000000d5580000,0x00000000e2480000)
  from space 18432K, 99% used [0x00000000e2480000,0x00000000e3679ea8,0x00000000e3680000)
  to   space 18944K, 0% used [0x00000000e3680000,0x00000000e3680000,0x00000000e4900000)
 ParOldGen       total 76800K, used 34568K [0x0000000080000000, 0x0000000084b00000, 0x00000000d5580000)
  object space 76800K, 45% used [0x0000000080000000,0x00000000821c23e8,0x0000000084b00000)
 Metaspace       used 65856K, capacity 69310K, committed 69400K, reserved 1110016K
  class space    used 9075K, capacity 9750K, committed 9776K, reserved 1048576K
}

Deoptimization events (10 events):
Event: 7.193 Thread 0x000000001fe0a000 Uncommon trap: reason=bimorphic action=maybe_recompile pc=0x00000000034e0e54 method=java.util.stream.AbstractPipeline.<init>(Ljava/util/stream/AbstractPipeline;I)V @ 66
Event: 7.253 Thread 0x000000001c77c800 Uncommon trap: reason=unstable_if action=reinterpret pc=0x00000000039f098c method=java.util.concurrent.ConcurrentHashMap.addCount(JI)V @ 97
Event: 7.423 Thread 0x000000001c779800 Uncommon trap: reason=null_check action=make_not_entrant pc=0x0000000003e6b5bc method=org.gradle.tooling.internal.provider.runner.SubtreeFilteringBuildOperationListener.started(Lorg/gradle/internal/operations/BuildOperationDescriptor;Lorg/gradle/internal/
Event: 7.424 Thread 0x000000001c77c800 Uncommon trap: reason=null_check action=make_not_entrant pc=0x0000000003e6b5bc method=org.gradle.tooling.internal.provider.runner.SubtreeFilteringBuildOperationListener.started(Lorg/gradle/internal/operations/BuildOperationDescriptor;Lorg/gradle/internal/
Event: 7.456 Thread 0x000000001c789000 Uncommon trap: reason=unstable_if action=reinterpret pc=0x00000000039f82f4 method=com.google.common.collect.MapMakerInternalMap$Segment.drainKeyReferenceQueue(Ljava/lang/ref/ReferenceQueue;)V @ 8
Event: 7.535 Thread 0x000000001fe0a000 Uncommon trap: reason=unstable_if action=reinterpret pc=0x0000000002c34758 method=com.esotericsoftware.kryo.io.Input.readString()Ljava/lang/String; @ 28
Event: 7.536 Thread 0x000000001fe0a000 Uncommon trap: reason=unstable_if action=reinterpret pc=0x00000000034ee138 method=com.esotericsoftware.kryo.io.Input.require(I)I @ 65
Event: 7.681 Thread 0x000000001fe0a000 Uncommon trap: reason=class_check action=maybe_recompile pc=0x0000000002d6da54 method=java.util.HashMap.putVal(ILjava/lang/Object;Ljava/lang/Object;ZZ)Ljava/lang/Object; @ 203
Event: 7.682 Thread 0x000000001fe0a000 Uncommon trap: reason=class_check action=maybe_recompile pc=0x0000000002d6da54 method=java.util.HashMap.putVal(ILjava/lang/Object;Ljava/lang/Object;ZZ)Ljava/lang/Object; @ 203
Event: 7.682 Thread 0x000000001fe0a000 Uncommon trap: reason=class_check action=maybe_recompile pc=0x0000000002d6da54 method=java.util.HashMap.putVal(ILjava/lang/Object;Ljava/lang/Object;ZZ)Ljava/lang/Object; @ 203

Classes redefined (0 events):
No events

Internal exceptions (10 events):
Event: 6.974 Thread 0x000000001c779800 Exception <a 'java/lang/NoSuchMethodError': java.lang.Object.lambda$flatMap$2(Ljava/util/function/Function;Ljava/lang/Object;)Lorg/gradle/internal/Try;> (0x00000000ddae3160) thrown at [C:\src\AOSP-openjdk-git\hotspot\src\share\vm\interpreter\linkResolver.
Event: 7.158 Thread 0x000000001fe0a000 Exception <a 'java/lang/NoSuchMethodError': java.lang.Object.lambda$flatMap$0(Ljava/lang/Throwable;)Lorg/gradle/api/internal/artifacts/transform/CacheableInvocation;> (0x00000000dd234110) thrown at [C:\src\AOSP-openjdk-git\hotspot\src\share\vm\interpreter
Event: 7.302 Thread 0x000000001fe0a000 Exception <a 'java/lang/NoSuchMethodError': <clinit>> (0x00000000e1428ef8) thrown at [C:\src\AOSP-openjdk-git\hotspot\src\share\vm\prims\jni.cpp, line 1615]
Event: 7.391 Thread 0x000000001fe0a000 Exception <a 'java/lang/NoSuchMethodError': <clinit>> (0x00000000e1d739e0) thrown at [C:\src\AOSP-openjdk-git\hotspot\src\share\vm\prims\jni.cpp, line 1615]
Event: 7.391 Thread 0x000000001fe0a000 Exception <a 'java/lang/NoSuchMethodError': <clinit>> (0x00000000e1d75358) thrown at [C:\src\AOSP-openjdk-git\hotspot\src\share\vm\prims\jni.cpp, line 1615]
Event: 7.391 Thread 0x000000001fe0a000 Exception <a 'java/lang/NoSuchMethodError': <clinit>> (0x00000000e1d7b490) thrown at [C:\src\AOSP-openjdk-git\hotspot\src\share\vm\prims\jni.cpp, line 1615]
Event: 7.392 Thread 0x000000001fe0a000 Exception <a 'java/lang/NoSuchMethodError': <clinit>> (0x00000000e1d90228) thrown at [C:\src\AOSP-openjdk-git\hotspot\src\share\vm\prims\jni.cpp, line 1615]
Event: 7.392 Thread 0x000000001fe0a000 Exception <a 'java/lang/NoSuchMethodError': <clinit>> (0x00000000e1d91548) thrown at [C:\src\AOSP-openjdk-git\hotspot\src\share\vm\prims\jni.cpp, line 1615]
Event: 7.423 Thread 0x000000001c779800 Implicit null exception at 0x0000000003e6ae00 to 0x0000000003e6b595
Event: 7.423 Thread 0x000000001c77c800 Implicit null exception at 0x0000000003e6ae00 to 0x0000000003e6b595

Events (10 events):
Event: 7.804 loading class kotlin/reflect/jvm/internal/impl/descriptors/impl/CompositePackageFragmentProvider
Event: 7.804 loading class kotlin/reflect/jvm/internal/impl/descriptors/impl/CompositePackageFragmentProvider done
Event: 7.804 loading class kotlin/reflect/jvm/internal/impl/descriptors/runtime/components/PackagePartScopeCache
Event: 7.804 loading class kotlin/reflect/jvm/internal/impl/descriptors/runtime/components/PackagePartScopeCache done
Event: 7.805 loading class kotlin/reflect/jvm/internal/impl/descriptors/FindClassInModuleKt
Event: 7.805 loading class kotlin/reflect/jvm/internal/impl/descriptors/FindClassInModuleKt done
Event: 7.805 loading class kotlin/reflect/jvm/internal/impl/descriptors/impl/LazyPackageViewDescriptorImpl
Event: 7.805 loading class kotlin/reflect/jvm/internal/impl/descriptors/impl/LazyPackageViewDescriptorImpl done
Event: 7.805 loading class kotlin/reflect/jvm/internal/impl/descriptors/impl/LazyPackageViewDescriptorImpl$fragments$2
Event: 7.805 loading class kotlin/reflect/jvm/internal/impl/descriptors/impl/LazyPackageViewDescriptorImpl$fragments$2 done


Dynamic libraries:
0x00007ff704740000 - 0x00007ff704771000 	C:\Program Files\Android\Android Studio\jre\bin\java.exe
0x00007ffa6e5d0000 - 0x00007ffa6e7c5000 	C:\WINDOWS\SYSTEM32\ntdll.dll
0x00007ffa6d070000 - 0x00007ffa6d12d000 	C:\WINDOWS\System32\KERNEL32.DLL
0x00007ffa6bd10000 - 0x00007ffa6bfd9000 	C:\WINDOWS\System32\KERNELBASE.dll
0x00007ffa6e350000 - 0x00007ffa6e3fc000 	C:\WINDOWS\System32\ADVAPI32.dll
0x00007ffa6db30000 - 0x00007ffa6dbce000 	C:\WINDOWS\System32\msvcrt.dll
0x00007ffa6c6a0000 - 0x00007ffa6c73c000 	C:\WINDOWS\System32\sechost.dll
0x00007ffa6d920000 - 0x00007ffa6da4b000 	C:\WINDOWS\System32\RPCRT4.dll
0x00007ffa6e040000 - 0x00007ffa6e1e0000 	C:\WINDOWS\System32\USER32.dll
0x00007ffa6c340000 - 0x00007ffa6c362000 	C:\WINDOWS\System32\win32u.dll
0x00007ffa6e2c0000 - 0x00007ffa6e2ea000 	C:\WINDOWS\System32\GDI32.dll
0x00007ffa6c3c0000 - 0x00007ffa6c4cb000 	C:\WINDOWS\System32\gdi32full.dll
0x00007ffa6c1f0000 - 0x00007ffa6c28d000 	C:\WINDOWS\System32\msvcp_win.dll
0x00007ffa6c070000 - 0x00007ffa6c170000 	C:\WINDOWS\System32\ucrtbase.dll
0x00007ffa4fd30000 - 0x00007ffa4ffca000 	C:\WINDOWS\WinSxS\amd64_microsoft.windows.common-controls_6595b64144ccf1df_6.0.19041.844_none_ca00b6081b84eb1d\COMCTL32.dll
0x00007ffa6da50000 - 0x00007ffa6da80000 	C:\WINDOWS\System32\IMM32.DLL
0x00000000707c0000 - 0x0000000070892000 	C:\Program Files\Android\Android Studio\jre\jre\bin\msvcr100.dll
0x00000000708a0000 - 0x00000000710eb000 	C:\Program Files\Android\Android Studio\jre\jre\bin\server\jvm.dll
0x00007ffa6e510000 - 0x00007ffa6e518000 	C:\WINDOWS\System32\PSAPI.DLL
0x00007ffa6b8a0000 - 0x00007ffa6b8aa000 	C:\WINDOWS\SYSTEM32\VERSION.dll
0x00007ffa4f1a0000 - 0x00007ffa4f1a9000 	C:\WINDOWS\SYSTEM32\WSOCK32.dll
0x00007ffa52690000 - 0x00007ffa526b7000 	C:\WINDOWS\SYSTEM32\WINMM.dll
0x00007ffa6e520000 - 0x00007ffa6e58b000 	C:\WINDOWS\System32\WS2_32.dll
0x00007ffa63300000 - 0x00007ffa6330f000 	C:\Program Files\Android\Android Studio\jre\jre\bin\verify.dll
0x00007ffa3b8c0000 - 0x00007ffa3b8e9000 	C:\Program Files\Android\Android Studio\jre\jre\bin\java.dll
0x00007ffa3c560000 - 0x00007ffa3c576000 	C:\Program Files\Android\Android Studio\jre\jre\bin\zip.dll
0x00007ffa6d150000 - 0x00007ffa6d892000 	C:\WINDOWS\System32\SHELL32.dll
0x00007ffa69de0000 - 0x00007ffa6a570000 	C:\WINDOWS\SYSTEM32\windows.storage.dll
0x00007ffa6c990000 - 0x00007ffa6cce5000 	C:\WINDOWS\System32\combase.dll
0x00007ffa6b710000 - 0x00007ffa6b73c000 	C:\WINDOWS\SYSTEM32\Wldp.dll
0x00007ffa6e400000 - 0x00007ffa6e4ae000 	C:\WINDOWS\System32\SHCORE.dll
0x00007ffa6c640000 - 0x00007ffa6c695000 	C:\WINDOWS\System32\shlwapi.dll
0x00007ffa6bc50000 - 0x00007ffa6bc6f000 	C:\WINDOWS\SYSTEM32\profapi.dll
0x00007ffa3b310000 - 0x00007ffa3b32a000 	C:\Program Files\Android\Android Studio\jre\jre\bin\net.dll
0x00007ffa6b490000 - 0x00007ffa6b4fa000 	C:\WINDOWS\system32\mswsock.dll
0x00007ffa3ab50000 - 0x00007ffa3ab63000 	C:\Program Files\Android\Android Studio\jre\jre\bin\nio.dll
0x00007ffa631c0000 - 0x00007ffa631e7000 	C:\Users\Apolo\.gradle\native\f6784746aeab05261644944871eae4fe03e0ef1612fff0a4a95f87b438bc6780\windows-amd64\native-platform.dll
0x00007ffa60750000 - 0x00007ffa6075d000 	C:\Program Files\Android\Android Studio\jre\jre\bin\management.dll
0x00007ffa6b660000 - 0x00007ffa6b678000 	C:\WINDOWS\SYSTEM32\CRYPTSP.dll
0x00007ffa6adc0000 - 0x00007ffa6adf4000 	C:\WINDOWS\system32\rsaenh.dll
0x00007ffa6c040000 - 0x00007ffa6c067000 	C:\WINDOWS\System32\bcrypt.dll
0x00007ffa6bbd0000 - 0x00007ffa6bbfe000 	C:\WINDOWS\SYSTEM32\USERENV.dll
0x00007ffa6c170000 - 0x00007ffa6c1f0000 	C:\WINDOWS\System32\bcryptprimitives.dll
0x00007ffa6b680000 - 0x00007ffa6b68c000 	C:\WINDOWS\SYSTEM32\CRYPTBASE.dll
0x00007ffa6b130000 - 0x00007ffa6b16b000 	C:\WINDOWS\SYSTEM32\IPHLPAPI.DLL
0x00007ffa6c630000 - 0x00007ffa6c638000 	C:\WINDOWS\System32\NSI.dll
0x00007ffa5f6e0000 - 0x00007ffa5f6f7000 	C:\WINDOWS\SYSTEM32\dhcpcsvc6.DLL
0x00007ffa60270000 - 0x00007ffa6028d000 	C:\WINDOWS\SYSTEM32\dhcpcsvc.DLL
0x00007ffa6b1c0000 - 0x00007ffa6b28b000 	C:\WINDOWS\SYSTEM32\DNSAPI.dll
0x00007ffa60950000 - 0x00007ffa6095b000 	C:\WINDOWS\SYSTEM32\WINNSI.DLL

VM Arguments:
jvm_args: -Xmx2048m -Dfile.encoding=windows-1252 -Duser.country=ES -Duser.language=es -Duser.variant 
java_command: org.gradle.launcher.daemon.bootstrap.GradleDaemon 6.5
java_class_path (initial): C:\Users\Apolo\.gradle\wrapper\dists\gradle-6.5-bin\6nifqtx7604sqp1q6g8wikw7p\gradle-6.5\lib\gradle-launcher-6.5.jar
Launcher Type: SUN_STANDARD

Environment Variables:
PATH=C:\Program Files\Common Files\Oracle\Java\javapath;C:\Program Files (x86)\Common Files\Oracle\Java\javapath;C:\orant\bin;C:\WINDOWS\system32;C:\WINDOWS;C:\WINDOWS\System32\Wbem;C:\WINDOWS\System32\WindowsPowerShell\v1.0\;C:\WINDOWS\System32\OpenSSH\;C:\orant\jdk\bin;C:\Program Files (x86)\Intel\Intel(R) Memory And Storage Tool\;C:\Program Files\Git\cmd;C:\Program Files\nodejs\;C:\instantclient_12_1\;C:\Users\Apolo\AppData\Local\Microsoft\WindowsApps;C:\Users\Apolo\AppData\Local\Programs\Microsoft VS Code\bin;C:\Users\Apolo\AppData\Roaming\npm;C:\Users\Apolo\AppData\Local\atom\bin
USERNAME=Apolo
OS=Windows_NT
PROCESSOR_IDENTIFIER=Intel64 Family 6 Model 126 Stepping 5, GenuineIntel



---------------  S Y S T E M  ---------------

OS: Windows 10.0 , 64 bit Build 19041 (10.0.19041.804)

CPU:total 8 (initial active 8) (4 cores per cpu, 2 threads per core) family 6 model 126 stepping 5, cmov, cx8, fxsr, mmx, sse, sse2, sse3, ssse3, sse4.1, sse4.2, popcnt, avx, avx2, aes, clmul, erms, 3dnowpref, lzcnt, ht, tsc, tscinvbit, bmi1, bmi2, adx

Memory: 4k page, physical 8165048k(775832k free), swap 11736884k(5228k free)

vm_info: OpenJDK 64-Bit Server VM (25.242-b01) for windows-amd64 JRE (1.8.0_242-release-1644-b01), built by "builder" with MS VC++ 10.0 (VS2010)

time: Mon Mar 22 11:13:35 2021
timezone: Hora de verano de Paraguay
elapsed time: 7 seconds (0d 0h 0m 7s)

