#
# There is insufficient memory for the Java Runtime Environment to continue.
# Native memory allocation (malloc) failed to allocate 1162240 bytes for Chunk::new
# Possible reasons:
#   The system is out of physical RAM or swap space
#   The process is running with CompressedOops enabled, and the Java Heap may be blocking the growth of the native heap
# Possible solutions:
#   Reduce memory load on the system
#   Increase physical memory or swap space
#   Check if swap backing store is full
#   Decrease Java heap size (-Xmx/-Xms)
#   Decrease number of Java threads
#   Decrease Java thread stack sizes (-Xss)
#   Set larger code cache with -XX:ReservedCodeCacheSize=
#   JVM is running with Unscaled Compressed Oops mode in which the Java heap is
#     placed in the first 4GB address space. The Java Heap base address is the
#     maximum limit for the native heap growth. Please use -XX:HeapBaseMinAddress
#     to set the Java Heap base and to place the Java Heap above 4GB virtual address.
# This output file may be truncated or incomplete.
#
#  Out of Memory Error (allocation.cpp:389), pid=8972, tid=0x0000000000002120
#
# JRE version: OpenJDK Runtime Environment (8.0_242-b01) (build 1.8.0_242-release-1644-b01)
# Java VM: OpenJDK 64-Bit Server VM (25.242-b01 mixed mode windows-amd64 compressed oops)
# Failed to write core dump. Minidumps are not enabled by default on client versions of Windows
#

---------------  T H R E A D  ---------------

Current thread (0x0000000019441800):  JavaThread "C2 CompilerThread0" daemon [_thread_in_native, id=8480, stack(0x0000000019d30000,0x0000000019e30000)]

Stack: [0x0000000019d30000,0x0000000019e30000]
[error occurred during error reporting (printing stack bounds), id 0xc0000005]

Native frames: (J=compiled Java code, j=interpreted, Vv=VM code, C=native code)


Current CompileTask:
C2:  12565 9120   !   4       java.io.ObjectOutputStream::writeObject0 (619 bytes)


---------------  P R O C E S S  ---------------

Java Threads: ( => current thread )
  0x000000001ca33000 JavaThread "stdout" [_thread_in_native, id=15904, stack(0x00000000307a0000,0x00000000308a0000)]
  0x000000001ca32000 JavaThread "stderr" [_thread_in_native, id=6584, stack(0x00000000306a0000,0x00000000307a0000)]
  0x00000000204ed000 JavaThread "stdout" [_thread_in_native, id=12944, stack(0x00000000301a0000,0x00000000302a0000)]
  0x00000000204f3000 JavaThread "stderr" [_thread_in_native, id=3160, stack(0x00000000300a0000,0x00000000301a0000)]
  0x00000000204f0000 JavaThread "pool-2-thread-1" [_thread_blocked, id=12172, stack(0x000000002fa40000,0x000000002fb40000)]
  0x00000000204ee000 JavaThread "MarlinRenderer Disposer" daemon [_thread_blocked, id=16400, stack(0x000000002fb60000,0x000000002fc60000)]
  0x00000000204f4000 JavaThread "Java2D Disposer" daemon [_thread_blocked, id=14400, stack(0x000000002f8c0000,0x000000002f9c0000)]
  0x00000000204e6800 JavaThread "WorkerExecutor Queue Thread 8" [_thread_blocked, id=16824, stack(0x000000002f5c0000,0x000000002f6c0000)]
  0x00000000204ec800 JavaThread "WorkerExecutor Queue Thread 7" [_thread_blocked, id=5352, stack(0x000000002f4c0000,0x000000002f5c0000)]
  0x00000000204e5800 JavaThread "WorkerExecutor Queue Thread 6" [_thread_blocked, id=16728, stack(0x000000002f3c0000,0x000000002f4c0000)]
  0x00000000204eb800 JavaThread "WorkerExecutor Queue Thread 5" [_thread_blocked, id=4392, stack(0x000000002f2c0000,0x000000002f3c0000)]
  0x00000000204eb000 JavaThread "WorkerExecutor Queue Thread 4" [_thread_blocked, id=16312, stack(0x000000002f1c0000,0x000000002f2c0000)]
  0x00000000204e9800 JavaThread "WorkerExecutor Queue Thread 3" [_thread_blocked, id=11896, stack(0x000000002f0c0000,0x000000002f1c0000)]
  0x00000000204e8800 JavaThread "WorkerExecutor Queue Thread 2" [_thread_blocked, id=9032, stack(0x000000002efc0000,0x000000002f0c0000)]
  0x00000000204e5000 JavaThread "WorkerExecutor Queue" [_thread_blocked, id=3084, stack(0x000000002eec0000,0x000000002efc0000)]
  0x000000001fceb000 JavaThread "Cache worker for execution history cache (C:\Android\Proyecto\VendedoresKT\ApoloVendedor\.gradle\6.5\executionHistory)" [_thread_blocked, id=11452, stack(0x000000002d9f0000,0x000000002daf0000)]
  0x000000001fce9800 JavaThread "Execution worker for ':' Thread 7" [_thread_blocked, id=12628, stack(0x000000002d8f0000,0x000000002d9f0000)]
  0x000000001fcec800 JavaThread "Execution worker for ':' Thread 6" [_thread_blocked, id=7604, stack(0x000000002d7f0000,0x000000002d8f0000)]
  0x000000001fced800 JavaThread "Execution worker for ':' Thread 5" [_thread_blocked, id=10392, stack(0x000000002d6f0000,0x000000002d7f0000)]
  0x000000001fcef800 JavaThread "Execution worker for ':' Thread 4" [_thread_blocked, id=14824, stack(0x000000002d5f0000,0x000000002d6f0000)]
  0x000000001fcef000 JavaThread "Execution worker for ':' Thread 3" [_thread_blocked, id=13052, stack(0x000000002d4f0000,0x000000002d5f0000)]
  0x000000001fcec000 JavaThread "Execution worker for ':' Thread 2" [_thread_blocked, id=16944, stack(0x000000002d3f0000,0x000000002d4f0000)]
  0x000000001fcea800 JavaThread "Execution worker for ':'" [_thread_blocked, id=15088, stack(0x000000002d2f0000,0x000000002d3f0000)]
  0x000000001fce1800 JavaThread "Cache worker for file content cache (C:\Android\Proyecto\VendedoresKT\ApoloVendedor\.gradle\6.5\fileContent)" [_thread_blocked, id=14056, stack(0x000000002cba0000,0x000000002cca0000)]
  0x000000001fce6800 JavaThread "Memory manager" [_thread_blocked, id=16496, stack(0x000000002caa0000,0x000000002cba0000)]
  0x000000001fce5000 JavaThread "Cache worker for Build Output Cleanup Cache (C:\Android\Proyecto\VendedoresKT\ApoloVendedor\.gradle\buildOutputCleanup)" [_thread_blocked, id=9852, stack(0x000000002b860000,0x000000002b960000)]
  0x000000001fce3800 JavaThread "jar transforms Thread 113" [_thread_blocked, id=12556, stack(0x000000002a590000,0x000000002a690000)]
  0x000000001fce8000 JavaThread "jar transforms Thread 112" [_thread_blocked, id=15252, stack(0x000000002a490000,0x000000002a590000)]
  0x000000001fce2000 JavaThread "jar transforms Thread 111" [_thread_blocked, id=4584, stack(0x000000002a390000,0x000000002a490000)]
  0x000000001fce3000 JavaThread "jar transforms Thread 110" [_thread_blocked, id=8864, stack(0x000000002a290000,0x000000002a390000)]
  0x000000001fd2c000 JavaThread "jar transforms Thread 109" [_thread_blocked, id=11112, stack(0x000000002a190000,0x000000002a290000)]
  0x000000001fd26800 JavaThread "jar transforms Thread 108" [_thread_blocked, id=6796, stack(0x000000002a090000,0x000000002a190000)]
  0x000000001fd2d800 JavaThread "jar transforms Thread 107" [_thread_blocked, id=4296, stack(0x0000000029f90000,0x000000002a090000)]
  0x000000001fd2b800 JavaThread "jar transforms Thread 106" [_thread_blocked, id=13220, stack(0x0000000029e90000,0x0000000029f90000)]
  0x000000001fd2a800 JavaThread "jar transforms Thread 105" [_thread_blocked, id=12156, stack(0x0000000029d90000,0x0000000029e90000)]
  0x000000001fd26000 JavaThread "jar transforms Thread 104" [_thread_blocked, id=16132, stack(0x0000000029c90000,0x0000000029d90000)]
  0x000000001fd2a000 JavaThread "jar transforms Thread 103" [_thread_blocked, id=8440, stack(0x0000000029b90000,0x0000000029c90000)]
  0x000000001fd28800 JavaThread "jar transforms Thread 102" [_thread_blocked, id=2828, stack(0x0000000029a90000,0x0000000029b90000)]
  0x000000001fd2d000 JavaThread "jar transforms Thread 101" [_thread_blocked, id=17004, stack(0x0000000029990000,0x0000000029a90000)]
  0x000000001fd29000 JavaThread "jar transforms Thread 100" [_thread_blocked, id=4112, stack(0x0000000029890000,0x0000000029990000)]
  0x000000001fd27800 JavaThread "jar transforms Thread 99" [_thread_blocked, id=9708, stack(0x0000000029790000,0x0000000029890000)]
  0x000000001fd1e800 JavaThread "jar transforms Thread 98" [_thread_blocked, id=11912, stack(0x0000000029690000,0x0000000029790000)]
  0x000000001fd23800 JavaThread "jar transforms Thread 97" [_thread_blocked, id=7196, stack(0x0000000029590000,0x0000000029690000)]
  0x000000001fd23000 JavaThread "jar transforms Thread 96" [_thread_blocked, id=9072, stack(0x0000000029490000,0x0000000029590000)]
  0x000000001fd25000 JavaThread "jar transforms Thread 95" [_thread_blocked, id=9676, stack(0x0000000029390000,0x0000000029490000)]
  0x000000001fd22000 JavaThread "jar transforms Thread 94" [_thread_blocked, id=15220, stack(0x0000000029290000,0x0000000029390000)]
  0x000000001fd21800 JavaThread "jar transforms Thread 93" [_thread_blocked, id=13768, stack(0x0000000029190000,0x0000000029290000)]
  0x000000001fd24800 JavaThread "jar transforms Thread 92" [_thread_blocked, id=1096, stack(0x0000000029090000,0x0000000029190000)]
  0x000000001fd20800 JavaThread "jar transforms Thread 91" [_thread_blocked, id=13776, stack(0x0000000028f90000,0x0000000029090000)]
  0x000000001fd1f000 JavaThread "jar transforms Thread 90" [_thread_blocked, id=2548, stack(0x0000000028e90000,0x0000000028f90000)]
  0x000000001fd20000 JavaThread "jar transforms Thread 89" [_thread_blocked, id=9060, stack(0x0000000028d90000,0x0000000028e90000)]
  0x000000001c6b1800 JavaThread "jar transforms Thread 88" [_thread_blocked, id=7184, stack(0x0000000028c90000,0x0000000028d90000)]
  0x000000001c6b0800 JavaThread "jar transforms Thread 87" [_thread_blocked, id=15948, stack(0x0000000028b90000,0x0000000028c90000)]
  0x000000001c6af000 JavaThread "jar transforms Thread 86" [_thread_blocked, id=13640, stack(0x0000000028a90000,0x0000000028b90000)]
  0x000000001c6ad800 JavaThread "jar transforms Thread 85" [_thread_blocked, id=13336, stack(0x0000000028990000,0x0000000028a90000)]
  0x000000001c6ac000 JavaThread "jar transforms Thread 84" [_thread_blocked, id=13780, stack(0x0000000028890000,0x0000000028990000)]
  0x000000001c6ad000 JavaThread "jar transforms Thread 83" [_thread_blocked, id=9824, stack(0x0000000028790000,0x0000000028890000)]
  0x000000001c6ae800 JavaThread "jar transforms Thread 82" [_thread_blocked, id=11212, stack(0x0000000028690000,0x0000000028790000)]
  0x000000001c6b0000 JavaThread "jar transforms Thread 81" [_thread_blocked, id=5532, stack(0x0000000028590000,0x0000000028690000)]
  0x000000001c6a4800 JavaThread "jar transforms Thread 80" [_thread_blocked, id=3480, stack(0x0000000028490000,0x0000000028590000)]
  0x000000001c6ab800 JavaThread "jar transforms Thread 79" [_thread_blocked, id=7876, stack(0x0000000028390000,0x0000000028490000)]
  0x000000001c6a4000 JavaThread "jar transforms Thread 78" [_thread_blocked, id=2984, stack(0x0000000028290000,0x0000000028390000)]
  0x000000001c6aa800 JavaThread "jar transforms Thread 77" [_thread_blocked, id=14388, stack(0x0000000028190000,0x0000000028290000)]
  0x000000001c6a9000 JavaThread "jar transforms Thread 76" [_thread_blocked, id=16864, stack(0x0000000028090000,0x0000000028190000)]
  0x000000001c6a8800 JavaThread "jar transforms Thread 75" [_thread_blocked, id=14628, stack(0x0000000027f90000,0x0000000028090000)]
  0x000000001c6a7800 JavaThread "jar transforms Thread 74" [_thread_blocked, id=16536, stack(0x0000000027e90000,0x0000000027f90000)]
  0x000000001c6a3000 JavaThread "jar transforms Thread 73" [_thread_blocked, id=16068, stack(0x0000000027d90000,0x0000000027e90000)]
  0x000000001c6aa000 JavaThread "jar transforms Thread 72" [_thread_blocked, id=12808, stack(0x0000000027c90000,0x0000000027d90000)]
  0x000000001c6a7000 JavaThread "jar transforms Thread 71" [_thread_blocked, id=6220, stack(0x0000000027b90000,0x0000000027c90000)]
  0x000000001c6a2800 JavaThread "jar transforms Thread 70" [_thread_blocked, id=13744, stack(0x0000000027a90000,0x0000000027b90000)]
  0x000000001c6a5800 JavaThread "jar transforms Thread 69" [_thread_blocked, id=9472, stack(0x0000000027990000,0x0000000027a90000)]
  0x000000001c6a6000 JavaThread "jar transforms Thread 68" [_thread_blocked, id=12712, stack(0x0000000027890000,0x0000000027990000)]
  0x000000001fcd0800 JavaThread "jar transforms Thread 67" [_thread_blocked, id=9592, stack(0x0000000027790000,0x0000000027890000)]
  0x000000001fccf800 JavaThread "jar transforms Thread 66" [_thread_blocked, id=17060, stack(0x0000000027690000,0x0000000027790000)]
  0x000000001fccd800 JavaThread "jar transforms Thread 65" [_thread_blocked, id=7520, stack(0x0000000027590000,0x0000000027690000)]
  0x000000001fccc800 JavaThread "jar transforms Thread 64" [_thread_blocked, id=15388, stack(0x0000000027490000,0x0000000027590000)]
  0x000000001fcd1000 JavaThread "jar transforms Thread 63" [_thread_blocked, id=15764, stack(0x0000000027390000,0x0000000027490000)]
  0x000000001fcc9000 JavaThread "jar transforms Thread 62" [_thread_blocked, id=12232, stack(0x0000000027290000,0x0000000027390000)]
  0x000000001fcc8000 JavaThread "jar transforms Thread 61" [_thread_blocked, id=15508, stack(0x0000000027190000,0x0000000027290000)]
  0x000000001fccc000 JavaThread "jar transforms Thread 60" [_thread_blocked, id=14376, stack(0x0000000027090000,0x0000000027190000)]
  0x000000001fccf000 JavaThread "jar transforms Thread 59" [_thread_blocked, id=10060, stack(0x0000000026f90000,0x0000000027090000)]
  0x000000001fccb000 JavaThread "jar transforms Thread 58" [_thread_blocked, id=10024, stack(0x0000000026e90000,0x0000000026f90000)]
  0x000000001fcce000 JavaThread "jar transforms Thread 57" [_thread_blocked, id=7872, stack(0x0000000026d90000,0x0000000026e90000)]
  0x000000001fcc3800 JavaThread "jar transforms Thread 56" [_thread_blocked, id=13860, stack(0x0000000026c90000,0x0000000026d90000)]
  0x000000001fcc5000 JavaThread "jar transforms Thread 55" [_thread_blocked, id=15852, stack(0x0000000026b90000,0x0000000026c90000)]
  0x000000001fcc9800 JavaThread "jar transforms Thread 54" [_thread_blocked, id=1448, stack(0x0000000026a90000,0x0000000026b90000)]
  0x000000001fcca800 JavaThread "jar transforms Thread 53" [_thread_blocked, id=15396, stack(0x0000000026990000,0x0000000026a90000)]
  0x000000001fcc6000 JavaThread "jar transforms Thread 52" [_thread_blocked, id=3340, stack(0x0000000026890000,0x0000000026990000)]
  0x000000001fcc7800 JavaThread "jar transforms Thread 51" [_thread_blocked, id=5260, stack(0x0000000026790000,0x0000000026890000)]
  0x000000001fcc6800 JavaThread "jar transforms Thread 50" [_thread_blocked, id=10420, stack(0x0000000026690000,0x0000000026790000)]
  0x000000001fcc2000 JavaThread "jar transforms Thread 49" [_thread_blocked, id=14312, stack(0x0000000026590000,0x0000000026690000)]
  0x000000001fcc4800 JavaThread "jar transforms Thread 48" [_thread_blocked, id=15868, stack(0x0000000026490000,0x0000000026590000)]
  0x000000001fcc3000 JavaThread "jar transforms Thread 47" [_thread_blocked, id=13896, stack(0x0000000026390000,0x0000000026490000)]
  0x00000000201d8000 JavaThread "jar transforms Thread 46" [_thread_blocked, id=6764, stack(0x0000000026290000,0x0000000026390000)]
  0x00000000201d7000 JavaThread "jar transforms Thread 45" [_thread_blocked, id=14880, stack(0x0000000026190000,0x0000000026290000)]
  0x00000000201db800 JavaThread "jar transforms Thread 44" [_thread_blocked, id=14196, stack(0x0000000026090000,0x0000000026190000)]
  0x00000000201db000 JavaThread "jar transforms Thread 43" [_thread_blocked, id=14868, stack(0x0000000025f90000,0x0000000026090000)]
  0x00000000201da000 JavaThread "jar transforms Thread 42" [_thread_blocked, id=1456, stack(0x0000000025e90000,0x0000000025f90000)]
  0x00000000201d9800 JavaThread "jar transforms Thread 41" [_thread_blocked, id=16816, stack(0x0000000025d90000,0x0000000025e90000)]
  0x00000000201dc800 JavaThread "jar transforms Thread 40" [_thread_blocked, id=17120, stack(0x0000000025c90000,0x0000000025d90000)]
  0x00000000201d8800 JavaThread "jar transforms Thread 39" [_thread_blocked, id=15472, stack(0x0000000025b90000,0x0000000025c90000)]
  0x00000000201cf800 JavaThread "jar transforms Thread 38" [_thread_blocked, id=16872, stack(0x0000000025a90000,0x0000000025b90000)]
  0x00000000201d5000 JavaThread "jar transforms Thread 37" [_thread_blocked, id=16108, stack(0x0000000025990000,0x0000000025a90000)]
  0x00000000201d0800 JavaThread "jar transforms Thread 36" [_thread_blocked, id=12140, stack(0x0000000025890000,0x0000000025990000)]
  0x00000000201d2800 JavaThread "jar transforms Thread 35" [_thread_blocked, id=15256, stack(0x0000000025790000,0x0000000025890000)]
  0x00000000201d6800 JavaThread "jar transforms Thread 34" [_thread_blocked, id=14776, stack(0x0000000025690000,0x0000000025790000)]
  0x00000000201d4000 JavaThread "jar transforms Thread 33" [_thread_blocked, id=1440, stack(0x0000000025590000,0x0000000025690000)]
  0x00000000201cf000 JavaThread "jar transforms Thread 32" [_thread_blocked, id=2464, stack(0x0000000025490000,0x0000000025590000)]
  0x00000000201d5800 JavaThread "jar transforms Thread 31" [_thread_blocked, id=5764, stack(0x0000000025390000,0x0000000025490000)]
  0x00000000201ce000 JavaThread "jar transforms Thread 30" [_thread_blocked, id=2384, stack(0x0000000025290000,0x0000000025390000)]
  0x00000000201cd800 JavaThread "jar transforms Thread 29" [_thread_blocked, id=6788, stack(0x0000000025190000,0x0000000025290000)]
  0x00000000201d2000 JavaThread "jar transforms Thread 28" [_thread_blocked, id=7888, stack(0x0000000025090000,0x0000000025190000)]
  0x00000000201d3800 JavaThread "jar transforms Thread 27" [_thread_blocked, id=788, stack(0x0000000024f90000,0x0000000025090000)]
  0x00000000201d1000 JavaThread "jar transforms Thread 26" [_thread_blocked, id=15656, stack(0x0000000024e90000,0x0000000024f90000)]
  0x0000000020458800 JavaThread "jar transforms Thread 25" [_thread_blocked, id=15140, stack(0x0000000024d90000,0x0000000024e90000)]
  0x0000000020457000 JavaThread "jar transforms Thread 24" [_thread_blocked, id=12504, stack(0x0000000024c90000,0x0000000024d90000)]
  0x0000000020459000 JavaThread "jar transforms Thread 23" [_thread_blocked, id=1956, stack(0x0000000024b90000,0x0000000024c90000)]
  0x0000000020456000 JavaThread "jar transforms Thread 22" [_thread_blocked, id=1392, stack(0x0000000024a90000,0x0000000024b90000)]
  0x0000000020457800 JavaThread "jar transforms Thread 21" [_thread_blocked, id=1928, stack(0x0000000024990000,0x0000000024a90000)]
  0x0000000020455800 JavaThread "jar transforms Thread 20" [_thread_blocked, id=8152, stack(0x0000000024890000,0x0000000024990000)]
  0x000000002044e000 JavaThread "jar transforms Thread 19" [_thread_blocked, id=15056, stack(0x0000000024790000,0x0000000024890000)]
  0x0000000020454800 JavaThread "jar transforms Thread 18" [_thread_blocked, id=7664, stack(0x0000000024690000,0x0000000024790000)]
  0x000000002044d000 JavaThread "jar transforms Thread 17" [_thread_blocked, id=14644, stack(0x0000000024590000,0x0000000024690000)]
  0x0000000020454000 JavaThread "jar transforms Thread 16" [_thread_blocked, id=10088, stack(0x0000000024490000,0x0000000024590000)]
  0x0000000020453000 JavaThread "jar transforms Thread 15" [_thread_blocked, id=10092, stack(0x0000000024390000,0x0000000024490000)]
  0x000000002044b800 JavaThread "jar transforms Thread 14" [_thread_blocked, id=3792, stack(0x0000000024290000,0x0000000024390000)]
  0x0000000020451800 JavaThread "jar transforms Thread 13" [_thread_blocked, id=17368, stack(0x0000000024190000,0x0000000024290000)]
  0x0000000020452800 JavaThread "jar transforms Thread 12" [_thread_blocked, id=14612, stack(0x0000000024090000,0x0000000024190000)]
  0x000000002044c800 JavaThread "jar transforms Thread 11" [_thread_blocked, id=11392, stack(0x0000000023f90000,0x0000000024090000)]
  0x000000002044a000 JavaThread "jar transforms Thread 10" [_thread_blocked, id=14528, stack(0x0000000023e90000,0x0000000023f90000)]
  0x000000002044b000 JavaThread "jar transforms Thread 9" [_thread_blocked, id=13188, stack(0x0000000023d90000,0x0000000023e90000)]
  0x000000002044f800 JavaThread "jar transforms Thread 8" [_thread_blocked, id=16348, stack(0x0000000023c90000,0x0000000023d90000)]
  0x0000000020451000 JavaThread "jar transforms Thread 7" [_thread_blocked, id=16016, stack(0x0000000023b90000,0x0000000023c90000)]
  0x000000002044e800 JavaThread "jar transforms Thread 6" [_thread_blocked, id=11136, stack(0x0000000023a90000,0x0000000023b90000)]
  0x0000000020450000 JavaThread "jar transforms Thread 5" [_thread_blocked, id=4628, stack(0x0000000023990000,0x0000000023a90000)]
  0x000000001fa03800 JavaThread "jar transforms Thread 4" [_thread_blocked, id=9108, stack(0x0000000023890000,0x0000000023990000)]
  0x000000001fa01800 JavaThread "jar transforms Thread 3" [_thread_blocked, id=15556, stack(0x0000000023790000,0x0000000023890000)]
  0x000000001fa03000 JavaThread "jar transforms Thread 2" [_thread_blocked, id=5160, stack(0x0000000023690000,0x0000000023790000)]
  0x000000001fa00000 JavaThread "Build operations Thread 8" [_thread_in_native, id=6208, stack(0x0000000023490000,0x0000000023590000)]
  0x000000001fa00800 JavaThread "Build operations Thread 7" [_thread_in_native, id=15100, stack(0x0000000023390000,0x0000000023490000)]
  0x000000001f9ff000 JavaThread "Build operations Thread 6" [_thread_blocked, id=3128, stack(0x0000000023290000,0x0000000023390000)]
  0x000000001fa02000 JavaThread "Build operations Thread 5" [_thread_blocked, id=10680, stack(0x0000000023190000,0x0000000023290000)]
  0x000000001fa04800 JavaThread "Build operations Thread 4" [_thread_in_native, id=6076, stack(0x0000000023090000,0x0000000023190000)]
  0x000000001f9f7800 JavaThread "Build operations Thread 3" [_thread_blocked, id=1188, stack(0x0000000022f90000,0x0000000023090000)]
  0x000000001f9fe800 JavaThread "Build operations Thread 2" [_thread_in_native, id=6036, stack(0x0000000022e90000,0x0000000022f90000)]
  0x000000001f9fd800 JavaThread "Build operations" [_thread_blocked, id=12856, stack(0x0000000022d90000,0x0000000022e90000)]
  0x000000001f9f8800 JavaThread "Cache worker for file content cache (C:\Users\Apolo\.gradle\caches\6.5\fileContent)" [_thread_blocked, id=17056, stack(0x0000000022690000,0x0000000022790000)]
  0x000000001f9fb800 JavaThread "jar transforms" [_thread_blocked, id=4532, stack(0x0000000022590000,0x0000000022690000)]
  0x000000001f9fa800 JavaThread "Cache worker for execution history cache (C:\Users\Apolo\.gradle\caches\6.5\executionHistory)" [_thread_blocked, id=16612, stack(0x0000000021e90000,0x0000000021f90000)]
  0x000000001c24f000 JavaThread "Cache worker for cache directory md-rule (C:\Users\Apolo\.gradle\caches\6.5\md-rule)" [_thread_blocked, id=11916, stack(0x0000000021d90000,0x0000000021e90000)]
  0x000000001c24e000 JavaThread "Cache worker for cache directory md-supplier (C:\Users\Apolo\.gradle\caches\6.5\md-supplier)" [_thread_blocked, id=9488, stack(0x0000000020920000,0x0000000020a20000)]
  0x000000001c24d800 JavaThread "Cache worker for checksums cache (C:\Android\Proyecto\VendedoresKT\ApoloVendedor\.gradle\checksums)" [_thread_blocked, id=2024, stack(0x0000000020820000,0x0000000020920000)]
  0x000000001c24f800 JavaThread "Cache worker for file hash cache (C:\Android\Proyecto\VendedoresKT\ApoloVendedor\.gradle\6.5\fileHashes)" [_thread_blocked, id=5316, stack(0x0000000021c90000,0x0000000021d90000)]
  0x000000001c250800 JavaThread "Cache worker for file hash cache (C:\Users\Apolo\.gradle\caches\6.5\fileHashes)" [_thread_blocked, id=16256, stack(0x000000001e380000,0x000000001e480000)]
  0x000000001a6c8800 JavaThread "File lock request listener" [_thread_in_native, id=5460, stack(0x000000001e280000,0x000000001e380000)]
  0x000000001a4dc800 JavaThread "Cache worker for journal cache (C:\Users\Apolo\.gradle\caches\journal-1)" [_thread_blocked, id=14772, stack(0x000000001e180000,0x000000001e280000)]
  0x000000001c09d000 JavaThread "Thread-9" [_thread_blocked, id=620, stack(0x000000001de80000,0x000000001df80000)]
  0x000000001a428000 JavaThread "Stdin handler" [_thread_blocked, id=9340, stack(0x000000001dd80000,0x000000001de80000)]
  0x000000001ae2e800 JavaThread "Asynchronous log dispatcher for DefaultDaemonConnection: socket connection from /127.0.0.1:55489 to /127.0.0.1:55490" [_thread_blocked, id=9324, stack(0x000000001dc80000,0x000000001dd80000)]
  0x000000001ae2c000 JavaThread "Daemon worker" [_thread_blocked, id=6960, stack(0x000000001db80000,0x000000001dc80000)]
  0x000000001c023800 JavaThread "Cancel handler" [_thread_blocked, id=16460, stack(0x000000001da80000,0x000000001db80000)]
  0x000000001c008000 JavaThread "Handler for socket connection from /127.0.0.1:55489 to /127.0.0.1:55490" [_thread_in_native, id=3272, stack(0x000000001d980000,0x000000001da80000)]
  0x000000001bfff800 JavaThread "Daemon" [_thread_blocked, id=14260, stack(0x000000001d880000,0x000000001d980000)]
  0x000000001bfe5800 JavaThread "Daemon periodic checks" [_thread_blocked, id=13392, stack(0x000000001d580000,0x000000001d680000)]
  0x000000001bfe3800 JavaThread "Incoming local TCP Connector on port 55489" [_thread_in_native, id=4724, stack(0x000000001d310000,0x000000001d410000)]
  0x000000001bf17800 JavaThread "Daemon health stats" [_thread_blocked, id=16512, stack(0x000000001ccd0000,0x000000001cdd0000)]
  0x00000000194cd800 JavaThread "Service Thread" daemon [_thread_blocked, id=13060, stack(0x000000001a130000,0x000000001a230000)]
  0x000000001944d000 JavaThread "C1 CompilerThread3" daemon [_thread_in_vm, id=8032, stack(0x000000001a030000,0x000000001a130000)]
  0x0000000019445800 JavaThread "C2 CompilerThread2" daemon [_thread_in_native, id=2420, stack(0x0000000019f30000,0x000000001a030000)]
  0x0000000019443800 JavaThread "C2 CompilerThread1" daemon [_thread_in_native, id=12852, stack(0x0000000019e30000,0x0000000019f30000)]
=>0x0000000019441800 JavaThread "C2 CompilerThread0" daemon [_thread_in_native, id=8480, stack(0x0000000019d30000,0x0000000019e30000)]
  0x0000000019440800 JavaThread "Attach Listener" daemon [_thread_blocked, id=10796, stack(0x0000000019c30000,0x0000000019d30000)]
  0x000000001943f000 JavaThread "Signal Dispatcher" daemon [_thread_blocked, id=4372, stack(0x0000000019b30000,0x0000000019c30000)]
  0x0000000019431800 JavaThread "Finalizer" daemon [_thread_blocked, id=15176, stack(0x0000000019910000,0x0000000019a10000)]
  0x00000000025d9000 JavaThread "Reference Handler" daemon [_thread_blocked, id=12832, stack(0x0000000019810000,0x0000000019910000)]
  0x0000000000bad800 JavaThread "main" [_thread_blocked, id=9400, stack(0x00000000023e0000,0x00000000024e0000)]

Other Threads:
  0x0000000017646800 VMThread [stack: 0x0000000019310000,0x0000000019410000] [id=10756]
  0x00000000194ce000 WatcherThread [stack: 0x000000001a230000,0x000000001a330000] [id=2608]

VM state:not at safepoint (normal execution)

VM Mutex/Monitor currently owned by a thread: None

heap address: 0x0000000080000000, size: 2048 MB, Compressed Oops mode: 32-bit
Narrow klass base: 0x0000000000000000, Narrow klass shift: 3
Compressed class space size: 1073741824 Address: 0x0000000100000000

Heap:
 PSYoungGen      total 235008K, used 217956K [0x00000000d5580000, 0x00000000e8080000, 0x0000000100000000)
  eden space 216576K, 92% used [0x00000000d5580000,0x00000000e185c688,0x00000000e2900000)
  from space 18432K, 99% used [0x00000000e2900000,0x00000000e3afc988,0x00000000e3b00000)
  to   space 21504K, 0% used [0x00000000e6b80000,0x00000000e6b80000,0x00000000e8080000)
 ParOldGen       total 118272K, used 34183K [0x0000000080000000, 0x0000000087380000, 0x00000000d5580000)
  object space 118272K, 28% used [0x0000000080000000,0x0000000082161f98,0x0000000087380000)
 Metaspace       used 71140K, capacity 74704K, committed 74904K, reserved 1114112K
  class space    used 9628K, capacity 10317K, committed 10408K, reserved 1048576K

Card table byte_map: [0x00000000119a0000,0x0000000011db0000] byte_map_base: 0x00000000115a0000

Marking Bits: (ParMarkBitMap*) 0x000000006b19f030
 Begin Bits: [0x0000000012860000, 0x0000000014860000)
 End Bits:   [0x0000000014860000, 0x0000000016860000)

Polling page: 0x0000000000b70000

CodeCache: size=245760Kb used=25494Kb max_used=26559Kb free=220265Kb
 bounds [0x00000000025e0000, 0x0000000004020000, 0x00000000115e0000]
 total_blobs=8747 nmethods=7830 adapters=830
 compilation: enabled

Compilation events (10 events):
Event: 12.561 Thread 0x0000000019443800 nmethod 9233 0x000000000391a990 code [0x000000000391aac0, 0x000000000391ab38]
Event: 12.561 Thread 0x0000000019445800 nmethod 9226 0x00000000037688d0 code [0x0000000003768a20, 0x0000000003768dc8]
Event: 12.562 Thread 0x0000000019443800 9235       4       org.gradle.internal.snapshot.SearchUtil::binarySearch (160 bytes)
Event: 12.562 Thread 0x000000001944d000 nmethod 9227 0x0000000003b1fd10 code [0x0000000003b20080, 0x0000000003b21f98]
Event: 12.562 Thread 0x000000001944d000 9236       3       org.gradle.internal.execution.history.impl.FileCollectionFingerprintSerializer::readRootHashes (73 bytes)
Event: 12.563 Thread 0x000000001944d000 nmethod 9236 0x00000000039f9950 code [0x00000000039f9be0, 0x00000000039fabc8]
Event: 12.563 Thread 0x000000001944d000 9215       3       org.gradle.api.internal.attributes.DefaultAttributesSchema$DefaultAttributeMatcher::matches (9 bytes)
Event: 12.564 Thread 0x000000001944d000 nmethod 9215 0x00000000033510d0 code [0x0000000003351240, 0x0000000003351468]
Event: 12.564 Thread 0x000000001944d000 9216       3       org.gradle.api.internal.artifacts.ivyservice.resolveengine.artifact.DefaultArtifactSet::select (25 bytes)
Event: 12.564 Thread 0x0000000019445800 9237       4       org.gradle.tooling.internal.provider.runner.SubtreeFilteringBuildOperationListener::started (118 bytes)

GC Heap History (10 events):
Event: 4.608 GC heap before
{Heap before GC invocations=12 (full 2):
 PSYoungGen      total 138240K, used 126976K [0x00000000d5580000, 0x00000000e1480000, 0x0000000100000000)
  eden space 126976K, 100% used [0x00000000d5580000,0x00000000dd180000,0x00000000dd180000)
  from space 11264K, 0% used [0x00000000dd180000,0x00000000dd180000,0x00000000ddc80000)
  to   space 12800K, 0% used [0x00000000e0800000,0x00000000e0800000,0x00000000e1480000)
 ParOldGen       total 76288K, used 17881K [0x0000000080000000, 0x0000000084a80000, 0x00000000d5580000)
  object space 76288K, 23% used [0x0000000080000000,0x0000000081176518,0x0000000084a80000)
 Metaspace       used 37778K, capacity 39512K, committed 39720K, reserved 1083392K
  class space    used 5216K, capacity 5589K, committed 5672K, reserved 1048576K
Event: 4.614 GC heap after
Heap after GC invocations=12 (full 2):
 PSYoungGen      total 177664K, used 8332K [0x00000000d5580000, 0x00000000e1200000, 0x0000000100000000)
  eden space 167424K, 0% used [0x00000000d5580000,0x00000000d5580000,0x00000000df900000)
  from space 10240K, 81% used [0x00000000e0800000,0x00000000e1023328,0x00000000e1200000)
  to   space 12800K, 0% used [0x00000000df900000,0x00000000df900000,0x00000000e0580000)
 ParOldGen       total 76288K, used 17889K [0x0000000080000000, 0x0000000084a80000, 0x00000000d5580000)
  object space 76288K, 23% used [0x0000000080000000,0x0000000081178518,0x0000000084a80000)
 Metaspace       used 37778K, capacity 39512K, committed 39720K, reserved 1083392K
  class space    used 5216K, capacity 5589K, committed 5672K, reserved 1048576K
}
Event: 6.059 GC heap before
{Heap before GC invocations=13 (full 2):
 PSYoungGen      total 177664K, used 175756K [0x00000000d5580000, 0x00000000e1200000, 0x0000000100000000)
  eden space 167424K, 100% used [0x00000000d5580000,0x00000000df900000,0x00000000df900000)
  from space 10240K, 81% used [0x00000000e0800000,0x00000000e1023328,0x00000000e1200000)
  to   space 12800K, 0% used [0x00000000df900000,0x00000000df900000,0x00000000e0580000)
 ParOldGen       total 76288K, used 17889K [0x0000000080000000, 0x0000000084a80000, 0x00000000d5580000)
  object space 76288K, 23% used [0x0000000080000000,0x0000000081178518,0x0000000084a80000)
 Metaspace       used 52334K, capacity 54418K, committed 54568K, reserved 1095680K
  class space    used 6978K, capacity 7431K, committed 7464K, reserved 1048576K
Event: 6.076 GC heap after
Heap after GC invocations=13 (full 2):
 PSYoungGen      total 180224K, used 12782K [0x00000000d5580000, 0x00000000e4e80000, 0x0000000100000000)
  eden space 167424K, 0% used [0x00000000d5580000,0x00000000d5580000,0x00000000df900000)
  from space 12800K, 99% used [0x00000000df900000,0x00000000e057ba48,0x00000000e0580000)
  to   space 18944K, 0% used [0x00000000e3c00000,0x00000000e3c00000,0x00000000e4e80000)
 ParOldGen       total 76288K, used 30131K [0x0000000080000000, 0x0000000084a80000, 0x00000000d5580000)
  object space 76288K, 39% used [0x0000000080000000,0x0000000081d6cf78,0x0000000084a80000)
 Metaspace       used 52334K, capacity 54418K, committed 54568K, reserved 1095680K
  class space    used 6978K, capacity 7431K, committed 7464K, reserved 1048576K
}
Event: 6.627 GC heap before
{Heap before GC invocations=14 (full 2):
 PSYoungGen      total 180224K, used 57807K [0x00000000d5580000, 0x00000000e4e80000, 0x0000000100000000)
  eden space 167424K, 26% used [0x00000000d5580000,0x00000000d8178420,0x00000000df900000)
  from space 12800K, 99% used [0x00000000df900000,0x00000000e057ba48,0x00000000e0580000)
  to   space 18944K, 0% used [0x00000000e3c00000,0x00000000e3c00000,0x00000000e4e80000)
 ParOldGen       total 76288K, used 30131K [0x0000000080000000, 0x0000000084a80000, 0x00000000d5580000)
  object space 76288K, 39% used [0x0000000080000000,0x0000000081d6cf78,0x0000000084a80000)
 Metaspace       used 56820K, capacity 59122K, committed 59160K, reserved 1099776K
  class space    used 7706K, capacity 8196K, committed 8232K, reserved 1048576K
Event: 6.639 GC heap after
Heap after GC invocations=14 (full 2):
 PSYoungGen      total 233984K, used 6051K [0x00000000d5580000, 0x00000000e4d00000, 0x0000000100000000)
  eden space 216576K, 0% used [0x00000000d5580000,0x00000000d5580000,0x00000000e2900000)
  from space 17408K, 34% used [0x00000000e3c00000,0x00000000e41e8ec8,0x00000000e4d00000)
  to   space 18432K, 0% used [0x00000000e2900000,0x00000000e2900000,0x00000000e3b00000)
 ParOldGen       total 76288K, used 40161K [0x0000000080000000, 0x0000000084a80000, 0x00000000d5580000)
  object space 76288K, 52% used [0x0000000080000000,0x0000000082738650,0x0000000084a80000)
 Metaspace       used 56820K, capacity 59122K, committed 59160K, reserved 1099776K
  class space    used 7706K, capacity 8196K, committed 8232K, reserved 1048576K
}
Event: 6.639 GC heap before
{Heap before GC invocations=15 (full 3):
 PSYoungGen      total 233984K, used 6051K [0x00000000d5580000, 0x00000000e4d00000, 0x0000000100000000)
  eden space 216576K, 0% used [0x00000000d5580000,0x00000000d5580000,0x00000000e2900000)
  from space 17408K, 34% used [0x00000000e3c00000,0x00000000e41e8ec8,0x00000000e4d00000)
  to   space 18432K, 0% used [0x00000000e2900000,0x00000000e2900000,0x00000000e3b00000)
 ParOldGen       total 76288K, used 40161K [0x0000000080000000, 0x0000000084a80000, 0x00000000d5580000)
  object space 76288K, 52% used [0x0000000080000000,0x0000000082738650,0x0000000084a80000)
 Metaspace       used 56820K, capacity 59122K, committed 59160K, reserved 1099776K
  class space    used 7706K, capacity 8196K, committed 8232K, reserved 1048576K
Event: 6.800 GC heap after
Heap after GC invocations=15 (full 3):
 PSYoungGen      total 233984K, used 0K [0x00000000d5580000, 0x00000000e4d00000, 0x0000000100000000)
  eden space 216576K, 0% used [0x00000000d5580000,0x00000000d5580000,0x00000000e2900000)
  from space 17408K, 0% used [0x00000000e3c00000,0x00000000e3c00000,0x00000000e4d00000)
  to   space 18432K, 0% used [0x00000000e2900000,0x00000000e2900000,0x00000000e3b00000)
 ParOldGen       total 118272K, used 33607K [0x0000000080000000, 0x0000000087380000, 0x00000000d5580000)
  object space 118272K, 28% used [0x0000000080000000,0x00000000820d1d48,0x0000000087380000)
 Metaspace       used 56772K, capacity 58960K, committed 59160K, reserved 1099776K
  class space    used 7692K, capacity 8169K, committed 8232K, reserved 1048576K
}
Event: 9.913 GC heap before
{Heap before GC invocations=16 (full 3):
 PSYoungGen      total 233984K, used 216576K [0x00000000d5580000, 0x00000000e4d00000, 0x0000000100000000)
  eden space 216576K, 100% used [0x00000000d5580000,0x00000000e2900000,0x00000000e2900000)
  from space 17408K, 0% used [0x00000000e3c00000,0x00000000e3c00000,0x00000000e4d00000)
  to   space 18432K, 0% used [0x00000000e2900000,0x00000000e2900000,0x00000000e3b00000)
 ParOldGen       total 118272K, used 33607K [0x0000000080000000, 0x0000000087380000, 0x00000000d5580000)
  object space 118272K, 28% used [0x0000000080000000,0x00000000820d1d48,0x0000000087380000)
 Metaspace       used 66922K, capacity 70384K, committed 70552K, reserved 1110016K
  class space    used 9205K, capacity 9859K, committed 9896K, reserved 1048576K
Event: 9.930 GC heap after
Heap after GC invocations=16 (full 3):
 PSYoungGen      total 235008K, used 18418K [0x00000000d5580000, 0x00000000e8080000, 0x0000000100000000)
  eden space 216576K, 0% used [0x00000000d5580000,0x00000000d5580000,0x00000000e2900000)
  from space 18432K, 99% used [0x00000000e2900000,0x00000000e3afc988,0x00000000e3b00000)
  to   space 21504K, 0% used [0x00000000e6b80000,0x00000000e6b80000,0x00000000e8080000)
 ParOldGen       total 118272K, used 34183K [0x0000000080000000, 0x0000000087380000, 0x00000000d5580000)
  object space 118272K, 28% used [0x0000000080000000,0x0000000082161f98,0x0000000087380000)
 Metaspace       used 66922K, capacity 70384K, committed 70552K, reserved 1110016K
  class space    used 9205K, capacity 9859K, committed 9896K, reserved 1048576K
}

Deoptimization events (10 events):
Event: 12.439 Thread 0x000000001c09d000 Uncommon trap: reason=class_check action=maybe_recompile pc=0x0000000004011918 method=java.io.ObjectOutputStream$BlockDataOutputStream.write([BIIZ)V @ 23
Event: 12.441 Thread 0x000000001c09d000 Uncommon trap: reason=class_check action=maybe_recompile pc=0x0000000003ff9e24 method=java.io.ObjectOutputStream$BlockDataOutputStream.write([BIIZ)V @ 23
Event: 12.441 Thread 0x000000001c09d000 Uncommon trap: reason=class_check action=maybe_recompile pc=0x0000000004011918 method=java.io.ObjectOutputStream$BlockDataOutputStream.write([BIIZ)V @ 23
Event: 12.443 Thread 0x000000001c09d000 Uncommon trap: reason=class_check action=maybe_recompile pc=0x0000000003ff9e24 method=java.io.ObjectOutputStream$BlockDataOutputStream.write([BIIZ)V @ 23
Event: 12.447 Thread 0x000000001c09d000 Uncommon trap: reason=class_check action=maybe_recompile pc=0x0000000004011918 method=java.io.ObjectOutputStream$BlockDataOutputStream.write([BIIZ)V @ 23
Event: 12.477 Thread 0x000000001fcec800 Uncommon trap: reason=class_check action=maybe_recompile pc=0x0000000003ef9d4c method=com.google.gson.stream.JsonWriter.newline()V @ 14
Event: 12.477 Thread 0x000000001fcec800 Uncommon trap: reason=unstable_if action=reinterpret pc=0x0000000003f26788 method=com.google.gson.stream.JsonWriter.string(Ljava/lang/String;)V @ 4
Event: 12.477 Thread 0x000000001fcec800 Uncommon trap: reason=class_check action=maybe_recompile pc=0x0000000003ef9d4c method=com.google.gson.stream.JsonWriter.newline()V @ 14
Event: 12.477 Thread 0x000000001fcec800 Uncommon trap: reason=class_check action=maybe_recompile pc=0x0000000003ef9d4c method=com.google.gson.stream.JsonWriter.newline()V @ 14
Event: 12.478 Thread 0x000000001fcec800 Uncommon trap: reason=class_check action=maybe_recompile pc=0x0000000003ef9d4c method=com.google.gson.stream.JsonWriter.newline()V @ 14

Classes redefined (0 events):
No events

Internal exceptions (10 events):
Event: 12.018 Thread 0x000000001fced800 Exception <a 'java/lang/NoSuchMethodError': <clinit>> (0x00000000e0554940) thrown at [C:\src\AOSP-openjdk-git\hotspot\src\share\vm\prims\jni.cpp, line 1615]
Event: 12.022 Thread 0x000000001fced800 Exception <a 'java/lang/NoSuchMethodError': <clinit>> (0x00000000e0568198) thrown at [C:\src\AOSP-openjdk-git\hotspot\src\share\vm\prims\jni.cpp, line 1615]
Event: 12.083 Thread 0x000000001fce6800 Exception <a 'java/lang/NoSuchMethodError': java.lang.Object.lambda$comparingInt$7b0bb60$1(Ljava/util/function/ToIntFunction;Ljava/lang/Object;Ljava/lang/Object;)I> (0x00000000e0c73e70) thrown at [C:\src\AOSP-openjdk-git\hotspot\src\share\vm\interpreter\l
Event: 12.433 Thread 0x00000000204eb800 Exception <a 'java/io/IOException'> (0x00000000e1015ac8) thrown at [C:\src\AOSP-openjdk-git\hotspot\src\share\vm\prims\jni.cpp, line 710]
Event: 12.433 Thread 0x00000000204e9800 Exception <a 'java/io/IOException'> (0x00000000e0b75f30) thrown at [C:\src\AOSP-openjdk-git\hotspot\src\share\vm\prims\jni.cpp, line 710]
Event: 12.441 Thread 0x00000000204e8800 Exception <a 'java/io/IOException'> (0x00000000e0f43e88) thrown at [C:\src\AOSP-openjdk-git\hotspot\src\share\vm\prims\jni.cpp, line 710]
Event: 12.451 Thread 0x00000000204e5800 Exception <a 'java/io/IOException'> (0x00000000e08463c8) thrown at [C:\src\AOSP-openjdk-git\hotspot\src\share\vm\prims\jni.cpp, line 710]
Event: 12.457 Thread 0x000000001fcec800 Exception <a 'java/lang/NoSuchMethodError': <clinit>> (0x00000000db678e48) thrown at [C:\src\AOSP-openjdk-git\hotspot\src\share\vm\prims\jni.cpp, line 1615]
Event: 12.460 Thread 0x00000000204eb000 Exception <a 'java/io/IOException'> (0x00000000e0ec5eb8) thrown at [C:\src\AOSP-openjdk-git\hotspot\src\share\vm\prims\jni.cpp, line 710]
Event: 12.468 Thread 0x00000000204e6800 Exception <a 'java/io/IOException'> (0x00000000e0b345c8) thrown at [C:\src\AOSP-openjdk-git\hotspot\src\share\vm\prims\jni.cpp, line 710]

Events (10 events):
Event: 12.487 Thread 0x000000001944d000 flushing nmethod 0x0000000003c7dd10
Event: 12.487 Thread 0x000000001944d000 flushing nmethod 0x0000000003ca6490
Event: 12.487 Thread 0x000000001944d000 flushing nmethod 0x0000000003cd3910
Event: 12.487 Thread 0x000000001944d000 flushing nmethod 0x0000000003ce9d50
Event: 12.487 Thread 0x000000001944d000 flushing nmethod 0x0000000003d04650
Event: 12.487 Thread 0x000000001944d000 flushing nmethod 0x0000000003d14f10
Event: 12.487 Thread 0x000000001944d000 flushing nmethod 0x0000000003d1c450
Event: 12.487 Thread 0x000000001944d000 flushing nmethod 0x0000000003d1cd50
Event: 12.533 loading class com/android/build/gradle/tasks/ProcessApplicationManifest$optionalFeaturesString$1
Event: 12.533 loading class com/android/build/gradle/tasks/ProcessApplicationManifest$optionalFeaturesString$1 done


Dynamic libraries:
0x00007ff65d2d0000 - 0x00007ff65d301000 	C:\Program Files\Android\Android Studio\jre\bin\java.exe
0x00007fff7da90000 - 0x00007fff7dc85000 	C:\WINDOWS\SYSTEM32\ntdll.dll
0x00007fff7ce00000 - 0x00007fff7cebd000 	C:\WINDOWS\System32\KERNEL32.DLL
0x00007fff7b620000 - 0x00007fff7b8e9000 	C:\WINDOWS\System32\KERNELBASE.dll
0x00007fff7d450000 - 0x00007fff7d4fc000 	C:\WINDOWS\System32\ADVAPI32.dll
0x00007fff7cca0000 - 0x00007fff7cd3e000 	C:\WINDOWS\System32\msvcrt.dll
0x00007fff7bb10000 - 0x00007fff7bbac000 	C:\WINDOWS\System32\sechost.dll
0x00007fff7cf40000 - 0x00007fff7d06b000 	C:\WINDOWS\System32\RPCRT4.dll
0x00007fff7d8b0000 - 0x00007fff7da50000 	C:\WINDOWS\System32\USER32.dll
0x00007fff7b4f0000 - 0x00007fff7b512000 	C:\WINDOWS\System32\win32u.dll
0x00007fff7d500000 - 0x00007fff7d52a000 	C:\WINDOWS\System32\GDI32.dll
0x00007fff7b380000 - 0x00007fff7b48b000 	C:\WINDOWS\System32\gdi32full.dll
0x00007fff7b8f0000 - 0x00007fff7b98d000 	C:\WINDOWS\System32\msvcp_win.dll
0x00007fff7b520000 - 0x00007fff7b620000 	C:\WINDOWS\System32\ucrtbase.dll
0x00007fff5b7f0000 - 0x00007fff5ba8a000 	C:\WINDOWS\WinSxS\amd64_microsoft.windows.common-controls_6595b64144ccf1df_6.0.19041.844_none_ca00b6081b84eb1d\COMCTL32.dll
0x00007fff7cdd0000 - 0x00007fff7ce00000 	C:\WINDOWS\System32\IMM32.DLL
0x000000006a8f0000 - 0x000000006a9c2000 	C:\Program Files\Android\Android Studio\jre\jre\bin\msvcr100.dll
0x000000006a9d0000 - 0x000000006b21b000 	C:\Program Files\Android\Android Studio\jre\jre\bin\server\jvm.dll
0x00007fff7cec0000 - 0x00007fff7cec8000 	C:\WINDOWS\System32\PSAPI.DLL
0x00007fff58ec0000 - 0x00007fff58ec9000 	C:\WINDOWS\SYSTEM32\WSOCK32.dll
0x00007fff7d530000 - 0x00007fff7d59b000 	C:\WINDOWS\System32\WS2_32.dll
0x00007fff7ad60000 - 0x00007fff7ad6a000 	C:\WINDOWS\SYSTEM32\VERSION.dll
0x00007fff60880000 - 0x00007fff608a7000 	C:\WINDOWS\SYSTEM32\WINMM.dll
0x00007fff68c90000 - 0x00007fff68c9f000 	C:\Program Files\Android\Android Studio\jre\jre\bin\verify.dll
0x00007fff34640000 - 0x00007fff34669000 	C:\Program Files\Android\Android Studio\jre\jre\bin\java.dll
0x00007fff45be0000 - 0x00007fff45bf6000 	C:\Program Files\Android\Android Studio\jre\jre\bin\zip.dll
0x00007fff7c3a0000 - 0x00007fff7cae2000 	C:\WINDOWS\System32\SHELL32.dll
0x00007fff78f00000 - 0x00007fff79690000 	C:\WINDOWS\SYSTEM32\windows.storage.dll
0x00007fff7d0f0000 - 0x00007fff7d445000 	C:\WINDOWS\System32\combase.dll
0x00007fff7abd0000 - 0x00007fff7abfc000 	C:\WINDOWS\SYSTEM32\Wldp.dll
0x00007fff7bda0000 - 0x00007fff7be4e000 	C:\WINDOWS\System32\SHCORE.dll
0x00007fff7d720000 - 0x00007fff7d775000 	C:\WINDOWS\System32\shlwapi.dll
0x00007fff7b110000 - 0x00007fff7b12f000 	C:\WINDOWS\SYSTEM32\profapi.dll
0x00007fff384b0000 - 0x00007fff384ca000 	C:\Program Files\Android\Android Studio\jre\jre\bin\net.dll
0x00007fff7a950000 - 0x00007fff7a9ba000 	C:\WINDOWS\system32\mswsock.dll
0x00007fff35110000 - 0x00007fff35123000 	C:\Program Files\Android\Android Studio\jre\jre\bin\nio.dll
0x00007fff23180000 - 0x00007fff231a7000 	C:\Users\Apolo\.gradle\native\f6784746aeab05261644944871eae4fe03e0ef1612fff0a4a95f87b438bc6780\windows-amd64\native-platform.dll
0x00007fff68060000 - 0x00007fff6806d000 	C:\Program Files\Android\Android Studio\jre\jre\bin\management.dll
0x00007fff7ab20000 - 0x00007fff7ab38000 	C:\WINDOWS\SYSTEM32\CRYPTSP.dll
0x00007fff7a280000 - 0x00007fff7a2b4000 	C:\WINDOWS\system32\rsaenh.dll
0x00007fff7b2a0000 - 0x00007fff7b2c7000 	C:\WINDOWS\System32\bcrypt.dll
0x00007fff7b0d0000 - 0x00007fff7b0fe000 	C:\WINDOWS\SYSTEM32\USERENV.dll
0x00007fff7b220000 - 0x00007fff7b2a0000 	C:\WINDOWS\System32\bcryptprimitives.dll
0x00007fff7ab40000 - 0x00007fff7ab4c000 	C:\WINDOWS\SYSTEM32\CRYPTBASE.dll
0x00007fff7a5f0000 - 0x00007fff7a62b000 	C:\WINDOWS\SYSTEM32\IPHLPAPI.DLL
0x00007fff7c390000 - 0x00007fff7c398000 	C:\WINDOWS\System32\NSI.dll
0x00007fff6f9c0000 - 0x00007fff6f9d7000 	C:\WINDOWS\SYSTEM32\dhcpcsvc6.DLL
0x00007fff70070000 - 0x00007fff7008d000 	C:\WINDOWS\SYSTEM32\dhcpcsvc.DLL
0x00007fff7a630000 - 0x00007fff7a6fb000 	C:\WINDOWS\SYSTEM32\DNSAPI.dll
0x00007fff70660000 - 0x00007fff7066b000 	C:\WINDOWS\SYSTEM32\WINNSI.DLL
0x00007fff23860000 - 0x00007fff239fc000 	C:\Program Files\Android\Android Studio\jre\jre\bin\awt.dll
0x00007fff7c2c0000 - 0x00007fff7c38d000 	C:\WINDOWS\System32\OLEAUT32.dll
0x00007fff78b40000 - 0x00007fff78b6f000 	C:\WINDOWS\SYSTEM32\dwmapi.dll
0x00007fff742e0000 - 0x00007fff748a0000 	C:\WINDOWS\SYSTEM32\d2d1.dll
0x00007fff75630000 - 0x00007fff756c0000 	C:\WINDOWS\SYSTEM32\apphelp.dll
0x00007fff78780000 - 0x00007fff7881e000 	C:\WINDOWS\system32\uxtheme.dll

VM Arguments:
jvm_args: -Xmx2048m -Dfile.encoding=windows-1252 -Duser.country=ES -Duser.language=es -Duser.variant 
java_command: org.gradle.launcher.daemon.bootstrap.GradleDaemon 6.5
java_class_path (initial): C:\Users\Apolo\.gradle\wrapper\dists\gradle-6.5-bin\6nifqtx7604sqp1q6g8wikw7p\gradle-6.5\lib\gradle-launcher-6.5.jar
Launcher Type: SUN_STANDARD

Environment Variables:
PATH=C:\Program Files\Common Files\Oracle\Java\javapath;C:\Program Files (x86)\Common Files\Oracle\Java\javapath;C:\orant\bin;C:\WINDOWS\system32;C:\WINDOWS;C:\WINDOWS\System32\Wbem;C:\WINDOWS\System32\WindowsPowerShell\v1.0\;C:\WINDOWS\System32\OpenSSH\;C:\orant\jdk\bin;C:\Program Files (x86)\Intel\Intel(R) Memory And Storage Tool\;C:\Program Files\Git\cmd;C:\Program Files\nodejs\;C:\instantclient_12_1\;C:\Users\Apolo\AppData\Local\Microsoft\WindowsApps;C:\Users\Apolo\AppData\Local\Programs\Microsoft VS Code\bin;C:\Users\Apolo\AppData\Roaming\npm;C:\Users\Apolo\AppData\Local\atom\bin;
USERNAME=Apolo
OS=Windows_NT
PROCESSOR_IDENTIFIER=Intel64 Family 6 Model 126 Stepping 5, GenuineIntel



---------------  S Y S T E M  ---------------

OS: Windows 10.0 , 64 bit Build 19041 (10.0.19041.804)

CPU:total 8 (initial active 8) (4 cores per cpu, 2 threads per core) family 6 model 126 stepping 5, cmov, cx8, fxsr, mmx, sse, sse2, sse3, ssse3, sse4.1, sse4.2, popcnt, avx, avx2, aes, clmul, erms, 3dnowpref, lzcnt, ht, tsc, tscinvbit, bmi1, bmi2, adx

Memory: 4k page, physical 8165048k(499320k free), swap 11736884k(5308k free)

vm_info: OpenJDK 64-Bit Server VM (25.242-b01) for windows-amd64 JRE (1.8.0_242-release-1644-b01), built by "builder" with MS VC++ 10.0 (VS2010)

time: Tue Mar 30 16:29:01 2021
timezone: Hora estándar de Paraguay
elapsed time: 12 seconds (0d 0h 0m 12s)

