#
# There is insufficient memory for the Java Runtime Environment to continue.
# Native memory allocation (malloc) failed to allocate 1094736 bytes for Chunk::new
# Possible reasons:
#   The system is out of physical RAM or swap space
#   The process is running with CompressedOops enabled, and the Java Heap may be blocking the growth of the native heap
# Possible solutions:
#   Reduce memory load on the system
#   Increase physical memory or swap space
#   Check if swap backing store is full
#   Decrease Java heap size (-Xmx/-Xms)
#   Decrease number of Java threads
#   Decrease Java thread stack sizes (-Xss)
#   Set larger code cache with -XX:ReservedCodeCacheSize=
#   JVM is running with Unscaled Compressed Oops mode in which the Java heap is
#     placed in the first 4GB address space. The Java Heap base address is the
#     maximum limit for the native heap growth. Please use -XX:HeapBaseMinAddress
#     to set the Java Heap base and to place the Java Heap above 4GB virtual address.
# This output file may be truncated or incomplete.
#
#  Out of Memory Error (allocation.cpp:389), pid=10988, tid=0x0000000000002f0c
#
# JRE version: OpenJDK Runtime Environment (8.0_242-b01) (build 1.8.0_242-release-1644-b01)
# Java VM: OpenJDK 64-Bit Server VM (25.242-b01 mixed mode windows-amd64 compressed oops)
# Failed to write core dump. Minidumps are not enabled by default on client versions of Windows
#

---------------  T H R E A D  ---------------

Current thread (0x000000001758b800):  JavaThread "C2 CompilerThread1" daemon [_thread_in_native, id=12044, stack(0x0000000019d80000,0x0000000019e80000)]

Stack: [0x0000000019d80000,0x0000000019e80000]
[error occurred during error reporting (printing stack bounds), id 0xc0000005]

Native frames: (J=compiled Java code, j=interpreted, Vv=VM code, C=native code)


Current CompileTask:
C2: 263208 21696       4       org.gradle.api.internal.artifacts.transform.TransformingAsyncArtifactListener::artifactAvailable (98 bytes)


---------------  P R O C E S S  ---------------

Java Threads: ( => current thread )
  0x00000000203f6000 JavaThread "Cache worker for execution history cache (C:\Android\Proyecto\VendedoresKT\ApoloVendedor\.gradle\6.5\executionHistory)" [_thread_blocked, id=21180, stack(0x000000002e9e0000,0x000000002eae0000)]
  0x00000000203fc800 JavaThread "Execution worker for ':' Thread 7" [_thread_blocked, id=2736, stack(0x000000002e690000,0x000000002e790000)]
  0x00000000203fc000 JavaThread "Execution worker for ':' Thread 6" [_thread_blocked, id=23668, stack(0x000000002e0f0000,0x000000002e1f0000)]
  0x00000000203f9800 JavaThread "Execution worker for ':' Thread 5" [_thread_blocked, id=12124, stack(0x000000002ddf0000,0x000000002def0000)]
  0x00000000203fa800 JavaThread "Execution worker for ':' Thread 4" [_thread_blocked, id=4760, stack(0x000000002b9d0000,0x000000002bad0000)]
  0x00000000203f9000 JavaThread "Execution worker for ':' Thread 3" [_thread_blocked, id=22192, stack(0x000000002b550000,0x000000002b650000)]
  0x00000000203fb000 JavaThread "Execution worker for ':' Thread 2" [_thread_blocked, id=21688, stack(0x000000002b450000,0x000000002b550000)]
  0x00000000203f1800 JavaThread "Execution worker for ':'" [_thread_blocked, id=13504, stack(0x000000002b350000,0x000000002b450000)]
  0x00000000203f3000 JavaThread "Cache worker for file content cache (C:\Android\Proyecto\VendedoresKT\ApoloVendedor\.gradle\6.5\fileContent)" [_thread_blocked, id=4104, stack(0x000000002b140000,0x000000002b240000)]
  0x00000000203f8000 JavaThread "Cache worker for Build Output Cleanup Cache (C:\Android\Proyecto\VendedoresKT\ApoloVendedor\.gradle\buildOutputCleanup)" [_thread_blocked, id=13252, stack(0x000000002b250000,0x000000002b350000)]
  0x00000000203f2000 JavaThread "Build operations Thread 8" [_thread_in_native, id=3644, stack(0x0000000023d80000,0x0000000023e80000)]
  0x00000000203f7800 JavaThread "Build operations Thread 7" [_thread_in_Java, id=7948, stack(0x0000000023c80000,0x0000000023d80000)]
  0x00000000203f4800 JavaThread "Build operations Thread 6" [_thread_in_Java, id=12840, stack(0x00000000224b0000,0x00000000225b0000)]
  0x00000000203f3800 JavaThread "Build operations Thread 5" [_thread_in_native, id=14156, stack(0x0000000021cb0000,0x0000000021db0000)]
  0x00000000203f6800 JavaThread "Build operations Thread 4" [_thread_blocked, id=6684, stack(0x0000000021bb0000,0x0000000021cb0000)]
  0x00000000203f5000 JavaThread "Build operations Thread 3" [_thread_in_native, id=18240, stack(0x0000000020870000,0x0000000020970000)]
  0x00000000203f0800 JavaThread "Build operations Thread 2" [_thread_in_native, id=12208, stack(0x0000000020570000,0x0000000020670000)]
  0x00000000203e9000 JavaThread "Build operations" [_thread_blocked, id=20092, stack(0x000000001ddd0000,0x000000001ded0000)]
  0x00000000203ef000 JavaThread "Cache worker for cache directory md-rule (C:\Users\Apolo\.gradle\caches\6.5\md-rule)" [_thread_blocked, id=8724, stack(0x000000001dcd0000,0x000000001ddd0000)]
  0x00000000203ee800 JavaThread "Cache worker for cache directory md-supplier (C:\Users\Apolo\.gradle\caches\6.5\md-supplier)" [_thread_blocked, id=21156, stack(0x000000001dbd0000,0x000000001dcd0000)]
  0x00000000203e6800 JavaThread "Cache worker for checksums cache (C:\Android\Proyecto\VendedoresKT\ApoloVendedor\.gradle\checksums)" [_thread_blocked, id=7840, stack(0x000000001dad0000,0x000000001dbd0000)]
  0x00000000203ea800 JavaThread "Cache worker for file hash cache (C:\Android\Proyecto\VendedoresKT\ApoloVendedor\.gradle\6.5\fileHashes)" [_thread_blocked, id=17480, stack(0x000000001d9d0000,0x000000001dad0000)]
  0x00000000203ec000 JavaThread "Thread-316" [_thread_blocked, id=14136, stack(0x000000001d8d0000,0x000000001d9d0000)]
  0x00000000203ed800 JavaThread "Stdin handler" [_thread_blocked, id=14428, stack(0x000000001d7d0000,0x000000001d8d0000)]
  0x00000000203e9800 JavaThread "Asynchronous log dispatcher for DefaultDaemonConnection: socket connection from /127.0.0.1:56969 to /127.0.0.1:57113" [_thread_blocked, id=22612, stack(0x000000001d160000,0x000000001d260000)]
  0x00000000203eb000 JavaThread "Cancel handler" [_thread_blocked, id=8492, stack(0x0000000000850000,0x0000000000950000)]
  0x00000000203ec800 JavaThread "Handler for socket connection from /127.0.0.1:56969 to /127.0.0.1:57113" [_thread_in_native, id=10924, stack(0x0000000000750000,0x0000000000850000)]
  0x00000000203e7800 JavaThread "ForkJoinPool.commonPool-worker-0" daemon [_thread_blocked, id=2208, stack(0x00000000340e0000,0x00000000341e0000)]
  0x00000000203e8000 JavaThread "ForkJoinPool.commonPool-worker-7" daemon [_thread_blocked, id=10984, stack(0x0000000033830000,0x0000000033930000)]
  0x0000000021218000 JavaThread "jar transforms Thread 226" [_thread_blocked, id=23696, stack(0x000000002b040000,0x000000002b140000)]
  0x0000000021217000 JavaThread "jar transforms Thread 225" [_thread_blocked, id=15976, stack(0x000000002af40000,0x000000002b040000)]
  0x0000000021219800 JavaThread "jar transforms Thread 224" [_thread_blocked, id=1180, stack(0x000000002ae40000,0x000000002af40000)]
  0x0000000021216800 JavaThread "jar transforms Thread 223" [_thread_blocked, id=11392, stack(0x000000002ad40000,0x000000002ae40000)]
  0x0000000021215800 JavaThread "jar transforms Thread 222" [_thread_blocked, id=22348, stack(0x000000002ac40000,0x000000002ad40000)]
  0x0000000021215000 JavaThread "jar transforms Thread 221" [_thread_blocked, id=17076, stack(0x000000002ab40000,0x000000002ac40000)]
  0x000000002120d800 JavaThread "jar transforms Thread 220" [_thread_blocked, id=20124, stack(0x000000002aa40000,0x000000002ab40000)]
  0x0000000021214000 JavaThread "jar transforms Thread 219" [_thread_blocked, id=25332, stack(0x000000002a940000,0x000000002aa40000)]
  0x000000002120f800 JavaThread "jar transforms Thread 218" [_thread_blocked, id=13476, stack(0x000000002a840000,0x000000002a940000)]
  0x000000002120c800 JavaThread "jar transforms Thread 217" [_thread_blocked, id=19120, stack(0x000000002a740000,0x000000002a840000)]
  0x0000000021213800 JavaThread "jar transforms Thread 216" [_thread_blocked, id=15224, stack(0x000000002a640000,0x000000002a740000)]
  0x000000002120f000 JavaThread "jar transforms Thread 215" [_thread_blocked, id=11736, stack(0x000000002a540000,0x000000002a640000)]
  0x000000002120c000 JavaThread "jar transforms Thread 214" [_thread_blocked, id=16268, stack(0x000000002a440000,0x000000002a540000)]
  0x0000000021212800 JavaThread "jar transforms Thread 213" [_thread_blocked, id=15128, stack(0x000000002a340000,0x000000002a440000)]
  0x0000000021212000 JavaThread "jar transforms Thread 212" [_thread_blocked, id=12328, stack(0x000000002a240000,0x000000002a340000)]
  0x0000000021210800 JavaThread "jar transforms Thread 211" [_thread_blocked, id=2264, stack(0x000000002a140000,0x000000002a240000)]
  0x000000002120b000 JavaThread "jar transforms Thread 210" [_thread_blocked, id=16772, stack(0x000000002a040000,0x000000002a140000)]
  0x000000002120e000 JavaThread "jar transforms Thread 209" [_thread_blocked, id=1500, stack(0x0000000029f40000,0x000000002a040000)]
  0x0000000021211000 JavaThread "jar transforms Thread 208" [_thread_blocked, id=12488, stack(0x0000000029e40000,0x0000000029f40000)]
  0x000000002120a800 JavaThread "jar transforms Thread 207" [_thread_blocked, id=14680, stack(0x0000000029d40000,0x0000000029e40000)]
  0x000000001bdee800 JavaThread "jar transforms Thread 206" [_thread_blocked, id=25776, stack(0x0000000029c40000,0x0000000029d40000)]
  0x000000001bded000 JavaThread "jar transforms Thread 205" [_thread_blocked, id=5436, stack(0x0000000029b40000,0x0000000029c40000)]
  0x000000001bdeb000 JavaThread "jar transforms Thread 204" [_thread_blocked, id=10700, stack(0x0000000029a40000,0x0000000029b40000)]
  0x000000001bde9800 JavaThread "jar transforms Thread 203" [_thread_blocked, id=13156, stack(0x0000000029940000,0x0000000029a40000)]
  0x000000001bdef800 JavaThread "jar transforms Thread 202" [_thread_blocked, id=21612, stack(0x0000000029840000,0x0000000029940000)]
  0x000000001fe95800 JavaThread "jar transforms Thread 201" [_thread_blocked, id=22384, stack(0x0000000029740000,0x0000000029840000)]
  0x000000001fe9c800 JavaThread "jar transforms Thread 200" [_thread_blocked, id=2684, stack(0x0000000029640000,0x0000000029740000)]
  0x000000001fe9b800 JavaThread "jar transforms Thread 199" [_thread_blocked, id=22440, stack(0x0000000029540000,0x0000000029640000)]
  0x000000001fe9b000 JavaThread "jar transforms Thread 198" [_thread_blocked, id=18828, stack(0x0000000029440000,0x0000000029540000)]
  0x000000001fe96800 JavaThread "jar transforms Thread 197" [_thread_blocked, id=25764, stack(0x0000000029340000,0x0000000029440000)]
  0x000000001fe94000 JavaThread "jar transforms Thread 196" [_thread_blocked, id=7916, stack(0x0000000029240000,0x0000000029340000)]
  0x000000001fe95000 JavaThread "jar transforms Thread 195" [_thread_blocked, id=12928, stack(0x0000000029140000,0x0000000029240000)]
  0x000000001fe9a000 JavaThread "jar transforms Thread 194" [_thread_blocked, id=21144, stack(0x0000000029040000,0x0000000029140000)]
  0x000000001fe99800 JavaThread "jar transforms Thread 193" [_thread_blocked, id=25740, stack(0x0000000028f40000,0x0000000029040000)]
  0x000000001fe97000 JavaThread "jar transforms Thread 192" [_thread_blocked, id=15288, stack(0x0000000028e40000,0x0000000028f40000)]
  0x000000001fe93800 JavaThread "jar transforms Thread 191" [_thread_blocked, id=22480, stack(0x0000000028d40000,0x0000000028e40000)]
  0x000000001fe98800 JavaThread "jar transforms Thread 190" [_thread_blocked, id=19356, stack(0x0000000028c40000,0x0000000028d40000)]
  0x000000001fe92000 JavaThread "jar transforms Thread 189" [_thread_blocked, id=23748, stack(0x0000000028b40000,0x0000000028c40000)]
  0x000000001fe98000 JavaThread "jar transforms Thread 188" [_thread_blocked, id=15592, stack(0x0000000028a40000,0x0000000028b40000)]
  0x000000001fe8e000 JavaThread "jar transforms Thread 187" [_thread_blocked, id=10148, stack(0x0000000028940000,0x0000000028a40000)]
  0x000000001fe92800 JavaThread "jar transforms Thread 186" [_thread_blocked, id=20112, stack(0x0000000028840000,0x0000000028940000)]
  0x000000001fe91000 JavaThread "jar transforms Thread 185" [_thread_blocked, id=22308, stack(0x0000000028740000,0x0000000028840000)]
  0x00000000236d5000 JavaThread "jar transforms Thread 184" [_thread_blocked, id=15960, stack(0x0000000028640000,0x0000000028740000)]
  0x00000000236d4000 JavaThread "jar transforms Thread 183" [_thread_blocked, id=16056, stack(0x0000000028540000,0x0000000028640000)]
  0x00000000236d3800 JavaThread "jar transforms Thread 182" [_thread_blocked, id=23860, stack(0x0000000028440000,0x0000000028540000)]
  0x00000000236d2800 JavaThread "jar transforms Thread 181" [_thread_blocked, id=13664, stack(0x0000000028340000,0x0000000028440000)]
  0x00000000236d6800 JavaThread "jar transforms Thread 180" [_thread_blocked, id=13152, stack(0x0000000028240000,0x0000000028340000)]
  0x00000000236cb000 JavaThread "jar transforms Thread 179" [_thread_blocked, id=17772, stack(0x0000000028140000,0x0000000028240000)]
  0x00000000236d2000 JavaThread "jar transforms Thread 178" [_thread_blocked, id=3952, stack(0x0000000028040000,0x0000000028140000)]
  0x00000000236cc000 JavaThread "jar transforms Thread 177" [_thread_blocked, id=16420, stack(0x0000000027f40000,0x0000000028040000)]
  0x00000000236ca800 JavaThread "jar transforms Thread 176" [_thread_blocked, id=8532, stack(0x0000000027e40000,0x0000000027f40000)]
  0x00000000236d1000 JavaThread "jar transforms Thread 175" [_thread_blocked, id=13400, stack(0x0000000027d40000,0x0000000027e40000)]
  0x00000000236c9800 JavaThread "jar transforms Thread 174" [_thread_blocked, id=14504, stack(0x0000000027c40000,0x0000000027d40000)]
  0x00000000236ce000 JavaThread "jar transforms Thread 173" [_thread_blocked, id=13632, stack(0x0000000027b40000,0x0000000027c40000)]
  0x00000000236d0800 JavaThread "jar transforms Thread 172" [_thread_blocked, id=19804, stack(0x0000000027a40000,0x0000000027b40000)]
  0x00000000236c9000 JavaThread "jar transforms Thread 171" [_thread_blocked, id=20428, stack(0x0000000027940000,0x0000000027a40000)]
  0x00000000236cf000 JavaThread "jar transforms Thread 170" [_thread_blocked, id=7860, stack(0x0000000027840000,0x0000000027940000)]
  0x00000000236cf800 JavaThread "jar transforms Thread 169" [_thread_blocked, id=12484, stack(0x0000000027740000,0x0000000027840000)]
  0x00000000236cd800 JavaThread "jar transforms Thread 168" [_thread_blocked, id=13136, stack(0x0000000027640000,0x0000000027740000)]
  0x00000000236c7800 JavaThread "jar transforms Thread 167" [_thread_blocked, id=1784, stack(0x0000000027540000,0x0000000027640000)]
  0x000000002ca1e000 JavaThread "jar transforms Thread 166" [_thread_blocked, id=22728, stack(0x0000000027440000,0x0000000027540000)]
  0x000000002ca1d000 JavaThread "jar transforms Thread 165" [_thread_blocked, id=21604, stack(0x0000000027340000,0x0000000027440000)]
  0x000000002ca1c800 JavaThread "jar transforms Thread 164" [_thread_blocked, id=8904, stack(0x0000000027240000,0x0000000027340000)]
  0x000000002ca1a000 JavaThread "jar transforms Thread 163" [_thread_blocked, id=17732, stack(0x0000000027140000,0x0000000027240000)]
  0x000000002ca1b000 JavaThread "jar transforms Thread 162" [_thread_blocked, id=7056, stack(0x0000000027040000,0x0000000027140000)]
  0x000000002ca12800 JavaThread "jar transforms Thread 161" [_thread_blocked, id=14496, stack(0x0000000026f40000,0x0000000027040000)]
  0x000000002ca19800 JavaThread "jar transforms Thread 160" [_thread_blocked, id=16284, stack(0x0000000026e40000,0x0000000026f40000)]
  0x000000002ca18800 JavaThread "jar transforms Thread 159" [_thread_blocked, id=22644, stack(0x0000000026d40000,0x0000000026e40000)]
  0x000000002ca11000 JavaThread "jar transforms Thread 158" [_thread_blocked, id=23560, stack(0x0000000026c40000,0x0000000026d40000)]
  0x000000002ca14000 JavaThread "jar transforms Thread 157" [_thread_blocked, id=19160, stack(0x0000000026b40000,0x0000000026c40000)]
  0x000000002ca18000 JavaThread "jar transforms Thread 156" [_thread_blocked, id=13736, stack(0x0000000026a40000,0x0000000026b40000)]
  0x000000002ca17000 JavaThread "jar transforms Thread 155" [_thread_blocked, id=8828, stack(0x0000000026940000,0x0000000026a40000)]
  0x000000002ca13800 JavaThread "jar transforms Thread 154" [_thread_blocked, id=20700, stack(0x0000000026840000,0x0000000026940000)]
  0x000000002ca0f800 JavaThread "jar transforms Thread 153" [_thread_blocked, id=2176, stack(0x0000000026740000,0x0000000026840000)]
  0x000000002ca16800 JavaThread "jar transforms Thread 152" [_thread_blocked, id=15324, stack(0x0000000026640000,0x0000000026740000)]
  0x000000002ca12000 JavaThread "jar transforms Thread 151" [_thread_blocked, id=12492, stack(0x0000000026540000,0x0000000026640000)]
  0x000000002ca0f000 JavaThread "jar transforms Thread 150" [_thread_blocked, id=22796, stack(0x0000000026440000,0x0000000026540000)]
  0x000000002ca15000 JavaThread "jar transforms Thread 149" [_thread_blocked, id=11684, stack(0x0000000026340000,0x0000000026440000)]
  0x0000000020ff0800 JavaThread "jar transforms Thread 148" [_thread_blocked, id=14608, stack(0x0000000026240000,0x0000000026340000)]
  0x0000000020fef800 JavaThread "jar transforms Thread 147" [_thread_blocked, id=19124, stack(0x0000000026140000,0x0000000026240000)]
  0x0000000020fed800 JavaThread "jar transforms Thread 146" [_thread_blocked, id=20712, stack(0x0000000026040000,0x0000000026140000)]
  0x0000000020ff2000 JavaThread "jar transforms Thread 145" [_thread_blocked, id=18736, stack(0x0000000025f40000,0x0000000026040000)]
  0x0000000020fef000 JavaThread "jar transforms Thread 144" [_thread_blocked, id=6732, stack(0x0000000025e40000,0x0000000025f40000)]
  0x0000000020ff1000 JavaThread "jar transforms Thread 143" [_thread_blocked, id=18864, stack(0x0000000025d40000,0x0000000025e40000)]
  0x0000000020fee000 JavaThread "jar transforms Thread 142" [_thread_blocked, id=7596, stack(0x0000000025c40000,0x0000000025d40000)]
  0x0000000020fe6000 JavaThread "jar transforms Thread 141" [_thread_blocked, id=16016, stack(0x0000000025b40000,0x0000000025c40000)]
  0x0000000020fec800 JavaThread "jar transforms Thread 140" [_thread_blocked, id=6752, stack(0x0000000025a40000,0x0000000025b40000)]
  0x0000000020fe5000 JavaThread "jar transforms Thread 139" [_thread_blocked, id=4556, stack(0x0000000025940000,0x0000000025a40000)]
  0x0000000020fec000 JavaThread "jar transforms Thread 138" [_thread_blocked, id=16704, stack(0x0000000025840000,0x0000000025940000)]
  0x0000000020fe4800 JavaThread "jar transforms Thread 137" [_thread_blocked, id=22848, stack(0x0000000025740000,0x0000000025840000)]
  0x0000000020feb000 JavaThread "jar transforms Thread 136" [_thread_blocked, id=19220, stack(0x0000000025640000,0x0000000025740000)]
  0x0000000020fe3800 JavaThread "jar transforms Thread 135" [_thread_blocked, id=9628, stack(0x0000000025540000,0x0000000025640000)]
  0x0000000020fe7800 JavaThread "jar transforms Thread 134" [_thread_blocked, id=15764, stack(0x0000000025440000,0x0000000025540000)]
  0x0000000020fea800 JavaThread "jar transforms Thread 133" [_thread_blocked, id=19788, stack(0x0000000025340000,0x0000000025440000)]
  0x0000000020fe9800 JavaThread "jar transforms Thread 132" [_thread_blocked, id=9764, stack(0x0000000025240000,0x0000000025340000)]
  0x0000000020fe9000 JavaThread "jar transforms Thread 131" [_thread_blocked, id=16320, stack(0x0000000025140000,0x0000000025240000)]
  0x0000000020fe6800 JavaThread "jar transforms Thread 130" [_thread_blocked, id=25704, stack(0x0000000025040000,0x0000000025140000)]
  0x0000000020fe8000 JavaThread "jar transforms Thread 129" [_thread_blocked, id=10432, stack(0x0000000024f40000,0x0000000025040000)]
  0x000000001b118000 JavaThread "jar transforms Thread 128" [_thread_blocked, id=24588, stack(0x0000000024e40000,0x0000000024f40000)]
  0x000000001b116800 JavaThread "jar transforms Thread 127" [_thread_blocked, id=10736, stack(0x0000000024d40000,0x0000000024e40000)]
  0x000000001b117800 JavaThread "jar transforms Thread 126" [_thread_blocked, id=21992, stack(0x0000000024c40000,0x0000000024d40000)]
  0x000000001b116000 JavaThread "jar transforms Thread 125" [_thread_blocked, id=9940, stack(0x0000000024b40000,0x0000000024c40000)]
  0x000000001b119000 JavaThread "jar transforms Thread 124" [_thread_blocked, id=14648, stack(0x0000000024a40000,0x0000000024b40000)]
  0x000000001b10e800 JavaThread "jar transforms Thread 123" [_thread_blocked, id=10300, stack(0x0000000024940000,0x0000000024a40000)]
  0x000000001b113800 JavaThread "jar transforms Thread 122" [_thread_blocked, id=26180, stack(0x0000000024680000,0x0000000024780000)]
  0x000000001b10f000 JavaThread "jar transforms Thread 121" [_thread_blocked, id=18236, stack(0x0000000024580000,0x0000000024680000)]
  0x000000001b110800 JavaThread "jar transforms Thread 120" [_thread_blocked, id=4428, stack(0x0000000024480000,0x0000000024580000)]
  0x000000001b115000 JavaThread "jar transforms Thread 119" [_thread_blocked, id=13756, stack(0x0000000024380000,0x0000000024480000)]
  0x000000001b112000 JavaThread "jar transforms Thread 118" [_thread_blocked, id=8960, stack(0x0000000024280000,0x0000000024380000)]
  0x000000001b111800 JavaThread "jar transforms Thread 117" [_thread_blocked, id=21884, stack(0x0000000024180000,0x0000000024280000)]
  0x000000001b114800 JavaThread "jar transforms Thread 116" [_thread_blocked, id=23080, stack(0x0000000024080000,0x0000000024180000)]
  0x000000001b113000 JavaThread "jar transforms Thread 115" [_thread_blocked, id=18212, stack(0x0000000023f80000,0x0000000024080000)]
  0x000000001b110000 JavaThread "jar transforms Thread 114" [_thread_blocked, id=17316, stack(0x0000000023e80000,0x0000000023f80000)]
  0x000000001b0fd000 JavaThread "Daemon worker Thread 2" [_thread_blocked, id=14396, stack(0x000000001d060000,0x000000001d160000)]
  0x000000001b100000 JavaThread "Daemon Thread 2" [_thread_blocked, id=20940, stack(0x0000000000650000,0x0000000000750000)]
  0x000000001b0ff800 JavaThread "Cache worker for Java compile cache (C:\Users\Apolo\.gradle\caches\6.5\javaCompile)" [_thread_blocked, id=23772, stack(0x0000000031960000,0x0000000031a60000)]
  0x000000001b103000 JavaThread "RMI Reaper" [_thread_blocked, id=12824, stack(0x0000000031760000,0x0000000031860000)]
  0x000000001b0fb000 JavaThread "RMI TCP Accept-0" daemon [_thread_in_native, id=19628, stack(0x0000000031660000,0x0000000031760000)]
  0x000000001b109000 JavaThread "GC Daemon" daemon [_thread_blocked, id=10456, stack(0x0000000033430000,0x0000000033530000)]
  0x000000001b0fb800 JavaThread "RMI Scheduler(0)" daemon [_thread_blocked, id=7008, stack(0x0000000033230000,0x0000000033330000)]
  0x000000002ca10800 JavaThread "MarlinRenderer Disposer" daemon [_thread_blocked, id=19044, stack(0x000000002fa90000,0x000000002fb90000)]
  0x000000002ca15800 JavaThread "Java2D Disposer" daemon [_thread_blocked, id=21784, stack(0x000000002f990000,0x000000002fa90000)]
  0x0000000020ff2800 JavaThread "Memory manager" [_thread_blocked, id=14652, stack(0x000000002dcf0000,0x000000002ddf0000)]
  0x000000001bdea000 JavaThread "Cache worker for file content cache (C:\Users\Apolo\.gradle\caches\6.5\fileContent)" [_thread_blocked, id=15504, stack(0x00000000225b0000,0x00000000226b0000)]
  0x000000001bdeb800 JavaThread "Cache worker for execution history cache (C:\Users\Apolo\.gradle\caches\6.5\executionHistory)" [_thread_blocked, id=16672, stack(0x0000000021db0000,0x0000000021eb0000)]
  0x000000001bdee000 JavaThread "Cache worker for file hash cache (C:\Users\Apolo\.gradle\caches\6.5\fileHashes)" [_thread_blocked, id=24492, stack(0x000000001e2d0000,0x000000001e3d0000)]
  0x000000001bdf0000 JavaThread "File lock request listener" [_thread_in_native, id=22572, stack(0x000000001e1d0000,0x000000001e2d0000)]
  0x000000001bf18000 JavaThread "Cache worker for journal cache (C:\Users\Apolo\.gradle\caches\journal-1)" [_thread_blocked, id=20780, stack(0x000000001e0d0000,0x000000001e1d0000)]
  0x000000001be5e800 JavaThread "Daemon periodic checks" [_thread_blocked, id=17308, stack(0x000000001d4d0000,0x000000001d5d0000)]
  0x000000001be07000 JavaThread "Incoming local TCP Connector on port 56969" [_thread_in_native, id=11036, stack(0x000000001d260000,0x000000001d360000)]
  0x00000000194cc000 JavaThread "Daemon health stats" [_thread_blocked, id=17952, stack(0x000000001cc20000,0x000000001cd20000)]
  0x0000000019427800 JavaThread "Service Thread" daemon [_thread_blocked, id=9980, stack(0x000000001a080000,0x000000001a180000)]
  0x000000001939c000 JavaThread "C1 CompilerThread3" daemon [_thread_blocked, id=11476, stack(0x0000000019f80000,0x000000001a080000)]
  0x0000000019397800 JavaThread "C2 CompilerThread2" daemon [_thread_in_native, id=8424, stack(0x0000000019e80000,0x0000000019f80000)]
=>0x000000001758b800 JavaThread "C2 CompilerThread1" daemon [_thread_in_native, id=12044, stack(0x0000000019d80000,0x0000000019e80000)]
  0x0000000019394000 JavaThread "C2 CompilerThread0" daemon [_thread_in_native, id=18428, stack(0x0000000019c80000,0x0000000019d80000)]
  0x0000000019393000 JavaThread "Attach Listener" daemon [_thread_blocked, id=11256, stack(0x0000000019b80000,0x0000000019c80000)]
  0x0000000019395800 JavaThread "Signal Dispatcher" daemon [_thread_blocked, id=25936, stack(0x0000000019a80000,0x0000000019b80000)]
  0x000000000250e000 JavaThread "Finalizer" daemon [_thread_blocked, id=23440, stack(0x0000000019860000,0x0000000019960000)]
  0x0000000002507000 JavaThread "Reference Handler" daemon [_thread_blocked, id=10164, stack(0x0000000019760000,0x0000000019860000)]
  0x000000000240d800 JavaThread "main" [_thread_blocked, id=16596, stack(0x0000000002290000,0x0000000002390000)]

Other Threads:
  0x0000000017576000 VMThread [stack: 0x0000000019260000,0x0000000019360000] [id=6120]
  0x0000000019428000 WatcherThread [stack: 0x000000001a180000,0x000000001a280000] [id=26492]

VM state:not at safepoint (normal execution)

VM Mutex/Monitor currently owned by a thread: None

OutOfMemory and StackOverflow Exception counts:
OutOfMemoryError java_heap_errors=1

heap address: 0x0000000080000000, size: 2048 MB, Compressed Oops mode: 32-bit
Narrow klass base: 0x0000000000000000, Narrow klass shift: 3
Compressed class space size: 1073741824 Address: 0x0000000100000000

Heap:
 PSYoungGen      total 490496K, used 400377K [0x00000000d5580000, 0x00000000f8300000, 0x0000000100000000)
  eden space 437760K, 85% used [0x00000000d5580000,0x00000000ec21f850,0x00000000f0100000)
  from space 52736K, 51% used [0x00000000f4f80000,0x00000000f69dec58,0x00000000f8300000)
  to   space 66560K, 0% used [0x00000000f0100000,0x00000000f0100000,0x00000000f4200000)
 ParOldGen       total 251904K, used 150888K [0x0000000080000000, 0x000000008f600000, 0x00000000d5580000)
  object space 251904K, 59% used [0x0000000080000000,0x000000008935a390,0x000000008f600000)
 Metaspace       used 103238K, capacity 108726K, committed 108888K, reserved 1144832K
  class space    used 13431K, capacity 14457K, committed 14464K, reserved 1048576K

Card table byte_map: [0x00000000118d0000,0x0000000011ce0000] byte_map_base: 0x00000000114d0000

Marking Bits: (ParMarkBitMap*) 0x000000006b01f030
 Begin Bits: [0x0000000012790000, 0x0000000014790000)
 End Bits:   [0x0000000014790000, 0x0000000016790000)

Polling page: 0x0000000000a10000

CodeCache: size=245760Kb used=57861Kb max_used=58221Kb free=187898Kb
 bounds [0x0000000002510000, 0x0000000005e40000, 0x0000000011510000]
 total_blobs=18256 nmethods=17235 adapters=933
 compilation: enabled

Compilation events (10 events):
Event: 263.172 Thread 0x000000001939c000 21805       3       org.gradle.internal.operations.OperationFinishEvent::getStartTime (5 bytes)
Event: 263.173 Thread 0x000000001939c000 nmethod 21805 0x0000000004639b10 code [0x0000000004639c60, 0x0000000004639db0]
Event: 263.179 Thread 0x000000001939c000 21806       3       org.gradle.api.internal.file.CompositeFileCollection::getFiles (96 bytes)
Event: 263.182 Thread 0x000000001939c000 nmethod 21806 0x00000000029f3b90 code [0x00000000029f3de0, 0x00000000029f4b88]
Event: 263.182 Thread 0x000000001939c000 21807  s    3       com.android.builder.profile.ProcessProfileWriterFactory::get (63 bytes)
Event: 263.185 Thread 0x000000001939c000 nmethod 21807 0x0000000004a980d0 code [0x0000000004a98300, 0x0000000004a98fb8]
Event: 263.185 Thread 0x000000001939c000 21808       3       org.gradle.internal.work.DefaultWorkerLeaseService$DefaultWorkerLease::doIsLockedByCurrentThread (23 bytes)
Event: 263.186 Thread 0x000000001939c000 nmethod 21808 0x000000000342bb10 code [0x000000000342bc60, 0x000000000342be70]
Event: 263.186 Thread 0x000000001939c000 21809       3       java.lang.invoke.LambdaForm$DMH/1324119927::invokeStatic_L7_L (26 bytes)
Event: 263.186 Thread 0x000000001939c000 nmethod 21809 0x0000000004ca0090 code [0x0000000004ca0220, 0x0000000004ca07d8]

GC Heap History (10 events):
Event: 34.800 GC heap before
{Heap before GC invocations=22 (full 4):
 PSYoungGen      total 360448K, used 340594K [0x00000000d5580000, 0x00000000f1880000, 0x0000000100000000)
  eden space 303104K, 100% used [0x00000000d5580000,0x00000000e7d80000,0x00000000e7d80000)
  from space 57344K, 65% used [0x00000000e7d80000,0x00000000ea21c850,0x00000000eb580000)
  to   space 59904K, 0% used [0x00000000ede00000,0x00000000ede00000,0x00000000f1880000)
 ParOldGen       total 251904K, used 128571K [0x0000000080000000, 0x000000008f600000, 0x00000000d5580000)
  object space 251904K, 51% used [0x0000000080000000,0x0000000087d8ec38,0x000000008f600000)
 Metaspace       used 96006K, capacity 100968K, committed 101208K, reserved 1136640K
  class space    used 12912K, capacity 13846K, committed 13952K, reserved 1048576K
Event: 34.828 GC heap after
Heap after GC invocations=22 (full 4):
 PSYoungGen      total 402432K, used 30227K [0x00000000d5580000, 0x00000000f1980000, 0x0000000100000000)
  eden space 342528K, 0% used [0x00000000d5580000,0x00000000d5580000,0x00000000ea400000)
  from space 59904K, 50% used [0x00000000ede00000,0x00000000efb84e70,0x00000000f1880000)
  to   space 59392K, 0% used [0x00000000ea400000,0x00000000ea400000,0x00000000ede00000)
 ParOldGen       total 251904K, used 128579K [0x0000000080000000, 0x000000008f600000, 0x00000000d5580000)
  object space 251904K, 51% used [0x0000000080000000,0x0000000087d90c38,0x000000008f600000)
 Metaspace       used 96006K, capacity 100968K, committed 101208K, reserved 1136640K
  class space    used 12912K, capacity 13846K, committed 13952K, reserved 1048576K
}
Event: 35.797 GC heap before
{Heap before GC invocations=23 (full 4):
 PSYoungGen      total 402432K, used 372755K [0x00000000d5580000, 0x00000000f1980000, 0x0000000100000000)
  eden space 342528K, 100% used [0x00000000d5580000,0x00000000ea400000,0x00000000ea400000)
  from space 59904K, 50% used [0x00000000ede00000,0x00000000efb84e70,0x00000000f1880000)
  to   space 59392K, 0% used [0x00000000ea400000,0x00000000ea400000,0x00000000ede00000)
 ParOldGen       total 251904K, used 128579K [0x0000000080000000, 0x000000008f600000, 0x00000000d5580000)
  object space 251904K, 51% used [0x0000000080000000,0x0000000087d90c38,0x000000008f600000)
 Metaspace       used 96583K, capacity 101608K, committed 101720K, reserved 1136640K
  class space    used 12924K, capacity 13888K, committed 13952K, reserved 1048576K
Event: 35.820 GC heap after
Heap after GC invocations=23 (full 4):
 PSYoungGen      total 401920K, used 32182K [0x00000000d5580000, 0x00000000f4480000, 0x0000000100000000)
  eden space 342528K, 0% used [0x00000000d5580000,0x00000000d5580000,0x00000000ea400000)
  from space 59392K, 54% used [0x00000000ea400000,0x00000000ec36d958,0x00000000ede00000)
  to   space 58880K, 0% used [0x00000000f0b00000,0x00000000f0b00000,0x00000000f4480000)
 ParOldGen       total 251904K, used 128587K [0x0000000080000000, 0x000000008f600000, 0x00000000d5580000)
  object space 251904K, 51% used [0x0000000080000000,0x0000000087d92c38,0x000000008f600000)
 Metaspace       used 96583K, capacity 101608K, committed 101720K, reserved 1136640K
  class space    used 12924K, capacity 13888K, committed 13952K, reserved 1048576K
}
Event: 36.562 GC heap before
{Heap before GC invocations=24 (full 4):
 PSYoungGen      total 401920K, used 374710K [0x00000000d5580000, 0x00000000f4480000, 0x0000000100000000)
  eden space 342528K, 100% used [0x00000000d5580000,0x00000000ea400000,0x00000000ea400000)
  from space 59392K, 54% used [0x00000000ea400000,0x00000000ec36d958,0x00000000ede00000)
  to   space 58880K, 0% used [0x00000000f0b00000,0x00000000f0b00000,0x00000000f4480000)
 ParOldGen       total 251904K, used 128587K [0x0000000080000000, 0x000000008f600000, 0x00000000d5580000)
  object space 251904K, 51% used [0x0000000080000000,0x0000000087d92c38,0x000000008f600000)
 Metaspace       used 97095K, capacity 102148K, committed 102232K, reserved 1138688K
  class space    used 12960K, capacity 13902K, committed 13952K, reserved 1048576K
Event: 36.588 GC heap after
Heap after GC invocations=24 (full 4):
 PSYoungGen      total 448000K, used 33422K [0x00000000d5580000, 0x00000000f4800000, 0x0000000100000000)
  eden space 389120K, 0% used [0x00000000d5580000,0x00000000d5580000,0x00000000ed180000)
  from space 58880K, 56% used [0x00000000f0b00000,0x00000000f2ba39a8,0x00000000f4480000)
  to   space 58880K, 0% used [0x00000000ed180000,0x00000000ed180000,0x00000000f0b00000)
 ParOldGen       total 251904K, used 128595K [0x0000000080000000, 0x000000008f600000, 0x00000000d5580000)
  object space 251904K, 51% used [0x0000000080000000,0x0000000087d94c38,0x000000008f600000)
 Metaspace       used 97095K, capacity 102148K, committed 102232K, reserved 1138688K
  class space    used 12960K, capacity 13902K, committed 13952K, reserved 1048576K
}
Event: 38.167 GC heap before
{Heap before GC invocations=25 (full 4):
 PSYoungGen      total 448000K, used 422542K [0x00000000d5580000, 0x00000000f4800000, 0x0000000100000000)
  eden space 389120K, 100% used [0x00000000d5580000,0x00000000ed180000,0x00000000ed180000)
  from space 58880K, 56% used [0x00000000f0b00000,0x00000000f2ba39a8,0x00000000f4480000)
  to   space 58880K, 0% used [0x00000000ed180000,0x00000000ed180000,0x00000000f0b00000)
 ParOldGen       total 251904K, used 128595K [0x0000000080000000, 0x000000008f600000, 0x00000000d5580000)
  object space 251904K, 51% used [0x0000000080000000,0x0000000087d94c38,0x000000008f600000)
 Metaspace       used 97350K, capacity 102392K, committed 102488K, reserved 1138688K
  class space    used 12966K, capacity 13910K, committed 13952K, reserved 1048576K
Event: 38.214 GC heap after
Heap after GC invocations=25 (full 4):
 PSYoungGen      total 448000K, used 58865K [0x00000000d5580000, 0x00000000f9480000, 0x0000000100000000)
  eden space 389120K, 0% used [0x00000000d5580000,0x00000000d5580000,0x00000000ed180000)
  from space 58880K, 99% used [0x00000000ed180000,0x00000000f0afc418,0x00000000f0b00000)
  to   space 70656K, 0% used [0x00000000f4f80000,0x00000000f4f80000,0x00000000f9480000)
 ParOldGen       total 251904K, used 134153K [0x0000000080000000, 0x000000008f600000, 0x00000000d5580000)
  object space 251904K, 53% used [0x0000000080000000,0x0000000088302760,0x000000008f600000)
 Metaspace       used 97350K, capacity 102392K, committed 102488K, reserved 1138688K
  class space    used 12966K, capacity 13910K, committed 13952K, reserved 1048576K
}
Event: 223.403 GC heap before
{Heap before GC invocations=26 (full 4):
 PSYoungGen      total 448000K, used 447985K [0x00000000d5580000, 0x00000000f9480000, 0x0000000100000000)
  eden space 389120K, 100% used [0x00000000d5580000,0x00000000ed180000,0x00000000ed180000)
  from space 58880K, 99% used [0x00000000ed180000,0x00000000f0afc418,0x00000000f0b00000)
  to   space 70656K, 0% used [0x00000000f4f80000,0x00000000f4f80000,0x00000000f9480000)
 ParOldGen       total 251904K, used 134153K [0x0000000080000000, 0x000000008f600000, 0x00000000d5580000)
  object space 251904K, 53% used [0x0000000080000000,0x0000000088302760,0x000000008f600000)
 Metaspace       used 102054K, capacity 107402K, committed 107608K, reserved 1142784K
  class space    used 13357K, capacity 14379K, committed 14464K, reserved 1048576K
Event: 223.441 GC heap after
Heap after GC invocations=26 (full 4):
 PSYoungGen      total 490496K, used 27003K [0x00000000d5580000, 0x00000000f8300000, 0x0000000100000000)
  eden space 437760K, 0% used [0x00000000d5580000,0x00000000d5580000,0x00000000f0100000)
  from space 52736K, 51% used [0x00000000f4f80000,0x00000000f69dec58,0x00000000f8300000)
  to   space 66560K, 0% used [0x00000000f0100000,0x00000000f0100000,0x00000000f4200000)
 ParOldGen       total 251904K, used 150888K [0x0000000080000000, 0x000000008f600000, 0x00000000d5580000)
  object space 251904K, 59% used [0x0000000080000000,0x000000008935a390,0x000000008f600000)
 Metaspace       used 102054K, capacity 107402K, committed 107608K, reserved 1142784K
  class space    used 13357K, capacity 14379K, committed 14464K, reserved 1048576K
}

Deoptimization events (10 events):
Event: 262.045 Thread 0x000000001b0fd000 Uncommon trap: reason=class_check action=maybe_recompile pc=0x0000000003bec35c method=java.util.Spliterators$ArraySpliterator.tryAdvance(Ljava/util/function/Consumer;)Z @ 49
Event: 262.070 Thread 0x000000001b0fd000 Uncommon trap: reason=array_check action=maybe_recompile pc=0x0000000003b80e30 method=java.util.ComparableTimSort.binarySort([Ljava/lang/Object;III)V @ 183
Event: 262.074 Thread 0x000000001b0fd000 Uncommon trap: reason=array_check action=maybe_recompile pc=0x0000000003b80e30 method=java.util.ComparableTimSort.binarySort([Ljava/lang/Object;III)V @ 183
Event: 262.405 Thread 0x00000000203f1800 Uncommon trap: reason=class_check action=maybe_recompile pc=0x0000000003a3b9d8 method=org.gradle.internal.snapshot.SnapshotUtil.getMetadataFromChildren(Ljava/util/List;Lorg/gradle/internal/snapshot/VfsRelativePath;Lorg/gradle/internal/snapshot/CaseSensiti
Event: 262.732 Thread 0x00000000203f1800 Uncommon trap: reason=unstable_if action=reinterpret pc=0x0000000002a81384 method=org.gradle.internal.snapshot.VfsRelativePath.compareToFirstSegment(Ljava/lang/String;Lorg/gradle/internal/snapshot/CaseSensitivity;)I @ 134
Event: 262.934 Thread 0x00000000203f0800 Uncommon trap: reason=unstable_if action=reinterpret pc=0x0000000003a18f48 method=java.util.concurrent.locks.LockSupport.unpark(Ljava/lang/Thread;)V @ 1
Event: 262.976 Thread 0x00000000203f3800 Uncommon trap: reason=unstable_if action=reinterpret pc=0x000000000419e398 method=java.util.concurrent.ConcurrentLinkedQueue.poll()Ljava/lang/Object; @ 74
Event: 262.982 Thread 0x00000000203f7800 Uncommon trap: reason=unstable_if action=reinterpret pc=0x000000000558b030 method=java.util.concurrent.ConcurrentLinkedQueue.poll()Ljava/lang/Object; @ 25
Event: 263.006 Thread 0x00000000203e9000 Uncommon trap: reason=unstable_if action=reinterpret pc=0x000000000420f050 method=java.util.concurrent.locks.LockSupport.unpark(Ljava/lang/Thread;)V @ 1
Event: 263.140 Thread 0x00000000203e9000 Uncommon trap: reason=unstable_if action=reinterpret pc=0x00000000029e6028 method=java.util.concurrent.ConcurrentLinkedQueue.poll()Ljava/lang/Object; @ 74

Classes redefined (0 events):
No events

Internal exceptions (10 events):
Event: 262.756 Thread 0x00000000203f1800 Exception <a 'sun/nio/fs/WindowsException'> (0x00000000e9bc3518) thrown at [C:\src\AOSP-openjdk-git\hotspot\src\share\vm\prims\jni.cpp, line 710]
Event: 262.756 Thread 0x00000000203f1800 Exception <a 'sun/nio/fs/WindowsException'> (0x00000000e9bc4218) thrown at [C:\src\AOSP-openjdk-git\hotspot\src\share\vm\prims\jni.cpp, line 710]
Event: 262.756 Thread 0x00000000203f1800 Exception <a 'sun/nio/fs/WindowsException'> (0x00000000e9bc6008) thrown at [C:\src\AOSP-openjdk-git\hotspot\src\share\vm\prims\jni.cpp, line 710]
Event: 262.757 Thread 0x00000000203f1800 Exception <a 'sun/nio/fs/WindowsException'> (0x00000000e9bc6d00) thrown at [C:\src\AOSP-openjdk-git\hotspot\src\share\vm\prims\jni.cpp, line 710]
Event: 262.757 Thread 0x00000000203f1800 Exception <a 'sun/nio/fs/WindowsException'> (0x00000000e9bc8af0) thrown at [C:\src\AOSP-openjdk-git\hotspot\src\share\vm\prims\jni.cpp, line 710]
Event: 262.757 Thread 0x00000000203f1800 Exception <a 'sun/nio/fs/WindowsException'> (0x00000000e9bc97f0) thrown at [C:\src\AOSP-openjdk-git\hotspot\src\share\vm\prims\jni.cpp, line 710]
Event: 262.757 Thread 0x00000000203f1800 Exception <a 'sun/nio/fs/WindowsException'> (0x00000000e9bcb5e0) thrown at [C:\src\AOSP-openjdk-git\hotspot\src\share\vm\prims\jni.cpp, line 710]
Event: 262.757 Thread 0x00000000203f1800 Exception <a 'sun/nio/fs/WindowsException'> (0x00000000e9bcc2e0) thrown at [C:\src\AOSP-openjdk-git\hotspot\src\share\vm\prims\jni.cpp, line 710]
Event: 262.949 Thread 0x00000000203f1800 Exception <a 'sun/nio/fs/WindowsException'> (0x00000000ea8d8890) thrown at [C:\src\AOSP-openjdk-git\hotspot\src\share\vm\prims\jni.cpp, line 710]
Event: 262.950 Thread 0x00000000203f1800 Exception <a 'sun/nio/fs/WindowsException'> (0x00000000ea8d95b8) thrown at [C:\src\AOSP-openjdk-git\hotspot\src\share\vm\prims\jni.cpp, line 710]

Events (10 events):
Event: 263.143 Thread 0x000000001939c000 flushing nmethod 0x0000000005818f50
Event: 263.143 Thread 0x000000001939c000 flushing nmethod 0x000000000581d190
Event: 263.144 Thread 0x000000001939c000 flushing nmethod 0x00000000058e3b90
Event: 263.145 Thread 0x000000001939c000 flushing nmethod 0x0000000005948310
Event: 263.146 Thread 0x000000001939c000 flushing nmethod 0x0000000005b26050
Event: 263.147 Thread 0x000000001939c000 flushing nmethod 0x0000000005be8350
Event: 263.148 Thread 0x000000001939c000 flushing nmethod 0x0000000005bf93d0
Event: 263.148 Thread 0x000000001939c000 flushing nmethod 0x0000000005bffcd0
Event: 263.160 Executing VM operation: RevokeBias
Event: 263.161 Executing VM operation: RevokeBias done


Dynamic libraries:
0x00007ff6706b0000 - 0x00007ff6706e1000 	C:\Program Files\Android\Android Studio\jre\bin\java.exe
0x00007ff8960d0000 - 0x00007ff8962c5000 	C:\WINDOWS\SYSTEM32\ntdll.dll
0x00007ff895040000 - 0x00007ff8950fd000 	C:\WINDOWS\System32\KERNEL32.DLL
0x00007ff8939c0000 - 0x00007ff893c88000 	C:\WINDOWS\System32\KERNELBASE.dll
0x00007ff894dd0000 - 0x00007ff894e7c000 	C:\WINDOWS\System32\ADVAPI32.dll
0x00007ff894e80000 - 0x00007ff894f1e000 	C:\WINDOWS\System32\msvcrt.dll
0x00007ff8954f0000 - 0x00007ff89558b000 	C:\WINDOWS\System32\sechost.dll
0x00007ff895d50000 - 0x00007ff895e7b000 	C:\WINDOWS\System32\RPCRT4.dll
0x00007ff8941f0000 - 0x00007ff894390000 	C:\WINDOWS\System32\USER32.dll
0x00007ff893e40000 - 0x00007ff893e62000 	C:\WINDOWS\System32\win32u.dll
0x00007ff894400000 - 0x00007ff89442a000 	C:\WINDOWS\System32\GDI32.dll
0x00007ff894020000 - 0x00007ff89412b000 	C:\WINDOWS\System32\gdi32full.dll
0x00007ff893920000 - 0x00007ff8939bd000 	C:\WINDOWS\System32\msvcp_win.dll
0x00007ff893f20000 - 0x00007ff894020000 	C:\WINDOWS\System32\ucrtbase.dll
0x00007ff8829f0000 - 0x00007ff882c8a000 	C:\WINDOWS\WinSxS\amd64_microsoft.windows.common-controls_6595b64144ccf1df_6.0.19041.844_none_ca00b6081b84eb1d\COMCTL32.dll
0x00007ff894130000 - 0x00007ff894160000 	C:\WINDOWS\System32\IMM32.DLL
0x000000006a770000 - 0x000000006a842000 	C:\Program Files\Android\Android Studio\jre\jre\bin\msvcr100.dll
0x000000006a850000 - 0x000000006b09b000 	C:\Program Files\Android\Android Studio\jre\jre\bin\server\jvm.dll
0x00007ff8943f0000 - 0x00007ff8943f8000 	C:\WINDOWS\System32\PSAPI.DLL
0x00007ff8795c0000 - 0x00007ff8795c9000 	C:\WINDOWS\SYSTEM32\WSOCK32.dll
0x00007ff895420000 - 0x00007ff89548b000 	C:\WINDOWS\System32\WS2_32.dll
0x00007ff8933a0000 - 0x00007ff8933aa000 	C:\WINDOWS\SYSTEM32\VERSION.dll
0x00007ff8773d0000 - 0x00007ff8773f7000 	C:\WINDOWS\SYSTEM32\WINMM.dll
0x00007ff892050000 - 0x00007ff89205f000 	C:\Program Files\Android\Android Studio\jre\jre\bin\verify.dll
0x00007ff888b00000 - 0x00007ff888b29000 	C:\Program Files\Android\Android Studio\jre\jre\bin\java.dll
0x00007ff878a20000 - 0x00007ff878a36000 	C:\Program Files\Android\Android Studio\jre\jre\bin\zip.dll
0x00007ff895590000 - 0x00007ff895cd2000 	C:\WINDOWS\System32\SHELL32.dll
0x00007ff891730000 - 0x00007ff891ec1000 	C:\WINDOWS\SYSTEM32\windows.storage.dll
0x00007ff894a50000 - 0x00007ff894da5000 	C:\WINDOWS\System32\combase.dll
0x00007ff893210000 - 0x00007ff89323c000 	C:\WINDOWS\SYSTEM32\Wldp.dll
0x00007ff895290000 - 0x00007ff89533e000 	C:\WINDOWS\System32\SHCORE.dll
0x00007ff895100000 - 0x00007ff895155000 	C:\WINDOWS\System32\shlwapi.dll
0x00007ff893750000 - 0x00007ff89376f000 	C:\WINDOWS\SYSTEM32\profapi.dll
0x00007ff8787b0000 - 0x00007ff8787ca000 	C:\Program Files\Android\Android Studio\jre\jre\bin\net.dll
0x00007ff892f80000 - 0x00007ff892fea000 	C:\WINDOWS\system32\mswsock.dll
0x00007ff878380000 - 0x00007ff878393000 	C:\Program Files\Android\Android Studio\jre\jre\bin\nio.dll
0x00007ff8783a0000 - 0x00007ff8783c7000 	C:\Users\Apolo\.gradle\native\f6784746aeab05261644944871eae4fe03e0ef1612fff0a4a95f87b438bc6780\windows-amd64\native-platform.dll
0x00007ff892000000 - 0x00007ff89200d000 	C:\Program Files\Android\Android Studio\jre\jre\bin\management.dll
0x00007ff893150000 - 0x00007ff893168000 	C:\WINDOWS\SYSTEM32\CRYPTSP.dll
0x00007ff8928b0000 - 0x00007ff8928e4000 	C:\WINDOWS\system32\rsaenh.dll
0x00007ff893ef0000 - 0x00007ff893f17000 	C:\WINDOWS\System32\bcrypt.dll
0x00007ff8936d0000 - 0x00007ff8936fe000 	C:\WINDOWS\SYSTEM32\USERENV.dll
0x00007ff893e70000 - 0x00007ff893ef0000 	C:\WINDOWS\System32\bcryptprimitives.dll
0x00007ff893170000 - 0x00007ff89317c000 	C:\WINDOWS\SYSTEM32\CRYPTBASE.dll
0x00007ff892c20000 - 0x00007ff892c5b000 	C:\WINDOWS\SYSTEM32\IPHLPAPI.DLL
0x00007ff895410000 - 0x00007ff895418000 	C:\WINDOWS\System32\NSI.dll
0x00007ff887c50000 - 0x00007ff887c67000 	C:\WINDOWS\SYSTEM32\dhcpcsvc6.DLL
0x00007ff8881f0000 - 0x00007ff88820d000 	C:\WINDOWS\SYSTEM32\dhcpcsvc.DLL
0x00007ff892c60000 - 0x00007ff892d2c000 	C:\WINDOWS\SYSTEM32\DNSAPI.dll
0x00007ff888350000 - 0x00007ff88835b000 	C:\WINDOWS\SYSTEM32\WINNSI.DLL
0x00007ff85fca0000 - 0x00007ff85fe3c000 	C:\Program Files\Android\Android Studio\jre\jre\bin\awt.dll
0x00007ff895340000 - 0x00007ff89540d000 	C:\WINDOWS\System32\OLEAUT32.dll
0x00007ff891180000 - 0x00007ff8911af000 	C:\WINDOWS\SYSTEM32\dwmapi.dll
0x00007ff88bc40000 - 0x00007ff88c200000 	C:\WINDOWS\SYSTEM32\d2d1.dll
0x00007ff88d7f0000 - 0x00007ff88d880000 	C:\WINDOWS\SYSTEM32\apphelp.dll
0x00007ff8909f0000 - 0x00007ff890a8e000 	C:\WINDOWS\system32\uxtheme.dll

VM Arguments:
jvm_args: -Xmx2048m -Dfile.encoding=windows-1252 -Duser.country=ES -Duser.language=es -Duser.variant 
java_command: org.gradle.launcher.daemon.bootstrap.GradleDaemon 6.5
java_class_path (initial): C:\Users\Apolo\.gradle\wrapper\dists\gradle-6.5-bin\6nifqtx7604sqp1q6g8wikw7p\gradle-6.5\lib\gradle-launcher-6.5.jar
Launcher Type: SUN_STANDARD

Environment Variables:
PATH=C:\Program Files\Common Files\Oracle\Java\javapath;C:\Program Files (x86)\Common Files\Oracle\Java\javapath;C:\orant\bin;C:\WINDOWS\system32;C:\WINDOWS;C:\WINDOWS\System32\Wbem;C:\WINDOWS\System32\WindowsPowerShell\v1.0\;C:\WINDOWS\System32\OpenSSH\;C:\orant\jdk\bin;C:\Program Files (x86)\Intel\Intel(R) Memory And Storage Tool\;C:\Program Files\Git\cmd;C:\Program Files\nodejs\;C:\instantclient_12_1\;C:\Users\Apolo\AppData\Local\Microsoft\WindowsApps;C:\Users\Apolo\AppData\Local\Programs\Microsoft VS Code\bin;C:\Users\Apolo\AppData\Roaming\npm;C:\Users\Apolo\AppData\Local\atom\bin;
USERNAME=Apolo
OS=Windows_NT
PROCESSOR_IDENTIFIER=Intel64 Family 6 Model 126 Stepping 5, GenuineIntel



---------------  S Y S T E M  ---------------

OS: Windows 10.0 , 64 bit Build 19041 (10.0.19041.928)

CPU:total 8 (initial active 8) (4 cores per cpu, 2 threads per core) family 6 model 126 stepping 5, cmov, cx8, fxsr, mmx, sse, sse2, sse3, ssse3, sse4.1, sse4.2, popcnt, avx, avx2, aes, clmul, erms, 3dnowpref, lzcnt, ht, tsc, tscinvbit, bmi1, bmi2, adx

Memory: 4k page, physical 8165048k(1006452k free), swap 11736884k(4116k free)

vm_info: OpenJDK 64-Bit Server VM (25.242-b01) for windows-amd64 JRE (1.8.0_242-release-1644-b01), built by "builder" with MS VC++ 10.0 (VS2010)

time: Wed May 05 10:53:59 2021
timezone: Hora estándar de Paraguay
elapsed time: 263 seconds (0d 0h 4m 23s)

