#
# There is insufficient memory for the Java Runtime Environment to continue.
# Native memory allocation (malloc) failed to allocate 65552 bytes for Chunk::new
# Possible reasons:
#   The system is out of physical RAM or swap space
#   The process is running with CompressedOops enabled, and the Java Heap may be blocking the growth of the native heap
# Possible solutions:
#   Reduce memory load on the system
#   Increase physical memory or swap space
#   Check if swap backing store is full
#   Decrease Java heap size (-Xmx/-Xms)
#   Decrease number of Java threads
#   Decrease Java thread stack sizes (-Xss)
#   Set larger code cache with -XX:ReservedCodeCacheSize=
#   JVM is running with Unscaled Compressed Oops mode in which the Java heap is
#     placed in the first 4GB address space. The Java Heap base address is the
#     maximum limit for the native heap growth. Please use -XX:HeapBaseMinAddress
#     to set the Java Heap base and to place the Java Heap above 4GB virtual address.
# This output file may be truncated or incomplete.
#
#  Out of Memory Error (allocation.cpp:389), pid=112276, tid=0x000000000001b714
#
# JRE version: OpenJDK Runtime Environment (8.0_242-b01) (build 1.8.0_242-release-1644-b01)
# Java VM: OpenJDK 64-Bit Server VM (25.242-b01 mixed mode windows-amd64 compressed oops)
# Failed to write core dump. Minidumps are not enabled by default on client versions of Windows
#

---------------  T H R E A D  ---------------

Current thread (0x000000001822a000):  JavaThread "C2 CompilerThread1" daemon [_thread_in_native, id=112404, stack(0x000000001aa00000,0x000000001ab00000)]

Stack: [0x000000001aa00000,0x000000001ab00000]
[error occurred during error reporting (printing stack bounds), id 0xc0000005]

Native frames: (J=compiled Java code, j=interpreted, Vv=VM code, C=native code)


Current CompileTask:
C2: 431235 14379   !   4       sun.nio.cs.StreamDecoder::read (196 bytes)


---------------  P R O C E S S  ---------------

Java Threads: ( => current thread )
  0x0000000023975800 JavaThread "Thread-507" [_thread_in_native, id=113624, stack(0x000000001e550000,0x000000001e650000)]
  0x0000000023e76800 JavaThread "RMI TCP Connection(idle)" daemon [_thread_blocked, id=109864, stack(0x000000002fd30000,0x000000002fe30000)]
  0x0000000023e76000 JavaThread "RMI RenewClean-[127.0.0.1:17606,org.jetbrains.kotlin.daemon.common.LoopbackNetworkInterface$ClientLoopbackSocketFactory@624e670d]" daemon [_thread_blocked, id=112872, stack(0x000000002f230000,0x000000002f330000)]
  0x0000000023e75000 JavaThread "stdout" [_thread_in_native, id=110860, stack(0x0000000032320000,0x0000000032420000)]
  0x0000000023e74800 JavaThread "stderr" [_thread_in_native, id=114080, stack(0x0000000032220000,0x0000000032320000)]
  0x0000000023e79000 JavaThread "pool-8-thread-1" [_thread_blocked, id=113736, stack(0x000000002f930000,0x000000002fa30000)]
  0x0000000023e78000 JavaThread "WorkerExecutor Queue Thread 3" [_thread_blocked, id=113740, stack(0x000000002f330000,0x000000002f430000)]
  0x0000000023e6d000 JavaThread "WorkerExecutor Queue Thread 2" [_thread_blocked, id=67312, stack(0x000000002f130000,0x000000002f230000)]
  0x0000000023e73800 JavaThread "WorkerExecutor Queue" [_thread_blocked, id=111236, stack(0x000000002ec30000,0x000000002ed30000)]
  0x0000000023e73000 JavaThread "Cache worker for execution history cache (C:\Android\Proyecto\VendedoresKT\ApoloVendedor\.gradle\6.5\executionHistory)" [_thread_blocked, id=111524, stack(0x000000002e530000,0x000000002e630000)]
  0x0000000023e72000 JavaThread "Execution worker for ':' Thread 7" [_thread_blocked, id=113876, stack(0x000000002e430000,0x000000002e530000)]
  0x0000000023e71800 JavaThread "Execution worker for ':' Thread 6" [_thread_blocked, id=112700, stack(0x000000002e330000,0x000000002e430000)]
  0x0000000023e6a800 JavaThread "Execution worker for ':' Thread 5" [_thread_blocked, id=110632, stack(0x000000002e230000,0x000000002e330000)]
  0x0000000023e6a000 JavaThread "Execution worker for ':' Thread 4" [_thread_blocked, id=113732, stack(0x000000002e130000,0x000000002e230000)]
  0x0000000023e70800 JavaThread "Execution worker for ':' Thread 3" [_thread_blocked, id=110036, stack(0x000000002de30000,0x000000002df30000)]
  0x0000000023e6b800 JavaThread "Execution worker for ':' Thread 2" [_thread_in_native, id=103148, stack(0x000000002d930000,0x000000002da30000)]
  0x0000000023e6c000 JavaThread "Execution worker for ':'" [_thread_blocked, id=111044, stack(0x000000002c510000,0x000000002c610000)]
  0x0000000023e70000 JavaThread "Cache worker for file content cache (C:\Android\Proyecto\VendedoresKT\ApoloVendedor\.gradle\6.5\fileContent)" [_thread_blocked, id=103252, stack(0x000000002c210000,0x000000002c310000)]
  0x0000000023e6e800 JavaThread "Cache worker for Build Output Cleanup Cache (C:\Android\Proyecto\VendedoresKT\ApoloVendedor\.gradle\buildOutputCleanup)" [_thread_blocked, id=113172, stack(0x000000002c110000,0x000000002c210000)]
  0x00000000201ed000 JavaThread "Build operations Thread 8" [_thread_blocked, id=109936, stack(0x0000000024d10000,0x0000000024e10000)]
  0x00000000201f3800 JavaThread "Build operations Thread 7" [_thread_blocked, id=76980, stack(0x0000000024c10000,0x0000000024d10000)]
  0x000000001beed000 JavaThread "Build operations Thread 6" [_thread_blocked, id=112660, stack(0x0000000024b10000,0x0000000024c10000)]
  0x000000001bef2000 JavaThread "Build operations Thread 5" [_thread_blocked, id=110280, stack(0x0000000024a10000,0x0000000024b10000)]
  0x000000001bef0800 JavaThread "Build operations Thread 4" [_thread_blocked, id=110348, stack(0x0000000024910000,0x0000000024a10000)]
  0x000000001beef000 JavaThread "Build operations Thread 3" [_thread_blocked, id=110396, stack(0x0000000023140000,0x0000000023240000)]
  0x000000001beed800 JavaThread "Build operations Thread 2" [_thread_blocked, id=73828, stack(0x0000000022940000,0x0000000022a40000)]
  0x000000001bef3800 JavaThread "Build operations" [_thread_blocked, id=112192, stack(0x0000000022840000,0x0000000022940000)]
  0x000000001bef3000 JavaThread "Cache worker for cache directory md-rule (C:\Users\Apolo\.gradle\caches\6.5\md-rule)" [_thread_blocked, id=112124, stack(0x00000000214f0000,0x00000000215f0000)]
  0x000000001bef0000 JavaThread "Cache worker for cache directory md-supplier (C:\Users\Apolo\.gradle\caches\6.5\md-supplier)" [_thread_blocked, id=108508, stack(0x00000000213f0000,0x00000000214f0000)]
  0x000000001beee800 JavaThread "Cache worker for checksums cache (C:\Android\Proyecto\VendedoresKT\ApoloVendedor\.gradle\checksums)" [_thread_blocked, id=112552, stack(0x000000001ea50000,0x000000001eb50000)]
  0x000000001bee5800 JavaThread "Cache worker for file hash cache (C:\Android\Proyecto\VendedoresKT\ApoloVendedor\.gradle\6.5\fileHashes)" [_thread_blocked, id=101668, stack(0x000000001e750000,0x000000001e850000)]
  0x000000001beec000 JavaThread "Thread-365" [_thread_blocked, id=112540, stack(0x000000001e650000,0x000000001e750000)]
  0x000000001bee6000 JavaThread "Asynchronous log dispatcher for DefaultDaemonConnection: socket connection from /127.0.0.1:56674 to /127.0.0.1:61034" [_thread_blocked, id=113644, stack(0x000000001e450000,0x000000001e550000)]
  0x000000001bee7000 JavaThread "Cancel handler" [_thread_blocked, id=111872, stack(0x000000001dce0000,0x000000001dde0000)]
  0x000000001bee4800 JavaThread "Handler for socket connection from /127.0.0.1:56674 to /127.0.0.1:61034" [_thread_in_native, id=112656, stack(0x00000000013e0000,0x00000000014e0000)]
  0x00000000201ec000 JavaThread "Daemon worker Thread 2" [_thread_blocked, id=112320, stack(0x000000001dde0000,0x000000001dee0000)]
  0x00000000201f3000 JavaThread "Daemon Thread 2" [_thread_blocked, id=112768, stack(0x00000000012e0000,0x00000000013e0000)]
  0x0000000023978800 JavaThread "RMI RenewClean-[127.0.0.1:17320,org.jetbrains.kotlin.daemon.common.LoopbackNetworkInterface$ClientLoopbackSocketFactory@3990afe3]" daemon [_thread_in_native, id=113404, stack(0x00000000011e0000,0x00000000012e0000)]
  0x000000001beea800 JavaThread "RMI Reaper" [_thread_blocked, id=113276, stack(0x000000002fc30000,0x000000002fd30000)]
  0x000000001bee8800 JavaThread "RMI TCP Accept-0" daemon [_thread_in_native, id=113272, stack(0x000000002fb30000,0x000000002fc30000)]
  0x000000001beeb800 JavaThread "GC Daemon" daemon [_thread_blocked, id=113264, stack(0x000000002fa30000,0x000000002fb30000)]
  0x000000001bee9000 JavaThread "RMI Scheduler(0)" daemon [_thread_blocked, id=113256, stack(0x000000002f830000,0x000000002f930000)]
  0x0000000023974800 JavaThread "Memory manager" [_thread_blocked, id=112912, stack(0x000000002cc10000,0x000000002cd10000)]
  0x000000001cc3a800 JavaThread "Cache worker for file content cache (C:\Users\Apolo\.gradle\caches\6.5\fileContent)" [_thread_blocked, id=112620, stack(0x0000000023240000,0x0000000023340000)]
  0x000000001cc3d000 JavaThread "Cache worker for execution history cache (C:\Users\Apolo\.gradle\caches\6.5\executionHistory)" [_thread_blocked, id=112612, stack(0x0000000022a40000,0x0000000022b40000)]
  0x000000001cc38800 JavaThread "Cache worker for file hash cache (C:\Users\Apolo\.gradle\caches\6.5\fileHashes)" [_thread_blocked, id=112576, stack(0x000000001ef50000,0x000000001f050000)]
  0x000000001cc3d800 JavaThread "File lock request listener" [_thread_in_native, id=112564, stack(0x000000001ee50000,0x000000001ef50000)]
  0x000000001cd4c000 JavaThread "Cache worker for journal cache (C:\Users\Apolo\.gradle\caches\journal-1)" [_thread_blocked, id=112560, stack(0x000000001ed50000,0x000000001ee50000)]
  0x000000001ca6b800 JavaThread "Daemon periodic checks" [_thread_blocked, id=112520, stack(0x000000001e150000,0x000000001e250000)]
  0x000000001ca49800 JavaThread "Incoming local TCP Connector on port 56674" [_thread_in_native, id=112516, stack(0x000000001dee0000,0x000000001dfe0000)]
  0x000000001afc0800 JavaThread "Daemon health stats" [_thread_blocked, id=112464, stack(0x000000001d8a0000,0x000000001d9a0000)]
  0x000000001a096800 JavaThread "Service Thread" daemon [_thread_blocked, id=112416, stack(0x000000001ad00000,0x000000001ae00000)]
  0x000000001a021800 JavaThread "C1 CompilerThread3" daemon [_thread_blocked, id=112412, stack(0x000000001ac00000,0x000000001ad00000)]
  0x000000001a017000 JavaThread "C2 CompilerThread2" daemon [_thread_blocked, id=112408, stack(0x000000001ab00000,0x000000001ac00000)]
=>0x000000001822a000 JavaThread "C2 CompilerThread1" daemon [_thread_in_native, id=112404, stack(0x000000001aa00000,0x000000001ab00000)]
  0x000000001a014000 JavaThread "C2 CompilerThread0" daemon [_thread_blocked, id=112400, stack(0x000000001a900000,0x000000001aa00000)]
  0x000000001a013000 JavaThread "Attach Listener" daemon [_thread_blocked, id=112396, stack(0x000000001a800000,0x000000001a900000)]
  0x000000001a012000 JavaThread "Signal Dispatcher" daemon [_thread_blocked, id=112392, stack(0x000000001a700000,0x000000001a800000)]
  0x00000000031ae000 JavaThread "Finalizer" daemon [_thread_blocked, id=112388, stack(0x000000001a4e0000,0x000000001a5e0000)]
  0x00000000031a7000 JavaThread "Reference Handler" daemon [_thread_blocked, id=112384, stack(0x000000001a3e0000,0x000000001a4e0000)]
  0x0000000002ecd800 JavaThread "main" [_thread_blocked, id=112344, stack(0x0000000002fb0000,0x00000000030b0000)]

Other Threads:
  0x0000000018216000 VMThread [stack: 0x0000000019ee0000,0x0000000019fe0000] [id=112380]
  0x000000001a097800 WatcherThread [stack: 0x000000001ae00000,0x000000001af00000] [id=112420]

VM state:not at safepoint (normal execution)

VM Mutex/Monitor currently owned by a thread: None

heap address: 0x0000000080000000, size: 2048 MB, Compressed Oops mode: 32-bit
Narrow klass base: 0x0000000000000000, Narrow klass shift: 3
Compressed class space size: 1073741824 Address: 0x0000000100000000

Heap:
 PSYoungGen      total 349696K, used 36586K [0x00000000d5580000, 0x00000000ede00000, 0x0000000100000000)
  eden space 322048K, 8% used [0x00000000d5580000,0x00000000d70da818,0x00000000e9000000)
  from space 27648K, 31% used [0x00000000e9000000,0x00000000e9860020,0x00000000eab00000)
  to   space 26624K, 0% used [0x00000000ec400000,0x00000000ec400000,0x00000000ede00000)
 ParOldGen       total 110080K, used 69318K [0x0000000080000000, 0x0000000086b80000, 0x00000000d5580000)
  object space 110080K, 62% used [0x0000000080000000,0x00000000843b1958,0x0000000086b80000)
 Metaspace       used 81791K, capacity 86060K, committed 86232K, reserved 1124352K
  class space    used 10699K, capacity 11480K, committed 11520K, reserved 1048576K

Card table byte_map: [0x0000000012570000,0x0000000012980000] byte_map_base: 0x0000000012170000

Marking Bits: (ParMarkBitMap*) 0x00000000645cf030
 Begin Bits: [0x0000000013430000, 0x0000000015430000)
 End Bits:   [0x0000000015430000, 0x0000000017430000)

Polling page: 0x00000000015d0000

CodeCache: size=245760Kb used=39146Kb max_used=39350Kb free=206613Kb
 bounds [0x00000000031b0000, 0x0000000005870000, 0x00000000121b0000]
 total_blobs=12803 nmethods=11937 adapters=778
 compilation: enabled

Compilation events (10 events):
Event: 421.492 Thread 0x000000001a021800 nmethod 14374 0x0000000003343d10 code [0x0000000003343e80, 0x0000000003344028]
Event: 421.493 Thread 0x000000001a021800 14375       3       java.nio.channels.FileLock::<init> (79 bytes)
Event: 421.493 Thread 0x000000001a021800 nmethod 14375 0x0000000003b27410 code [0x0000000003b275c0, 0x0000000003b27aa8]
Event: 421.494 Thread 0x000000001a021800 14376       3       java.util.Random::<init> (12 bytes)
Event: 421.494 Thread 0x000000001a021800 nmethod 14376 0x0000000003ddfa50 code [0x0000000003ddfbe0, 0x0000000003de00c8]
Event: 427.789 Thread 0x000000001a021800 14377       3       kotlin.io.FileTreeWalk$DirectoryState::<init> (56 bytes)
Event: 427.789 Thread 0x000000001a021800 nmethod 14377 0x0000000003761110 code [0x00000000037612a0, 0x0000000003761698]
Event: 427.790 Thread 0x000000001a021800 14378       3       kotlin.io.FileTreeWalk$WalkState::<init> (16 bytes)
Event: 427.790 Thread 0x000000001a021800 nmethod 14378 0x000000000331c690 code [0x000000000331c800, 0x000000000331caa8]
Event: 431.226 Thread 0x000000001822a000 14379   !   4       sun.nio.cs.StreamDecoder::read (196 bytes)

GC Heap History (10 events):
Event: 8.511 GC heap before
{Heap before GC invocations=16 (full 3):
 PSYoungGen      total 246272K, used 227328K [0x00000000d5580000, 0x00000000e5d00000, 0x0000000100000000)
  eden space 227328K, 100% used [0x00000000d5580000,0x00000000e3380000,0x00000000e3380000)
  from space 18944K, 0% used [0x00000000e4580000,0x00000000e4580000,0x00000000e5800000)
  to   space 18432K, 0% used [0x00000000e3380000,0x00000000e3380000,0x00000000e4580000)
 ParOldGen       total 110080K, used 32983K [0x0000000080000000, 0x0000000086b80000, 0x00000000d5580000)
  object space 110080K, 29% used [0x0000000080000000,0x0000000082035d30,0x0000000086b80000)
 Metaspace       used 66806K, capacity 70092K, committed 70232K, reserved 1110016K
  class space    used 9165K, capacity 9801K, committed 9856K, reserved 1048576K
Event: 8.528 GC heap after
Heap after GC invocations=16 (full 3):
 PSYoungGen      total 245760K, used 18416K [0x00000000d5580000, 0x00000000e9600000, 0x0000000100000000)
  eden space 227328K, 0% used [0x00000000d5580000,0x00000000d5580000,0x00000000e3380000)
  from space 18432K, 99% used [0x00000000e3380000,0x00000000e457c248,0x00000000e4580000)
  to   space 21504K, 0% used [0x00000000e8100000,0x00000000e8100000,0x00000000e9600000)
 ParOldGen       total 110080K, used 34220K [0x0000000080000000, 0x0000000086b80000, 0x00000000d5580000)
  object space 110080K, 31% used [0x0000000080000000,0x000000008216b278,0x0000000086b80000)
 Metaspace       used 66806K, capacity 70092K, committed 70232K, reserved 1110016K
  class space    used 9165K, capacity 9801K, committed 9856K, reserved 1048576K
}
Event: 11.405 GC heap before
{Heap before GC invocations=17 (full 3):
 PSYoungGen      total 245760K, used 245744K [0x00000000d5580000, 0x00000000e9600000, 0x0000000100000000)
  eden space 227328K, 100% used [0x00000000d5580000,0x00000000e3380000,0x00000000e3380000)
  from space 18432K, 99% used [0x00000000e3380000,0x00000000e457c248,0x00000000e4580000)
  to   space 21504K, 0% used [0x00000000e8100000,0x00000000e8100000,0x00000000e9600000)
 ParOldGen       total 110080K, used 34220K [0x0000000080000000, 0x0000000086b80000, 0x00000000d5580000)
  object space 110080K, 31% used [0x0000000080000000,0x000000008216b278,0x0000000086b80000)
 Metaspace       used 73034K, capacity 76692K, committed 76888K, reserved 1116160K
  class space    used 9907K, capacity 10619K, committed 10624K, reserved 1048576K
Event: 11.424 GC heap after
Heap after GC invocations=17 (full 3):
 PSYoungGen      total 296448K, used 15903K [0x00000000d5580000, 0x00000000e9200000, 0x0000000100000000)
  eden space 279040K, 0% used [0x00000000d5580000,0x00000000d5580000,0x00000000e6600000)
  from space 17408K, 91% used [0x00000000e8100000,0x00000000e9087c38,0x00000000e9200000)
  to   space 22528K, 0% used [0x00000000e6600000,0x00000000e6600000,0x00000000e7c00000)
 ParOldGen       total 110080K, used 45895K [0x0000000080000000, 0x0000000086b80000, 0x00000000d5580000)
  object space 110080K, 41% used [0x0000000080000000,0x0000000082cd1dd8,0x0000000086b80000)
 Metaspace       used 73034K, capacity 76692K, committed 76888K, reserved 1116160K
  class space    used 9907K, capacity 10619K, committed 10624K, reserved 1048576K
}
Event: 52.148 GC heap before
{Heap before GC invocations=18 (full 3):
 PSYoungGen      total 296448K, used 294943K [0x00000000d5580000, 0x00000000e9200000, 0x0000000100000000)
  eden space 279040K, 100% used [0x00000000d5580000,0x00000000e6600000,0x00000000e6600000)
  from space 17408K, 91% used [0x00000000e8100000,0x00000000e9087c38,0x00000000e9200000)
  to   space 22528K, 0% used [0x00000000e6600000,0x00000000e6600000,0x00000000e7c00000)
 ParOldGen       total 110080K, used 45895K [0x0000000080000000, 0x0000000086b80000, 0x00000000d5580000)
  object space 110080K, 41% used [0x0000000080000000,0x0000000082cd1dd8,0x0000000086b80000)
 Metaspace       used 80277K, capacity 84234K, committed 84312K, reserved 1122304K
  class space    used 10645K, capacity 11387K, committed 11392K, reserved 1048576K
Event: 52.169 GC heap after
Heap after GC invocations=18 (full 3):
 PSYoungGen      total 301568K, used 22508K [0x00000000d5580000, 0x00000000ed100000, 0x0000000100000000)
  eden space 279040K, 0% used [0x00000000d5580000,0x00000000d5580000,0x00000000e6600000)
  from space 22528K, 99% used [0x00000000e6600000,0x00000000e7bfb2b8,0x00000000e7c00000)
  to   space 28672K, 0% used [0x00000000eb500000,0x00000000eb500000,0x00000000ed100000)
 ParOldGen       total 110080K, used 52987K [0x0000000080000000, 0x0000000086b80000, 0x00000000d5580000)
  object space 110080K, 48% used [0x0000000080000000,0x00000000833beec0,0x0000000086b80000)
 Metaspace       used 80277K, capacity 84234K, committed 84312K, reserved 1122304K
  class space    used 10645K, capacity 11387K, committed 11392K, reserved 1048576K
}
Event: 282.931 GC heap before
{Heap before GC invocations=19 (full 3):
 PSYoungGen      total 301568K, used 301548K [0x00000000d5580000, 0x00000000ed100000, 0x0000000100000000)
  eden space 279040K, 100% used [0x00000000d5580000,0x00000000e6600000,0x00000000e6600000)
  from space 22528K, 99% used [0x00000000e6600000,0x00000000e7bfb2b8,0x00000000e7c00000)
  to   space 28672K, 0% used [0x00000000eb500000,0x00000000eb500000,0x00000000ed100000)
 ParOldGen       total 110080K, used 52987K [0x0000000080000000, 0x0000000086b80000, 0x00000000d5580000)
  object space 110080K, 48% used [0x0000000080000000,0x00000000833beec0,0x0000000086b80000)
 Metaspace       used 81190K, capacity 85298K, committed 85464K, reserved 1124352K
  class space    used 10678K, capacity 11441K, committed 11520K, reserved 1048576K
Event: 282.956 GC heap after
Heap after GC invocations=19 (full 3):
 PSYoungGen      total 339456K, used 6912K [0x00000000d5580000, 0x00000000ec600000, 0x0000000100000000)
  eden space 322048K, 0% used [0x00000000d5580000,0x00000000d5580000,0x00000000e9000000)
  from space 17408K, 39% used [0x00000000eb500000,0x00000000ebbc0248,0x00000000ec600000)
  to   space 27648K, 0% used [0x00000000e9000000,0x00000000e9000000,0x00000000eab00000)
 ParOldGen       total 110080K, used 69310K [0x0000000080000000, 0x0000000086b80000, 0x00000000d5580000)
  object space 110080K, 62% used [0x0000000080000000,0x00000000843af958,0x0000000086b80000)
 Metaspace       used 81190K, capacity 85298K, committed 85464K, reserved 1124352K
  class space    used 10678K, capacity 11441K, committed 11520K, reserved 1048576K
}
Event: 362.614 GC heap before
{Heap before GC invocations=20 (full 3):
 PSYoungGen      total 339456K, used 328960K [0x00000000d5580000, 0x00000000ec600000, 0x0000000100000000)
  eden space 322048K, 100% used [0x00000000d5580000,0x00000000e9000000,0x00000000e9000000)
  from space 17408K, 39% used [0x00000000eb500000,0x00000000ebbc0248,0x00000000ec600000)
  to   space 27648K, 0% used [0x00000000e9000000,0x00000000e9000000,0x00000000eab00000)
 ParOldGen       total 110080K, used 69310K [0x0000000080000000, 0x0000000086b80000, 0x00000000d5580000)
  object space 110080K, 62% used [0x0000000080000000,0x00000000843af958,0x0000000086b80000)
 Metaspace       used 81751K, capacity 85992K, committed 86232K, reserved 1124352K
  class space    used 10699K, capacity 11480K, committed 11520K, reserved 1048576K
Event: 362.624 GC heap after
Heap after GC invocations=20 (full 3):
 PSYoungGen      total 349696K, used 8576K [0x00000000d5580000, 0x00000000ede00000, 0x0000000100000000)
  eden space 322048K, 0% used [0x00000000d5580000,0x00000000d5580000,0x00000000e9000000)
  from space 27648K, 31% used [0x00000000e9000000,0x00000000e9860020,0x00000000eab00000)
  to   space 26624K, 0% used [0x00000000ec400000,0x00000000ec400000,0x00000000ede00000)
 ParOldGen       total 110080K, used 69318K [0x0000000080000000, 0x0000000086b80000, 0x00000000d5580000)
  object space 110080K, 62% used [0x0000000080000000,0x00000000843b1958,0x0000000086b80000)
 Metaspace       used 81751K, capacity 85992K, committed 86232K, reserved 1124352K
  class space    used 10699K, capacity 11480K, committed 11520K, reserved 1048576K
}

Deoptimization events (10 events):
Event: 361.350 Thread 0x000000001bef0800 Uncommon trap: reason=class_check action=maybe_recompile pc=0x00000000056d17cc method=com.google.common.cache.LocalCache$Segment.get(Ljava/lang/Object;ILcom/google/common/cache/CacheLoader;)Ljava/lang/Object; @ 108
Event: 361.350 Thread 0x000000001bef0800 Uncommon trap: reason=class_check action=maybe_recompile pc=0x0000000004de279c method=com.google.common.cache.LocalCache$Segment.lockedGetOrLoad(Ljava/lang/Object;ILcom/google/common/cache/CacheLoader;)Ljava/lang/Object; @ 129
Event: 361.423 Thread 0x0000000023e6b800 Uncommon trap: reason=null_check action=make_not_entrant pc=0x0000000005544cb4 method=com.android.manifmerger.XmlElement.<init>(Lorg/w3c/dom/Element;Lcom/android/manifmerger/XmlDocument;)V @ 86
Event: 361.800 Thread 0x0000000023e6b800 Uncommon trap: reason=array_check action=maybe_recompile pc=0x000000000577d394 method=java.util.TimSort.binarySort([Ljava/lang/Object;IIILjava/util/Comparator;)V @ 193
Event: 361.815 Thread 0x0000000023e6d000 Uncommon trap: reason=array_check action=maybe_recompile pc=0x000000000577d394 method=java.util.TimSort.binarySort([Ljava/lang/Object;IIILjava/util/Comparator;)V @ 193
Event: 362.583 Thread 0x0000000023e6d000 Uncommon trap: reason=array_check action=maybe_recompile pc=0x00000000057a7b5c method=com.google.common.collect.RegularImmutableMap.fromEntryArray(I[Ljava/util/Map$Entry;)Lcom/google/common/collect/ImmutableMap; @ 157
Event: 362.583 Thread 0x0000000023e6d000 Uncommon trap: reason=array_check action=maybe_recompile pc=0x00000000057a7b5c method=com.google.common.collect.RegularImmutableMap.fromEntryArray(I[Ljava/util/Map$Entry;)Lcom/google/common/collect/ImmutableMap; @ 157
Event: 362.584 Thread 0x0000000023e6d000 Uncommon trap: reason=array_check action=maybe_recompile pc=0x00000000057a7b5c method=com.google.common.collect.RegularImmutableMap.fromEntryArray(I[Ljava/util/Map$Entry;)Lcom/google/common/collect/ImmutableMap; @ 157
Event: 362.586 Thread 0x0000000023e6d000 Uncommon trap: reason=array_check action=maybe_recompile pc=0x00000000057a7b5c method=com.google.common.collect.RegularImmutableMap.fromEntryArray(I[Ljava/util/Map$Entry;)Lcom/google/common/collect/ImmutableMap; @ 157
Event: 418.931 Thread 0x0000000023e76800 Uncommon trap: reason=class_check action=maybe_recompile pc=0x00000000032c2d48 method=java.lang.ThreadLocal.set(Ljava/lang/Object;)V @ 26

Classes redefined (0 events):
No events

Internal exceptions (10 events):
Event: 421.279 Thread 0x0000000023e76800 Exception <a 'sun/net/ConnectionResetException': > (0x00000000d6fe3398) thrown at [C:\src\AOSP-openjdk-git\hotspot\src\share\vm\prims\jni.cpp, line 737]
Event: 421.279 Thread 0x0000000023e6b800 Exception <a 'sun/net/ConnectionResetException': > (0x00000000d6f742b8) thrown at [C:\src\AOSP-openjdk-git\hotspot\src\share\vm\prims\jni.cpp, line 737]
Event: 421.279 Thread 0x0000000023e76800 Exception <a 'sun/net/ConnectionResetException': > (0x00000000d6fe35c8) thrown at [C:\src\AOSP-openjdk-git\hotspot\src\share\vm\prims\jni.cpp, line 737]
Event: 421.279 Thread 0x0000000023e6b800 Exception <a 'sun/net/ConnectionResetException': > (0x00000000d6f74aa0) thrown at [C:\src\AOSP-openjdk-git\hotspot\src\share\vm\prims\jni.cpp, line 737]
Event: 423.309 Thread 0x0000000023e6b800 Exception <a 'java/net/ConnectException': Connection refused: connect> (0x00000000d6ffa738) thrown at [C:\src\AOSP-openjdk-git\hotspot\src\share\vm\prims\jni.cpp, line 737]
Event: 425.363 Thread 0x0000000023e6b800 Exception <a 'java/net/ConnectException': Connection refused: connect> (0x00000000d6ffb7d0) thrown at [C:\src\AOSP-openjdk-git\hotspot\src\share\vm\prims\jni.cpp, line 737]
Event: 425.969 Thread 0x0000000023978800 Exception <a 'java/net/ConnectException': Connection refused: connect> (0x00000000d6d36110) thrown at [C:\src\AOSP-openjdk-git\hotspot\src\share\vm\prims\jni.cpp, line 737]
Event: 427.410 Thread 0x0000000023e6b800 Exception <a 'java/net/ConnectException': Connection refused: connect> (0x00000000d6ffc868) thrown at [C:\src\AOSP-openjdk-git\hotspot\src\share\vm\prims\jni.cpp, line 737]
Event: 428.006 Thread 0x0000000023978800 Exception <a 'java/net/ConnectException': Connection refused: connect> (0x00000000d6d36a08) thrown at [C:\src\AOSP-openjdk-git\hotspot\src\share\vm\prims\jni.cpp, line 737]
Event: 430.069 Thread 0x0000000023978800 Exception <a 'java/net/ConnectException': Connection refused: connect> (0x00000000d6d37300) thrown at [C:\src\AOSP-openjdk-git\hotspot\src\share\vm\prims\jni.cpp, line 737]

Events (10 events):
Event: 427.790 Thread 0x000000001a021800 flushing nmethod 0x0000000004382750
Event: 427.790 Thread 0x000000001a021800 flushing nmethod 0x00000000043b9e50
Event: 427.790 Thread 0x000000001a021800 flushing nmethod 0x00000000043caed0
Event: 427.790 Thread 0x000000001a021800 flushing nmethod 0x00000000044129d0
Event: 427.790 Thread 0x000000001a021800 flushing nmethod 0x00000000044442d0
Event: 427.790 Thread 0x000000001a021800 flushing nmethod 0x0000000004444d10
Event: 427.790 Thread 0x000000001a021800 flushing nmethod 0x00000000044562d0
Event: 427.790 Thread 0x000000001a021800 flushing nmethod 0x000000000446f2d0
Event: 427.790 Thread 0x000000001a021800 flushing nmethod 0x0000000004515b50
Event: 427.846 Thread 0x0000000023975800 Thread added: 0x0000000023975800


Dynamic libraries:
0x00007ff618890000 - 0x00007ff6188c1000 	C:\Program Files\Android\Android Studio\jre\bin\java.exe
0x00007ff9c3cb0000 - 0x00007ff9c3ea6000 	C:\WINDOWS\SYSTEM32\ntdll.dll
0x00007ff9c3bb0000 - 0x00007ff9c3c6d000 	C:\WINDOWS\System32\KERNEL32.DLL
0x00007ff9c18a0000 - 0x00007ff9c1b69000 	C:\WINDOWS\System32\KERNELBASE.dll
0x00007ff9c1d10000 - 0x00007ff9c1dbc000 	C:\WINDOWS\System32\ADVAPI32.dll
0x00007ff9c2690000 - 0x00007ff9c272e000 	C:\WINDOWS\System32\msvcrt.dll
0x00007ff9c3a20000 - 0x00007ff9c3abc000 	C:\WINDOWS\System32\sechost.dll
0x00007ff9c2560000 - 0x00007ff9c268b000 	C:\WINDOWS\System32\RPCRT4.dll
0x00007ff9c23c0000 - 0x00007ff9c2560000 	C:\WINDOWS\System32\USER32.dll
0x00007ff9c1500000 - 0x00007ff9c1522000 	C:\WINDOWS\System32\win32u.dll
0x00007ff9c3080000 - 0x00007ff9c30aa000 	C:\WINDOWS\System32\GDI32.dll
0x00007ff9c13f0000 - 0x00007ff9c14fb000 	C:\WINDOWS\System32\gdi32full.dll
0x00007ff9c1b70000 - 0x00007ff9c1c0d000 	C:\WINDOWS\System32\msvcp_win.dll
0x00007ff9c1530000 - 0x00007ff9c1630000 	C:\WINDOWS\System32\ucrtbase.dll
0x00007ff9abc70000 - 0x00007ff9abf0b000 	C:\WINDOWS\WinSxS\amd64_microsoft.windows.common-controls_6595b64144ccf1df_6.0.19041.746_none_ca02b4b61b8320a4\COMCTL32.dll
0x00007ff9c3b20000 - 0x00007ff9c3b50000 	C:\WINDOWS\System32\IMM32.DLL
0x0000000064de0000 - 0x0000000064eb2000 	C:\Program Files\Android\Android Studio\jre\jre\bin\msvcr100.dll
0x0000000063e00000 - 0x000000006464b000 	C:\Program Files\Android\Android Studio\jre\jre\bin\server\jvm.dll
0x00007ff9c1e70000 - 0x00007ff9c1e78000 	C:\WINDOWS\System32\PSAPI.DLL
0x00007ff9a63f0000 - 0x00007ff9a6417000 	C:\WINDOWS\SYSTEM32\WINMM.dll
0x00007ff9a9650000 - 0x00007ff9a9659000 	C:\WINDOWS\SYSTEM32\WSOCK32.dll
0x00007ff9c0f70000 - 0x00007ff9c0f7a000 	C:\WINDOWS\SYSTEM32\VERSION.dll
0x00007ff9c2810000 - 0x00007ff9c287b000 	C:\WINDOWS\System32\WS2_32.dll
0x00007ff9a88e0000 - 0x00007ff9a88ef000 	C:\Program Files\Android\Android Studio\jre\jre\bin\verify.dll
0x00007ff9a2b90000 - 0x00007ff9a2bb9000 	C:\Program Files\Android\Android Studio\jre\jre\bin\java.dll
0x00007ff9a88c0000 - 0x00007ff9a88d6000 	C:\Program Files\Android\Android Studio\jre\jre\bin\zip.dll
0x00007ff9c3270000 - 0x00007ff9c39b2000 	C:\WINDOWS\System32\SHELL32.dll
0x00007ff9bf4b0000 - 0x00007ff9bfc40000 	C:\WINDOWS\SYSTEM32\windows.storage.dll
0x00007ff9c2bf0000 - 0x00007ff9c2f46000 	C:\WINDOWS\System32\combase.dll
0x00007ff9c0de0000 - 0x00007ff9c0e0c000 	C:\WINDOWS\SYSTEM32\Wldp.dll
0x00007ff9c2310000 - 0x00007ff9c23be000 	C:\WINDOWS\System32\SHCORE.dll
0x00007ff9c39c0000 - 0x00007ff9c3a15000 	C:\WINDOWS\System32\shlwapi.dll
0x00007ff9c1320000 - 0x00007ff9c1346000 	C:\WINDOWS\SYSTEM32\profapi.dll
0x00007ff998080000 - 0x00007ff99809a000 	C:\Program Files\Android\Android Studio\jre\jre\bin\net.dll
0x00007ff9c0b60000 - 0x00007ff9c0bca000 	C:\WINDOWS\system32\mswsock.dll
0x00007ff9978e0000 - 0x00007ff9978f3000 	C:\Program Files\Android\Android Studio\jre\jre\bin\nio.dll
0x00007ff9b6d40000 - 0x00007ff9b6d67000 	C:\Users\Apolo\.gradle\native\f6784746aeab05261644944871eae4fe03e0ef1612fff0a4a95f87b438bc6780\windows-amd64\native-platform.dll
0x00007ff9a7530000 - 0x00007ff9a753d000 	C:\Program Files\Android\Android Studio\jre\jre\bin\management.dll
0x00007ff9c0d40000 - 0x00007ff9c0d58000 	C:\WINDOWS\SYSTEM32\CRYPTSP.dll
0x00007ff9c0490000 - 0x00007ff9c04c4000 	C:\WINDOWS\system32\rsaenh.dll
0x00007ff9c17f0000 - 0x00007ff9c1817000 	C:\WINDOWS\System32\bcrypt.dll
0x00007ff9c12a0000 - 0x00007ff9c12ce000 	C:\WINDOWS\SYSTEM32\USERENV.dll
0x00007ff9c1820000 - 0x00007ff9c18a0000 	C:\WINDOWS\System32\bcryptprimitives.dll
0x00007ff9c0d30000 - 0x00007ff9c0d3c000 	C:\WINDOWS\SYSTEM32\CRYPTBASE.dll
0x00007ff9c0800000 - 0x00007ff9c083b000 	C:\WINDOWS\SYSTEM32\IPHLPAPI.DLL
0x00007ff9c3140000 - 0x00007ff9c3148000 	C:\WINDOWS\System32\NSI.dll
0x00007ff9b6210000 - 0x00007ff9b6227000 	C:\WINDOWS\SYSTEM32\dhcpcsvc6.DLL
0x00007ff9b5f00000 - 0x00007ff9b5f1d000 	C:\WINDOWS\SYSTEM32\dhcpcsvc.DLL
0x00007ff9c0840000 - 0x00007ff9c090b000 	C:\WINDOWS\SYSTEM32\DNSAPI.dll
0x00007ff9b7b70000 - 0x00007ff9b7b7b000 	C:\WINDOWS\SYSTEM32\WINNSI.DLL
0x00007ff9b77c0000 - 0x00007ff9b77de000 	C:\Users\Apolo\AppData\Local\Temp\native-platform5682865107763485581dir\native-platform.dll

VM Arguments:
jvm_args: -Xmx2048m -Dfile.encoding=windows-1252 -Duser.country=ES -Duser.language=es -Duser.variant 
java_command: org.gradle.launcher.daemon.bootstrap.GradleDaemon 6.5
java_class_path (initial): C:\Users\Apolo\.gradle\wrapper\dists\gradle-6.5-bin\6nifqtx7604sqp1q6g8wikw7p\gradle-6.5\lib\gradle-launcher-6.5.jar
Launcher Type: SUN_STANDARD

Environment Variables:
PATH=C:\Program Files\Common Files\Oracle\Java\javapath;C:\Program Files (x86)\Common Files\Oracle\Java\javapath;C:\orant\bin;C:\WINDOWS\system32;C:\WINDOWS;C:\WINDOWS\System32\Wbem;C:\WINDOWS\System32\WindowsPowerShell\v1.0\;C:\WINDOWS\System32\OpenSSH\;C:\orant\jdk\bin;C:\Program Files (x86)\Intel\Intel(R) Memory And Storage Tool\;C:\Program Files\Git\cmd;C:\Program Files\nodejs\;C:\Users\Apolo\AppData\Local\Microsoft\WindowsApps;;C:\Users\Apolo\AppData\Local\Programs\Microsoft VS Code\bin;C:\Users\Apolo\AppData\Roaming\npm
USERNAME=Apolo
OS=Windows_NT
PROCESSOR_IDENTIFIER=Intel64 Family 6 Model 126 Stepping 5, GenuineIntel



---------------  S Y S T E M  ---------------

OS: Windows 10.0 , 64 bit Build 19041 (10.0.19041.804)

CPU:total 8 (initial active 8) (4 cores per cpu, 2 threads per core) family 6 model 126 stepping 5, cmov, cx8, fxsr, mmx, sse, sse2, sse3, ssse3, sse4.1, sse4.2, popcnt, avx, avx2, aes, clmul, erms, 3dnowpref, lzcnt, ht, tsc, tscinvbit, bmi1, bmi2, adx

Memory: 4k page, physical 8165048k(565688k free), swap 11736884k(3116k free)

vm_info: OpenJDK 64-Bit Server VM (25.242-b01) for windows-amd64 JRE (1.8.0_242-release-1644-b01), built by "builder" with MS VC++ 10.0 (VS2010)

time: Thu Feb 25 08:36:49 2021
timezone: Hora de verano de Paraguay
elapsed time: 431 seconds (0d 0h 7m 11s)

