#
# There is insufficient memory for the Java Runtime Environment to continue.
# Native memory allocation (malloc) failed to allocate 378096 bytes for Chunk::new
# Possible reasons:
#   The system is out of physical RAM or swap space
#   The process is running with CompressedOops enabled, and the Java Heap may be blocking the growth of the native heap
# Possible solutions:
#   Reduce memory load on the system
#   Increase physical memory or swap space
#   Check if swap backing store is full
#   Decrease Java heap size (-Xmx/-Xms)
#   Decrease number of Java threads
#   Decrease Java thread stack sizes (-Xss)
#   Set larger code cache with -XX:ReservedCodeCacheSize=
#   JVM is running with Unscaled Compressed Oops mode in which the Java heap is
#     placed in the first 4GB address space. The Java Heap base address is the
#     maximum limit for the native heap growth. Please use -XX:HeapBaseMinAddress
#     to set the Java Heap base and to place the Java Heap above 4GB virtual address.
# This output file may be truncated or incomplete.
#
#  Out of Memory Error (allocation.cpp:389), pid=111232, tid=0x000000000001b49c
#
# JRE version: OpenJDK Runtime Environment (8.0_242-b01) (build 1.8.0_242-release-1644-b01)
# Java VM: OpenJDK 64-Bit Server VM (25.242-b01 mixed mode windows-amd64 compressed oops)
# Failed to write core dump. Minidumps are not enabled by default on client versions of Windows
#

---------------  T H R E A D  ---------------

Current thread (0x000000001772b000):  JavaThread "C2 CompilerThread1" daemon [_thread_in_native, id=111772, stack(0x0000000019f20000,0x000000001a020000)]

Stack: [0x0000000019f20000,0x000000001a020000]
[error occurred during error reporting (printing stack bounds), id 0xc0000005]

Native frames: (J=compiled Java code, j=interpreted, Vv=VM code, C=native code)


Current CompileTask:
C2:   5557 5192       4       groovy.lang.MetaClassImpl$1MOPIter::methodNameAction (325 bytes)


---------------  P R O C E S S  ---------------

Java Threads: ( => current thread )
  0x0000000021974800 JavaThread "Cache worker for Build Output Cleanup Cache (C:\Android\Proyecto\VendedoresKT\ApoloVendedor\.gradle\buildOutputCleanup)" [_thread_blocked, id=112392, stack(0x0000000025c20000,0x0000000025d20000)]
  0x0000000021974000 JavaThread "jar transforms Thread 113" [_thread_blocked, id=84136, stack(0x000000002bbb0000,0x000000002bcb0000)]
  0x0000000021971000 JavaThread "jar transforms Thread 112" [_thread_blocked, id=109240, stack(0x000000002bab0000,0x000000002bbb0000)]
  0x0000000021973000 JavaThread "jar transforms Thread 111" [_thread_blocked, id=111172, stack(0x000000002b9b0000,0x000000002bab0000)]
  0x0000000021970000 JavaThread "jar transforms Thread 110" [_thread_blocked, id=112736, stack(0x000000002b8b0000,0x000000002b9b0000)]
  0x0000000021971800 JavaThread "jar transforms Thread 109" [_thread_blocked, id=83556, stack(0x000000002b7b0000,0x000000002b8b0000)]
  0x0000000021976800 JavaThread "jar transforms Thread 108" [_thread_blocked, id=112872, stack(0x000000002b6b0000,0x000000002b7b0000)]
  0x0000000021972800 JavaThread "jar transforms Thread 107" [_thread_blocked, id=109216, stack(0x000000002b5b0000,0x000000002b6b0000)]
  0x0000000021968800 JavaThread "jar transforms Thread 106" [_thread_blocked, id=111056, stack(0x000000002b4b0000,0x000000002b5b0000)]
  0x000000002196f800 JavaThread "jar transforms Thread 105" [_thread_blocked, id=113568, stack(0x000000002b3b0000,0x000000002b4b0000)]
  0x000000002196d000 JavaThread "jar transforms Thread 104" [_thread_blocked, id=113360, stack(0x000000002b1b0000,0x000000002b2b0000)]
  0x0000000021968000 JavaThread "jar transforms Thread 103" [_thread_blocked, id=68152, stack(0x000000002b0b0000,0x000000002b1b0000)]
  0x000000002196e800 JavaThread "jar transforms Thread 102" [_thread_blocked, id=83864, stack(0x000000002afb0000,0x000000002b0b0000)]
  0x000000002196b000 JavaThread "jar transforms Thread 101" [_thread_blocked, id=114256, stack(0x000000002aeb0000,0x000000002afb0000)]
  0x000000002196e000 JavaThread "jar transforms Thread 100" [_thread_blocked, id=112892, stack(0x000000002adb0000,0x000000002aeb0000)]
  0x000000002196a000 JavaThread "jar transforms Thread 99" [_thread_blocked, id=110452, stack(0x000000002acb0000,0x000000002adb0000)]
  0x0000000021969800 JavaThread "jar transforms Thread 98" [_thread_blocked, id=112196, stack(0x000000002abb0000,0x000000002acb0000)]
  0x000000002196c800 JavaThread "jar transforms Thread 97" [_thread_blocked, id=110128, stack(0x000000002aab0000,0x000000002abb0000)]
  0x000000002196b800 JavaThread "jar transforms Thread 96" [_thread_blocked, id=107780, stack(0x000000002a9b0000,0x000000002aab0000)]
  0x0000000021967000 JavaThread "jar transforms Thread 95" [_thread_blocked, id=102456, stack(0x000000002a8b0000,0x000000002a9b0000)]
  0x0000000021e7d800 JavaThread "jar transforms Thread 94" [_thread_blocked, id=109572, stack(0x000000002a7b0000,0x000000002a8b0000)]
  0x0000000021e7c800 JavaThread "jar transforms Thread 93" [_thread_blocked, id=67536, stack(0x000000002a6b0000,0x000000002a7b0000)]
  0x0000000021e7a800 JavaThread "jar transforms Thread 92" [_thread_blocked, id=108484, stack(0x000000002a5b0000,0x000000002a6b0000)]
  0x0000000021e7c000 JavaThread "jar transforms Thread 91" [_thread_blocked, id=63196, stack(0x000000002a4b0000,0x000000002a5b0000)]
  0x0000000021e79000 JavaThread "jar transforms Thread 90" [_thread_blocked, id=113396, stack(0x000000002a3b0000,0x000000002a4b0000)]
  0x0000000021e7b000 JavaThread "jar transforms Thread 89" [_thread_blocked, id=114672, stack(0x000000002a2b0000,0x000000002a3b0000)]
  0x0000000021e78000 JavaThread "jar transforms Thread 88" [_thread_blocked, id=77796, stack(0x000000002a1b0000,0x000000002a2b0000)]
  0x0000000021e79800 JavaThread "jar transforms Thread 87" [_thread_blocked, id=82168, stack(0x000000002a0b0000,0x000000002a1b0000)]
  0x0000000021e70800 JavaThread "jar transforms Thread 86" [_thread_blocked, id=80232, stack(0x0000000029fb0000,0x000000002a0b0000)]
  0x0000000021e77800 JavaThread "jar transforms Thread 85" [_thread_blocked, id=46212, stack(0x0000000029eb0000,0x0000000029fb0000)]
  0x0000000021e70000 JavaThread "jar transforms Thread 84" [_thread_blocked, id=111448, stack(0x0000000029db0000,0x0000000029eb0000)]
  0x0000000021e76800 JavaThread "jar transforms Thread 83" [_thread_blocked, id=106792, stack(0x0000000029cb0000,0x0000000029db0000)]
  0x0000000021e6f000 JavaThread "jar transforms Thread 82" [_thread_blocked, id=113888, stack(0x0000000029bb0000,0x0000000029cb0000)]
  0x0000000021e75000 JavaThread "jar transforms Thread 81" [_thread_blocked, id=4344, stack(0x0000000029ab0000,0x0000000029bb0000)]
  0x0000000021e74800 JavaThread "jar transforms Thread 80" [_thread_blocked, id=81072, stack(0x00000000299b0000,0x0000000029ab0000)]
  0x0000000021e73800 JavaThread "jar transforms Thread 79" [_thread_blocked, id=104964, stack(0x00000000298b0000,0x00000000299b0000)]
  0x0000000021e76000 JavaThread "jar transforms Thread 78" [_thread_blocked, id=108916, stack(0x00000000297b0000,0x00000000298b0000)]
  0x0000000021e73000 JavaThread "jar transforms Thread 77" [_thread_blocked, id=110996, stack(0x00000000296b0000,0x00000000297b0000)]
  0x0000000021e72000 JavaThread "jar transforms Thread 76" [_thread_blocked, id=114236, stack(0x00000000295b0000,0x00000000296b0000)]
  0x0000000021e71800 JavaThread "jar transforms Thread 75" [_thread_blocked, id=105240, stack(0x00000000294b0000,0x00000000295b0000)]
  0x0000000021e6e800 JavaThread "jar transforms Thread 74" [_thread_blocked, id=111016, stack(0x00000000293b0000,0x00000000294b0000)]
  0x000000001ff54800 JavaThread "jar transforms Thread 73" [_thread_blocked, id=112192, stack(0x00000000292b0000,0x00000000293b0000)]
  0x000000001ff57800 JavaThread "jar transforms Thread 72" [_thread_blocked, id=106176, stack(0x00000000291b0000,0x00000000292b0000)]
  0x000000001ff57000 JavaThread "jar transforms Thread 71" [_thread_blocked, id=83528, stack(0x00000000290b0000,0x00000000291b0000)]
  0x000000001ff56000 JavaThread "jar transforms Thread 70" [_thread_blocked, id=105492, stack(0x0000000028fb0000,0x00000000290b0000)]
  0x000000001ff55800 JavaThread "jar transforms Thread 69" [_thread_blocked, id=113268, stack(0x0000000028eb0000,0x0000000028fb0000)]
  0x000000001ff54000 JavaThread "jar transforms Thread 68" [_thread_blocked, id=113916, stack(0x0000000028db0000,0x0000000028eb0000)]
  0x000000001ff53000 JavaThread "jar transforms Thread 67" [_thread_blocked, id=111876, stack(0x0000000028cb0000,0x0000000028db0000)]
  0x000000001ff4b800 JavaThread "jar transforms Thread 66" [_thread_blocked, id=7176, stack(0x0000000028bb0000,0x0000000028cb0000)]
  0x000000001ff52800 JavaThread "jar transforms Thread 65" [_thread_blocked, id=2992, stack(0x0000000028ab0000,0x0000000028bb0000)]
  0x000000001ff51800 JavaThread "jar transforms Thread 64" [_thread_blocked, id=111036, stack(0x00000000289b0000,0x0000000028ab0000)]
  0x000000001ff51000 JavaThread "jar transforms Thread 63" [_thread_blocked, id=114052, stack(0x00000000288b0000,0x00000000289b0000)]
  0x000000001ff4c000 JavaThread "jar transforms Thread 62" [_thread_blocked, id=111264, stack(0x00000000287b0000,0x00000000288b0000)]
  0x000000001ff50000 JavaThread "jar transforms Thread 61" [_thread_blocked, id=80552, stack(0x00000000286b0000,0x00000000287b0000)]
  0x000000001ff4f800 JavaThread "jar transforms Thread 60" [_thread_blocked, id=114536, stack(0x00000000285b0000,0x00000000286b0000)]
  0x000000001ff49000 JavaThread "jar transforms Thread 59" [_thread_blocked, id=7868, stack(0x00000000284b0000,0x00000000285b0000)]
  0x000000001ff4a000 JavaThread "jar transforms Thread 58" [_thread_blocked, id=13708, stack(0x00000000283b0000,0x00000000284b0000)]
  0x000000001ff4e800 JavaThread "jar transforms Thread 57" [_thread_blocked, id=114316, stack(0x00000000282b0000,0x00000000283b0000)]
  0x000000001ff4e000 JavaThread "jar transforms Thread 56" [_thread_blocked, id=79852, stack(0x00000000281b0000,0x00000000282b0000)]
  0x000000001ff4a800 JavaThread "jar transforms Thread 55" [_thread_blocked, id=113416, stack(0x00000000280b0000,0x00000000281b0000)]
  0x000000001ff48800 JavaThread "jar transforms Thread 54" [_thread_blocked, id=20232, stack(0x0000000027fb0000,0x00000000280b0000)]
  0x000000001ff4d000 JavaThread "jar transforms Thread 53" [_thread_blocked, id=110228, stack(0x0000000027eb0000,0x0000000027fb0000)]
  0x000000002185b000 JavaThread "jar transforms Thread 52" [_thread_blocked, id=110540, stack(0x0000000027db0000,0x0000000027eb0000)]
  0x0000000021857800 JavaThread "jar transforms Thread 51" [_thread_blocked, id=113148, stack(0x0000000027cb0000,0x0000000027db0000)]
  0x000000002185a800 JavaThread "jar transforms Thread 50" [_thread_blocked, id=110552, stack(0x0000000027bb0000,0x0000000027cb0000)]
  0x0000000021858000 JavaThread "jar transforms Thread 49" [_thread_blocked, id=113428, stack(0x0000000027ab0000,0x0000000027bb0000)]
  0x000000002185c000 JavaThread "jar transforms Thread 48" [_thread_blocked, id=106724, stack(0x00000000279b0000,0x0000000027ab0000)]
  0x0000000021859800 JavaThread "jar transforms Thread 47" [_thread_blocked, id=114540, stack(0x00000000278b0000,0x00000000279b0000)]
  0x0000000021859000 JavaThread "jar transforms Thread 46" [_thread_blocked, id=79840, stack(0x00000000277b0000,0x00000000278b0000)]
  0x0000000021856800 JavaThread "jar transforms Thread 45" [_thread_blocked, id=108856, stack(0x00000000276b0000,0x00000000277b0000)]
  0x000000002184f000 JavaThread "jar transforms Thread 44" [_thread_blocked, id=69644, stack(0x00000000275b0000,0x00000000276b0000)]
  0x0000000021856000 JavaThread "jar transforms Thread 43" [_thread_blocked, id=110964, stack(0x00000000274b0000,0x00000000275b0000)]
  0x0000000021855000 JavaThread "jar transforms Thread 42" [_thread_blocked, id=112588, stack(0x00000000273b0000,0x00000000274b0000)]
  0x0000000021854800 JavaThread "jar transforms Thread 41" [_thread_blocked, id=14988, stack(0x00000000272b0000,0x00000000273b0000)]
  0x000000002184d000 JavaThread "jar transforms Thread 40" [_thread_blocked, id=112320, stack(0x00000000271b0000,0x00000000272b0000)]
  0x000000002184e800 JavaThread "jar transforms Thread 39" [_thread_blocked, id=39320, stack(0x00000000270b0000,0x00000000271b0000)]
  0x0000000021853800 JavaThread "jar transforms Thread 38" [_thread_blocked, id=1324, stack(0x0000000026fb0000,0x00000000270b0000)]
  0x0000000021850000 JavaThread "jar transforms Thread 37" [_thread_blocked, id=79280, stack(0x0000000026eb0000,0x0000000026fb0000)]
  0x000000002184d800 JavaThread "jar transforms Thread 36" [_thread_blocked, id=18392, stack(0x0000000026db0000,0x0000000026eb0000)]
  0x0000000021850800 JavaThread "jar transforms Thread 35" [_thread_blocked, id=110048, stack(0x0000000026cb0000,0x0000000026db0000)]
  0x0000000021851800 JavaThread "jar transforms Thread 34" [_thread_blocked, id=12576, stack(0x0000000026bb0000,0x0000000026cb0000)]
  0x0000000021853000 JavaThread "jar transforms Thread 33" [_thread_blocked, id=12068, stack(0x0000000026ab0000,0x0000000026bb0000)]
  0x0000000021852000 JavaThread "jar transforms Thread 32" [_thread_blocked, id=82320, stack(0x00000000269b0000,0x0000000026ab0000)]
  0x00000000217ac000 JavaThread "jar transforms Thread 31" [_thread_blocked, id=82892, stack(0x00000000268b0000,0x00000000269b0000)]
  0x00000000217ac800 JavaThread "jar transforms Thread 30" [_thread_blocked, id=114428, stack(0x00000000267b0000,0x00000000268b0000)]
  0x00000000217ab000 JavaThread "jar transforms Thread 29" [_thread_blocked, id=83480, stack(0x00000000266b0000,0x00000000267b0000)]
  0x00000000217aa800 JavaThread "jar transforms Thread 28" [_thread_blocked, id=80648, stack(0x00000000265b0000,0x00000000266b0000)]
  0x00000000217ad800 JavaThread "jar transforms Thread 27" [_thread_blocked, id=111680, stack(0x00000000264b0000,0x00000000265b0000)]
  0x00000000217a9800 JavaThread "jar transforms Thread 26" [_thread_blocked, id=19416, stack(0x00000000263b0000,0x00000000264b0000)]
  0x00000000217a9000 JavaThread "jar transforms Thread 25" [_thread_blocked, id=114464, stack(0x00000000262b0000,0x00000000263b0000)]
  0x00000000217a1000 JavaThread "jar transforms Thread 24" [_thread_blocked, id=65720, stack(0x00000000261b0000,0x00000000262b0000)]
  0x00000000217a7800 JavaThread "jar transforms Thread 23" [_thread_blocked, id=113368, stack(0x00000000260b0000,0x00000000261b0000)]
  0x00000000217a6800 JavaThread "jar transforms Thread 22" [_thread_blocked, id=113636, stack(0x0000000025fb0000,0x00000000260b0000)]
  0x00000000217a8000 JavaThread "jar transforms Thread 21" [_thread_blocked, id=109980, stack(0x0000000025eb0000,0x0000000025fb0000)]
  0x00000000217a0800 JavaThread "jar transforms Thread 20" [_thread_blocked, id=64756, stack(0x0000000025db0000,0x0000000025eb0000)]
  0x00000000217a5800 JavaThread "jar transforms Thread 19" [_thread_blocked, id=111948, stack(0x0000000024ab0000,0x0000000024bb0000)]
  0x00000000217a2800 JavaThread "jar transforms Thread 18" [_thread_blocked, id=83496, stack(0x0000000023f70000,0x0000000024070000)]
  0x00000000217a5000 JavaThread "jar transforms Thread 17" [_thread_blocked, id=9160, stack(0x0000000023e70000,0x0000000023f70000)]
  0x00000000217a2000 JavaThread "jar transforms Thread 16" [_thread_blocked, id=112844, stack(0x0000000025920000,0x0000000025a20000)]
  0x00000000217a3800 JavaThread "jar transforms Thread 15" [_thread_blocked, id=106700, stack(0x0000000025820000,0x0000000025920000)]
  0x000000002179e000 JavaThread "jar transforms Thread 14" [_thread_blocked, id=112220, stack(0x0000000025720000,0x0000000025820000)]
  0x000000002179f000 JavaThread "jar transforms Thread 13" [_thread_blocked, id=113336, stack(0x0000000025620000,0x0000000025720000)]
  0x00000000217a4000 JavaThread "jar transforms Thread 12" [_thread_blocked, id=112104, stack(0x0000000025520000,0x0000000025620000)]
  0x000000002179f800 JavaThread "jar transforms Thread 11" [_thread_blocked, id=111444, stack(0x0000000025420000,0x0000000025520000)]
  0x000000001fe39000 JavaThread "jar transforms Thread 10" [_thread_blocked, id=108860, stack(0x0000000025320000,0x0000000025420000)]
  0x000000001fe3f800 JavaThread "jar transforms Thread 9" [_thread_blocked, id=110740, stack(0x0000000025220000,0x0000000025320000)]
  0x000000001fe38000 JavaThread "jar transforms Thread 8" [_thread_blocked, id=112596, stack(0x0000000025120000,0x0000000025220000)]
  0x000000001fe3f000 JavaThread "jar transforms Thread 7" [_thread_blocked, id=111664, stack(0x0000000025020000,0x0000000025120000)]
  0x000000001fe3e000 JavaThread "jar transforms Thread 6" [_thread_blocked, id=111360, stack(0x0000000024f20000,0x0000000025020000)]
  0x000000001fe3d800 JavaThread "jar transforms Thread 5" [_thread_blocked, id=111692, stack(0x0000000024e20000,0x0000000024f20000)]
  0x000000001fe3b000 JavaThread "jar transforms Thread 4" [_thread_blocked, id=114104, stack(0x0000000024d20000,0x0000000024e20000)]
  0x000000001fe39800 JavaThread "jar transforms Thread 3" [_thread_blocked, id=112176, stack(0x0000000024c20000,0x0000000024d20000)]
  0x000000001fe3c800 JavaThread "jar transforms Thread 2" [_thread_blocked, id=105476, stack(0x0000000024080000,0x0000000024180000)]
  0x000000001fe3a800 JavaThread "Build operations Thread 8" [_thread_blocked, id=110068, stack(0x00000000248b0000,0x00000000249b0000)]
  0x000000001fe3c000 JavaThread "Build operations Thread 7" [_thread_blocked, id=114304, stack(0x00000000247b0000,0x00000000248b0000)]
  0x000000001fe30800 JavaThread "Build operations Thread 6" [_thread_blocked, id=110252, stack(0x00000000246b0000,0x00000000247b0000)]
  0x000000001fe37800 JavaThread "Build operations Thread 5" [_thread_blocked, id=114684, stack(0x00000000245b0000,0x00000000246b0000)]
  0x000000001fe36000 JavaThread "Build operations Thread 4" [_thread_blocked, id=112476, stack(0x00000000244b0000,0x00000000245b0000)]
  0x000000001fe35000 JavaThread "Build operations Thread 3" [_thread_blocked, id=84488, stack(0x00000000243b0000,0x00000000244b0000)]
  0x000000001fe34800 JavaThread "Build operations Thread 2" [_thread_blocked, id=114192, stack(0x00000000242b0000,0x00000000243b0000)]
  0x000000001fe32000 JavaThread "Build operations" [_thread_blocked, id=110888, stack(0x00000000241b0000,0x00000000242b0000)]
  0x000000001c197800 JavaThread "Cache worker for file content cache (C:\Users\Apolo\.gradle\caches\6.5\fileContent)" [_thread_blocked, id=108756, stack(0x00000000227a0000,0x00000000228a0000)]
  0x000000001c19c000 JavaThread "jar transforms" [_thread_blocked, id=114560, stack(0x00000000226a0000,0x00000000227a0000)]
  0x000000001c19a800 JavaThread "Cache worker for execution history cache (C:\Users\Apolo\.gradle\caches\6.5\executionHistory)" [_thread_blocked, id=113520, stack(0x0000000021fa0000,0x00000000220a0000)]
  0x000000001c19b800 JavaThread "Cache worker for cache directory md-rule (C:\Users\Apolo\.gradle\caches\6.5\md-rule)" [_thread_blocked, id=110356, stack(0x0000000021ea0000,0x0000000021fa0000)]
  0x000000001c198800 JavaThread "Cache worker for cache directory md-supplier (C:\Users\Apolo\.gradle\caches\6.5\md-supplier)" [_thread_blocked, id=110416, stack(0x0000000020b50000,0x0000000020c50000)]
  0x000000001c19a000 JavaThread "Cache worker for checksums cache (C:\Android\Proyecto\VendedoresKT\ApoloVendedor\.gradle\checksums)" [_thread_blocked, id=112324, stack(0x0000000020a50000,0x0000000020b50000)]
  0x000000001c197000 JavaThread "Cache worker for file hash cache (C:\Android\Proyecto\VendedoresKT\ApoloVendedor\.gradle\6.5\fileHashes)" [_thread_blocked, id=112000, stack(0x000000001e570000,0x000000001e670000)]
  0x000000001c19d000 JavaThread "Cache worker for file hash cache (C:\Users\Apolo\.gradle\caches\6.5\fileHashes)" [_thread_blocked, id=109992, stack(0x000000001e470000,0x000000001e570000)]
  0x000000001c196000 JavaThread "File lock request listener" [_thread_in_native, id=113732, stack(0x000000001e370000,0x000000001e470000)]
  0x000000001c073800 JavaThread "Cache worker for journal cache (C:\Users\Apolo\.gradle\caches\journal-1)" [_thread_blocked, id=113288, stack(0x000000001e270000,0x000000001e370000)]
  0x000000001a6e2800 JavaThread "Thread-9" [_thread_blocked, id=111960, stack(0x000000001df70000,0x000000001e070000)]
  0x000000001a62c000 JavaThread "Stdin handler" [_thread_blocked, id=82348, stack(0x000000001de70000,0x000000001df70000)]
  0x000000001a62b000 JavaThread "Asynchronous log dispatcher for DefaultDaemonConnection: socket connection from /127.0.0.1:49345 to /127.0.0.1:49346" [_thread_blocked, id=112860, stack(0x000000001dd70000,0x000000001de70000)]
  0x000000001a5d4000 JavaThread "Daemon worker" [_thread_in_vm_trans, id=111088, stack(0x000000001dc70000,0x000000001dd70000)]
  0x000000001a5d2800 JavaThread "Cancel handler" [_thread_blocked, id=112884, stack(0x000000001db70000,0x000000001dc70000)]
  0x000000001c023000 JavaThread "Handler for socket connection from /127.0.0.1:49345 to /127.0.0.1:49346" [_thread_in_native, id=111396, stack(0x000000001da70000,0x000000001db70000)]
  0x000000001c021800 JavaThread "Daemon" [_thread_blocked, id=113884, stack(0x000000001d970000,0x000000001da70000)]
  0x000000001c01e800 JavaThread "Daemon periodic checks" [_thread_blocked, id=109856, stack(0x000000001d670000,0x000000001d770000)]
  0x000000001bfa2800 JavaThread "Incoming local TCP Connector on port 49345" [_thread_in_native, id=110568, stack(0x000000001d400000,0x000000001d500000)]
  0x000000001bf4b800 JavaThread "Daemon health stats" [_thread_blocked, id=111892, stack(0x000000001cdc0000,0x000000001cec0000)]
  0x00000000195bf800 JavaThread "Service Thread" daemon [_thread_blocked, id=111688, stack(0x000000001a220000,0x000000001a320000)]
  0x000000001953b000 JavaThread "C1 CompilerThread3" daemon [_thread_in_native, id=111916, stack(0x000000001a120000,0x000000001a220000)]
  0x0000000019537000 JavaThread "C2 CompilerThread2" daemon [_thread_in_native, id=109928, stack(0x000000001a020000,0x000000001a120000)]
=>0x000000001772b000 JavaThread "C2 CompilerThread1" daemon [_thread_in_native, id=111772, stack(0x0000000019f20000,0x000000001a020000)]
  0x0000000019530000 JavaThread "C2 CompilerThread0" daemon [_thread_in_native, id=112328, stack(0x0000000019e20000,0x0000000019f20000)]
  0x000000001952f000 JavaThread "Attach Listener" daemon [_thread_blocked, id=82424, stack(0x0000000019d20000,0x0000000019e20000)]
  0x0000000019535800 JavaThread "Signal Dispatcher" daemon [_thread_blocked, id=113052, stack(0x0000000019c20000,0x0000000019d20000)]
  0x00000000025ae000 JavaThread "Finalizer" daemon [_thread_blocked, id=111424, stack(0x0000000019a00000,0x0000000019b00000)]
  0x00000000025a7000 JavaThread "Reference Handler" daemon [_thread_blocked, id=111052, stack(0x0000000019900000,0x0000000019a00000)]
  0x00000000026ad800 JavaThread "main" [_thread_blocked, id=109892, stack(0x0000000002340000,0x0000000002440000)]

Other Threads:
  0x0000000017716000 VMThread [stack: 0x0000000019400000,0x0000000019500000] [id=112312]
  0x00000000195c0800 WatcherThread [stack: 0x000000001a320000,0x000000001a420000] [id=109900]

VM state:not at safepoint (normal execution)

VM Mutex/Monitor currently owned by a thread:  ([mutex/lock_event])
[0x00000000026ac1f0] CodeCache_lock - owner thread: 0x000000001953b000
[0x00000000024b1cd0] Compile_lock - owner thread: 0x000000001953b000

heap address: 0x0000000080000000, size: 2048 MB, Compressed Oops mode: 32-bit
Narrow klass base: 0x0000000000000000, Narrow klass shift: 3
Compressed class space size: 1073741824 Address: 0x0000000100000000

Heap:
 PSYoungGen      total 176640K, used 8840K [0x00000000d5580000, 0x00000000e1800000, 0x0000000100000000)
  eden space 168448K, 5% used [0x00000000d5580000,0x00000000d5e22050,0x00000000dfa00000)
  from space 8192K, 0% used [0x00000000e1000000,0x00000000e1000000,0x00000000e1800000)
  to   space 12800K, 0% used [0x00000000dff00000,0x00000000dff00000,0x00000000e0b80000)
 ParOldGen       total 112640K, used 32704K [0x0000000080000000, 0x0000000086e00000, 0x00000000d5580000)
  object space 112640K, 29% used [0x0000000080000000,0x0000000081ff03b8,0x0000000086e00000)
 Metaspace       used 56787K, capacity 59098K, committed 59412K, reserved 1099776K
  class space    used 7710K, capacity 8208K, committed 8320K, reserved 1048576K

Card table byte_map: [0x0000000011a70000,0x0000000011e80000] byte_map_base: 0x0000000011670000

Marking Bits: (ParMarkBitMap*) 0x0000000064e3f030
 Begin Bits: [0x0000000012930000, 0x0000000014930000)
 End Bits:   [0x0000000014930000, 0x0000000016930000)

Polling page: 0x0000000002440000

CodeCache: size=245760Kb used=17977Kb max_used=17977Kb free=227782Kb
 bounds [0x00000000026b0000, 0x0000000003860000, 0x00000000116b0000]
 total_blobs=5934 nmethods=5167 adapters=680
 compilation: enabled

Compilation events (10 events):
Event: 5.528 Thread 0x000000001953b000 5197       3       org.gradle.api.internal.DefaultDomainObjectCollection::doAdd (29 bytes)
Event: 5.528 Thread 0x000000001953b000 nmethod 5197 0x00000000027d2e90 code [0x00000000027d3020, 0x00000000027d34d8]
Event: 5.539 Thread 0x000000001953b000 5198       3       sun.misc.ProxyGenerator$ProxyMethod::generateMethod (733 bytes)
Event: 5.545 Thread 0x000000001953b000 nmethod 5198 0x00000000038402d0 code [0x0000000003841100, 0x000000000384b2c8]
Event: 5.546 Thread 0x000000001953b000 5199       3       sun.misc.ProxyGenerator::collectCompatibleTypes (93 bytes)
Event: 5.546 Thread 0x000000001953b000 nmethod 5199 0x00000000027d1710 code [0x00000000027d18c0, 0x00000000027d1e88]
Event: 5.547 Thread 0x000000001953b000 5200       3       org.gradle.internal.instantiation.generator.AsmBackedClassGenerator$ClassBuilderImpl::addSetter (50 bytes)
Event: 5.547 Thread 0x000000001953b000 nmethod 5200 0x0000000002861c90 code [0x0000000002861e40, 0x0000000002862458]
Event: 5.548 Thread 0x000000001953b000 5201       3       org.objectweb.asm.ByteVector::putInt (74 bytes)
Event: 5.548 Thread 0x000000001953b000 nmethod 5201 0x00000000027c84d0 code [0x00000000027c8640, 0x00000000027c88c8]

GC Heap History (10 events):
Event: 3.199 GC heap before
{Heap before GC invocations=11 (full 2):
 PSYoungGen      total 136704K, used 11252K [0x00000000d5580000, 0x00000000e1c80000, 0x0000000100000000)
  eden space 125440K, 0% used [0x00000000d5580000,0x00000000d5580000,0x00000000dd000000)
  from space 11264K, 99% used [0x00000000dd000000,0x00000000ddafd218,0x00000000ddb00000)
  to   space 12800K, 0% used [0x00000000e1000000,0x00000000e1000000,0x00000000e1c80000)
 ParOldGen       total 48128K, used 7395K [0x0000000080000000, 0x0000000082f00000, 0x00000000d5580000)
  object space 48128K, 15% used [0x0000000080000000,0x0000000080738f80,0x0000000082f00000)
 Metaspace       used 34218K, capacity 35392K, committed 35416K, reserved 1079296K
  class space    used 4705K, capacity 4973K, committed 4992K, reserved 1048576K
Event: 3.251 GC heap after
Heap after GC invocations=11 (full 2):
 PSYoungGen      total 136704K, used 0K [0x00000000d5580000, 0x00000000e1c80000, 0x0000000100000000)
  eden space 125440K, 0% used [0x00000000d5580000,0x00000000d5580000,0x00000000dd000000)
  from space 11264K, 0% used [0x00000000dd000000,0x00000000dd000000,0x00000000ddb00000)
  to   space 12800K, 0% used [0x00000000e1000000,0x00000000e1000000,0x00000000e1c80000)
 ParOldGen       total 73728K, used 18086K [0x0000000080000000, 0x0000000084800000, 0x00000000d5580000)
  object space 73728K, 24% used [0x0000000080000000,0x00000000811a9b40,0x0000000084800000)
 Metaspace       used 34218K, capacity 35392K, committed 35416K, reserved 1079296K
  class space    used 4705K, capacity 4973K, committed 4992K, reserved 1048576K
}
Event: 3.846 GC heap before
{Heap before GC invocations=12 (full 2):
 PSYoungGen      total 136704K, used 125440K [0x00000000d5580000, 0x00000000e1c80000, 0x0000000100000000)
  eden space 125440K, 100% used [0x00000000d5580000,0x00000000dd000000,0x00000000dd000000)
  from space 11264K, 0% used [0x00000000dd000000,0x00000000dd000000,0x00000000ddb00000)
  to   space 12800K, 0% used [0x00000000e1000000,0x00000000e1000000,0x00000000e1c80000)
 ParOldGen       total 73728K, used 18086K [0x0000000080000000, 0x0000000084800000, 0x00000000d5580000)
  object space 73728K, 24% used [0x0000000080000000,0x00000000811a9b40,0x0000000084800000)
 Metaspace       used 37528K, capacity 39268K, committed 39384K, reserved 1083392K
  class space    used 5172K, capacity 5551K, committed 5632K, reserved 1048576K
Event: 3.854 GC heap after
Heap after GC invocations=12 (full 2):
 PSYoungGen      total 176640K, used 7860K [0x00000000d5580000, 0x00000000e1800000, 0x0000000100000000)
  eden space 168448K, 0% used [0x00000000d5580000,0x00000000d5580000,0x00000000dfa00000)
  from space 8192K, 95% used [0x00000000e1000000,0x00000000e17ad168,0x00000000e1800000)
  to   space 12800K, 0% used [0x00000000dff00000,0x00000000dff00000,0x00000000e0b80000)
 ParOldGen       total 73728K, used 18094K [0x0000000080000000, 0x0000000084800000, 0x00000000d5580000)
  object space 73728K, 24% used [0x0000000080000000,0x00000000811abb40,0x0000000084800000)
 Metaspace       used 37528K, capacity 39268K, committed 39384K, reserved 1083392K
  class space    used 5172K, capacity 5551K, committed 5632K, reserved 1048576K
}
Event: 5.002 GC heap before
{Heap before GC invocations=13 (full 2):
 PSYoungGen      total 176640K, used 176308K [0x00000000d5580000, 0x00000000e1800000, 0x0000000100000000)
  eden space 168448K, 100% used [0x00000000d5580000,0x00000000dfa00000,0x00000000dfa00000)
  from space 8192K, 95% used [0x00000000e1000000,0x00000000e17ad168,0x00000000e1800000)
  to   space 12800K, 0% used [0x00000000dff00000,0x00000000dff00000,0x00000000e0b80000)
 ParOldGen       total 73728K, used 18094K [0x0000000080000000, 0x0000000084800000, 0x00000000d5580000)
  object space 73728K, 24% used [0x0000000080000000,0x00000000811abb40,0x0000000084800000)
 Metaspace       used 52606K, capacity 54798K, committed 55128K, reserved 1097728K
  class space    used 7008K, capacity 7469K, committed 7552K, reserved 1048576K
Event: 5.021 GC heap after
Heap after GC invocations=13 (full 2):
 PSYoungGen      total 181248K, used 12773K [0x00000000d5580000, 0x00000000e1800000, 0x0000000100000000)
  eden space 168448K, 0% used [0x00000000d5580000,0x00000000d5580000,0x00000000dfa00000)
  from space 12800K, 99% used [0x00000000dff00000,0x00000000e0b794e8,0x00000000e0b80000)
  to   space 8192K, 0% used [0x00000000e1000000,0x00000000e1000000,0x00000000e1800000)
 ParOldGen       total 73728K, used 30902K [0x0000000080000000, 0x0000000084800000, 0x00000000d5580000)
  object space 73728K, 41% used [0x0000000080000000,0x0000000081e2d898,0x0000000084800000)
 Metaspace       used 52606K, capacity 54798K, committed 55128K, reserved 1097728K
  class space    used 7008K, capacity 7469K, committed 7552K, reserved 1048576K
}
Event: 5.364 GC heap before
{Heap before GC invocations=14 (full 2):
 PSYoungGen      total 181248K, used 52048K [0x00000000d5580000, 0x00000000e1800000, 0x0000000100000000)
  eden space 168448K, 23% used [0x00000000d5580000,0x00000000d7bdae38,0x00000000dfa00000)
  from space 12800K, 99% used [0x00000000dff00000,0x00000000e0b794e8,0x00000000e0b80000)
  to   space 8192K, 0% used [0x00000000e1000000,0x00000000e1000000,0x00000000e1800000)
 ParOldGen       total 73728K, used 30902K [0x0000000080000000, 0x0000000084800000, 0x00000000d5580000)
  object space 73728K, 41% used [0x0000000080000000,0x0000000081e2d898,0x0000000084800000)
 Metaspace       used 56582K, capacity 58974K, committed 59028K, reserved 1099776K
  class space    used 7673K, capacity 8192K, committed 8192K, reserved 1048576K
Event: 5.373 GC heap after
Heap after GC invocations=14 (full 2):
 PSYoungGen      total 176640K, used 5126K [0x00000000d5580000, 0x00000000e1800000, 0x0000000100000000)
  eden space 168448K, 0% used [0x00000000d5580000,0x00000000d5580000,0x00000000dfa00000)
  from space 8192K, 62% used [0x00000000e1000000,0x00000000e15019a8,0x00000000e1800000)
  to   space 12800K, 0% used [0x00000000dff00000,0x00000000dff00000,0x00000000e0b80000)
 ParOldGen       total 73728K, used 41086K [0x0000000080000000, 0x0000000084800000, 0x00000000d5580000)
  object space 73728K, 55% used [0x0000000080000000,0x000000008281f860,0x0000000084800000)
 Metaspace       used 56582K, capacity 58974K, committed 59028K, reserved 1099776K
  class space    used 7673K, capacity 8192K, committed 8192K, reserved 1048576K
}
Event: 5.373 GC heap before
{Heap before GC invocations=15 (full 3):
 PSYoungGen      total 176640K, used 5126K [0x00000000d5580000, 0x00000000e1800000, 0x0000000100000000)
  eden space 168448K, 0% used [0x00000000d5580000,0x00000000d5580000,0x00000000dfa00000)
  from space 8192K, 62% used [0x00000000e1000000,0x00000000e15019a8,0x00000000e1800000)
  to   space 12800K, 0% used [0x00000000dff00000,0x00000000dff00000,0x00000000e0b80000)
 ParOldGen       total 73728K, used 41086K [0x0000000080000000, 0x0000000084800000, 0x00000000d5580000)
  object space 73728K, 55% used [0x0000000080000000,0x000000008281f860,0x0000000084800000)
 Metaspace       used 56582K, capacity 58974K, committed 59028K, reserved 1099776K
  class space    used 7673K, capacity 8192K, committed 8192K, reserved 1048576K
Event: 5.510 GC heap after
Heap after GC invocations=15 (full 3):
 PSYoungGen      total 176640K, used 0K [0x00000000d5580000, 0x00000000e1800000, 0x0000000100000000)
  eden space 168448K, 0% used [0x00000000d5580000,0x00000000d5580000,0x00000000dfa00000)
  from space 8192K, 0% used [0x00000000e1000000,0x00000000e1000000,0x00000000e1800000)
  to   space 12800K, 0% used [0x00000000dff00000,0x00000000dff00000,0x00000000e0b80000)
 ParOldGen       total 112640K, used 32704K [0x0000000080000000, 0x0000000086e00000, 0x00000000d5580000)
  object space 112640K, 29% used [0x0000000080000000,0x0000000081ff03b8,0x0000000086e00000)
 Metaspace       used 56536K, capacity 58818K, committed 59028K, reserved 1099776K
  class space    used 7659K, capacity 8166K, committed 8192K, reserved 1048576K
}

Deoptimization events (10 events):
Event: 4.749 Thread 0x000000001a5d4000 Uncommon trap: reason=bimorphic action=maybe_recompile pc=0x00000000034a61b0 method=java.util.Hashtable.get(Ljava/lang/Object;)Ljava/lang/Object; @ 6
Event: 4.759 Thread 0x000000001a5d4000 Uncommon trap: reason=unstable_if action=reinterpret pc=0x000000000287c21c method=java.lang.String.replace(CC)Ljava/lang/String; @ 2
Event: 4.761 Thread 0x000000001a5d4000 Uncommon trap: reason=bimorphic action=maybe_recompile pc=0x0000000003348338 method=org.codehaus.groovy.runtime.metaclass.MetaMethodIndex.addMethodToList(Ljava/lang/Object;Lgroovy/lang/MetaMethod;)Ljava/lang/Object; @ 96
Event: 4.762 Thread 0x000000001a5d4000 Uncommon trap: reason=unstable_if action=reinterpret pc=0x000000000334827c method=org.codehaus.groovy.runtime.metaclass.MetaMethodIndex.isNonRealMethod(Lgroovy/lang/MetaMethod;)Z @ 4
Event: 4.762 Thread 0x000000001a5d4000 Uncommon trap: reason=unstable_if action=reinterpret pc=0x0000000003323d04 method=groovy.lang.MetaClassImpl$1MOPIter.methodNameAction(Ljava/lang/Class;Lorg/codehaus/groovy/runtime/metaclass/MetaMethodIndex$Entry;)V @ 182
Event: 4.810 Thread 0x000000001a5d4000 Uncommon trap: reason=unstable_if action=reinterpret pc=0x0000000002a778e4 method=java.lang.String.lastIndexOf([CII[CIII)I @ 17
Event: 4.810 Thread 0x000000001a5d4000 Uncommon trap: reason=unstable_if action=reinterpret pc=0x0000000002dc442c method=sun.net.www.protocol.jar.Handler.parseURL(Ljava/net/URL;Ljava/lang/String;II)V @ 116
Event: 4.881 Thread 0x000000001a5d4000 Uncommon trap: reason=null_check action=make_not_entrant pc=0x0000000002e5a810 method=java.lang.Class.searchMethods([Ljava/lang/reflect/Method;Ljava/lang/String;[Ljava/lang/Class;)Ljava/lang/reflect/Method; @ 59
Event: 5.275 Thread 0x000000001a5d4000 Uncommon trap: reason=unstable_if action=reinterpret pc=0x00000000030fd5cc method=java.security.CodeSource.hashCode()I @ 4
Event: 5.546 Thread 0x000000001a5d4000 Uncommon trap: reason=unstable_if action=reinterpret pc=0x00000000034bb6e0 method=org.objectweb.asm.ByteVector.putInt(I)Lorg/objectweb/asm/ByteVector; @ 13

Classes redefined (0 events):
No events

Internal exceptions (10 events):
Event: 4.956 Thread 0x000000001a5d4000 Exception <a 'java/lang/ClassNotFoundException': org/gradle/api/plugins/JavaPluginConventionBeanInfo> (0x00000000df55c940) thrown at [C:\src\AOSP-openjdk-git\hotspot\src\share\vm\classfile\systemDictionary.cpp, line 210]
Event: 4.957 Thread 0x000000001a5d4000 Exception <a 'java/lang/ClassNotFoundException': org/gradle/api/plugins/JavaPluginConventionCustomizer> (0x00000000df5a9ac0) thrown at [C:\src\AOSP-openjdk-git\hotspot\src\share\vm\classfile\systemDictionary.cpp, line 210]
Event: 4.959 Thread 0x000000001a5d4000 Exception <a 'java/lang/ClassNotFoundException': org/gradle/api/plugins/internal/DefaultJavaPluginConventionCustomizer> (0x00000000df6232e0) thrown at [C:\src\AOSP-openjdk-git\hotspot\src\share\vm\classfile\systemDictionary.cpp, line 210]
Event: 5.275 Thread 0x000000001a5d4000 Implicit null exception at 0x00000000030fd2d5 to 0x00000000030fd5bd
Event: 5.518 Thread 0x000000001a5d4000 Exception <a 'java/lang/ClassNotFoundException': com/android/build/gradle/internal/api/ApkVariantOutputImpl_DecoratedBeanInfo> (0x00000000d56a9998) thrown at [C:\src\AOSP-openjdk-git\hotspot\src\share\vm\classfile\systemDictionary.cpp, line 210]
Event: 5.518 Thread 0x000000001a5d4000 Exception <a 'java/lang/ClassNotFoundException': com/android/build/gradle/internal/api/ApkVariantOutputImplBeanInfo> (0x00000000d56c9328) thrown at [C:\src\AOSP-openjdk-git\hotspot\src\share\vm\classfile\systemDictionary.cpp, line 210]
Event: 5.518 Thread 0x000000001a5d4000 Exception <a 'java/lang/ClassNotFoundException': com/android/build/gradle/internal/api/BaseVariantOutputImplBeanInfo> (0x00000000d56ea0b8) thrown at [C:\src\AOSP-openjdk-git\hotspot\src\share\vm\classfile\systemDictionary.cpp, line 210]
Event: 5.518 Thread 0x000000001a5d4000 Exception <a 'java/lang/ClassNotFoundException': com/android/build/gradle/internal/api/BaseVariantOutputImplCustomizer> (0x00000000d570b450) thrown at [C:\src\AOSP-openjdk-git\hotspot\src\share\vm\classfile\systemDictionary.cpp, line 210]
Event: 5.519 Thread 0x000000001a5d4000 Exception <a 'java/lang/ClassNotFoundException': com/android/build/gradle/internal/api/ApkVariantOutputImplCustomizer> (0x00000000d5746570) thrown at [C:\src\AOSP-openjdk-git\hotspot\src\share\vm\classfile\systemDictionary.cpp, line 210]
Event: 5.519 Thread 0x000000001a5d4000 Exception <a 'java/lang/ClassNotFoundException': com/android/build/gradle/internal/api/ApkVariantOutputImpl_DecoratedCustomizer> (0x00000000d577d100) thrown at [C:\src\AOSP-openjdk-git\hotspot\src\share\vm\classfile\systemDictionary.cpp, line 210]

Events (10 events):
Event: 5.549 loading class org/gradle/api/tasks/compile/AbstractCompile$BackwardCompatibilityOutputDirectoryConvention
Event: 5.549 loading class org/gradle/api/tasks/compile/AbstractCompile$BackwardCompatibilityOutputDirectoryConvention done
Event: 5.550 loading class org/gradle/api/tasks/compile/JavaCompile
Event: 5.550 loading class org/gradle/api/tasks/compile/JavaCompile done
Event: 5.550 loading class org/gradle/api/tasks/compile/ForkOptions
Event: 5.550 loading class org/gradle/api/tasks/compile/ForkOptions done
Event: 5.551 loading class org/gradle/api/tasks/compile/BaseForkOptions
Event: 5.551 loading class org/gradle/api/tasks/compile/BaseForkOptions done
Event: 5.551 loading class org/gradle/api/tasks/compile/DebugOptions
Event: 5.551 loading class org/gradle/api/tasks/compile/DebugOptions done


Dynamic libraries:
0x00007ff618890000 - 0x00007ff6188c1000 	C:\Program Files\Android\Android Studio\jre\bin\java.exe
0x00007ff9c3cb0000 - 0x00007ff9c3ea6000 	C:\WINDOWS\SYSTEM32\ntdll.dll
0x00007ff9c3bb0000 - 0x00007ff9c3c6d000 	C:\WINDOWS\System32\KERNEL32.DLL
0x00007ff9c18a0000 - 0x00007ff9c1b69000 	C:\WINDOWS\System32\KERNELBASE.dll
0x00007ff9c1d10000 - 0x00007ff9c1dbc000 	C:\WINDOWS\System32\ADVAPI32.dll
0x00007ff9c2690000 - 0x00007ff9c272e000 	C:\WINDOWS\System32\msvcrt.dll
0x00007ff9c3a20000 - 0x00007ff9c3abc000 	C:\WINDOWS\System32\sechost.dll
0x00007ff9c2560000 - 0x00007ff9c268b000 	C:\WINDOWS\System32\RPCRT4.dll
0x00007ff9c23c0000 - 0x00007ff9c2560000 	C:\WINDOWS\System32\USER32.dll
0x00007ff9c1500000 - 0x00007ff9c1522000 	C:\WINDOWS\System32\win32u.dll
0x00007ff9c3080000 - 0x00007ff9c30aa000 	C:\WINDOWS\System32\GDI32.dll
0x00007ff9c13f0000 - 0x00007ff9c14fb000 	C:\WINDOWS\System32\gdi32full.dll
0x00007ff9c1b70000 - 0x00007ff9c1c0d000 	C:\WINDOWS\System32\msvcp_win.dll
0x00007ff9c1530000 - 0x00007ff9c1630000 	C:\WINDOWS\System32\ucrtbase.dll
0x00007ff9abc70000 - 0x00007ff9abf0b000 	C:\WINDOWS\WinSxS\amd64_microsoft.windows.common-controls_6595b64144ccf1df_6.0.19041.746_none_ca02b4b61b8320a4\COMCTL32.dll
0x00007ff9c3b20000 - 0x00007ff9c3b50000 	C:\WINDOWS\System32\IMM32.DLL
0x00000000644b0000 - 0x0000000064582000 	C:\Program Files\Android\Android Studio\jre\jre\bin\msvcr100.dll
0x0000000064670000 - 0x0000000064ebb000 	C:\Program Files\Android\Android Studio\jre\jre\bin\server\jvm.dll
0x00007ff9c1e70000 - 0x00007ff9c1e78000 	C:\WINDOWS\System32\PSAPI.DLL
0x00007ff9a9650000 - 0x00007ff9a9659000 	C:\WINDOWS\SYSTEM32\WSOCK32.dll
0x00007ff9c2810000 - 0x00007ff9c287b000 	C:\WINDOWS\System32\WS2_32.dll
0x00007ff9a63f0000 - 0x00007ff9a6417000 	C:\WINDOWS\SYSTEM32\WINMM.dll
0x00007ff9c0f70000 - 0x00007ff9c0f7a000 	C:\WINDOWS\SYSTEM32\VERSION.dll
0x00007ff9b7c40000 - 0x00007ff9b7c4f000 	C:\Program Files\Android\Android Studio\jre\jre\bin\verify.dll
0x00007ff9b77c0000 - 0x00007ff9b77e9000 	C:\Program Files\Android\Android Studio\jre\jre\bin\java.dll
0x00007ff9b6d50000 - 0x00007ff9b6d66000 	C:\Program Files\Android\Android Studio\jre\jre\bin\zip.dll
0x00007ff9c3270000 - 0x00007ff9c39b2000 	C:\WINDOWS\System32\SHELL32.dll
0x00007ff9bf4b0000 - 0x00007ff9bfc40000 	C:\WINDOWS\SYSTEM32\windows.storage.dll
0x00007ff9c2bf0000 - 0x00007ff9c2f46000 	C:\WINDOWS\System32\combase.dll
0x00007ff9c0de0000 - 0x00007ff9c0e0c000 	C:\WINDOWS\SYSTEM32\Wldp.dll
0x00007ff9c2310000 - 0x00007ff9c23be000 	C:\WINDOWS\System32\SHCORE.dll
0x00007ff9c39c0000 - 0x00007ff9c3a15000 	C:\WINDOWS\System32\shlwapi.dll
0x00007ff9c1320000 - 0x00007ff9c1346000 	C:\WINDOWS\SYSTEM32\profapi.dll
0x00007ff9b6d30000 - 0x00007ff9b6d4a000 	C:\Program Files\Android\Android Studio\jre\jre\bin\net.dll
0x00007ff9c0b60000 - 0x00007ff9c0bca000 	C:\WINDOWS\system32\mswsock.dll
0x00007ff9a94a0000 - 0x00007ff9a94b3000 	C:\Program Files\Android\Android Studio\jre\jre\bin\nio.dll
0x00007ff9a6870000 - 0x00007ff9a6897000 	C:\Users\Apolo\.gradle\native\f6784746aeab05261644944871eae4fe03e0ef1612fff0a4a95f87b438bc6780\windows-amd64\native-platform.dll
0x00007ff9b7870000 - 0x00007ff9b787d000 	C:\Program Files\Android\Android Studio\jre\jre\bin\management.dll
0x00007ff9c0d40000 - 0x00007ff9c0d58000 	C:\WINDOWS\SYSTEM32\CRYPTSP.dll
0x00007ff9c0490000 - 0x00007ff9c04c4000 	C:\WINDOWS\system32\rsaenh.dll
0x00007ff9c17f0000 - 0x00007ff9c1817000 	C:\WINDOWS\System32\bcrypt.dll
0x00007ff9c12a0000 - 0x00007ff9c12ce000 	C:\WINDOWS\SYSTEM32\USERENV.dll
0x00007ff9c1820000 - 0x00007ff9c18a0000 	C:\WINDOWS\System32\bcryptprimitives.dll
0x00007ff9c0d30000 - 0x00007ff9c0d3c000 	C:\WINDOWS\SYSTEM32\CRYPTBASE.dll
0x00007ff9c0800000 - 0x00007ff9c083b000 	C:\WINDOWS\SYSTEM32\IPHLPAPI.DLL
0x00007ff9c3140000 - 0x00007ff9c3148000 	C:\WINDOWS\System32\NSI.dll
0x00007ff9b6210000 - 0x00007ff9b6227000 	C:\WINDOWS\SYSTEM32\dhcpcsvc6.DLL
0x00007ff9b5f00000 - 0x00007ff9b5f1d000 	C:\WINDOWS\SYSTEM32\dhcpcsvc.DLL
0x00007ff9c0840000 - 0x00007ff9c090b000 	C:\WINDOWS\SYSTEM32\DNSAPI.dll
0x00007ff9b7b70000 - 0x00007ff9b7b7b000 	C:\WINDOWS\SYSTEM32\WINNSI.DLL

VM Arguments:
jvm_args: -Xmx2048m -Dfile.encoding=windows-1252 -Duser.country=ES -Duser.language=es -Duser.variant 
java_command: org.gradle.launcher.daemon.bootstrap.GradleDaemon 6.5
java_class_path (initial): C:\Users\Apolo\.gradle\wrapper\dists\gradle-6.5-bin\6nifqtx7604sqp1q6g8wikw7p\gradle-6.5\lib\gradle-launcher-6.5.jar
Launcher Type: SUN_STANDARD

Environment Variables:
PATH=C:\Program Files\Common Files\Oracle\Java\javapath;C:\Program Files (x86)\Common Files\Oracle\Java\javapath;C:\orant\bin;C:\WINDOWS\system32;C:\WINDOWS;C:\WINDOWS\System32\Wbem;C:\WINDOWS\System32\WindowsPowerShell\v1.0\;C:\WINDOWS\System32\OpenSSH\;C:\orant\jdk\bin;C:\Program Files (x86)\Intel\Intel(R) Memory And Storage Tool\;C:\Program Files\Git\cmd;C:\Program Files\nodejs\;C:\Users\Apolo\AppData\Local\Microsoft\WindowsApps;;C:\Users\Apolo\AppData\Local\Programs\Microsoft VS Code\bin;C:\Users\Apolo\AppData\Roaming\npm
USERNAME=Apolo
OS=Windows_NT
PROCESSOR_IDENTIFIER=Intel64 Family 6 Model 126 Stepping 5, GenuineIntel



---------------  S Y S T E M  ---------------

OS: Windows 10.0 , 64 bit Build 19041 (10.0.19041.804)

CPU:total 8 (initial active 8) (4 cores per cpu, 2 threads per core) family 6 model 126 stepping 5, cmov, cx8, fxsr, mmx, sse, sse2, sse3, ssse3, sse4.1, sse4.2, popcnt, avx, avx2, aes, clmul, erms, 3dnowpref, lzcnt, ht, tsc, tscinvbit, bmi1, bmi2, adx

Memory: 4k page, physical 8165048k(1033100k free), swap 11736884k(5200k free)

vm_info: OpenJDK 64-Bit Server VM (25.242-b01) for windows-amd64 JRE (1.8.0_242-release-1644-b01), built by "builder" with MS VC++ 10.0 (VS2010)

time: Thu Feb 25 09:14:56 2021
timezone: Hora de verano de Paraguay
elapsed time: 5 seconds (0d 0h 0m 5s)

