#
# There is insufficient memory for the Java Runtime Environment to continue.
# Native memory allocation (malloc) failed to allocate 1025040 bytes for Chunk::new
# Possible reasons:
#   The system is out of physical RAM or swap space
#   The process is running with CompressedOops enabled, and the Java Heap may be blocking the growth of the native heap
# Possible solutions:
#   Reduce memory load on the system
#   Increase physical memory or swap space
#   Check if swap backing store is full
#   Decrease Java heap size (-Xmx/-Xms)
#   Decrease number of Java threads
#   Decrease Java thread stack sizes (-Xss)
#   Set larger code cache with -XX:ReservedCodeCacheSize=
#   JVM is running with Unscaled Compressed Oops mode in which the Java heap is
#     placed in the first 4GB address space. The Java Heap base address is the
#     maximum limit for the native heap growth. Please use -XX:HeapBaseMinAddress
#     to set the Java Heap base and to place the Java Heap above 4GB virtual address.
# This output file may be truncated or incomplete.
#
#  Out of Memory Error (allocation.cpp:389), pid=6836, tid=0x00000000000021d0
#
# JRE version: OpenJDK Runtime Environment (8.0_242-b01) (build 1.8.0_242-release-1644-b01)
# Java VM: OpenJDK 64-Bit Server VM (25.242-b01 mixed mode windows-amd64 compressed oops)
# Failed to write core dump. Minidumps are not enabled by default on client versions of Windows
#

---------------  T H R E A D  ---------------

Current thread (0x000000001753b000):  JavaThread "C2 CompilerThread1" daemon [_thread_in_native, id=8656, stack(0x0000000019d30000,0x0000000019e30000)]

Stack: [0x0000000019d30000,0x0000000019e30000]
[error occurred during error reporting (printing stack bounds), id 0xc0000005]

Native frames: (J=compiled Java code, j=interpreted, Vv=VM code, C=native code)


Current CompileTask:
C2:  28809 12463   !   4       java.io.ObjectInputStream::readObject0 (671 bytes)


---------------  P R O C E S S  ---------------

Java Threads: ( => current thread )
  0x000000001fd93800 JavaThread "stdout" [_thread_in_native, id=2268, stack(0x0000000030a10000,0x0000000030b10000)]
  0x000000001fd99000 JavaThread "stderr" [_thread_in_native, id=15128, stack(0x0000000030910000,0x0000000030a10000)]
  0x000000001fd98000 JavaThread "stdout" [_thread_in_native, id=18840, stack(0x0000000030810000,0x0000000030910000)]
  0x000000001fd97800 JavaThread "stderr" [_thread_in_native, id=9152, stack(0x0000000030710000,0x0000000030810000)]
  0x000000001f511000 JavaThread "stdout" [_thread_in_native, id=21724, stack(0x0000000030500000,0x0000000030600000)]
  0x000000001f510800 JavaThread "stderr" [_thread_in_native, id=21356, stack(0x0000000030400000,0x0000000030500000)]
  0x000000001fd8f800 JavaThread "pool-5-thread-1" [_thread_blocked, id=12548, stack(0x0000000030300000,0x0000000030400000)]
  0x000000001fd91800 JavaThread "WorkerExecutor Queue Thread 8" [_thread_blocked, id=20880, stack(0x0000000030200000,0x0000000030300000)]
  0x000000001fd93000 JavaThread "WorkerExecutor Queue Thread 7" [_thread_blocked, id=8804, stack(0x0000000030100000,0x0000000030200000)]
  0x000000001e776800 JavaThread "WorkerExecutor Queue Thread 6" [_thread_blocked, id=12376, stack(0x000000002ea10000,0x000000002eb10000)]
  0x000000001e775800 JavaThread "WorkerExecutor Queue Thread 5" [_thread_blocked, id=19556, stack(0x000000002e910000,0x000000002ea10000)]
  0x000000001e777000 JavaThread "WorkerExecutor Queue Thread 4" [_thread_blocked, id=19844, stack(0x000000002e810000,0x000000002e910000)]
  0x000000001e774000 JavaThread "WorkerExecutor Queue Thread 3" [_thread_blocked, id=2956, stack(0x000000002e710000,0x000000002e810000)]
  0x000000001e773800 JavaThread "WorkerExecutor Queue Thread 2" [_thread_blocked, id=15292, stack(0x000000002e610000,0x000000002e710000)]
  0x000000001e76c000 JavaThread "WorkerExecutor Queue" [_thread_blocked, id=22204, stack(0x000000002d6e0000,0x000000002d7e0000)]
  0x000000001e772000 JavaThread "Cache worker for execution history cache (C:\Android\Proyecto\VendedoresKT\ApoloVendedor\.gradle\6.5\executionHistory)" [_thread_blocked, id=20472, stack(0x000000002df00000,0x000000002e000000)]
  0x000000001e771000 JavaThread "Execution worker for ':' Thread 7" [_thread_blocked, id=5792, stack(0x000000002de00000,0x000000002df00000)]
  0x000000001e76a800 JavaThread "Execution worker for ':' Thread 6" [_thread_blocked, id=12276, stack(0x000000002dd00000,0x000000002de00000)]
  0x000000001e770800 JavaThread "Execution worker for ':' Thread 5" [_thread_blocked, id=17748, stack(0x000000002dc00000,0x000000002dd00000)]
  0x000000001e76f800 JavaThread "Execution worker for ':' Thread 4" [_thread_blocked, id=7532, stack(0x000000002db00000,0x000000002dc00000)]
  0x000000001e768000 JavaThread "Execution worker for ':' Thread 3" [_thread_blocked, id=21416, stack(0x000000002da00000,0x000000002db00000)]
  0x000000001e769000 JavaThread "Execution worker for ':' Thread 2" [_thread_blocked, id=10640, stack(0x000000002d900000,0x000000002da00000)]
  0x000000001e76f000 JavaThread "Execution worker for ':'" [_thread_blocked, id=18968, stack(0x000000002d800000,0x000000002d900000)]
  0x000000001e76d800 JavaThread "Cache worker for file content cache (C:\Android\Proyecto\VendedoresKT\ApoloVendedor\.gradle\6.5\fileContent)" [_thread_blocked, id=19936, stack(0x000000002d1e0000,0x000000002d2e0000)]
  0x0000000020f43800 JavaThread "Cache worker for Build Output Cleanup Cache (C:\Android\Proyecto\VendedoresKT\ApoloVendedor\.gradle\buildOutputCleanup)" [_thread_blocked, id=7476, stack(0x000000002cfe0000,0x000000002d0e0000)]
  0x0000000020f4a000 JavaThread "Build operations Thread 8" [_thread_in_native, id=16212, stack(0x000000002cce0000,0x000000002cde0000)]
  0x0000000020f48800 JavaThread "Build operations Thread 7" [_thread_blocked, id=15580, stack(0x000000002a890000,0x000000002a990000)]
  0x0000000020f49800 JavaThread "Build operations Thread 6" [_thread_blocked, id=20216, stack(0x0000000023490000,0x0000000023590000)]
  0x0000000020f48000 JavaThread "Build operations Thread 5" [_thread_blocked, id=20748, stack(0x0000000023390000,0x0000000023490000)]
  0x0000000020f47000 JavaThread "Build operations Thread 4" [_thread_in_Java, id=18908, stack(0x0000000023290000,0x0000000023390000)]
  0x0000000020f46800 JavaThread "Build operations Thread 3" [_thread_in_native, id=12244, stack(0x0000000023190000,0x0000000023290000)]
  0x0000000020f45800 JavaThread "Build operations Thread 2" [_thread_blocked, id=1272, stack(0x0000000023090000,0x0000000023190000)]
  0x0000000020f44000 JavaThread "Build operations" [_thread_in_native, id=11720, stack(0x0000000022f90000,0x0000000023090000)]
  0x0000000020f3c000 JavaThread "Cache worker for cache directory md-rule (C:\Users\Apolo\.gradle\caches\6.5\md-rule)" [_thread_blocked, id=4944, stack(0x0000000022e90000,0x0000000022f90000)]
  0x0000000020f3e000 JavaThread "Cache worker for cache directory md-supplier (C:\Users\Apolo\.gradle\caches\6.5\md-supplier)" [_thread_blocked, id=15036, stack(0x0000000022d90000,0x0000000022e90000)]
  0x0000000020f42800 JavaThread "Cache worker for checksums cache (C:\Android\Proyecto\VendedoresKT\ApoloVendedor\.gradle\checksums)" [_thread_blocked, id=10088, stack(0x0000000021d90000,0x0000000021e90000)]
  0x0000000020f3d800 JavaThread "Cache worker for file hash cache (C:\Android\Proyecto\VendedoresKT\ApoloVendedor\.gradle\6.5\fileHashes)" [_thread_blocked, id=13944, stack(0x0000000021c90000,0x0000000021d90000)]
  0x0000000020f3c800 JavaThread "Thread-188" [_thread_blocked, id=22272, stack(0x00000000208e0000,0x00000000209e0000)]
  0x0000000020f42000 JavaThread "Stdin handler" [_thread_blocked, id=17880, stack(0x000000001f750000,0x000000001f850000)]
  0x0000000020f40800 JavaThread "Asynchronous log dispatcher for DefaultDaemonConnection: socket connection from /127.0.0.1:49725 to /127.0.0.1:49742" [_thread_blocked, id=19484, stack(0x000000001dd80000,0x000000001de80000)]
  0x0000000020f3f800 JavaThread "Cancel handler" [_thread_blocked, id=21196, stack(0x000000001dc80000,0x000000001dd80000)]
  0x0000000020f3b000 JavaThread "Handler for socket connection from /127.0.0.1:49725 to /127.0.0.1:49742" [_thread_in_native, id=10444, stack(0x000000001db80000,0x000000001dc80000)]
  0x0000000020f41000 JavaThread "MarlinRenderer Disposer" daemon [_thread_blocked, id=20852, stack(0x000000002eb10000,0x000000002ec10000)]
  0x0000000020f3f000 JavaThread "Java2D Disposer" daemon [_thread_blocked, id=19892, stack(0x000000002ee30000,0x000000002ef30000)]
  0x000000001e76e000 JavaThread "Memory manager" [_thread_blocked, id=2308, stack(0x000000002d0e0000,0x000000002d1e0000)]
  0x000000001f50f800 JavaThread "jar transforms Thread 113" [_thread_blocked, id=8596, stack(0x000000002a590000,0x000000002a690000)]
  0x000000001f50f000 JavaThread "jar transforms Thread 112" [_thread_blocked, id=16952, stack(0x000000002a490000,0x000000002a590000)]
  0x000000001f50d800 JavaThread "jar transforms Thread 111" [_thread_blocked, id=2092, stack(0x000000002a390000,0x000000002a490000)]
  0x000000001f512000 JavaThread "jar transforms Thread 110" [_thread_blocked, id=4768, stack(0x000000002a290000,0x000000002a390000)]
  0x000000001f50e000 JavaThread "jar transforms Thread 109" [_thread_blocked, id=19572, stack(0x000000002a190000,0x000000002a290000)]
  0x000000001f506000 JavaThread "jar transforms Thread 108" [_thread_blocked, id=21960, stack(0x000000002a090000,0x000000002a190000)]
  0x000000001f50c800 JavaThread "jar transforms Thread 107" [_thread_blocked, id=11424, stack(0x0000000029f90000,0x000000002a090000)]
  0x000000001f509800 JavaThread "jar transforms Thread 106" [_thread_blocked, id=13376, stack(0x0000000029e90000,0x0000000029f90000)]
  0x000000001f509000 JavaThread "jar transforms Thread 105" [_thread_blocked, id=11156, stack(0x0000000029d90000,0x0000000029e90000)]
  0x000000001f507800 JavaThread "jar transforms Thread 104" [_thread_blocked, id=14820, stack(0x0000000029c90000,0x0000000029d90000)]
  0x000000001f506800 JavaThread "jar transforms Thread 103" [_thread_blocked, id=20156, stack(0x0000000029b90000,0x0000000029c90000)]
  0x000000001f50c000 JavaThread "jar transforms Thread 102" [_thread_blocked, id=16744, stack(0x0000000029a90000,0x0000000029b90000)]
  0x000000001f508000 JavaThread "jar transforms Thread 101" [_thread_blocked, id=20384, stack(0x0000000029990000,0x0000000029a90000)]
  0x000000001f50a800 JavaThread "jar transforms Thread 100" [_thread_blocked, id=22368, stack(0x0000000029890000,0x0000000029990000)]
  0x000000001f505000 JavaThread "jar transforms Thread 99" [_thread_blocked, id=9464, stack(0x0000000029790000,0x0000000029890000)]
  0x000000001f50b000 JavaThread "jar transforms Thread 98" [_thread_blocked, id=14540, stack(0x0000000029690000,0x0000000029790000)]
  0x000000001f503800 JavaThread "jar transforms Thread 97" [_thread_blocked, id=13388, stack(0x0000000029590000,0x0000000029690000)]
  0x000000001f504800 JavaThread "jar transforms Thread 96" [_thread_blocked, id=22340, stack(0x0000000029490000,0x0000000029590000)]
  0x0000000020d05000 JavaThread "jar transforms Thread 95" [_thread_blocked, id=7964, stack(0x0000000029390000,0x0000000029490000)]
  0x0000000020d06800 JavaThread "jar transforms Thread 94" [_thread_blocked, id=7488, stack(0x0000000029290000,0x0000000029390000)]
  0x0000000020d04000 JavaThread "jar transforms Thread 93" [_thread_blocked, id=18732, stack(0x0000000029190000,0x0000000029290000)]
  0x0000000020d03800 JavaThread "jar transforms Thread 92" [_thread_blocked, id=16804, stack(0x0000000029090000,0x0000000029190000)]
  0x0000000020d02800 JavaThread "jar transforms Thread 91" [_thread_blocked, id=10124, stack(0x0000000028f90000,0x0000000029090000)]
  0x0000000020d02000 JavaThread "jar transforms Thread 90" [_thread_blocked, id=12528, stack(0x0000000028e90000,0x0000000028f90000)]
  0x0000000020d01000 JavaThread "jar transforms Thread 89" [_thread_blocked, id=22504, stack(0x0000000028d90000,0x0000000028e90000)]
  0x0000000020d05800 JavaThread "jar transforms Thread 88" [_thread_blocked, id=18028, stack(0x0000000028c90000,0x0000000028d90000)]
  0x0000000020d07000 JavaThread "jar transforms Thread 87" [_thread_blocked, id=19404, stack(0x0000000028b90000,0x0000000028c90000)]
  0x0000000020cf9800 JavaThread "jar transforms Thread 86" [_thread_blocked, id=21696, stack(0x0000000028a90000,0x0000000028b90000)]
  0x0000000020cff000 JavaThread "jar transforms Thread 85" [_thread_blocked, id=19896, stack(0x0000000028990000,0x0000000028a90000)]
  0x0000000020cfe000 JavaThread "jar transforms Thread 84" [_thread_blocked, id=1152, stack(0x0000000028890000,0x0000000028990000)]
  0x0000000020d00800 JavaThread "jar transforms Thread 83" [_thread_blocked, id=13128, stack(0x0000000028790000,0x0000000028890000)]
  0x0000000020cfd800 JavaThread "jar transforms Thread 82" [_thread_blocked, id=7508, stack(0x0000000028690000,0x0000000028790000)]
  0x0000000020cf9000 JavaThread "jar transforms Thread 81" [_thread_blocked, id=11444, stack(0x0000000028590000,0x0000000028690000)]
  0x0000000020cfc000 JavaThread "jar transforms Thread 80" [_thread_blocked, id=21208, stack(0x0000000028490000,0x0000000028590000)]
  0x0000000020cff800 JavaThread "jar transforms Thread 79" [_thread_blocked, id=15700, stack(0x0000000028390000,0x0000000028490000)]
  0x0000000020cfb000 JavaThread "jar transforms Thread 78" [_thread_blocked, id=11012, stack(0x0000000028290000,0x0000000028390000)]
  0x0000000020cf8000 JavaThread "jar transforms Thread 77" [_thread_blocked, id=2812, stack(0x0000000028190000,0x0000000028290000)]
  0x0000000020cfa800 JavaThread "jar transforms Thread 76" [_thread_blocked, id=20176, stack(0x0000000028090000,0x0000000028190000)]
  0x0000000020cfc800 JavaThread "jar transforms Thread 75" [_thread_blocked, id=8772, stack(0x0000000027f90000,0x0000000028090000)]
  0x00000000206cb800 JavaThread "jar transforms Thread 74" [_thread_blocked, id=2396, stack(0x0000000027e90000,0x0000000027f90000)]
  0x00000000206ca000 JavaThread "jar transforms Thread 73" [_thread_blocked, id=15416, stack(0x0000000027d90000,0x0000000027e90000)]
  0x00000000206c7000 JavaThread "jar transforms Thread 72" [_thread_blocked, id=11340, stack(0x0000000027c90000,0x0000000027d90000)]
  0x00000000206c4000 JavaThread "jar transforms Thread 71" [_thread_blocked, id=14596, stack(0x0000000027b90000,0x0000000027c90000)]
  0x00000000206c8800 JavaThread "jar transforms Thread 70" [_thread_blocked, id=19544, stack(0x0000000027a90000,0x0000000027b90000)]
  0x00000000206c9000 JavaThread "jar transforms Thread 69" [_thread_blocked, id=7628, stack(0x0000000027990000,0x0000000027a90000)]
  0x00000000206ca800 JavaThread "jar transforms Thread 68" [_thread_blocked, id=11480, stack(0x0000000027890000,0x0000000027990000)]
  0x00000000206c7800 JavaThread "jar transforms Thread 67" [_thread_blocked, id=996, stack(0x0000000027790000,0x0000000027890000)]
  0x00000000206c5800 JavaThread "jar transforms Thread 66" [_thread_blocked, id=12116, stack(0x0000000027690000,0x0000000027790000)]
  0x00000000206c4800 JavaThread "jar transforms Thread 65" [_thread_blocked, id=1588, stack(0x0000000027590000,0x0000000027690000)]
  0x00000000206c6000 JavaThread "jar transforms Thread 64" [_thread_blocked, id=20560, stack(0x0000000027490000,0x0000000027590000)]
  0x00000000206bc000 JavaThread "jar transforms Thread 63" [_thread_blocked, id=14488, stack(0x0000000027390000,0x0000000027490000)]
  0x00000000206c3000 JavaThread "jar transforms Thread 62" [_thread_blocked, id=14808, stack(0x0000000027290000,0x0000000027390000)]
  0x00000000206bd000 JavaThread "jar transforms Thread 61" [_thread_blocked, id=5220, stack(0x0000000027190000,0x0000000027290000)]
  0x00000000206bf800 JavaThread "jar transforms Thread 60" [_thread_blocked, id=20148, stack(0x0000000027090000,0x0000000027190000)]
  0x00000000206c2800 JavaThread "jar transforms Thread 59" [_thread_blocked, id=14212, stack(0x0000000026f90000,0x0000000027090000)]
  0x00000000206be000 JavaThread "jar transforms Thread 58" [_thread_blocked, id=16688, stack(0x0000000026e90000,0x0000000026f90000)]
  0x00000000206c1800 JavaThread "jar transforms Thread 57" [_thread_blocked, id=8304, stack(0x0000000026d90000,0x0000000026e90000)]
  0x00000000206c1000 JavaThread "jar transforms Thread 56" [_thread_blocked, id=2460, stack(0x0000000026c90000,0x0000000026d90000)]
  0x00000000206be800 JavaThread "jar transforms Thread 55" [_thread_blocked, id=13200, stack(0x0000000026b90000,0x0000000026c90000)]
  0x00000000206c0000 JavaThread "jar transforms Thread 54" [_thread_blocked, id=3692, stack(0x0000000026a90000,0x0000000026b90000)]
  0x000000001edd8800 JavaThread "jar transforms Thread 53" [_thread_blocked, id=7032, stack(0x0000000026990000,0x0000000026a90000)]
  0x000000001eddf800 JavaThread "jar transforms Thread 52" [_thread_blocked, id=14940, stack(0x0000000026890000,0x0000000026990000)]
  0x000000001edde800 JavaThread "jar transforms Thread 51" [_thread_blocked, id=14764, stack(0x0000000026790000,0x0000000026890000)]
  0x000000001eddb000 JavaThread "jar transforms Thread 50" [_thread_blocked, id=20636, stack(0x0000000026690000,0x0000000026790000)]
  0x000000001edd8000 JavaThread "jar transforms Thread 49" [_thread_blocked, id=19944, stack(0x0000000026590000,0x0000000026690000)]
  0x000000001edda000 JavaThread "jar transforms Thread 48" [_thread_blocked, id=13092, stack(0x0000000026490000,0x0000000026590000)]
  0x000000001eddc800 JavaThread "jar transforms Thread 47" [_thread_blocked, id=22032, stack(0x0000000026390000,0x0000000026490000)]
  0x000000001eddd000 JavaThread "jar transforms Thread 46" [_thread_blocked, id=15116, stack(0x0000000026290000,0x0000000026390000)]
  0x000000001edd9800 JavaThread "jar transforms Thread 45" [_thread_blocked, id=19384, stack(0x0000000026190000,0x0000000026290000)]
  0x000000001edde000 JavaThread "jar transforms Thread 44" [_thread_blocked, id=21236, stack(0x0000000026090000,0x0000000026190000)]
  0x000000001eddb800 JavaThread "jar transforms Thread 43" [_thread_blocked, id=18796, stack(0x0000000025f90000,0x0000000026090000)]
  0x000000001edd5000 JavaThread "jar transforms Thread 42" [_thread_blocked, id=15220, stack(0x0000000025e90000,0x0000000025f90000)]
  0x000000001edd0800 JavaThread "jar transforms Thread 41" [_thread_blocked, id=21560, stack(0x0000000025d90000,0x0000000025e90000)]
  0x000000001edd4000 JavaThread "jar transforms Thread 40" [_thread_blocked, id=20328, stack(0x0000000025c90000,0x0000000025d90000)]
  0x000000001edd6800 JavaThread "jar transforms Thread 39" [_thread_blocked, id=20144, stack(0x0000000025b90000,0x0000000025c90000)]
  0x000000001edd5800 JavaThread "jar transforms Thread 38" [_thread_blocked, id=13324, stack(0x0000000025a90000,0x0000000025b90000)]
  0x000000001edd1000 JavaThread "jar transforms Thread 37" [_thread_blocked, id=20892, stack(0x0000000025990000,0x0000000025a90000)]
  0x000000001edd3800 JavaThread "jar transforms Thread 36" [_thread_blocked, id=16752, stack(0x0000000025890000,0x0000000025990000)]
  0x000000001edd7000 JavaThread "jar transforms Thread 35" [_thread_blocked, id=12252, stack(0x0000000025790000,0x0000000025890000)]
  0x000000001edd2800 JavaThread "jar transforms Thread 34" [_thread_blocked, id=11052, stack(0x0000000025690000,0x0000000025790000)]
  0x000000001edd2000 JavaThread "jar transforms Thread 33" [_thread_blocked, id=14868, stack(0x0000000025590000,0x0000000025690000)]
  0x000000001c428000 JavaThread "jar transforms Thread 32" [_thread_blocked, id=13992, stack(0x0000000025490000,0x0000000025590000)]
  0x000000001c427000 JavaThread "jar transforms Thread 31" [_thread_blocked, id=14796, stack(0x0000000025390000,0x0000000025490000)]
  0x000000001c426800 JavaThread "jar transforms Thread 30" [_thread_blocked, id=22468, stack(0x0000000025290000,0x0000000025390000)]
  0x000000001c425800 JavaThread "jar transforms Thread 29" [_thread_blocked, id=13956, stack(0x0000000025190000,0x0000000025290000)]
  0x000000001c423800 JavaThread "jar transforms Thread 28" [_thread_blocked, id=20896, stack(0x0000000025090000,0x0000000025190000)]
  0x000000001c429800 JavaThread "jar transforms Thread 27" [_thread_blocked, id=19608, stack(0x0000000024f90000,0x0000000025090000)]
  0x000000001c422800 JavaThread "jar transforms Thread 26" [_thread_blocked, id=21428, stack(0x0000000024e90000,0x0000000024f90000)]
  0x000000001c428800 JavaThread "jar transforms Thread 25" [_thread_blocked, id=20832, stack(0x0000000024d90000,0x0000000024e90000)]
  0x000000001c422000 JavaThread "jar transforms Thread 24" [_thread_blocked, id=9868, stack(0x0000000024c90000,0x0000000024d90000)]
  0x000000001c425000 JavaThread "jar transforms Thread 23" [_thread_blocked, id=14360, stack(0x0000000024b90000,0x0000000024c90000)]
  0x000000001c424000 JavaThread "jar transforms Thread 22" [_thread_blocked, id=12684, stack(0x0000000024a90000,0x0000000024b90000)]
  0x000000001c41a800 JavaThread "jar transforms Thread 21" [_thread_blocked, id=6624, stack(0x0000000024990000,0x0000000024a90000)]
  0x000000001c421000 JavaThread "jar transforms Thread 20" [_thread_blocked, id=19540, stack(0x0000000024890000,0x0000000024990000)]
  0x000000001c420800 JavaThread "jar transforms Thread 19" [_thread_blocked, id=2864, stack(0x0000000024790000,0x0000000024890000)]
  0x000000001c41f800 JavaThread "jar transforms Thread 18" [_thread_blocked, id=12824, stack(0x0000000024690000,0x0000000024790000)]
  0x000000001c41c000 JavaThread "jar transforms Thread 17" [_thread_blocked, id=21544, stack(0x0000000024590000,0x0000000024690000)]
  0x000000001c41c800 JavaThread "jar transforms Thread 16" [_thread_blocked, id=13456, stack(0x0000000024490000,0x0000000024590000)]
  0x000000001c41b000 JavaThread "jar transforms Thread 15" [_thread_blocked, id=19604, stack(0x0000000024390000,0x0000000024490000)]
  0x000000001c41e000 JavaThread "jar transforms Thread 14" [_thread_blocked, id=14324, stack(0x0000000024290000,0x0000000024390000)]
  0x000000001c41d800 JavaThread "jar transforms Thread 13" [_thread_blocked, id=16388, stack(0x0000000024190000,0x0000000024290000)]
  0x000000001c41f000 JavaThread "jar transforms Thread 12" [_thread_blocked, id=17528, stack(0x0000000024090000,0x0000000024190000)]
  0x000000001fd9e000 JavaThread "jar transforms Thread 11" [_thread_blocked, id=1616, stack(0x0000000023f90000,0x0000000024090000)]
  0x000000001fd9c800 JavaThread "jar transforms Thread 10" [_thread_blocked, id=19580, stack(0x0000000023e90000,0x0000000023f90000)]
  0x000000001fd9f000 JavaThread "jar transforms Thread 9" [_thread_blocked, id=5864, stack(0x0000000023d90000,0x0000000023e90000)]
  0x000000001fd9d800 JavaThread "jar transforms Thread 8" [_thread_blocked, id=21572, stack(0x0000000023c90000,0x0000000023d90000)]
  0x000000001fd9c000 JavaThread "jar transforms Thread 7" [_thread_blocked, id=13072, stack(0x0000000023b90000,0x0000000023c90000)]
  0x000000001fd94800 JavaThread "jar transforms Thread 6" [_thread_blocked, id=18508, stack(0x0000000023a90000,0x0000000023b90000)]
  0x000000001fd9b000 JavaThread "jar transforms Thread 5" [_thread_blocked, id=12668, stack(0x0000000023990000,0x0000000023a90000)]
  0x000000001fd96000 JavaThread "jar transforms Thread 4" [_thread_blocked, id=7920, stack(0x0000000023890000,0x0000000023990000)]
  0x000000001fd9a800 JavaThread "jar transforms Thread 3" [_thread_blocked, id=6768, stack(0x0000000023790000,0x0000000023890000)]
  0x000000001fd99800 JavaThread "jar transforms Thread 2" [_thread_blocked, id=15556, stack(0x0000000023690000,0x0000000023790000)]
  0x000000001c188000 JavaThread "Cache worker for file content cache (C:\Users\Apolo\.gradle\caches\6.5\fileContent)" [_thread_blocked, id=18376, stack(0x0000000022690000,0x0000000022790000)]
  0x000000001c186800 JavaThread "jar transforms" [_thread_blocked, id=12624, stack(0x0000000022590000,0x0000000022690000)]
  0x000000001c186000 JavaThread "Cache worker for execution history cache (C:\Users\Apolo\.gradle\caches\6.5\executionHistory)" [_thread_blocked, id=8592, stack(0x0000000021e90000,0x0000000021f90000)]
  0x000000001c183800 JavaThread "Cache worker for file hash cache (C:\Users\Apolo\.gradle\caches\6.5\fileHashes)" [_thread_blocked, id=1176, stack(0x000000001e280000,0x000000001e380000)]
  0x000000001c0fa000 JavaThread "File lock request listener" [_thread_in_native, id=21580, stack(0x000000001e180000,0x000000001e280000)]
  0x000000001ae51000 JavaThread "Cache worker for journal cache (C:\Users\Apolo\.gradle\caches\journal-1)" [_thread_in_native, id=12464, stack(0x000000001e080000,0x000000001e180000)]
  0x000000001af50800 JavaThread "Daemon worker" [_thread_blocked, id=18436, stack(0x000000001da80000,0x000000001db80000)]
  0x000000001bea3800 JavaThread "Daemon" [_thread_blocked, id=4680, stack(0x000000001d780000,0x000000001d880000)]
  0x000000001be44000 JavaThread "Daemon periodic checks" [_thread_blocked, id=3680, stack(0x000000001d480000,0x000000001d580000)]
  0x000000001be42800 JavaThread "Incoming local TCP Connector on port 49725" [_thread_in_native, id=10220, stack(0x000000001d210000,0x000000001d310000)]
  0x000000001bd81800 JavaThread "Daemon health stats" [_thread_blocked, id=19448, stack(0x000000001cbd0000,0x000000001ccd0000)]
  0x00000000193d2000 JavaThread "Service Thread" daemon [_thread_blocked, id=7376, stack(0x000000001a030000,0x000000001a130000)]
  0x0000000019349800 JavaThread "C1 CompilerThread3" daemon [_thread_in_vm, id=20776, stack(0x0000000019f30000,0x000000001a030000)]
  0x000000001753d000 JavaThread "C2 CompilerThread2" daemon [_thread_blocked, id=10168, stack(0x0000000019e30000,0x0000000019f30000)]
=>0x000000001753b000 JavaThread "C2 CompilerThread1" daemon [_thread_in_native, id=8656, stack(0x0000000019d30000,0x0000000019e30000)]
  0x0000000019342000 JavaThread "C2 CompilerThread0" daemon [_thread_in_native, id=20920, stack(0x0000000019c30000,0x0000000019d30000)]
  0x0000000019341000 JavaThread "Attach Listener" daemon [_thread_blocked, id=14400, stack(0x0000000019b30000,0x0000000019c30000)]
  0x0000000019340800 JavaThread "Signal Dispatcher" daemon [_thread_blocked, id=21736, stack(0x0000000019a30000,0x0000000019b30000)]
  0x0000000019330800 JavaThread "Finalizer" daemon [_thread_blocked, id=22428, stack(0x0000000019810000,0x0000000019910000)]
  0x00000000024b8000 JavaThread "Reference Handler" daemon [_thread_blocked, id=20524, stack(0x0000000019710000,0x0000000019810000)]
  0x00000000023bd800 JavaThread "main" [_thread_blocked, id=21520, stack(0x0000000002280000,0x0000000002380000)]

Other Threads:
  0x0000000017526800 VMThread [stack: 0x0000000019210000,0x0000000019310000] [id=20376]
  0x00000000193d2800 WatcherThread [stack: 0x000000001a130000,0x000000001a230000] [id=14248]

VM state:not at safepoint (normal execution)

VM Mutex/Monitor currently owned by a thread: None

heap address: 0x0000000080000000, size: 2048 MB, Compressed Oops mode: 32-bit
Narrow klass base: 0x0000000000000000, Narrow klass shift: 3
Compressed class space size: 1073741824 Address: 0x0000000100000000

Heap:
 PSYoungGen      total 285696K, used 245683K [0x00000000d5580000, 0x00000000eb400000, 0x0000000100000000)
  eden space 257536K, 90% used [0x00000000d5580000,0x00000000e39ba7e8,0x00000000e5100000)
  from space 28160K, 42% used [0x00000000e5100000,0x00000000e5cb2418,0x00000000e6c80000)
  to   space 26624K, 0% used [0x00000000e9a00000,0x00000000e9a00000,0x00000000eb400000)
 ParOldGen       total 116224K, used 61789K [0x0000000080000000, 0x0000000087180000, 0x00000000d5580000)
  object space 116224K, 53% used [0x0000000080000000,0x0000000083c57440,0x0000000087180000)
 Metaspace       used 79313K, capacity 83260K, committed 83544K, reserved 1122304K
  class space    used 10339K, capacity 11065K, committed 11136K, reserved 1048576K

Card table byte_map: [0x0000000011880000,0x0000000011c90000] byte_map_base: 0x0000000011480000

Marking Bits: (ParMarkBitMap*) 0x000000006b0ff030
 Begin Bits: [0x0000000012740000, 0x0000000014740000)
 End Bits:   [0x0000000014740000, 0x0000000016740000)

Polling page: 0x00000000009d0000

CodeCache: size=245760Kb used=34196Kb max_used=34500Kb free=211563Kb
 bounds [0x00000000024c0000, 0x00000000046b0000, 0x00000000114c0000]
 total_blobs=11593 nmethods=10662 adapters=843
 compilation: enabled

Compilation events (10 events):
Event: 28.799 Thread 0x0000000019349800 12540       3       org.gradle.internal.execution.steps.ResolveChangesStep::lambda$execute$3 (31 bytes)
Event: 28.801 Thread 0x0000000019349800 nmethod 12540 0x0000000003d89b50 code [0x0000000003d89e60, 0x0000000003d8b8a8]
Event: 28.801 Thread 0x0000000019349800 12541       3       org.gradle.internal.execution.steps.ResolveChangesStep$$Lambda$598/1753985507::apply (20 bytes)
Event: 28.802 Thread 0x0000000019349800 nmethod 12541 0x00000000030865d0 code [0x0000000003086760, 0x0000000003086b18]
Event: 28.802 Thread 0x0000000019349800 12542       3       org.gradle.internal.execution.history.changes.DefaultExecutionStateChangeDetector::caching (20 bytes)
Event: 28.802 Thread 0x0000000019349800 nmethod 12542 0x00000000028b5190 code [0x00000000028b5340, 0x00000000028b58d0]
Event: 28.802 Thread 0x0000000019349800 12543       3       org.gradle.api.internal.artifacts.transform.DefaultTransformerInvocationFactory$TransformerExecution::visitInputProperties (21 bytes)
Event: 28.803 Thread 0x0000000019349800 nmethod 12543 0x0000000002fa04d0 code [0x0000000002fa0660, 0x0000000002fa09c8]
Event: 28.803 Thread 0x0000000019349800 12546       3       org.gradle.internal.execution.history.changes.IncrementalInputProperties$1::incrementalChanges (4 bytes)
Event: 28.803 Thread 0x0000000019349800 nmethod 12546 0x00000000027c4c90 code [0x00000000027c4de0, 0x00000000027c4f30]

GC Heap History (10 events):
Event: 6.346 GC heap before
{Heap before GC invocations=14 (full 2):
 PSYoungGen      total 181248K, used 56282K [0x00000000d5580000, 0x00000000e4b80000, 0x0000000100000000)
  eden space 168448K, 25% used [0x00000000d5580000,0x00000000d7ffbf58,0x00000000dfa00000)
  from space 12800K, 99% used [0x00000000dfa00000,0x00000000e067aa20,0x00000000e0680000)
  to   space 18944K, 0% used [0x00000000e3900000,0x00000000e3900000,0x00000000e4b80000)
 ParOldGen       total 76288K, used 30568K [0x0000000080000000, 0x0000000084a80000, 0x00000000d5580000)
  object space 76288K, 40% used [0x0000000080000000,0x0000000081dda0a8,0x0000000084a80000)
 Metaspace       used 56515K, capacity 58894K, committed 59028K, reserved 1099776K
  class space    used 7663K, capacity 8162K, committed 8192K, reserved 1048576K
Event: 6.362 GC heap after
Heap after GC invocations=14 (full 2):
 PSYoungGen      total 233472K, used 5731K [0x00000000d5580000, 0x00000000e4e80000, 0x0000000100000000)
  eden space 214528K, 0% used [0x00000000d5580000,0x00000000d5580000,0x00000000e2700000)
  from space 18944K, 30% used [0x00000000e3900000,0x00000000e3e98c60,0x00000000e4b80000)
  to   space 18432K, 0% used [0x00000000e2700000,0x00000000e2700000,0x00000000e3900000)
 ParOldGen       total 76288K, used 40531K [0x0000000080000000, 0x0000000084a80000, 0x00000000d5580000)
  object space 76288K, 53% used [0x0000000080000000,0x0000000082794ff0,0x0000000084a80000)
 Metaspace       used 56515K, capacity 58894K, committed 59028K, reserved 1099776K
  class space    used 7663K, capacity 8162K, committed 8192K, reserved 1048576K
}
Event: 6.362 GC heap before
{Heap before GC invocations=15 (full 3):
 PSYoungGen      total 233472K, used 5731K [0x00000000d5580000, 0x00000000e4e80000, 0x0000000100000000)
  eden space 214528K, 0% used [0x00000000d5580000,0x00000000d5580000,0x00000000e2700000)
  from space 18944K, 30% used [0x00000000e3900000,0x00000000e3e98c60,0x00000000e4b80000)
  to   space 18432K, 0% used [0x00000000e2700000,0x00000000e2700000,0x00000000e3900000)
 ParOldGen       total 76288K, used 40531K [0x0000000080000000, 0x0000000084a80000, 0x00000000d5580000)
  object space 76288K, 53% used [0x0000000080000000,0x0000000082794ff0,0x0000000084a80000)
 Metaspace       used 56515K, capacity 58894K, committed 59028K, reserved 1099776K
  class space    used 7663K, capacity 8162K, committed 8192K, reserved 1048576K
Event: 6.509 GC heap after
Heap after GC invocations=15 (full 3):
 PSYoungGen      total 233472K, used 0K [0x00000000d5580000, 0x00000000e4e80000, 0x0000000100000000)
  eden space 214528K, 0% used [0x00000000d5580000,0x00000000d5580000,0x00000000e2700000)
  from space 18944K, 0% used [0x00000000e3900000,0x00000000e3900000,0x00000000e4b80000)
  to   space 18432K, 0% used [0x00000000e2700000,0x00000000e2700000,0x00000000e3900000)
 ParOldGen       total 116224K, used 33124K [0x0000000080000000, 0x0000000087180000, 0x00000000d5580000)
  object space 116224K, 28% used [0x0000000080000000,0x0000000082059310,0x0000000087180000)
 Metaspace       used 56466K, capacity 58726K, committed 59028K, reserved 1099776K
  class space    used 7647K, capacity 8134K, committed 8192K, reserved 1048576K
}
Event: 10.233 GC heap before
{Heap before GC invocations=16 (full 3):
 PSYoungGen      total 233472K, used 214528K [0x00000000d5580000, 0x00000000e4e80000, 0x0000000100000000)
  eden space 214528K, 100% used [0x00000000d5580000,0x00000000e2700000,0x00000000e2700000)
  from space 18944K, 0% used [0x00000000e3900000,0x00000000e3900000,0x00000000e4b80000)
  to   space 18432K, 0% used [0x00000000e2700000,0x00000000e2700000,0x00000000e3900000)
 ParOldGen       total 116224K, used 33124K [0x0000000080000000, 0x0000000087180000, 0x00000000d5580000)
  object space 116224K, 28% used [0x0000000080000000,0x0000000082059310,0x0000000087180000)
 Metaspace       used 68275K, capacity 71206K, committed 71512K, reserved 1112064K
  class space    used 9167K, capacity 9730K, committed 9856K, reserved 1048576K
Event: 10.261 GC heap after
Heap after GC invocations=16 (full 3):
 PSYoungGen      total 232960K, used 18142K [0x00000000d5580000, 0x00000000e8100000, 0x0000000100000000)
  eden space 214528K, 0% used [0x00000000d5580000,0x00000000d5580000,0x00000000e2700000)
  from space 18432K, 98% used [0x00000000e2700000,0x00000000e38b7a18,0x00000000e3900000)
  to   space 20992K, 0% used [0x00000000e6c80000,0x00000000e6c80000,0x00000000e8100000)
 ParOldGen       total 116224K, used 33132K [0x0000000080000000, 0x0000000087180000, 0x00000000d5580000)
  object space 116224K, 28% used [0x0000000080000000,0x000000008205b310,0x0000000087180000)
 Metaspace       used 68275K, capacity 71206K, committed 71512K, reserved 1112064K
  class space    used 9167K, capacity 9730K, committed 9856K, reserved 1048576K
}
Event: 12.053 GC heap before
{Heap before GC invocations=17 (full 3):
 PSYoungGen      total 232960K, used 232670K [0x00000000d5580000, 0x00000000e8100000, 0x0000000100000000)
  eden space 214528K, 100% used [0x00000000d5580000,0x00000000e2700000,0x00000000e2700000)
  from space 18432K, 98% used [0x00000000e2700000,0x00000000e38b7a18,0x00000000e3900000)
  to   space 20992K, 0% used [0x00000000e6c80000,0x00000000e6c80000,0x00000000e8100000)
 ParOldGen       total 116224K, used 33132K [0x0000000080000000, 0x0000000087180000, 0x00000000d5580000)
  object space 116224K, 28% used [0x0000000080000000,0x000000008205b310,0x0000000087180000)
 Metaspace       used 72914K, capacity 76656K, committed 76760K, reserved 1116160K
  class space    used 9694K, capacity 10421K, committed 10496K, reserved 1048576K
Event: 12.081 GC heap after
Heap after GC invocations=17 (full 3):
 PSYoungGen      total 278528K, used 20981K [0x00000000d5580000, 0x00000000e8c80000, 0x0000000100000000)
  eden space 257536K, 0% used [0x00000000d5580000,0x00000000d5580000,0x00000000e5100000)
  from space 20992K, 99% used [0x00000000e6c80000,0x00000000e80fd560,0x00000000e8100000)
  to   space 28160K, 0% used [0x00000000e5100000,0x00000000e5100000,0x00000000e6c80000)
 ParOldGen       total 116224K, used 43715K [0x0000000080000000, 0x0000000087180000, 0x00000000d5580000)
  object space 116224K, 37% used [0x0000000080000000,0x0000000082ab0c00,0x0000000087180000)
 Metaspace       used 72914K, capacity 76656K, committed 76760K, reserved 1116160K
  class space    used 9694K, capacity 10421K, committed 10496K, reserved 1048576K
}
Event: 25.668 GC heap before
{Heap before GC invocations=18 (full 3):
 PSYoungGen      total 278528K, used 278517K [0x00000000d5580000, 0x00000000e8c80000, 0x0000000100000000)
  eden space 257536K, 100% used [0x00000000d5580000,0x00000000e5100000,0x00000000e5100000)
  from space 20992K, 99% used [0x00000000e6c80000,0x00000000e80fd560,0x00000000e8100000)
  to   space 28160K, 0% used [0x00000000e5100000,0x00000000e5100000,0x00000000e6c80000)
 ParOldGen       total 116224K, used 43715K [0x0000000080000000, 0x0000000087180000, 0x00000000d5580000)
  object space 116224K, 37% used [0x0000000080000000,0x0000000082ab0c00,0x0000000087180000)
 Metaspace       used 78695K, capacity 82506K, committed 82776K, reserved 1120256K
  class space    used 10331K, capacity 11052K, committed 11136K, reserved 1048576K
Event: 25.695 GC heap after
Heap after GC invocations=18 (full 3):
 PSYoungGen      total 285696K, used 11977K [0x00000000d5580000, 0x00000000eb400000, 0x0000000100000000)
  eden space 257536K, 0% used [0x00000000d5580000,0x00000000d5580000,0x00000000e5100000)
  from space 28160K, 42% used [0x00000000e5100000,0x00000000e5cb2418,0x00000000e6c80000)
  to   space 26624K, 0% used [0x00000000e9a00000,0x00000000e9a00000,0x00000000eb400000)
 ParOldGen       total 116224K, used 61789K [0x0000000080000000, 0x0000000087180000, 0x00000000d5580000)
  object space 116224K, 53% used [0x0000000080000000,0x0000000083c57440,0x0000000087180000)
 Metaspace       used 78695K, capacity 82506K, committed 82776K, reserved 1120256K
  class space    used 10331K, capacity 11052K, committed 11136K, reserved 1048576K
}

Deoptimization events (10 events):
Event: 26.570 Thread 0x0000000020f48800 Uncommon trap: reason=unstable_if action=reinterpret pc=0x0000000003718e84 method=com.google.common.collect.MapMakerInternalMap$Segment.getEntry(Ljava/lang/Object;I)Lcom/google/common/collect/MapMakerInternalMap$InternalEntry; @ 40
Event: 26.572 Thread 0x0000000020f48800 Uncommon trap: reason=unstable_if action=reinterpret pc=0x00000000039719f4 method=com.google.common.collect.MapMakerInternalMap$Segment.getEntry(Ljava/lang/Object;I)Lcom/google/common/collect/MapMakerInternalMap$InternalEntry; @ 40
Event: 26.632 Thread 0x0000000020f47000 Uncommon trap: reason=unstable_if action=reinterpret pc=0x0000000004123248 method=java.util.concurrent.ConcurrentLinkedQueue.poll()Ljava/lang/Object; @ 25
Event: 26.632 Thread 0x000000001e76f000 Uncommon trap: reason=unstable_if action=reinterpret pc=0x00000000041232d4 method=java.util.concurrent.ConcurrentLinkedQueue.updateHead(Ljava/util/concurrent/ConcurrentLinkedQueue$Node;Ljava/util/concurrent/ConcurrentLinkedQueue$Node;)V @ 11
Event: 26.638 Thread 0x0000000020f48000 Uncommon trap: reason=unstable_if action=reinterpret pc=0x0000000003550150 method=java.util.concurrent.ConcurrentLinkedQueue.updateHead(Ljava/util/concurrent/ConcurrentLinkedQueue$Node;Ljava/util/concurrent/ConcurrentLinkedQueue$Node;)V @ 11
Event: 26.680 Thread 0x0000000020f44000 Uncommon trap: reason=unstable_if action=reinterpret pc=0x0000000002c7810c method=java.util.concurrent.locks.LockSupport.unpark(Ljava/lang/Thread;)V @ 1
Event: 26.846 Thread 0x000000001e76f000 Uncommon trap: reason=null_check action=make_not_entrant pc=0x000000000421648c method=com.sun.org.apache.xerces.internal.dom.NamedNodeMapImpl.findNamePoint(Ljava/lang/String;Ljava/lang/String;)I @ 76
Event: 27.498 Thread 0x000000001e76f000 Uncommon trap: reason=unstable_if action=reinterpret pc=0x0000000003fac06c method=com.android.ide.common.resources.DataMerger.mergeData(Lcom/android/ide/common/resources/MergeConsumer;Z)V @ 394
Event: 27.593 Thread 0x000000001e76f000 Uncommon trap: reason=null_check action=make_not_entrant pc=0x000000000403bec4 method=com.android.ide.common.resources.NodeUtils.processSingleNodeNamespace(Lorg/w3c/dom/Node;Lorg/w3c/dom/Document;)Z @ 8
Event: 27.594 Thread 0x000000001e76f000 Uncommon trap: reason=null_check action=make_not_entrant pc=0x0000000004027de4 method=com.android.ide.common.resources.NodeUtils.processSingleNodeNamespace(Lorg/w3c/dom/Node;Lorg/w3c/dom/Document;)Z @ 8

Classes redefined (0 events):
No events

Internal exceptions (10 events):
Event: 14.986 Thread 0x000000001bea3800 Exception <a 'java/lang/NoSuchMethodError': <clinit>> (0x00000000e1ab2fd8) thrown at [C:\src\AOSP-openjdk-git\hotspot\src\share\vm\prims\jni.cpp, line 1615]
Event: 25.748 Thread 0x000000001af50800 Exception <a 'sun/nio/fs/WindowsException'> (0x00000000d59b05f0) thrown at [C:\src\AOSP-openjdk-git\hotspot\src\share\vm\prims\jni.cpp, line 710]
Event: 26.569 Thread 0x0000000020f47000 Implicit null exception at 0x00000000027e5353 to 0x00000000027e57c5
Event: 26.846 Thread 0x000000001e76f000 Implicit null exception at 0x000000000421591a to 0x000000000421646d
Event: 27.593 Thread 0x000000001e76f000 Implicit null exception at 0x0000000004034f63 to 0x000000000403bea1
Event: 27.594 Thread 0x000000001e76f000 Implicit null exception at 0x0000000004026b1b to 0x0000000004027dd5
Event: 28.700 Thread 0x000000001e774000 Exception <a 'java/io/IOException'> (0x00000000e3591658) thrown at [C:\src\AOSP-openjdk-git\hotspot\src\share\vm\prims\jni.cpp, line 710]
Event: 28.714 Thread 0x000000001e773800 Exception <a 'java/io/IOException'> (0x00000000e30a4ac0) thrown at [C:\src\AOSP-openjdk-git\hotspot\src\share\vm\prims\jni.cpp, line 710]
Event: 28.730 Thread 0x000000001fd93000 Exception <a 'java/io/IOException'> (0x00000000e36dc510) thrown at [C:\src\AOSP-openjdk-git\hotspot\src\share\vm\prims\jni.cpp, line 710]
Event: 28.745 Thread 0x000000001fd91800 Exception <a 'java/io/IOException'> (0x00000000e35a0ed8) thrown at [C:\src\AOSP-openjdk-git\hotspot\src\share\vm\prims\jni.cpp, line 710]

Events (10 events):
Event: 28.744 Thread 0x000000001c184800 Thread exited: 0x000000001c184800
Event: 28.745 Thread 0x0000000019349800 flushing nmethod 0x0000000003fdb7d0
Event: 28.745 Thread 0x0000000019349800 flushing nmethod 0x000000000404f490
Event: 28.745 Thread 0x0000000019349800 flushing nmethod 0x0000000004080210
Event: 28.746 Thread 0x0000000019349800 flushing nmethod 0x000000000412ee50
Event: 28.756 Thread 0x000000001fd97800 Thread added: 0x000000001fd97800
Event: 28.756 Thread 0x000000001fd98000 Thread added: 0x000000001fd98000
Event: 28.787 Thread 0x000000001fd99000 Thread added: 0x000000001fd99000
Event: 28.788 Thread 0x000000001fd93800 Thread added: 0x000000001fd93800
Event: 28.806 Executing VM operation: RevokeBias


Dynamic libraries:
0x00007ff794270000 - 0x00007ff7942a1000 	C:\Program Files\Android\Android Studio\jre\bin\java.exe
0x00007ff8960d0000 - 0x00007ff8962c5000 	C:\WINDOWS\SYSTEM32\ntdll.dll
0x00007ff895040000 - 0x00007ff8950fd000 	C:\WINDOWS\System32\KERNEL32.DLL
0x00007ff8939c0000 - 0x00007ff893c88000 	C:\WINDOWS\System32\KERNELBASE.dll
0x00007ff894dd0000 - 0x00007ff894e7c000 	C:\WINDOWS\System32\ADVAPI32.dll
0x00007ff894e80000 - 0x00007ff894f1e000 	C:\WINDOWS\System32\msvcrt.dll
0x00007ff8954f0000 - 0x00007ff89558b000 	C:\WINDOWS\System32\sechost.dll
0x00007ff895d50000 - 0x00007ff895e7b000 	C:\WINDOWS\System32\RPCRT4.dll
0x00007ff8941f0000 - 0x00007ff894390000 	C:\WINDOWS\System32\USER32.dll
0x00007ff893e40000 - 0x00007ff893e62000 	C:\WINDOWS\System32\win32u.dll
0x00007ff894400000 - 0x00007ff89442a000 	C:\WINDOWS\System32\GDI32.dll
0x00007ff894020000 - 0x00007ff89412b000 	C:\WINDOWS\System32\gdi32full.dll
0x00007ff893920000 - 0x00007ff8939bd000 	C:\WINDOWS\System32\msvcp_win.dll
0x00007ff893f20000 - 0x00007ff894020000 	C:\WINDOWS\System32\ucrtbase.dll
0x00007ff8829f0000 - 0x00007ff882c8a000 	C:\WINDOWS\WinSxS\amd64_microsoft.windows.common-controls_6595b64144ccf1df_6.0.19041.844_none_ca00b6081b84eb1d\COMCTL32.dll
0x00007ff894130000 - 0x00007ff894160000 	C:\WINDOWS\System32\IMM32.DLL
0x000000006a770000 - 0x000000006a842000 	C:\Program Files\Android\Android Studio\jre\jre\bin\msvcr100.dll
0x000000006a930000 - 0x000000006b17b000 	C:\Program Files\Android\Android Studio\jre\jre\bin\server\jvm.dll
0x00007ff8943f0000 - 0x00007ff8943f8000 	C:\WINDOWS\System32\PSAPI.DLL
0x00007ff8773d0000 - 0x00007ff8773f7000 	C:\WINDOWS\SYSTEM32\WINMM.dll
0x00007ff8795c0000 - 0x00007ff8795c9000 	C:\WINDOWS\SYSTEM32\WSOCK32.dll
0x00007ff895420000 - 0x00007ff89548b000 	C:\WINDOWS\System32\WS2_32.dll
0x00007ff8933a0000 - 0x00007ff8933aa000 	C:\WINDOWS\SYSTEM32\VERSION.dll
0x00007ff892040000 - 0x00007ff89204f000 	C:\Program Files\Android\Android Studio\jre\jre\bin\verify.dll
0x00007ff88a710000 - 0x00007ff88a739000 	C:\Program Files\Android\Android Studio\jre\jre\bin\java.dll
0x00007ff889fb0000 - 0x00007ff889fc6000 	C:\Program Files\Android\Android Studio\jre\jre\bin\zip.dll
0x00007ff895590000 - 0x00007ff895cd2000 	C:\WINDOWS\System32\SHELL32.dll
0x00007ff891730000 - 0x00007ff891ec1000 	C:\WINDOWS\SYSTEM32\windows.storage.dll
0x00007ff894a50000 - 0x00007ff894da5000 	C:\WINDOWS\System32\combase.dll
0x00007ff893210000 - 0x00007ff89323c000 	C:\WINDOWS\SYSTEM32\Wldp.dll
0x00007ff895290000 - 0x00007ff89533e000 	C:\WINDOWS\System32\SHCORE.dll
0x00007ff895100000 - 0x00007ff895155000 	C:\WINDOWS\System32\shlwapi.dll
0x00007ff893750000 - 0x00007ff89376f000 	C:\WINDOWS\SYSTEM32\profapi.dll
0x00007ff889a90000 - 0x00007ff889aaa000 	C:\Program Files\Android\Android Studio\jre\jre\bin\net.dll
0x00007ff892f80000 - 0x00007ff892fea000 	C:\WINDOWS\system32\mswsock.dll
0x00007ff889860000 - 0x00007ff889873000 	C:\Program Files\Android\Android Studio\jre\jre\bin\nio.dll
0x00007ff8737c0000 - 0x00007ff8737e7000 	C:\Users\Apolo\.gradle\native\f6784746aeab05261644944871eae4fe03e0ef1612fff0a4a95f87b438bc6780\windows-amd64\native-platform.dll
0x00007ff888ac0000 - 0x00007ff888acd000 	C:\Program Files\Android\Android Studio\jre\jre\bin\management.dll
0x00007ff893150000 - 0x00007ff893168000 	C:\WINDOWS\SYSTEM32\CRYPTSP.dll
0x00007ff8928b0000 - 0x00007ff8928e4000 	C:\WINDOWS\system32\rsaenh.dll
0x00007ff893ef0000 - 0x00007ff893f17000 	C:\WINDOWS\System32\bcrypt.dll
0x00007ff8936d0000 - 0x00007ff8936fe000 	C:\WINDOWS\SYSTEM32\USERENV.dll
0x00007ff893e70000 - 0x00007ff893ef0000 	C:\WINDOWS\System32\bcryptprimitives.dll
0x00007ff893170000 - 0x00007ff89317c000 	C:\WINDOWS\SYSTEM32\CRYPTBASE.dll
0x00007ff892c20000 - 0x00007ff892c5b000 	C:\WINDOWS\SYSTEM32\IPHLPAPI.DLL
0x00007ff895410000 - 0x00007ff895418000 	C:\WINDOWS\System32\NSI.dll
0x00007ff887c50000 - 0x00007ff887c67000 	C:\WINDOWS\SYSTEM32\dhcpcsvc6.DLL
0x00007ff8881f0000 - 0x00007ff88820d000 	C:\WINDOWS\SYSTEM32\dhcpcsvc.DLL
0x00007ff892c60000 - 0x00007ff892d2c000 	C:\WINDOWS\SYSTEM32\DNSAPI.dll
0x00007ff888350000 - 0x00007ff88835b000 	C:\WINDOWS\SYSTEM32\WINNSI.DLL
0x00007ff85ca50000 - 0x00007ff85cbec000 	C:\Program Files\Android\Android Studio\jre\jre\bin\awt.dll
0x00007ff895340000 - 0x00007ff89540d000 	C:\WINDOWS\System32\OLEAUT32.dll
0x00007ff88bc40000 - 0x00007ff88c200000 	C:\WINDOWS\SYSTEM32\d2d1.dll
0x00007ff891180000 - 0x00007ff8911af000 	C:\WINDOWS\SYSTEM32\dwmapi.dll
0x00007ff88d7f0000 - 0x00007ff88d880000 	C:\WINDOWS\SYSTEM32\apphelp.dll
0x00007ff8909f0000 - 0x00007ff890a8e000 	C:\WINDOWS\system32\uxtheme.dll

VM Arguments:
jvm_args: -Xmx2048m -Dfile.encoding=windows-1252 -Duser.country=ES -Duser.language=es -Duser.variant 
java_command: org.gradle.launcher.daemon.bootstrap.GradleDaemon 6.5
java_class_path (initial): C:\Users\Apolo\.gradle\wrapper\dists\gradle-6.5-bin\6nifqtx7604sqp1q6g8wikw7p\gradle-6.5\lib\gradle-launcher-6.5.jar
Launcher Type: SUN_STANDARD

Environment Variables:
PATH=C:\Program Files\Common Files\Oracle\Java\javapath;C:\Program Files (x86)\Common Files\Oracle\Java\javapath;C:\orant\bin;C:\WINDOWS\system32;C:\WINDOWS;C:\WINDOWS\System32\Wbem;C:\WINDOWS\System32\WindowsPowerShell\v1.0\;C:\WINDOWS\System32\OpenSSH\;C:\orant\jdk\bin;C:\Program Files (x86)\Intel\Intel(R) Memory And Storage Tool\;C:\Program Files\Git\cmd;C:\Program Files\nodejs\;C:\instantclient_12_1\;C:\Users\Apolo\AppData\Local\Microsoft\WindowsApps;C:\Users\Apolo\AppData\Local\Programs\Microsoft VS Code\bin;C:\Users\Apolo\AppData\Roaming\npm;C:\Users\Apolo\AppData\Local\atom\bin;
USERNAME=Apolo
OS=Windows_NT
PROCESSOR_IDENTIFIER=Intel64 Family 6 Model 126 Stepping 5, GenuineIntel



---------------  S Y S T E M  ---------------

OS: Windows 10.0 , 64 bit Build 19041 (10.0.19041.928)

CPU:total 8 (initial active 8) (4 cores per cpu, 2 threads per core) family 6 model 126 stepping 5, cmov, cx8, fxsr, mmx, sse, sse2, sse3, ssse3, sse4.1, sse4.2, popcnt, avx, avx2, aes, clmul, erms, 3dnowpref, lzcnt, ht, tsc, tscinvbit, bmi1, bmi2, adx

Memory: 4k page, physical 8165048k(463360k free), swap 11736884k(5752k free)

vm_info: OpenJDK 64-Bit Server VM (25.242-b01) for windows-amd64 JRE (1.8.0_242-release-1644-b01), built by "builder" with MS VC++ 10.0 (VS2010)

time: Thu Apr 22 18:28:03 2021
timezone: Hora estándar de Paraguay
elapsed time: 28 seconds (0d 0h 0m 28s)

