#
# There is insufficient memory for the Java Runtime Environment to continue.
# Native memory allocation (malloc) failed to allocate 193216 bytes for Chunk::new
# Possible reasons:
#   The system is out of physical RAM or swap space
#   The process is running with CompressedOops enabled, and the Java Heap may be blocking the growth of the native heap
# Possible solutions:
#   Reduce memory load on the system
#   Increase physical memory or swap space
#   Check if swap backing store is full
#   Decrease Java heap size (-Xmx/-Xms)
#   Decrease number of Java threads
#   Decrease Java thread stack sizes (-Xss)
#   Set larger code cache with -XX:ReservedCodeCacheSize=
#   JVM is running with Unscaled Compressed Oops mode in which the Java heap is
#     placed in the first 4GB address space. The Java Heap base address is the
#     maximum limit for the native heap growth. Please use -XX:HeapBaseMinAddress
#     to set the Java Heap base and to place the Java Heap above 4GB virtual address.
# This output file may be truncated or incomplete.
#
#  Out of Memory Error (./src/hotspot/share/memory/arena.cpp:197), pid=21792, tid=21812
#
# JRE version: OpenJDK Runtime Environment (11.0.8+10) (build 11.0.8+10-b944.6842174)
# Java VM: OpenJDK 64-Bit Server VM (11.0.8+10-b944.6842174, mixed mode, tiered, compressed oops, g1 gc, windows-amd64)
# No core dump will be written. Minidumps are not enabled by default on client versions of Windows
#

---------------  S U M M A R Y ------------

Command Line: --add-opens=java.base/java.util=ALL-UNNAMED --add-opens=java.base/java.lang=ALL-UNNAMED --add-opens=java.base/java.lang.invoke=ALL-UNNAMED --add-opens=java.prefs/java.util.prefs=ALL-UNNAMED -Xmx2048m -Dfile.encoding=windows-1252 -Duser.country=ES -Duser.language=es -Duser.variant org.gradle.launcher.daemon.bootstrap.GradleDaemon 6.7.1

Host: Intel(R) Core(TM) i7-1065G7 CPU @ 1.30GHz, 8 cores, 7G,  Windows 10 , 64 bit Build 19041 (10.0.19041.928)
Time: Mon May 31 11:44:56 2021 Hora estándar de Paraguay elapsed time: 4 seconds (0d 0h 0m 4s)

---------------  T H R E A D  ---------------

Current thread (0x000001f308338000):  JavaThread "C2 CompilerThread0" daemon [_thread_in_native, id=21812, stack(0x000000bdb5800000,0x000000bdb5900000)]


Current CompileTask:
C2:   4201 2450       4       java.io.DataInputStream::readUTF (501 bytes)

Stack: [0x000000bdb5800000,0x000000bdb5900000]
Native frames: (J=compiled Java code, j=interpreted, Vv=VM code, C=native code)
V  [jvm.dll+0x5de50a]
V  [jvm.dll+0x7122f5]
V  [jvm.dll+0x71384d]
V  [jvm.dll+0x713f03]
V  [jvm.dll+0x23e728]
V  [jvm.dll+0xb899c]
V  [jvm.dll+0xb8e9c]
V  [jvm.dll+0x2b20e4]
V  [jvm.dll+0x502098]
V  [jvm.dll+0x1f8cde]
V  [jvm.dll+0x1f685f]
V  [jvm.dll+0x17f32c]
V  [jvm.dll+0x205047]
V  [jvm.dll+0x203891]
V  [jvm.dll+0x6dad3f]
V  [jvm.dll+0x6d3895]
V  [jvm.dll+0x5dd4a6]
C  [ucrtbase.dll+0x21bb2]
C  [KERNEL32.DLL+0x17034]
C  [ntdll.dll+0x52651]


---------------  P R O C E S S  ---------------

Threads class SMR info:
_java_thread_list=0x000001f30db4ec80, length=29, elements={
0x000001f36d65d800, 0x000001f30798f800, 0x000001f30799b000, 0x000001f308334800,
0x000001f308336000, 0x000001f308338000, 0x000001f30833e000, 0x000001f30833f000,
0x000001f308480000, 0x000001f3084cd800, 0x000001f309c88000, 0x000001f309dad800,
0x000001f309bc6000, 0x000001f309d64800, 0x000001f309939000, 0x000001f30a7fb800,
0x000001f30a7fd000, 0x000001f309744800, 0x000001f309745800, 0x000001f309bc3000,
0x000001f309d75800, 0x000001f309d77000, 0x000001f309d78000, 0x000001f309b62800,
0x000001f309d79800, 0x000001f309d79000, 0x000001f309d7a800, 0x000001f309d76800,
0x000001f309d7b000
}

Java Threads: ( => current thread )
  0x000001f36d65d800 JavaThread "main" [_thread_blocked, id=9296, stack(0x000000bdb4d00000,0x000000bdb4e00000)]
  0x000001f30798f800 JavaThread "Reference Handler" daemon [_thread_blocked, id=11640, stack(0x000000bdb5400000,0x000000bdb5500000)]
  0x000001f30799b000 JavaThread "Finalizer" daemon [_thread_blocked, id=1808, stack(0x000000bdb5500000,0x000000bdb5600000)]
  0x000001f308334800 JavaThread "Signal Dispatcher" daemon [_thread_blocked, id=19936, stack(0x000000bdb5600000,0x000000bdb5700000)]
  0x000001f308336000 JavaThread "Attach Listener" daemon [_thread_blocked, id=17508, stack(0x000000bdb5700000,0x000000bdb5800000)]
=>0x000001f308338000 JavaThread "C2 CompilerThread0" daemon [_thread_in_native, id=21812, stack(0x000000bdb5800000,0x000000bdb5900000)]
  0x000001f30833e000 JavaThread "C1 CompilerThread0" daemon [_thread_blocked, id=14816, stack(0x000000bdb5900000,0x000000bdb5a00000)]
  0x000001f30833f000 JavaThread "Sweeper thread" daemon [_thread_blocked, id=11972, stack(0x000000bdb5a00000,0x000000bdb5b00000)]
  0x000001f308480000 JavaThread "Common-Cleaner" daemon [_thread_blocked, id=13092, stack(0x000000bdb5b00000,0x000000bdb5c00000)]
  0x000001f3084cd800 JavaThread "Service Thread" daemon [_thread_blocked, id=24040, stack(0x000000bdb5c00000,0x000000bdb5d00000)]
  0x000001f309c88000 JavaThread "Daemon health stats" [_thread_blocked, id=22788, stack(0x000000bdb6200000,0x000000bdb6300000)]
  0x000001f309dad800 JavaThread "Incoming local TCP Connector on port 63485" [_thread_in_native, id=10304, stack(0x000000bdb6300000,0x000000bdb6400000)]
  0x000001f309bc6000 JavaThread "Daemon periodic checks" [_thread_blocked, id=7024, stack(0x000000bdb6400000,0x000000bdb6500000)]
  0x000001f309d64800 JavaThread "Daemon" [_thread_blocked, id=23168, stack(0x000000bdb6500000,0x000000bdb6600000)]
  0x000001f309939000 JavaThread "Handler for socket connection from /127.0.0.1:63485 to /127.0.0.1:63486" [_thread_in_native, id=9416, stack(0x000000bdb6600000,0x000000bdb6700000)]
  0x000001f30a7fb800 JavaThread "Cancel handler" [_thread_blocked, id=21912, stack(0x000000bdb6700000,0x000000bdb6800000)]
  0x000001f30a7fd000 JavaThread "Daemon worker" [_thread_in_vm, id=8732, stack(0x000000bdb6800000,0x000000bdb6900000)]
  0x000001f309744800 JavaThread "Asynchronous log dispatcher for DefaultDaemonConnection: socket connection from /127.0.0.1:63485 to /127.0.0.1:63486" [_thread_blocked, id=22740, stack(0x000000bdb6900000,0x000000bdb6a00000)]
  0x000001f309745800 JavaThread "Stdin handler" [_thread_blocked, id=22548, stack(0x000000bdb6a00000,0x000000bdb6b00000)]
  0x000001f309bc3000 JavaThread "Thread-8" [_thread_blocked, id=19144, stack(0x000000bdb6b00000,0x000000bdb6c00000)]
  0x000001f309d75800 JavaThread "Cache worker for file hash cache (C:\Users\Apolo\.gradle\caches\6.7.1\fileHashes)" [_thread_blocked, id=22796, stack(0x000000bdb7100000,0x000000bdb7200000)]
  0x000001f309d77000 JavaThread "File lock request listener" [_thread_in_native, id=26024, stack(0x000000bdb7200000,0x000000bdb7300000)]
  0x000001f309d78000 JavaThread "Cache worker for journal cache (C:\Users\Apolo\.gradle\caches\journal-1)" [_thread_blocked, id=25596, stack(0x000000bdb7400000,0x000000bdb7500000)]
  0x000001f309b62800 JavaThread "C2 CompilerThread1" daemon [_thread_in_native, id=22140, stack(0x000000bdb7500000,0x000000bdb7600000)]
  0x000001f309d79800 JavaThread "Cache worker for file hash cache (C:\Android\Proyecto\VendedoresKT\ApoloVendedor\.gradle\6.7.1\fileHashes)" [_thread_blocked, id=23728, stack(0x000000bdb7600000,0x000000bdb7700000)]
  0x000001f309d79000 JavaThread "Cache worker for checksums cache (C:\Android\Proyecto\VendedoresKT\ApoloVendedor\.gradle\checksums)" [_thread_blocked, id=21420, stack(0x000000bdb7700000,0x000000bdb7800000)]
  0x000001f309d7a800 JavaThread "Cache worker for cache directory md-supplier (C:\Users\Apolo\.gradle\caches\6.7.1\md-supplier)" [_thread_blocked, id=23660, stack(0x000000bdb7800000,0x000000bdb7900000)]
  0x000001f309d76800 JavaThread "Cache worker for cache directory md-rule (C:\Users\Apolo\.gradle\caches\6.7.1\md-rule)" [_thread_blocked, id=21404, stack(0x000000bdb7900000,0x000000bdb7a00000)]
  0x000001f309d7b000 JavaThread "Cache worker for execution history cache (C:\Users\Apolo\.gradle\caches\6.7.1\executionHistory)" [_thread_blocked, id=21604, stack(0x000000bdb7a00000,0x000000bdb7b00000)]

Other Threads:
  0x000001f30798d800 VMThread "VM Thread" [stack: 0x000000bdb5300000,0x000000bdb5400000] [id=19096]
  0x000001f3084d3800 WatcherThread [stack: 0x000000bdb5d00000,0x000000bdb5e00000] [id=22196]
  0x000001f36d670800 GCTaskThread "GC Thread#0" [stack: 0x000000bdb4e00000,0x000000bdb4f00000] [id=14084]
  0x000001f30924f800 GCTaskThread "GC Thread#1" [stack: 0x000000bdb5f00000,0x000000bdb6000000] [id=16672]
  0x000001f30916e800 GCTaskThread "GC Thread#2" [stack: 0x000000bdb6000000,0x000000bdb6100000] [id=25928]
  0x000001f309ebe800 GCTaskThread "GC Thread#3" [stack: 0x000000bdb6c00000,0x000000bdb6d00000] [id=19252]
  0x000001f30a7bd800 GCTaskThread "GC Thread#4" [stack: 0x000000bdb6d00000,0x000000bdb6e00000] [id=21488]
  0x000001f309e69000 GCTaskThread "GC Thread#5" [stack: 0x000000bdb6e00000,0x000000bdb6f00000] [id=25228]
  0x000001f309b64800 GCTaskThread "GC Thread#6" [stack: 0x000000bdb6f00000,0x000000bdb7000000] [id=25920]
  0x000001f3097e7800 GCTaskThread "GC Thread#7" [stack: 0x000000bdb7000000,0x000000bdb7100000] [id=14032]
  0x000001f36d6a3800 ConcurrentGCThread "G1 Main Marker" [stack: 0x000000bdb4f00000,0x000000bdb5000000] [id=5392]
  0x000001f36d6a7000 ConcurrentGCThread "G1 Conc#0" [stack: 0x000000bdb5000000,0x000000bdb5100000] [id=25680]
  0x000001f30a1d9000 ConcurrentGCThread "G1 Conc#1" [stack: 0x000000bdb7300000,0x000000bdb7400000] [id=16484]
  0x000001f3077e0800 ConcurrentGCThread "G1 Refine#0" [stack: 0x000000bdb5100000,0x000000bdb5200000] [id=22800]
  0x000001f3077e1000 ConcurrentGCThread "G1 Young RemSet Sampling" [stack: 0x000000bdb5200000,0x000000bdb5300000] [id=13848]

Threads with active compile tasks:
C2 CompilerThread0   4288 2450       4       java.io.DataInputStream::readUTF (501 bytes)
C1 CompilerThread0   4288 2496       3       org.codehaus.groovy.util.LockableObject::unlock (7 bytes)
C2 CompilerThread1   4288 2468  s!   4       jdk.internal.loader.URLClassPath::getLoader (194 bytes)

VM state:not at safepoint (normal execution)

VM Mutex/Monitor currently owned by a thread:  ([mutex/lock_event])
[0x000001f36d658810] CodeCache_lock - owner thread: 0x0000000000000000

Heap address: 0x0000000080000000, size: 2048 MB, Compressed Oops mode: 32-bit
Narrow klass base: 0x0000000000000000, Narrow klass shift: 3
Compressed class space size: 1073741824 Address: 0x0000000100000000

Heap:
 garbage-first heap   total 129024K, used 47127K [0x0000000080000000, 0x0000000100000000)
  region size 1024K, 32 young (32768K), 3 survivors (3072K)
 Metaspace       used 30410K, capacity 31033K, committed 31232K, reserved 1077248K
  class space    used 4054K, capacity 4261K, committed 4352K, reserved 1048576K
Heap Regions: E=young(eden), S=young(survivor), O=old, HS=humongous(starts), HC=humongous(continues), CS=collection set, F=free, A=archive, TAMS=top-at-mark-start (previous, next)
|   0|0x0000000080000000, 0x0000000080100000, 0x0000000080100000|100%| O|  |TAMS 0x0000000080100000, 0x0000000080000000| Untracked 
|   1|0x0000000080100000, 0x0000000080200000, 0x0000000080200000|100%| O|  |TAMS 0x0000000080200000, 0x0000000080100000| Untracked 
|   2|0x0000000080200000, 0x0000000080300000, 0x0000000080300000|100%| O|  |TAMS 0x0000000080300000, 0x0000000080200000| Untracked 
|   3|0x0000000080300000, 0x0000000080400000, 0x0000000080400000|100%|HS|  |TAMS 0x0000000080400000, 0x0000000080300000| Complete 
|   4|0x0000000080400000, 0x0000000080500000, 0x0000000080500000|100%|HC|  |TAMS 0x0000000080500000, 0x0000000080400000| Complete 
|   5|0x0000000080500000, 0x0000000080600000, 0x0000000080600000|100%|HC|  |TAMS 0x0000000080600000, 0x0000000080500000| Complete 
|   6|0x0000000080600000, 0x0000000080700000, 0x0000000080700000|100%| O|  |TAMS 0x0000000080700000, 0x0000000080600000| Untracked 
|   7|0x0000000080700000, 0x0000000080800000, 0x0000000080800000|100%| O|  |TAMS 0x0000000080800000, 0x0000000080700000| Untracked 
|   8|0x0000000080800000, 0x0000000080900000, 0x0000000080900000|100%| O|  |TAMS 0x0000000080900000, 0x0000000080800000| Untracked 
|   9|0x0000000080900000, 0x0000000080a00000, 0x0000000080a00000|100%| O|  |TAMS 0x0000000080a00000, 0x0000000080900000| Untracked 
|  10|0x0000000080a00000, 0x0000000080b00000, 0x0000000080b00000|100%| O|  |TAMS 0x0000000080b00000, 0x0000000080a00000| Untracked 
|  11|0x0000000080b00000, 0x0000000080c00000, 0x0000000080c00000|100%| O|  |TAMS 0x0000000080c00000, 0x0000000080b00000| Untracked 
|  12|0x0000000080c00000, 0x0000000080d00000, 0x0000000080d00000|100%| O|  |TAMS 0x0000000080d00000, 0x0000000080c00000| Untracked 
|  13|0x0000000080d00000, 0x0000000080e00000, 0x0000000080e00000|100%| O|  |TAMS 0x0000000080e00000, 0x0000000080d00000| Untracked 
|  14|0x0000000080e00000, 0x0000000080f00000, 0x0000000080f00000|100%| O|  |TAMS 0x0000000080f00000, 0x0000000080e00000| Untracked 
|  15|0x0000000080f00000, 0x0000000080f8e200, 0x0000000081000000| 55%| O|  |TAMS 0x0000000080f8e200, 0x0000000080f00000| Untracked 
|  16|0x0000000081000000, 0x0000000081000000, 0x0000000081100000|  0%| F|  |TAMS 0x0000000081000000, 0x0000000081000000| Untracked 
|  17|0x0000000081100000, 0x0000000081100000, 0x0000000081200000|  0%| F|  |TAMS 0x0000000081100000, 0x0000000081100000| Untracked 
|  18|0x0000000081200000, 0x0000000081200000, 0x0000000081300000|  0%| F|  |TAMS 0x0000000081200000, 0x0000000081200000| Untracked 
|  19|0x0000000081300000, 0x0000000081300000, 0x0000000081400000|  0%| F|  |TAMS 0x0000000081300000, 0x0000000081300000| Untracked 
|  20|0x0000000081400000, 0x0000000081400000, 0x0000000081500000|  0%| F|  |TAMS 0x0000000081400000, 0x0000000081400000| Untracked 
|  21|0x0000000081500000, 0x0000000081500000, 0x0000000081600000|  0%| F|  |TAMS 0x0000000081500000, 0x0000000081500000| Untracked 
|  22|0x0000000081600000, 0x0000000081600000, 0x0000000081700000|  0%| F|  |TAMS 0x0000000081600000, 0x0000000081600000| Untracked 
|  23|0x0000000081700000, 0x0000000081700000, 0x0000000081800000|  0%| F|  |TAMS 0x0000000081700000, 0x0000000081700000| Untracked 
|  24|0x0000000081800000, 0x0000000081800000, 0x0000000081900000|  0%| F|  |TAMS 0x0000000081800000, 0x0000000081800000| Untracked 
|  25|0x0000000081900000, 0x0000000081900000, 0x0000000081a00000|  0%| F|  |TAMS 0x0000000081900000, 0x0000000081900000| Untracked 
|  26|0x0000000081a00000, 0x0000000081a00000, 0x0000000081b00000|  0%| F|  |TAMS 0x0000000081a00000, 0x0000000081a00000| Untracked 
|  27|0x0000000081b00000, 0x0000000081b00000, 0x0000000081c00000|  0%| F|  |TAMS 0x0000000081b00000, 0x0000000081b00000| Untracked 
|  28|0x0000000081c00000, 0x0000000081c00000, 0x0000000081d00000|  0%| F|  |TAMS 0x0000000081c00000, 0x0000000081c00000| Untracked 
|  29|0x0000000081d00000, 0x0000000081d00000, 0x0000000081e00000|  0%| F|  |TAMS 0x0000000081d00000, 0x0000000081d00000| Untracked 
|  30|0x0000000081e00000, 0x0000000081e00000, 0x0000000081f00000|  0%| F|  |TAMS 0x0000000081e00000, 0x0000000081e00000| Untracked 
|  31|0x0000000081f00000, 0x0000000081f00000, 0x0000000082000000|  0%| F|  |TAMS 0x0000000081f00000, 0x0000000081f00000| Untracked 
|  32|0x0000000082000000, 0x0000000082000000, 0x0000000082100000|  0%| F|  |TAMS 0x0000000082000000, 0x0000000082000000| Untracked 
|  33|0x0000000082100000, 0x0000000082100000, 0x0000000082200000|  0%| F|  |TAMS 0x0000000082100000, 0x0000000082100000| Untracked 
|  34|0x0000000082200000, 0x0000000082200000, 0x0000000082300000|  0%| F|  |TAMS 0x0000000082200000, 0x0000000082200000| Untracked 
|  35|0x0000000082300000, 0x0000000082300000, 0x0000000082400000|  0%| F|  |TAMS 0x0000000082300000, 0x0000000082300000| Untracked 
|  36|0x0000000082400000, 0x0000000082400000, 0x0000000082500000|  0%| F|  |TAMS 0x0000000082400000, 0x0000000082400000| Untracked 
|  37|0x0000000082500000, 0x0000000082500000, 0x0000000082600000|  0%| F|  |TAMS 0x0000000082500000, 0x0000000082500000| Untracked 
|  38|0x0000000082600000, 0x0000000082600000, 0x0000000082700000|  0%| F|  |TAMS 0x0000000082600000, 0x0000000082600000| Untracked 
|  39|0x0000000082700000, 0x0000000082700000, 0x0000000082800000|  0%| F|  |TAMS 0x0000000082700000, 0x0000000082700000| Untracked 
|  40|0x0000000082800000, 0x0000000082800000, 0x0000000082900000|  0%| F|  |TAMS 0x0000000082800000, 0x0000000082800000| Untracked 
|  41|0x0000000082900000, 0x0000000082900000, 0x0000000082a00000|  0%| F|  |TAMS 0x0000000082900000, 0x0000000082900000| Untracked 
|  42|0x0000000082a00000, 0x0000000082a00000, 0x0000000082b00000|  0%| F|  |TAMS 0x0000000082a00000, 0x0000000082a00000| Untracked 
|  43|0x0000000082b00000, 0x0000000082b00000, 0x0000000082c00000|  0%| F|  |TAMS 0x0000000082b00000, 0x0000000082b00000| Untracked 
|  44|0x0000000082c00000, 0x0000000082c00000, 0x0000000082d00000|  0%| F|  |TAMS 0x0000000082c00000, 0x0000000082c00000| Untracked 
|  45|0x0000000082d00000, 0x0000000082d00000, 0x0000000082e00000|  0%| F|  |TAMS 0x0000000082d00000, 0x0000000082d00000| Untracked 
|  46|0x0000000082e00000, 0x0000000082e00000, 0x0000000082f00000|  0%| F|  |TAMS 0x0000000082e00000, 0x0000000082e00000| Untracked 
|  47|0x0000000082f00000, 0x0000000082f00000, 0x0000000083000000|  0%| F|  |TAMS 0x0000000082f00000, 0x0000000082f00000| Untracked 
|  48|0x0000000083000000, 0x0000000083000000, 0x0000000083100000|  0%| F|  |TAMS 0x0000000083000000, 0x0000000083000000| Untracked 
|  49|0x0000000083100000, 0x0000000083100000, 0x0000000083200000|  0%| F|  |TAMS 0x0000000083100000, 0x0000000083100000| Untracked 
|  50|0x0000000083200000, 0x0000000083200000, 0x0000000083300000|  0%| F|  |TAMS 0x0000000083200000, 0x0000000083200000| Untracked 
|  51|0x0000000083300000, 0x0000000083300000, 0x0000000083400000|  0%| F|  |TAMS 0x0000000083300000, 0x0000000083300000| Untracked 
|  52|0x0000000083400000, 0x0000000083400000, 0x0000000083500000|  0%| F|  |TAMS 0x0000000083400000, 0x0000000083400000| Untracked 
|  53|0x0000000083500000, 0x0000000083500000, 0x0000000083600000|  0%| F|  |TAMS 0x0000000083500000, 0x0000000083500000| Untracked 
|  54|0x0000000083600000, 0x0000000083600000, 0x0000000083700000|  0%| F|  |TAMS 0x0000000083600000, 0x0000000083600000| Untracked 
|  55|0x0000000083700000, 0x0000000083700000, 0x0000000083800000|  0%| F|  |TAMS 0x0000000083700000, 0x0000000083700000| Untracked 
|  56|0x0000000083800000, 0x0000000083800000, 0x0000000083900000|  0%| F|  |TAMS 0x0000000083800000, 0x0000000083800000| Untracked 
|  57|0x0000000083900000, 0x0000000083900000, 0x0000000083a00000|  0%| F|  |TAMS 0x0000000083900000, 0x0000000083900000| Untracked 
|  58|0x0000000083a00000, 0x0000000083a00000, 0x0000000083b00000|  0%| F|  |TAMS 0x0000000083a00000, 0x0000000083a00000| Untracked 
|  59|0x0000000083b00000, 0x0000000083b00000, 0x0000000083c00000|  0%| F|  |TAMS 0x0000000083b00000, 0x0000000083b00000| Untracked 
|  60|0x0000000083c00000, 0x0000000083c00000, 0x0000000083d00000|  0%| F|  |TAMS 0x0000000083c00000, 0x0000000083c00000| Untracked 
|  61|0x0000000083d00000, 0x0000000083d00000, 0x0000000083e00000|  0%| F|  |TAMS 0x0000000083d00000, 0x0000000083d00000| Untracked 
|  62|0x0000000083e00000, 0x0000000083e00000, 0x0000000083f00000|  0%| F|  |TAMS 0x0000000083e00000, 0x0000000083e00000| Untracked 
|  63|0x0000000083f00000, 0x0000000083f00000, 0x0000000084000000|  0%| F|  |TAMS 0x0000000083f00000, 0x0000000083f00000| Untracked 
|  64|0x0000000084000000, 0x0000000084000000, 0x0000000084100000|  0%| F|  |TAMS 0x0000000084000000, 0x0000000084000000| Untracked 
|  65|0x0000000084100000, 0x0000000084100000, 0x0000000084200000|  0%| F|  |TAMS 0x0000000084100000, 0x0000000084100000| Untracked 
|  66|0x0000000084200000, 0x0000000084200000, 0x0000000084300000|  0%| F|  |TAMS 0x0000000084200000, 0x0000000084200000| Untracked 
|  67|0x0000000084300000, 0x0000000084377bf8, 0x0000000084400000| 46%| S|CS|TAMS 0x0000000084300000, 0x0000000084300000| Complete 
|  68|0x0000000084400000, 0x0000000084500000, 0x0000000084500000|100%| S|CS|TAMS 0x0000000084400000, 0x0000000084400000| Complete 
|  69|0x0000000084500000, 0x0000000084600000, 0x0000000084600000|100%| S|CS|TAMS 0x0000000084500000, 0x0000000084500000| Complete 
|  70|0x0000000084600000, 0x0000000084600000, 0x0000000084700000|  0%| F|  |TAMS 0x0000000084600000, 0x0000000084600000| Untracked 
|  71|0x0000000084700000, 0x0000000084700000, 0x0000000084800000|  0%| F|  |TAMS 0x0000000084700000, 0x0000000084700000| Untracked 
|  72|0x0000000084800000, 0x0000000084800000, 0x0000000084900000|  0%| F|  |TAMS 0x0000000084800000, 0x0000000084800000| Untracked 
|  73|0x0000000084900000, 0x0000000084900000, 0x0000000084a00000|  0%| F|  |TAMS 0x0000000084900000, 0x0000000084900000| Untracked 
|  74|0x0000000084a00000, 0x0000000084a00000, 0x0000000084b00000|  0%| F|  |TAMS 0x0000000084a00000, 0x0000000084a00000| Untracked 
|  75|0x0000000084b00000, 0x0000000084b00000, 0x0000000084c00000|  0%| F|  |TAMS 0x0000000084b00000, 0x0000000084b00000| Untracked 
|  76|0x0000000084c00000, 0x0000000084c00000, 0x0000000084d00000|  0%| F|  |TAMS 0x0000000084c00000, 0x0000000084c00000| Untracked 
|  77|0x0000000084d00000, 0x0000000084d00000, 0x0000000084e00000|  0%| F|  |TAMS 0x0000000084d00000, 0x0000000084d00000| Untracked 
|  78|0x0000000084e00000, 0x0000000084e00000, 0x0000000084f00000|  0%| F|  |TAMS 0x0000000084e00000, 0x0000000084e00000| Untracked 
|  79|0x0000000084f00000, 0x0000000084f00000, 0x0000000085000000|  0%| F|  |TAMS 0x0000000084f00000, 0x0000000084f00000| Untracked 
|  80|0x0000000085000000, 0x0000000085000000, 0x0000000085100000|  0%| F|  |TAMS 0x0000000085000000, 0x0000000085000000| Untracked 
|  81|0x0000000085100000, 0x0000000085100000, 0x0000000085200000|  0%| F|  |TAMS 0x0000000085100000, 0x0000000085100000| Untracked 
|  82|0x0000000085200000, 0x0000000085200000, 0x0000000085300000|  0%| F|  |TAMS 0x0000000085200000, 0x0000000085200000| Untracked 
|  83|0x0000000085300000, 0x0000000085300000, 0x0000000085400000|  0%| F|  |TAMS 0x0000000085300000, 0x0000000085300000| Untracked 
|  84|0x0000000085400000, 0x0000000085400000, 0x0000000085500000|  0%| F|  |TAMS 0x0000000085400000, 0x0000000085400000| Untracked 
|  85|0x0000000085500000, 0x0000000085500000, 0x0000000085600000|  0%| F|  |TAMS 0x0000000085500000, 0x0000000085500000| Untracked 
|  86|0x0000000085600000, 0x0000000085600000, 0x0000000085700000|  0%| F|  |TAMS 0x0000000085600000, 0x0000000085600000| Untracked 
|  87|0x0000000085700000, 0x0000000085700000, 0x0000000085800000|  0%| F|  |TAMS 0x0000000085700000, 0x0000000085700000| Untracked 
|  88|0x0000000085800000, 0x0000000085800000, 0x0000000085900000|  0%| F|  |TAMS 0x0000000085800000, 0x0000000085800000| Untracked 
|  89|0x0000000085900000, 0x0000000085900000, 0x0000000085a00000|  0%| F|  |TAMS 0x0000000085900000, 0x0000000085900000| Untracked 
|  90|0x0000000085a00000, 0x0000000085a00000, 0x0000000085b00000|  0%| F|  |TAMS 0x0000000085a00000, 0x0000000085a00000| Untracked 
|  91|0x0000000085b00000, 0x0000000085b00000, 0x0000000085c00000|  0%| F|  |TAMS 0x0000000085b00000, 0x0000000085b00000| Untracked 
|  92|0x0000000085c00000, 0x0000000085c00000, 0x0000000085d00000|  0%| F|  |TAMS 0x0000000085c00000, 0x0000000085c00000| Untracked 
|  93|0x0000000085d00000, 0x0000000085d00000, 0x0000000085e00000|  0%| F|  |TAMS 0x0000000085d00000, 0x0000000085d00000| Untracked 
|  94|0x0000000085e00000, 0x0000000085e00000, 0x0000000085f00000|  0%| F|  |TAMS 0x0000000085e00000, 0x0000000085e00000| Untracked 
|  95|0x0000000085f00000, 0x0000000085f00000, 0x0000000086000000|  0%| F|  |TAMS 0x0000000085f00000, 0x0000000085f00000| Untracked 
|  96|0x0000000086000000, 0x000000008600fc10, 0x0000000086100000|  6%| E|  |TAMS 0x0000000086000000, 0x0000000086000000| Complete 
|  97|0x0000000086100000, 0x0000000086200000, 0x0000000086200000|100%| E|CS|TAMS 0x0000000086100000, 0x0000000086100000| Complete 
|  98|0x0000000086200000, 0x0000000086300000, 0x0000000086300000|100%| E|CS|TAMS 0x0000000086200000, 0x0000000086200000| Complete 
|  99|0x0000000086300000, 0x0000000086400000, 0x0000000086400000|100%| E|CS|TAMS 0x0000000086300000, 0x0000000086300000| Complete 
| 100|0x0000000086400000, 0x0000000086500000, 0x0000000086500000|100%| E|CS|TAMS 0x0000000086400000, 0x0000000086400000| Complete 
| 101|0x0000000086500000, 0x0000000086600000, 0x0000000086600000|100%| E|CS|TAMS 0x0000000086500000, 0x0000000086500000| Complete 
| 102|0x0000000086600000, 0x0000000086700000, 0x0000000086700000|100%| E|CS|TAMS 0x0000000086600000, 0x0000000086600000| Complete 
| 103|0x0000000086700000, 0x0000000086800000, 0x0000000086800000|100%| E|CS|TAMS 0x0000000086700000, 0x0000000086700000| Complete 
| 104|0x0000000086800000, 0x0000000086900000, 0x0000000086900000|100%| E|CS|TAMS 0x0000000086800000, 0x0000000086800000| Complete 
| 105|0x0000000086900000, 0x0000000086a00000, 0x0000000086a00000|100%| E|CS|TAMS 0x0000000086900000, 0x0000000086900000| Complete 
| 106|0x0000000086a00000, 0x0000000086b00000, 0x0000000086b00000|100%| E|CS|TAMS 0x0000000086a00000, 0x0000000086a00000| Complete 
| 107|0x0000000086b00000, 0x0000000086c00000, 0x0000000086c00000|100%| E|CS|TAMS 0x0000000086b00000, 0x0000000086b00000| Complete 
| 108|0x0000000086c00000, 0x0000000086d00000, 0x0000000086d00000|100%| E|CS|TAMS 0x0000000086c00000, 0x0000000086c00000| Complete 
| 109|0x0000000086d00000, 0x0000000086e00000, 0x0000000086e00000|100%| E|CS|TAMS 0x0000000086d00000, 0x0000000086d00000| Complete 
| 110|0x0000000086e00000, 0x0000000086f00000, 0x0000000086f00000|100%| E|CS|TAMS 0x0000000086e00000, 0x0000000086e00000| Complete 
| 111|0x0000000086f00000, 0x0000000087000000, 0x0000000087000000|100%| E|CS|TAMS 0x0000000086f00000, 0x0000000086f00000| Complete 
| 112|0x0000000087000000, 0x0000000087100000, 0x0000000087100000|100%| E|CS|TAMS 0x0000000087000000, 0x0000000087000000| Complete 
| 113|0x0000000087100000, 0x0000000087200000, 0x0000000087200000|100%| E|CS|TAMS 0x0000000087100000, 0x0000000087100000| Complete 
| 114|0x0000000087200000, 0x0000000087300000, 0x0000000087300000|100%| E|CS|TAMS 0x0000000087200000, 0x0000000087200000| Complete 
| 115|0x0000000087300000, 0x0000000087400000, 0x0000000087400000|100%| E|CS|TAMS 0x0000000087300000, 0x0000000087300000| Complete 
| 116|0x0000000087400000, 0x0000000087500000, 0x0000000087500000|100%| E|CS|TAMS 0x0000000087400000, 0x0000000087400000| Complete 
| 117|0x0000000087500000, 0x0000000087600000, 0x0000000087600000|100%| E|CS|TAMS 0x0000000087500000, 0x0000000087500000| Complete 
| 118|0x0000000087600000, 0x0000000087700000, 0x0000000087700000|100%| E|CS|TAMS 0x0000000087600000, 0x0000000087600000| Complete 
| 119|0x0000000087700000, 0x0000000087800000, 0x0000000087800000|100%| E|CS|TAMS 0x0000000087700000, 0x0000000087700000| Complete 
| 120|0x0000000087800000, 0x0000000087900000, 0x0000000087900000|100%| E|CS|TAMS 0x0000000087800000, 0x0000000087800000| Complete 
| 121|0x0000000087900000, 0x0000000087a00000, 0x0000000087a00000|100%| E|CS|TAMS 0x0000000087900000, 0x0000000087900000| Complete 
| 122|0x0000000087a00000, 0x0000000087b00000, 0x0000000087b00000|100%| E|CS|TAMS 0x0000000087a00000, 0x0000000087a00000| Complete 
| 123|0x0000000087b00000, 0x0000000087c00000, 0x0000000087c00000|100%| E|CS|TAMS 0x0000000087b00000, 0x0000000087b00000| Complete 
| 124|0x0000000087c00000, 0x0000000087d00000, 0x0000000087d00000|100%| E|CS|TAMS 0x0000000087c00000, 0x0000000087c00000| Complete 
| 125|0x0000000087d00000, 0x0000000087e00000, 0x0000000087e00000|100%| E|CS|TAMS 0x0000000087d00000, 0x0000000087d00000| Complete 

Card table byte_map: [0x000001f300740000,0x000001f300b40000] _byte_map_base: 0x000001f300340000

Marking Bits (Prev, Next): (CMBitMap*) 0x000001f36d69adf0, (CMBitMap*) 0x000001f36d69adb8
 Prev Bits: [0x000001f302f40000, 0x000001f304f40000)
 Next Bits: [0x000001f300f40000, 0x000001f302f40000)

Polling page: 0x000001f36ce40000

Metaspace:

Usage:
  Non-class:     26.14 MB capacity,    25.74 MB ( 98%) used,   355.75 KB (  1%) free+waste,    56.06 KB ( <1%) overhead. 
      Class:      4.16 MB capacity,     3.96 MB ( 95%) used,   176.47 KB (  4%) free+waste,    27.88 KB ( <1%) overhead. 
       Both:     30.31 MB capacity,    29.70 MB ( 98%) used,   532.22 KB (  2%) free+waste,    83.94 KB ( <1%) overhead. 

Virtual space:
  Non-class space:       28.00 MB reserved,      26.25 MB ( 94%) committed 
      Class space:        1.00 GB reserved,       4.25 MB ( <1%) committed 
             Both:        1.03 GB reserved,      30.50 MB (  3%) committed 

Chunk freelists:
   Non-Class:  44.00 KB
       Class:  27.00 KB
        Both:  71.00 KB

MaxMetaspaceSize: 17179869184.00 GB
CompressedClassSpaceSize: 1.00 GB

CodeHeap 'non-profiled nmethods': size=120000Kb used=1118Kb max_used=1118Kb free=118881Kb
 bounds [0x000001f378ab0000, 0x000001f378d20000, 0x000001f37ffe0000]
CodeHeap 'profiled nmethods': size=120000Kb used=4759Kb max_used=4759Kb free=115241Kb
 bounds [0x000001f371580000, 0x000001f371a30000, 0x000001f378ab0000]
CodeHeap 'non-nmethods': size=5760Kb used=1162Kb max_used=1234Kb free=4597Kb
 bounds [0x000001f370fe0000, 0x000001f371250000, 0x000001f371580000]
 total_blobs=2791 nmethods=2300 adapters=402
 compilation: enabled
              stopped_count=0, restarted_count=0
 full_count=0

Compilation events (20 events):
Event: 4.047 Thread 0x000001f30833e000 2442       3       org.gradle.internal.service.DefaultServiceRegistry$InstanceUnpackingVisitor::visit (39 bytes)
Event: 4.048 Thread 0x000001f30833e000 nmethod 2442 0x000001f371a14c10 code [0x000001f371a14e20, 0x000001f371a153c8]
Event: 4.056 Thread 0x000001f308338000 2443       4       jdk.internal.ref.PhantomCleanable::clean (16 bytes)
Event: 4.061 Thread 0x000001f309b62800 2444       4       java.util.jar.Attributes::getValue (9 bytes)
Event: 4.063 Thread 0x000001f308338000 nmethod 2443 0x000001f378bc1e10 code [0x000001f378bc1fc0, 0x000001f378bc2678]
Event: 4.066 Thread 0x000001f309b62800 nmethod 2444 0x000001f378bc2810 code [0x000001f378bc29e0, 0x000001f378bc2cc8]
Event: 4.075 Thread 0x000001f308338000 2445       4       jdk.internal.ref.PhantomCleanable::<init> (49 bytes)
Event: 4.094 Thread 0x000001f308338000 nmethod 2445 0x000001f378bc2f90 code [0x000001f378bc3140, 0x000001f378bc3bf8]
Event: 4.103 Thread 0x000001f30833e000 2446       3       java.lang.Class::privateGetDeclaredFields (64 bytes)
Event: 4.104 Thread 0x000001f30833e000 nmethod 2446 0x000001f371a15610 code [0x000001f371a15840, 0x000001f371a15fb8]
Event: 4.188 Thread 0x000001f309b62800 2447  s    4       java.io.BufferedInputStream::read (49 bytes)
Event: 4.188 Thread 0x000001f30833e000 2448       3       java.io.DataInputStream::readInt (72 bytes)
Event: 4.188 Thread 0x000001f308338000 2449       4       java.lang.Integer::valueOf (32 bytes)
Event: 4.188 Thread 0x000001f30833e000 nmethod 2448 0x000001f371a16210 code [0x000001f371a16420, 0x000001f371a16988]
Event: 4.189 Thread 0x000001f30833e000 2451       3       org.codehaus.groovy.reflection.GeneratedMetaMethod$DgmMethodRecord::<init> (5 bytes)
Event: 4.189 Thread 0x000001f30833e000 nmethod 2451 0x000001f371a16b90 code [0x000001f371a16d40, 0x000001f371a16e98]
Event: 4.189 Thread 0x000001f308338000 nmethod 2449 0x000001f378bc3f10 code [0x000001f378bc40a0, 0x000001f378bc4178]
Event: 4.189 Thread 0x000001f308338000 2450       4       java.io.DataInputStream::readUTF (501 bytes)
Event: 4.191 Thread 0x000001f309b62800 nmethod 2447 0x000001f378bc4210 code [0x000001f378bc43c0, 0x000001f378bc47e8]
Event: 4.191 Thread 0x000001f309b62800 2452       4       java.util.HashMap::get (23 bytes)

GC Heap History (8 events):
Event: 1.144 GC heap before
{Heap before GC invocations=0 (full 0):
 garbage-first heap   total 129024K, used 29696K [0x0000000080000000, 0x0000000100000000)
  region size 1024K, 24 young (24576K), 0 survivors (0K)
 Metaspace       used 10668K, capacity 10932K, committed 11264K, reserved 1058816K
  class space    used 1128K, capacity 1200K, committed 1280K, reserved 1048576K
}
Event: 1.149 GC heap after
{Heap after GC invocations=1 (full 0):
 garbage-first heap   total 129024K, used 9062K [0x0000000080000000, 0x0000000100000000)
  region size 1024K, 3 young (3072K), 3 survivors (3072K)
 Metaspace       used 10668K, capacity 10932K, committed 11264K, reserved 1058816K
  class space    used 1128K, capacity 1200K, committed 1280K, reserved 1048576K
}
Event: 2.965 GC heap before
{Heap before GC invocations=1 (full 0):
 garbage-first heap   total 129024K, used 81766K [0x0000000080000000, 0x0000000100000000)
  region size 1024K, 75 young (76800K), 3 survivors (3072K)
 Metaspace       used 18988K, capacity 19454K, committed 19712K, reserved 1067008K
  class space    used 2301K, capacity 2458K, committed 2560K, reserved 1048576K
}
Event: 2.971 GC heap after
{Heap after GC invocations=2 (full 0):
 garbage-first heap   total 129024K, used 15626K [0x0000000080000000, 0x0000000100000000)
  region size 1024K, 10 young (10240K), 10 survivors (10240K)
 Metaspace       used 18988K, capacity 19454K, committed 19712K, reserved 1067008K
  class space    used 2301K, capacity 2458K, committed 2560K, reserved 1048576K
}
Event: 3.132 GC heap before
{Heap before GC invocations=2 (full 0):
 garbage-first heap   total 129024K, used 26890K [0x0000000080000000, 0x0000000100000000)
  region size 1024K, 22 young (22528K), 10 survivors (10240K)
 Metaspace       used 20595K, capacity 21095K, committed 21248K, reserved 1067008K
  class space    used 2526K, capacity 2712K, committed 2816K, reserved 1048576K
}
Event: 3.137 GC heap after
{Heap after GC invocations=3 (full 0):
 garbage-first heap   total 129024K, used 16598K [0x0000000080000000, 0x0000000100000000)
  region size 1024K, 1 young (1024K), 1 survivors (1024K)
 Metaspace       used 20595K, capacity 21095K, committed 21248K, reserved 1067008K
  class space    used 2526K, capacity 2712K, committed 2816K, reserved 1048576K
}
Event: 3.727 GC heap before
{Heap before GC invocations=4 (full 0):
 garbage-first heap   total 129024K, used 71894K [0x0000000080000000, 0x0000000100000000)
  region size 1024K, 56 young (57344K), 1 survivors (1024K)
 Metaspace       used 26688K, capacity 27359K, committed 27648K, reserved 1073152K
  class space    used 3509K, capacity 3720K, committed 3840K, reserved 1048576K
}
Event: 3.732 GC heap after
{Heap after GC invocations=5 (full 0):
 garbage-first heap   total 129024K, used 18455K [0x0000000080000000, 0x0000000100000000)
  region size 1024K, 3 young (3072K), 3 survivors (3072K)
 Metaspace       used 26688K, capacity 27359K, committed 27648K, reserved 1073152K
  class space    used 3509K, capacity 3720K, committed 3840K, reserved 1048576K
}

Deoptimization events (20 events):
Event: 3.534 Thread 0x000001f30a7fd000 DEOPT PACKING pc=0x000001f378b7c3bc sp=0x000000bdb68fb9c0
Event: 3.534 Thread 0x000001f30a7fd000 DEOPT UNPACKING pc=0x000001f370fe822f sp=0x000000bdb68fb950 mode 2
Event: 3.551 Thread 0x000001f30a7fd000 Uncommon trap: trap_request=0xffffffde fr.pc=0x000001f378b71428 relative=0x00000000000002e8
Event: 3.551 Thread 0x000001f30a7fd000 Uncommon trap: reason=class_check action=maybe_recompile pc=0x000001f378b71428 method=java.util.Collections$SetFromMap.remove(Ljava/lang/Object;)Z @ 5 c2
Event: 3.551 Thread 0x000001f30a7fd000 DEOPT PACKING pc=0x000001f378b71428 sp=0x000000bdb68fc3f0
Event: 3.551 Thread 0x000001f30a7fd000 DEOPT UNPACKING pc=0x000001f370fe822f sp=0x000000bdb68fc3e8 mode 2
Event: 3.551 Thread 0x000001f30a7fd000 Uncommon trap: trap_request=0xffffffde fr.pc=0x000001f378b71428 relative=0x00000000000002e8
Event: 3.551 Thread 0x000001f30a7fd000 Uncommon trap: reason=class_check action=maybe_recompile pc=0x000001f378b71428 method=java.util.Collections$SetFromMap.remove(Ljava/lang/Object;)Z @ 5 c2
Event: 3.551 Thread 0x000001f30a7fd000 DEOPT PACKING pc=0x000001f378b71428 sp=0x000000bdb68fc370
Event: 3.551 Thread 0x000001f30a7fd000 DEOPT UNPACKING pc=0x000001f370fe822f sp=0x000000bdb68fc368 mode 2
Event: 3.638 Thread 0x000001f30a7fd000 Uncommon trap: trap_request=0xffffff4d fr.pc=0x000001f378b859cc relative=0x000000000000020c
Event: 3.638 Thread 0x000001f30a7fd000 Uncommon trap: reason=unstable_if action=reinterpret pc=0x000001f378b859cc method=java.util.HashMap.hash(Ljava/lang/Object;)I @ 1 c2
Event: 3.638 Thread 0x000001f30a7fd000 DEOPT PACKING pc=0x000001f378b859cc sp=0x000000bdb68f82b0
Event: 3.638 Thread 0x000001f30a7fd000 DEOPT UNPACKING pc=0x000001f370fe822f sp=0x000000bdb68f81e8 mode 2
Event: 3.795 Thread 0x000001f30a7fd000 Uncommon trap: trap_request=0xffffff4d fr.pc=0x000001f378b0aa60 relative=0x0000000000000b20
Event: 3.795 Thread 0x000001f30a7fd000 Uncommon trap: reason=unstable_if action=reinterpret pc=0x000001f378b0aa60 method=java.io.WinNTFileSystem.resolve(Ljava/lang/String;Ljava/lang/String;)Ljava/lang/String; @ 83 c2
Event: 3.795 Thread 0x000001f30a7fd000 DEOPT PACKING pc=0x000001f378b0aa60 sp=0x000000bdb68f9ad0
Event: 3.795 Thread 0x000001f30a7fd000 DEOPT UNPACKING pc=0x000001f370fe822f sp=0x000000bdb68f9a78 mode 2
Event: 4.041 Thread 0x000001f30a7fd000 DEOPT PACKING pc=0x000001f37194e859 sp=0x000000bdb68fa9a0
Event: 4.041 Thread 0x000001f30a7fd000 DEOPT UNPACKING pc=0x000001f371008ade sp=0x000000bdb68f9eb0 mode 0

Classes redefined (0 events):
No events

Internal exceptions (20 events):
Event: 3.180 Thread 0x000001f30a7fd000 Exception <a 'java/lang/NoSuchMethodError'{0x0000000087af3770}: 'void java.lang.invoke.DirectMethodHandle$Holder.invokeSpecial(java.lang.Object, java.lang.Object)'> (0x0000000087af3770) thrown at [./src/hotspot/share/interpreter/linkResolver.cpp, line 773]
Event: 3.254 Thread 0x000001f30a7fd000 Exception <a 'java/lang/NoSuchMethodError'{0x0000000086fff040}: 'java.lang.Object java.lang.invoke.DirectMethodHandle$Holder.invokeVirtual(java.lang.Object, java.lang.Object, java.lang.Object, java.lang.Object)'> (0x0000000086fff040) thrown at [./src/hotspot/share/interpreter/linkResolver.cpp, line 773]
Event: 3.406 Thread 0x000001f30a7fd000 Exception <a 'java/lang/NoSuchMethodError'{0x0000000086295b28}: 'void java.lang.invoke.DirectMethodHandle$Holder.invokeSpecial(java.lang.Object, java.lang.Object, java.lang.Object, java.lang.Object, java.lang.Object, java.lang.Object)'> (0x0000000086295b28) thrown at [./src/hotspot/share/interpreter/linkResolver.cpp, line 773]
Event: 3.428 Thread 0x000001f30a7fd000 Exception <a 'java/lang/NoSuchMethodError'{0x000000008603ee18}: 'java.lang.Object java.lang.invoke.Invokers$Holder.invoker(java.lang.Object, java.lang.Object, java.lang.Object)'> (0x000000008603ee18) thrown at [./src/hotspot/share/interpreter/linkResolver.cpp, line 773]
Event: 3.446 Thread 0x000001f30a7fd000 Exception <a 'java/lang/NoSuchMethodError'{0x0000000085f3e330}: 'void java.lang.invoke.DirectMethodHandle$Holder.invokeSpecial(java.lang.Object, java.lang.Object, java.lang.Object, java.lang.Object, java.lang.Object, java.lang.Object, java.lang.Object)'> (0x0000000085f3e330) thrown at [./src/hotspot/share/interpreter/linkResolver.cpp, line 773]
Event: 3.446 Thread 0x000001f30a7fd000 Exception <a 'java/lang/NoSuchMethodError'{0x0000000085f46578}: 'java.lang.Object java.lang.invoke.Invokers$Holder.linkToTargetMethod(java.lang.Object, java.lang.Object, java.lang.Object, java.lang.Object, java.lang.Object, java.lang.Object)'> (0x0000000085f46578) thrown at [./src/hotspot/share/interpreter/linkResolver.cpp, line 773]
Event: 3.458 Thread 0x000001f30a7fd000 Exception <a 'java/lang/NoSuchMethodError'{0x0000000085e6a1d0}: 'java.lang.Object java.lang.invoke.DirectMethodHandle$Holder.invokeVirtual(java.lang.Object, java.lang.Object, java.lang.Object, java.lang.Object, java.lang.Object, java.lang.Object, java.lang.Object, java.lang.Object, java.lang.Object, java.lang.Object, java.lang.Object, java.lang.Object, java.lang.Object, java.lang.Object, java.lang.Object, java.lang.Object, java.lang.Object)'> (0x0000000085e6a1d0) thrown at [./src/hotspot/share/interpreter/
Event: 3.460 Thread 0x000001f30a7fd000 Exception <a 'java/lang/NoSuchMethodError'{0x0000000085e98d60}: 'java.lang.Object java.lang.invoke.DirectMethodHandle$Holder.invokeSpecial(java.lang.Object, java.lang.Object, java.lang.Object, java.lang.Object, java.lang.Object, java.lang.Object, java.lang.Object, java.lang.Object, java.lang.Object)'> (0x0000000085e98d60) thrown at [./src/hotspot/share/interpreter/linkResolver.cpp, line 773]
Event: 3.549 Thread 0x000001f30a7fd000 Exception <a 'java/lang/NoSuchMethodError'{0x00000000855fa7c8}: 'java.lang.Object java.lang.invoke.DirectMethodHandle$Holder.invokeStatic(java.lang.Object, java.lang.Object, java.lang.Object, int, java.lang.Object, java.lang.Object)'> (0x00000000855fa7c8) thrown at [./src/hotspot/share/interpreter/linkResolver.cpp, line 773]
Event: 3.549 Thread 0x000001f30a7fd000 Exception <a 'java/lang/NoSuchMethodError'{0x0000000085402200}: 'java.lang.Object java.lang.invoke.Invokers$Holder.linkToTargetMethod(java.lang.Object, java.lang.Object, int, java.lang.Object, java.lang.Object, java.lang.Object)'> (0x0000000085402200) thrown at [./src/hotspot/share/interpreter/linkResolver.cpp, line 773]
Event: 3.567 Thread 0x000001f30a7fd000 Exception <a 'java/lang/NoSuchMethodError'{0x0000000085396330}: 'void java.lang.invoke.DirectMethodHandle$Holder.invokeSpecial(java.lang.Object, java.lang.Object, java.lang.Object, java.lang.Object)'> (0x0000000085396330) thrown at [./src/hotspot/share/interpreter/linkResolver.cpp, line 773]
Event: 3.638 Thread 0x000001f30a7fd000 Implicit null exception at 0x000001f378b857f5 to 0x000001f378b859bc
Event: 3.690 Thread 0x000001f30a7fd000 Exception <a 'java/lang/NoSuchMethodError'{0x00000000849eb2c8}: 'java.lang.Object java.lang.invoke.DirectMethodHandle$Holder.invokeSpecialIFC(java.lang.Object, java.lang.Object, java.lang.Object, java.lang.Object)'> (0x00000000849eb2c8) thrown at [./src/hotspot/share/interpreter/linkResolver.cpp, line 773]
Event: 3.697 Thread 0x000001f30a7fd000 Exception <a 'java/lang/NoSuchMethodError'{0x00000000848b5c20}: 'java.lang.Object java.lang.invoke.DirectMethodHandle$Holder.invokeSpecial(java.lang.Object, java.lang.Object, java.lang.Object, java.lang.Object, java.lang.Object, java.lang.Object, java.lang.Object, java.lang.Object, java.lang.Object, java.lang.Object, java.lang.Object, java.lang.Object, java.lang.Object)'> (0x00000000848b5c20) thrown at [./src/hotspot/share/interpreter/linkResolver.cpp, line 773]
Event: 3.699 Thread 0x000001f30a7fd000 Exception <a 'java/lang/NoSuchMethodError'{0x00000000848c6ea8}: 'java.lang.Object java.lang.invoke.DirectMethodHandle$Holder.invokeSpecial(java.lang.Object, java.lang.Object, java.lang.Object, java.lang.Object, java.lang.Object, java.lang.Object, java.lang.Object, java.lang.Object, java.lang.Object, java.lang.Object, java.lang.Object, java.lang.Object)'> (0x00000000848c6ea8) thrown at [./src/hotspot/share/interpreter/linkResolver.cpp, line 773]
Event: 3.700 Thread 0x000001f30a7fd000 Exception <a 'java/lang/NoSuchMethodError'{0x00000000848cbfd0}: 'java.lang.Object java.lang.invoke.Invokers$Holder.linkToTargetMethod(java.lang.Object, java.lang.Object, java.lang.Object, java.lang.Object, java.lang.Object, java.lang.Object, java.lang.Object, java.lang.Object, java.lang.Object, java.lang.Object, java.lang.Object)'> (0x00000000848cbfd0) thrown at [./src/hotspot/share/interpreter/linkResolver.cpp, line 773]
Event: 3.707 Thread 0x000001f30a7fd000 Exception <a 'java/lang/NoSuchMethodError'{0x00000000847d8970}: 'java.lang.Object java.lang.invoke.DirectMethodHandle$Holder.invokeSpecial(java.lang.Object, java.lang.Object, java.lang.Object, java.lang.Object, java.lang.Object, java.lang.Object, java.lang.Object, java.lang.Object, java.lang.Object, java.lang.Object, java.lang.Object, java.lang.Object, java.lang.Object, java.lang.Object)'> (0x00000000847d8970) thrown at [./src/hotspot/share/interpreter/linkResolver.cpp, line 773]
Event: 3.708 Thread 0x000001f30a7fd000 Exception <a 'java/lang/NoSuchMethodError'{0x00000000847e9f68}: 'java.lang.Object java.lang.invoke.Invokers$Holder.linkToTargetMethod(java.lang.Object, java.lang.Object, java.lang.Object, java.lang.Object, java.lang.Object, java.lang.Object, java.lang.Object, java.lang.Object, java.lang.Object, java.lang.Object, java.lang.Object, java.lang.Object)'> (0x00000000847e9f68) thrown at [./src/hotspot/share/interpreter/linkResolver.cpp, line 773]
Event: 3.714 Thread 0x000001f30a7fd000 Exception <a 'java/lang/NoSuchMethodError'{0x0000000084667e38}: 'java.lang.Object java.lang.invoke.DirectMethodHandle$Holder.invokeStaticInit(java.lang.Object, java.lang.Object, java.lang.Object, java.lang.Object)'> (0x0000000084667e38) thrown at [./src/hotspot/share/interpreter/linkResolver.cpp, line 773]
Event: 4.024 Thread 0x000001f30a7fd000 Exception <a 'java/lang/NoSuchMethodError'{0x000000008684db90}: 'void java.lang.invoke.DirectMethodHandle$Holder.invokeStaticInit(java.lang.Object, java.lang.Object)'> (0x000000008684db90) thrown at [./src/hotspot/share/interpreter/linkResolver.cpp, line 773]

Events (20 events):
Event: 4.183 loading class java/lang/Process
Event: 4.183 loading class java/lang/Process done
Event: 4.183 loading class groovy/io/FileType
Event: 4.183 loading class groovy/io/FileType done
Event: 4.184 loading class groovy/lang/GString
Event: 4.184 loading class groovy/lang/GString done
Event: 4.186 loading class groovy/lang/Buildable
Event: 4.186 loading class groovy/lang/Buildable done
Event: 4.192 loading class org/codehaus/groovy/reflection/ReflectionCache
Event: 4.192 loading class org/codehaus/groovy/reflection/ReflectionCache done
Event: 4.192 loading class org/codehaus/groovy/util/TripleKeyHashMap
Event: 4.192 loading class org/codehaus/groovy/util/TripleKeyHashMap done
Event: 4.193 loading class org/codehaus/groovy/util/ComplexKeyHashMap$EntryIterator
Event: 4.193 loading class org/codehaus/groovy/util/ComplexKeyHashMap$EntryIterator done
Event: 4.194 Executing VM operation: CollectForMetadataAllocation
Event: 4.194 Executing VM operation: CollectForMetadataAllocation done
Event: 4.194 loading class org/codehaus/groovy/util/ComplexKeyHashMap$Entry
Event: 4.194 loading class org/codehaus/groovy/util/ComplexKeyHashMap$Entry done
Event: 4.195 loading class org/codehaus/groovy/reflection/GroovyClassValue$ComputeValue
Event: 4.195 loading class org/codehaus/groovy/reflection/GroovyClassValue$ComputeValue done


Dynamic libraries:
0x00007ff6c9270000 - 0x00007ff6c927a000 	C:\Program Files\Android\Android Studio\jre\bin\java.exe
0x00007ffe97b30000 - 0x00007ffe97d25000 	C:\WINDOWS\SYSTEM32\ntdll.dll
0x00007ffe97990000 - 0x00007ffe97a4d000 	C:\WINDOWS\System32\KERNEL32.DLL
0x00007ffe957b0000 - 0x00007ffe95a78000 	C:\WINDOWS\System32\KERNELBASE.dll
0x00007ffe952a0000 - 0x00007ffe953a0000 	C:\WINDOWS\System32\ucrtbase.dll
0x00007ffe7df80000 - 0x00007ffe7df97000 	C:\Program Files\Android\Android Studio\jre\bin\VCRUNTIME140.dll
0x00007ffe7de50000 - 0x00007ffe7de69000 	C:\Program Files\Android\Android Studio\jre\bin\jli.dll
0x00007ffe977e0000 - 0x00007ffe97980000 	C:\WINDOWS\System32\USER32.dll
0x00007ffe95270000 - 0x00007ffe95292000 	C:\WINDOWS\System32\win32u.dll
0x00007ffe95ed0000 - 0x00007ffe95efa000 	C:\WINDOWS\System32\GDI32.dll
0x00007ffe95a80000 - 0x00007ffe95b8b000 	C:\WINDOWS\System32\gdi32full.dll
0x00007ffe95580000 - 0x00007ffe9561d000 	C:\WINDOWS\System32\msvcp_win.dll
0x00007ffe77740000 - 0x00007ffe779da000 	C:\WINDOWS\WinSxS\amd64_microsoft.windows.common-controls_6595b64144ccf1df_6.0.19041.844_none_ca00b6081b84eb1d\COMCTL32.dll
0x00007ffe96bd0000 - 0x00007ffe96c6e000 	C:\WINDOWS\System32\msvcrt.dll
0x00007ffe97a50000 - 0x00007ffe97a80000 	C:\WINDOWS\System32\IMM32.DLL
0x00007ffe5e030000 - 0x00007ffe5e0cd000 	C:\Program Files\Android\Android Studio\jre\bin\msvcp140.dll
0x00007ffe3c8c0000 - 0x00007ffe3d37c000 	C:\Program Files\Android\Android Studio\jre\bin\server\jvm.dll
0x00007ffe95b90000 - 0x00007ffe95c3c000 	C:\WINDOWS\System32\ADVAPI32.dll
0x00007ffe95e30000 - 0x00007ffe95ecb000 	C:\WINDOWS\System32\sechost.dll
0x00007ffe96160000 - 0x00007ffe9628b000 	C:\WINDOWS\System32\RPCRT4.dll
0x00007ffe97980000 - 0x00007ffe97988000 	C:\WINDOWS\System32\PSAPI.DLL
0x00007ffe94e00000 - 0x00007ffe94e0a000 	C:\WINDOWS\SYSTEM32\VERSION.dll
0x00007ffe79930000 - 0x00007ffe79957000 	C:\WINDOWS\SYSTEM32\WINMM.dll
0x00007ffe71ff0000 - 0x00007ffe71ff9000 	C:\WINDOWS\SYSTEM32\WSOCK32.dll
0x00007ffe97a80000 - 0x00007ffe97aeb000 	C:\WINDOWS\System32\WS2_32.dll
0x00007ffe93ad0000 - 0x00007ffe93ae2000 	C:\WINDOWS\SYSTEM32\kernel.appcore.dll
0x00007ffe7ec20000 - 0x00007ffe7ec31000 	C:\Program Files\Android\Android Studio\jre\bin\verify.dll
0x00007ffe93050000 - 0x00007ffe93234000 	C:\WINDOWS\SYSTEM32\DBGHELP.DLL
0x00007ffe71850000 - 0x00007ffe7187c000 	C:\WINDOWS\SYSTEM32\dbgcore.DLL
0x00007ffe95620000 - 0x00007ffe956a0000 	C:\WINDOWS\System32\bcryptPrimitives.dll
0x00007ffe7df00000 - 0x00007ffe7df29000 	C:\Program Files\Android\Android Studio\jre\bin\java.dll
0x00007ffe8c2d0000 - 0x00007ffe8c2db000 	C:\Program Files\Android\Android Studio\jre\bin\jimage.dll
0x00007ffe7e280000 - 0x00007ffe7e298000 	C:\Program Files\Android\Android Studio\jre\bin\zip.dll
0x00007ffe962a0000 - 0x00007ffe969e2000 	C:\WINDOWS\System32\SHELL32.dll
0x00007ffe93330000 - 0x00007ffe93ac0000 	C:\WINDOWS\SYSTEM32\windows.storage.dll
0x00007ffe96c70000 - 0x00007ffe96fc5000 	C:\WINDOWS\System32\combase.dll
0x00007ffe94c70000 - 0x00007ffe94c9c000 	C:\WINDOWS\SYSTEM32\Wldp.dll
0x00007ffe95c40000 - 0x00007ffe95cee000 	C:\WINDOWS\System32\SHCORE.dll
0x00007ffe97780000 - 0x00007ffe977d5000 	C:\WINDOWS\System32\shlwapi.dll
0x00007ffe951b0000 - 0x00007ffe951cf000 	C:\WINDOWS\SYSTEM32\profapi.dll
0x00007ffe7a930000 - 0x00007ffe7a94a000 	C:\Program Files\Android\Android Studio\jre\bin\net.dll
0x00007ffe7d5b0000 - 0x00007ffe7d6bb000 	C:\WINDOWS\SYSTEM32\WINHTTP.dll
0x00007ffe949e0000 - 0x00007ffe94a4a000 	C:\WINDOWS\system32\mswsock.dll
0x00007ffe785d0000 - 0x00007ffe785e4000 	C:\Program Files\Android\Android Studio\jre\bin\nio.dll
0x00007ffe8c250000 - 0x00007ffe8c277000 	C:\Users\Apolo\.gradle\native\fdc75f09e3144964f2cf3f50f0aa648679c211496f362492102eb8c894070792\windows-amd64\native-platform.dll
0x00007ffe5d010000 - 0x00007ffe5d1a6000 	C:\Users\Apolo\.gradle\native\12488b8bf47d2d4c9fbf2f6322a914ad602e24e48041cd04a747c6da556b65c4\windows-amd64\native-platform-file-events.dll
0x00007ffe8c210000 - 0x00007ffe8c21a000 	C:\Program Files\Android\Android Studio\jre\bin\management.dll
0x00007ffe8ae60000 - 0x00007ffe8ae6c000 	C:\Program Files\Android\Android Studio\jre\bin\management_ext.dll
0x00007ffe94bb0000 - 0x00007ffe94bc8000 	C:\WINDOWS\SYSTEM32\CRYPTSP.dll
0x00007ffe94310000 - 0x00007ffe94344000 	C:\WINDOWS\system32\rsaenh.dll
0x00007ffe95550000 - 0x00007ffe95577000 	C:\WINDOWS\System32\bcrypt.dll
0x00007ffe95130000 - 0x00007ffe9515e000 	C:\WINDOWS\SYSTEM32\USERENV.dll
0x00007ffe94bd0000 - 0x00007ffe94bdc000 	C:\WINDOWS\SYSTEM32\CRYPTBASE.dll
0x00007ffe94680000 - 0x00007ffe946bb000 	C:\WINDOWS\SYSTEM32\IPHLPAPI.DLL
0x00007ffe96290000 - 0x00007ffe96298000 	C:\WINDOWS\System32\NSI.dll
0x00007ffe888a0000 - 0x00007ffe888b7000 	C:\WINDOWS\SYSTEM32\dhcpcsvc6.DLL
0x00007ffe89d90000 - 0x00007ffe89dad000 	C:\WINDOWS\SYSTEM32\dhcpcsvc.DLL
0x00007ffe946c0000 - 0x00007ffe9478c000 	C:\WINDOWS\SYSTEM32\DNSAPI.dll
0x00007ffe89fa0000 - 0x00007ffe89fab000 	C:\WINDOWS\SYSTEM32\WINNSI.DLL

dbghelp: loaded successfully - version: 4.0.5 - missing functions: none
symbol engine: initialized successfully - sym options: 0x614 - pdb path: .;C:\Program Files\Android\Android Studio\jre\bin;C:\WINDOWS\SYSTEM32;C:\WINDOWS\WinSxS\amd64_microsoft.windows.common-controls_6595b64144ccf1df_6.0.19041.844_none_ca00b6081b84eb1d;C:\Program Files\Android\Android Studio\jre\bin\server;C:\Users\Apolo\.gradle\native\fdc75f09e3144964f2cf3f50f0aa648679c211496f362492102eb8c894070792\windows-amd64;C:\Users\Apolo\.gradle\native\12488b8bf47d2d4c9fbf2f6322a914ad602e24e48041cd04a747c6da556b65c4\windows-amd64

VM Arguments:
jvm_args: --add-opens=java.base/java.util=ALL-UNNAMED --add-opens=java.base/java.lang=ALL-UNNAMED --add-opens=java.base/java.lang.invoke=ALL-UNNAMED --add-opens=java.prefs/java.util.prefs=ALL-UNNAMED -Xmx2048m -Dfile.encoding=windows-1252 -Duser.country=ES -Duser.language=es -Duser.variant 
java_command: org.gradle.launcher.daemon.bootstrap.GradleDaemon 6.7.1
java_class_path (initial): C:\Users\Apolo\.gradle\wrapper\dists\gradle-6.7.1-bin\bwlcbys1h7rz3272sye1xwiv6\gradle-6.7.1\lib\gradle-launcher-6.7.1.jar
Launcher Type: SUN_STANDARD

[Global flags]
     intx CICompilerCount                          = 4                                         {product} {ergonomic}
     uint ConcGCThreads                            = 2                                         {product} {ergonomic}
     uint G1ConcRefinementThreads                  = 8                                         {product} {ergonomic}
   size_t G1HeapRegionSize                         = 1048576                                   {product} {ergonomic}
    uintx GCDrainStackTargetSize                   = 64                                        {product} {ergonomic}
   size_t InitialHeapSize                          = 132120576                                 {product} {ergonomic}
   size_t MarkStackSize                            = 4194304                                   {product} {ergonomic}
   size_t MaxHeapSize                              = 2147483648                                {product} {command line}
   size_t MaxNewSize                               = 1287651328                                {product} {ergonomic}
   size_t MinHeapDeltaBytes                        = 1048576                                   {product} {ergonomic}
    uintx NonNMethodCodeHeapSize                   = 5836300                                {pd product} {ergonomic}
    uintx NonProfiledCodeHeapSize                  = 122910970                              {pd product} {ergonomic}
    uintx ProfiledCodeHeapSize                     = 122910970                              {pd product} {ergonomic}
    uintx ReservedCodeCacheSize                    = 251658240                              {pd product} {ergonomic}
     bool SegmentedCodeCache                       = true                                      {product} {ergonomic}
     bool UseCompressedClassPointers               = true                                 {lp64_product} {ergonomic}
     bool UseCompressedOops                        = true                                 {lp64_product} {ergonomic}
     bool UseG1GC                                  = true                                      {product} {ergonomic}
     bool UseLargePagesIndividualAllocation        = false                                  {pd product} {ergonomic}

Logging:
Log output configuration:
 #0: stdout all=warning uptime,level,tags
 #1: stderr all=off uptime,level,tags

Environment Variables:
PATH=C:\orant\bin;C:\Program Files\Common Files\Oracle\Java\javapath;C:\Program Files (x86)\Common Files\Oracle\Java\javapath;C:\WINDOWS\system32;C:\WINDOWS;C:\WINDOWS\System32\Wbem;C:\WINDOWS\System32\WindowsPowerShell\v1.0\;C:\WINDOWS\System32\OpenSSH\;C:\orant\jdk\bin;C:\Program Files (x86)\Intel\Intel(R) Memory And Storage Tool\;C:\Program Files\Git\cmd;C:\Program Files\nodejs\;C:\instantclient_12_1\;C:\Users\Apolo\AppData\Local\Microsoft\WindowsApps;C:\Users\Apolo\AppData\Local\Programs\Microsoft VS Code\bin;C:\Users\Apolo\AppData\Roaming\npm;C:\Users\Apolo\AppData\Local\atom\bin;
USERNAME=Apolo
OS=Windows_NT
PROCESSOR_IDENTIFIER=Intel64 Family 6 Model 126 Stepping 5, GenuineIntel



---------------  S Y S T E M  ---------------

OS: Windows 10 , 64 bit Build 19041 (10.0.19041.928)
OS uptime: 10 days 2:48 hours

CPU:total 8 (initial active 8) (4 cores per cpu, 2 threads per core) family 6 model 126 stepping 5, cmov, cx8, fxsr, mmx, sse, sse2, sse3, ssse3, sse4.1, sse4.2, popcnt, avx, avx2, aes, clmul, erms, 3dnowpref, lzcnt, ht, tsc, tscinvbit, bmi1, bmi2, adx, evex, sha, fma

Memory: 4k page, system-wide physical 7973M (407M free)
TotalPageFile size 11461M (AvailPageFile size 30M)
current process WorkingSet (physical memory assigned to process): 236M, peak: 242M
current process commit charge ("private bytes"): 302M, peak: 309M

vm_info: OpenJDK 64-Bit Server VM (11.0.8+10-b944.6842174) for windows-amd64 JRE (11.0.8+10-b944.6842174), built on Sep 19 2020 01:11:42 by "builder" with MS VC++ 14.0 (VS2015)

END.
