#
# There is insufficient memory for the Java Runtime Environment to continue.
# Native memory allocation (malloc) failed to allocate 1314416 bytes for Chunk::new
# Possible reasons:
#   The system is out of physical RAM or swap space
#   The process is running with CompressedOops enabled, and the Java Heap may be blocking the growth of the native heap
# Possible solutions:
#   Reduce memory load on the system
#   Increase physical memory or swap space
#   Check if swap backing store is full
#   Decrease Java heap size (-Xmx/-Xms)
#   Decrease number of Java threads
#   Decrease Java thread stack sizes (-Xss)
#   Set larger code cache with -XX:ReservedCodeCacheSize=
#   JVM is running with Unscaled Compressed Oops mode in which the Java heap is
#     placed in the first 4GB address space. The Java Heap base address is the
#     maximum limit for the native heap growth. Please use -XX:HeapBaseMinAddress
#     to set the Java Heap base and to place the Java Heap above 4GB virtual address.
# This output file may be truncated or incomplete.
#
#  Out of Memory Error (./src/hotspot/share/memory/arena.cpp:197), pid=15540, tid=25160
#
# JRE version: OpenJDK Runtime Environment (11.0.8+10) (build 11.0.8+10-b944.6842174)
# Java VM: OpenJDK 64-Bit Server VM (11.0.8+10-b944.6842174, mixed mode, tiered, compressed oops, g1 gc, windows-amd64)
# No core dump will be written. Minidumps are not enabled by default on client versions of Windows
#

---------------  S U M M A R Y ------------

Command Line: --add-opens=java.base/java.util=ALL-UNNAMED --add-opens=java.base/java.lang=ALL-UNNAMED --add-opens=java.base/java.lang.invoke=ALL-UNNAMED --add-opens=java.prefs/java.util.prefs=ALL-UNNAMED -Xmx2048m -Dfile.encoding=windows-1252 -Duser.country=ES -Duser.language=es -Duser.variant org.gradle.launcher.daemon.bootstrap.GradleDaemon 6.7.1

Host: Intel(R) Core(TM) i7-1065G7 CPU @ 1.30GHz, 8 cores, 7G,  Windows 10 , 64 bit Build 19041 (10.0.19041.928)
Time: Mon May 31 13:00:58 2021 Hora estándar de Paraguay elapsed time: 11 seconds (0d 0h 0m 11s)

---------------  T H R E A D  ---------------

Current thread (0x000002e757a88000):  JavaThread "C2 CompilerThread1" daemon [_thread_in_native, id=25160, stack(0x000000e7f8a00000,0x000000e7f8b00000)]


Current CompileTask:
C2:  11015 9919       4       groovy.lang.MetaClassImpl::inheritInterfaceNewMetaMethods (199 bytes)

Stack: [0x000000e7f8a00000,0x000000e7f8b00000]
Native frames: (J=compiled Java code, j=interpreted, Vv=VM code, C=native code)
V  [jvm.dll+0x5de50a]
V  [jvm.dll+0x7122f5]
V  [jvm.dll+0x71384d]
V  [jvm.dll+0x713f03]
V  [jvm.dll+0x23e728]
V  [jvm.dll+0xb899c]
V  [jvm.dll+0xb8e9c]
V  [jvm.dll+0x35020b]
V  [jvm.dll+0x31dea3]
V  [jvm.dll+0x31d39a]
V  [jvm.dll+0x1f7702]
V  [jvm.dll+0x1f68d4]
V  [jvm.dll+0x17f32c]
V  [jvm.dll+0x205047]
V  [jvm.dll+0x203891]
V  [jvm.dll+0x6dad3f]
V  [jvm.dll+0x6d3895]
V  [jvm.dll+0x5dd4a6]
C  [ucrtbase.dll+0x21bb2]
C  [KERNEL32.DLL+0x17034]
C  [ntdll.dll+0x52651]


---------------  P R O C E S S  ---------------

Threads class SMR info:
_java_thread_list=0x000002e756ec5a20, length=158, elements={
0x000002e739588000, 0x000002e755862800, 0x000002e755864000, 0x000002e75586f800,
0x000002e755870800, 0x000002e755873800, 0x000002e755874800, 0x000002e755878800,
0x000002e75636f800, 0x000002e756383800, 0x000002e758104000, 0x000002e756430000,
0x000002e757322000, 0x000002e7586bf800, 0x000002e75826d000, 0x000002e7581f2800,
0x000002e756c97000, 0x000002e757a88000, 0x000002e756c95000, 0x000002e756c97800,
0x000002e756c94800, 0x000002e756c98800, 0x000002e756c96000, 0x000002e756c93000,
0x000002e756c99800, 0x000002e756c93800, 0x000002e75a091000, 0x000002e75a08c000,
0x000002e75a092000, 0x000002e75a093000, 0x000002e75a08d000, 0x000002e75a093800,
0x000002e75a10c800, 0x000002e75a08f800, 0x000002e75a08e800, 0x000002e75a08e000,
0x000002e75a095000, 0x000002e75a096000, 0x000002e75a094800, 0x000002e75a090800,
0x000002e75a097000, 0x000002e75a097800, 0x000002e75a098800, 0x000002e75a099800,
0x000002e75a09b000, 0x000002e75a09a000, 0x000002e75a025800, 0x000002e75a028000,
0x000002e75a024000, 0x000002e75a029000, 0x000002e75a025000, 0x000002e75a027800,
0x000002e75a029800, 0x000002e75a02d000, 0x000002e75a030000, 0x000002e75a02f800,
0x000002e75a02e000, 0x000002e75a02b800, 0x000002e75a02a800, 0x000002e75a032000,
0x000002e75a031000, 0x000002e75a02e800, 0x000002e75a02c000, 0x000002e75ba87000,
0x000002e75ba8a000, 0x000002e75ba8b000, 0x000002e75ba8c800, 0x000002e75ba8d800,
0x000002e75ba8b800, 0x000002e75ba87800, 0x000002e75ba88800, 0x000002e75ba89000,
0x000002e759c3b000, 0x000002e759c39000, 0x000002e759c3b800, 0x000002e759c36800,
0x000002e759c36000, 0x000002e759c38800, 0x000002e759c37800, 0x000002e759c3c800,
0x000002e759c3d800, 0x000002e759c3a000, 0x000002e759c3e000, 0x000002e759c40800,
0x000002e759c42000, 0x000002e759c43000, 0x000002e759c44000, 0x000002e759c44800,
0x000002e759c3f000, 0x000002e759c3f800, 0x000002e759c41800, 0x000002e75b614000,
0x000002e75b61a000, 0x000002e75b616800, 0x000002e75b615000, 0x000002e75b61b800,
0x000002e75b61b000, 0x000002e75b617800, 0x000002e75b618800, 0x000002e75b619000,
0x000002e75b616000, 0x000002e75b61d000, 0x000002e75b622000, 0x000002e75b61f800,
0x000002e75b620800, 0x000002e75b61c800, 0x000002e75b621800, 0x000002e75b61e000,
0x000002e75b61f000, 0x000002e75b623000, 0x000002e75b6b1800, 0x000002e75b6b0000,
0x000002e75b6ae800, 0x000002e75b6b2800, 0x000002e75b6b0800, 0x000002e75b6b5000,
0x000002e75b6af000, 0x000002e75b6b5800, 0x000002e75b6b7800, 0x000002e75b6b6800,
0x000002e75b6b8000, 0x000002e75b6b9000, 0x000002e75b6b3000, 0x000002e75b6b9800,
0x000002e75b6b4000, 0x000002e75b6ba800, 0x000002e75b6bb800, 0x000002e75b6bc000,
0x000002e75b6bd000, 0x000002e75b97a800, 0x000002e75b97e800, 0x000002e75b979800,
0x000002e75b97f800, 0x000002e75b97d800, 0x000002e75b980000, 0x000002e75b981000,
0x000002e75b97b000, 0x000002e75b981800, 0x000002e75b97c000, 0x000002e75b982800,
0x000002e75b97d000, 0x000002e75b987800, 0x000002e75b988000, 0x000002e75b983800,
0x000002e75b984000, 0x000002e75b985000, 0x000002e75b986000, 0x000002e75b986800,
0x000002e7594fe800, 0x000002e7594fc000, 0x000002e7594fb000, 0x000002e7594fa800,
0x000002e7594fc800, 0x000002e7594fd800, 0x000002e7594ff000, 0x000002e7594f9800,
0x000002e759502800, 0x000002e759505800
}

Java Threads: ( => current thread )
  0x000002e739588000 JavaThread "main" [_thread_blocked, id=2332, stack(0x000000e7f6e00000,0x000000e7f6f00000)]
  0x000002e755862800 JavaThread "Reference Handler" daemon [_thread_blocked, id=17632, stack(0x000000e7f7500000,0x000000e7f7600000)]
  0x000002e755864000 JavaThread "Finalizer" daemon [_thread_blocked, id=15544, stack(0x000000e7f7600000,0x000000e7f7700000)]
  0x000002e75586f800 JavaThread "Signal Dispatcher" daemon [_thread_blocked, id=17052, stack(0x000000e7f7700000,0x000000e7f7800000)]
  0x000002e755870800 JavaThread "Attach Listener" daemon [_thread_blocked, id=8052, stack(0x000000e7f7800000,0x000000e7f7900000)]
  0x000002e755873800 JavaThread "C2 CompilerThread0" daemon [_thread_in_native, id=23612, stack(0x000000e7f7900000,0x000000e7f7a00000)]
  0x000002e755874800 JavaThread "C1 CompilerThread0" daemon [_thread_blocked, id=19592, stack(0x000000e7f7a00000,0x000000e7f7b00000)]
  0x000002e755878800 JavaThread "Sweeper thread" daemon [_thread_blocked, id=380, stack(0x000000e7f7b00000,0x000000e7f7c00000)]
  0x000002e75636f800 JavaThread "Common-Cleaner" daemon [_thread_blocked, id=25280, stack(0x000000e7f7c00000,0x000000e7f7d00000)]
  0x000002e756383800 JavaThread "Service Thread" daemon [_thread_blocked, id=8176, stack(0x000000e7f7d00000,0x000000e7f7e00000)]
  0x000002e758104000 JavaThread "Daemon health stats" [_thread_blocked, id=14544, stack(0x000000e7f8300000,0x000000e7f8400000)]
  0x000002e756430000 JavaThread "Incoming local TCP Connector on port 65517" [_thread_in_native, id=9296, stack(0x000000e7f8400000,0x000000e7f8500000)]
  0x000002e757322000 JavaThread "Daemon periodic checks" [_thread_blocked, id=25920, stack(0x000000e7f8500000,0x000000e7f8600000)]
  0x000002e7586bf800 JavaThread "Daemon" [_thread_blocked, id=21684, stack(0x000000e7f8600000,0x000000e7f8700000)]
  0x000002e75826d000 JavaThread "Handler for socket connection from /127.0.0.1:65517 to /127.0.0.1:65518" [_thread_in_native, id=24932, stack(0x000000e7f8700000,0x000000e7f8800000)]
  0x000002e7581f2800 JavaThread "Cancel handler" [_thread_blocked, id=25544, stack(0x000000e7f8800000,0x000000e7f8900000)]
  0x000002e756c97000 JavaThread "Daemon worker" [_thread_in_vm, id=21668, stack(0x000000e7f8900000,0x000000e7f8a00000)]
=>0x000002e757a88000 JavaThread "C2 CompilerThread1" daemon [_thread_in_native, id=25160, stack(0x000000e7f8a00000,0x000000e7f8b00000)]
  0x000002e756c95000 JavaThread "Asynchronous log dispatcher for DefaultDaemonConnection: socket connection from /127.0.0.1:65517 to /127.0.0.1:65518" [_thread_blocked, id=18584, stack(0x000000e7f8b00000,0x000000e7f8c00000)]
  0x000002e756c97800 JavaThread "Stdin handler" [_thread_blocked, id=24628, stack(0x000000e7f8c00000,0x000000e7f8d00000)]
  0x000002e756c94800 JavaThread "Thread-8" [_thread_blocked, id=26116, stack(0x000000e7f8d00000,0x000000e7f8e00000)]
  0x000002e756c98800 JavaThread "Cache worker for file hash cache (C:\Users\Apolo\.gradle\caches\6.7.1\fileHashes)" [_thread_blocked, id=9148, stack(0x000000e7f9300000,0x000000e7f9400000)]
  0x000002e756c96000 JavaThread "File lock request listener" [_thread_in_native, id=820, stack(0x000000e7f9400000,0x000000e7f9500000)]
  0x000002e756c93000 JavaThread "Cache worker for journal cache (C:\Users\Apolo\.gradle\caches\journal-1)" [_thread_blocked, id=13092, stack(0x000000e7f9600000,0x000000e7f9700000)]
  0x000002e756c99800 JavaThread "Cache worker for file hash cache (C:\Android\Proyecto\VendedoresKT\ApoloVendedor\.gradle\6.7.1\fileHashes)" [_thread_blocked, id=22756, stack(0x000000e7f9700000,0x000000e7f9800000)]
  0x000002e756c93800 JavaThread "jar transforms" [_thread_blocked, id=25308, stack(0x000000e7f9800000,0x000000e7f9900000)]
  0x000002e75a091000 JavaThread "jar transforms Thread 2" [_thread_blocked, id=25468, stack(0x000000e7f9900000,0x000000e7f9a00000)]
  0x000002e75a08c000 JavaThread "jar transforms Thread 3" [_thread_blocked, id=25048, stack(0x000000e7f9a00000,0x000000e7f9b00000)]
  0x000002e75a092000 JavaThread "jar transforms Thread 4" [_thread_blocked, id=23340, stack(0x000000e7f9b00000,0x000000e7f9c00000)]
  0x000002e75a093000 JavaThread "jar transforms Thread 5" [_thread_blocked, id=23416, stack(0x000000e7f9c00000,0x000000e7f9d00000)]
  0x000002e75a08d000 JavaThread "jar transforms Thread 6" [_thread_blocked, id=21260, stack(0x000000e7f9d00000,0x000000e7f9e00000)]
  0x000002e75a093800 JavaThread "jar transforms Thread 7" [_thread_blocked, id=3732, stack(0x000000e7f9e00000,0x000000e7f9f00000)]
  0x000002e75a10c800 JavaThread "C2 CompilerThread2" daemon [_thread_in_native, id=8848, stack(0x000000e7f9f00000,0x000000e7fa000000)]
  0x000002e75a08f800 JavaThread "jar transforms Thread 8" [_thread_blocked, id=26620, stack(0x000000e7fa000000,0x000000e7fa100000)]
  0x000002e75a08e800 JavaThread "jar transforms Thread 9" [_thread_blocked, id=22448, stack(0x000000e7fa100000,0x000000e7fa200000)]
  0x000002e75a08e000 JavaThread "jar transforms Thread 10" [_thread_blocked, id=25024, stack(0x000000e7fa200000,0x000000e7fa300000)]
  0x000002e75a095000 JavaThread "jar transforms Thread 11" [_thread_blocked, id=25912, stack(0x000000e7fa300000,0x000000e7fa400000)]
  0x000002e75a096000 JavaThread "jar transforms Thread 12" [_thread_blocked, id=25584, stack(0x000000e7fa400000,0x000000e7fa500000)]
  0x000002e75a094800 JavaThread "jar transforms Thread 13" [_thread_blocked, id=19220, stack(0x000000e7fa500000,0x000000e7fa600000)]
  0x000002e75a090800 JavaThread "jar transforms Thread 14" [_thread_blocked, id=22972, stack(0x000000e7fa600000,0x000000e7fa700000)]
  0x000002e75a097000 JavaThread "jar transforms Thread 15" [_thread_blocked, id=25224, stack(0x000000e7fa700000,0x000000e7fa800000)]
  0x000002e75a097800 JavaThread "jar transforms Thread 16" [_thread_blocked, id=18708, stack(0x000000e7fa800000,0x000000e7fa900000)]
  0x000002e75a098800 JavaThread "jar transforms Thread 17" [_thread_blocked, id=6272, stack(0x000000e7fa900000,0x000000e7faa00000)]
  0x000002e75a099800 JavaThread "jar transforms Thread 18" [_thread_blocked, id=18168, stack(0x000000e7faa00000,0x000000e7fab00000)]
  0x000002e75a09b000 JavaThread "jar transforms Thread 19" [_thread_blocked, id=25776, stack(0x000000e7fab00000,0x000000e7fac00000)]
  0x000002e75a09a000 JavaThread "jar transforms Thread 20" [_thread_blocked, id=22212, stack(0x000000e7fac00000,0x000000e7fad00000)]
  0x000002e75a025800 JavaThread "jar transforms Thread 21" [_thread_blocked, id=15908, stack(0x000000e7fad00000,0x000000e7fae00000)]
  0x000002e75a028000 JavaThread "Cache worker for checksums cache (C:\Android\Proyecto\VendedoresKT\ApoloVendedor\.gradle\checksums)" [_thread_blocked, id=25644, stack(0x000000e7fae00000,0x000000e7faf00000)]
  0x000002e75a024000 JavaThread "Cache worker for cache directory md-supplier (C:\Users\Apolo\.gradle\caches\6.7.1\md-supplier)" [_thread_blocked, id=24548, stack(0x000000e7faf00000,0x000000e7fb000000)]
  0x000002e75a029000 JavaThread "Cache worker for cache directory md-rule (C:\Users\Apolo\.gradle\caches\6.7.1\md-rule)" [_thread_blocked, id=24708, stack(0x000000e7fb000000,0x000000e7fb100000)]
  0x000002e75a025000 JavaThread "Cache worker for execution history cache (C:\Users\Apolo\.gradle\caches\6.7.1\executionHistory)" [_thread_blocked, id=18088, stack(0x000000e7fb100000,0x000000e7fb200000)]
  0x000002e75a027800 JavaThread "Cache worker for file content cache (C:\Users\Apolo\.gradle\caches\6.7.1\fileContent)" [_thread_blocked, id=23216, stack(0x000000e7fb200000,0x000000e7fb300000)]
  0x000002e75a029800 JavaThread "Cache worker for Build Output Cleanup Cache (C:\Android\Proyecto\VendedoresKT\ApoloVendedor\.gradle\buildOutputCleanup)" [_thread_blocked, id=23136, stack(0x000000e7fb300000,0x000000e7fb400000)]
  0x000002e75a02d000 JavaThread "Build operations" [_thread_blocked, id=2020, stack(0x000000e7fb400000,0x000000e7fb500000)]
  0x000002e75a030000 JavaThread "Build operations Thread 2" [_thread_blocked, id=5660, stack(0x000000e7fb500000,0x000000e7fb600000)]
  0x000002e75a02f800 JavaThread "Build operations Thread 3" [_thread_blocked, id=4712, stack(0x000000e7fb600000,0x000000e7fb700000)]
  0x000002e75a02e000 JavaThread "Build operations Thread 4" [_thread_blocked, id=5760, stack(0x000000e7fb700000,0x000000e7fb800000)]
  0x000002e75a02b800 JavaThread "Build operations Thread 5" [_thread_blocked, id=24792, stack(0x000000e7fb800000,0x000000e7fb900000)]
  0x000002e75a02a800 JavaThread "Build operations Thread 6" [_thread_blocked, id=24444, stack(0x000000e7fb900000,0x000000e7fba00000)]
  0x000002e75a032000 JavaThread "Build operations Thread 7" [_thread_blocked, id=11712, stack(0x000000e7fba00000,0x000000e7fbb00000)]
  0x000002e75a031000 JavaThread "Build operations Thread 8" [_thread_blocked, id=26328, stack(0x000000e7fbb00000,0x000000e7fbc00000)]
  0x000002e75a02e800 JavaThread "jar transforms Thread 22" [_thread_blocked, id=22760, stack(0x000000e7fbc00000,0x000000e7fbd00000)]
  0x000002e75a02c000 JavaThread "jar transforms Thread 23" [_thread_blocked, id=23424, stack(0x000000e7fbd00000,0x000000e7fbe00000)]
  0x000002e75ba87000 JavaThread "jar transforms Thread 24" [_thread_blocked, id=18024, stack(0x000000e7fbe00000,0x000000e7fbf00000)]
  0x000002e75ba8a000 JavaThread "jar transforms Thread 25" [_thread_blocked, id=25368, stack(0x000000e7fbf00000,0x000000e7fc000000)]
  0x000002e75ba8b000 JavaThread "jar transforms Thread 26" [_thread_blocked, id=21488, stack(0x000000e7fc000000,0x000000e7fc100000)]
  0x000002e75ba8c800 JavaThread "jar transforms Thread 27" [_thread_blocked, id=24048, stack(0x000000e7fc100000,0x000000e7fc200000)]
  0x000002e75ba8d800 JavaThread "jar transforms Thread 28" [_thread_blocked, id=24968, stack(0x000000e7fc200000,0x000000e7fc300000)]
  0x000002e75ba8b800 JavaThread "jar transforms Thread 29" [_thread_blocked, id=26308, stack(0x000000e7fc300000,0x000000e7fc400000)]
  0x000002e75ba87800 JavaThread "jar transforms Thread 30" [_thread_blocked, id=1764, stack(0x000000e7fc400000,0x000000e7fc500000)]
  0x000002e75ba88800 JavaThread "jar transforms Thread 31" [_thread_blocked, id=21924, stack(0x000000e7fc500000,0x000000e7fc600000)]
  0x000002e75ba89000 JavaThread "jar transforms Thread 32" [_thread_blocked, id=19740, stack(0x000000e7fc600000,0x000000e7fc700000)]
  0x000002e759c3b000 JavaThread "jar transforms Thread 33" [_thread_blocked, id=24152, stack(0x000000e7fc700000,0x000000e7fc800000)]
  0x000002e759c39000 JavaThread "jar transforms Thread 34" [_thread_blocked, id=20204, stack(0x000000e7fc800000,0x000000e7fc900000)]
  0x000002e759c3b800 JavaThread "jar transforms Thread 35" [_thread_blocked, id=3360, stack(0x000000e7fc900000,0x000000e7fca00000)]
  0x000002e759c36800 JavaThread "jar transforms Thread 36" [_thread_blocked, id=21564, stack(0x000000e7fca00000,0x000000e7fcb00000)]
  0x000002e759c36000 JavaThread "jar transforms Thread 37" [_thread_blocked, id=22388, stack(0x000000e7fcb00000,0x000000e7fcc00000)]
  0x000002e759c38800 JavaThread "jar transforms Thread 38" [_thread_blocked, id=24556, stack(0x000000e7fcc00000,0x000000e7fcd00000)]
  0x000002e759c37800 JavaThread "jar transforms Thread 39" [_thread_blocked, id=10660, stack(0x000000e7fcd00000,0x000000e7fce00000)]
  0x000002e759c3c800 JavaThread "jar transforms Thread 40" [_thread_blocked, id=13324, stack(0x000000e7fce00000,0x000000e7fcf00000)]
  0x000002e759c3d800 JavaThread "jar transforms Thread 41" [_thread_blocked, id=11568, stack(0x000000e7fcf00000,0x000000e7fd000000)]
  0x000002e759c3a000 JavaThread "jar transforms Thread 42" [_thread_blocked, id=1528, stack(0x000000e7fd000000,0x000000e7fd100000)]
  0x000002e759c3e000 JavaThread "jar transforms Thread 43" [_thread_blocked, id=16232, stack(0x000000e7fd100000,0x000000e7fd200000)]
  0x000002e759c40800 JavaThread "jar transforms Thread 44" [_thread_blocked, id=19520, stack(0x000000e7fd200000,0x000000e7fd300000)]
  0x000002e759c42000 JavaThread "jar transforms Thread 45" [_thread_blocked, id=6980, stack(0x000000e7fd300000,0x000000e7fd400000)]
  0x000002e759c43000 JavaThread "jar transforms Thread 46" [_thread_blocked, id=26268, stack(0x000000e7fd400000,0x000000e7fd500000)]
  0x000002e759c44000 JavaThread "jar transforms Thread 47" [_thread_blocked, id=25716, stack(0x000000e7fd500000,0x000000e7fd600000)]
  0x000002e759c44800 JavaThread "jar transforms Thread 48" [_thread_blocked, id=5908, stack(0x000000e7fd600000,0x000000e7fd700000)]
  0x000002e759c3f000 JavaThread "jar transforms Thread 49" [_thread_blocked, id=22876, stack(0x000000e7fd700000,0x000000e7fd800000)]
  0x000002e759c3f800 JavaThread "jar transforms Thread 50" [_thread_blocked, id=22580, stack(0x000000e7fd800000,0x000000e7fd900000)]
  0x000002e759c41800 JavaThread "jar transforms Thread 51" [_thread_blocked, id=24724, stack(0x000000e7fd900000,0x000000e7fda00000)]
  0x000002e75b614000 JavaThread "jar transforms Thread 52" [_thread_blocked, id=11168, stack(0x000000e7fda00000,0x000000e7fdb00000)]
  0x000002e75b61a000 JavaThread "jar transforms Thread 53" [_thread_blocked, id=4336, stack(0x000000e7fdb00000,0x000000e7fdc00000)]
  0x000002e75b616800 JavaThread "jar transforms Thread 54" [_thread_blocked, id=20856, stack(0x000000e7fdc00000,0x000000e7fdd00000)]
  0x000002e75b615000 JavaThread "jar transforms Thread 55" [_thread_blocked, id=25940, stack(0x000000e7fdd00000,0x000000e7fde00000)]
  0x000002e75b61b800 JavaThread "jar transforms Thread 56" [_thread_blocked, id=16600, stack(0x000000e7fde00000,0x000000e7fdf00000)]
  0x000002e75b61b000 JavaThread "jar transforms Thread 57" [_thread_blocked, id=23272, stack(0x000000e7fdf00000,0x000000e7fe000000)]
  0x000002e75b617800 JavaThread "jar transforms Thread 58" [_thread_blocked, id=22920, stack(0x000000e7fe000000,0x000000e7fe100000)]
  0x000002e75b618800 JavaThread "jar transforms Thread 59" [_thread_blocked, id=22204, stack(0x000000e7fe100000,0x000000e7fe200000)]
  0x000002e75b619000 JavaThread "jar transforms Thread 60" [_thread_blocked, id=19192, stack(0x000000e7fe200000,0x000000e7fe300000)]
  0x000002e75b616000 JavaThread "jar transforms Thread 61" [_thread_blocked, id=24972, stack(0x000000e7fe300000,0x000000e7fe400000)]
  0x000002e75b61d000 JavaThread "jar transforms Thread 62" [_thread_blocked, id=23804, stack(0x000000e7fe400000,0x000000e7fe500000)]
  0x000002e75b622000 JavaThread "jar transforms Thread 63" [_thread_blocked, id=25508, stack(0x000000e7fe500000,0x000000e7fe600000)]
  0x000002e75b61f800 JavaThread "jar transforms Thread 64" [_thread_blocked, id=23840, stack(0x000000e7fe600000,0x000000e7fe700000)]
  0x000002e75b620800 JavaThread "jar transforms Thread 65" [_thread_blocked, id=23452, stack(0x000000e7fe700000,0x000000e7fe800000)]
  0x000002e75b61c800 JavaThread "jar transforms Thread 66" [_thread_blocked, id=25512, stack(0x000000e7fe800000,0x000000e7fe900000)]
  0x000002e75b621800 JavaThread "jar transforms Thread 67" [_thread_blocked, id=25768, stack(0x000000e7fe900000,0x000000e7fea00000)]
  0x000002e75b61e000 JavaThread "jar transforms Thread 68" [_thread_blocked, id=17836, stack(0x000000e7fea00000,0x000000e7feb00000)]
  0x000002e75b61f000 JavaThread "jar transforms Thread 69" [_thread_blocked, id=14956, stack(0x000000e7feb00000,0x000000e7fec00000)]
  0x000002e75b623000 JavaThread "jar transforms Thread 70" [_thread_blocked, id=22060, stack(0x000000e7fec00000,0x000000e7fed00000)]
  0x000002e75b6b1800 JavaThread "jar transforms Thread 71" [_thread_blocked, id=7752, stack(0x000000e7fed00000,0x000000e7fee00000)]
  0x000002e75b6b0000 JavaThread "jar transforms Thread 72" [_thread_blocked, id=12596, stack(0x000000e7fee00000,0x000000e7fef00000)]
  0x000002e75b6ae800 JavaThread "jar transforms Thread 73" [_thread_blocked, id=16740, stack(0x000000e7fef00000,0x000000e7ff000000)]
  0x000002e75b6b2800 JavaThread "jar transforms Thread 74" [_thread_blocked, id=18612, stack(0x000000e7ff000000,0x000000e7ff100000)]
  0x000002e75b6b0800 JavaThread "jar transforms Thread 75" [_thread_blocked, id=13728, stack(0x000000e7ff100000,0x000000e7ff200000)]
  0x000002e75b6b5000 JavaThread "jar transforms Thread 76" [_thread_blocked, id=5164, stack(0x000000e7ff200000,0x000000e7ff300000)]
  0x000002e75b6af000 JavaThread "jar transforms Thread 77" [_thread_blocked, id=3728, stack(0x000000e7ff300000,0x000000e7ff400000)]
  0x000002e75b6b5800 JavaThread "jar transforms Thread 78" [_thread_blocked, id=24120, stack(0x000000e7ff400000,0x000000e7ff500000)]
  0x000002e75b6b7800 JavaThread "jar transforms Thread 79" [_thread_blocked, id=25800, stack(0x000000e7ff500000,0x000000e7ff600000)]
  0x000002e75b6b6800 JavaThread "jar transforms Thread 80" [_thread_blocked, id=23856, stack(0x000000e7ff600000,0x000000e7ff700000)]
  0x000002e75b6b8000 JavaThread "jar transforms Thread 81" [_thread_blocked, id=25700, stack(0x000000e7ff700000,0x000000e7ff800000)]
  0x000002e75b6b9000 JavaThread "jar transforms Thread 82" [_thread_blocked, id=24436, stack(0x000000e7ff800000,0x000000e7ff900000)]
  0x000002e75b6b3000 JavaThread "jar transforms Thread 83" [_thread_blocked, id=18224, stack(0x000000e7ff900000,0x000000e7ffa00000)]
  0x000002e75b6b9800 JavaThread "jar transforms Thread 84" [_thread_blocked, id=376, stack(0x000000e7ffa00000,0x000000e7ffb00000)]
  0x000002e75b6b4000 JavaThread "jar transforms Thread 85" [_thread_blocked, id=26056, stack(0x000000e7ffb00000,0x000000e7ffc00000)]
  0x000002e75b6ba800 JavaThread "jar transforms Thread 86" [_thread_blocked, id=3084, stack(0x000000e7ffc00000,0x000000e7ffd00000)]
  0x000002e75b6bb800 JavaThread "jar transforms Thread 87" [_thread_blocked, id=15024, stack(0x000000e7ffd00000,0x000000e7ffe00000)]
  0x000002e75b6bc000 JavaThread "jar transforms Thread 88" [_thread_blocked, id=17424, stack(0x000000e7ffe00000,0x000000e7fff00000)]
  0x000002e75b6bd000 JavaThread "jar transforms Thread 89" [_thread_blocked, id=22896, stack(0x000000e7fff00000,0x000000e800000000)]
  0x000002e75b97a800 JavaThread "jar transforms Thread 90" [_thread_blocked, id=23932, stack(0x000000e780000000,0x000000e780100000)]
  0x000002e75b97e800 JavaThread "jar transforms Thread 91" [_thread_blocked, id=19184, stack(0x000000e780100000,0x000000e780200000)]
  0x000002e75b979800 JavaThread "jar transforms Thread 92" [_thread_blocked, id=15816, stack(0x000000e780200000,0x000000e780300000)]
  0x000002e75b97f800 JavaThread "jar transforms Thread 93" [_thread_blocked, id=26200, stack(0x000000e780300000,0x000000e780400000)]
  0x000002e75b97d800 JavaThread "jar transforms Thread 94" [_thread_blocked, id=23724, stack(0x000000e780400000,0x000000e780500000)]
  0x000002e75b980000 JavaThread "jar transforms Thread 95" [_thread_blocked, id=15680, stack(0x000000e780500000,0x000000e780600000)]
  0x000002e75b981000 JavaThread "jar transforms Thread 96" [_thread_blocked, id=25140, stack(0x000000e780600000,0x000000e780700000)]
  0x000002e75b97b000 JavaThread "jar transforms Thread 97" [_thread_blocked, id=14312, stack(0x000000e780700000,0x000000e780800000)]
  0x000002e75b981800 JavaThread "jar transforms Thread 98" [_thread_blocked, id=8928, stack(0x000000e780800000,0x000000e780900000)]
  0x000002e75b97c000 JavaThread "jar transforms Thread 99" [_thread_blocked, id=20104, stack(0x000000e780900000,0x000000e780a00000)]
  0x000002e75b982800 JavaThread "jar transforms Thread 100" [_thread_blocked, id=22064, stack(0x000000e780a00000,0x000000e780b00000)]
  0x000002e75b97d000 JavaThread "jar transforms Thread 101" [_thread_blocked, id=17320, stack(0x000000e780b00000,0x000000e780c00000)]
  0x000002e75b987800 JavaThread "jar transforms Thread 102" [_thread_blocked, id=21412, stack(0x000000e780c00000,0x000000e780d00000)]
  0x000002e75b988000 JavaThread "jar transforms Thread 103" [_thread_blocked, id=22436, stack(0x000000e780d00000,0x000000e780e00000)]
  0x000002e75b983800 JavaThread "jar transforms Thread 104" [_thread_blocked, id=8888, stack(0x000000e780e00000,0x000000e780f00000)]
  0x000002e75b984000 JavaThread "jar transforms Thread 105" [_thread_blocked, id=1352, stack(0x000000e780f00000,0x000000e781000000)]
  0x000002e75b985000 JavaThread "jar transforms Thread 106" [_thread_blocked, id=26356, stack(0x000000e781000000,0x000000e781100000)]
  0x000002e75b986000 JavaThread "jar transforms Thread 107" [_thread_blocked, id=23996, stack(0x000000e781100000,0x000000e781200000)]
  0x000002e75b986800 JavaThread "jar transforms Thread 108" [_thread_blocked, id=15376, stack(0x000000e781200000,0x000000e781300000)]
  0x000002e7594fe800 JavaThread "jar transforms Thread 109" [_thread_blocked, id=10744, stack(0x000000e781300000,0x000000e781400000)]
  0x000002e7594fc000 JavaThread "jar transforms Thread 110" [_thread_blocked, id=11968, stack(0x000000e781400000,0x000000e781500000)]
  0x000002e7594fb000 JavaThread "jar transforms Thread 111" [_thread_blocked, id=12632, stack(0x000000e781500000,0x000000e781600000)]
  0x000002e7594fa800 JavaThread "jar transforms Thread 112" [_thread_blocked, id=616, stack(0x000000e781600000,0x000000e781700000)]
  0x000002e7594fc800 JavaThread "jar transforms Thread 113" [_thread_blocked, id=21692, stack(0x000000e781700000,0x000000e781800000)]
  0x000002e7594fd800 JavaThread "jar transforms Thread 114" [_thread_blocked, id=17540, stack(0x000000e781800000,0x000000e781900000)]
  0x000002e7594ff000 JavaThread "jar transforms Thread 115" [_thread_blocked, id=24044, stack(0x000000e781900000,0x000000e781a00000)]
  0x000002e7594f9800 JavaThread "jar transforms Thread 116" [_thread_blocked, id=20464, stack(0x000000e781a00000,0x000000e781b00000)]
  0x000002e759502800 JavaThread "jar transforms Thread 117" [_thread_blocked, id=4304, stack(0x000000e781b00000,0x000000e781c00000)]
  0x000002e759505800 JavaThread "Memory manager" [_thread_blocked, id=24772, stack(0x000000e781c00000,0x000000e781d00000)]

Other Threads:
  0x000002e75583f000 VMThread "VM Thread" [stack: 0x000000e7f7400000,0x000000e7f7500000] [id=23484]
  0x000002e7563bc800 WatcherThread [stack: 0x000000e7f7e00000,0x000000e7f7f00000] [id=17500]
  0x000002e7395a0000 GCTaskThread "GC Thread#0" [stack: 0x000000e7f6f00000,0x000000e7f7000000] [id=16636]
  0x000002e756c6e800 GCTaskThread "GC Thread#1" [stack: 0x000000e7f8000000,0x000000e7f8100000] [id=26400]
  0x000002e756fe6800 GCTaskThread "GC Thread#2" [stack: 0x000000e7f8100000,0x000000e7f8200000] [id=25000]
  0x000002e758176000 GCTaskThread "GC Thread#3" [stack: 0x000000e7f8e00000,0x000000e7f8f00000] [id=9648]
  0x000002e758208000 GCTaskThread "GC Thread#4" [stack: 0x000000e7f8f00000,0x000000e7f9000000] [id=25992]
  0x000002e7588a9800 GCTaskThread "GC Thread#5" [stack: 0x000000e7f9000000,0x000000e7f9100000] [id=16088]
  0x000002e75889d800 GCTaskThread "GC Thread#6" [stack: 0x000000e7f9100000,0x000000e7f9200000] [id=24872]
  0x000002e75870d800 GCTaskThread "GC Thread#7" [stack: 0x000000e7f9200000,0x000000e7f9300000] [id=25164]
  0x000002e7395d3000 ConcurrentGCThread "G1 Main Marker" [stack: 0x000000e7f7000000,0x000000e7f7100000] [id=24624]
  0x000002e7395d6800 ConcurrentGCThread "G1 Conc#0" [stack: 0x000000e7f7100000,0x000000e7f7200000] [id=15356]
  0x000002e758ab0800 ConcurrentGCThread "G1 Conc#1" [stack: 0x000000e7f9500000,0x000000e7f9600000] [id=21196]
  0x000002e739666000 ConcurrentGCThread "G1 Refine#0" [stack: 0x000000e7f7200000,0x000000e7f7300000] [id=25888]
  0x000002e755690800 ConcurrentGCThread "G1 Young RemSet Sampling" [stack: 0x000000e7f7300000,0x000000e7f7400000] [id=17568]

Threads with active compile tasks:
C2 CompilerThread0  11049 9931       4       java.beans.Introspector::addMethod (196 bytes)
C2 CompilerThread1  11049 9919       4       groovy.lang.MetaClassImpl::inheritInterfaceNewMetaMethods (199 bytes)
C2 CompilerThread2  11049 9874       4       org.gradle.internal.Try$Success::map (14 bytes)

VM state:not at safepoint (normal execution)

VM Mutex/Monitor currently owned by a thread: None

Heap address: 0x0000000080000000, size: 2048 MB, Compressed Oops mode: 32-bit
Narrow klass base: 0x0000000000000000, Narrow klass shift: 3
Compressed class space size: 1073741824 Address: 0x0000000100000000

Heap:
 garbage-first heap   total 187392K, used 139363K [0x0000000080000000, 0x0000000100000000)
  region size 1024K, 55 young (56320K), 6 survivors (6144K)
 Metaspace       used 92030K, capacity 94546K, committed 94848K, reserved 1130496K
  class space    used 11955K, capacity 12819K, committed 12928K, reserved 1048576K
Heap Regions: E=young(eden), S=young(survivor), O=old, HS=humongous(starts), HC=humongous(continues), CS=collection set, F=free, A=archive, TAMS=top-at-mark-start (previous, next)
|   0|0x0000000080000000, 0x0000000080100000, 0x0000000080100000|100%| O|  |TAMS 0x0000000080100000, 0x0000000080000000| Untracked 
|   1|0x0000000080100000, 0x0000000080200000, 0x0000000080200000|100%| O|  |TAMS 0x0000000080200000, 0x0000000080100000| Untracked 
|   2|0x0000000080200000, 0x0000000080300000, 0x0000000080300000|100%| O|  |TAMS 0x0000000080300000, 0x0000000080200000| Untracked 
|   3|0x0000000080300000, 0x0000000080400000, 0x0000000080400000|100%|HS|  |TAMS 0x0000000080400000, 0x0000000080300000| Complete 
|   4|0x0000000080400000, 0x0000000080500000, 0x0000000080500000|100%|HC|  |TAMS 0x0000000080500000, 0x0000000080400000| Complete 
|   5|0x0000000080500000, 0x0000000080600000, 0x0000000080600000|100%|HC|  |TAMS 0x0000000080600000, 0x0000000080500000| Complete 
|   6|0x0000000080600000, 0x0000000080700000, 0x0000000080700000|100%| O|  |TAMS 0x0000000080700000, 0x0000000080600000| Untracked 
|   7|0x0000000080700000, 0x0000000080800000, 0x0000000080800000|100%| O|  |TAMS 0x0000000080800000, 0x0000000080700000| Untracked 
|   8|0x0000000080800000, 0x0000000080900000, 0x0000000080900000|100%| O|  |TAMS 0x0000000080900000, 0x0000000080800000| Untracked 
|   9|0x0000000080900000, 0x0000000080a00000, 0x0000000080a00000|100%| O|  |TAMS 0x0000000080a00000, 0x0000000080900000| Untracked 
|  10|0x0000000080a00000, 0x0000000080b00000, 0x0000000080b00000|100%| O|  |TAMS 0x0000000080b00000, 0x0000000080a00000| Untracked 
|  11|0x0000000080b00000, 0x0000000080c00000, 0x0000000080c00000|100%| O|  |TAMS 0x0000000080c00000, 0x0000000080b00000| Untracked 
|  12|0x0000000080c00000, 0x0000000080d00000, 0x0000000080d00000|100%| O|  |TAMS 0x0000000080d00000, 0x0000000080c00000| Untracked 
|  13|0x0000000080d00000, 0x0000000080e00000, 0x0000000080e00000|100%| O|  |TAMS 0x0000000080e00000, 0x0000000080d00000| Untracked 
|  14|0x0000000080e00000, 0x0000000080f00000, 0x0000000080f00000|100%| O|  |TAMS 0x0000000080f00000, 0x0000000080e00000| Untracked 
|  15|0x0000000080f00000, 0x0000000081000000, 0x0000000081000000|100%| O|  |TAMS 0x0000000081000000, 0x0000000080f00000| Untracked 
|  16|0x0000000081000000, 0x0000000081100000, 0x0000000081100000|100%|HS|  |TAMS 0x0000000081100000, 0x0000000081000000| Complete 
|  17|0x0000000081100000, 0x0000000081200000, 0x0000000081200000|100%|HC|  |TAMS 0x0000000081200000, 0x0000000081100000| Complete 
|  18|0x0000000081200000, 0x0000000081300000, 0x0000000081300000|100%|HS|  |TAMS 0x0000000081300000, 0x0000000081200000| Complete 
|  19|0x0000000081300000, 0x0000000081400000, 0x0000000081400000|100%|HC|  |TAMS 0x0000000081400000, 0x0000000081300000| Complete 
|  20|0x0000000081400000, 0x0000000081500000, 0x0000000081500000|100%|HC|  |TAMS 0x0000000081500000, 0x0000000081400000| Complete 
|  21|0x0000000081500000, 0x0000000081600000, 0x0000000081600000|100%|HS|  |TAMS 0x0000000081600000, 0x0000000081500000| Complete 
|  22|0x0000000081600000, 0x0000000081700000, 0x0000000081700000|100%|HC|  |TAMS 0x0000000081700000, 0x0000000081600000| Complete 
|  23|0x0000000081700000, 0x0000000081800000, 0x0000000081800000|100%|HC|  |TAMS 0x0000000081800000, 0x0000000081700000| Complete 
|  24|0x0000000081800000, 0x0000000081900000, 0x0000000081900000|100%|HC|  |TAMS 0x0000000081900000, 0x0000000081800000| Complete 
|  25|0x0000000081900000, 0x0000000081a00000, 0x0000000081a00000|100%| O|  |TAMS 0x0000000081a00000, 0x0000000081900000| Untracked 
|  26|0x0000000081a00000, 0x0000000081b00000, 0x0000000081b00000|100%| O|  |TAMS 0x0000000081b00000, 0x0000000081a00000| Untracked 
|  27|0x0000000081b00000, 0x0000000081c00000, 0x0000000081c00000|100%| O|  |TAMS 0x0000000081c00000, 0x0000000081b00000| Untracked 
|  28|0x0000000081c00000, 0x0000000081d00000, 0x0000000081d00000|100%| O|  |TAMS 0x0000000081d00000, 0x0000000081c00000| Untracked 
|  29|0x0000000081d00000, 0x0000000081e00000, 0x0000000081e00000|100%| O|  |TAMS 0x0000000081e00000, 0x0000000081d00000| Untracked 
|  30|0x0000000081e00000, 0x0000000081f00000, 0x0000000081f00000|100%|HS|  |TAMS 0x0000000081f00000, 0x0000000081e00000| Complete 
|  31|0x0000000081f00000, 0x0000000082000000, 0x0000000082000000|100%| O|  |TAMS 0x0000000082000000, 0x0000000081f00000| Untracked 
|  32|0x0000000082000000, 0x0000000082100000, 0x0000000082100000|100%| O|  |TAMS 0x0000000082100000, 0x0000000082000000| Untracked 
|  33|0x0000000082100000, 0x0000000082200000, 0x0000000082200000|100%|HS|  |TAMS 0x0000000082200000, 0x0000000082100000| Complete 
|  34|0x0000000082200000, 0x0000000082300000, 0x0000000082300000|100%|HC|  |TAMS 0x0000000082300000, 0x0000000082200000| Complete 
|  35|0x0000000082300000, 0x0000000082400000, 0x0000000082400000|100%|HC|  |TAMS 0x0000000082400000, 0x0000000082300000| Complete 
|  36|0x0000000082400000, 0x0000000082500000, 0x0000000082500000|100%|HC|  |TAMS 0x0000000082500000, 0x0000000082400000| Complete 
|  37|0x0000000082500000, 0x0000000082600000, 0x0000000082600000|100%|HS|  |TAMS 0x0000000082600000, 0x0000000082500000| Complete 
|  38|0x0000000082600000, 0x0000000082700000, 0x0000000082700000|100%|HC|  |TAMS 0x0000000082700000, 0x0000000082600000| Complete 
|  39|0x0000000082700000, 0x0000000082800000, 0x0000000082800000|100%|HC|  |TAMS 0x0000000082800000, 0x0000000082700000| Complete 
|  40|0x0000000082800000, 0x0000000082900000, 0x0000000082900000|100%| O|  |TAMS 0x0000000082900000, 0x0000000082800000| Untracked 
|  41|0x0000000082900000, 0x0000000082a00000, 0x0000000082a00000|100%| O|  |TAMS 0x0000000082a00000, 0x0000000082900000| Untracked 
|  42|0x0000000082a00000, 0x0000000082b00000, 0x0000000082b00000|100%| O|  |TAMS 0x0000000082b00000, 0x0000000082a00000| Untracked 
|  43|0x0000000082b00000, 0x0000000082c00000, 0x0000000082c00000|100%| O|  |TAMS 0x0000000082c00000, 0x0000000082b00000| Untracked 
|  44|0x0000000082c00000, 0x0000000082d00000, 0x0000000082d00000|100%| O|  |TAMS 0x0000000082d00000, 0x0000000082c00000| Untracked 
|  45|0x0000000082d00000, 0x0000000082e00000, 0x0000000082e00000|100%|HS|  |TAMS 0x0000000082e00000, 0x0000000082d00000| Complete 
|  46|0x0000000082e00000, 0x0000000082f00000, 0x0000000082f00000|100%|HC|  |TAMS 0x0000000082f00000, 0x0000000082e00000| Complete 
|  47|0x0000000082f00000, 0x0000000083000000, 0x0000000083000000|100%|HC|  |TAMS 0x0000000083000000, 0x0000000082f00000| Complete 
|  48|0x0000000083000000, 0x0000000083100000, 0x0000000083100000|100%|HS|  |TAMS 0x0000000083100000, 0x0000000083000000| Complete 
|  49|0x0000000083100000, 0x0000000083200000, 0x0000000083200000|100%|HC|  |TAMS 0x0000000083200000, 0x0000000083100000| Complete 
|  50|0x0000000083200000, 0x0000000083300000, 0x0000000083300000|100%| O|  |TAMS 0x0000000083300000, 0x0000000083200000| Untracked 
|  51|0x0000000083300000, 0x0000000083400000, 0x0000000083400000|100%| O|  |TAMS 0x0000000083400000, 0x0000000083300000| Untracked 
|  52|0x0000000083400000, 0x0000000083500000, 0x0000000083500000|100%| O|  |TAMS 0x0000000083500000, 0x0000000083400000| Untracked 
|  53|0x0000000083500000, 0x0000000083600000, 0x0000000083600000|100%| O|  |TAMS 0x0000000083600000, 0x0000000083500000| Untracked 
|  54|0x0000000083600000, 0x0000000083700000, 0x0000000083700000|100%| O|  |TAMS 0x0000000083700000, 0x0000000083600000| Untracked 
|  55|0x0000000083700000, 0x0000000083800000, 0x0000000083800000|100%| O|  |TAMS 0x0000000083800000, 0x0000000083700000| Untracked 
|  56|0x0000000083800000, 0x0000000083900000, 0x0000000083900000|100%| O|  |TAMS 0x0000000083900000, 0x0000000083800000| Untracked 
|  57|0x0000000083900000, 0x0000000083a00000, 0x0000000083a00000|100%| O|  |TAMS 0x0000000083a00000, 0x0000000083900000| Untracked 
|  58|0x0000000083a00000, 0x0000000083b00000, 0x0000000083b00000|100%| O|  |TAMS 0x0000000083b00000, 0x0000000083a00000| Untracked 
|  59|0x0000000083b00000, 0x0000000083c00000, 0x0000000083c00000|100%| O|  |TAMS 0x0000000083c00000, 0x0000000083b00000| Untracked 
|  60|0x0000000083c00000, 0x0000000083d00000, 0x0000000083d00000|100%| O|  |TAMS 0x0000000083d00000, 0x0000000083c00000| Untracked 
|  61|0x0000000083d00000, 0x0000000083e00000, 0x0000000083e00000|100%| O|  |TAMS 0x0000000083e00000, 0x0000000083d00000| Untracked 
|  62|0x0000000083e00000, 0x0000000083f00000, 0x0000000083f00000|100%| O|  |TAMS 0x0000000083f00000, 0x0000000083e00000| Untracked 
|  63|0x0000000083f00000, 0x0000000084000000, 0x0000000084000000|100%| O|  |TAMS 0x0000000084000000, 0x0000000083f00000| Untracked 
|  64|0x0000000084000000, 0x0000000084100000, 0x0000000084100000|100%| O|  |TAMS 0x0000000084100000, 0x0000000084000000| Untracked 
|  65|0x0000000084100000, 0x0000000084200000, 0x0000000084200000|100%| O|  |TAMS 0x0000000084200000, 0x0000000084100000| Untracked 
|  66|0x0000000084200000, 0x0000000084300000, 0x0000000084300000|100%| O|  |TAMS 0x0000000084300000, 0x0000000084200000| Untracked 
|  67|0x0000000084300000, 0x0000000084400000, 0x0000000084400000|100%| O|  |TAMS 0x0000000084400000, 0x0000000084300000| Untracked 
|  68|0x0000000084400000, 0x0000000084500000, 0x0000000084500000|100%| O|  |TAMS 0x0000000084500000, 0x0000000084400000| Untracked 
|  69|0x0000000084500000, 0x0000000084600000, 0x0000000084600000|100%| O|  |TAMS 0x0000000084600000, 0x0000000084500000| Untracked 
|  70|0x0000000084600000, 0x0000000084700000, 0x0000000084700000|100%| O|  |TAMS 0x0000000084700000, 0x0000000084600000| Untracked 
|  71|0x0000000084700000, 0x0000000084800000, 0x0000000084800000|100%| O|  |TAMS 0x0000000084800000, 0x0000000084700000| Untracked 
|  72|0x0000000084800000, 0x0000000084900000, 0x0000000084900000|100%| O|  |TAMS 0x000000008489b800, 0x0000000084800000| Untracked 
|  73|0x0000000084900000, 0x0000000084a00000, 0x0000000084a00000|100%| O|  |TAMS 0x0000000084900000, 0x0000000084900000| Untracked 
|  74|0x0000000084a00000, 0x0000000084b00000, 0x0000000084b00000|100%| O|  |TAMS 0x0000000084a00000, 0x0000000084a00000| Untracked 
|  75|0x0000000084b00000, 0x0000000084c00000, 0x0000000084c00000|100%| O|  |TAMS 0x0000000084b00000, 0x0000000084b00000| Untracked 
|  76|0x0000000084c00000, 0x0000000084d00000, 0x0000000084d00000|100%| O|  |TAMS 0x0000000084c00000, 0x0000000084c00000| Untracked 
|  77|0x0000000084d00000, 0x0000000084e00000, 0x0000000084e00000|100%| O|  |TAMS 0x0000000084d00000, 0x0000000084d00000| Untracked 
|  78|0x0000000084e00000, 0x0000000084f00000, 0x0000000084f00000|100%| O|  |TAMS 0x0000000084e00000, 0x0000000084e00000| Untracked 
|  79|0x0000000084f00000, 0x0000000085000000, 0x0000000085000000|100%| O|  |TAMS 0x0000000084f00000, 0x0000000084f00000| Untracked 
|  80|0x0000000085000000, 0x0000000085100000, 0x0000000085100000|100%| O|  |TAMS 0x0000000085000000, 0x0000000085000000| Untracked 
|  81|0x0000000085100000, 0x0000000085200000, 0x0000000085200000|100%| O|  |TAMS 0x0000000085100000, 0x0000000085100000| Untracked 
|  82|0x0000000085200000, 0x00000000852d2a00, 0x0000000085300000| 82%| O|  |TAMS 0x0000000085200000, 0x0000000085200000| Untracked 
|  83|0x0000000085300000, 0x0000000085300000, 0x0000000085400000|  0%| F|  |TAMS 0x0000000085300000, 0x0000000085300000| Untracked 
|  84|0x0000000085400000, 0x0000000085400000, 0x0000000085500000|  0%| F|  |TAMS 0x0000000085400000, 0x0000000085400000| Untracked 
|  85|0x0000000085500000, 0x0000000085500000, 0x0000000085600000|  0%| F|  |TAMS 0x0000000085500000, 0x0000000085500000| Untracked 
|  86|0x0000000085600000, 0x0000000085600000, 0x0000000085700000|  0%| F|  |TAMS 0x0000000085600000, 0x0000000085600000| Untracked 
|  87|0x0000000085700000, 0x0000000085700000, 0x0000000085800000|  0%| F|  |TAMS 0x0000000085700000, 0x0000000085700000| Untracked 
|  88|0x0000000085800000, 0x0000000085800000, 0x0000000085900000|  0%| F|  |TAMS 0x0000000085800000, 0x0000000085800000| Untracked 
|  89|0x0000000085900000, 0x0000000085900000, 0x0000000085a00000|  0%| F|  |TAMS 0x0000000085900000, 0x0000000085900000| Untracked 
|  90|0x0000000085a00000, 0x0000000085a00000, 0x0000000085b00000|  0%| F|  |TAMS 0x0000000085a00000, 0x0000000085a00000| Untracked 
|  91|0x0000000085b00000, 0x0000000085b00000, 0x0000000085c00000|  0%| F|  |TAMS 0x0000000085b00000, 0x0000000085b00000| Untracked 
|  92|0x0000000085c00000, 0x0000000085c00000, 0x0000000085d00000|  0%| F|  |TAMS 0x0000000085c00000, 0x0000000085c00000| Untracked 
|  93|0x0000000085d00000, 0x0000000085d00000, 0x0000000085e00000|  0%| F|  |TAMS 0x0000000085d00000, 0x0000000085d00000| Untracked 
|  94|0x0000000085e00000, 0x0000000085e00000, 0x0000000085f00000|  0%| F|  |TAMS 0x0000000085e00000, 0x0000000085e00000| Untracked 
|  95|0x0000000085f00000, 0x0000000085f00000, 0x0000000086000000|  0%| F|  |TAMS 0x0000000085f00000, 0x0000000085f00000| Untracked 
|  96|0x0000000086000000, 0x0000000086000000, 0x0000000086100000|  0%| F|  |TAMS 0x0000000086000000, 0x0000000086000000| Untracked 
|  97|0x0000000086100000, 0x0000000086100000, 0x0000000086200000|  0%| F|  |TAMS 0x0000000086100000, 0x0000000086100000| Untracked 
|  98|0x0000000086200000, 0x0000000086200000, 0x0000000086300000|  0%| F|  |TAMS 0x0000000086200000, 0x0000000086200000| Untracked 
|  99|0x0000000086300000, 0x0000000086300000, 0x0000000086400000|  0%| F|  |TAMS 0x0000000086300000, 0x0000000086300000| Untracked 
| 100|0x0000000086400000, 0x0000000086400000, 0x0000000086500000|  0%| F|  |TAMS 0x0000000086400000, 0x0000000086400000| Untracked 
| 101|0x0000000086500000, 0x0000000086500000, 0x0000000086600000|  0%| F|  |TAMS 0x0000000086500000, 0x0000000086500000| Untracked 
| 102|0x0000000086600000, 0x0000000086600000, 0x0000000086700000|  0%| F|  |TAMS 0x0000000086600000, 0x0000000086600000| Untracked 
| 103|0x0000000086700000, 0x0000000086700000, 0x0000000086800000|  0%| F|  |TAMS 0x0000000086700000, 0x0000000086700000| Untracked 
| 104|0x0000000086800000, 0x0000000086800000, 0x0000000086900000|  0%| F|  |TAMS 0x0000000086800000, 0x0000000086800000| Untracked 
| 105|0x0000000086900000, 0x0000000086900000, 0x0000000086a00000|  0%| F|  |TAMS 0x0000000086900000, 0x0000000086900000| Untracked 
| 106|0x0000000086a00000, 0x0000000086a00000, 0x0000000086b00000|  0%| F|  |TAMS 0x0000000086a00000, 0x0000000086a00000| Untracked 
| 107|0x0000000086b00000, 0x0000000086b00000, 0x0000000086c00000|  0%| F|  |TAMS 0x0000000086b00000, 0x0000000086b00000| Untracked 
| 108|0x0000000086c00000, 0x0000000086c00000, 0x0000000086d00000|  0%| F|  |TAMS 0x0000000086c00000, 0x0000000086c00000| Untracked 
| 109|0x0000000086d00000, 0x0000000086d00000, 0x0000000086e00000|  0%| F|  |TAMS 0x0000000086d00000, 0x0000000086d00000| Untracked 
| 110|0x0000000086e00000, 0x0000000086e00000, 0x0000000086f00000|  0%| F|  |TAMS 0x0000000086e00000, 0x0000000086e00000| Untracked 
| 111|0x0000000086f00000, 0x0000000086f00000, 0x0000000087000000|  0%| F|  |TAMS 0x0000000086f00000, 0x0000000086f00000| Untracked 
| 112|0x0000000087000000, 0x0000000087000000, 0x0000000087100000|  0%| F|  |TAMS 0x0000000087000000, 0x0000000087000000| Untracked 
| 113|0x0000000087100000, 0x0000000087100000, 0x0000000087200000|  0%| F|  |TAMS 0x0000000087100000, 0x0000000087100000| Untracked 
| 114|0x0000000087200000, 0x0000000087200000, 0x0000000087300000|  0%| F|  |TAMS 0x0000000087200000, 0x0000000087200000| Untracked 
| 115|0x0000000087300000, 0x00000000873462d0, 0x0000000087400000| 27%| S|CS|TAMS 0x0000000087300000, 0x0000000087300000| Complete 
| 116|0x0000000087400000, 0x0000000087400000, 0x0000000087500000|  0%| F|  |TAMS 0x0000000087400000, 0x0000000087400000| Untracked 
| 117|0x0000000087500000, 0x0000000087500000, 0x0000000087600000|  0%| F|  |TAMS 0x0000000087500000, 0x0000000087500000| Untracked 
| 118|0x0000000087600000, 0x0000000087600000, 0x0000000087700000|  0%| F|  |TAMS 0x0000000087600000, 0x0000000087600000| Untracked 
| 119|0x0000000087700000, 0x0000000087700000, 0x0000000087800000|  0%| F|  |TAMS 0x0000000087700000, 0x0000000087700000| Untracked 
| 120|0x0000000087800000, 0x0000000087800000, 0x0000000087900000|  0%| F|  |TAMS 0x0000000087800000, 0x0000000087800000| Untracked 
| 121|0x0000000087900000, 0x0000000087900000, 0x0000000087a00000|  0%| F|  |TAMS 0x0000000087900000, 0x0000000087900000| Untracked 
| 122|0x0000000087a00000, 0x0000000087a00000, 0x0000000087b00000|  0%| F|  |TAMS 0x0000000087a00000, 0x0000000087a00000| Untracked 
| 123|0x0000000087b00000, 0x0000000087c00000, 0x0000000087c00000|100%| S|CS|TAMS 0x0000000087b00000, 0x0000000087b00000| Complete 
| 124|0x0000000087c00000, 0x0000000087d00000, 0x0000000087d00000|100%| S|CS|TAMS 0x0000000087c00000, 0x0000000087c00000| Complete 
| 125|0x0000000087d00000, 0x0000000087e00000, 0x0000000087e00000|100%| S|CS|TAMS 0x0000000087d00000, 0x0000000087d00000| Complete 
| 126|0x0000000087e00000, 0x0000000087f00000, 0x0000000087f00000|100%| S|CS|TAMS 0x0000000087e00000, 0x0000000087e00000| Complete 
| 127|0x0000000087f00000, 0x0000000088000000, 0x0000000088000000|100%| S|CS|TAMS 0x0000000087f00000, 0x0000000087f00000| Complete 
| 128|0x0000000088000000, 0x0000000088000000, 0x0000000088100000|  0%| F|  |TAMS 0x0000000088000000, 0x0000000088000000| Untracked 
| 129|0x0000000088100000, 0x0000000088100000, 0x0000000088200000|  0%| F|  |TAMS 0x0000000088100000, 0x0000000088100000| Untracked 
| 130|0x0000000088200000, 0x0000000088200000, 0x0000000088300000|  0%| F|  |TAMS 0x0000000088200000, 0x0000000088200000| Untracked 
| 131|0x0000000088300000, 0x0000000088300000, 0x0000000088400000|  0%| F|  |TAMS 0x0000000088300000, 0x0000000088300000| Untracked 
| 132|0x0000000088400000, 0x0000000088400000, 0x0000000088500000|  0%| F|  |TAMS 0x0000000088400000, 0x0000000088400000| Untracked 
| 133|0x0000000088500000, 0x0000000088500000, 0x0000000088600000|  0%| F|  |TAMS 0x0000000088500000, 0x0000000088500000| Untracked 
| 134|0x0000000088600000, 0x0000000088682970, 0x0000000088700000| 51%| E|  |TAMS 0x0000000088600000, 0x0000000088600000| Complete 
| 135|0x0000000088700000, 0x0000000088800000, 0x0000000088800000|100%| E|CS|TAMS 0x0000000088700000, 0x0000000088700000| Complete 
| 136|0x0000000088800000, 0x0000000088900000, 0x0000000088900000|100%| E|CS|TAMS 0x0000000088800000, 0x0000000088800000| Complete 
| 137|0x0000000088900000, 0x0000000088a00000, 0x0000000088a00000|100%| E|CS|TAMS 0x0000000088900000, 0x0000000088900000| Complete 
| 138|0x0000000088a00000, 0x0000000088b00000, 0x0000000088b00000|100%| E|CS|TAMS 0x0000000088a00000, 0x0000000088a00000| Complete 
| 139|0x0000000088b00000, 0x0000000088c00000, 0x0000000088c00000|100%| E|CS|TAMS 0x0000000088b00000, 0x0000000088b00000| Complete 
| 140|0x0000000088c00000, 0x0000000088d00000, 0x0000000088d00000|100%| E|CS|TAMS 0x0000000088c00000, 0x0000000088c00000| Complete 
| 141|0x0000000088d00000, 0x0000000088e00000, 0x0000000088e00000|100%| E|CS|TAMS 0x0000000088d00000, 0x0000000088d00000| Complete 
| 142|0x0000000088e00000, 0x0000000088f00000, 0x0000000088f00000|100%| E|CS|TAMS 0x0000000088e00000, 0x0000000088e00000| Complete 
| 143|0x0000000088f00000, 0x0000000089000000, 0x0000000089000000|100%| E|CS|TAMS 0x0000000088f00000, 0x0000000088f00000| Complete 
| 144|0x0000000089000000, 0x0000000089100000, 0x0000000089100000|100%| E|CS|TAMS 0x0000000089000000, 0x0000000089000000| Complete 
| 145|0x0000000089100000, 0x0000000089200000, 0x0000000089200000|100%| E|CS|TAMS 0x0000000089100000, 0x0000000089100000| Complete 
| 146|0x0000000089200000, 0x0000000089300000, 0x0000000089300000|100%| E|CS|TAMS 0x0000000089200000, 0x0000000089200000| Complete 
| 147|0x0000000089300000, 0x0000000089400000, 0x0000000089400000|100%| E|CS|TAMS 0x0000000089300000, 0x0000000089300000| Complete 
| 148|0x0000000089400000, 0x0000000089500000, 0x0000000089500000|100%| E|CS|TAMS 0x0000000089400000, 0x0000000089400000| Complete 
| 149|0x0000000089500000, 0x0000000089600000, 0x0000000089600000|100%| E|CS|TAMS 0x0000000089500000, 0x0000000089500000| Complete 
| 150|0x0000000089600000, 0x0000000089700000, 0x0000000089700000|100%| E|CS|TAMS 0x0000000089600000, 0x0000000089600000| Complete 
| 151|0x0000000089700000, 0x0000000089800000, 0x0000000089800000|100%| E|CS|TAMS 0x0000000089700000, 0x0000000089700000| Complete 
| 152|0x0000000089800000, 0x0000000089900000, 0x0000000089900000|100%| E|CS|TAMS 0x0000000089800000, 0x0000000089800000| Complete 
| 153|0x0000000089900000, 0x0000000089a00000, 0x0000000089a00000|100%| E|CS|TAMS 0x0000000089900000, 0x0000000089900000| Complete 
| 154|0x0000000089a00000, 0x0000000089b00000, 0x0000000089b00000|100%| E|CS|TAMS 0x0000000089a00000, 0x0000000089a00000| Complete 
| 155|0x0000000089b00000, 0x0000000089c00000, 0x0000000089c00000|100%| E|CS|TAMS 0x0000000089b00000, 0x0000000089b00000| Complete 
| 156|0x0000000089c00000, 0x0000000089d00000, 0x0000000089d00000|100%| E|CS|TAMS 0x0000000089c00000, 0x0000000089c00000| Complete 
| 157|0x0000000089d00000, 0x0000000089e00000, 0x0000000089e00000|100%| E|CS|TAMS 0x0000000089d00000, 0x0000000089d00000| Complete 
| 158|0x0000000089e00000, 0x0000000089f00000, 0x0000000089f00000|100%| E|CS|TAMS 0x0000000089e00000, 0x0000000089e00000| Complete 
| 159|0x0000000089f00000, 0x000000008a000000, 0x000000008a000000|100%| E|CS|TAMS 0x0000000089f00000, 0x0000000089f00000| Complete 
| 160|0x000000008a000000, 0x000000008a100000, 0x000000008a100000|100%| E|CS|TAMS 0x000000008a000000, 0x000000008a000000| Complete 
| 161|0x000000008a100000, 0x000000008a200000, 0x000000008a200000|100%| E|CS|TAMS 0x000000008a100000, 0x000000008a100000| Complete 
| 162|0x000000008a200000, 0x000000008a300000, 0x000000008a300000|100%| E|CS|TAMS 0x000000008a200000, 0x000000008a200000| Complete 
| 163|0x000000008a300000, 0x000000008a400000, 0x000000008a400000|100%| E|CS|TAMS 0x000000008a300000, 0x000000008a300000| Complete 
| 164|0x000000008a400000, 0x000000008a500000, 0x000000008a500000|100%| E|CS|TAMS 0x000000008a400000, 0x000000008a400000| Complete 
| 165|0x000000008a500000, 0x000000008a600000, 0x000000008a600000|100%| E|CS|TAMS 0x000000008a500000, 0x000000008a500000| Complete 
| 166|0x000000008a600000, 0x000000008a700000, 0x000000008a700000|100%| E|CS|TAMS 0x000000008a600000, 0x000000008a600000| Complete 
| 167|0x000000008a700000, 0x000000008a800000, 0x000000008a800000|100%| E|CS|TAMS 0x000000008a700000, 0x000000008a700000| Complete 
| 168|0x000000008a800000, 0x000000008a900000, 0x000000008a900000|100%| E|CS|TAMS 0x000000008a800000, 0x000000008a800000| Complete 
| 169|0x000000008a900000, 0x000000008aa00000, 0x000000008aa00000|100%| E|CS|TAMS 0x000000008a900000, 0x000000008a900000| Complete 
| 170|0x000000008aa00000, 0x000000008ab00000, 0x000000008ab00000|100%| E|CS|TAMS 0x000000008aa00000, 0x000000008aa00000| Complete 
| 171|0x000000008ab00000, 0x000000008ac00000, 0x000000008ac00000|100%| E|CS|TAMS 0x000000008ab00000, 0x000000008ab00000| Complete 
| 172|0x000000008ac00000, 0x000000008ad00000, 0x000000008ad00000|100%| E|CS|TAMS 0x000000008ac00000, 0x000000008ac00000| Complete 
| 173|0x000000008ad00000, 0x000000008ae00000, 0x000000008ae00000|100%| E|CS|TAMS 0x000000008ad00000, 0x000000008ad00000| Complete 
| 174|0x000000008ae00000, 0x000000008af00000, 0x000000008af00000|100%| E|CS|TAMS 0x000000008ae00000, 0x000000008ae00000| Complete 
| 175|0x000000008af00000, 0x000000008b000000, 0x000000008b000000|100%| E|CS|TAMS 0x000000008af00000, 0x000000008af00000| Complete 
| 176|0x000000008b000000, 0x000000008b100000, 0x000000008b100000|100%| E|CS|TAMS 0x000000008b000000, 0x000000008b000000| Complete 
| 177|0x000000008b100000, 0x000000008b200000, 0x000000008b200000|100%| E|CS|TAMS 0x000000008b100000, 0x000000008b100000| Complete 
| 178|0x000000008b200000, 0x000000008b300000, 0x000000008b300000|100%| E|CS|TAMS 0x000000008b200000, 0x000000008b200000| Complete 
| 179|0x000000008b300000, 0x000000008b400000, 0x000000008b400000|100%| E|CS|TAMS 0x000000008b300000, 0x000000008b300000| Complete 
| 180|0x000000008b400000, 0x000000008b500000, 0x000000008b500000|100%| E|CS|TAMS 0x000000008b400000, 0x000000008b400000| Complete 
| 181|0x000000008b500000, 0x000000008b600000, 0x000000008b600000|100%| E|CS|TAMS 0x000000008b500000, 0x000000008b500000| Complete 
| 182|0x000000008b600000, 0x000000008b700000, 0x000000008b700000|100%| E|CS|TAMS 0x000000008b600000, 0x000000008b600000| Complete 

Card table byte_map: [0x000002e74e560000,0x000002e74e960000] _byte_map_base: 0x000002e74e160000

Marking Bits (Prev, Next): (CMBitMap*) 0x000002e7395ca6e0, (CMBitMap*) 0x000002e7395ca6a8
 Prev Bits: [0x000002e750d60000, 0x000002e752d60000)
 Next Bits: [0x000002e74ed60000, 0x000002e750d60000)

Polling page: 0x000002e739670000

Metaspace:

Usage:
  Non-class:     79.94 MB capacity,    78.31 MB ( 98%) used,     1.40 MB (  2%) free+waste,   235.88 KB ( <1%) overhead. 
      Class:     12.52 MB capacity,    11.68 MB ( 93%) used,   755.57 KB (  6%) free+waste,   107.75 KB ( <1%) overhead. 
       Both:     92.46 MB capacity,    89.98 MB ( 97%) used,     2.14 MB (  2%) free+waste,   343.63 KB ( <1%) overhead. 

Virtual space:
  Non-class space:       80.00 MB reserved,      80.00 MB (100%) committed 
      Class space:        1.00 GB reserved,      12.63 MB (  1%) committed 
             Both:        1.08 GB reserved,      92.63 MB (  8%) committed 

Chunk freelists:
   Non-Class:  1.00 KB
       Class:  13.00 KB
        Both:  14.00 KB

MaxMetaspaceSize: 17179869184.00 GB
CompressedClassSpaceSize: 1.00 GB

CodeHeap 'non-profiled nmethods': size=120000Kb used=6530Kb max_used=6530Kb free=113469Kb
 bounds [0x000002e7461b0000, 0x000002e746820000, 0x000002e74d6e0000]
CodeHeap 'profiled nmethods': size=120000Kb used=21440Kb max_used=21440Kb free=98559Kb
 bounds [0x000002e73ec80000, 0x000002e740180000, 0x000002e7461b0000]
CodeHeap 'non-nmethods': size=5760Kb used=2291Kb max_used=2360Kb free=3468Kb
 bounds [0x000002e73e6e0000, 0x000002e73e950000, 0x000002e73ec80000]
 total_blobs=10598 nmethods=9711 adapters=798
 compilation: enabled
              stopped_count=0, restarted_count=0
 full_count=0

Compilation events (20 events):
Event: 10.991 Thread 0x000002e755874800 9949       1       org.gradle.tooling.internal.gradle.DefaultProjectIdentifier::getBuildIdentifier (5 bytes)
Event: 10.991 Thread 0x000002e755874800 nmethod 9949 0x000002e74680f890 code [0x000002e74680fa40, 0x000002e74680faf8]
Event: 10.991 Thread 0x000002e755874800 9950   !   3       org.codehaus.groovy.runtime.typehandling.DefaultTypeTransformation::compareToWithEqualityCheck (414 bytes)
Event: 10.994 Thread 0x000002e755874800 nmethod 9950 0x000002e740164a90 code [0x000002e740165140, 0x000002e740169b18]
Event: 10.994 Thread 0x000002e755874800 9953       3       com.amazon.ion.impl.bin.IonRawBinaryWriter$RecyclingStack::push (78 bytes)
Event: 10.994 Thread 0x000002e755874800 nmethod 9953 0x000002e74016aa10 code [0x000002e74016ac20, 0x000002e74016b238]
Event: 10.994 Thread 0x000002e755874800 9954       3       com.amazon.ion.impl.bin.IonRawBinaryWriter::popContainer (190 bytes)
Event: 10.995 Thread 0x000002e755873800 nmethod 9935 0x000002e74680fb90 code [0x000002e74680fd60, 0x000002e746810358]
Event: 10.995 Thread 0x000002e755873800 9931       4       java.beans.Introspector::addMethod (196 bytes)
Event: 10.995 Thread 0x000002e755874800 nmethod 9954 0x000002e74016b410 code [0x000002e74016b680, 0x000002e74016c088]
Event: 10.995 Thread 0x000002e755874800 9951       3       org.gradle.tooling.internal.adapter.ProtocolToModelAdapter$InvocationHandlerImpl::invoke (176 bytes)
Event: 10.998 Thread 0x000002e755874800 nmethod 9951 0x000002e74016c410 code [0x000002e74016ca80, 0x000002e7401702c8]
Event: 10.998 Thread 0x000002e755874800 9956       3       com.google.common.base.Preconditions::checkNotNull (18 bytes)
Event: 10.998 Thread 0x000002e755874800 nmethod 9956 0x000002e740171690 code [0x000002e740171880, 0x000002e740171bd8]
Event: 10.998 Thread 0x000002e755874800 9955       3       java.lang.invoke.LambdaForm$MH/0x00000001009c0440::linkToTargetMethod (17 bytes)
Event: 10.998 Thread 0x000002e755874800 nmethod 9955 0x000002e740171d10 code [0x000002e740171ee0, 0x000002e740172198]
Event: 10.998 Thread 0x000002e755874800 9952       3       org.gradle.tooling.internal.adapter.ProtocolToModelAdapter::access$1300 (4 bytes)
Event: 10.998 Thread 0x000002e755874800 nmethod 9952 0x000002e740172290 code [0x000002e740172440, 0x000002e740172538]
Event: 10.998 Thread 0x000002e755874800 9957       1       org.gradle.api.internal.file.DefaultProjectLayout::getBuildDirectory (5 bytes)
Event: 10.998 Thread 0x000002e755874800 nmethod 9957 0x000002e746810710 code [0x000002e7468108c0, 0x000002e746810978]

GC Heap History (20 events):
Event: 6.434 GC heap before
{Heap before GC invocations=12 (full 0):
 garbage-first heap   total 129024K, used 89655K [0x0000000080000000, 0x0000000100000000)
  region size 1024K, 26 young (26624K), 2 survivors (2048K)
 Metaspace       used 58366K, capacity 60036K, committed 60160K, reserved 1101824K
  class space    used 7437K, capacity 8002K, committed 8064K, reserved 1048576K
}
Event: 6.438 GC heap after
{Heap after GC invocations=13 (full 0):
 garbage-first heap   total 129024K, used 68396K [0x0000000080000000, 0x0000000100000000)
  region size 1024K, 4 young (4096K), 4 survivors (4096K)
 Metaspace       used 58366K, capacity 60036K, committed 60160K, reserved 1101824K
  class space    used 7437K, capacity 8002K, committed 8064K, reserved 1048576K
}
Event: 6.672 GC heap before
{Heap before GC invocations=14 (full 0):
 garbage-first heap   total 129024K, used 84780K [0x0000000080000000, 0x0000000100000000)
  region size 1024K, 21 young (21504K), 4 survivors (4096K)
 Metaspace       used 59954K, capacity 61622K, committed 61824K, reserved 1103872K
  class space    used 7618K, capacity 8183K, committed 8320K, reserved 1048576K
}
Event: 6.677 GC heap after
{Heap after GC invocations=15 (full 0):
 garbage-first heap   total 129024K, used 69931K [0x0000000080000000, 0x0000000100000000)
  region size 1024K, 4 young (4096K), 4 survivors (4096K)
 Metaspace       used 59954K, capacity 61622K, committed 61824K, reserved 1103872K
  class space    used 7618K, capacity 8183K, committed 8320K, reserved 1048576K
}
Event: 7.005 GC heap before
{Heap before GC invocations=16 (full 0):
 garbage-first heap   total 129024K, used 100651K [0x0000000080000000, 0x0000000100000000)
  region size 1024K, 33 young (33792K), 4 survivors (4096K)
 Metaspace       used 62689K, capacity 64528K, committed 64640K, reserved 1105920K
  class space    used 7964K, capacity 8570K, committed 8576K, reserved 1048576K
}
Event: 7.011 GC heap after
{Heap after GC invocations=17 (full 0):
 garbage-first heap   total 155648K, used 71601K [0x0000000080000000, 0x0000000100000000)
  region size 1024K, 4 young (4096K), 4 survivors (4096K)
 Metaspace       used 62689K, capacity 64528K, committed 64640K, reserved 1105920K
  class space    used 7964K, capacity 8570K, committed 8576K, reserved 1048576K
}
Event: 7.416 GC heap before
{Heap before GC invocations=17 (full 0):
 garbage-first heap   total 155648K, used 110513K [0x0000000080000000, 0x0000000100000000)
  region size 1024K, 42 young (43008K), 4 survivors (4096K)
 Metaspace       used 65435K, capacity 67272K, committed 67456K, reserved 1107968K
  class space    used 8380K, capacity 8994K, committed 9088K, reserved 1048576K
}
Event: 7.422 GC heap after
{Heap after GC invocations=18 (full 0):
 garbage-first heap   total 155648K, used 74501K [0x0000000080000000, 0x0000000100000000)
  region size 1024K, 6 young (6144K), 6 survivors (6144K)
 Metaspace       used 65435K, capacity 67272K, committed 67456K, reserved 1107968K
  class space    used 8380K, capacity 8994K, committed 9088K, reserved 1048576K
}
Event: 7.882 GC heap before
{Heap before GC invocations=18 (full 0):
 garbage-first heap   total 155648K, used 114437K [0x0000000080000000, 0x0000000100000000)
  region size 1024K, 45 young (46080K), 6 survivors (6144K)
 Metaspace       used 70855K, capacity 72753K, committed 72832K, reserved 1112064K
  class space    used 9167K, capacity 9787K, committed 9856K, reserved 1048576K
}
Event: 7.888 GC heap after
{Heap after GC invocations=19 (full 0):
 garbage-first heap   total 155648K, used 77302K [0x0000000080000000, 0x0000000100000000)
  region size 1024K, 6 young (6144K), 6 survivors (6144K)
 Metaspace       used 70855K, capacity 72753K, committed 72832K, reserved 1112064K
  class space    used 9167K, capacity 9787K, committed 9856K, reserved 1048576K
}
Event: 8.331 GC heap before
{Heap before GC invocations=19 (full 0):
 garbage-first heap   total 155648K, used 118262K [0x0000000080000000, 0x0000000100000000)
  region size 1024K, 46 young (47104K), 6 survivors (6144K)
 Metaspace       used 74887K, capacity 76719K, committed 76928K, reserved 1116160K
  class space    used 9663K, capacity 10269K, committed 10368K, reserved 1048576K
}
Event: 8.339 GC heap after
{Heap after GC invocations=20 (full 0):
 garbage-first heap   total 155648K, used 79101K [0x0000000080000000, 0x0000000100000000)
  region size 1024K, 5 young (5120K), 5 survivors (5120K)
 Metaspace       used 74887K, capacity 76719K, committed 76928K, reserved 1116160K
  class space    used 9663K, capacity 10269K, committed 10368K, reserved 1048576K
}
Event: 8.843 GC heap before
{Heap before GC invocations=21 (full 0):
 garbage-first heap   total 155648K, used 120061K [0x0000000080000000, 0x0000000100000000)
  region size 1024K, 45 young (46080K), 5 survivors (5120K)
 Metaspace       used 77314K, capacity 79304K, committed 79616K, reserved 1118208K
  class space    used 9986K, capacity 10652K, committed 10752K, reserved 1048576K
}
Event: 8.852 GC heap after
{Heap after GC invocations=22 (full 0):
 garbage-first heap   total 187392K, used 81964K [0x0000000080000000, 0x0000000100000000)
  region size 1024K, 5 young (5120K), 5 survivors (5120K)
 Metaspace       used 77314K, capacity 79304K, committed 79616K, reserved 1118208K
  class space    used 9986K, capacity 10652K, committed 10752K, reserved 1048576K
}
Event: 9.437 GC heap before
{Heap before GC invocations=22 (full 0):
 garbage-first heap   total 187392K, used 136236K [0x0000000080000000, 0x0000000100000000)
  region size 1024K, 58 young (59392K), 5 survivors (5120K)
 Metaspace       used 81430K, capacity 83538K, committed 83712K, reserved 1122304K
  class space    used 10568K, capacity 11218K, committed 11264K, reserved 1048576K
}
Event: 9.442 GC heap after
{Heap after GC invocations=23 (full 0):
 garbage-first heap   total 187392K, used 85025K [0x0000000080000000, 0x0000000100000000)
  region size 1024K, 6 young (6144K), 6 survivors (6144K)
 Metaspace       used 81430K, capacity 83538K, committed 83712K, reserved 1122304K
  class space    used 10568K, capacity 11218K, committed 11264K, reserved 1048576K
}
Event: 10.047 GC heap before
{Heap before GC invocations=23 (full 0):
 garbage-first heap   total 187392K, used 140321K [0x0000000080000000, 0x0000000100000000)
  region size 1024K, 60 young (61440K), 6 survivors (6144K)
 Metaspace       used 85445K, capacity 87718K, committed 87936K, reserved 1126400K
  class space    used 11155K, capacity 11902K, committed 11904K, reserved 1048576K
}
Event: 10.053 GC heap after
{Heap after GC invocations=24 (full 0):
 garbage-first heap   total 187392K, used 88288K [0x0000000080000000, 0x0000000100000000)
  region size 1024K, 7 young (7168K), 7 survivors (7168K)
 Metaspace       used 85445K, capacity 87718K, committed 87936K, reserved 1126400K
  class space    used 11155K, capacity 11902K, committed 11904K, reserved 1048576K
}
Event: 10.532 GC heap before
{Heap before GC invocations=24 (full 0):
 garbage-first heap   total 187392K, used 143584K [0x0000000080000000, 0x0000000100000000)
  region size 1024K, 62 young (63488K), 7 survivors (7168K)
 Metaspace       used 89261K, capacity 91604K, committed 91904K, reserved 1128448K
  class space    used 11662K, capacity 12472K, committed 12544K, reserved 1048576K
}
Event: 10.538 GC heap after
{Heap after GC invocations=25 (full 0):
 garbage-first heap   total 187392K, used 90211K [0x0000000080000000, 0x0000000100000000)
  region size 1024K, 6 young (6144K), 6 survivors (6144K)
 Metaspace       used 89261K, capacity 91604K, committed 91904K, reserved 1128448K
  class space    used 11662K, capacity 12472K, committed 12544K, reserved 1048576K
}

Deoptimization events (20 events):
Event: 10.939 Thread 0x000002e756c97000 Uncommon trap: trap_request=0xffffff6e fr.pc=0x000002e7467574cc relative=0x000000000000076c
Event: 10.939 Thread 0x000002e756c97000 Uncommon trap: reason=speculate_class_check action=maybe_recompile pc=0x000002e7467574cc method=sun.security.provider.DigestBase.implCompressMultiBlock([BII)I @ 11 c2
Event: 10.939 Thread 0x000002e756c97000 DEOPT PACKING pc=0x000002e7467574cc sp=0x000000e7f89f7e00
Event: 10.939 Thread 0x000002e756c97000 DEOPT UNPACKING pc=0x000002e73e6e822f sp=0x000000e7f89f7d38 mode 2
Event: 10.941 Thread 0x000002e756c97000 Uncommon trap: trap_request=0xffffff6e fr.pc=0x000002e7467574cc relative=0x000000000000076c
Event: 10.941 Thread 0x000002e756c97000 Uncommon trap: reason=speculate_class_check action=maybe_recompile pc=0x000002e7467574cc method=sun.security.provider.DigestBase.implCompressMultiBlock([BII)I @ 11 c2
Event: 10.941 Thread 0x000002e756c97000 DEOPT PACKING pc=0x000002e7467574cc sp=0x000000e7f89f7de0
Event: 10.941 Thread 0x000002e756c97000 DEOPT UNPACKING pc=0x000002e73e6e822f sp=0x000000e7f89f7d18 mode 2
Event: 10.954 Thread 0x000002e756c97000 DEOPT PACKING pc=0x000002e73f4148f0 sp=0x000000e7f89f9040
Event: 10.954 Thread 0x000002e756c97000 DEOPT UNPACKING pc=0x000002e73e708ade sp=0x000000e7f89f8518 mode 0
Event: 10.983 Thread 0x000002e756c97000 DEOPT PACKING pc=0x000002e73f4148f0 sp=0x000000e7f89fa320
Event: 10.983 Thread 0x000002e756c97000 DEOPT UNPACKING pc=0x000002e73e708ade sp=0x000000e7f89f97f8 mode 0
Event: 10.997 Thread 0x000002e756c97000 Uncommon trap: trap_request=0xffffffc6 fr.pc=0x000002e746711004 relative=0x00000000000043c4
Event: 10.997 Thread 0x000002e756c97000 Uncommon trap: reason=bimorphic_or_optimized_type_check action=maybe_recompile pc=0x000002e746711004 method=java.util.AbstractCollection.addAll(Ljava/util/Collection;)Z @ 29 c2
Event: 10.997 Thread 0x000002e756c97000 DEOPT PACKING pc=0x000002e746711004 sp=0x000000e7f89fa4e0
Event: 10.997 Thread 0x000002e756c97000 DEOPT UNPACKING pc=0x000002e73e6e822f sp=0x000000e7f89fa4e0 mode 2
Event: 10.997 Thread 0x000002e756c97000 Uncommon trap: trap_request=0xffffffc6 fr.pc=0x000002e746711004 relative=0x00000000000043c4
Event: 10.997 Thread 0x000002e756c97000 Uncommon trap: reason=bimorphic_or_optimized_type_check action=maybe_recompile pc=0x000002e746711004 method=java.util.AbstractCollection.addAll(Ljava/util/Collection;)Z @ 29 c2
Event: 10.997 Thread 0x000002e756c97000 DEOPT PACKING pc=0x000002e746711004 sp=0x000000e7f89fa1e0
Event: 10.997 Thread 0x000002e756c97000 DEOPT UNPACKING pc=0x000002e73e6e822f sp=0x000000e7f89fa1e0 mode 2

Classes redefined (0 events):
No events

Internal exceptions (20 events):
Event: 10.939 Thread 0x000002e756c97000 Exception <a 'java/lang/NoSuchMethodError'{0x0000000089271488}: <clinit>> (0x0000000089271488) thrown at [./src/hotspot/share/prims/jni.cpp, line 1362]
Event: 10.941 Thread 0x000002e756c97000 Exception <a 'java/lang/NoSuchMethodError'{0x00000000892ab258}: <clinit>> (0x00000000892ab258) thrown at [./src/hotspot/share/prims/jni.cpp, line 1362]
Event: 10.955 Thread 0x000002e756c97000 Exception <a 'java/lang/ClassNotFoundException'{0x000000008901b148}: java/util/LinkedHashSetBeanInfo> (0x000000008901b148) thrown at [./src/hotspot/share/classfile/systemDictionary.cpp, line 231]
Event: 10.955 Thread 0x000002e756c97000 Exception <a 'java/lang/ClassNotFoundException'{0x0000000089022480}: java/util/HashSetBeanInfo> (0x0000000089022480) thrown at [./src/hotspot/share/classfile/systemDictionary.cpp, line 231]
Event: 10.955 Thread 0x000002e756c97000 Exception <a 'java/lang/ClassNotFoundException'{0x0000000089029e00}: java/util/AbstractSetBeanInfo> (0x0000000089029e00) thrown at [./src/hotspot/share/classfile/systemDictionary.cpp, line 231]
Event: 10.955 Thread 0x000002e756c97000 Exception <a 'java/lang/ClassNotFoundException'{0x0000000089031758}: java/util/AbstractSetCustomizer> (0x0000000089031758) thrown at [./src/hotspot/share/classfile/systemDictionary.cpp, line 231]
Event: 10.956 Thread 0x000002e756c97000 Exception <a 'java/lang/ClassNotFoundException'{0x000000008903d270}: java/util/HashSetCustomizer> (0x000000008903d270) thrown at [./src/hotspot/share/classfile/systemDictionary.cpp, line 231]
Event: 10.956 Thread 0x000002e756c97000 Exception <a 'java/lang/ClassNotFoundException'{0x000000008904cd08}: java/util/LinkedHashSetCustomizer> (0x000000008904cd08) thrown at [./src/hotspot/share/classfile/systemDictionary.cpp, line 231]
Event: 10.962 Thread 0x000002e756c97000 Exception <a 'java/lang/ClassNotFoundException'{0x0000000088f27ca8}: com/android/build/gradle/tasks/factory/AndroidUnitTest_DecoratedBeanInfo> (0x0000000088f27ca8) thrown at [./src/hotspot/share/classfile/systemDictionary.cpp, line 231]
Event: 10.963 Thread 0x000002e756c97000 Exception <a 'java/lang/ClassNotFoundException'{0x0000000088f3d188}: com/android/build/gradle/tasks/factory/AndroidUnitTestBeanInfo> (0x0000000088f3d188) thrown at [./src/hotspot/share/classfile/systemDictionary.cpp, line 231]
Event: 10.963 Thread 0x000002e756c97000 Exception <a 'java/lang/ClassNotFoundException'{0x0000000088f549d0}: org/gradle/api/tasks/testing/TestBeanInfo> (0x0000000088f549d0) thrown at [./src/hotspot/share/classfile/systemDictionary.cpp, line 231]
Event: 10.964 Thread 0x000002e756c97000 Exception <a 'java/lang/ClassNotFoundException'{0x0000000088f70528}: org/gradle/api/tasks/testing/AbstractTestTaskBeanInfo> (0x0000000088f70528) thrown at [./src/hotspot/share/classfile/systemDictionary.cpp, line 231]
Event: 10.965 Thread 0x000002e756c97000 Exception <a 'java/lang/ClassNotFoundException'{0x0000000088f8bc20}: org/gradle/api/tasks/testing/AbstractTestTaskCustomizer> (0x0000000088f8bc20) thrown at [./src/hotspot/share/classfile/systemDictionary.cpp, line 231]
Event: 10.966 Thread 0x000002e756c97000 Exception <a 'java/lang/ClassNotFoundException'{0x0000000088fc2710}: org/gradle/api/tasks/testing/TestCustomizer> (0x0000000088fc2710) thrown at [./src/hotspot/share/classfile/systemDictionary.cpp, line 231]
Event: 10.971 Thread 0x000002e756c97000 Exception <a 'java/lang/ClassNotFoundException'{0x0000000088e6dc58}: com/android/build/gradle/tasks/factory/AndroidUnitTestCustomizer> (0x0000000088e6dc58) thrown at [./src/hotspot/share/classfile/systemDictionary.cpp, line 231]
Event: 10.972 Thread 0x000002e756c97000 Exception <a 'java/lang/ClassNotFoundException'{0x0000000088ea0628}: com/android/build/gradle/tasks/factory/AndroidUnitTest_DecoratedCustomizer> (0x0000000088ea0628) thrown at [./src/hotspot/share/classfile/systemDictionary.cpp, line 231]
Event: 10.984 Thread 0x000002e756c97000 Exception <a 'java/lang/ClassNotFoundException'{0x0000000088b8d070}: org/gradle/api/internal/tasks/DefaultSourceSetContainer_DecoratedBeanInfo> (0x0000000088b8d070) thrown at [./src/hotspot/share/classfile/systemDictionary.cpp, line 231]
Event: 10.984 Thread 0x000002e756c97000 Exception <a 'java/lang/ClassNotFoundException'{0x0000000088ba9110}: org/gradle/api/internal/tasks/DefaultSourceSetContainerBeanInfo> (0x0000000088ba9110) thrown at [./src/hotspot/share/classfile/systemDictionary.cpp, line 231]
Event: 10.985 Thread 0x000002e756c97000 Exception <a 'java/lang/ClassNotFoundException'{0x0000000088bc3f70}: org/gradle/api/internal/tasks/DefaultSourceSetContainerCustomizer> (0x0000000088bc3f70) thrown at [./src/hotspot/share/classfile/systemDictionary.cpp, line 231]
Event: 10.985 Thread 0x000002e756c97000 Exception <a 'java/lang/ClassNotFoundException'{0x0000000088bed218}: org/gradle/api/internal/tasks/DefaultSourceSetContainer_DecoratedCustomizer> (0x0000000088bed218) thrown at [./src/hotspot/share/classfile/systemDictionary.cpp, line 231]

Events (20 events):
Event: 11.013 loading class com/google/common/base/CharMatcher$RangesMatcher
Event: 11.013 loading class com/google/common/base/CharMatcher$RangesMatcher done
Event: 11.013 loading class com/google/common/base/CharMatcher$Negated
Event: 11.013 loading class com/google/common/base/CharMatcher$Negated done
Event: 11.013 loading class com/google/common/base/CharMatcher$And
Event: 11.013 loading class com/google/common/base/CharMatcher$And done
Event: 11.013 loading class com/google/common/base/CharMatcher$JavaLowerCase
Event: 11.013 loading class com/google/common/base/CharMatcher$JavaLowerCase done
Event: 11.014 loading class com/google/common/base/CharMatcher$JavaUpperCase
Event: 11.014 loading class com/google/common/base/CharMatcher$JavaUpperCase done
Event: 11.014 loading class com/google/common/base/CharMatcher$JavaDigit
Event: 11.014 loading class com/google/common/base/CharMatcher$JavaDigit done
Event: 11.014 loading class com/google/common/base/CharMatcher$JavaLetter
Event: 11.014 loading class com/google/common/base/CharMatcher$JavaLetter done
Event: 11.014 loading class com/google/common/base/CharMatcher$JavaLetterOrDigit
Event: 11.014 loading class com/google/common/base/CharMatcher$JavaLetterOrDigit done
Event: 11.014 loading class com/google/common/base/CharMatcher$Or
Event: 11.014 loading class com/google/common/base/CharMatcher$Or done
Event: 11.014 loading class com/google/common/base/CharMatcher$Any
Event: 11.014 loading class com/google/common/base/CharMatcher$Any done


Dynamic libraries:
0x00007ff6cd2f0000 - 0x00007ff6cd2fa000 	C:\Program Files\Android\Android Studio\jre\bin\java.exe
0x00007ffe97b30000 - 0x00007ffe97d25000 	C:\WINDOWS\SYSTEM32\ntdll.dll
0x00007ffe97990000 - 0x00007ffe97a4d000 	C:\WINDOWS\System32\KERNEL32.DLL
0x00007ffe957b0000 - 0x00007ffe95a78000 	C:\WINDOWS\System32\KERNELBASE.dll
0x00007ffe952a0000 - 0x00007ffe953a0000 	C:\WINDOWS\System32\ucrtbase.dll
0x00007ffe7efa0000 - 0x00007ffe7efb9000 	C:\Program Files\Android\Android Studio\jre\bin\jli.dll
0x00007ffe977e0000 - 0x00007ffe97980000 	C:\WINDOWS\System32\USER32.dll
0x00007ffe95270000 - 0x00007ffe95292000 	C:\WINDOWS\System32\win32u.dll
0x00007ffe95ed0000 - 0x00007ffe95efa000 	C:\WINDOWS\System32\GDI32.dll
0x00007ffe95a80000 - 0x00007ffe95b8b000 	C:\WINDOWS\System32\gdi32full.dll
0x00007ffe95580000 - 0x00007ffe9561d000 	C:\WINDOWS\System32\msvcp_win.dll
0x00007ffe77740000 - 0x00007ffe779da000 	C:\WINDOWS\WinSxS\amd64_microsoft.windows.common-controls_6595b64144ccf1df_6.0.19041.844_none_ca00b6081b84eb1d\COMCTL32.dll
0x00007ffe96bd0000 - 0x00007ffe96c6e000 	C:\WINDOWS\System32\msvcrt.dll
0x00007ffe7ec20000 - 0x00007ffe7ec37000 	C:\Program Files\Android\Android Studio\jre\bin\VCRUNTIME140.dll
0x00007ffe97a50000 - 0x00007ffe97a80000 	C:\WINDOWS\System32\IMM32.DLL
0x00007ffe5f9a0000 - 0x00007ffe5fa3d000 	C:\Program Files\Android\Android Studio\jre\bin\msvcp140.dll
0x00007ffe4a250000 - 0x00007ffe4ad0c000 	C:\Program Files\Android\Android Studio\jre\bin\server\jvm.dll
0x00007ffe95b90000 - 0x00007ffe95c3c000 	C:\WINDOWS\System32\ADVAPI32.dll
0x00007ffe95e30000 - 0x00007ffe95ecb000 	C:\WINDOWS\System32\sechost.dll
0x00007ffe96160000 - 0x00007ffe9628b000 	C:\WINDOWS\System32\RPCRT4.dll
0x00007ffe97980000 - 0x00007ffe97988000 	C:\WINDOWS\System32\PSAPI.DLL
0x00007ffe71ff0000 - 0x00007ffe71ff9000 	C:\WINDOWS\SYSTEM32\WSOCK32.dll
0x00007ffe97a80000 - 0x00007ffe97aeb000 	C:\WINDOWS\System32\WS2_32.dll
0x00007ffe94e00000 - 0x00007ffe94e0a000 	C:\WINDOWS\SYSTEM32\VERSION.dll
0x00007ffe79930000 - 0x00007ffe79957000 	C:\WINDOWS\SYSTEM32\WINMM.dll
0x00007ffe93ad0000 - 0x00007ffe93ae2000 	C:\WINDOWS\SYSTEM32\kernel.appcore.dll
0x00007ffe8cb40000 - 0x00007ffe8cb51000 	C:\Program Files\Android\Android Studio\jre\bin\verify.dll
0x00007ffe93050000 - 0x00007ffe93234000 	C:\WINDOWS\SYSTEM32\DBGHELP.DLL
0x00007ffe71850000 - 0x00007ffe7187c000 	C:\WINDOWS\SYSTEM32\dbgcore.DLL
0x00007ffe95620000 - 0x00007ffe956a0000 	C:\WINDOWS\System32\bcryptPrimitives.dll
0x00007ffe8c2c0000 - 0x00007ffe8c2e9000 	C:\Program Files\Android\Android Studio\jre\bin\java.dll
0x00007ffe8c270000 - 0x00007ffe8c27b000 	C:\Program Files\Android\Android Studio\jre\bin\jimage.dll
0x00007ffe8c250000 - 0x00007ffe8c268000 	C:\Program Files\Android\Android Studio\jre\bin\zip.dll
0x00007ffe962a0000 - 0x00007ffe969e2000 	C:\WINDOWS\System32\SHELL32.dll
0x00007ffe93330000 - 0x00007ffe93ac0000 	C:\WINDOWS\SYSTEM32\windows.storage.dll
0x00007ffe96c70000 - 0x00007ffe96fc5000 	C:\WINDOWS\System32\combase.dll
0x00007ffe94c70000 - 0x00007ffe94c9c000 	C:\WINDOWS\SYSTEM32\Wldp.dll
0x00007ffe95c40000 - 0x00007ffe95cee000 	C:\WINDOWS\System32\SHCORE.dll
0x00007ffe97780000 - 0x00007ffe977d5000 	C:\WINDOWS\System32\shlwapi.dll
0x00007ffe951b0000 - 0x00007ffe951cf000 	C:\WINDOWS\SYSTEM32\profapi.dll
0x00007ffe8acc0000 - 0x00007ffe8acda000 	C:\Program Files\Android\Android Studio\jre\bin\net.dll
0x00007ffe7d5b0000 - 0x00007ffe7d6bb000 	C:\WINDOWS\SYSTEM32\WINHTTP.dll
0x00007ffe949e0000 - 0x00007ffe94a4a000 	C:\WINDOWS\system32\mswsock.dll
0x00007ffe8ab40000 - 0x00007ffe8ab54000 	C:\Program Files\Android\Android Studio\jre\bin\nio.dll
0x00007ffe7de40000 - 0x00007ffe7de67000 	C:\Users\Apolo\.gradle\native\fdc75f09e3144964f2cf3f50f0aa648679c211496f362492102eb8c894070792\windows-amd64\native-platform.dll
0x00007ffe57980000 - 0x00007ffe57b16000 	C:\Users\Apolo\.gradle\native\12488b8bf47d2d4c9fbf2f6322a914ad602e24e48041cd04a747c6da556b65c4\windows-amd64\native-platform-file-events.dll
0x00007ffe8c210000 - 0x00007ffe8c21a000 	C:\Program Files\Android\Android Studio\jre\bin\management.dll
0x00007ffe8ba50000 - 0x00007ffe8ba5c000 	C:\Program Files\Android\Android Studio\jre\bin\management_ext.dll
0x00007ffe94bb0000 - 0x00007ffe94bc8000 	C:\WINDOWS\SYSTEM32\CRYPTSP.dll
0x00007ffe94310000 - 0x00007ffe94344000 	C:\WINDOWS\system32\rsaenh.dll
0x00007ffe95550000 - 0x00007ffe95577000 	C:\WINDOWS\System32\bcrypt.dll
0x00007ffe95130000 - 0x00007ffe9515e000 	C:\WINDOWS\SYSTEM32\USERENV.dll
0x00007ffe94bd0000 - 0x00007ffe94bdc000 	C:\WINDOWS\SYSTEM32\CRYPTBASE.dll
0x00007ffe94680000 - 0x00007ffe946bb000 	C:\WINDOWS\SYSTEM32\IPHLPAPI.DLL
0x00007ffe96290000 - 0x00007ffe96298000 	C:\WINDOWS\System32\NSI.dll
0x00007ffe888a0000 - 0x00007ffe888b7000 	C:\WINDOWS\SYSTEM32\dhcpcsvc6.DLL
0x00007ffe89d90000 - 0x00007ffe89dad000 	C:\WINDOWS\SYSTEM32\dhcpcsvc.DLL
0x00007ffe946c0000 - 0x00007ffe9478c000 	C:\WINDOWS\SYSTEM32\DNSAPI.dll
0x00007ffe89fa0000 - 0x00007ffe89fab000 	C:\WINDOWS\SYSTEM32\WINNSI.DLL

dbghelp: loaded successfully - version: 4.0.5 - missing functions: none
symbol engine: initialized successfully - sym options: 0x614 - pdb path: .;C:\Program Files\Android\Android Studio\jre\bin;C:\WINDOWS\SYSTEM32;C:\WINDOWS\WinSxS\amd64_microsoft.windows.common-controls_6595b64144ccf1df_6.0.19041.844_none_ca00b6081b84eb1d;C:\Program Files\Android\Android Studio\jre\bin\server;C:\Users\Apolo\.gradle\native\fdc75f09e3144964f2cf3f50f0aa648679c211496f362492102eb8c894070792\windows-amd64;C:\Users\Apolo\.gradle\native\12488b8bf47d2d4c9fbf2f6322a914ad602e24e48041cd04a747c6da556b65c4\windows-amd64

VM Arguments:
jvm_args: --add-opens=java.base/java.util=ALL-UNNAMED --add-opens=java.base/java.lang=ALL-UNNAMED --add-opens=java.base/java.lang.invoke=ALL-UNNAMED --add-opens=java.prefs/java.util.prefs=ALL-UNNAMED -Xmx2048m -Dfile.encoding=windows-1252 -Duser.country=ES -Duser.language=es -Duser.variant 
java_command: org.gradle.launcher.daemon.bootstrap.GradleDaemon 6.7.1
java_class_path (initial): C:\Users\Apolo\.gradle\wrapper\dists\gradle-6.7.1-bin\bwlcbys1h7rz3272sye1xwiv6\gradle-6.7.1\lib\gradle-launcher-6.7.1.jar
Launcher Type: SUN_STANDARD

[Global flags]
     intx CICompilerCount                          = 4                                         {product} {ergonomic}
     uint ConcGCThreads                            = 2                                         {product} {ergonomic}
     uint G1ConcRefinementThreads                  = 8                                         {product} {ergonomic}
   size_t G1HeapRegionSize                         = 1048576                                   {product} {ergonomic}
    uintx GCDrainStackTargetSize                   = 64                                        {product} {ergonomic}
   size_t InitialHeapSize                          = 132120576                                 {product} {ergonomic}
   size_t MarkStackSize                            = 4194304                                   {product} {ergonomic}
   size_t MaxHeapSize                              = 2147483648                                {product} {command line}
   size_t MaxNewSize                               = 1287651328                                {product} {ergonomic}
   size_t MinHeapDeltaBytes                        = 1048576                                   {product} {ergonomic}
    uintx NonNMethodCodeHeapSize                   = 5836300                                {pd product} {ergonomic}
    uintx NonProfiledCodeHeapSize                  = 122910970                              {pd product} {ergonomic}
    uintx ProfiledCodeHeapSize                     = 122910970                              {pd product} {ergonomic}
    uintx ReservedCodeCacheSize                    = 251658240                              {pd product} {ergonomic}
     bool SegmentedCodeCache                       = true                                      {product} {ergonomic}
     bool UseCompressedClassPointers               = true                                 {lp64_product} {ergonomic}
     bool UseCompressedOops                        = true                                 {lp64_product} {ergonomic}
     bool UseG1GC                                  = true                                      {product} {ergonomic}
     bool UseLargePagesIndividualAllocation        = false                                  {pd product} {ergonomic}

Logging:
Log output configuration:
 #0: stdout all=warning uptime,level,tags
 #1: stderr all=off uptime,level,tags

Environment Variables:
PATH=C:\orant\bin;C:\Program Files\Common Files\Oracle\Java\javapath;C:\Program Files (x86)\Common Files\Oracle\Java\javapath;C:\WINDOWS\system32;C:\WINDOWS;C:\WINDOWS\System32\Wbem;C:\WINDOWS\System32\WindowsPowerShell\v1.0\;C:\WINDOWS\System32\OpenSSH\;C:\orant\jdk\bin;C:\Program Files (x86)\Intel\Intel(R) Memory And Storage Tool\;C:\Program Files\Git\cmd;C:\Program Files\nodejs\;C:\instantclient_12_1\;C:\Users\Apolo\AppData\Local\Microsoft\WindowsApps;C:\Users\Apolo\AppData\Local\Programs\Microsoft VS Code\bin;C:\Users\Apolo\AppData\Roaming\npm;C:\Users\Apolo\AppData\Local\atom\bin;
USERNAME=Apolo
OS=Windows_NT
PROCESSOR_IDENTIFIER=Intel64 Family 6 Model 126 Stepping 5, GenuineIntel



---------------  S Y S T E M  ---------------

OS: Windows 10 , 64 bit Build 19041 (10.0.19041.928)
OS uptime: 10 days 4:04 hours

CPU:total 8 (initial active 8) (4 cores per cpu, 2 threads per core) family 6 model 126 stepping 5, cmov, cx8, fxsr, mmx, sse, sse2, sse3, ssse3, sse4.1, sse4.2, popcnt, avx, avx2, aes, clmul, erms, 3dnowpref, lzcnt, ht, tsc, tscinvbit, bmi1, bmi2, adx, evex, sha, fma

Memory: 4k page, system-wide physical 7973M (556M free)
TotalPageFile size 11461M (AvailPageFile size 27M)
current process WorkingSet (physical memory assigned to process): 456M, peak: 456M
current process commit charge ("private bytes"): 495M, peak: 496M

vm_info: OpenJDK 64-Bit Server VM (11.0.8+10-b944.6842174) for windows-amd64 JRE (11.0.8+10-b944.6842174), built on Sep 19 2020 01:11:42 by "builder" with MS VC++ 14.0 (VS2015)

END.
