#
# There is insufficient memory for the Java Runtime Environment to continue.
# Native memory allocation (mmap) failed to map 27262976 bytes for Failed to commit area from 0x0000000087e00000 to 0x0000000089800000 of length 27262976.
# Possible reasons:
#   The system is out of physical RAM or swap space
#   The process is running with CompressedOops enabled, and the Java Heap may be blocking the growth of the native heap
# Possible solutions:
#   Reduce memory load on the system
#   Increase physical memory or swap space
#   Check if swap backing store is full
#   Decrease Java heap size (-Xmx/-Xms)
#   Decrease number of Java threads
#   Decrease Java thread stack sizes (-Xss)
#   Set larger code cache with -XX:ReservedCodeCacheSize=
#   JVM is running with Unscaled Compressed Oops mode in which the Java heap is
#     placed in the first 4GB address space. The Java Heap base address is the
#     maximum limit for the native heap growth. Please use -XX:HeapBaseMinAddress
#     to set the Java Heap base and to place the Java Heap above 4GB virtual address.
# This output file may be truncated or incomplete.
#
#  Out of Memory Error (./src/hotspot/os/windows/os_windows.cpp:3303), pid=5088, tid=45544
#
# JRE version: OpenJDK Runtime Environment (11.0.8+10) (build 11.0.8+10-b944.6842174)
# Java VM: OpenJDK 64-Bit Server VM (11.0.8+10-b944.6842174, mixed mode, tiered, compressed oops, g1 gc, windows-amd64)
# No core dump will be written. Minidumps are not enabled by default on client versions of Windows
#

---------------  S U M M A R Y ------------

Command Line: --add-opens=java.base/java.util=ALL-UNNAMED --add-opens=java.base/java.lang=ALL-UNNAMED --add-opens=java.base/java.lang.invoke=ALL-UNNAMED --add-opens=java.prefs/java.util.prefs=ALL-UNNAMED -Xmx2048m -Dfile.encoding=windows-1252 -Duser.country=ES -Duser.language=es -Duser.variant org.gradle.launcher.daemon.bootstrap.GradleDaemon 6.7.1

Host: Intel(R) Core(TM) i7-1065G7 CPU @ 1.30GHz, 8 cores, 7G,  Windows 10 , 64 bit Build 19041 (10.0.19041.1023)
Time: Fri Jun 25 10:13:04 2021 Hora estándar de Paraguay elapsed time: 3 seconds (0d 0h 0m 3s)

---------------  T H R E A D  ---------------

Current thread (0x000001b123851800):  VMThread "VM Thread" [stack: 0x000000106d500000,0x000000106d600000] [id=45544]

Stack: [0x000000106d500000,0x000000106d600000]
[error occurred during error reporting (printing stack bounds), id 0xc0000005, EXCEPTION_ACCESS_VIOLATION (0xc0000005) at pc=0x000001b10c6e0f67]

Native frames: (J=compiled Java code, j=interpreted, Vv=VM code, C=native code)
V  [jvm.dll+0x5de50a]
V  [jvm.dll+0x7122f5]
V  [jvm.dll+0x71384d]
V  [jvm.dll+0x713e65]
V  [jvm.dll+0x713e1b]
V  [jvm.dll+0x5dd958]
V  [jvm.dll+0x5de0f8]
C  [ntdll.dll+0xa217f]
C  [ntdll.dll+0x51454]
C  [ntdll.dll+0xa0cae]
C  0x000001b10c6e0f67

VM_Operation (0x000000106ebf0650): G1CollectForAllocation, mode: safepoint, requested by thread 0x000001b126a73800


---------------  P R O C E S S  ---------------

Threads class SMR info:
_java_thread_list=0x000001b126ad1fe0, length=31, elements={
0x000001b108d3a000, 0x000001b124071800, 0x000001b124072800, 0x000001b12385b000,
0x000001b12385d000, 0x000001b12385e000, 0x000001b123864000, 0x000001b123865000,
0x000001b12423e800, 0x000001b12425f800, 0x000001b125fba800, 0x000001b124d01800,
0x000001b1259c3800, 0x000001b1243f0800, 0x000001b125f82800, 0x000001b125d6d800,
0x000001b125d6e800, 0x000001b126a73800, 0x000001b125250800, 0x000001b125251000,
0x000001b125bfb000, 0x000001b1258b4800, 0x000001b1258b6000, 0x000001b1258b0000,
0x000001b1258b1000, 0x000001b1258b5000, 0x000001b1258b2800, 0x000001b1258b2000,
0x000001b1258b3800, 0x000001b1258b7000, 0x000001b126ee9000
}

Java Threads: ( => current thread )
  0x000001b108d3a000 JavaThread "main" [_thread_blocked, id=39356, stack(0x000000106cf00000,0x000000106d000000)]
  0x000001b124071800 JavaThread "Reference Handler" daemon [_thread_blocked, id=21684, stack(0x000000106d600000,0x000000106d700000)]
  0x000001b124072800 JavaThread "Finalizer" daemon [_thread_blocked, id=44816, stack(0x000000106d700000,0x000000106d800000)]
  0x000001b12385b000 JavaThread "Signal Dispatcher" daemon [_thread_blocked, id=4760, stack(0x000000106d800000,0x000000106d900000)]
  0x000001b12385d000 JavaThread "Attach Listener" daemon [_thread_blocked, id=45976, stack(0x000000106d900000,0x000000106da00000)]
  0x000001b12385e000 JavaThread "C2 CompilerThread0" daemon [_thread_blocked, id=8216, stack(0x000000106da00000,0x000000106db00000)]
  0x000001b123864000 JavaThread "C1 CompilerThread0" daemon [_thread_blocked, id=36812, stack(0x000000106db00000,0x000000106dc00000)]
  0x000001b123865000 JavaThread "Sweeper thread" daemon [_thread_blocked, id=41540, stack(0x000000106dc00000,0x000000106dd00000)]
  0x000001b12423e800 JavaThread "Common-Cleaner" daemon [_thread_blocked, id=35264, stack(0x000000106dd00000,0x000000106de00000)]
  0x000001b12425f800 JavaThread "Service Thread" daemon [_thread_blocked, id=10136, stack(0x000000106de00000,0x000000106df00000)]
  0x000001b125fba800 JavaThread "Daemon health stats" [_thread_blocked, id=50644, stack(0x000000106e400000,0x000000106e500000)]
  0x000001b124d01800 JavaThread "C2 CompilerThread1" daemon [_thread_blocked, id=33472, stack(0x000000106e500000,0x000000106e600000)]
  0x000001b1259c3800 JavaThread "Incoming local TCP Connector on port 61902" [_thread_in_native, id=5336, stack(0x000000106e600000,0x000000106e700000)]
  0x000001b1243f0800 JavaThread "Daemon periodic checks" [_thread_blocked, id=18764, stack(0x000000106e700000,0x000000106e800000)]
  0x000001b125f82800 JavaThread "Daemon" [_thread_blocked, id=24544, stack(0x000000106e800000,0x000000106e900000)]
  0x000001b125d6d800 JavaThread "Handler for socket connection from /127.0.0.1:61902 to /127.0.0.1:61903" [_thread_in_native, id=54692, stack(0x000000106e900000,0x000000106ea00000)]
  0x000001b125d6e800 JavaThread "Cancel handler" [_thread_blocked, id=52420, stack(0x000000106ea00000,0x000000106eb00000)]
  0x000001b126a73800 JavaThread "Daemon worker" [_thread_blocked, id=32784, stack(0x000000106eb00000,0x000000106ec00000)]
  0x000001b125250800 JavaThread "Asynchronous log dispatcher for DefaultDaemonConnection: socket connection from /127.0.0.1:61902 to /127.0.0.1:61903" [_thread_blocked, id=18560, stack(0x000000106ec00000,0x000000106ed00000)]
  0x000001b125251000 JavaThread "Stdin handler" [_thread_blocked, id=21744, stack(0x000000106ed00000,0x000000106ee00000)]
  0x000001b125bfb000 JavaThread "Thread-8" [_thread_blocked, id=40296, stack(0x000000106ee00000,0x000000106ef00000)]
  0x000001b1258b4800 JavaThread "Cache worker for file hash cache (C:\Users\Apolo\.gradle\caches\6.7.1\fileHashes)" [_thread_blocked, id=35932, stack(0x000000106f400000,0x000000106f500000)]
  0x000001b1258b6000 JavaThread "File lock request listener" [_thread_in_native, id=41288, stack(0x000000106f500000,0x000000106f600000)]
  0x000001b1258b0000 JavaThread "Cache worker for journal cache (C:\Users\Apolo\.gradle\caches\journal-1)" [_thread_blocked, id=30784, stack(0x000000106f700000,0x000000106f800000)]
  0x000001b1258b1000 JavaThread "Cache worker for file hash cache (C:\Android\Proyecto\VendedoresKT\ApoloVendedor\.gradle\6.7.1\fileHashes)" [_thread_blocked, id=31112, stack(0x000000106f800000,0x000000106f900000)]
  0x000001b1258b5000 JavaThread "Cache worker for checksums cache (C:\Android\Proyecto\VendedoresKT\ApoloVendedor\.gradle\checksums)" [_thread_blocked, id=9176, stack(0x000000106f900000,0x000000106fa00000)]
  0x000001b1258b2800 JavaThread "Cache worker for cache directory md-supplier (C:\Users\Apolo\.gradle\caches\6.7.1\md-supplier)" [_thread_blocked, id=22760, stack(0x000000106fa00000,0x000000106fb00000)]
  0x000001b1258b2000 JavaThread "Cache worker for cache directory md-rule (C:\Users\Apolo\.gradle\caches\6.7.1\md-rule)" [_thread_blocked, id=14576, stack(0x000000106fb00000,0x000000106fc00000)]
  0x000001b1258b3800 JavaThread "Cache worker for execution history cache (C:\Users\Apolo\.gradle\caches\6.7.1\executionHistory)" [_thread_blocked, id=56792, stack(0x000000106fc00000,0x000000106fd00000)]
  0x000001b1258b7000 JavaThread "jar transforms" [_thread_blocked, id=19164, stack(0x000000106fd00000,0x000000106fe00000)]
  0x000001b126ee9000 JavaThread "Cache worker for file content cache (C:\Users\Apolo\.gradle\caches\6.7.1\fileContent)" [_thread_blocked, id=33016, stack(0x000000106fe00000,0x000000106ff00000)]

Other Threads:
=>0x000001b123851800 VMThread "VM Thread" [stack: 0x000000106d500000,0x000000106d600000] [id=45544]
  0x000001b124272000 WatcherThread [stack: 0x000000106df00000,0x000000106e000000] [id=48104]
  0x000001b108d52000 GCTaskThread "GC Thread#0" [stack: 0x000000106d000000,0x000000106d100000] [id=15972]
  0x000001b124d00800 GCTaskThread "GC Thread#1" [stack: 0x000000106e200000,0x000000106e300000] [id=19404]
  0x000001b12500b000 GCTaskThread "GC Thread#2" [stack: 0x000000106e300000,0x000000106e400000] [id=26692]
  0x000001b1254a7000 GCTaskThread "GC Thread#3" [stack: 0x000000106ef00000,0x000000106f000000] [id=32240]
  0x000001b124668800 GCTaskThread "GC Thread#4" [stack: 0x000000106f000000,0x000000106f100000] [id=28660]
  0x000001b12561b800 GCTaskThread "GC Thread#5" [stack: 0x000000106f100000,0x000000106f200000] [id=55052]
  0x000001b12546e000 GCTaskThread "GC Thread#6" [stack: 0x000000106f200000,0x000000106f300000] [id=49852]
  0x000001b1256b5800 GCTaskThread "GC Thread#7" [stack: 0x000000106f300000,0x000000106f400000] [id=28320]
  0x000001b108d82800 ConcurrentGCThread "G1 Main Marker" [stack: 0x000000106d100000,0x000000106d200000] [id=23772]
  0x000001b108d86000 ConcurrentGCThread "G1 Conc#0" [stack: 0x000000106d200000,0x000000106d300000] [id=11648]
  0x000001b125189800 ConcurrentGCThread "G1 Conc#1" [stack: 0x000000106f600000,0x000000106f700000] [id=10500]
  0x000001b108e1e800 ConcurrentGCThread "G1 Refine#0" [stack: 0x000000106d300000,0x000000106d400000] [id=35240]
  0x000001b12369e800 ConcurrentGCThread "G1 Young RemSet Sampling" [stack: 0x000000106d400000,0x000000106d500000] [id=10956]

Threads with active compile tasks:
C2 CompilerThread0   3650 3071       4       org.codehaus.groovy.runtime.metaclass.MetaMethodIndex::addMethodToList (298 bytes)
C2 CompilerThread1   3650 3198       4       org.objectweb.asm.Frame::execute (2318 bytes)

VM state:at safepoint (normal execution)

VM Mutex/Monitor currently owned by a thread:  ([mutex/lock_event])
[0x000001b108d36bb0] Threads_lock - owner thread: 0x000001b123851800
[0x000001b108d36f10] Heap_lock - owner thread: 0x000001b126a73800

Heap address: 0x0000000080000000, size: 2048 MB, Compressed Oops mode: 32-bit
Narrow klass base: 0x0000000000000000, Narrow klass shift: 3
Compressed class space size: 1073741824 Address: 0x0000000100000000

Heap:
 garbage-first heap   total 155648K, used 24550K [0x0000000080000000, 0x0000000100000000)
  region size 1024K, 7 young (7168K), 7 survivors (7168K)
 Metaspace       used 40769K, capacity 41734K, committed 41856K, reserved 1085440K
  class space    used 5205K, capacity 5501K, committed 5504K, reserved 1048576K
Heap Regions: E=young(eden), S=young(survivor), O=old, HS=humongous(starts), HC=humongous(continues), CS=collection set, F=free, A=archive, TAMS=top-at-mark-start (previous, next)
|   0|0x0000000080000000, 0x0000000080100000, 0x0000000080100000|100%| O|  |TAMS 0x0000000080100000, 0x0000000080000000| Untracked 
|   1|0x0000000080100000, 0x0000000080200000, 0x0000000080200000|100%| O|  |TAMS 0x0000000080200000, 0x0000000080100000| Untracked 
|   2|0x0000000080200000, 0x0000000080300000, 0x0000000080300000|100%| O|  |TAMS 0x0000000080300000, 0x0000000080200000| Untracked 
|   3|0x0000000080300000, 0x0000000080400000, 0x0000000080400000|100%|HS|  |TAMS 0x0000000080400000, 0x0000000080300000| Complete 
|   4|0x0000000080400000, 0x0000000080500000, 0x0000000080500000|100%|HC|  |TAMS 0x0000000080500000, 0x0000000080400000| Complete 
|   5|0x0000000080500000, 0x0000000080600000, 0x0000000080600000|100%|HC|  |TAMS 0x0000000080600000, 0x0000000080500000| Complete 
|   6|0x0000000080600000, 0x0000000080700000, 0x0000000080700000|100%| O|  |TAMS 0x0000000080700000, 0x0000000080600000| Untracked 
|   7|0x0000000080700000, 0x00000000807ffff8, 0x0000000080800000| 99%| O|  |TAMS 0x00000000807ffff8, 0x0000000080700000| Untracked 
|   8|0x0000000080800000, 0x0000000080900000, 0x0000000080900000|100%| O|  |TAMS 0x0000000080900000, 0x0000000080800000| Untracked 
|   9|0x0000000080900000, 0x0000000080a00000, 0x0000000080a00000|100%| O|  |TAMS 0x0000000080a00000, 0x0000000080900000| Untracked 
|  10|0x0000000080a00000, 0x0000000080b00000, 0x0000000080b00000|100%| O|  |TAMS 0x0000000080b00000, 0x0000000080a00000| Untracked 
|  11|0x0000000080b00000, 0x0000000080c00000, 0x0000000080c00000|100%| O|  |TAMS 0x0000000080c00000, 0x0000000080b00000| Untracked 
|  12|0x0000000080c00000, 0x0000000080d00000, 0x0000000080d00000|100%| O|  |TAMS 0x0000000080d00000, 0x0000000080c00000| Untracked 
|  13|0x0000000080d00000, 0x0000000080e00000, 0x0000000080e00000|100%| O|  |TAMS 0x0000000080e00000, 0x0000000080d00000| Untracked 
|  14|0x0000000080e00000, 0x0000000080f00000, 0x0000000080f00000|100%| O|  |TAMS 0x0000000080eec400, 0x0000000080e00000| Untracked 
|  15|0x0000000080f00000, 0x0000000080f00000, 0x0000000081000000|  0%| F|  |TAMS 0x0000000080f00000, 0x0000000080f00000| Untracked 
|  16|0x0000000081000000, 0x0000000081000000, 0x0000000081100000|  0%| F|  |TAMS 0x0000000081000000, 0x0000000081000000| Untracked 
|  17|0x0000000081100000, 0x0000000081100000, 0x0000000081200000|  0%| F|  |TAMS 0x0000000081100000, 0x0000000081100000| Untracked 
|  18|0x0000000081200000, 0x0000000081200000, 0x0000000081300000|  0%| F|  |TAMS 0x0000000081200000, 0x0000000081200000| Untracked 
|  19|0x0000000081300000, 0x0000000081400000, 0x0000000081400000|100%| O|  |TAMS 0x0000000081300000, 0x0000000081300000| Untracked 
|  20|0x0000000081400000, 0x0000000081500000, 0x0000000081500000|100%| O|  |TAMS 0x0000000081400000, 0x0000000081400000| Untracked 
|  21|0x0000000081500000, 0x0000000081534800, 0x0000000081600000| 20%| O|  |TAMS 0x0000000081500000, 0x0000000081500000| Untracked 
|  22|0x0000000081600000, 0x0000000081600000, 0x0000000081700000|  0%| F|  |TAMS 0x0000000081600000, 0x0000000081600000| Untracked 
|  23|0x0000000081700000, 0x0000000081700000, 0x0000000081800000|  0%| F|  |TAMS 0x0000000081700000, 0x0000000081700000| Untracked 
|  24|0x0000000081800000, 0x0000000081800000, 0x0000000081900000|  0%| F|  |TAMS 0x0000000081800000, 0x0000000081800000| Untracked 
|  25|0x0000000081900000, 0x0000000081900000, 0x0000000081a00000|  0%| F|  |TAMS 0x0000000081900000, 0x0000000081900000| Untracked 
|  26|0x0000000081a00000, 0x0000000081a00000, 0x0000000081b00000|  0%| F|  |TAMS 0x0000000081a00000, 0x0000000081a00000| Untracked 
|  27|0x0000000081b00000, 0x0000000081b00000, 0x0000000081c00000|  0%| F|  |TAMS 0x0000000081b00000, 0x0000000081b00000| Untracked 
|  28|0x0000000081c00000, 0x0000000081c00000, 0x0000000081d00000|  0%| F|  |TAMS 0x0000000081c00000, 0x0000000081c00000| Untracked 
|  29|0x0000000081d00000, 0x0000000081d00000, 0x0000000081e00000|  0%| F|  |TAMS 0x0000000081d00000, 0x0000000081d00000| Untracked 
|  30|0x0000000081e00000, 0x0000000081e00000, 0x0000000081f00000|  0%| F|  |TAMS 0x0000000081e00000, 0x0000000081e00000| Untracked 
|  31|0x0000000081f00000, 0x0000000081f00000, 0x0000000082000000|  0%| F|  |TAMS 0x0000000081f00000, 0x0000000081f00000| Untracked 
|  32|0x0000000082000000, 0x0000000082000000, 0x0000000082100000|  0%| F|  |TAMS 0x0000000082000000, 0x0000000082000000| Untracked 
|  33|0x0000000082100000, 0x0000000082100000, 0x0000000082200000|  0%| F|  |TAMS 0x0000000082100000, 0x0000000082100000| Untracked 
|  34|0x0000000082200000, 0x0000000082200000, 0x0000000082300000|  0%| F|  |TAMS 0x0000000082200000, 0x0000000082200000| Untracked 
|  35|0x0000000082300000, 0x0000000082300000, 0x0000000082400000|  0%| F|  |TAMS 0x0000000082300000, 0x0000000082300000| Untracked 
|  36|0x0000000082400000, 0x0000000082400000, 0x0000000082500000|  0%| F|  |TAMS 0x0000000082400000, 0x0000000082400000| Untracked 
|  37|0x0000000082500000, 0x0000000082500000, 0x0000000082600000|  0%| F|  |TAMS 0x0000000082500000, 0x0000000082500000| Untracked 
|  38|0x0000000082600000, 0x0000000082600000, 0x0000000082700000|  0%| F|  |TAMS 0x0000000082600000, 0x0000000082600000| Untracked 
|  39|0x0000000082700000, 0x0000000082700000, 0x0000000082800000|  0%| F|  |TAMS 0x0000000082700000, 0x0000000082700000| Untracked 
|  40|0x0000000082800000, 0x0000000082800000, 0x0000000082900000|  0%| F|  |TAMS 0x0000000082800000, 0x0000000082800000| Untracked 
|  41|0x0000000082900000, 0x0000000082900000, 0x0000000082a00000|  0%| F|  |TAMS 0x0000000082900000, 0x0000000082900000| Untracked 
|  42|0x0000000082a00000, 0x0000000082a00000, 0x0000000082b00000|  0%| F|  |TAMS 0x0000000082a00000, 0x0000000082a00000| Untracked 
|  43|0x0000000082b00000, 0x0000000082b00000, 0x0000000082c00000|  0%| F|  |TAMS 0x0000000082b00000, 0x0000000082b00000| Untracked 
|  44|0x0000000082c00000, 0x0000000082c00000, 0x0000000082d00000|  0%| F|  |TAMS 0x0000000082c00000, 0x0000000082c00000| Untracked 
|  45|0x0000000082d00000, 0x0000000082d00000, 0x0000000082e00000|  0%| F|  |TAMS 0x0000000082d00000, 0x0000000082d00000| Untracked 
|  46|0x0000000082e00000, 0x0000000082e00000, 0x0000000082f00000|  0%| F|  |TAMS 0x0000000082e00000, 0x0000000082e00000| Untracked 
|  47|0x0000000082f00000, 0x0000000082f00000, 0x0000000083000000|  0%| F|  |TAMS 0x0000000082f00000, 0x0000000082f00000| Untracked 
|  48|0x0000000083000000, 0x0000000083000000, 0x0000000083100000|  0%| F|  |TAMS 0x0000000083000000, 0x0000000083000000| Untracked 
|  49|0x0000000083100000, 0x0000000083100000, 0x0000000083200000|  0%| F|  |TAMS 0x0000000083100000, 0x0000000083100000| Untracked 
|  50|0x0000000083200000, 0x0000000083200000, 0x0000000083300000|  0%| F|  |TAMS 0x0000000083200000, 0x0000000083200000| Untracked 
|  51|0x0000000083300000, 0x0000000083300000, 0x0000000083400000|  0%| F|  |TAMS 0x0000000083300000, 0x0000000083300000| Untracked 
|  52|0x0000000083400000, 0x0000000083400000, 0x0000000083500000|  0%| F|  |TAMS 0x0000000083400000, 0x0000000083400000| Untracked 
|  53|0x0000000083500000, 0x0000000083500000, 0x0000000083600000|  0%| F|  |TAMS 0x0000000083500000, 0x0000000083500000| Untracked 
|  54|0x0000000083600000, 0x00000000836c5378, 0x0000000083700000| 77%| S|CS|TAMS 0x0000000083600000, 0x0000000083600000| Complete 
|  55|0x0000000083700000, 0x0000000083800000, 0x0000000083800000|100%| S|CS|TAMS 0x0000000083700000, 0x0000000083700000| Complete 
|  56|0x0000000083800000, 0x0000000083900000, 0x0000000083900000|100%| S|CS|TAMS 0x0000000083800000, 0x0000000083800000| Complete 
|  57|0x0000000083900000, 0x0000000083a00000, 0x0000000083a00000|100%| S|CS|TAMS 0x0000000083900000, 0x0000000083900000| Complete 
|  58|0x0000000083a00000, 0x0000000083b00000, 0x0000000083b00000|100%| S|CS|TAMS 0x0000000083a00000, 0x0000000083a00000| Complete 
|  59|0x0000000083b00000, 0x0000000083c00000, 0x0000000083c00000|100%| S|CS|TAMS 0x0000000083b00000, 0x0000000083b00000| Complete 
|  60|0x0000000083c00000, 0x0000000083d00000, 0x0000000083d00000|100%| S|CS|TAMS 0x0000000083c00000, 0x0000000083c00000| Complete 
|  61|0x0000000083d00000, 0x0000000083d00000, 0x0000000083e00000|  0%| F|  |TAMS 0x0000000083d00000, 0x0000000083d00000| Untracked 
|  62|0x0000000083e00000, 0x0000000083e00000, 0x0000000083f00000|  0%| F|  |TAMS 0x0000000083e00000, 0x0000000083e00000| Untracked 
|  63|0x0000000083f00000, 0x0000000083f00000, 0x0000000084000000|  0%| F|  |TAMS 0x0000000083f00000, 0x0000000083f00000| Untracked 
|  64|0x0000000084000000, 0x0000000084000000, 0x0000000084100000|  0%| F|  |TAMS 0x0000000084000000, 0x0000000084000000| Untracked 
|  65|0x0000000084100000, 0x0000000084100000, 0x0000000084200000|  0%| F|  |TAMS 0x0000000084100000, 0x0000000084100000| Untracked 
|  66|0x0000000084200000, 0x0000000084200000, 0x0000000084300000|  0%| F|  |TAMS 0x0000000084200000, 0x0000000084200000| Untracked 
|  67|0x0000000084300000, 0x0000000084300000, 0x0000000084400000|  0%| F|  |TAMS 0x0000000084300000, 0x0000000084300000| Untracked 
|  68|0x0000000084400000, 0x0000000084400000, 0x0000000084500000|  0%| F|  |TAMS 0x0000000084400000, 0x0000000084400000| Untracked 
|  69|0x0000000084500000, 0x0000000084500000, 0x0000000084600000|  0%| F|  |TAMS 0x0000000084500000, 0x0000000084500000| Untracked 
|  70|0x0000000084600000, 0x0000000084600000, 0x0000000084700000|  0%| F|  |TAMS 0x0000000084600000, 0x0000000084600000| Untracked 
|  71|0x0000000084700000, 0x0000000084700000, 0x0000000084800000|  0%| F|  |TAMS 0x0000000084700000, 0x0000000084700000| Untracked 
|  72|0x0000000084800000, 0x0000000084800000, 0x0000000084900000|  0%| F|  |TAMS 0x0000000084800000, 0x0000000084800000| Untracked 
|  73|0x0000000084900000, 0x0000000084900000, 0x0000000084a00000|  0%| F|  |TAMS 0x0000000084900000, 0x0000000084900000| Untracked 
|  74|0x0000000084a00000, 0x0000000084a00000, 0x0000000084b00000|  0%| F|  |TAMS 0x0000000084a00000, 0x0000000084a00000| Untracked 
|  75|0x0000000084b00000, 0x0000000084b00000, 0x0000000084c00000|  0%| F|  |TAMS 0x0000000084b00000, 0x0000000084b00000| Untracked 
|  76|0x0000000084c00000, 0x0000000084c00000, 0x0000000084d00000|  0%| F|  |TAMS 0x0000000084c00000, 0x0000000084c00000| Untracked 
|  77|0x0000000084d00000, 0x0000000084d00000, 0x0000000084e00000|  0%| F|  |TAMS 0x0000000084d00000, 0x0000000084d00000| Untracked 
|  78|0x0000000084e00000, 0x0000000084e00000, 0x0000000084f00000|  0%| F|  |TAMS 0x0000000084e00000, 0x0000000084e00000| Untracked 
|  79|0x0000000084f00000, 0x0000000084f00000, 0x0000000085000000|  0%| F|  |TAMS 0x0000000084f00000, 0x0000000084f00000| Untracked 
|  80|0x0000000085000000, 0x0000000085000000, 0x0000000085100000|  0%| F|  |TAMS 0x0000000085000000, 0x0000000085000000| Untracked 
|  81|0x0000000085100000, 0x0000000085100000, 0x0000000085200000|  0%| F|  |TAMS 0x0000000085100000, 0x0000000085100000| Untracked 
|  82|0x0000000085200000, 0x0000000085200000, 0x0000000085300000|  0%| F|  |TAMS 0x0000000085200000, 0x0000000085200000| Untracked 
|  83|0x0000000085300000, 0x0000000085300000, 0x0000000085400000|  0%| F|  |TAMS 0x0000000085300000, 0x0000000085300000| Untracked 
|  84|0x0000000085400000, 0x0000000085400000, 0x0000000085500000|  0%| F|  |TAMS 0x0000000085400000, 0x0000000085400000| Untracked 
|  85|0x0000000085500000, 0x0000000085500000, 0x0000000085600000|  0%| F|  |TAMS 0x0000000085500000, 0x0000000085500000| Untracked 
|  86|0x0000000085600000, 0x0000000085600000, 0x0000000085700000|  0%| F|  |TAMS 0x0000000085600000, 0x0000000085600000| Untracked 
|  87|0x0000000085700000, 0x0000000085700000, 0x0000000085800000|  0%| F|  |TAMS 0x0000000085700000, 0x0000000085700000| Untracked 
|  88|0x0000000085800000, 0x0000000085800000, 0x0000000085900000|  0%| F|  |TAMS 0x0000000085800000, 0x0000000085800000| Untracked 
|  89|0x0000000085900000, 0x0000000085900000, 0x0000000085a00000|  0%| F|  |TAMS 0x0000000085900000, 0x0000000085900000| Untracked 
|  90|0x0000000085a00000, 0x0000000085a00000, 0x0000000085b00000|  0%| F|  |TAMS 0x0000000085a00000, 0x0000000085a00000| Untracked 
|  91|0x0000000085b00000, 0x0000000085b00000, 0x0000000085c00000|  0%| F|  |TAMS 0x0000000085b00000, 0x0000000085b00000| Untracked 
|  92|0x0000000085c00000, 0x0000000085c00000, 0x0000000085d00000|  0%| F|  |TAMS 0x0000000085c00000, 0x0000000085c00000| Untracked 
|  93|0x0000000085d00000, 0x0000000085d00000, 0x0000000085e00000|  0%| F|  |TAMS 0x0000000085d00000, 0x0000000085d00000| Untracked 
|  94|0x0000000085e00000, 0x0000000085e00000, 0x0000000085f00000|  0%| F|  |TAMS 0x0000000085e00000, 0x0000000085e00000| Untracked 
|  95|0x0000000085f00000, 0x0000000085f00000, 0x0000000086000000|  0%| F|  |TAMS 0x0000000085f00000, 0x0000000085f00000| Untracked 
|  96|0x0000000086000000, 0x0000000086000000, 0x0000000086100000|  0%| F|  |TAMS 0x0000000086000000, 0x0000000086000000| Untracked 
|  97|0x0000000086100000, 0x0000000086100000, 0x0000000086200000|  0%| F|  |TAMS 0x0000000086100000, 0x0000000086100000| Untracked 
|  98|0x0000000086200000, 0x0000000086200000, 0x0000000086300000|  0%| F|  |TAMS 0x0000000086200000, 0x0000000086200000| Untracked 
|  99|0x0000000086300000, 0x0000000086300000, 0x0000000086400000|  0%| F|  |TAMS 0x0000000086300000, 0x0000000086300000| Untracked 
| 100|0x0000000086400000, 0x0000000086400000, 0x0000000086500000|  0%| F|  |TAMS 0x0000000086400000, 0x0000000086400000| Untracked 
| 101|0x0000000086500000, 0x0000000086500000, 0x0000000086600000|  0%| F|  |TAMS 0x0000000086500000, 0x0000000086500000| Untracked 
| 102|0x0000000086600000, 0x0000000086600000, 0x0000000086700000|  0%| F|  |TAMS 0x0000000086600000, 0x0000000086600000| Untracked 
| 103|0x0000000086700000, 0x0000000086700000, 0x0000000086800000|  0%| F|  |TAMS 0x0000000086700000, 0x0000000086700000| Untracked 
| 104|0x0000000086800000, 0x0000000086800000, 0x0000000086900000|  0%| F|  |TAMS 0x0000000086800000, 0x0000000086800000| Untracked 
| 105|0x0000000086900000, 0x0000000086900000, 0x0000000086a00000|  0%| F|  |TAMS 0x0000000086900000, 0x0000000086900000| Untracked 
| 106|0x0000000086a00000, 0x0000000086a00000, 0x0000000086b00000|  0%| F|  |TAMS 0x0000000086a00000, 0x0000000086a00000| Untracked 
| 107|0x0000000086b00000, 0x0000000086b00000, 0x0000000086c00000|  0%| F|  |TAMS 0x0000000086b00000, 0x0000000086b00000| Untracked 
| 108|0x0000000086c00000, 0x0000000086c00000, 0x0000000086d00000|  0%| F|  |TAMS 0x0000000086c00000, 0x0000000086c00000| Untracked 
| 109|0x0000000086d00000, 0x0000000086d00000, 0x0000000086e00000|  0%| F|  |TAMS 0x0000000086d00000, 0x0000000086d00000| Untracked 
| 110|0x0000000086e00000, 0x0000000086e00000, 0x0000000086f00000|  0%| F|  |TAMS 0x0000000086e00000, 0x0000000086e00000| Untracked 
| 111|0x0000000086f00000, 0x0000000086f00000, 0x0000000087000000|  0%| F|  |TAMS 0x0000000086f00000, 0x0000000086f00000| Untracked 
| 112|0x0000000087000000, 0x0000000087000000, 0x0000000087100000|  0%| F|  |TAMS 0x0000000087000000, 0x0000000087000000| Untracked 
| 113|0x0000000087100000, 0x0000000087100000, 0x0000000087200000|  0%| F|  |TAMS 0x0000000087100000, 0x0000000087100000| Untracked 
| 114|0x0000000087200000, 0x0000000087200000, 0x0000000087300000|  0%| F|  |TAMS 0x0000000087200000, 0x0000000087200000| Untracked 
| 115|0x0000000087300000, 0x0000000087300000, 0x0000000087400000|  0%| F|  |TAMS 0x0000000087300000, 0x0000000087300000| Untracked 
| 116|0x0000000087400000, 0x0000000087400000, 0x0000000087500000|  0%| F|  |TAMS 0x0000000087400000, 0x0000000087400000| Untracked 
| 117|0x0000000087500000, 0x0000000087500000, 0x0000000087600000|  0%| F|  |TAMS 0x0000000087500000, 0x0000000087500000| Untracked 
| 118|0x0000000087600000, 0x0000000087600000, 0x0000000087700000|  0%| F|  |TAMS 0x0000000087600000, 0x0000000087600000| Untracked 
| 119|0x0000000087700000, 0x0000000087700000, 0x0000000087800000|  0%| F|  |TAMS 0x0000000087700000, 0x0000000087700000| Untracked 
| 120|0x0000000087800000, 0x0000000087800000, 0x0000000087900000|  0%| F|  |TAMS 0x0000000087800000, 0x0000000087800000| Untracked 
| 121|0x0000000087900000, 0x0000000087900000, 0x0000000087a00000|  0%| F|  |TAMS 0x0000000087900000, 0x0000000087900000| Untracked 
| 122|0x0000000087a00000, 0x0000000087a00000, 0x0000000087b00000|  0%| F|  |TAMS 0x0000000087a00000, 0x0000000087a00000| Untracked 
| 123|0x0000000087b00000, 0x0000000087b00000, 0x0000000087c00000|  0%| F|  |TAMS 0x0000000087b00000, 0x0000000087b00000| Untracked 
| 124|0x0000000087c00000, 0x0000000087c00000, 0x0000000087d00000|  0%| F|  |TAMS 0x0000000087c00000, 0x0000000087c00000| Untracked 
| 125|0x0000000087d00000, 0x0000000087d00000, 0x0000000087e00000|  0%| F|  |TAMS 0x0000000087d00000, 0x0000000087d00000| Untracked 

Card table byte_map: [0x000001b11c550000,0x000001b11c950000] _byte_map_base: 0x000001b11c150000

Marking Bits (Prev, Next): (CMBitMap*) 0x000001b108d79e98, (CMBitMap*) 0x000001b108d79ed0
 Prev Bits: [0x000001b11cd50000, 0x000001b11ed50000)
 Next Bits: [0x000001b11ed50000, 0x000001b120d50000)

Polling page: 0x000001b108e20000

Metaspace:

Usage:
  Non-class:     35.38 MB capacity,    34.73 MB ( 98%) used,   591.20 KB (  2%) free+waste,    77.56 KB ( <1%) overhead. 
      Class:      5.37 MB capacity,     5.08 MB ( 95%) used,   258.20 KB (  5%) free+waste,    37.06 KB ( <1%) overhead. 
       Both:     40.76 MB capacity,    39.81 MB ( 98%) used,   849.40 KB (  2%) free+waste,   114.63 KB ( <1%) overhead. 

Virtual space:
  Non-class space:       36.00 MB reserved,      35.50 MB ( 99%) committed 
      Class space:        1.00 GB reserved,       5.38 MB ( <1%) committed 
             Both:        1.04 GB reserved,      40.88 MB (  4%) committed 

Chunk freelists:
   Non-Class:  55.00 KB
       Class:  3.00 KB
        Both:  58.00 KB

MaxMetaspaceSize: 17179869184.00 GB
CompressedClassSpaceSize: 1.00 GB

CodeHeap 'non-profiled nmethods': size=120000Kb used=1606Kb max_used=1606Kb free=118393Kb
 bounds [0x000001b1141b0000, 0x000001b114420000, 0x000001b11b6e0000]
CodeHeap 'profiled nmethods': size=120000Kb used=6228Kb max_used=6228Kb free=113771Kb
 bounds [0x000001b10cc80000, 0x000001b10d2a0000, 0x000001b1141b0000]
CodeHeap 'non-nmethods': size=5760Kb used=2229Kb max_used=2229Kb free=3530Kb
 bounds [0x000001b10c6e0000, 0x000001b10c950000, 0x000001b10cc80000]
 total_blobs=3716 nmethods=2973 adapters=652
 compilation: enabled
              stopped_count=0, restarted_count=0
 full_count=0

Compilation events (20 events):
Event: 3.622 Thread 0x000001b123864000 3207       3       org.codehaus.groovy.util.ReferenceType$2::createReference (11 bytes)
Event: 3.622 Thread 0x000001b123864000 nmethod 3207 0x000001b10d28fe90 code [0x000001b10d290080, 0x000001b10d2904d8]
Event: 3.622 Thread 0x000001b123864000 3208       3       org.codehaus.groovy.util.ReferenceType$WeakRef::<init> (12 bytes)
Event: 3.623 Thread 0x000001b123864000 nmethod 3208 0x000001b10d290690 code [0x000001b10d290860, 0x000001b10d290bf8]
Event: 3.623 Thread 0x000001b123864000 3209   !   3       org.codehaus.groovy.reflection.stdclasses.CachedSAMClass::getSAMMethodImpl (181 bytes)
Event: 3.624 Thread 0x000001b123864000 nmethod 3209 0x000001b10d290d10 code [0x000001b10d291140, 0x000001b10d292e48]
Event: 3.626 Thread 0x000001b123864000 3212       3       sun.reflect.generics.parser.SignatureParser::parseZeroOrMoreTypeSignatures (174 bytes)
Event: 3.627 Thread 0x000001b123864000 nmethod 3212 0x000001b10d293790 code [0x000001b10d293a20, 0x000001b10d2948c8]
Event: 3.627 Thread 0x000001b123864000 3211       3       sun.reflect.generics.parser.SignatureParser::parseFormalParameters (47 bytes)
Event: 3.627 Thread 0x000001b123864000 nmethod 3211 0x000001b10d294d10 code [0x000001b10d294f20, 0x000001b10d295248]
Event: 3.627 Thread 0x000001b123864000 3213       3       sun.reflect.generics.parser.SignatureParser::parseReturnType (22 bytes)
Event: 3.627 Thread 0x000001b123864000 nmethod 3213 0x000001b10d295410 code [0x000001b10d295600, 0x000001b10d295848]
Event: 3.627 Thread 0x000001b123864000 3214       3       sun.reflect.generics.parser.SignatureParser::parseZeroOrMoreThrowsSignatures (51 bytes)
Event: 3.627 Thread 0x000001b123864000 nmethod 3214 0x000001b10d295990 code [0x000001b10d295c00, 0x000001b10d2965d8]
Event: 3.627 Thread 0x000001b123864000 3215       3       sun.reflect.generics.tree.MethodTypeSignature::make (12 bytes)
Event: 3.628 Thread 0x000001b123864000 nmethod 3215 0x000001b10d296990 code [0x000001b10d296b60, 0x000001b10d296ed8]
Event: 3.628 Thread 0x000001b123864000 3216       3       sun.reflect.generics.tree.MethodTypeSignature::<init> (26 bytes)
Event: 3.628 Thread 0x000001b123864000 nmethod 3216 0x000001b10d297010 code [0x000001b10d2971e0, 0x000001b10d2974b8]
Event: 3.628 Thread 0x000001b123864000 3217       3       groovy.lang.MetaClassImpl::copyNonPrivateFields (70 bytes)
Event: 3.629 Thread 0x000001b123864000 nmethod 3217 0x000001b10d297590 code [0x000001b10d297820, 0x000001b10d2985d8]

GC Heap History (11 events):
Event: 0.574 GC heap before
{Heap before GC invocations=0 (full 0):
 garbage-first heap   total 129024K, used 29696K [0x0000000080000000, 0x0000000100000000)
  region size 1024K, 24 young (24576K), 0 survivors (0K)
 Metaspace       used 10662K, capacity 10932K, committed 11264K, reserved 1058816K
  class space    used 1128K, capacity 1200K, committed 1280K, reserved 1048576K
}
Event: 0.577 GC heap after
{Heap after GC invocations=1 (full 0):
 garbage-first heap   total 129024K, used 8764K [0x0000000080000000, 0x0000000100000000)
  region size 1024K, 3 young (3072K), 3 survivors (3072K)
 Metaspace       used 10662K, capacity 10932K, committed 11264K, reserved 1058816K
  class space    used 1128K, capacity 1200K, committed 1280K, reserved 1048576K
}
Event: 1.901 GC heap before
{Heap before GC invocations=1 (full 0):
 garbage-first heap   total 129024K, used 81468K [0x0000000080000000, 0x0000000100000000)
  region size 1024K, 75 young (76800K), 3 survivors (3072K)
 Metaspace       used 18992K, capacity 19454K, committed 19712K, reserved 1067008K
  class space    used 2298K, capacity 2458K, committed 2560K, reserved 1048576K
}
Event: 1.909 GC heap after
{Heap after GC invocations=2 (full 0):
 garbage-first heap   total 129024K, used 15570K [0x0000000080000000, 0x0000000100000000)
  region size 1024K, 10 young (10240K), 10 survivors (10240K)
 Metaspace       used 18992K, capacity 19454K, committed 19712K, reserved 1067008K
  class space    used 2298K, capacity 2458K, committed 2560K, reserved 1048576K
}
Event: 2.017 GC heap before
{Heap before GC invocations=2 (full 0):
 garbage-first heap   total 129024K, used 26834K [0x0000000080000000, 0x0000000100000000)
  region size 1024K, 22 young (22528K), 10 survivors (10240K)
 Metaspace       used 20596K, capacity 21095K, committed 21248K, reserved 1067008K
  class space    used 2523K, capacity 2712K, committed 2816K, reserved 1048576K
}
Event: 2.023 GC heap after
{Heap after GC invocations=3 (full 0):
 garbage-first heap   total 129024K, used 16049K [0x0000000080000000, 0x0000000100000000)
  region size 1024K, 1 young (1024K), 1 survivors (1024K)
 Metaspace       used 20596K, capacity 21095K, committed 21248K, reserved 1067008K
  class space    used 2523K, capacity 2712K, committed 2816K, reserved 1048576K
}
Event: 2.494 GC heap before
{Heap before GC invocations=4 (full 0):
 garbage-first heap   total 129024K, used 68273K [0x0000000080000000, 0x0000000100000000)
  region size 1024K, 52 young (53248K), 1 survivors (1024K)
 Metaspace       used 26366K, capacity 26981K, committed 27008K, reserved 1073152K
  class space    used 3454K, capacity 3698K, committed 3712K, reserved 1048576K
}
Event: 2.498 GC heap after
{Heap after GC invocations=5 (full 0):
 garbage-first heap   total 129024K, used 17740K [0x0000000080000000, 0x0000000100000000)
  region size 1024K, 3 young (3072K), 3 survivors (3072K)
 Metaspace       used 26366K, capacity 26981K, committed 27008K, reserved 1073152K
  class space    used 3454K, capacity 3698K, committed 3712K, reserved 1048576K
}
Event: 3.073 GC heap before
{Heap before GC invocations=5 (full 0):
 garbage-first heap   total 129024K, used 64844K [0x0000000080000000, 0x0000000100000000)
  region size 1024K, 50 young (51200K), 3 survivors (3072K)
 Metaspace       used 35049K, capacity 35771K, committed 35840K, reserved 1081344K
  class space    used 4557K, capacity 4822K, committed 4864K, reserved 1048576K
}
Event: 3.079 GC heap after
{Heap after GC invocations=6 (full 0):
 garbage-first heap   total 129024K, used 21044K [0x0000000080000000, 0x0000000100000000)
  region size 1024K, 6 young (6144K), 6 survivors (6144K)
 Metaspace       used 35049K, capacity 35771K, committed 35840K, reserved 1081344K
  class space    used 4557K, capacity 4822K, committed 4864K, reserved 1048576K
}
Event: 3.632 GC heap before
{Heap before GC invocations=7 (full 0):
 garbage-first heap   total 129024K, used 84532K [0x0000000080000000, 0x0000000100000000)
  region size 1024K, 65 young (66560K), 6 survivors (6144K)
 Metaspace       used 40769K, capacity 41734K, committed 41856K, reserved 1085440K
  class space    used 5205K, capacity 5501K, committed 5504K, reserved 1048576K
}

Deoptimization events (20 events):
Event: 3.360 Thread 0x000001b126a73800 DEOPT PACKING pc=0x000001b11430cd64 sp=0x000000106ebf9c40
Event: 3.360 Thread 0x000001b126a73800 DEOPT UNPACKING pc=0x000001b10c6e822f sp=0x000000106ebf9b80 mode 2
Event: 3.370 Thread 0x000001b126a73800 Uncommon trap: trap_request=0xffffff4d fr.pc=0x000001b11430d908 relative=0x00000000000000e8
Event: 3.370 Thread 0x000001b126a73800 Uncommon trap: reason=unstable_if action=reinterpret pc=0x000001b11430d908 method=org.objectweb.asm.ByteVector.putShort(I)Lorg/objectweb/asm/ByteVector; @ 13 c2
Event: 3.370 Thread 0x000001b126a73800 DEOPT PACKING pc=0x000001b11430d908 sp=0x000000106ebf9780
Event: 3.370 Thread 0x000001b126a73800 DEOPT UNPACKING pc=0x000001b10c6e822f sp=0x000000106ebf9718 mode 2
Event: 3.380 Thread 0x000001b126a73800 DEOPT PACKING pc=0x000001b10ce4d179 sp=0x000000106ebf9b10
Event: 3.380 Thread 0x000001b126a73800 DEOPT UNPACKING pc=0x000001b10c708ade sp=0x000000106ebf9058 mode 0
Event: 3.443 Thread 0x000001b126a73800 Uncommon trap: trap_request=0xffffff4d fr.pc=0x000001b1142ce488 relative=0x0000000000005e28
Event: 3.443 Thread 0x000001b126a73800 Uncommon trap: reason=unstable_if action=reinterpret pc=0x000001b1142ce488 method=java.net.URLClassLoader.defineClass(Ljava/lang/String;Ljdk/internal/loader/Resource;)Ljava/lang/Class; @ 21 c2
Event: 3.443 Thread 0x000001b126a73800 DEOPT PACKING pc=0x000001b1142ce488 sp=0x000000106ebf8f90
Event: 3.443 Thread 0x000001b126a73800 DEOPT UNPACKING pc=0x000001b10c6e822f sp=0x000000106ebf8f48 mode 2
Event: 3.541 Thread 0x000001b126a73800 Uncommon trap: trap_request=0xffffff6e fr.pc=0x000001b11430cd64 relative=0x00000000000007a4
Event: 3.541 Thread 0x000001b126a73800 Uncommon trap: reason=speculate_class_check action=maybe_recompile pc=0x000001b11430cd64 method=java.lang.reflect.Executable.declaredAnnotations()Ljava/util/Map; @ 23 c2
Event: 3.541 Thread 0x000001b126a73800 DEOPT PACKING pc=0x000001b11430cd64 sp=0x000000106ebf6170
Event: 3.541 Thread 0x000001b126a73800 DEOPT UNPACKING pc=0x000001b10c6e822f sp=0x000000106ebf60b0 mode 2
Event: 3.560 Thread 0x000001b126a73800 Uncommon trap: trap_request=0xffffff6e fr.pc=0x000001b11430cd64 relative=0x00000000000007a4
Event: 3.561 Thread 0x000001b126a73800 Uncommon trap: reason=speculate_class_check action=maybe_recompile pc=0x000001b11430cd64 method=java.lang.reflect.Executable.declaredAnnotations()Ljava/util/Map; @ 23 c2
Event: 3.561 Thread 0x000001b126a73800 DEOPT PACKING pc=0x000001b11430cd64 sp=0x000000106ebf6210
Event: 3.561 Thread 0x000001b126a73800 DEOPT UNPACKING pc=0x000001b10c6e822f sp=0x000000106ebf6150 mode 2

Classes redefined (0 events):
No events

Internal exceptions (20 events):
Event: 3.498 Thread 0x000001b126a73800 Exception <a 'java/lang/ClassNotFoundException'{0x0000000085554ac8}: org/gradle/api/internal/project/DefaultProject_DecoratedCustomizer> (0x0000000085554ac8) thrown at [./src/hotspot/share/classfile/systemDictionary.cpp, line 231]
Event: 3.518 Thread 0x000001b126a73800 Exception <a 'java/lang/ClassNotFoundException'{0x000000008501b598}: org/gradle/api/internal/artifacts/dsl/DefaultRepositoryHandler_DecoratedBeanInfo> (0x000000008501b598) thrown at [./src/hotspot/share/classfile/systemDictionary.cpp, line 231]
Event: 3.518 Thread 0x000001b126a73800 Exception <a 'java/lang/ClassNotFoundException'{0x000000008504bd90}: org/gradle/api/internal/artifacts/dsl/DefaultRepositoryHandlerBeanInfo> (0x000000008504bd90) thrown at [./src/hotspot/share/classfile/systemDictionary.cpp, line 231]
Event: 3.519 Thread 0x000001b126a73800 Exception <a 'java/lang/ClassNotFoundException'{0x000000008507e7a0}: org/gradle/api/internal/artifacts/DefaultArtifactRepositoryContainerBeanInfo> (0x000000008507e7a0) thrown at [./src/hotspot/share/classfile/systemDictionary.cpp, line 231]
Event: 3.519 Thread 0x000001b126a73800 Exception <a 'java/lang/ClassNotFoundException'{0x00000000850a1858}: org/gradle/api/internal/DefaultNamedDomainObjectListBeanInfo> (0x00000000850a1858) thrown at [./src/hotspot/share/classfile/systemDictionary.cpp, line 231]
Event: 3.520 Thread 0x000001b126a73800 Exception <a 'java/lang/ClassNotFoundException'{0x00000000850c5420}: org/gradle/api/internal/DefaultNamedDomainObjectCollectionBeanInfo> (0x00000000850c5420) thrown at [./src/hotspot/share/classfile/systemDictionary.cpp, line 231]
Event: 3.520 Thread 0x000001b126a73800 Exception <a 'java/lang/ClassNotFoundException'{0x00000000850e8290}: org/gradle/api/internal/DefaultDomainObjectCollectionBeanInfo> (0x00000000850e8290) thrown at [./src/hotspot/share/classfile/systemDictionary.cpp, line 231]
Event: 3.520 Thread 0x000001b126a73800 Exception <a 'java/lang/ClassNotFoundException'{0x00000000850edd38}: java/util/AbstractCollectionBeanInfo> (0x00000000850edd38) thrown at [./src/hotspot/share/classfile/systemDictionary.cpp, line 231]
Event: 3.520 Thread 0x000001b126a73800 Exception <a 'java/lang/ClassNotFoundException'{0x00000000850f38e8}: java/util/AbstractCollectionCustomizer> (0x00000000850f38e8) thrown at [./src/hotspot/share/classfile/systemDictionary.cpp, line 231]
Event: 3.521 Thread 0x000001b126a73800 Exception <a 'java/lang/ClassNotFoundException'{0x0000000084f1fbb0}: org/gradle/api/internal/DefaultDomainObjectCollectionCustomizer> (0x0000000084f1fbb0) thrown at [./src/hotspot/share/classfile/systemDictionary.cpp, line 231]
Event: 3.523 Thread 0x000001b126a73800 Exception <a 'java/lang/ClassNotFoundException'{0x0000000084f60c10}: org/gradle/api/internal/DefaultNamedDomainObjectCollectionCustomizer> (0x0000000084f60c10) thrown at [./src/hotspot/share/classfile/systemDictionary.cpp, line 231]
Event: 3.525 Thread 0x000001b126a73800 Exception <a 'java/lang/ClassNotFoundException'{0x0000000084fb57c8}: org/gradle/api/internal/DefaultNamedDomainObjectListCustomizer> (0x0000000084fb57c8) thrown at [./src/hotspot/share/classfile/systemDictionary.cpp, line 231]
Event: 3.526 Thread 0x000001b126a73800 Exception <a 'java/lang/ClassNotFoundException'{0x0000000084901c60}: org/gradle/api/internal/artifacts/DefaultArtifactRepositoryContainerCustomizer> (0x0000000084901c60) thrown at [./src/hotspot/share/classfile/systemDictionary.cpp, line 231]
Event: 3.527 Thread 0x000001b126a73800 Exception <a 'java/lang/ClassNotFoundException'{0x0000000084943a28}: org/gradle/api/internal/artifacts/dsl/DefaultRepositoryHandlerCustomizer> (0x0000000084943a28) thrown at [./src/hotspot/share/classfile/systemDictionary.cpp, line 231]
Event: 3.529 Thread 0x000001b126a73800 Exception <a 'java/lang/ClassNotFoundException'{0x0000000084996e08}: org/gradle/api/internal/artifacts/dsl/DefaultRepositoryHandler_DecoratedCustomizer> (0x0000000084996e08) thrown at [./src/hotspot/share/classfile/systemDictionary.cpp, line 231]
Event: 3.562 Thread 0x000001b126a73800 Exception <a 'java/lang/NoSuchMethodError'{0x0000000084416328}: 'int java.lang.invoke.DirectMethodHandle$Holder.invokeStaticInit(java.lang.Object, java.lang.Object, java.lang.Object, java.lang.Object)'> (0x0000000084416328) thrown at [./src/hotspot/share/interpreter/linkResolver.cpp, line 773]
Event: 3.625 Thread 0x000001b126a73800 Exception <a 'java/lang/ClassNotFoundException'{0x0000000083ecd628}: org/gradle/api/internal/artifacts/dsl/dependencies/DefaultDependencyHandler_DecoratedBeanInfo> (0x0000000083ecd628) thrown at [./src/hotspot/share/classfile/systemDictionary.cpp, line 231]
Event: 3.625 Thread 0x000001b126a73800 Exception <a 'java/lang/ClassNotFoundException'{0x0000000083d029d8}: org/gradle/api/internal/artifacts/dsl/dependencies/DefaultDependencyHandlerBeanInfo> (0x0000000083d029d8) thrown at [./src/hotspot/share/classfile/systemDictionary.cpp, line 231]
Event: 3.626 Thread 0x000001b126a73800 Exception <a 'java/lang/ClassNotFoundException'{0x0000000083d37ab0}: org/gradle/api/internal/artifacts/dsl/dependencies/DefaultDependencyHandlerCustomizer> (0x0000000083d37ab0) thrown at [./src/hotspot/share/classfile/systemDictionary.cpp, line 231]
Event: 3.627 Thread 0x000001b126a73800 Exception <a 'java/lang/ClassNotFoundException'{0x0000000083d8be28}: org/gradle/api/internal/artifacts/dsl/dependencies/DefaultDependencyHandler_DecoratedCustomizer> (0x0000000083d8be28) thrown at [./src/hotspot/share/classfile/systemDictionary.cpp, line 231]

Events (20 events):
Event: 3.627 loading class org/gradle/api/internal/artifacts/dsl/dependencies/DefaultDependencyHandler_DecoratedCustomizer done
Event: 3.629 loading class org/gradle/api/internal/artifacts/dsl/ParsedModuleStringNotation
Event: 3.629 loading class org/gradle/api/internal/artifacts/dsl/ParsedModuleStringNotation done
Event: 3.629 loading class org/gradle/api/IllegalDependencyNotation
Event: 3.629 loading class org/gradle/api/IllegalDependencyNotation done
Event: 3.629 loading class org/gradle/api/internal/notations/DependencyStringNotationConverter$RichVersion
Event: 3.629 loading class org/gradle/api/internal/notations/DependencyStringNotationConverter$RichVersion done
Event: 3.630 loading class org/gradle/api/artifacts/DependencyArtifact
Event: 3.630 loading class org/gradle/api/artifacts/DependencyArtifact done
Event: 3.630 loading class org/gradle/api/internal/artifacts/dependencies/ModuleDependencyCapabilitiesInternal
Event: 3.630 loading class org/gradle/api/internal/artifacts/dependencies/ModuleDependencyCapabilitiesInternal done
Event: 3.631 loading class org/gradle/api/internal/artifacts/dependencies/DefaultMutableVersionConstraint
Event: 3.631 loading class org/gradle/api/internal/artifacts/dependencies/DefaultMutableVersionConstraint done
Event: 3.631 loading class org/gradle/api/internal/artifacts/VersionConstraintInternal
Event: 3.631 loading class org/gradle/api/internal/artifacts/VersionConstraintInternal done
Event: 3.631 loading class org/gradle/api/artifacts/MutableVersionConstraint
Event: 3.631 loading class org/gradle/api/artifacts/MutableVersionConstraint done
Event: 3.631 loading class org/gradle/api/internal/artifacts/dependencies/AbstractVersionConstraint
Event: 3.631 loading class org/gradle/api/internal/artifacts/dependencies/AbstractVersionConstraint done
Event: 3.631 Executing VM operation: G1CollectForAllocation


Dynamic libraries:
0x00007ff6f4aa0000 - 0x00007ff6f4aaa000 	C:\Program Files\Android\Android Studio\jre\bin\java.exe
0x00007ffef2690000 - 0x00007ffef2885000 	C:\WINDOWS\SYSTEM32\ntdll.dll
0x00007ffef10f0000 - 0x00007ffef11ad000 	C:\WINDOWS\System32\KERNEL32.DLL
0x00007ffef0230000 - 0x00007ffef04f8000 	C:\WINDOWS\System32\KERNELBASE.dll
0x00007ffeeff40000 - 0x00007ffef0040000 	C:\WINDOWS\System32\ucrtbase.dll
0x00007ffee9a20000 - 0x00007ffee9a37000 	C:\Program Files\Android\Android Studio\jre\bin\VCRUNTIME140.dll
0x00007ffee63b0000 - 0x00007ffee63c9000 	C:\Program Files\Android\Android Studio\jre\bin\jli.dll
0x00007ffef1220000 - 0x00007ffef13c0000 	C:\WINDOWS\System32\USER32.dll
0x00007ffeefee0000 - 0x00007ffeeff02000 	C:\WINDOWS\System32\win32u.dll
0x00007ffef0f10000 - 0x00007ffef0f3a000 	C:\WINDOWS\System32\GDI32.dll
0x00007ffeefdd0000 - 0x00007ffeefedb000 	C:\WINDOWS\System32\gdi32full.dll
0x00007ffef0660000 - 0x00007ffef06fd000 	C:\WINDOWS\System32\msvcp_win.dll
0x00007ffed2200000 - 0x00007ffed249a000 	C:\WINDOWS\WinSxS\amd64_microsoft.windows.common-controls_6595b64144ccf1df_6.0.19041.1052_none_60b8f8fd71f5e8cb\COMCTL32.dll
0x00007ffef1f10000 - 0x00007ffef1fae000 	C:\WINDOWS\System32\msvcrt.dll
0x00007ffef15e0000 - 0x00007ffef1610000 	C:\WINDOWS\System32\IMM32.DLL
0x00007ffedf2d0000 - 0x00007ffedf36d000 	C:\Program Files\Android\Android Studio\jre\bin\msvcp140.dll
0x00007ffeaed20000 - 0x00007ffeaf7dc000 	C:\Program Files\Android\Android Studio\jre\bin\server\jvm.dll
0x00007ffef1420000 - 0x00007ffef14cc000 	C:\WINDOWS\System32\ADVAPI32.dll
0x00007ffef1d80000 - 0x00007ffef1e1b000 	C:\WINDOWS\System32\sechost.dll
0x00007ffef2060000 - 0x00007ffef218b000 	C:\WINDOWS\System32\RPCRT4.dll
0x00007ffef21c0000 - 0x00007ffef21c8000 	C:\WINDOWS\System32\PSAPI.DLL
0x00007ffeccca0000 - 0x00007ffeccca9000 	C:\WINDOWS\SYSTEM32\WSOCK32.dll
0x00007ffef1770000 - 0x00007ffef17db000 	C:\WINDOWS\System32\WS2_32.dll
0x00007ffed5a80000 - 0x00007ffed5aa7000 	C:\WINDOWS\SYSTEM32\WINMM.dll
0x00007ffeef960000 - 0x00007ffeef96a000 	C:\WINDOWS\SYSTEM32\VERSION.dll
0x00007ffeee630000 - 0x00007ffeee642000 	C:\WINDOWS\SYSTEM32\kernel.appcore.dll
0x00007ffee99f0000 - 0x00007ffee9a01000 	C:\Program Files\Android\Android Studio\jre\bin\verify.dll
0x00007ffeedbb0000 - 0x00007ffeedd94000 	C:\WINDOWS\SYSTEM32\DBGHELP.DLL
0x00007ffede930000 - 0x00007ffede95c000 	C:\WINDOWS\SYSTEM32\dbgcore.DLL
0x00007ffef0040000 - 0x00007ffef00c3000 	C:\WINDOWS\System32\bcryptPrimitives.dll
0x00007ffed4010000 - 0x00007ffed4039000 	C:\Program Files\Android\Android Studio\jre\bin\java.dll
0x00007ffee99e0000 - 0x00007ffee99eb000 	C:\Program Files\Android\Android Studio\jre\bin\jimage.dll
0x00007ffedf2b0000 - 0x00007ffedf2c8000 	C:\Program Files\Android\Android Studio\jre\bin\zip.dll
0x00007ffef0700000 - 0x00007ffef0e3f000 	C:\WINDOWS\System32\SHELL32.dll
0x00007ffeedda0000 - 0x00007ffeee530000 	C:\WINDOWS\SYSTEM32\windows.storage.dll
0x00007ffef21d0000 - 0x00007ffef2525000 	C:\WINDOWS\System32\combase.dll
0x00007ffeef7d0000 - 0x00007ffeef7fc000 	C:\WINDOWS\SYSTEM32\Wldp.dll
0x00007ffef1530000 - 0x00007ffef15de000 	C:\WINDOWS\System32\SHCORE.dll
0x00007ffef14d0000 - 0x00007ffef1525000 	C:\WINDOWS\System32\shlwapi.dll
0x00007ffeefd10000 - 0x00007ffeefd2f000 	C:\WINDOWS\SYSTEM32\profapi.dll
0x00007ffed4760000 - 0x00007ffed477a000 	C:\Program Files\Android\Android Studio\jre\bin\net.dll
0x00007ffed8560000 - 0x00007ffed866b000 	C:\WINDOWS\SYSTEM32\WINHTTP.dll
0x00007ffeef540000 - 0x00007ffeef5aa000 	C:\WINDOWS\system32\mswsock.dll
0x00007ffed3ff0000 - 0x00007ffed4004000 	C:\Program Files\Android\Android Studio\jre\bin\nio.dll
0x00007ffeca3f0000 - 0x00007ffeca417000 	C:\Users\Apolo\.gradle\native\fdc75f09e3144964f2cf3f50f0aa648679c211496f362492102eb8c894070792\windows-amd64\native-platform.dll
0x00007ffec2cf0000 - 0x00007ffec2e86000 	C:\Users\Apolo\.gradle\native\12488b8bf47d2d4c9fbf2f6322a914ad602e24e48041cd04a747c6da556b65c4\windows-amd64\native-platform-file-events.dll
0x00007ffee6ea0000 - 0x00007ffee6eaa000 	C:\Program Files\Android\Android Studio\jre\bin\management.dll
0x00007ffee6a60000 - 0x00007ffee6a6c000 	C:\Program Files\Android\Android Studio\jre\bin\management_ext.dll
0x00007ffeef710000 - 0x00007ffeef728000 	C:\WINDOWS\SYSTEM32\CRYPTSP.dll
0x00007ffeeee70000 - 0x00007ffeeeea4000 	C:\WINDOWS\system32\rsaenh.dll
0x00007ffeeff10000 - 0x00007ffeeff37000 	C:\WINDOWS\System32\bcrypt.dll
0x00007ffeefc90000 - 0x00007ffeefcbe000 	C:\WINDOWS\SYSTEM32\USERENV.dll
0x00007ffeef730000 - 0x00007ffeef73c000 	C:\WINDOWS\SYSTEM32\CRYPTBASE.dll
0x00007ffeef1e0000 - 0x00007ffeef21b000 	C:\WINDOWS\SYSTEM32\IPHLPAPI.DLL
0x00007ffef11b0000 - 0x00007ffef11b8000 	C:\WINDOWS\System32\NSI.dll
0x00007ffee43c0000 - 0x00007ffee43d7000 	C:\WINDOWS\SYSTEM32\dhcpcsvc6.DLL
0x00007ffee52a0000 - 0x00007ffee52bd000 	C:\WINDOWS\SYSTEM32\dhcpcsvc.DLL
0x00007ffeef220000 - 0x00007ffeef2ec000 	C:\WINDOWS\SYSTEM32\DNSAPI.dll
0x00007ffee55d0000 - 0x00007ffee55db000 	C:\WINDOWS\SYSTEM32\WINNSI.DLL

dbghelp: loaded successfully - version: 4.0.5 - missing functions: none
symbol engine: initialized successfully - sym options: 0x614 - pdb path: .;C:\Program Files\Android\Android Studio\jre\bin;C:\WINDOWS\SYSTEM32;C:\WINDOWS\WinSxS\amd64_microsoft.windows.common-controls_6595b64144ccf1df_6.0.19041.1052_none_60b8f8fd71f5e8cb;C:\Program Files\Android\Android Studio\jre\bin\server;C:\Users\Apolo\.gradle\native\fdc75f09e3144964f2cf3f50f0aa648679c211496f362492102eb8c894070792\windows-amd64;C:\Users\Apolo\.gradle\native\12488b8bf47d2d4c9fbf2f6322a914ad602e24e48041cd04a747c6da556b65c4\windows-amd64

VM Arguments:
jvm_args: --add-opens=java.base/java.util=ALL-UNNAMED --add-opens=java.base/java.lang=ALL-UNNAMED --add-opens=java.base/java.lang.invoke=ALL-UNNAMED --add-opens=java.prefs/java.util.prefs=ALL-UNNAMED -Xmx2048m -Dfile.encoding=windows-1252 -Duser.country=ES -Duser.language=es -Duser.variant 
java_command: org.gradle.launcher.daemon.bootstrap.GradleDaemon 6.7.1
java_class_path (initial): C:\Users\Apolo\.gradle\wrapper\dists\gradle-6.7.1-bin\bwlcbys1h7rz3272sye1xwiv6\gradle-6.7.1\lib\gradle-launcher-6.7.1.jar
Launcher Type: SUN_STANDARD

[Global flags]
     intx CICompilerCount                          = 4                                         {product} {ergonomic}
     uint ConcGCThreads                            = 2                                         {product} {ergonomic}
     uint G1ConcRefinementThreads                  = 8                                         {product} {ergonomic}
   size_t G1HeapRegionSize                         = 1048576                                   {product} {ergonomic}
    uintx GCDrainStackTargetSize                   = 64                                        {product} {ergonomic}
   size_t InitialHeapSize                          = 132120576                                 {product} {ergonomic}
   size_t MarkStackSize                            = 4194304                                   {product} {ergonomic}
   size_t MaxHeapSize                              = 2147483648                                {product} {command line}
   size_t MaxNewSize                               = 1287651328                                {product} {ergonomic}
   size_t MinHeapDeltaBytes                        = 1048576                                   {product} {ergonomic}
    uintx NonNMethodCodeHeapSize                   = 5836300                                {pd product} {ergonomic}
    uintx NonProfiledCodeHeapSize                  = 122910970                              {pd product} {ergonomic}
    uintx ProfiledCodeHeapSize                     = 122910970                              {pd product} {ergonomic}
    uintx ReservedCodeCacheSize                    = 251658240                              {pd product} {ergonomic}
     bool SegmentedCodeCache                       = true                                      {product} {ergonomic}
     bool UseCompressedClassPointers               = true                                 {lp64_product} {ergonomic}
     bool UseCompressedOops                        = true                                 {lp64_product} {ergonomic}
     bool UseG1GC                                  = true                                      {product} {ergonomic}
     bool UseLargePagesIndividualAllocation        = false                                  {pd product} {ergonomic}

Logging:
Log output configuration:
 #0: stdout all=warning uptime,level,tags
 #1: stderr all=off uptime,level,tags

Environment Variables:
PATH=C:\orant\bin;C:\Program Files\Common Files\Oracle\Java\javapath;C:\Program Files (x86)\Common Files\Oracle\Java\javapath;C:\WINDOWS\system32;C:\WINDOWS;C:\WINDOWS\System32\Wbem;C:\WINDOWS\System32\WindowsPowerShell\v1.0\;C:\WINDOWS\System32\OpenSSH\;C:\orant\jdk\bin;C:\Program Files (x86)\Intel\Intel(R) Memory And Storage Tool\;C:\Program Files\nodejs\;C:\instantclient_12_1\;C:\Program Files\Git\cmd;C:\Users\Apolo\AppData\Local\Microsoft\WindowsApps;C:\Users\Apolo\AppData\Local\Programs\Microsoft VS Code\bin;C:\Users\Apolo\AppData\Roaming\npm;C:\Users\Apolo\AppData\Local\atom\bin;
USERNAME=Apolo
OS=Windows_NT
PROCESSOR_IDENTIFIER=Intel64 Family 6 Model 126 Stepping 5, GenuineIntel



---------------  S Y S T E M  ---------------

OS: Windows 10 , 64 bit Build 19041 (10.0.19041.1023)
OS uptime: 13 days 15:33 hours

CPU:total 8 (initial active 8) (4 cores per cpu, 2 threads per core) family 6 model 126 stepping 5, cmov, cx8, fxsr, mmx, sse, sse2, sse3, ssse3, sse4.1, sse4.2, popcnt, avx, avx2, aes, clmul, erms, 3dnowpref, lzcnt, ht, tsc, tscinvbit, bmi1, bmi2, adx, evex, sha, fma

Memory: 4k page, system-wide physical 7973M (515M free)
TotalPageFile size 11461M (AvailPageFile size 7M)
current process WorkingSet (physical memory assigned to process): 260M, peak: 260M
current process commit charge ("private bytes"): 318M, peak: 344M

vm_info: OpenJDK 64-Bit Server VM (11.0.8+10-b944.6842174) for windows-amd64 JRE (11.0.8+10-b944.6842174), built on Sep 19 2020 01:11:42 by "builder" with MS VC++ 14.0 (VS2015)

END.
