#
# There is insufficient memory for the Java Runtime Environment to continue.
# Native memory allocation (malloc) failed to allocate 1650256 bytes for Chunk::new
# Possible reasons:
#   The system is out of physical RAM or swap space
#   The process is running with CompressedOops enabled, and the Java Heap may be blocking the growth of the native heap
# Possible solutions:
#   Reduce memory load on the system
#   Increase physical memory or swap space
#   Check if swap backing store is full
#   Decrease Java heap size (-Xmx/-Xms)
#   Decrease number of Java threads
#   Decrease Java thread stack sizes (-Xss)
#   Set larger code cache with -XX:ReservedCodeCacheSize=
#   JVM is running with Unscaled Compressed Oops mode in which the Java heap is
#     placed in the first 4GB address space. The Java Heap base address is the
#     maximum limit for the native heap growth. Please use -XX:HeapBaseMinAddress
#     to set the Java Heap base and to place the Java Heap above 4GB virtual address.
# This output file may be truncated or incomplete.
#
#  Out of Memory Error (allocation.cpp:389), pid=114356, tid=0x00000000000141ec
#
# JRE version: OpenJDK Runtime Environment (8.0_242-b01) (build 1.8.0_242-release-1644-b01)
# Java VM: OpenJDK 64-Bit Server VM (25.242-b01 mixed mode windows-amd64 compressed oops)
# Failed to write core dump. Minidumps are not enabled by default on client versions of Windows
#

---------------  T H R E A D  ---------------

Current thread (0x00000000197e2800):  JavaThread "C2 CompilerThread0" daemon [_thread_in_native, id=82412, stack(0x000000001a0d0000,0x000000001a1d0000)]

Stack: [0x000000001a0d0000,0x000000001a1d0000]
[error occurred during error reporting (printing stack bounds), id 0xc0000005]

Native frames: (J=compiled Java code, j=interpreted, Vv=VM code, C=native code)


Current CompileTask:
C2: 103693 12432       4       com.android.tools.r8.graph.x::a (95 bytes)


---------------  P R O C E S S  ---------------

Java Threads: ( => current thread )
  0x000000001ca5b800 JavaThread "ForkJoinPool-1-worker-0" daemon [_thread_blocked, id=110764, stack(0x0000000026840000,0x0000000026940000)]
  0x000000001ca5a800 JavaThread "ForkJoinPool-1-worker-7" daemon [_thread_blocked, id=109776, stack(0x0000000026740000,0x0000000026840000)]
  0x000000001ca5a000 JavaThread "ForkJoinPool-1-worker-6" daemon [_thread_blocked, id=111560, stack(0x0000000026640000,0x0000000026740000)]
  0x000000001ca59000 JavaThread "ForkJoinPool-1-worker-5" daemon [_thread_blocked, id=107928, stack(0x0000000026540000,0x0000000026640000)]
  0x000000001ca54000 JavaThread "ForkJoinPool-1-worker-4" daemon [_thread_in_Java, id=114620, stack(0x0000000026440000,0x0000000026540000)]
  0x000000001ca57800 JavaThread "ForkJoinPool-1-worker-3" daemon [_thread_blocked, id=112796, stack(0x0000000026340000,0x0000000026440000)]
  0x000000001ca58800 JavaThread "ForkJoinPool-1-worker-2" daemon [_thread_blocked, id=61988, stack(0x0000000026240000,0x0000000026340000)]
  0x000000001ca55800 JavaThread "ForkJoinPool-1-worker-1" daemon [_thread_blocked, id=112984, stack(0x0000000026140000,0x0000000026240000)]
  0x000000001ca57000 JavaThread "WorkerExecutor Queue Thread 6" [_thread_blocked, id=110708, stack(0x00000000257a0000,0x00000000258a0000)]
  0x000000001ca4e000 JavaThread "WorkerExecutor Queue Thread 5" [_thread_blocked, id=109960, stack(0x0000000024ea0000,0x0000000024fa0000)]
  0x000000001ca4c800 JavaThread "WorkerExecutor Queue Thread 4" [_thread_blocked, id=113180, stack(0x0000000024da0000,0x0000000024ea0000)]
  0x000000001ca53000 JavaThread "WorkerExecutor Queue Thread 3" [_thread_blocked, id=79848, stack(0x00000000242f0000,0x00000000243f0000)]
  0x000000001ca4f800 JavaThread "WorkerExecutor Queue Thread 2" [_thread_blocked, id=109276, stack(0x00000000241f0000,0x00000000242f0000)]
  0x000000001ca51000 JavaThread "WorkerExecutor Queue" [_thread_blocked, id=111432, stack(0x00000000240f0000,0x00000000241f0000)]
  0x000000001ca4d000 JavaThread "Cache worker for Java compile cache (C:\Android\Proyecto\VendedoresKT\ApoloVendedor\.gradle\6.5\javaCompile)" [_thread_blocked, id=114272, stack(0x0000000022920000,0x0000000022a20000)]
  0x000000001ca52800 JavaThread "Cache worker for Java compile cache (C:\Users\Apolo\.gradle\caches\6.5\javaCompile)" [_thread_blocked, id=110672, stack(0x000000001e120000,0x000000001e220000)]
  0x0000000019b6e800 JavaThread "RMI TCP Connection(2)-127.0.0.1" daemon [_thread_in_native, id=110044, stack(0x000000002fbc0000,0x000000002fcc0000)]
  0x0000000019b6c800 JavaThread "RMI Reaper" [_thread_blocked, id=111716, stack(0x000000002fac0000,0x000000002fbc0000)]
  0x0000000019b68800 JavaThread "RMI TCP Accept-0" daemon [_thread_in_native, id=113892, stack(0x000000002f780000,0x000000002f880000)]
  0x0000000019b6a000 JavaThread "GC Daemon" daemon [_thread_blocked, id=82288, stack(0x000000002f680000,0x000000002f780000)]
  0x0000000019b69800 JavaThread "RMI Scheduler(0)" daemon [_thread_blocked, id=114660, stack(0x00000000009d0000,0x0000000000ad0000)]
  0x000000001bcf9800 JavaThread "Cache worker for execution history cache (C:\Android\Proyecto\VendedoresKT\ApoloVendedor\.gradle\6.5\executionHistory)" [_thread_blocked, id=104072, stack(0x000000002ee80000,0x000000002ef80000)]
  0x000000001bcf6000 JavaThread "Execution worker for ':' Thread 7" [_thread_blocked, id=113356, stack(0x000000002ed80000,0x000000002ee80000)]
  0x000000001bcfa800 JavaThread "Execution worker for ':' Thread 6" [_thread_blocked, id=111908, stack(0x000000002ec80000,0x000000002ed80000)]
  0x000000001bcf5000 JavaThread "Execution worker for ':' Thread 5" [_thread_blocked, id=84672, stack(0x000000002eb80000,0x000000002ec80000)]
  0x000000001bcf8000 JavaThread "Execution worker for ':' Thread 4" [_thread_blocked, id=73828, stack(0x000000002ea80000,0x000000002eb80000)]
  0x000000001bcf9000 JavaThread "Execution worker for ':' Thread 3" [_thread_blocked, id=112932, stack(0x000000002e720000,0x000000002e820000)]
  0x000000001bcf4800 JavaThread "Execution worker for ':' Thread 2" [_thread_blocked, id=113212, stack(0x000000002e200000,0x000000002e300000)]
  0x000000001bcf7800 JavaThread "Execution worker for ':'" [_thread_blocked, id=97752, stack(0x000000002e100000,0x000000002e200000)]
  0x000000001bcfb000 JavaThread "Cache worker for file content cache (C:\Android\Proyecto\VendedoresKT\ApoloVendedor\.gradle\6.5\fileContent)" [_thread_blocked, id=110036, stack(0x000000002e000000,0x000000002e100000)]
  0x000000001bcf6800 JavaThread "Memory manager" [_thread_blocked, id=113736, stack(0x000000002df00000,0x000000002e000000)]
  0x000000001ca54800 JavaThread "Cache worker for Build Output Cleanup Cache (C:\Android\Proyecto\VendedoresKT\ApoloVendedor\.gradle\buildOutputCleanup)" [_thread_blocked, id=113264, stack(0x000000002bd30000,0x000000002be30000)]
  0x000000001fbde000 JavaThread "Build operations Thread 8" [_thread_blocked, id=109864, stack(0x0000000024ba0000,0x0000000024ca0000)]
  0x000000001fbdc800 JavaThread "Build operations Thread 7" [_thread_blocked, id=113012, stack(0x0000000024aa0000,0x0000000024ba0000)]
  0x000000001fbdb800 JavaThread "Build operations Thread 6" [_thread_blocked, id=114020, stack(0x00000000249a0000,0x0000000024aa0000)]
  0x000000001fbdb000 JavaThread "Build operations Thread 5" [_thread_blocked, id=111284, stack(0x00000000248a0000,0x00000000249a0000)]
  0x000000001fbde800 JavaThread "Build operations Thread 4" [_thread_blocked, id=63892, stack(0x00000000247a0000,0x00000000248a0000)]
  0x000000001fbd5000 JavaThread "Build operations Thread 3" [_thread_blocked, id=114528, stack(0x00000000246a0000,0x00000000247a0000)]
  0x000000001fbda000 JavaThread "Build operations Thread 2" [_thread_blocked, id=110024, stack(0x00000000245a0000,0x00000000246a0000)]
  0x000000001fbd8000 JavaThread "Build operations" [_thread_blocked, id=113680, stack(0x00000000244a0000,0x00000000245a0000)]
  0x000000001c04f800 JavaThread "Cache worker for file content cache (C:\Users\Apolo\.gradle\caches\6.5\fileContent)" [_thread_blocked, id=109848, stack(0x0000000022a20000,0x0000000022b20000)]
  0x000000001c053000 JavaThread "Cache worker for execution history cache (C:\Users\Apolo\.gradle\caches\6.5\executionHistory)" [_thread_blocked, id=112776, stack(0x0000000022220000,0x0000000022320000)]
  0x000000001c04e000 JavaThread "Cache worker for cache directory md-rule (C:\Users\Apolo\.gradle\caches\6.5\md-rule)" [_thread_blocked, id=111524, stack(0x0000000022120000,0x0000000022220000)]
  0x000000001c052800 JavaThread "Cache worker for cache directory md-supplier (C:\Users\Apolo\.gradle\caches\6.5\md-supplier)" [_thread_blocked, id=112556, stack(0x0000000020cc0000,0x0000000020dc0000)]
  0x000000001c050000 JavaThread "Cache worker for checksums cache (C:\Android\Proyecto\VendedoresKT\ApoloVendedor\.gradle\checksums)" [_thread_blocked, id=109860, stack(0x0000000020bc0000,0x0000000020cc0000)]
  0x000000001c054000 JavaThread "Cache worker for file hash cache (C:\Android\Proyecto\VendedoresKT\ApoloVendedor\.gradle\6.5\fileHashes)" [_thread_blocked, id=111344, stack(0x0000000022020000,0x0000000022120000)]
  0x000000001c051800 JavaThread "Cache worker for file hash cache (C:\Users\Apolo\.gradle\caches\6.5\fileHashes)" [_thread_blocked, id=111488, stack(0x000000001e720000,0x000000001e820000)]
  0x000000001c04d000 JavaThread "File lock request listener" [_thread_in_native, id=114224, stack(0x000000001e620000,0x000000001e720000)]
  0x000000001c353800 JavaThread "Cache worker for journal cache (C:\Users\Apolo\.gradle\caches\journal-1)" [_thread_blocked, id=114196, stack(0x000000001e520000,0x000000001e620000)]
  0x000000001a87a000 JavaThread "Thread-9" [_thread_blocked, id=110040, stack(0x000000001e220000,0x000000001e320000)]
  0x000000001a864800 JavaThread "Asynchronous log dispatcher for DefaultDaemonConnection: socket connection from /127.0.0.1:65411 to /127.0.0.1:65412" [_thread_blocked, id=111388, stack(0x000000001e020000,0x000000001e120000)]
  0x000000001aa72000 JavaThread "Daemon worker" [_thread_blocked, id=110944, stack(0x000000001df20000,0x000000001e020000)]
  0x000000001c1d6000 JavaThread "Cancel handler" [_thread_blocked, id=114204, stack(0x000000001de20000,0x000000001df20000)]
  0x000000001c122800 JavaThread "Handler for socket connection from /127.0.0.1:65411 to /127.0.0.1:65412" [_thread_in_native, id=112872, stack(0x000000001dd20000,0x000000001de20000)]
  0x000000001c13c800 JavaThread "Daemon" [_thread_blocked, id=113256, stack(0x000000001dc20000,0x000000001dd20000)]
  0x000000001c102800 JavaThread "Daemon periodic checks" [_thread_blocked, id=113600, stack(0x000000001d920000,0x000000001da20000)]
  0x000000001c0f6000 JavaThread "Incoming local TCP Connector on port 65411" [_thread_in_native, id=64956, stack(0x000000001d6b0000,0x000000001d7b0000)]
  0x000000001aae5800 JavaThread "Daemon health stats" [_thread_blocked, id=113888, stack(0x000000001d070000,0x000000001d170000)]
  0x0000000019871800 JavaThread "Service Thread" daemon [_thread_blocked, id=83924, stack(0x000000001a4d0000,0x000000001a5d0000)]
  0x00000000197fc800 JavaThread "C1 CompilerThread3" daemon [_thread_blocked, id=83612, stack(0x000000001a3d0000,0x000000001a4d0000)]
  0x00000000197ef000 JavaThread "C2 CompilerThread2" daemon [_thread_in_native, id=113488, stack(0x000000001a2d0000,0x000000001a3d0000)]
  0x00000000179ce800 JavaThread "C2 CompilerThread1" daemon [_thread_in_native, id=111520, stack(0x000000001a1d0000,0x000000001a2d0000)]
=>0x00000000197e2800 JavaThread "C2 CompilerThread0" daemon [_thread_in_native, id=82412, stack(0x000000001a0d0000,0x000000001a1d0000)]
  0x00000000197e1800 JavaThread "Attach Listener" daemon [_thread_blocked, id=114108, stack(0x0000000019fd0000,0x000000001a0d0000)]
  0x00000000197e6000 JavaThread "Signal Dispatcher" daemon [_thread_blocked, id=14896, stack(0x0000000019ed0000,0x0000000019fd0000)]
  0x000000000294e800 JavaThread "Finalizer" daemon [_thread_blocked, id=112256, stack(0x0000000019cb0000,0x0000000019db0000)]
  0x00000000179bc800 JavaThread "Reference Handler" daemon [_thread_blocked, id=113880, stack(0x0000000019bb0000,0x0000000019cb0000)]
  0x0000000000ecd800 JavaThread "main" [_thread_blocked, id=103252, stack(0x0000000002680000,0x0000000002780000)]

Other Threads:
  0x00000000179b6000 VMThread [stack: 0x00000000196b0000,0x00000000197b0000] [id=79680]
  0x0000000019872800 WatcherThread [stack: 0x000000001a5d0000,0x000000001a6d0000] [id=83800]

VM state:not at safepoint (normal execution)

VM Mutex/Monitor currently owned by a thread: None

heap address: 0x0000000080000000, size: 2048 MB, Compressed Oops mode: 32-bit
Narrow klass base: 0x0000000000000000, Narrow klass shift: 3
Compressed class space size: 1073741824 Address: 0x0000000100000000

Heap:
 PSYoungGen      total 269312K, used 185103K [0x00000000d5580000, 0x00000000e7480000, 0x0000000100000000)
  eden space 245248K, 65% used [0x00000000d5580000,0x00000000df2c4208,0x00000000e4500000)
  from space 24064K, 99% used [0x00000000e4580000,0x00000000e5cffa80,0x00000000e5d00000)
  to   space 19968K, 0% used [0x00000000e6100000,0x00000000e6100000,0x00000000e7480000)
 ParOldGen       total 119808K, used 74317K [0x0000000080000000, 0x0000000087500000, 0x00000000d5580000)
  object space 119808K, 62% used [0x0000000080000000,0x0000000084893648,0x0000000087500000)
 Metaspace       used 84395K, capacity 89442K, committed 89688K, reserved 1126400K
  class space    used 11713K, capacity 12631K, committed 12672K, reserved 1048576K

Card table byte_map: [0x0000000011d10000,0x0000000012120000] byte_map_base: 0x0000000011910000

Marking Bits: (ParMarkBitMap*) 0x0000000064e3f030
 Begin Bits: [0x0000000012bd0000, 0x0000000014bd0000)
 End Bits:   [0x0000000014bd0000, 0x0000000016bd0000)

Polling page: 0x0000000000e90000

CodeCache: size=245760Kb used=33331Kb max_used=33622Kb free=212428Kb
 bounds [0x0000000002950000, 0x0000000004a60000, 0x0000000011950000]
 total_blobs=11657 nmethods=10800 adapters=766
 compilation: enabled

Compilation events (10 events):
Event: 103.655 Thread 0x00000000179ce800 nmethod 12475 0x00000000036cb850 code [0x00000000036cb9e0, 0x00000000036cc838]
Event: 103.655 Thread 0x00000000179ce800 12486       4       java.util.TimSort::mergeHi (732 bytes)
Event: 103.661 Thread 0x00000000197fc800 12491       3       com.android.tools.r8.graph.X::a (10 bytes)
Event: 103.662 Thread 0x00000000197fc800 nmethod 12491 0x00000000036fb250 code [0x00000000036fb3c0, 0x00000000036fb628]
Event: 103.662 Thread 0x00000000197fc800 12492       3       com.android.tools.r8.graph.X::a (52 bytes)
Event: 103.662 Thread 0x00000000197fc800 nmethod 12492 0x0000000002ceef50 code [0x0000000002cef160, 0x0000000002cefa88]
Event: 103.667 Thread 0x00000000197fc800 12496       2       java.util.TimSort::pushRun (31 bytes)
Event: 103.667 Thread 0x00000000197fc800 nmethod 12496 0x0000000004349b10 code [0x0000000004349c80, 0x0000000004349e30]
Event: 103.678 Thread 0x00000000179ce800 nmethod 12486 0x0000000003691ed0 code [0x0000000003692060, 0x0000000003693518]
Event: 103.678 Thread 0x00000000179ce800 12497       4       java.util.TimSort::mergeLo (659 bytes)

GC Heap History (10 events):
Event: 5.220 GC heap before
{Heap before GC invocations=14 (full 2):
 PSYoungGen      total 183808K, used 55293K [0x00000000d5580000, 0x00000000e4580000, 0x0000000100000000)
  eden space 171008K, 24% used [0x00000000d5580000,0x00000000d7f02430,0x00000000dfc80000)
  from space 12800K, 99% used [0x00000000dfc80000,0x00000000e08fd320,0x00000000e0900000)
  to   space 18944K, 0% used [0x00000000e3300000,0x00000000e3300000,0x00000000e4580000)
 ParOldGen       total 77312K, used 30283K [0x0000000080000000, 0x0000000084b80000, 0x00000000d5580000)
  object space 77312K, 39% used [0x0000000080000000,0x0000000081d92f58,0x0000000084b80000)
 Metaspace       used 56503K, capacity 58898K, committed 59028K, reserved 1099776K
  class space    used 7668K, capacity 8162K, committed 8192K, reserved 1048576K
Event: 5.230 GC heap after
Heap after GC invocations=14 (full 2):
 PSYoungGen      total 227328K, used 5624K [0x00000000d5580000, 0x00000000e4c80000, 0x0000000100000000)
  eden space 208384K, 0% used [0x00000000d5580000,0x00000000d5580000,0x00000000e2100000)
  from space 18944K, 29% used [0x00000000e3300000,0x00000000e387e398,0x00000000e4580000)
  to   space 18432K, 0% used [0x00000000e2100000,0x00000000e2100000,0x00000000e3300000)
 ParOldGen       total 77312K, used 42994K [0x0000000080000000, 0x0000000084b80000, 0x00000000d5580000)
  object space 77312K, 55% used [0x0000000080000000,0x00000000829fc988,0x0000000084b80000)
 Metaspace       used 56503K, capacity 58898K, committed 59028K, reserved 1099776K
  class space    used 7668K, capacity 8162K, committed 8192K, reserved 1048576K
}
Event: 5.230 GC heap before
{Heap before GC invocations=15 (full 3):
 PSYoungGen      total 227328K, used 5624K [0x00000000d5580000, 0x00000000e4c80000, 0x0000000100000000)
  eden space 208384K, 0% used [0x00000000d5580000,0x00000000d5580000,0x00000000e2100000)
  from space 18944K, 29% used [0x00000000e3300000,0x00000000e387e398,0x00000000e4580000)
  to   space 18432K, 0% used [0x00000000e2100000,0x00000000e2100000,0x00000000e3300000)
 ParOldGen       total 77312K, used 42994K [0x0000000080000000, 0x0000000084b80000, 0x00000000d5580000)
  object space 77312K, 55% used [0x0000000080000000,0x00000000829fc988,0x0000000084b80000)
 Metaspace       used 56503K, capacity 58898K, committed 59028K, reserved 1099776K
  class space    used 7668K, capacity 8162K, committed 8192K, reserved 1048576K
Event: 5.367 GC heap after
Heap after GC invocations=15 (full 3):
 PSYoungGen      total 227328K, used 0K [0x00000000d5580000, 0x00000000e4c80000, 0x0000000100000000)
  eden space 208384K, 0% used [0x00000000d5580000,0x00000000d5580000,0x00000000e2100000)
  from space 18944K, 0% used [0x00000000e3300000,0x00000000e3300000,0x00000000e4580000)
  to   space 18432K, 0% used [0x00000000e2100000,0x00000000e2100000,0x00000000e3300000)
 ParOldGen       total 119808K, used 32901K [0x0000000080000000, 0x0000000087500000, 0x00000000d5580000)
  object space 119808K, 27% used [0x0000000080000000,0x0000000082021680,0x0000000087500000)
 Metaspace       used 56454K, capacity 58730K, committed 59028K, reserved 1099776K
  class space    used 7653K, capacity 8134K, committed 8192K, reserved 1048576K
}
Event: 6.917 GC heap before
{Heap before GC invocations=16 (full 3):
 PSYoungGen      total 227328K, used 208384K [0x00000000d5580000, 0x00000000e4c80000, 0x0000000100000000)
  eden space 208384K, 100% used [0x00000000d5580000,0x00000000e2100000,0x00000000e2100000)
  from space 18944K, 0% used [0x00000000e3300000,0x00000000e3300000,0x00000000e4580000)
  to   space 18432K, 0% used [0x00000000e2100000,0x00000000e2100000,0x00000000e3300000)
 ParOldGen       total 119808K, used 32901K [0x0000000080000000, 0x0000000087500000, 0x00000000d5580000)
  object space 119808K, 27% used [0x0000000080000000,0x0000000082021680,0x0000000087500000)
 Metaspace       used 65794K, capacity 69276K, committed 69464K, reserved 1110016K
  class space    used 9067K, capacity 9743K, committed 9856K, reserved 1048576K
Event: 6.932 GC heap after
Heap after GC invocations=16 (full 3):
 PSYoungGen      total 226816K, used 18423K [0x00000000d5580000, 0x00000000e7580000, 0x0000000100000000)
  eden space 208384K, 0% used [0x00000000d5580000,0x00000000d5580000,0x00000000e2100000)
  from space 18432K, 99% used [0x00000000e2100000,0x00000000e32fdea0,0x00000000e3300000)
  to   space 20992K, 0% used [0x00000000e6100000,0x00000000e6100000,0x00000000e7580000)
 ParOldGen       total 119808K, used 33077K [0x0000000080000000, 0x0000000087500000, 0x00000000d5580000)
  object space 119808K, 27% used [0x0000000080000000,0x000000008204d758,0x0000000087500000)
 Metaspace       used 65794K, capacity 69276K, committed 69464K, reserved 1110016K
  class space    used 9067K, capacity 9743K, committed 9856K, reserved 1048576K
}
Event: 100.173 GC heap before
{Heap before GC invocations=17 (full 3):
 PSYoungGen      total 226816K, used 226807K [0x00000000d5580000, 0x00000000e7580000, 0x0000000100000000)
  eden space 208384K, 100% used [0x00000000d5580000,0x00000000e2100000,0x00000000e2100000)
  from space 18432K, 99% used [0x00000000e2100000,0x00000000e32fdea0,0x00000000e3300000)
  to   space 20992K, 0% used [0x00000000e6100000,0x00000000e6100000,0x00000000e7580000)
 ParOldGen       total 119808K, used 33077K [0x0000000080000000, 0x0000000087500000, 0x00000000d5580000)
  object space 119808K, 27% used [0x0000000080000000,0x000000008204d758,0x0000000087500000)
 Metaspace       used 73629K, capacity 77502K, committed 77656K, reserved 1116160K
  class space    used 10138K, capacity 10875K, committed 10880K, reserved 1048576K
Event: 100.201 GC heap after
Heap after GC invocations=17 (full 3):
 PSYoungGen      total 265216K, used 19651K [0x00000000d5580000, 0x00000000e7480000, 0x0000000100000000)
  eden space 245248K, 0% used [0x00000000d5580000,0x00000000d5580000,0x00000000e4500000)
  from space 19968K, 98% used [0x00000000e6100000,0x00000000e7430db8,0x00000000e7480000)
  to   space 24064K, 0% used [0x00000000e4580000,0x00000000e4580000,0x00000000e5d00000)
 ParOldGen       total 119808K, used 44600K [0x0000000080000000, 0x0000000087500000, 0x00000000d5580000)
  object space 119808K, 37% used [0x0000000080000000,0x0000000082b8e298,0x0000000087500000)
 Metaspace       used 73629K, capacity 77502K, committed 77656K, reserved 1116160K
  class space    used 10138K, capacity 10875K, committed 10880K, reserved 1048576K
}
Event: 102.069 GC heap before
{Heap before GC invocations=18 (full 3):
 PSYoungGen      total 265216K, used 264899K [0x00000000d5580000, 0x00000000e7480000, 0x0000000100000000)
  eden space 245248K, 100% used [0x00000000d5580000,0x00000000e4500000,0x00000000e4500000)
  from space 19968K, 98% used [0x00000000e6100000,0x00000000e7430db8,0x00000000e7480000)
  to   space 24064K, 0% used [0x00000000e4580000,0x00000000e4580000,0x00000000e5d00000)
 ParOldGen       total 119808K, used 44600K [0x0000000080000000, 0x0000000087500000, 0x00000000d5580000)
  object space 119808K, 37% used [0x0000000080000000,0x0000000082b8e298,0x0000000087500000)
 Metaspace       used 83340K, capacity 88244K, committed 88536K, reserved 1126400K
  class space    used 11557K, capacity 12466K, committed 12544K, reserved 1048576K
Event: 102.102 GC heap after
Heap after GC invocations=18 (full 3):
 PSYoungGen      total 269312K, used 24062K [0x00000000d5580000, 0x00000000e7480000, 0x0000000100000000)
  eden space 245248K, 0% used [0x00000000d5580000,0x00000000d5580000,0x00000000e4500000)
  from space 24064K, 99% used [0x00000000e4580000,0x00000000e5cffa80,0x00000000e5d00000)
  to   space 19968K, 0% used [0x00000000e6100000,0x00000000e6100000,0x00000000e7480000)
 ParOldGen       total 119808K, used 74317K [0x0000000080000000, 0x0000000087500000, 0x00000000d5580000)
  object space 119808K, 62% used [0x0000000080000000,0x0000000084893648,0x0000000087500000)
 Metaspace       used 83340K, capacity 88244K, committed 88536K, reserved 1126400K
  class space    used 11557K, capacity 12466K, committed 12544K, reserved 1048576K
}

Deoptimization events (10 events):
Event: 102.766 Thread 0x000000001ca4e000 Uncommon trap: reason=unstable_if action=reinterpret pc=0x00000000045e9240 method=com.android.tools.r8.utils.k0.M()Z @ 9
Event: 102.861 Thread 0x000000001ca4e000 Uncommon trap: reason=unstable_if action=reinterpret pc=0x0000000002a63090 method=com.android.tools.r8.q.a.b.l.d.a(Ljava/lang/Object;Z)Lcom/android/tools/r8/q/a/b/l/f; @ 84
Event: 102.877 Thread 0x000000001ca4e000 Uncommon trap: reason=unstable_if action=reinterpret pc=0x0000000003045824 method=com.android.tools.r8.q.a.b.m.a.d()I @ 396
Event: 102.877 Thread 0x000000001ca4e000 Uncommon trap: reason=unloaded action=reinterpret pc=0x0000000003c7f9ec method=com.android.tools.r8.q.a.b.l.g.o.b(Lcom/android/tools/r8/q/a/b/m/a;)Lcom/android/tools/r8/q/a/b/b; @ 88
Event: 103.197 Thread 0x000000001ca4e000 Uncommon trap: reason=unstable_if action=reinterpret pc=0x0000000002d72654 method=com.android.tools.r8.t.a.a.a.h.Y$f.hasNext()Z @ 4
Event: 103.240 Thread 0x000000001ca4e000 Uncommon trap: reason=array_check action=maybe_recompile pc=0x00000000046d6254 method=java.util.TimSort.binarySort([Ljava/lang/Object;IIILjava/util/Comparator;)V @ 183
Event: 103.240 Thread 0x000000001ca4e000 Uncommon trap: reason=array_check action=maybe_recompile pc=0x00000000046d618c method=java.util.TimSort.binarySort([Ljava/lang/Object;IIILjava/util/Comparator;)V @ 193
Event: 103.241 Thread 0x000000001ca4e000 Uncommon trap: reason=array_check action=maybe_recompile pc=0x00000000046d60c8 method=java.util.TimSort.binarySort([Ljava/lang/Object;IIILjava/util/Comparator;)V @ 215
Event: 103.241 Thread 0x000000001ca4e000 Uncommon trap: reason=array_check action=maybe_recompile pc=0x00000000046d618c method=java.util.TimSort.binarySort([Ljava/lang/Object;IIILjava/util/Comparator;)V @ 193
Event: 103.327 Thread 0x000000001ca4e000 Uncommon trap: reason=predicate action=maybe_recompile pc=0x000000000424f320 method=java.util.TimSort.reverseRange([Ljava/lang/Object;II)V @ 8

Classes redefined (0 events):
No events

Internal exceptions (10 events):
Event: 101.609 Thread 0x000000001bcf4800 Exception <a 'java/lang/NoSuchMethodError': <clinit>> (0x00000000df7694c8) thrown at [C:\src\AOSP-openjdk-git\hotspot\src\share\vm\prims\jni.cpp, line 1615]
Event: 101.651 Thread 0x000000001fbd8000 Implicit null exception at 0x0000000004144481 to 0x0000000004145165
Event: 101.938 Thread 0x000000001ca4e000 Exception <a 'sun/nio/fs/WindowsException'> (0x00000000e10dd428) thrown at [C:\src\AOSP-openjdk-git\hotspot\src\share\vm\prims\jni.cpp, line 710]
Event: 102.189 Thread 0x000000001ca5a000 Implicit null exception at 0x00000000032722ef to 0x00000000032723e1
Event: 102.189 Thread 0x000000001ca5a800 Implicit null exception at 0x00000000032722ef to 0x00000000032723e1
Event: 102.189 Thread 0x000000001ca55800 Implicit null exception at 0x00000000032722ef to 0x00000000032723e1
Event: 102.189 Thread 0x000000001ca54000 Implicit null exception at 0x00000000032722ef to 0x00000000032723e1
Event: 102.189 Thread 0x000000001ca57800 Implicit null exception at 0x00000000032722ef to 0x00000000032723e1
Event: 102.189 Thread 0x000000001ca59000 Implicit null exception at 0x00000000032722ef to 0x00000000032723e1
Event: 102.189 Thread 0x000000001ca5b800 Implicit null exception at 0x00000000032722ef to 0x00000000032723e1

Events (10 events):
Event: 103.677 Thread 0x000000001ca54000 DEOPT PACKING pc=0x0000000004a3347e sp=0x000000002653e9b0
Event: 103.677 Thread 0x000000001ca54000 DEOPT UNPACKING pc=0x00000000029975d0 sp=0x000000002653e720 mode 0
Event: 103.678 Thread 0x000000001ca54000 DEOPT PACKING pc=0x0000000004352886 sp=0x000000002653e9a0
Event: 103.678 Thread 0x000000001ca54000 DEOPT UNPACKING pc=0x00000000029975d0 sp=0x000000002653e718 mode 0
Event: 103.683 Thread 0x000000001ca54000 DEOPT PACKING pc=0x0000000004a3347e sp=0x000000002653e9b0
Event: 103.683 Thread 0x000000001ca54000 DEOPT UNPACKING pc=0x00000000029975d0 sp=0x000000002653e720 mode 0
Event: 103.687 Thread 0x000000001ca54000 DEOPT PACKING pc=0x0000000004a3347e sp=0x000000002653e9b0
Event: 103.687 Thread 0x000000001ca54000 DEOPT UNPACKING pc=0x00000000029975d0 sp=0x000000002653e720 mode 0
Event: 103.691 Thread 0x000000001ca54000 DEOPT PACKING pc=0x0000000004a3347e sp=0x000000002653e9b0
Event: 103.691 Thread 0x000000001ca54000 DEOPT UNPACKING pc=0x00000000029975d0 sp=0x000000002653e720 mode 0


Dynamic libraries:
0x00007ff618890000 - 0x00007ff6188c1000 	C:\Program Files\Android\Android Studio\jre\bin\java.exe
0x00007ff9c3cb0000 - 0x00007ff9c3ea6000 	C:\WINDOWS\SYSTEM32\ntdll.dll
0x00007ff9c3bb0000 - 0x00007ff9c3c6d000 	C:\WINDOWS\System32\KERNEL32.DLL
0x00007ff9c18a0000 - 0x00007ff9c1b69000 	C:\WINDOWS\System32\KERNELBASE.dll
0x00007ff9c1d10000 - 0x00007ff9c1dbc000 	C:\WINDOWS\System32\ADVAPI32.dll
0x00007ff9c2690000 - 0x00007ff9c272e000 	C:\WINDOWS\System32\msvcrt.dll
0x00007ff9c3a20000 - 0x00007ff9c3abc000 	C:\WINDOWS\System32\sechost.dll
0x00007ff9c2560000 - 0x00007ff9c268b000 	C:\WINDOWS\System32\RPCRT4.dll
0x00007ff9c23c0000 - 0x00007ff9c2560000 	C:\WINDOWS\System32\USER32.dll
0x00007ff9c1500000 - 0x00007ff9c1522000 	C:\WINDOWS\System32\win32u.dll
0x00007ff9c3080000 - 0x00007ff9c30aa000 	C:\WINDOWS\System32\GDI32.dll
0x00007ff9c13f0000 - 0x00007ff9c14fb000 	C:\WINDOWS\System32\gdi32full.dll
0x00007ff9c1b70000 - 0x00007ff9c1c0d000 	C:\WINDOWS\System32\msvcp_win.dll
0x00007ff9c1530000 - 0x00007ff9c1630000 	C:\WINDOWS\System32\ucrtbase.dll
0x00007ff9abc70000 - 0x00007ff9abf0b000 	C:\WINDOWS\WinSxS\amd64_microsoft.windows.common-controls_6595b64144ccf1df_6.0.19041.746_none_ca02b4b61b8320a4\COMCTL32.dll
0x00007ff9c3b20000 - 0x00007ff9c3b50000 	C:\WINDOWS\System32\IMM32.DLL
0x00000000644b0000 - 0x0000000064582000 	C:\Program Files\Android\Android Studio\jre\jre\bin\msvcr100.dll
0x0000000064670000 - 0x0000000064ebb000 	C:\Program Files\Android\Android Studio\jre\jre\bin\server\jvm.dll
0x00007ff9c1e70000 - 0x00007ff9c1e78000 	C:\WINDOWS\System32\PSAPI.DLL
0x00007ff9a9650000 - 0x00007ff9a9659000 	C:\WINDOWS\SYSTEM32\WSOCK32.dll
0x00007ff9c0f70000 - 0x00007ff9c0f7a000 	C:\WINDOWS\SYSTEM32\VERSION.dll
0x00007ff9a63f0000 - 0x00007ff9a6417000 	C:\WINDOWS\SYSTEM32\WINMM.dll
0x00007ff9c2810000 - 0x00007ff9c287b000 	C:\WINDOWS\System32\WS2_32.dll
0x00007ff9b7c40000 - 0x00007ff9b7c4f000 	C:\Program Files\Android\Android Studio\jre\jre\bin\verify.dll
0x00007ff9b77c0000 - 0x00007ff9b77e9000 	C:\Program Files\Android\Android Studio\jre\jre\bin\java.dll
0x00007ff9b6d50000 - 0x00007ff9b6d66000 	C:\Program Files\Android\Android Studio\jre\jre\bin\zip.dll
0x00007ff9c3270000 - 0x00007ff9c39b2000 	C:\WINDOWS\System32\SHELL32.dll
0x00007ff9bf4b0000 - 0x00007ff9bfc40000 	C:\WINDOWS\SYSTEM32\windows.storage.dll
0x00007ff9c2bf0000 - 0x00007ff9c2f46000 	C:\WINDOWS\System32\combase.dll
0x00007ff9c0de0000 - 0x00007ff9c0e0c000 	C:\WINDOWS\SYSTEM32\Wldp.dll
0x00007ff9c2310000 - 0x00007ff9c23be000 	C:\WINDOWS\System32\SHCORE.dll
0x00007ff9c39c0000 - 0x00007ff9c3a15000 	C:\WINDOWS\System32\shlwapi.dll
0x00007ff9c1320000 - 0x00007ff9c1346000 	C:\WINDOWS\SYSTEM32\profapi.dll
0x00007ff9b6d30000 - 0x00007ff9b6d4a000 	C:\Program Files\Android\Android Studio\jre\jre\bin\net.dll
0x00007ff9c0b60000 - 0x00007ff9c0bca000 	C:\WINDOWS\system32\mswsock.dll
0x00007ff9a94a0000 - 0x00007ff9a94b3000 	C:\Program Files\Android\Android Studio\jre\jre\bin\nio.dll
0x00007ff9a6870000 - 0x00007ff9a6897000 	C:\Users\Apolo\.gradle\native\f6784746aeab05261644944871eae4fe03e0ef1612fff0a4a95f87b438bc6780\windows-amd64\native-platform.dll
0x00007ff9b7870000 - 0x00007ff9b787d000 	C:\Program Files\Android\Android Studio\jre\jre\bin\management.dll
0x00007ff9c0d40000 - 0x00007ff9c0d58000 	C:\WINDOWS\SYSTEM32\CRYPTSP.dll
0x00007ff9c0490000 - 0x00007ff9c04c4000 	C:\WINDOWS\system32\rsaenh.dll
0x00007ff9c17f0000 - 0x00007ff9c1817000 	C:\WINDOWS\System32\bcrypt.dll
0x00007ff9c12a0000 - 0x00007ff9c12ce000 	C:\WINDOWS\SYSTEM32\USERENV.dll
0x00007ff9c1820000 - 0x00007ff9c18a0000 	C:\WINDOWS\System32\bcryptprimitives.dll
0x00007ff9c0d30000 - 0x00007ff9c0d3c000 	C:\WINDOWS\SYSTEM32\CRYPTBASE.dll
0x00007ff9c0800000 - 0x00007ff9c083b000 	C:\WINDOWS\SYSTEM32\IPHLPAPI.DLL
0x00007ff9c3140000 - 0x00007ff9c3148000 	C:\WINDOWS\System32\NSI.dll
0x00007ff9b6210000 - 0x00007ff9b6227000 	C:\WINDOWS\SYSTEM32\dhcpcsvc6.DLL
0x00007ff9b5f00000 - 0x00007ff9b5f1d000 	C:\WINDOWS\SYSTEM32\dhcpcsvc.DLL
0x00007ff9c0840000 - 0x00007ff9c090b000 	C:\WINDOWS\SYSTEM32\DNSAPI.dll
0x00007ff9b7b70000 - 0x00007ff9b7b7b000 	C:\WINDOWS\SYSTEM32\WINNSI.DLL
0x00007ff9a81d0000 - 0x00007ff9a81ee000 	C:\Users\Apolo\AppData\Local\Temp\native-platform3558610972245755362dir\native-platform.dll

VM Arguments:
jvm_args: -Xmx2048m -Dfile.encoding=windows-1252 -Duser.country=ES -Duser.language=es -Duser.variant 
java_command: org.gradle.launcher.daemon.bootstrap.GradleDaemon 6.5
java_class_path (initial): C:\Users\Apolo\.gradle\wrapper\dists\gradle-6.5-bin\6nifqtx7604sqp1q6g8wikw7p\gradle-6.5\lib\gradle-launcher-6.5.jar
Launcher Type: SUN_STANDARD

Environment Variables:
PATH=C:\Program Files\Common Files\Oracle\Java\javapath;C:\Program Files (x86)\Common Files\Oracle\Java\javapath;C:\orant\bin;C:\WINDOWS\system32;C:\WINDOWS;C:\WINDOWS\System32\Wbem;C:\WINDOWS\System32\WindowsPowerShell\v1.0\;C:\WINDOWS\System32\OpenSSH\;C:\orant\jdk\bin;C:\Program Files (x86)\Intel\Intel(R) Memory And Storage Tool\;C:\Program Files\Git\cmd;C:\Program Files\nodejs\;C:\Users\Apolo\AppData\Local\Microsoft\WindowsApps;;C:\Users\Apolo\AppData\Local\Programs\Microsoft VS Code\bin;C:\Users\Apolo\AppData\Roaming\npm
USERNAME=Apolo
OS=Windows_NT
PROCESSOR_IDENTIFIER=Intel64 Family 6 Model 126 Stepping 5, GenuineIntel



---------------  S Y S T E M  ---------------

OS: Windows 10.0 , 64 bit Build 19041 (10.0.19041.804)

CPU:total 8 (initial active 8) (4 cores per cpu, 2 threads per core) family 6 model 126 stepping 5, cmov, cx8, fxsr, mmx, sse, sse2, sse3, ssse3, sse4.1, sse4.2, popcnt, avx, avx2, aes, clmul, erms, 3dnowpref, lzcnt, ht, tsc, tscinvbit, bmi1, bmi2, adx

Memory: 4k page, physical 8165048k(484848k free), swap 11736884k(5760k free)

vm_info: OpenJDK 64-Bit Server VM (25.242-b01) for windows-amd64 JRE (1.8.0_242-release-1644-b01), built by "builder" with MS VC++ 10.0 (VS2010)

time: Thu Feb 25 08:43:55 2021
timezone: Hora de verano de Paraguay
elapsed time: 103 seconds (0d 0h 1m 43s)

