#
# There is insufficient memory for the Java Runtime Environment to continue.
# Native memory allocation (malloc) failed to allocate 32744 bytes for ChunkPool::allocate
# Possible reasons:
#   The system is out of physical RAM or swap space
#   The process is running with CompressedOops enabled, and the Java Heap may be blocking the growth of the native heap
# Possible solutions:
#   Reduce memory load on the system
#   Increase physical memory or swap space
#   Check if swap backing store is full
#   Decrease Java heap size (-Xmx/-Xms)
#   Decrease number of Java threads
#   Decrease Java thread stack sizes (-Xss)
#   Set larger code cache with -XX:ReservedCodeCacheSize=
#   JVM is running with Unscaled Compressed Oops mode in which the Java heap is
#     placed in the first 4GB address space. The Java Heap base address is the
#     maximum limit for the native heap growth. Please use -XX:HeapBaseMinAddress
#     to set the Java Heap base and to place the Java Heap above 4GB virtual address.
# This output file may be truncated or incomplete.
#
#  Out of Memory Error (allocation.cpp:272), pid=2776, tid=0x00000000000051d0
#
# JRE version: OpenJDK Runtime Environment (8.0_242-b01) (build 1.8.0_242-release-1644-b01)
# Java VM: OpenJDK 64-Bit Server VM (25.242-b01 mixed mode windows-amd64 compressed oops)
# Failed to write core dump. Minidumps are not enabled by default on client versions of Windows
#

---------------  T H R E A D  ---------------

Current thread (0x0000000019ddc000):  JavaThread "C1 CompilerThread3" daemon [_thread_in_native, id=20944, stack(0x000000001a9b0000,0x000000001aab0000)]

Stack: [0x000000001a9b0000,0x000000001aab0000]
[error occurred during error reporting (printing stack bounds), id 0xc0000005]

Native frames: (J=compiled Java code, j=interpreted, Vv=VM code, C=native code)


Current CompileTask:
C1:1696814 10402       3       org.gradle.internal.snapshot.VfsRelativePath::lengthOfCommonPrefix (173 bytes)


---------------  P R O C E S S  ---------------

Java Threads: ( => current thread )
  0x0000000020fcf800 JavaThread "Cache worker for execution history cache (C:\Android\Proyecto\VendedoresKT\ApoloVendedor\.gradle\6.5\executionHistory)" [_thread_blocked, id=21056, stack(0x000000002f400000,0x000000002f500000)]
  0x0000000020fd1800 JavaThread "Execution worker for ':' Thread 7" [_thread_blocked, id=13740, stack(0x000000002f300000,0x000000002f400000)]
  0x0000000020fd6000 JavaThread "Execution worker for ':' Thread 6" [_thread_blocked, id=2396, stack(0x000000002f200000,0x000000002f300000)]
  0x0000000020fce800 JavaThread "Execution worker for ':' Thread 5" [_thread_in_native, id=1700, stack(0x000000002f100000,0x000000002f200000)]
  0x0000000020fd4800 JavaThread "Execution worker for ':' Thread 4" [_thread_blocked, id=8436, stack(0x000000002ee00000,0x000000002ef00000)]
  0x0000000020fd5800 JavaThread "Execution worker for ':' Thread 3" [_thread_blocked, id=18476, stack(0x000000002d8a0000,0x000000002d9a0000)]
  0x000000001d179000 JavaThread "Execution worker for ':' Thread 2" [_thread_blocked, id=17624, stack(0x000000002b310000,0x000000002b410000)]
  0x000000001d178800 JavaThread "Execution worker for ':'" [_thread_blocked, id=15780, stack(0x000000002b010000,0x000000002b110000)]
  0x000000001d17a800 JavaThread "Cache worker for file content cache (C:\Android\Proyecto\VendedoresKT\ApoloVendedor\.gradle\6.5\fileContent)" [_thread_blocked, id=19292, stack(0x000000002af10000,0x000000002b010000)]
  0x000000001d175800 JavaThread "Cache worker for Build Output Cleanup Cache (C:\Android\Proyecto\VendedoresKT\ApoloVendedor\.gradle\buildOutputCleanup)" [_thread_blocked, id=18280, stack(0x000000002ae10000,0x000000002af10000)]
  0x000000001d17a000 JavaThread "jar transforms Thread 226" [_thread_blocked, id=17976, stack(0x000000002ad10000,0x000000002ae10000)]
  0x000000001d176000 JavaThread "jar transforms Thread 225" [_thread_blocked, id=748, stack(0x000000002ac10000,0x000000002ad10000)]
  0x000000001d174800 JavaThread "jar transforms Thread 224" [_thread_blocked, id=6632, stack(0x000000002ab10000,0x000000002ac10000)]
  0x000000001d177000 JavaThread "jar transforms Thread 223" [_thread_blocked, id=12668, stack(0x000000002aa10000,0x000000002ab10000)]
  0x000000001d16d000 JavaThread "jar transforms Thread 222" [_thread_blocked, id=17392, stack(0x000000002a910000,0x000000002aa10000)]
  0x000000001d174000 JavaThread "jar transforms Thread 221" [_thread_blocked, id=11112, stack(0x000000002a810000,0x000000002a910000)]
  0x000000001d16c800 JavaThread "jar transforms Thread 220" [_thread_blocked, id=15372, stack(0x000000002a710000,0x000000002a810000)]
  0x000000001d173000 JavaThread "jar transforms Thread 219" [_thread_blocked, id=19520, stack(0x000000002a610000,0x000000002a710000)]
  0x000000001d16f800 JavaThread "jar transforms Thread 218" [_thread_blocked, id=280, stack(0x000000002a510000,0x000000002a610000)]
  0x000000001d170000 JavaThread "jar transforms Thread 217" [_thread_blocked, id=6496, stack(0x000000002a410000,0x000000002a510000)]
  0x000000001d171000 JavaThread "jar transforms Thread 216" [_thread_blocked, id=10880, stack(0x000000002a310000,0x000000002a410000)]
  0x000000001d172800 JavaThread "jar transforms Thread 215" [_thread_blocked, id=2588, stack(0x000000002a210000,0x000000002a310000)]
  0x000000001d16e000 JavaThread "jar transforms Thread 214" [_thread_blocked, id=20464, stack(0x000000002a110000,0x000000002a210000)]
  0x000000001d16e800 JavaThread "jar transforms Thread 213" [_thread_blocked, id=9196, stack(0x000000002a010000,0x000000002a110000)]
  0x000000001d16b800 JavaThread "jar transforms Thread 212" [_thread_blocked, id=13852, stack(0x0000000029f10000,0x000000002a010000)]
  0x000000001d171800 JavaThread "jar transforms Thread 211" [_thread_blocked, id=12564, stack(0x0000000029e10000,0x0000000029f10000)]
  0x000000001b509000 JavaThread "jar transforms Thread 210" [_thread_blocked, id=10124, stack(0x0000000029d10000,0x0000000029e10000)]
  0x000000001b508800 JavaThread "jar transforms Thread 209" [_thread_blocked, id=20688, stack(0x0000000029c10000,0x0000000029d10000)]
  0x000000001b50c000 JavaThread "jar transforms Thread 208" [_thread_blocked, id=17824, stack(0x0000000029b10000,0x0000000029c10000)]
  0x000000001b507800 JavaThread "jar transforms Thread 207" [_thread_blocked, id=13896, stack(0x0000000029a10000,0x0000000029b10000)]
  0x000000001b506000 JavaThread "jar transforms Thread 206" [_thread_blocked, id=2904, stack(0x0000000029910000,0x0000000029a10000)]
  0x000000001b507000 JavaThread "jar transforms Thread 205" [_thread_blocked, id=13412, stack(0x0000000029810000,0x0000000029910000)]
  0x000000001b50a800 JavaThread "jar transforms Thread 204" [_thread_blocked, id=15344, stack(0x0000000029710000,0x0000000029810000)]
  0x000000001b50a000 JavaThread "jar transforms Thread 203" [_thread_blocked, id=4708, stack(0x0000000029610000,0x0000000029710000)]
  0x000000001b505800 JavaThread "jar transforms Thread 202" [_thread_blocked, id=14500, stack(0x0000000029510000,0x0000000029610000)]
  0x000000001b50b800 JavaThread "jar transforms Thread 201" [_thread_blocked, id=15392, stack(0x0000000029410000,0x0000000029510000)]
  0x000000001b4fe000 JavaThread "jar transforms Thread 200" [_thread_blocked, id=13500, stack(0x0000000029310000,0x0000000029410000)]
  0x000000001b501000 JavaThread "jar transforms Thread 199" [_thread_blocked, id=6480, stack(0x0000000029210000,0x0000000029310000)]
  0x000000001b4fe800 JavaThread "jar transforms Thread 198" [_thread_blocked, id=14796, stack(0x0000000029110000,0x0000000029210000)]
  0x000000001b500000 JavaThread "jar transforms Thread 197" [_thread_blocked, id=8520, stack(0x0000000029010000,0x0000000029110000)]
  0x000000001b4ff800 JavaThread "jar transforms Thread 196" [_thread_blocked, id=14028, stack(0x0000000028f10000,0x0000000029010000)]
  0x000000001b504800 JavaThread "jar transforms Thread 195" [_thread_blocked, id=5388, stack(0x0000000028e10000,0x0000000028f10000)]
  0x000000001b503000 JavaThread "jar transforms Thread 194" [_thread_blocked, id=18864, stack(0x0000000028d10000,0x0000000028e10000)]
  0x000000001b504000 JavaThread "jar transforms Thread 193" [_thread_blocked, id=3608, stack(0x0000000028c10000,0x0000000028d10000)]
  0x000000001b501800 JavaThread "jar transforms Thread 192" [_thread_blocked, id=12468, stack(0x0000000028b10000,0x0000000028c10000)]
  0x000000001b4fd000 JavaThread "jar transforms Thread 191" [_thread_blocked, id=12872, stack(0x0000000028a10000,0x0000000028b10000)]
  0x000000001b502800 JavaThread "jar transforms Thread 190" [_thread_blocked, id=11768, stack(0x0000000028910000,0x0000000028a10000)]
  0x000000001cf1f800 JavaThread "jar transforms Thread 189" [_thread_blocked, id=21908, stack(0x0000000028810000,0x0000000028910000)]
  0x000000001cf1e800 JavaThread "jar transforms Thread 188" [_thread_blocked, id=5248, stack(0x0000000028710000,0x0000000028810000)]
  0x000000001cf20000 JavaThread "jar transforms Thread 187" [_thread_blocked, id=8116, stack(0x0000000028610000,0x0000000028710000)]
  0x000000001cf1d000 JavaThread "jar transforms Thread 186" [_thread_blocked, id=14312, stack(0x0000000028510000,0x0000000028610000)]
  0x000000001cf1c800 JavaThread "jar transforms Thread 185" [_thread_blocked, id=21900, stack(0x0000000028410000,0x0000000028510000)]
  0x000000001cf1b800 JavaThread "jar transforms Thread 184" [_thread_blocked, id=15504, stack(0x0000000028310000,0x0000000028410000)]
  0x000000001cf1e000 JavaThread "jar transforms Thread 183" [_thread_blocked, id=17148, stack(0x0000000028210000,0x0000000028310000)]
  0x000000001cf1a000 JavaThread "jar transforms Thread 182" [_thread_blocked, id=12316, stack(0x0000000028110000,0x0000000028210000)]
  0x000000001cf1b000 JavaThread "jar transforms Thread 181" [_thread_blocked, id=22296, stack(0x0000000028010000,0x0000000028110000)]
  0x000000001cf12800 JavaThread "jar transforms Thread 180" [_thread_blocked, id=18504, stack(0x0000000027f10000,0x0000000028010000)]
  0x000000001cf17000 JavaThread "jar transforms Thread 179" [_thread_blocked, id=8884, stack(0x0000000027e10000,0x0000000027f10000)]
  0x000000001cf16800 JavaThread "jar transforms Thread 178" [_thread_blocked, id=14236, stack(0x0000000027d10000,0x0000000027e10000)]
  0x000000001cf15800 JavaThread "jar transforms Thread 177" [_thread_blocked, id=12764, stack(0x0000000027c10000,0x0000000027d10000)]
  0x000000001cf18000 JavaThread "jar transforms Thread 176" [_thread_blocked, id=18192, stack(0x0000000027b10000,0x0000000027c10000)]
  0x000000001cf18800 JavaThread "jar transforms Thread 175" [_thread_blocked, id=18620, stack(0x0000000027a10000,0x0000000027b10000)]
  0x000000001cf19800 JavaThread "jar transforms Thread 174" [_thread_blocked, id=21772, stack(0x0000000027910000,0x0000000027a10000)]
  0x000000001cf15000 JavaThread "jar transforms Thread 173" [_thread_blocked, id=15808, stack(0x0000000027810000,0x0000000027910000)]
  0x000000001cf14000 JavaThread "jar transforms Thread 172" [_thread_blocked, id=9776, stack(0x0000000027710000,0x0000000027810000)]
  0x000000001cf12000 JavaThread "jar transforms Thread 171" [_thread_blocked, id=8444, stack(0x0000000027610000,0x0000000027710000)]
  0x000000001cf13800 JavaThread "jar transforms Thread 170" [_thread_blocked, id=15040, stack(0x0000000027510000,0x0000000027610000)]
  0x000000001cf11000 JavaThread "jar transforms Thread 169" [_thread_blocked, id=3892, stack(0x0000000027410000,0x0000000027510000)]
  0x000000001d104800 JavaThread "jar transforms Thread 168" [_thread_blocked, id=6152, stack(0x0000000027310000,0x0000000027410000)]
  0x000000001d104000 JavaThread "jar transforms Thread 167" [_thread_blocked, id=17020, stack(0x0000000027210000,0x0000000027310000)]
  0x000000001d103000 JavaThread "jar transforms Thread 166" [_thread_blocked, id=17172, stack(0x0000000027110000,0x0000000027210000)]
  0x000000001d102800 JavaThread "jar transforms Thread 165" [_thread_blocked, id=5952, stack(0x0000000027010000,0x0000000027110000)]
  0x000000001d101800 JavaThread "jar transforms Thread 164" [_thread_blocked, id=9888, stack(0x0000000026f10000,0x0000000027010000)]
  0x000000001d101000 JavaThread "jar transforms Thread 163" [_thread_blocked, id=13252, stack(0x0000000026e10000,0x0000000026f10000)]
  0x000000001d0f9800 JavaThread "jar transforms Thread 162" [_thread_blocked, id=7008, stack(0x0000000026d10000,0x0000000026e10000)]
  0x000000001d100000 JavaThread "jar transforms Thread 161" [_thread_blocked, id=17068, stack(0x0000000026c10000,0x0000000026d10000)]
  0x000000001d0ff800 JavaThread "jar transforms Thread 160" [_thread_blocked, id=10280, stack(0x0000000026b10000,0x0000000026c10000)]
  0x000000001d0fe800 JavaThread "jar transforms Thread 159" [_thread_blocked, id=608, stack(0x0000000026a10000,0x0000000026b10000)]
  0x000000001d0fe000 JavaThread "jar transforms Thread 158" [_thread_blocked, id=12464, stack(0x0000000026910000,0x0000000026a10000)]
  0x000000001d0f8800 JavaThread "jar transforms Thread 157" [_thread_blocked, id=10416, stack(0x0000000026810000,0x0000000026910000)]
  0x000000001d0fd000 JavaThread "jar transforms Thread 156" [_thread_blocked, id=20216, stack(0x0000000026710000,0x0000000026810000)]
  0x000000001d0fb800 JavaThread "jar transforms Thread 155" [_thread_blocked, id=20872, stack(0x0000000026610000,0x0000000026710000)]
  0x000000001d0f5800 JavaThread "jar transforms Thread 154" [_thread_blocked, id=19928, stack(0x0000000026510000,0x0000000026610000)]
  0x000000001d0f8000 JavaThread "jar transforms Thread 153" [_thread_blocked, id=4016, stack(0x0000000026410000,0x0000000026510000)]
  0x000000001d0f6800 JavaThread "jar transforms Thread 152" [_thread_blocked, id=8292, stack(0x0000000026310000,0x0000000026410000)]
  0x000000001d0fb000 JavaThread "jar transforms Thread 151" [_thread_blocked, id=4280, stack(0x0000000026210000,0x0000000026310000)]
  0x000000001d0fc800 JavaThread "jar transforms Thread 150" [_thread_blocked, id=7892, stack(0x0000000026110000,0x0000000026210000)]
  0x000000001d0f7000 JavaThread "jar transforms Thread 149" [_thread_blocked, id=14868, stack(0x0000000026010000,0x0000000026110000)]
  0x000000001d0fa000 JavaThread "jar transforms Thread 148" [_thread_blocked, id=12196, stack(0x0000000025f10000,0x0000000026010000)]
  0x0000000019dda800 JavaThread "jar transforms Thread 147" [_thread_blocked, id=1760, stack(0x0000000025e10000,0x0000000025f10000)]
  0x0000000019dd8800 JavaThread "jar transforms Thread 146" [_thread_blocked, id=10652, stack(0x0000000025d10000,0x0000000025e10000)]
  0x0000000019ddd000 JavaThread "jar transforms Thread 145" [_thread_blocked, id=14492, stack(0x0000000025c10000,0x0000000025d10000)]
  0x0000000019ddd800 JavaThread "jar transforms Thread 144" [_thread_blocked, id=13248, stack(0x0000000025b10000,0x0000000025c10000)]
  0x0000000019dd7800 JavaThread "jar transforms Thread 143" [_thread_blocked, id=3160, stack(0x0000000025a10000,0x0000000025b10000)]
  0x000000001d16a800 JavaThread "jar transforms Thread 142" [_thread_blocked, id=8784, stack(0x0000000025910000,0x0000000025a10000)]
  0x000000001d16a000 JavaThread "jar transforms Thread 141" [_thread_blocked, id=18600, stack(0x0000000025810000,0x0000000025910000)]
  0x000000001d169000 JavaThread "jar transforms Thread 140" [_thread_blocked, id=22300, stack(0x0000000025710000,0x0000000025810000)]
  0x000000001d167800 JavaThread "jar transforms Thread 139" [_thread_blocked, id=6484, stack(0x0000000025610000,0x0000000025710000)]
  0x000000001d166000 JavaThread "jar transforms Thread 138" [_thread_blocked, id=14716, stack(0x0000000025510000,0x0000000025610000)]
  0x000000001d168800 JavaThread "jar transforms Thread 137" [_thread_blocked, id=8356, stack(0x0000000025410000,0x0000000025510000)]
  0x000000001d160000 JavaThread "jar transforms Thread 136" [_thread_blocked, id=6836, stack(0x0000000025310000,0x0000000025410000)]
  0x000000001d165800 JavaThread "jar transforms Thread 135" [_thread_blocked, id=15056, stack(0x0000000025210000,0x0000000025310000)]
  0x000000001d164800 JavaThread "jar transforms Thread 134" [_thread_blocked, id=7908, stack(0x0000000025110000,0x0000000025210000)]
  0x000000001d164000 JavaThread "jar transforms Thread 133" [_thread_blocked, id=16708, stack(0x0000000025010000,0x0000000025110000)]
  0x000000001d167000 JavaThread "jar transforms Thread 132" [_thread_blocked, id=21960, stack(0x0000000024f10000,0x0000000025010000)]
  0x000000001d161800 JavaThread "jar transforms Thread 131" [_thread_blocked, id=14408, stack(0x0000000024e10000,0x0000000024f10000)]
  0x000000001d15c800 JavaThread "jar transforms Thread 130" [_thread_blocked, id=3380, stack(0x0000000024d10000,0x0000000024e10000)]
  0x000000001d15b800 JavaThread "jar transforms Thread 129" [_thread_blocked, id=5912, stack(0x0000000024c10000,0x0000000024d10000)]
  0x000000001f1b1800 JavaThread "jar transforms Thread 128" [_thread_blocked, id=5804, stack(0x0000000024b10000,0x0000000024c10000)]
  0x000000001f1b0000 JavaThread "jar transforms Thread 127" [_thread_blocked, id=6584, stack(0x0000000024a10000,0x0000000024b10000)]
  0x000000001f1af000 JavaThread "jar transforms Thread 126" [_thread_blocked, id=6268, stack(0x0000000024910000,0x0000000024a10000)]
  0x000000001f1b0800 JavaThread "jar transforms Thread 125" [_thread_blocked, id=3888, stack(0x0000000024810000,0x0000000024910000)]
  0x000000001f1ae800 JavaThread "jar transforms Thread 124" [_thread_blocked, id=10036, stack(0x0000000024710000,0x0000000024810000)]
  0x000000001f1ad800 JavaThread "jar transforms Thread 123" [_thread_blocked, id=12516, stack(0x0000000024610000,0x0000000024710000)]
  0x000000001f1ad000 JavaThread "jar transforms Thread 122" [_thread_blocked, id=15716, stack(0x0000000024510000,0x0000000024610000)]
  0x000000001f1ac000 JavaThread "jar transforms Thread 121" [_thread_blocked, id=13776, stack(0x0000000024410000,0x0000000024510000)]
  0x000000001f1a4800 JavaThread "jar transforms Thread 120" [_thread_blocked, id=11368, stack(0x0000000024310000,0x0000000024410000)]
  0x000000001f1ab800 JavaThread "jar transforms Thread 119" [_thread_blocked, id=6408, stack(0x0000000024210000,0x0000000024310000)]
  0x000000001f1a7800 JavaThread "jar transforms Thread 118" [_thread_blocked, id=16772, stack(0x0000000024110000,0x0000000024210000)]
  0x000000001f1a4000 JavaThread "jar transforms Thread 117" [_thread_blocked, id=2056, stack(0x0000000023f10000,0x0000000024010000)]
  0x000000001f1a7000 JavaThread "jar transforms Thread 116" [_thread_blocked, id=6580, stack(0x0000000023e10000,0x0000000023f10000)]
  0x000000001f1aa800 JavaThread "jar transforms Thread 115" [_thread_blocked, id=6504, stack(0x0000000023d10000,0x0000000023e10000)]
  0x000000001f1aa000 JavaThread "jar transforms Thread 114" [_thread_blocked, id=21768, stack(0x0000000023c10000,0x0000000023d10000)]
  0x000000001cf37800 JavaThread "Build operations Thread 8" [_thread_in_native, id=6508, stack(0x0000000023b10000,0x0000000023c10000)]
  0x000000001cf33800 JavaThread "Build operations Thread 7" [_thread_in_native, id=17820, stack(0x0000000023a10000,0x0000000023b10000)]
  0x000000001cf32000 JavaThread "Build operations Thread 6" [_thread_in_native, id=3132, stack(0x0000000023910000,0x0000000023a10000)]
  0x000000001cf38000 JavaThread "Build operations Thread 5" [_thread_in_native, id=15636, stack(0x0000000023810000,0x0000000023910000)]
  0x000000001cf34800 JavaThread "Build operations Thread 4" [_thread_in_native, id=15516, stack(0x0000000023010000,0x0000000023110000)]
  0x000000001cf36800 JavaThread "Build operations Thread 3" [_thread_blocked, id=19464, stack(0x0000000022810000,0x0000000022910000)]
  0x000000001cf35000 JavaThread "Build operations Thread 2" [_thread_blocked, id=2756, stack(0x0000000022710000,0x0000000022810000)]
  0x000000001cf36000 JavaThread "Build operations" [_thread_in_native, id=14580, stack(0x0000000021360000,0x0000000021460000)]
  0x000000001cf31800 JavaThread "Cache worker for cache directory md-rule (C:\Users\Apolo\.gradle\caches\6.5\md-rule)" [_thread_blocked, id=5704, stack(0x00000000201d0000,0x00000000202d0000)]
  0x000000001cf30800 JavaThread "Cache worker for cache directory md-supplier (C:\Users\Apolo\.gradle\caches\6.5\md-supplier)" [_thread_blocked, id=15016, stack(0x000000001e800000,0x000000001e900000)]
  0x000000001cf29000 JavaThread "Cache worker for checksums cache (C:\Android\Proyecto\VendedoresKT\ApoloVendedor\.gradle\checksums)" [_thread_blocked, id=5280, stack(0x000000001e500000,0x000000001e600000)]
  0x000000001cf2f000 JavaThread "Cache worker for file hash cache (C:\Android\Proyecto\VendedoresKT\ApoloVendedor\.gradle\6.5\fileHashes)" [_thread_blocked, id=3840, stack(0x000000001e400000,0x000000001e500000)]
  0x000000001cf2e800 JavaThread "Thread-156" [_thread_blocked, id=6616, stack(0x000000001e300000,0x000000001e400000)]
  0x000000001cf2d800 JavaThread "Stdin handler" [_thread_blocked, id=18840, stack(0x000000001e200000,0x000000001e300000)]
  0x000000001cf2d000 JavaThread "Asynchronous log dispatcher for DefaultDaemonConnection: socket connection from /127.0.0.1:56702 to /127.0.0.1:57375" [_thread_blocked, id=1540, stack(0x000000001db90000,0x000000001dc90000)]
  0x000000001cf2a000 JavaThread "Daemon worker Thread 2" [_thread_blocked, id=22364, stack(0x000000001da90000,0x000000001db90000)]
  0x000000001cf2c000 JavaThread "Cancel handler" [_thread_blocked, id=16740, stack(0x0000000001370000,0x0000000001470000)]
  0x000000001cf2b800 JavaThread "Handler for socket connection from /127.0.0.1:56702 to /127.0.0.1:57375" [_thread_in_native, id=20392, stack(0x0000000001270000,0x0000000001370000)]
  0x000000001cf30000 JavaThread "Daemon Thread 2" [_thread_blocked, id=2204, stack(0x0000000001170000,0x0000000001270000)]
  0x000000001d162800 JavaThread "RMI Reaper" [_thread_blocked, id=16260, stack(0x00000000302c0000,0x00000000303c0000)]
  0x000000001d15d000 JavaThread "RMI TCP Accept-0" daemon [_thread_in_native, id=17704, stack(0x00000000301c0000,0x00000000302c0000)]
  0x000000001d15f800 JavaThread "GC Daemon" daemon [_thread_blocked, id=21028, stack(0x000000002fe00000,0x000000002ff00000)]
  0x000000001d15e800 JavaThread "RMI Scheduler(0)" daemon [_thread_blocked, id=21528, stack(0x000000002fc00000,0x000000002fd00000)]
  0x000000001cf33000 JavaThread "Memory manager" [_thread_blocked, id=18844, stack(0x000000002d500000,0x000000002d600000)]
  0x0000000019ddb800 JavaThread "Cache worker for file content cache (C:\Users\Apolo\.gradle\caches\6.5\fileContent)" [_thread_blocked, id=15664, stack(0x0000000023110000,0x0000000023210000)]
  0x0000000019dda000 JavaThread "Cache worker for execution history cache (C:\Users\Apolo\.gradle\caches\6.5\executionHistory)" [_thread_blocked, id=19704, stack(0x0000000022910000,0x0000000022a10000)]
  0x0000000019dd9000 JavaThread "Cache worker for file hash cache (C:\Users\Apolo\.gradle\caches\6.5\fileHashes)" [_thread_blocked, id=8996, stack(0x000000001ed00000,0x000000001ee00000)]
  0x0000000019dde800 JavaThread "File lock request listener" [_thread_in_native, id=12304, stack(0x000000001ec00000,0x000000001ed00000)]
  0x000000001b7ba000 JavaThread "Cache worker for journal cache (C:\Users\Apolo\.gradle\caches\journal-1)" [_thread_blocked, id=16456, stack(0x000000001eb00000,0x000000001ec00000)]
  0x000000001c8a5000 JavaThread "Daemon periodic checks" [_thread_blocked, id=10264, stack(0x000000001df00000,0x000000001e000000)]
  0x000000001c89b000 JavaThread "Incoming local TCP Connector on port 56702" [_thread_in_native, id=17884, stack(0x000000001dc90000,0x000000001dd90000)]
  0x000000001adc6000 JavaThread "Daemon health stats" [_thread_blocked, id=20704, stack(0x000000001d650000,0x000000001d750000)]
  0x0000000019e15800 JavaThread "Service Thread" daemon [_thread_blocked, id=4000, stack(0x000000001aab0000,0x000000001abb0000)]
=>0x0000000019ddc000 JavaThread "C1 CompilerThread3" daemon [_thread_in_native, id=20944, stack(0x000000001a9b0000,0x000000001aab0000)]
  0x0000000019dcb000 JavaThread "C2 CompilerThread2" daemon [_thread_in_native, id=8324, stack(0x000000001a8b0000,0x000000001a9b0000)]
  0x0000000017fbb000 JavaThread "C2 CompilerThread1" daemon [_thread_in_native, id=21116, stack(0x000000001a7b0000,0x000000001a8b0000)]
  0x0000000019dc2000 JavaThread "C2 CompilerThread0" daemon [_thread_in_native, id=4224, stack(0x000000001a6b0000,0x000000001a7b0000)]
  0x0000000019dc1000 JavaThread "Attach Listener" daemon [_thread_blocked, id=4028, stack(0x000000001a5b0000,0x000000001a6b0000)]
  0x0000000019dc0000 JavaThread "Signal Dispatcher" daemon [_thread_blocked, id=21468, stack(0x000000001a4b0000,0x000000001a5b0000)]
  0x0000000002eee000 JavaThread "Finalizer" daemon [_thread_blocked, id=8196, stack(0x000000001a290000,0x000000001a390000)]
  0x0000000002ee7000 JavaThread "Reference Handler" daemon [_thread_blocked, id=15556, stack(0x000000001a190000,0x000000001a290000)]
  0x0000000002f3d800 JavaThread "main" [_thread_blocked, id=12032, stack(0x0000000002ce0000,0x0000000002de0000)]

Other Threads:
  0x0000000017fa6000 VMThread [stack: 0x0000000019c90000,0x0000000019d90000] [id=21232]
  0x0000000019e16000 WatcherThread [stack: 0x000000001abb0000,0x000000001acb0000] [id=3732]

VM state:not at safepoint (normal execution)

VM Mutex/Monitor currently owned by a thread: None

heap address: 0x0000000080000000, size: 2048 MB, Compressed Oops mode: 32-bit
Narrow klass base: 0x0000000000000000, Narrow klass shift: 3
Compressed class space size: 1073741824 Address: 0x0000000100000000

Heap:
 PSYoungGen      total 265728K, used 81583K [0x00000000d5580000, 0x00000000e7580000, 0x0000000100000000)
  eden space 248832K, 26% used [0x00000000d5580000,0x00000000d94d9d40,0x00000000e4880000)
  from space 16896K, 98% used [0x00000000e6500000,0x00000000e75520b0,0x00000000e7580000)
  to   space 23040K, 0% used [0x00000000e4880000,0x00000000e4880000,0x00000000e5f00000)
 ParOldGen       total 123392K, used 45281K [0x0000000080000000, 0x0000000087880000, 0x00000000d5580000)
  object space 123392K, 36% used [0x0000000080000000,0x0000000082c385b0,0x0000000087880000)
 Metaspace       used 76599K, capacity 80380K, committed 80536K, reserved 1118208K
  class space    used 10196K, capacity 10906K, committed 10920K, reserved 1048576K

Card table byte_map: [0x0000000012300000,0x0000000012710000] byte_map_base: 0x0000000011f00000

Marking Bits: (ParMarkBitMap*) 0x000000006b0ff030
 Begin Bits: [0x00000000131c0000, 0x00000000151c0000)
 End Bits:   [0x00000000151c0000, 0x00000000171c0000)

Polling page: 0x0000000000f90000

CodeCache: size=245760Kb used=27925Kb max_used=27925Kb free=217835Kb
 bounds [0x0000000002f40000, 0x0000000004ab0000, 0x0000000011f40000]
 total_blobs=9776 nmethods=8950 adapters=738
 compilation: enabled

Compilation events (10 events):
Event: 1696.805 Thread 0x0000000019ddc000 nmethod 10396 0x0000000004aa1f50 code [0x0000000004aa2120, 0x0000000004aa2748]
Event: 1696.805 Thread 0x0000000019ddc000 10397       3       org.gradle.api.internal.artifacts.ivyservice.modulecache.artifacts.DefaultModuleArtifactCache$CachedArtifactSerializer::read (6 bytes)
Event: 1696.805 Thread 0x0000000019ddc000 nmethod 10397 0x0000000004aa29d0 code [0x0000000004aa2b40, 0x0000000004aa2ce8]
Event: 1696.805 Thread 0x0000000019ddc000 10398       3       org.gradle.api.internal.artifacts.ivyservice.modulecache.artifacts.DefaultModuleArtifactCache$CachedArtifactSerializer::read (116 bytes)
Event: 1696.807 Thread 0x0000000019ddc000 nmethod 10398 0x0000000004aa2d90 code [0x0000000004aa3020, 0x0000000004aa4078]
Event: 1696.808 Thread 0x0000000019ddc000 10401       3       org.gradle.api.internal.artifacts.transform.CacheableInvocation$3::getCachedResult (4 bytes)
Event: 1696.808 Thread 0x0000000019ddc000 nmethod 10401 0x0000000004aa49d0 code [0x0000000004aa4b40, 0x0000000004aa4cf0]
Event: 1696.808 Thread 0x0000000019ddc000 10399       3       org.gradle.api.internal.artifacts.ivyservice.modulecache.artifacts.DefaultModuleArtifactCache$CachedArtifactSerializer::denormalizeAndResolveFilePath (55 bytes)
Event: 1696.809 Thread 0x0000000019ddc000 nmethod 10399 0x0000000004aa4d90 code [0x0000000004aa4fc0, 0x0000000004aa5b08]
Event: 1696.810 Thread 0x0000000019ddc000 10402       3       org.gradle.internal.snapshot.VfsRelativePath::lengthOfCommonPrefix (173 bytes)

GC Heap History (10 events):
Event: 5.468 GC heap before
{Heap before GC invocations=13 (full 2):
 PSYoungGen      total 173056K, used 172940K [0x00000000d5580000, 0x00000000e1100000, 0x0000000100000000)
  eden space 164352K, 100% used [0x00000000d5580000,0x00000000df600000,0x00000000df600000)
  from space 8704K, 98% used [0x00000000e0880000,0x00000000e10e33a0,0x00000000e1100000)
  to   space 12800K, 0% used [0x00000000df800000,0x00000000df800000,0x00000000e0480000)
 ParOldGen       total 79360K, used 17977K [0x0000000080000000, 0x0000000084d80000, 0x00000000d5580000)
  object space 79360K, 22% used [0x0000000080000000,0x000000008118e400,0x0000000084d80000)
 Metaspace       used 52451K, capacity 54628K, committed 54824K, reserved 1097728K
  class space    used 6990K, capacity 7432K, committed 7464K, reserved 1048576K
Event: 5.489 GC heap after
Heap after GC invocations=13 (full 2):
 PSYoungGen      total 179200K, used 12772K [0x00000000d5580000, 0x00000000e4880000, 0x0000000100000000)
  eden space 166400K, 0% used [0x00000000d5580000,0x00000000d5580000,0x00000000df800000)
  from space 12800K, 99% used [0x00000000df800000,0x00000000e04792f0,0x00000000e0480000)
  to   space 19456K, 0% used [0x00000000e3580000,0x00000000e3580000,0x00000000e4880000)
 ParOldGen       total 79360K, used 30590K [0x0000000080000000, 0x0000000084d80000, 0x00000000d5580000)
  object space 79360K, 38% used [0x0000000080000000,0x0000000081ddfae0,0x0000000084d80000)
 Metaspace       used 52451K, capacity 54628K, committed 54824K, reserved 1097728K
  class space    used 6990K, capacity 7432K, committed 7464K, reserved 1048576K
}
Event: 6.019 GC heap before
{Heap before GC invocations=14 (full 2):
 PSYoungGen      total 179200K, used 58813K [0x00000000d5580000, 0x00000000e4880000, 0x0000000100000000)
  eden space 166400K, 27% used [0x00000000d5580000,0x00000000d8276308,0x00000000df800000)
  from space 12800K, 99% used [0x00000000df800000,0x00000000e04792f0,0x00000000e0480000)
  to   space 19456K, 0% used [0x00000000e3580000,0x00000000e3580000,0x00000000e4880000)
 ParOldGen       total 79360K, used 30590K [0x0000000080000000, 0x0000000084d80000, 0x00000000d5580000)
  object space 79360K, 38% used [0x0000000080000000,0x0000000081ddfae0,0x0000000084d80000)
 Metaspace       used 56742K, capacity 59062K, committed 59160K, reserved 1099776K
  class space    used 7688K, capacity 8194K, committed 8232K, reserved 1048576K
Event: 6.032 GC heap after
Heap after GC invocations=14 (full 2):
 PSYoungGen      total 229888K, used 5715K [0x00000000d5580000, 0x00000000e4980000, 0x0000000100000000)
  eden space 210432K, 0% used [0x00000000d5580000,0x00000000d5580000,0x00000000e2300000)
  from space 19456K, 29% used [0x00000000e3580000,0x00000000e3b14f70,0x00000000e4880000)
  to   space 18944K, 0% used [0x00000000e2300000,0x00000000e2300000,0x00000000e3580000)
 ParOldGen       total 79360K, used 43294K [0x0000000080000000, 0x0000000084d80000, 0x00000000d5580000)
  object space 79360K, 54% used [0x0000000080000000,0x0000000082a47978,0x0000000084d80000)
 Metaspace       used 56742K, capacity 59062K, committed 59160K, reserved 1099776K
  class space    used 7688K, capacity 8194K, committed 8232K, reserved 1048576K
}
Event: 6.032 GC heap before
{Heap before GC invocations=15 (full 3):
 PSYoungGen      total 229888K, used 5715K [0x00000000d5580000, 0x00000000e4980000, 0x0000000100000000)
  eden space 210432K, 0% used [0x00000000d5580000,0x00000000d5580000,0x00000000e2300000)
  from space 19456K, 29% used [0x00000000e3580000,0x00000000e3b14f70,0x00000000e4880000)
  to   space 18944K, 0% used [0x00000000e2300000,0x00000000e2300000,0x00000000e3580000)
 ParOldGen       total 79360K, used 43294K [0x0000000080000000, 0x0000000084d80000, 0x00000000d5580000)
  object space 79360K, 54% used [0x0000000080000000,0x0000000082a47978,0x0000000084d80000)
 Metaspace       used 56742K, capacity 59062K, committed 59160K, reserved 1099776K
  class space    used 7688K, capacity 8194K, committed 8232K, reserved 1048576K
Event: 6.173 GC heap after
Heap after GC invocations=15 (full 3):
 PSYoungGen      total 229888K, used 0K [0x00000000d5580000, 0x00000000e4980000, 0x0000000100000000)
  eden space 210432K, 0% used [0x00000000d5580000,0x00000000d5580000,0x00000000e2300000)
  from space 19456K, 0% used [0x00000000e3580000,0x00000000e3580000,0x00000000e4880000)
  to   space 18944K, 0% used [0x00000000e2300000,0x00000000e2300000,0x00000000e3580000)
 ParOldGen       total 123392K, used 33618K [0x0000000080000000, 0x0000000087880000, 0x00000000d5580000)
  object space 123392K, 27% used [0x0000000080000000,0x00000000820d4ad8,0x0000000087880000)
 Metaspace       used 56695K, capacity 58900K, committed 59160K, reserved 1099776K
  class space    used 7673K, capacity 8167K, committed 8232K, reserved 1048576K
}
Event: 8.092 GC heap before
{Heap before GC invocations=16 (full 3):
 PSYoungGen      total 229888K, used 210432K [0x00000000d5580000, 0x00000000e4980000, 0x0000000100000000)
  eden space 210432K, 100% used [0x00000000d5580000,0x00000000e2300000,0x00000000e2300000)
  from space 19456K, 0% used [0x00000000e3580000,0x00000000e3580000,0x00000000e4880000)
  to   space 18944K, 0% used [0x00000000e2300000,0x00000000e2300000,0x00000000e3580000)
 ParOldGen       total 123392K, used 33618K [0x0000000080000000, 0x0000000087880000, 0x00000000d5580000)
  object space 123392K, 27% used [0x0000000080000000,0x00000000820d4ad8,0x0000000087880000)
 Metaspace       used 65826K, capacity 69076K, committed 69400K, reserved 1110016K
  class space    used 9046K, capacity 9683K, committed 9768K, reserved 1048576K
Event: 8.109 GC heap after
Heap after GC invocations=16 (full 3):
 PSYoungGen      total 229376K, used 18929K [0x00000000d5580000, 0x00000000e7a00000, 0x0000000100000000)
  eden space 210432K, 0% used [0x00000000d5580000,0x00000000d5580000,0x00000000e2300000)
  from space 18944K, 99% used [0x00000000e2300000,0x00000000e357c4e8,0x00000000e3580000)
  to   space 21504K, 0% used [0x00000000e6500000,0x00000000e6500000,0x00000000e7a00000)
 ParOldGen       total 123392K, used 33882K [0x0000000080000000, 0x0000000087880000, 0x00000000d5580000)
  object space 123392K, 27% used [0x0000000080000000,0x0000000082116970,0x0000000087880000)
 Metaspace       used 65826K, capacity 69076K, committed 69400K, reserved 1110016K
  class space    used 9046K, capacity 9683K, committed 9768K, reserved 1048576K
}
Event: 1695.595 GC heap before
{Heap before GC invocations=17 (full 3):
 PSYoungGen      total 229376K, used 229361K [0x00000000d5580000, 0x00000000e7a00000, 0x0000000100000000)
  eden space 210432K, 100% used [0x00000000d5580000,0x00000000e2300000,0x00000000e2300000)
  from space 18944K, 99% used [0x00000000e2300000,0x00000000e357c4e8,0x00000000e3580000)
  to   space 21504K, 0% used [0x00000000e6500000,0x00000000e6500000,0x00000000e7a00000)
 ParOldGen       total 123392K, used 33882K [0x0000000080000000, 0x0000000087880000, 0x00000000d5580000)
  object space 123392K, 27% used [0x0000000080000000,0x0000000082116970,0x0000000087880000)
 Metaspace       used 76044K, capacity 79708K, committed 79768K, reserved 1118208K
  class space    used 10181K, capacity 10884K, committed 10920K, reserved 1048576K
Event: 1695.865 GC heap after
Heap after GC invocations=17 (full 3):
 PSYoungGen      total 265728K, used 16712K [0x00000000d5580000, 0x00000000e7580000, 0x0000000100000000)
  eden space 248832K, 0% used [0x00000000d5580000,0x00000000d5580000,0x00000000e4880000)
  from space 16896K, 98% used [0x00000000e6500000,0x00000000e75520b0,0x00000000e7580000)
  to   space 23040K, 0% used [0x00000000e4880000,0x00000000e4880000,0x00000000e5f00000)
 ParOldGen       total 123392K, used 45281K [0x0000000080000000, 0x0000000087880000, 0x00000000d5580000)
  object space 123392K, 36% used [0x0000000080000000,0x0000000082c385b0,0x0000000087880000)
 Metaspace       used 76044K, capacity 79708K, committed 79768K, reserved 1118208K
  class space    used 10181K, capacity 10884K, committed 10920K, reserved 1048576K
}

Deoptimization events (10 events):
Event: 1696.305 Thread 0x000000001f1ad800 Uncommon trap: reason=unstable_if action=reinterpret pc=0x0000000003b68b5c method=java.util.concurrent.SynchronousQueue$TransferStack.shouldSpin(Ljava/util/concurrent/SynchronousQueue$TransferStack$SNode;)Z @ 7
Event: 1696.305 Thread 0x000000001f1ae800 Uncommon trap: reason=unstable_if action=reinterpret pc=0x0000000003b68b5c method=java.util.concurrent.SynchronousQueue$TransferStack.shouldSpin(Ljava/util/concurrent/SynchronousQueue$TransferStack$SNode;)Z @ 7
Event: 1696.315 Thread 0x000000001cf2a000 Uncommon trap: reason=bimorphic action=maybe_recompile pc=0x0000000003e36494 method=java.util.stream.AbstractPipeline.<init>(Ljava/util/stream/AbstractPipeline;I)V @ 66
Event: 1696.315 Thread 0x000000001cf2a000 Uncommon trap: reason=bimorphic action=maybe_recompile pc=0x000000000471a388 method=java.util.stream.AbstractPipeline.copyInto(Ljava/util/stream/Sink;Ljava/util/Spliterator;)V @ 25
Event: 1696.499 Thread 0x000000001cf2a000 Uncommon trap: reason=array_check action=maybe_recompile pc=0x00000000048bafa4 method=com.google.common.collect.ImmutableSet.construct(I[Ljava/lang/Object;)Lcom/google/common/collect/ImmutableSet; @ 122
Event: 1696.504 Thread 0x000000001cf2a000 Uncommon trap: reason=array_check action=maybe_recompile pc=0x00000000048bafa4 method=com.google.common.collect.ImmutableSet.construct(I[Ljava/lang/Object;)Lcom/google/common/collect/ImmutableSet; @ 122
Event: 1696.506 Thread 0x000000001cf2a000 Uncommon trap: reason=array_check action=maybe_recompile pc=0x00000000048bafa4 method=com.google.common.collect.ImmutableSet.construct(I[Ljava/lang/Object;)Lcom/google/common/collect/ImmutableSet; @ 122
Event: 1696.509 Thread 0x000000001cf2a000 Uncommon trap: reason=array_check action=maybe_recompile pc=0x00000000048bafa4 method=com.google.common.collect.ImmutableSet.construct(I[Ljava/lang/Object;)Lcom/google/common/collect/ImmutableSet; @ 122
Event: 1696.573 Thread 0x000000001cf2a000 Uncommon trap: reason=bimorphic action=maybe_recompile pc=0x0000000003e36494 method=java.util.stream.AbstractPipeline.<init>(Ljava/util/stream/AbstractPipeline;I)V @ 66
Event: 1696.809 Thread 0x000000001cf36800 Uncommon trap: reason=unstable_if action=reinterpret pc=0x000000000439a620 method=org.gradle.internal.snapshot.VfsRelativePath.lengthOfCommonPrefix(Ljava/lang/String;Lorg/gradle/internal/snapshot/CaseSensitivity;)I @ 165

Classes redefined (0 events):
No events

Internal exceptions (10 events):
Event: 32.475 Thread 0x000000001c99e000 Exception <a 'java/lang/NoSuchMethodError': <clinit>> (0x00000000df951518) thrown at [C:\src\AOSP-openjdk-git\hotspot\src\share\vm\prims\jni.cpp, line 1615]
Event: 32.476 Thread 0x000000001c99e000 Exception <a 'java/lang/NoSuchMethodError': <clinit>> (0x00000000df960558) thrown at [C:\src\AOSP-openjdk-git\hotspot\src\share\vm\prims\jni.cpp, line 1615]
Event: 32.532 Thread 0x000000001adc4800 Implicit null exception at 0x000000000452aaac to 0x000000000452aaf5
Event: 32.613 Thread 0x000000001c904800 Exception <a 'java/lang/NoSuchMethodError': <clinit>> (0x00000000e06c70e8) thrown at [C:\src\AOSP-openjdk-git\hotspot\src\share\vm\prims\jni.cpp, line 1615]
Event: 32.614 Thread 0x000000001c904800 Exception <a 'java/lang/NoSuchMethodError': <clinit>> (0x00000000e06d6a50) thrown at [C:\src\AOSP-openjdk-git\hotspot\src\share\vm\prims\jni.cpp, line 1615]
Event: 32.614 Thread 0x000000001c904800 Exception <a 'java/lang/NoSuchMethodError': <clinit>> (0x00000000e06d8f00) thrown at [C:\src\AOSP-openjdk-git\hotspot\src\share\vm\prims\jni.cpp, line 1615]
Event: 32.615 Thread 0x000000001c904800 Exception <a 'java/lang/NoSuchMethodError': <clinit>> (0x00000000e06e9020) thrown at [C:\src\AOSP-openjdk-git\hotspot\src\share\vm\prims\jni.cpp, line 1615]
Event: 32.616 Thread 0x000000001c904800 Exception <a 'java/lang/NoSuchMethodError': <clinit>> (0x00000000e06f43d0) thrown at [C:\src\AOSP-openjdk-git\hotspot\src\share\vm\prims\jni.cpp, line 1615]
Event: 1695.584 Thread 0x000000001cf2a000 Implicit null exception at 0x00000000041fc546 to 0x00000000041feee1
Event: 1696.590 Thread 0x000000001cf2a000 Exception <a 'sun/nio/fs/WindowsException'> (0x00000000d85b6700) thrown at [C:\src\AOSP-openjdk-git\hotspot\src\share\vm\prims\jni.cpp, line 710]

Events (10 events):
Event: 1696.785 loading class org/gradle/internal/work/DefaultWorkerLeaseService$5$1 done
Event: 1696.806 Executing VM operation: RevokeBias
Event: 1696.807 Executing VM operation: RevokeBias done
Event: 1696.807 Executing VM operation: RevokeBias
Event: 1696.807 Executing VM operation: RevokeBias done
Event: 1696.807 Executing VM operation: RevokeBias
Event: 1696.808 Executing VM operation: RevokeBias done
Event: 1696.809 Thread 0x000000001cf36800 Uncommon trap: trap_request=0xffffff65 fr.pc=0x000000000439a620
Event: 1696.809 Thread 0x000000001cf36800 DEOPT PACKING pc=0x000000000439a620 sp=0x000000002290c670
Event: 1696.809 Thread 0x000000001cf36800 DEOPT UNPACKING pc=0x0000000002f8557b sp=0x000000002290c608 mode 2


Dynamic libraries:
0x00007ff7128a0000 - 0x00007ff7128d1000 	C:\Program Files\Android\Android Studio\jre\bin\java.exe
0x00007ff8960d0000 - 0x00007ff8962c5000 	C:\WINDOWS\SYSTEM32\ntdll.dll
0x00007ff895040000 - 0x00007ff8950fd000 	C:\WINDOWS\System32\KERNEL32.DLL
0x00007ff8939c0000 - 0x00007ff893c88000 	C:\WINDOWS\System32\KERNELBASE.dll
0x00007ff894dd0000 - 0x00007ff894e7c000 	C:\WINDOWS\System32\ADVAPI32.dll
0x00007ff894e80000 - 0x00007ff894f1e000 	C:\WINDOWS\System32\msvcrt.dll
0x00007ff8954f0000 - 0x00007ff89558b000 	C:\WINDOWS\System32\sechost.dll
0x00007ff895d50000 - 0x00007ff895e7b000 	C:\WINDOWS\System32\RPCRT4.dll
0x00007ff8941f0000 - 0x00007ff894390000 	C:\WINDOWS\System32\USER32.dll
0x00007ff893e40000 - 0x00007ff893e62000 	C:\WINDOWS\System32\win32u.dll
0x00007ff894400000 - 0x00007ff89442a000 	C:\WINDOWS\System32\GDI32.dll
0x00007ff894020000 - 0x00007ff89412b000 	C:\WINDOWS\System32\gdi32full.dll
0x00007ff893920000 - 0x00007ff8939bd000 	C:\WINDOWS\System32\msvcp_win.dll
0x00007ff893f20000 - 0x00007ff894020000 	C:\WINDOWS\System32\ucrtbase.dll
0x00007ff8829f0000 - 0x00007ff882c8a000 	C:\WINDOWS\WinSxS\amd64_microsoft.windows.common-controls_6595b64144ccf1df_6.0.19041.844_none_ca00b6081b84eb1d\COMCTL32.dll
0x00007ff894130000 - 0x00007ff894160000 	C:\WINDOWS\System32\IMM32.DLL
0x000000006a770000 - 0x000000006a842000 	C:\Program Files\Android\Android Studio\jre\jre\bin\msvcr100.dll
0x000000006a930000 - 0x000000006b17b000 	C:\Program Files\Android\Android Studio\jre\jre\bin\server\jvm.dll
0x00007ff8943f0000 - 0x00007ff8943f8000 	C:\WINDOWS\System32\PSAPI.DLL
0x00007ff8773d0000 - 0x00007ff8773f7000 	C:\WINDOWS\SYSTEM32\WINMM.dll
0x00007ff8795c0000 - 0x00007ff8795c9000 	C:\WINDOWS\SYSTEM32\WSOCK32.dll
0x00007ff895420000 - 0x00007ff89548b000 	C:\WINDOWS\System32\WS2_32.dll
0x00007ff8933a0000 - 0x00007ff8933aa000 	C:\WINDOWS\SYSTEM32\VERSION.dll
0x00007ff892020000 - 0x00007ff89202f000 	C:\Program Files\Android\Android Studio\jre\jre\bin\verify.dll
0x00007ff88a710000 - 0x00007ff88a739000 	C:\Program Files\Android\Android Studio\jre\jre\bin\java.dll
0x00007ff892000000 - 0x00007ff892016000 	C:\Program Files\Android\Android Studio\jre\jre\bin\zip.dll
0x00007ff895590000 - 0x00007ff895cd2000 	C:\WINDOWS\System32\SHELL32.dll
0x00007ff891730000 - 0x00007ff891ec1000 	C:\WINDOWS\SYSTEM32\windows.storage.dll
0x00007ff894a50000 - 0x00007ff894da5000 	C:\WINDOWS\System32\combase.dll
0x00007ff893210000 - 0x00007ff89323c000 	C:\WINDOWS\SYSTEM32\Wldp.dll
0x00007ff895290000 - 0x00007ff89533e000 	C:\WINDOWS\System32\SHCORE.dll
0x00007ff895100000 - 0x00007ff895155000 	C:\WINDOWS\System32\shlwapi.dll
0x00007ff893750000 - 0x00007ff89376f000 	C:\WINDOWS\SYSTEM32\profapi.dll
0x00007ff88a7f0000 - 0x00007ff88a80a000 	C:\Program Files\Android\Android Studio\jre\jre\bin\net.dll
0x00007ff892f80000 - 0x00007ff892fea000 	C:\WINDOWS\system32\mswsock.dll
0x00007ff88a6f0000 - 0x00007ff88a703000 	C:\Program Files\Android\Android Studio\jre\jre\bin\nio.dll
0x00007ff876720000 - 0x00007ff876747000 	C:\Users\Apolo\.gradle\native\f6784746aeab05261644944871eae4fe03e0ef1612fff0a4a95f87b438bc6780\windows-amd64\native-platform.dll
0x00007ff891ee0000 - 0x00007ff891eed000 	C:\Program Files\Android\Android Studio\jre\jre\bin\management.dll
0x00007ff893150000 - 0x00007ff893168000 	C:\WINDOWS\SYSTEM32\CRYPTSP.dll
0x00007ff8928b0000 - 0x00007ff8928e4000 	C:\WINDOWS\system32\rsaenh.dll
0x00007ff893ef0000 - 0x00007ff893f17000 	C:\WINDOWS\System32\bcrypt.dll
0x00007ff8936d0000 - 0x00007ff8936fe000 	C:\WINDOWS\SYSTEM32\USERENV.dll
0x00007ff893e70000 - 0x00007ff893ef0000 	C:\WINDOWS\System32\bcryptprimitives.dll
0x00007ff893170000 - 0x00007ff89317c000 	C:\WINDOWS\SYSTEM32\CRYPTBASE.dll
0x00007ff892c20000 - 0x00007ff892c5b000 	C:\WINDOWS\SYSTEM32\IPHLPAPI.DLL
0x00007ff895410000 - 0x00007ff895418000 	C:\WINDOWS\System32\NSI.dll
0x00007ff887c50000 - 0x00007ff887c67000 	C:\WINDOWS\SYSTEM32\dhcpcsvc6.DLL
0x00007ff8881f0000 - 0x00007ff88820d000 	C:\WINDOWS\SYSTEM32\dhcpcsvc.DLL
0x00007ff892c60000 - 0x00007ff892d2c000 	C:\WINDOWS\SYSTEM32\DNSAPI.dll
0x00007ff888350000 - 0x00007ff88835b000 	C:\WINDOWS\SYSTEM32\WINNSI.DLL

VM Arguments:
jvm_args: -Xmx2048m -Dfile.encoding=windows-1252 -Duser.country=ES -Duser.language=es -Duser.variant 
java_command: org.gradle.launcher.daemon.bootstrap.GradleDaemon 6.5
java_class_path (initial): C:\Users\Apolo\.gradle\wrapper\dists\gradle-6.5-bin\6nifqtx7604sqp1q6g8wikw7p\gradle-6.5\lib\gradle-launcher-6.5.jar
Launcher Type: SUN_STANDARD

Environment Variables:
PATH=C:\Program Files\Common Files\Oracle\Java\javapath;C:\Program Files (x86)\Common Files\Oracle\Java\javapath;C:\orant\bin;C:\WINDOWS\system32;C:\WINDOWS;C:\WINDOWS\System32\Wbem;C:\WINDOWS\System32\WindowsPowerShell\v1.0\;C:\WINDOWS\System32\OpenSSH\;C:\orant\jdk\bin;C:\Program Files (x86)\Intel\Intel(R) Memory And Storage Tool\;C:\Program Files\Git\cmd;C:\Program Files\nodejs\;C:\instantclient_12_1\;C:\Users\Apolo\AppData\Local\Microsoft\WindowsApps;C:\Users\Apolo\AppData\Local\Programs\Microsoft VS Code\bin;C:\Users\Apolo\AppData\Roaming\npm;C:\Users\Apolo\AppData\Local\atom\bin;
USERNAME=Apolo
OS=Windows_NT
PROCESSOR_IDENTIFIER=Intel64 Family 6 Model 126 Stepping 5, GenuineIntel



---------------  S Y S T E M  ---------------

OS: Windows 10.0 , 64 bit Build 19041 (10.0.19041.928)

CPU:total 8 (initial active 8) (4 cores per cpu, 2 threads per core) family 6 model 126 stepping 5, cmov, cx8, fxsr, mmx, sse, sse2, sse3, ssse3, sse4.1, sse4.2, popcnt, avx, avx2, aes, clmul, erms, 3dnowpref, lzcnt, ht, tsc, tscinvbit, bmi1, bmi2, adx

Memory: 4k page, physical 8165048k(456492k free), swap 11736884k(248k free)

vm_info: OpenJDK 64-Bit Server VM (25.242-b01) for windows-amd64 JRE (1.8.0_242-release-1644-b01), built by "builder" with MS VC++ 10.0 (VS2010)

time: Fri Apr 23 09:59:02 2021
timezone: Hora estándar de Paraguay
elapsed time: 1696 seconds (0d 0h 28m 16s)

