#
# There is insufficient memory for the Java Runtime Environment to continue.
# Native memory allocation (malloc) failed to allocate 1018336 bytes for Chunk::new
# Possible reasons:
#   The system is out of physical RAM or swap space
#   The process is running with CompressedOops enabled, and the Java Heap may be blocking the growth of the native heap
# Possible solutions:
#   Reduce memory load on the system
#   Increase physical memory or swap space
#   Check if swap backing store is full
#   Decrease Java heap size (-Xmx/-Xms)
#   Decrease number of Java threads
#   Decrease Java thread stack sizes (-Xss)
#   Set larger code cache with -XX:ReservedCodeCacheSize=
#   JVM is running with Unscaled Compressed Oops mode in which the Java heap is
#     placed in the first 4GB address space. The Java Heap base address is the
#     maximum limit for the native heap growth. Please use -XX:HeapBaseMinAddress
#     to set the Java Heap base and to place the Java Heap above 4GB virtual address.
# This output file may be truncated or incomplete.
#
#  Out of Memory Error (allocation.cpp:389), pid=107912, tid=0x000000000001b978
#
# JRE version: OpenJDK Runtime Environment (8.0_242-b01) (build 1.8.0_242-release-1644-b01)
# Java VM: OpenJDK 64-Bit Server VM (25.242-b01 mixed mode windows-amd64 compressed oops)
# Failed to write core dump. Minidumps are not enabled by default on client versions of Windows
#

---------------  T H R E A D  ---------------

Current thread (0x000000001981c800):  JavaThread "C2 CompilerThread0" daemon [_thread_in_native, id=113016, stack(0x000000001a110000,0x000000001a210000)]

Stack: [0x000000001a110000,0x000000001a210000]
[error occurred during error reporting (printing stack bounds), id 0xc0000005]

Native frames: (J=compiled Java code, j=interpreted, Vv=VM code, C=native code)


Current CompileTask:
C2:    760 1280       4       org.jetbrains.kotlin.cli.common.arguments.ParseCommandLineArgumentsKt$parsePreprocessedCommandLineArguments$1::invoke (345 bytes)


---------------  P R O C E S S  ---------------

Java Threads: ( => current thread )
  0x00000000198b9000 JavaThread "Service Thread" daemon [_thread_blocked, id=112628, stack(0x000000001a510000,0x000000001a610000)]
  0x000000001982a800 JavaThread "C1 CompilerThread3" daemon [_thread_blocked, id=112636, stack(0x000000001a410000,0x000000001a510000)]
  0x0000000019824800 JavaThread "C2 CompilerThread2" daemon [_thread_blocked, id=111600, stack(0x000000001a310000,0x000000001a410000)]
  0x0000000019821800 JavaThread "C2 CompilerThread1" daemon [_thread_blocked, id=112944, stack(0x000000001a210000,0x000000001a310000)]
=>0x000000001981c800 JavaThread "C2 CompilerThread0" daemon [_thread_in_native, id=113016, stack(0x000000001a110000,0x000000001a210000)]
  0x000000001981b800 JavaThread "Attach Listener" daemon [_thread_blocked, id=113492, stack(0x000000001a010000,0x000000001a110000)]
  0x000000001981a800 JavaThread "Signal Dispatcher" daemon [_thread_blocked, id=113520, stack(0x0000000019f10000,0x000000001a010000)]
  0x00000000179b7800 JavaThread "Finalizer" daemon [_thread_blocked, id=113420, stack(0x0000000019ce0000,0x0000000019de0000)]
  0x0000000019800800 JavaThread "Reference Handler" daemon [_thread_blocked, id=113524, stack(0x0000000019be0000,0x0000000019ce0000)]
  0x0000000002a2e800 JavaThread "main" [_thread_in_Java, id=112920, stack(0x00000000028f0000,0x00000000029f0000)]

Other Threads:
  0x00000000179a9800 VMThread [stack: 0x00000000196e0000,0x00000000197e0000] [id=112936]
  0x00000000198ca000 WatcherThread [stack: 0x000000001a610000,0x000000001a710000] [id=112600]

VM state:not at safepoint (normal execution)

VM Mutex/Monitor currently owned by a thread: None

heap address: 0x0000000083600000, size: 1994 MB, Compressed Oops mode: 32-bit
Narrow klass base: 0x0000000000000000, Narrow klass shift: 3
Compressed class space size: 1073741824 Address: 0x0000000100000000

Heap:
 PSYoungGen      total 37888K, used 7929K [0x00000000d6780000, 0x00000000db180000, 0x0000000100000000)
  eden space 32768K, 8% used [0x00000000d6780000,0x00000000d6a456c8,0x00000000d8780000)
  from space 5120K, 99% used [0x00000000d8c80000,0x00000000d9178ed8,0x00000000d9180000)
  to   space 5120K, 0% used [0x00000000d8780000,0x00000000d8780000,0x00000000d8c80000)
 ParOldGen       total 86016K, used 7240K [0x0000000083600000, 0x0000000088a00000, 0x00000000d6780000)
  object space 86016K, 8% used [0x0000000083600000,0x0000000083d12080,0x0000000088a00000)
 Metaspace       used 15892K, capacity 16232K, committed 16384K, reserved 1062912K
  class space    used 1849K, capacity 1946K, committed 2048K, reserved 1048576K

Card table byte_map: [0x0000000011ef0000,0x00000000122e0000] byte_map_base: 0x0000000011ad5000

Marking Bits: (ParMarkBitMap*) 0x00000000645cf030
 Begin Bits: [0x0000000012d80000, 0x0000000014ca8000)
 End Bits:   [0x0000000014ca8000, 0x0000000016bd0000)

Polling page: 0x0000000002830000

CodeCache: size=245760Kb used=4424Kb max_used=4444Kb free=241335Kb
 bounds [0x0000000002b30000, 0x0000000002f90000, 0x0000000011b30000]
 total_blobs=1798 nmethods=1424 adapters=287
 compilation: enabled

Compilation events (10 events):
Event: 0.749 Thread 0x000000001982a800 1422       3       java.lang.invoke.LambdaForm$MH/1325144078::linkToTargetMethod (9 bytes)
Event: 0.749 Thread 0x000000001982a800 nmethod 1422 0x0000000002f830d0 code [0x0000000002f83240, 0x0000000002f836d8]
Event: 0.749 Thread 0x000000001982a800 1424       3       java.lang.reflect.Modifier::isFinal (13 bytes)
Event: 0.749 Thread 0x000000001982a800 nmethod 1424 0x0000000002f7b650 code [0x0000000002f7b7a0, 0x0000000002f7b930]
Event: 0.749 Thread 0x000000001982a800 1425       3       org.jetbrains.kotlin.com.intellij.util.containers.JBIterable::<init> (10 bytes)
Event: 0.749 Thread 0x000000001982a800 nmethod 1425 0x0000000002f837d0 code [0x0000000002f83920, 0x0000000002f83af0]
Event: 0.749 Thread 0x0000000019821800 nmethod 1421 0x0000000002f868d0 code [0x0000000002f86a20, 0x0000000002f86b98]
Event: 0.749 Thread 0x0000000019821800 1423       4       java.lang.reflect.Field::<init> (44 bytes)
Event: 0.750 Thread 0x0000000019824800 nmethod 1420 0x0000000002f89c90 code [0x0000000002f89de0, 0x0000000002f89fb8]
Event: 0.750 Thread 0x0000000019821800 nmethod 1423 0x0000000002f76bd0 code [0x0000000002f76d00, 0x0000000002f76d98]

GC Heap History (4 events):
Event: 0.417 GC heap before
{Heap before GC invocations=1 (full 0):
 PSYoungGen      total 37888K, used 32768K [0x00000000d6780000, 0x00000000d9180000, 0x0000000100000000)
  eden space 32768K, 100% used [0x00000000d6780000,0x00000000d8780000,0x00000000d8780000)
  from space 5120K, 0% used [0x00000000d8c80000,0x00000000d8c80000,0x00000000d9180000)
  to   space 5120K, 0% used [0x00000000d8780000,0x00000000d8780000,0x00000000d8c80000)
 ParOldGen       total 86016K, used 0K [0x0000000083600000, 0x0000000088a00000, 0x00000000d6780000)
  object space 86016K, 0% used [0x0000000083600000,0x0000000083600000,0x0000000088a00000)
 Metaspace       used 10013K, capacity 10140K, committed 10368K, reserved 1058816K
  class space    used 1092K, capacity 1148K, committed 1152K, reserved 1048576K
Event: 0.422 GC heap after
Heap after GC invocations=1 (full 0):
 PSYoungGen      total 37888K, used 5102K [0x00000000d6780000, 0x00000000d9180000, 0x0000000100000000)
  eden space 32768K, 0% used [0x00000000d6780000,0x00000000d6780000,0x00000000d8780000)
  from space 5120K, 99% used [0x00000000d8780000,0x00000000d8c7bb38,0x00000000d8c80000)
  to   space 5120K, 0% used [0x00000000d8c80000,0x00000000d8c80000,0x00000000d9180000)
 ParOldGen       total 86016K, used 2575K [0x0000000083600000, 0x0000000088a00000, 0x00000000d6780000)
  object space 86016K, 2% used [0x0000000083600000,0x0000000083883eb8,0x0000000088a00000)
 Metaspace       used 10013K, capacity 10140K, committed 10368K, reserved 1058816K
  class space    used 1092K, capacity 1148K, committed 1152K, reserved 1048576K
}
Event: 0.734 GC heap before
{Heap before GC invocations=2 (full 0):
 PSYoungGen      total 37888K, used 37870K [0x00000000d6780000, 0x00000000d9180000, 0x0000000100000000)
  eden space 32768K, 100% used [0x00000000d6780000,0x00000000d8780000,0x00000000d8780000)
  from space 5120K, 99% used [0x00000000d8780000,0x00000000d8c7bb38,0x00000000d8c80000)
  to   space 5120K, 0% used [0x00000000d8c80000,0x00000000d8c80000,0x00000000d9180000)
 ParOldGen       total 86016K, used 2575K [0x0000000083600000, 0x0000000088a00000, 0x00000000d6780000)
  object space 86016K, 2% used [0x0000000083600000,0x0000000083883eb8,0x0000000088a00000)
 Metaspace       used 15398K, capacity 15714K, committed 16000K, reserved 1062912K
  class space    used 1792K, capacity 1881K, committed 1920K, reserved 1048576K
Event: 0.740 GC heap after
Heap after GC invocations=2 (full 0):
 PSYoungGen      total 37888K, used 5091K [0x00000000d6780000, 0x00000000db180000, 0x0000000100000000)
  eden space 32768K, 0% used [0x00000000d6780000,0x00000000d6780000,0x00000000d8780000)
  from space 5120K, 99% used [0x00000000d8c80000,0x00000000d9178ed8,0x00000000d9180000)
  to   space 5120K, 0% used [0x00000000d8780000,0x00000000d8780000,0x00000000d8c80000)
 ParOldGen       total 86016K, used 7240K [0x0000000083600000, 0x0000000088a00000, 0x00000000d6780000)
  object space 86016K, 8% used [0x0000000083600000,0x0000000083d12080,0x0000000088a00000)
 Metaspace       used 15398K, capacity 15714K, committed 16000K, reserved 1062912K
  class space    used 1792K, capacity 1881K, committed 1920K, reserved 1048576K
}

Deoptimization events (5 events):
Event: 0.250 Thread 0x0000000002a2e800 Uncommon trap: reason=unstable_if action=reinterpret pc=0x0000000002cfaef0 method=java.lang.String.indexOf([CII[CIII)I @ 134
Event: 0.397 Thread 0x0000000002a2e800 Uncommon trap: reason=unstable_if action=reinterpret pc=0x0000000002d9f8c8 method=kotlin.reflect.jvm.internal.impl.protobuf.CodedInputStream.readRawVarint32()I @ 10
Event: 0.590 Thread 0x0000000002a2e800 Uncommon trap: reason=unstable_if action=reinterpret pc=0x0000000002d9d808 method=java.lang.String.<init>([CII)V @ 18
Event: 0.605 Thread 0x0000000002a2e800 Uncommon trap: reason=unstable_if action=reinterpret pc=0x0000000002cc0fa4 method=java.lang.String.replace(CC)Ljava/lang/String; @ 2
Event: 0.617 Thread 0x0000000002a2e800 Uncommon trap: reason=unstable_if action=reinterpret pc=0x0000000002d0fa78 method=java.lang.String.<init>([CII)V @ 18

Classes redefined (0 events):
No events

Internal exceptions (10 events):
Event: 0.119 Thread 0x0000000002a2e800 Exception <a 'java/lang/NoSuchFieldError': method resolution failed> (0x00000000d6b3c9c8) thrown at [C:\src\AOSP-openjdk-git\hotspot\src\share\vm\prims\methodHandles.cpp, line 1167]
Event: 0.120 Thread 0x0000000002a2e800 Exception <a 'java/lang/NoSuchFieldError': method resolution failed> (0x00000000d6b49df8) thrown at [C:\src\AOSP-openjdk-git\hotspot\src\share\vm\prims\methodHandles.cpp, line 1167]
Event: 0.248 Thread 0x0000000002a2e800 Exception <a 'java/security/PrivilegedActionException'> (0x00000000d7626cb0) thrown at [C:\src\AOSP-openjdk-git\hotspot\src\share\vm\prims\jvm.cpp, line 1502]
Event: 0.248 Thread 0x0000000002a2e800 Exception <a 'java/security/PrivilegedActionException'> (0x00000000d76270a8) thrown at [C:\src\AOSP-openjdk-git\hotspot\src\share\vm\prims\jvm.cpp, line 1502]
Event: 0.249 Thread 0x0000000002a2e800 Exception <a 'java/security/PrivilegedActionException'> (0x00000000d762b268) thrown at [C:\src\AOSP-openjdk-git\hotspot\src\share\vm\prims\jvm.cpp, line 1502]
Event: 0.249 Thread 0x0000000002a2e800 Exception <a 'java/security/PrivilegedActionException'> (0x00000000d762b660) thrown at [C:\src\AOSP-openjdk-git\hotspot\src\share\vm\prims\jvm.cpp, line 1502]
Event: 0.249 Thread 0x0000000002a2e800 Exception <a 'java/security/PrivilegedActionException'> (0x00000000d762d150) thrown at [C:\src\AOSP-openjdk-git\hotspot\src\share\vm\prims\jvm.cpp, line 1502]
Event: 0.249 Thread 0x0000000002a2e800 Exception <a 'java/security/PrivilegedActionException'> (0x00000000d762d548) thrown at [C:\src\AOSP-openjdk-git\hotspot\src\share\vm\prims\jvm.cpp, line 1502]
Event: 0.378 Thread 0x0000000002a2e800 Exception <a 'java/lang/ArrayIndexOutOfBoundsException'> (0x00000000d834d818) thrown at [C:\src\AOSP-openjdk-git\hotspot\src\share\vm\runtime\sharedRuntime.cpp, line 605]
Event: 0.484 Thread 0x0000000002a2e800 Exception <a 'java/lang/ArrayIndexOutOfBoundsException'> (0x00000000d6d21050) thrown at [C:\src\AOSP-openjdk-git\hotspot\src\share\vm\runtime\sharedRuntime.cpp, line 605]

Events (10 events):
Event: 0.755 loading class org/jetbrains/kotlin/com/intellij/util/indexing/FileContent
Event: 0.755 loading class org/jetbrains/kotlin/com/intellij/util/indexing/FileContent done
Event: 0.755 loading class org/jetbrains/kotlin/com/intellij/util/indexing/IndexedFile
Event: 0.755 loading class org/jetbrains/kotlin/com/intellij/util/indexing/IndexedFile done
Event: 0.755 loading class org/jetbrains/kotlin/com/intellij/psi/stubs/ObjectStubTree
Event: 0.755 loading class org/jetbrains/kotlin/com/intellij/psi/stubs/ObjectStubTree done
Event: 0.755 loading class org/jetbrains/kotlin/com/intellij/psi/stubs/StubTree
Event: 0.755 loading class org/jetbrains/kotlin/com/intellij/psi/stubs/StubTree done
Event: 0.755 loading class org/jetbrains/kotlin/com/intellij/psi/PsiReferenceService
Event: 0.755 loading class org/jetbrains/kotlin/com/intellij/psi/PsiReferenceService done


Dynamic libraries:
0x00007ff75ad80000 - 0x00007ff75adb1000 	C:\Program Files\Android\Android Studio\jre\jre\bin\java.exe
0x00007ff9c3cb0000 - 0x00007ff9c3ea6000 	C:\WINDOWS\SYSTEM32\ntdll.dll
0x00007ff9c3bb0000 - 0x00007ff9c3c6d000 	C:\WINDOWS\System32\KERNEL32.DLL
0x00007ff9c18a0000 - 0x00007ff9c1b69000 	C:\WINDOWS\System32\KERNELBASE.dll
0x00007ff9c1d10000 - 0x00007ff9c1dbc000 	C:\WINDOWS\System32\ADVAPI32.dll
0x00007ff9c2690000 - 0x00007ff9c272e000 	C:\WINDOWS\System32\msvcrt.dll
0x00007ff9c3a20000 - 0x00007ff9c3abc000 	C:\WINDOWS\System32\sechost.dll
0x00007ff9c2560000 - 0x00007ff9c268b000 	C:\WINDOWS\System32\RPCRT4.dll
0x00007ff9c23c0000 - 0x00007ff9c2560000 	C:\WINDOWS\System32\USER32.dll
0x00007ff9c1500000 - 0x00007ff9c1522000 	C:\WINDOWS\System32\win32u.dll
0x00007ff9c3080000 - 0x00007ff9c30aa000 	C:\WINDOWS\System32\GDI32.dll
0x00007ff9c13f0000 - 0x00007ff9c14fb000 	C:\WINDOWS\System32\gdi32full.dll
0x00007ff9c1b70000 - 0x00007ff9c1c0d000 	C:\WINDOWS\System32\msvcp_win.dll
0x00007ff9c1530000 - 0x00007ff9c1630000 	C:\WINDOWS\System32\ucrtbase.dll
0x00007ff9abc70000 - 0x00007ff9abf0b000 	C:\WINDOWS\WinSxS\amd64_microsoft.windows.common-controls_6595b64144ccf1df_6.0.19041.746_none_ca02b4b61b8320a4\COMCTL32.dll
0x00007ff9c3b20000 - 0x00007ff9c3b50000 	C:\WINDOWS\System32\IMM32.DLL
0x0000000064de0000 - 0x0000000064eb2000 	C:\Program Files\Android\Android Studio\jre\jre\bin\msvcr100.dll
0x0000000063e00000 - 0x000000006464b000 	C:\Program Files\Android\Android Studio\jre\jre\bin\server\jvm.dll
0x00007ff9c1e70000 - 0x00007ff9c1e78000 	C:\WINDOWS\System32\PSAPI.DLL
0x00007ff9a9650000 - 0x00007ff9a9659000 	C:\WINDOWS\SYSTEM32\WSOCK32.dll
0x00007ff9a63f0000 - 0x00007ff9a6417000 	C:\WINDOWS\SYSTEM32\WINMM.dll
0x00007ff9c0f70000 - 0x00007ff9c0f7a000 	C:\WINDOWS\SYSTEM32\VERSION.dll
0x00007ff9c2810000 - 0x00007ff9c287b000 	C:\WINDOWS\System32\WS2_32.dll
0x00007ff9a88e0000 - 0x00007ff9a88ef000 	C:\Program Files\Android\Android Studio\jre\jre\bin\verify.dll
0x00007ff9a2b90000 - 0x00007ff9a2bb9000 	C:\Program Files\Android\Android Studio\jre\jre\bin\java.dll
0x00007ff9a88c0000 - 0x00007ff9a88d6000 	C:\Program Files\Android\Android Studio\jre\jre\bin\zip.dll
0x00007ff9c3270000 - 0x00007ff9c39b2000 	C:\WINDOWS\System32\SHELL32.dll
0x00007ff9bf4b0000 - 0x00007ff9bfc40000 	C:\WINDOWS\SYSTEM32\windows.storage.dll
0x00007ff9c2bf0000 - 0x00007ff9c2f46000 	C:\WINDOWS\System32\combase.dll
0x00007ff9c0de0000 - 0x00007ff9c0e0c000 	C:\WINDOWS\SYSTEM32\Wldp.dll
0x00007ff9c2310000 - 0x00007ff9c23be000 	C:\WINDOWS\System32\SHCORE.dll
0x00007ff9c39c0000 - 0x00007ff9c3a15000 	C:\WINDOWS\System32\shlwapi.dll
0x00007ff9c1320000 - 0x00007ff9c1346000 	C:\WINDOWS\SYSTEM32\profapi.dll

VM Arguments:
java_command: org.jetbrains.kotlin.cli.jvm.K2JVMCompiler -Xallow-no-source-files -classpath C:\Android\Proyecto\VendedoresKT\ApoloVendedor\app\build\intermediates\compile_and_runtime_not_namespaced_r_class_jar\debug\R.jar;C:\Users\Apolo\.gradle\caches\transforms-2\files-2.1\940933ff36c500fc300da39f92bf2507\jetified-ksoap2-android-assembly-3.6.2-jar-with-dependencies.jar;C:\Users\Apolo\.gradle\caches\transforms-2\files-2.1\b7391cb0ef2a592e070fd45c9e2d4d51\jetified-kotlin-android-extensions-runtime-1.3.72.jar;C:\Users\Apolo\.gradle\caches\transforms-2\files-2.1\6fc9346b2275246457468b28b445ec25\jetified-kotlin-stdlib-jdk7-1.3.72.jar;C:\Users\Apolo\.gradle\caches\transforms-2\files-2.1\a7c521a973fa94c7cb5dce493f5aeec1\jetified-core-ktx-1.2.0-api.jar;C:\Users\Apolo\.gradle\caches\transforms-2\files-2.1\c52b948ff9ad46790ed8f2ff00f2c421\jetified-kotlin-stdlib-1.3.72.jar;C:\Users\Apolo\.gradle\caches\transforms-2\files-2.1\049b323f9aeffcf195e248a925aab31d\jetified-kotlin-stdlib-common-1.3.72.jar;C:\Users\Apolo\.gradle\caches\transforms-2\files-2.1\64fab6255f9d96d2c98a740788790a80\jetified-annotations-13.0.jar;C:\Users\Apolo\.gradle\caches\transforms-2\files-2.1\a23b89162cd8e28190d6a5adb74e36c6\material-1.0.0-api.jar;C:\Users\Apolo\.gradle\caches\transforms-2\files-2.1\da3e9803232333f03504717ac64d1605\appcompat-1.1.0-api.jar;C:\Users\Apolo\.gradle\caches\transforms-2\files-2.1\d5866860b2b4777a2003b6ecec73b4e6\cardview-1.0.0-api.jar;C:\Users\Apolo\.gradle\caches\transforms-2\files-2.1\e45b2691cfc6cb894e1796a83c47685d\gridlayout-1.0.0-api.jar;C:\Users\Apolo\.gradle\caches\transforms-2\files-2.1\3f273c6e67e9bc71d091d370ba54752c\jetified-play-services-maps-17.0.0-api.jar;C:\Users\Apolo\.gradle\caches\transforms-2\files-2.1\fa2b6462b531d90bd4b4b0e739226412\lifecycle-extensions-2.0.0-api.jar;C:\Users\Apolo\.gradle\caches\transforms-2\files-2.1\5100796c51d3f5f01710c992bce4bd2d\jetified-play-services-base-17.0.0-api.jar;C:\Users\Apolo\.gradle\caches\transforms-2\files-2.1\b2388e30
java_class_path (initial): C:\Users\Apolo\.gradle\caches\modules-2\files-2.1\org.jetbrains.kotlin\kotlin-compiler-embeddable\1.3.72\fb72232c8fa977d5e07d33c43381ddbdc5edab6\kotlin-compiler-embeddable-1.3.72.jar;C:\Users\Apolo\.gradle\caches\modules-2\files-2.1\org.jetbrains.kotlin\kotlin-reflect\1.3.72\86613e1a669a701b0c660bfd2af4f82a7ae11fca\kotlin-reflect-1.3.72.jar;C:\Users\Apolo\.gradle\caches\modules-2\files-2.1\org.jetbrains.kotlin\kotlin-stdlib\1.3.72\8032138f12c0180bc4e51fe139d4c52b46db6109\kotlin-stdlib-1.3.72.jar;C:\Users\Apolo\.gradle\caches\modules-2\files-2.1\org.jetbrains.kotlin\kotlin-script-runtime\1.3.72\657d8d34d91e1964b4439378c09933e840bfe8d5\kotlin-script-runtime-1.3.72.jar;C:\Users\Apolo\.gradle\caches\modules-2\files-2.1\org.jetbrains.kotlin\kotlin-daemon-embeddable\1.3.72\53bbaa2816dbf6bdb85f629451b1fcc88f2164d2\kotlin-daemon-embeddable-1.3.72.jar;C:\Users\Apolo\.gradle\caches\modules-2\files-2.1\org.jetbrains.intellij.deps\trove4j\1.0.20181211\216c2e14b070f334479d800987affe4054cd563f\trove4j-1.0.20181211.jar;C:\Users\Apolo\.gradle\caches\modules-2\files-2.1\org.jetbrains.kotlin\kotlin-stdlib-common\1.3.72\6ca8bee3d88957eaaaef077c41c908c9940492d8\kotlin-stdlib-common-1.3.72.jar;C:\Users\Apolo\.gradle\caches\modules-2\files-2.1\org.jetbrains\annotations\13.0\919f0dfe192fb4e063e7dacadee7f8bb9a2672a9\annotations-13.0.jar;C:\Program Files\Android\Android Studio\jre\lib\tools.jar
Launcher Type: SUN_STANDARD

Environment Variables:
PATH=C:\Program Files\Common Files\Oracle\Java\javapath;C:\Program Files (x86)\Common Files\Oracle\Java\javapath;C:\orant\bin;C:\WINDOWS\system32;C:\WINDOWS;C:\WINDOWS\System32\Wbem;C:\WINDOWS\System32\WindowsPowerShell\v1.0\;C:\WINDOWS\System32\OpenSSH\;C:\orant\jdk\bin;C:\Program Files (x86)\Intel\Intel(R) Memory And Storage Tool\;C:\Program Files\Git\cmd;C:\Program Files\nodejs\;C:\Users\Apolo\AppData\Local\Microsoft\WindowsApps;;C:\Users\Apolo\AppData\Local\Programs\Microsoft VS Code\bin;C:\Users\Apolo\AppData\Roaming\npm
USERNAME=Apolo
OS=Windows_NT
PROCESSOR_IDENTIFIER=Intel64 Family 6 Model 126 Stepping 5, GenuineIntel



---------------  S Y S T E M  ---------------

OS: Windows 10.0 , 64 bit Build 19041 (10.0.19041.804)

CPU:total 8 (initial active 8) (4 cores per cpu, 2 threads per core) family 6 model 126 stepping 5, cmov, cx8, fxsr, mmx, sse, sse2, sse3, ssse3, sse4.1, sse4.2, popcnt, avx, avx2, aes, clmul, erms, 3dnowpref, lzcnt, ht, tsc, tscinvbit, bmi1, bmi2, adx

Memory: 4k page, physical 8165048k(599492k free), swap 11736884k(5964k free)

vm_info: OpenJDK 64-Bit Server VM (25.242-b01) for windows-amd64 JRE (1.8.0_242-release-1644-b01), built by "builder" with MS VC++ 10.0 (VS2010)

time: Thu Feb 25 08:31:08 2021
timezone: Hora de verano de Paraguay
elapsed time: 0 seconds (0d 0h 0m 0s)

