#
# There is insufficient memory for the Java Runtime Environment to continue.
# Native memory allocation (malloc) failed to allocate 1588176 bytes for Chunk::new
# Possible reasons:
#   The system is out of physical RAM or swap space
#   The process is running with CompressedOops enabled, and the Java Heap may be blocking the growth of the native heap
# Possible solutions:
#   Reduce memory load on the system
#   Increase physical memory or swap space
#   Check if swap backing store is full
#   Decrease Java heap size (-Xmx/-Xms)
#   Decrease number of Java threads
#   Decrease Java thread stack sizes (-Xss)
#   Set larger code cache with -XX:ReservedCodeCacheSize=
#   JVM is running with Unscaled Compressed Oops mode in which the Java heap is
#     placed in the first 4GB address space. The Java Heap base address is the
#     maximum limit for the native heap growth. Please use -XX:HeapBaseMinAddress
#     to set the Java Heap base and to place the Java Heap above 4GB virtual address.
# This output file may be truncated or incomplete.
#
#  Out of Memory Error (allocation.cpp:389), pid=111720, tid=0x000000000001b8fc
#
# JRE version: OpenJDK Runtime Environment (8.0_242-b01) (build 1.8.0_242-release-1644-b01)
# Java VM: OpenJDK 64-Bit Server VM (25.242-b01 mixed mode windows-amd64 compressed oops)
# Failed to write core dump. Minidumps are not enabled by default on client versions of Windows
#

---------------  T H R E A D  ---------------

Current thread (0x00000000193f3000):  JavaThread "C2 CompilerThread1" daemon [_thread_in_native, id=112892, stack(0x0000000019df0000,0x0000000019ef0000)]

Stack: [0x0000000019df0000,0x0000000019ef0000]
[error occurred during error reporting (printing stack bounds), id 0xc0000005]

Native frames: (J=compiled Java code, j=interpreted, Vv=VM code, C=native code)


Current CompileTask:
C2:   3703 2630       4       groovy.lang.MetaClassImpl$1MOPIter::methodNameAction (325 bytes)


---------------  P R O C E S S  ---------------

Java Threads: ( => current thread )
  0x00000000218f9800 JavaThread "jar transforms Thread 65" [_thread_blocked, id=114216, stack(0x0000000028920000,0x0000000028a20000)]
  0x00000000218f4800 JavaThread "jar transforms Thread 64" [_thread_blocked, id=55068, stack(0x0000000028820000,0x0000000028920000)]
  0x00000000218ee800 JavaThread "jar transforms Thread 63" [_thread_blocked, id=70924, stack(0x0000000028720000,0x0000000028820000)]
  0x00000000218ed800 JavaThread "jar transforms Thread 62" [_thread_blocked, id=112048, stack(0x0000000028620000,0x0000000028720000)]
  0x00000000218f2000 JavaThread "jar transforms Thread 61" [_thread_blocked, id=111096, stack(0x0000000028520000,0x0000000028620000)]
  0x00000000218f1800 JavaThread "jar transforms Thread 60" [_thread_blocked, id=105476, stack(0x0000000028420000,0x0000000028520000)]
  0x00000000218ed000 JavaThread "jar transforms Thread 59" [_thread_blocked, id=67520, stack(0x0000000028320000,0x0000000028420000)]
  0x00000000218f3800 JavaThread "jar transforms Thread 58" [_thread_blocked, id=111664, stack(0x0000000028220000,0x0000000028320000)]
  0x00000000218ec000 JavaThread "jar transforms Thread 57" [_thread_blocked, id=84488, stack(0x0000000028120000,0x0000000028220000)]
  0x00000000218f0800 JavaThread "jar transforms Thread 56" [_thread_blocked, id=114104, stack(0x0000000028020000,0x0000000028120000)]
  0x00000000218f0000 JavaThread "jar transforms Thread 55" [_thread_blocked, id=111324, stack(0x0000000027f20000,0x0000000028020000)]
  0x00000000218f3000 JavaThread "jar transforms Thread 54" [_thread_blocked, id=108756, stack(0x0000000027e20000,0x0000000027f20000)]
  0x00000000218ef000 JavaThread "jar transforms Thread 53" [_thread_blocked, id=9160, stack(0x0000000027d20000,0x0000000027e20000)]
  0x0000000021a3e800 JavaThread "jar transforms Thread 52" [_thread_blocked, id=82536, stack(0x0000000027c20000,0x0000000027d20000)]
  0x0000000021a3e000 JavaThread "jar transforms Thread 51" [_thread_blocked, id=114000, stack(0x0000000027b20000,0x0000000027c20000)]
  0x0000000021a3c800 JavaThread "jar transforms Thread 50" [_thread_blocked, id=79848, stack(0x0000000027a20000,0x0000000027b20000)]
  0x0000000021a3d000 JavaThread "jar transforms Thread 49" [_thread_blocked, id=114348, stack(0x0000000027920000,0x0000000027a20000)]
  0x0000000021a3b800 JavaThread "jar transforms Thread 48" [_thread_blocked, id=109776, stack(0x0000000027820000,0x0000000027920000)]
  0x0000000021a3f800 JavaThread "jar transforms Thread 47" [_thread_blocked, id=93892, stack(0x0000000027720000,0x0000000027820000)]
  0x0000000021a34000 JavaThread "jar transforms Thread 46" [_thread_blocked, id=108504, stack(0x0000000027620000,0x0000000027720000)]
  0x0000000021a3a000 JavaThread "jar transforms Thread 45" [_thread_blocked, id=112248, stack(0x0000000027520000,0x0000000027620000)]
  0x0000000021a3b000 JavaThread "jar transforms Thread 44" [_thread_blocked, id=105632, stack(0x0000000027420000,0x0000000027520000)]
  0x0000000021a39800 JavaThread "jar transforms Thread 43" [_thread_blocked, id=111756, stack(0x0000000027320000,0x0000000027420000)]
  0x0000000021a32000 JavaThread "jar transforms Thread 42" [_thread_blocked, id=109908, stack(0x0000000027220000,0x0000000027320000)]
  0x0000000021a38800 JavaThread "jar transforms Thread 41" [_thread_blocked, id=108484, stack(0x0000000027120000,0x0000000027220000)]
  0x0000000021a38000 JavaThread "jar transforms Thread 40" [_thread_blocked, id=112476, stack(0x0000000027020000,0x0000000027120000)]
  0x0000000021a35000 JavaThread "jar transforms Thread 39" [_thread_blocked, id=111444, stack(0x0000000026f20000,0x0000000027020000)]
  0x0000000021a37000 JavaThread "jar transforms Thread 38" [_thread_blocked, id=111836, stack(0x0000000026e20000,0x0000000026f20000)]
  0x0000000021a33800 JavaThread "jar transforms Thread 37" [_thread_blocked, id=83516, stack(0x0000000026d20000,0x0000000026e20000)]
  0x0000000021a30800 JavaThread "jar transforms Thread 36" [_thread_blocked, id=110032, stack(0x0000000026c20000,0x0000000026d20000)]
  0x0000000021a36800 JavaThread "jar transforms Thread 35" [_thread_blocked, id=111036, stack(0x0000000026b20000,0x0000000026c20000)]
  0x0000000021a32800 JavaThread "jar transforms Thread 34" [_thread_blocked, id=114616, stack(0x0000000026a20000,0x0000000026b20000)]
  0x0000000021a31000 JavaThread "jar transforms Thread 33" [_thread_blocked, id=112056, stack(0x0000000026920000,0x0000000026a20000)]
  0x0000000021a35800 JavaThread "jar transforms Thread 32" [_thread_blocked, id=114540, stack(0x0000000026820000,0x0000000026920000)]
  0x000000001c3ba800 JavaThread "jar transforms Thread 31" [_thread_blocked, id=114204, stack(0x0000000026720000,0x0000000026820000)]
  0x000000001c3ba000 JavaThread "jar transforms Thread 30" [_thread_blocked, id=106724, stack(0x0000000026620000,0x0000000026720000)]
  0x000000001c3b9000 JavaThread "jar transforms Thread 29" [_thread_blocked, id=114196, stack(0x0000000026520000,0x0000000026620000)]
  0x000000001c3b8800 JavaThread "jar transforms Thread 28" [_thread_blocked, id=112432, stack(0x0000000026420000,0x0000000026520000)]
  0x000000001c3b7800 JavaThread "jar transforms Thread 27" [_thread_blocked, id=111624, stack(0x0000000026320000,0x0000000026420000)]
  0x000000001c3bb800 JavaThread "jar transforms Thread 26" [_thread_blocked, id=114384, stack(0x0000000026220000,0x0000000026320000)]
  0x000000001c3b7000 JavaThread "jar transforms Thread 25" [_thread_blocked, id=114288, stack(0x0000000026120000,0x0000000026220000)]
  0x000000001c3b6000 JavaThread "jar transforms Thread 24" [_thread_blocked, id=109152, stack(0x0000000026020000,0x0000000026120000)]
  0x000000001c3bc000 JavaThread "jar transforms Thread 23" [_thread_blocked, id=107908, stack(0x0000000025f20000,0x0000000026020000)]
  0x000000001c3ae800 JavaThread "jar transforms Thread 22" [_thread_blocked, id=113240, stack(0x0000000025e20000,0x0000000025f20000)]
  0x000000001c3af800 JavaThread "jar transforms Thread 21" [_thread_blocked, id=111640, stack(0x0000000025d20000,0x0000000025e20000)]
  0x000000001c3b3000 JavaThread "jar transforms Thread 20" [_thread_blocked, id=65720, stack(0x0000000025c20000,0x0000000025d20000)]
  0x000000001c3b1000 JavaThread "jar transforms Thread 19" [_thread_blocked, id=113812, stack(0x0000000025b20000,0x0000000025c20000)]
  0x000000001c3b4800 JavaThread "jar transforms Thread 18" [_thread_blocked, id=81896, stack(0x0000000025a20000,0x0000000025b20000)]
  0x000000001c3b5800 JavaThread "jar transforms Thread 17" [_thread_blocked, id=112504, stack(0x0000000025920000,0x0000000025a20000)]
  0x000000001c3ae000 JavaThread "jar transforms Thread 16" [_thread_blocked, id=109888, stack(0x0000000025820000,0x0000000025920000)]
  0x000000001c3ad000 JavaThread "jar transforms Thread 15" [_thread_blocked, id=107840, stack(0x0000000025720000,0x0000000025820000)]
  0x000000001c3b0000 JavaThread "jar transforms Thread 14" [_thread_blocked, id=114668, stack(0x0000000025620000,0x0000000025720000)]
  0x000000001c3b4000 JavaThread "jar transforms Thread 13" [_thread_blocked, id=114380, stack(0x0000000025520000,0x0000000025620000)]
  0x000000001c3b1800 JavaThread "jar transforms Thread 12" [_thread_blocked, id=114580, stack(0x0000000025420000,0x0000000025520000)]
  0x000000001c3b2800 JavaThread "jar transforms Thread 11" [_thread_blocked, id=13272, stack(0x0000000025320000,0x0000000025420000)]
  0x000000001ede0000 JavaThread "jar transforms Thread 10" [_thread_blocked, id=114464, stack(0x0000000025220000,0x0000000025320000)]
  0x000000001eddf000 JavaThread "jar transforms Thread 9" [_thread_blocked, id=114324, stack(0x0000000025120000,0x0000000025220000)]
  0x000000001edd8800 JavaThread "jar transforms Thread 8" [_thread_blocked, id=110680, stack(0x0000000025020000,0x0000000025120000)]
  0x000000001edd7800 JavaThread "jar transforms Thread 7" [_thread_blocked, id=113368, stack(0x0000000024f20000,0x0000000025020000)]
  0x000000001edde800 JavaThread "jar transforms Thread 6" [_thread_blocked, id=113636, stack(0x0000000024e20000,0x0000000024f20000)]
  0x000000001eddd800 JavaThread "jar transforms Thread 5" [_thread_blocked, id=83496, stack(0x0000000024d20000,0x0000000024e20000)]
  0x000000001eddd000 JavaThread "jar transforms Thread 4" [_thread_blocked, id=111948, stack(0x0000000024c20000,0x0000000024d20000)]
  0x000000001eddc000 JavaThread "jar transforms Thread 3" [_thread_blocked, id=64756, stack(0x0000000024b20000,0x0000000024c20000)]
  0x000000001eddb800 JavaThread "jar transforms Thread 2" [_thread_blocked, id=109980, stack(0x0000000023f70000,0x0000000024070000)]
  0x000000001edd6000 JavaThread "Build operations Thread 8" [_thread_blocked, id=19416, stack(0x0000000024790000,0x0000000024890000)]
  0x000000001edd4800 JavaThread "Build operations Thread 7" [_thread_blocked, id=112596, stack(0x0000000024690000,0x0000000024790000)]
  0x000000001edd7000 JavaThread "Build operations Thread 6" [_thread_blocked, id=113336, stack(0x0000000024590000,0x0000000024690000)]
  0x000000001edda800 JavaThread "Build operations Thread 5" [_thread_blocked, id=112220, stack(0x0000000024490000,0x0000000024590000)]
  0x000000001edda000 JavaThread "Build operations Thread 4" [_thread_blocked, id=110740, stack(0x0000000024390000,0x0000000024490000)]
  0x000000001edd2800 JavaThread "Build operations Thread 3" [_thread_blocked, id=108860, stack(0x0000000024290000,0x0000000024390000)]
  0x000000001edd5800 JavaThread "Build operations Thread 2" [_thread_blocked, id=106700, stack(0x0000000024190000,0x0000000024290000)]
  0x000000001edd9000 JavaThread "Build operations" [_thread_blocked, id=75900, stack(0x0000000024090000,0x0000000024190000)]
  0x000000001c15e000 JavaThread "Cache worker for file content cache (C:\Users\Apolo\.gradle\caches\6.5\fileContent)" [_thread_blocked, id=112844, stack(0x0000000022670000,0x0000000022770000)]
  0x000000001c165000 JavaThread "jar transforms" [_thread_blocked, id=108864, stack(0x0000000022570000,0x0000000022670000)]
  0x000000001c162800 JavaThread "Cache worker for execution history cache (C:\Users\Apolo\.gradle\caches\6.5\executionHistory)" [_thread_blocked, id=113000, stack(0x0000000021e70000,0x0000000021f70000)]
  0x000000001c163800 JavaThread "Cache worker for cache directory md-rule (C:\Users\Apolo\.gradle\caches\6.5\md-rule)" [_thread_blocked, id=63892, stack(0x0000000021d70000,0x0000000021e70000)]
  0x000000001c160800 JavaThread "Cache worker for cache directory md-supplier (C:\Users\Apolo\.gradle\caches\6.5\md-supplier)" [_thread_blocked, id=67536, stack(0x0000000020a20000,0x0000000020b20000)]
  0x000000001c15f800 JavaThread "Cache worker for checksums cache (C:\Android\Proyecto\VendedoresKT\ApoloVendedor\.gradle\checksums)" [_thread_blocked, id=111344, stack(0x0000000020920000,0x0000000020a20000)]
  0x000000001c162000 JavaThread "Cache worker for file hash cache (C:\Android\Proyecto\VendedoresKT\ApoloVendedor\.gradle\6.5\fileHashes)" [_thread_blocked, id=71972, stack(0x000000001e440000,0x000000001e540000)]
  0x000000001c164000 JavaThread "Cache worker for file hash cache (C:\Users\Apolo\.gradle\caches\6.5\fileHashes)" [_thread_blocked, id=5708, stack(0x000000001e340000,0x000000001e440000)]
  0x000000001c15f000 JavaThread "File lock request listener" [_thread_in_native, id=111704, stack(0x000000001e240000,0x000000001e340000)]
  0x000000001a67e000 JavaThread "Cache worker for journal cache (C:\Users\Apolo\.gradle\caches\journal-1)" [_thread_blocked, id=112588, stack(0x000000001e140000,0x000000001e240000)]
  0x000000001a498800 JavaThread "Thread-9" [_thread_in_Java, id=112104, stack(0x000000001de40000,0x000000001df40000)]
  0x000000001a496000 JavaThread "Stdin handler" [_thread_blocked, id=14988, stack(0x000000001dd40000,0x000000001de40000)]
  0x000000001a494000 JavaThread "Asynchronous log dispatcher for DefaultDaemonConnection: socket connection from /127.0.0.1:49239 to /127.0.0.1:49240" [_thread_blocked, id=103988, stack(0x000000001dc40000,0x000000001dd40000)]
  0x000000001a492800 JavaThread "Daemon worker" [_thread_in_vm, id=112796, stack(0x000000001db40000,0x000000001dc40000)]
  0x000000001b4f3800 JavaThread "Cancel handler" [_thread_blocked, id=112088, stack(0x000000001da40000,0x000000001db40000)]
  0x000000001bd64000 JavaThread "Handler for socket connection from /127.0.0.1:49239 to /127.0.0.1:49240" [_thread_in_native, id=111400, stack(0x000000001d940000,0x000000001da40000)]
  0x000000001bd5f000 JavaThread "Daemon" [_thread_blocked, id=111420, stack(0x000000001d840000,0x000000001d940000)]
  0x000000001bdd8800 JavaThread "Daemon periodic checks" [_thread_blocked, id=109692, stack(0x000000001d540000,0x000000001d640000)]
  0x000000001bd57000 JavaThread "Incoming local TCP Connector on port 49239" [_thread_in_native, id=83564, stack(0x000000001d2d0000,0x000000001d3d0000)]
  0x000000001bcdc000 JavaThread "Daemon health stats" [_thread_blocked, id=113824, stack(0x000000001cc90000,0x000000001cd90000)]
  0x000000001947f800 JavaThread "Service Thread" daemon [_thread_blocked, id=113996, stack(0x000000001a0f0000,0x000000001a1f0000)]
  0x00000000193fc000 JavaThread "C1 CompilerThread3" daemon [_thread_in_vm, id=108644, stack(0x0000000019ff0000,0x000000001a0f0000)]
  0x00000000193f7800 JavaThread "C2 CompilerThread2" daemon [_thread_in_native, id=72352, stack(0x0000000019ef0000,0x0000000019ff0000)]
=>0x00000000193f3000 JavaThread "C2 CompilerThread1" daemon [_thread_in_native, id=112892, stack(0x0000000019df0000,0x0000000019ef0000)]
  0x00000000193f0000 JavaThread "C2 CompilerThread0" daemon [_thread_in_native, id=112980, stack(0x0000000019cf0000,0x0000000019df0000)]
  0x00000000193ef000 JavaThread "Attach Listener" daemon [_thread_blocked, id=83580, stack(0x0000000019bf0000,0x0000000019cf0000)]
  0x00000000193ee000 JavaThread "Signal Dispatcher" daemon [_thread_blocked, id=111792, stack(0x0000000019af0000,0x0000000019bf0000)]
  0x00000000193e0800 JavaThread "Finalizer" daemon [_thread_blocked, id=79068, stack(0x00000000198c0000,0x00000000199c0000)]
  0x00000000175fb800 JavaThread "Reference Handler" daemon [_thread_blocked, id=110120, stack(0x00000000197c0000,0x00000000198c0000)]
  0x000000000245d800 JavaThread "main" [_thread_blocked, id=61880, stack(0x0000000002330000,0x0000000002430000)]

Other Threads:
  0x00000000175f6000 VMThread [stack: 0x00000000192c0000,0x00000000193c0000] [id=102856]
  0x0000000019480000 WatcherThread [stack: 0x000000001a1f0000,0x000000001a2f0000] [id=112036]

VM state:not at safepoint (normal execution)

VM Mutex/Monitor currently owned by a thread: None

OutOfMemory and StackOverflow Exception counts:
OutOfMemoryError java_heap_errors=1

heap address: 0x0000000080000000, size: 2048 MB, Compressed Oops mode: 32-bit
Narrow klass base: 0x0000000000000000, Narrow klass shift: 3
Compressed class space size: 1073741824 Address: 0x0000000100000000

Heap:
 PSYoungGen      total 248832K, used 107286K [0x00000000d5580000, 0x00000000e5880000, 0x0000000100000000)
  eden space 235520K, 45% used [0x00000000d5580000,0x00000000dbe45908,0x00000000e3b80000)
  from space 13312K, 0% used [0x00000000e4b80000,0x00000000e4b80000,0x00000000e5880000)
  to   space 14848K, 0% used [0x00000000e3b80000,0x00000000e3b80000,0x00000000e4a00000)
 ParOldGen       total 73728K, used 15233K [0x0000000080000000, 0x0000000084800000, 0x00000000d5580000)
  object space 73728K, 20% used [0x0000000080000000,0x0000000080ee04f8,0x0000000084800000)
 Metaspace       used 36514K, capacity 38126K, committed 38360K, reserved 1083392K
  class space    used 5020K, capacity 5328K, committed 5376K, reserved 1048576K

Card table byte_map: [0x0000000011920000,0x0000000011d30000] byte_map_base: 0x0000000011520000

Marking Bits: (ParMarkBitMap*) 0x0000000064e3f030
 Begin Bits: [0x00000000127e0000, 0x00000000147e0000)
 End Bits:   [0x00000000147e0000, 0x00000000167e0000)

Polling page: 0x0000000000b30000

CodeCache: size=245760Kb used=12396Kb max_used=12396Kb free=233363Kb
 bounds [0x0000000002560000, 0x0000000003190000, 0x0000000011560000]
 total_blobs=4320 nmethods=3618 adapters=615
 compilation: enabled

Compilation events (10 events):
Event: 3.693 Thread 0x00000000193fc000 nmethod 3610 0x0000000003179590 code [0x0000000003179760, 0x0000000003179ee8]
Event: 3.693 Thread 0x00000000193fc000 3613       3       java.util.Optional::of (9 bytes)
Event: 3.693 Thread 0x00000000193fc000 nmethod 3613 0x000000000317a150 code [0x000000000317a2e0, 0x000000000317a688]
Event: 3.693 Thread 0x00000000193fc000 3612       3       org.gradle.cache.internal.DefaultFileLockManager$DefaultFileLock::assertOpenAndIntegral (41 bytes)
Event: 3.693 Thread 0x00000000193f7800 nmethod 3601 0x000000000317d7d0 code [0x000000000317d920, 0x000000000317dc78]
Event: 3.693 Thread 0x00000000193f7800 3608       4       com.google.common.cache.LocalCache::rehash (49 bytes)
Event: 3.694 Thread 0x00000000193f7800 nmethod 3608 0x000000000316b990 code [0x000000000316bac0, 0x000000000316bb58]
Event: 3.694 Thread 0x00000000193fc000 nmethod 3612 0x000000000317bc50 code [0x000000000317bec0, 0x000000000317cea8]
Event: 3.694 Thread 0x00000000193fc000 3611       3       org.gradle.internal.snapshot.AbstractFileSystemNode::<init> (10 bytes)
Event: 3.694 Thread 0x00000000193fc000 nmethod 3611 0x000000000317b890 code [0x000000000317b9e0, 0x000000000317bbb0]

GC Heap History (10 events):
Event: 2.254 GC heap before
{Heap before GC invocations=6 (full 0):
 PSYoungGen      total 70656K, used 7931K [0x00000000d5580000, 0x00000000ded80000, 0x0000000100000000)
  eden space 65536K, 4% used [0x00000000d5580000,0x00000000d5845eb8,0x00000000d9580000)
  from space 5120K, 99% used [0x00000000d9580000,0x00000000d9a79050,0x00000000d9a80000)
  to   space 12288K, 0% used [0x00000000de180000,0x00000000de180000,0x00000000ded80000)
 ParOldGen       total 86016K, used 9858K [0x0000000080000000, 0x0000000085400000, 0x00000000d5580000)
  object space 86016K, 11% used [0x0000000080000000,0x00000000809a0a38,0x0000000085400000)
 Metaspace       used 20503K, capacity 21204K, committed 21248K, reserved 1067008K
  class space    used 2860K, capacity 3048K, committed 3072K, reserved 1048576K
Event: 2.258 GC heap after
Heap after GC invocations=6 (full 0):
 PSYoungGen      total 142336K, used 5232K [0x00000000d5580000, 0x00000000dec80000, 0x0000000100000000)
  eden space 131072K, 0% used [0x00000000d5580000,0x00000000d5580000,0x00000000dd580000)
  from space 11264K, 46% used [0x00000000de180000,0x00000000de69c040,0x00000000dec80000)
  to   space 11776K, 0% used [0x00000000dd580000,0x00000000dd580000,0x00000000de100000)
 ParOldGen       total 86016K, used 9858K [0x0000000080000000, 0x0000000085400000, 0x00000000d5580000)
  object space 86016K, 11% used [0x0000000080000000,0x00000000809a0a38,0x0000000085400000)
 Metaspace       used 20503K, capacity 21204K, committed 21248K, reserved 1067008K
  class space    used 2860K, capacity 3048K, committed 3072K, reserved 1048576K
}
Event: 2.259 GC heap before
{Heap before GC invocations=7 (full 1):
 PSYoungGen      total 142336K, used 5232K [0x00000000d5580000, 0x00000000dec80000, 0x0000000100000000)
  eden space 131072K, 0% used [0x00000000d5580000,0x00000000d5580000,0x00000000dd580000)
  from space 11264K, 46% used [0x00000000de180000,0x00000000de69c040,0x00000000dec80000)
  to   space 11776K, 0% used [0x00000000dd580000,0x00000000dd580000,0x00000000de100000)
 ParOldGen       total 86016K, used 9858K [0x0000000080000000, 0x0000000085400000, 0x00000000d5580000)
  object space 86016K, 11% used [0x0000000080000000,0x00000000809a0a38,0x0000000085400000)
 Metaspace       used 20503K, capacity 21204K, committed 21248K, reserved 1067008K
  class space    used 2860K, capacity 3048K, committed 3072K, reserved 1048576K
Event: 2.285 GC heap after
Heap after GC invocations=7 (full 1):
 PSYoungGen      total 142336K, used 0K [0x00000000d5580000, 0x00000000dec80000, 0x0000000100000000)
  eden space 131072K, 0% used [0x00000000d5580000,0x00000000d5580000,0x00000000dd580000)
  from space 11264K, 0% used [0x00000000de180000,0x00000000de180000,0x00000000dec80000)
  to   space 11776K, 0% used [0x00000000dd580000,0x00000000dd580000,0x00000000de100000)
 ParOldGen       total 51200K, used 6680K [0x0000000080000000, 0x0000000083200000, 0x00000000d5580000)
  object space 51200K, 13% used [0x0000000080000000,0x0000000080686000,0x0000000083200000)
 Metaspace       used 20503K, capacity 21204K, committed 21248K, reserved 1067008K
  class space    used 2860K, capacity 3048K, committed 3072K, reserved 1048576K
}
Event: 3.068 GC heap before
{Heap before GC invocations=8 (full 1):
 PSYoungGen      total 142336K, used 131072K [0x00000000d5580000, 0x00000000dec80000, 0x0000000100000000)
  eden space 131072K, 100% used [0x00000000d5580000,0x00000000dd580000,0x00000000dd580000)
  from space 11264K, 0% used [0x00000000de180000,0x00000000de180000,0x00000000dec80000)
  to   space 11776K, 0% used [0x00000000dd580000,0x00000000dd580000,0x00000000de100000)
 ParOldGen       total 51200K, used 6680K [0x0000000080000000, 0x0000000083200000, 0x00000000d5580000)
  object space 51200K, 13% used [0x0000000080000000,0x0000000080686000,0x0000000083200000)
 Metaspace       used 32670K, capacity 33680K, committed 33920K, reserved 1079296K
  class space    used 4448K, capacity 4690K, committed 4736K, reserved 1048576K
Event: 3.077 GC heap after
Heap after GC invocations=8 (full 1):
 PSYoungGen      total 142848K, used 11747K [0x00000000d5580000, 0x00000000e5a00000, 0x0000000100000000)
  eden space 131072K, 0% used [0x00000000d5580000,0x00000000d5580000,0x00000000dd580000)
  from space 11776K, 99% used [0x00000000dd580000,0x00000000de0f8ef0,0x00000000de100000)
  to   space 14848K, 0% used [0x00000000e4b80000,0x00000000e4b80000,0x00000000e5a00000)
 ParOldGen       total 51200K, used 9188K [0x0000000080000000, 0x0000000083200000, 0x00000000d5580000)
  object space 51200K, 17% used [0x0000000080000000,0x00000000808f9288,0x0000000083200000)
 Metaspace       used 32670K, capacity 33680K, committed 33920K, reserved 1079296K
  class space    used 4448K, capacity 4690K, committed 4736K, reserved 1048576K
}
Event: 3.271 GC heap before
{Heap before GC invocations=9 (full 1):
 PSYoungGen      total 142848K, used 47864K [0x00000000d5580000, 0x00000000e5a00000, 0x0000000100000000)
  eden space 131072K, 27% used [0x00000000d5580000,0x00000000d78c5280,0x00000000dd580000)
  from space 11776K, 99% used [0x00000000dd580000,0x00000000de0f8ef0,0x00000000de100000)
  to   space 14848K, 0% used [0x00000000e4b80000,0x00000000e4b80000,0x00000000e5a00000)
 ParOldGen       total 51200K, used 9188K [0x0000000080000000, 0x0000000083200000, 0x00000000d5580000)
  object space 51200K, 17% used [0x0000000080000000,0x00000000808f9288,0x0000000083200000)
 Metaspace       used 34215K, capacity 35392K, committed 35416K, reserved 1079296K
  class space    used 4706K, capacity 4973K, committed 4992K, reserved 1048576K
Event: 3.278 GC heap after
Heap after GC invocations=9 (full 1):
 PSYoungGen      total 248832K, used 8903K [0x00000000d5580000, 0x00000000e5880000, 0x0000000100000000)
  eden space 235520K, 0% used [0x00000000d5580000,0x00000000d5580000,0x00000000e3b80000)
  from space 13312K, 66% used [0x00000000e4b80000,0x00000000e5431c18,0x00000000e5880000)
  to   space 14848K, 0% used [0x00000000e3b80000,0x00000000e3b80000,0x00000000e4a00000)
 ParOldGen       total 51200K, used 9196K [0x0000000080000000, 0x0000000083200000, 0x00000000d5580000)
  object space 51200K, 17% used [0x0000000080000000,0x00000000808fb288,0x0000000083200000)
 Metaspace       used 34215K, capacity 35392K, committed 35416K, reserved 1079296K
  class space    used 4706K, capacity 4973K, committed 4992K, reserved 1048576K
}
Event: 3.278 GC heap before
{Heap before GC invocations=10 (full 2):
 PSYoungGen      total 248832K, used 8903K [0x00000000d5580000, 0x00000000e5880000, 0x0000000100000000)
  eden space 235520K, 0% used [0x00000000d5580000,0x00000000d5580000,0x00000000e3b80000)
  from space 13312K, 66% used [0x00000000e4b80000,0x00000000e5431c18,0x00000000e5880000)
  to   space 14848K, 0% used [0x00000000e3b80000,0x00000000e3b80000,0x00000000e4a00000)
 ParOldGen       total 51200K, used 9196K [0x0000000080000000, 0x0000000083200000, 0x00000000d5580000)
  object space 51200K, 17% used [0x0000000080000000,0x00000000808fb288,0x0000000083200000)
 Metaspace       used 34215K, capacity 35392K, committed 35416K, reserved 1079296K
  class space    used 4706K, capacity 4973K, committed 4992K, reserved 1048576K
Event: 3.319 GC heap after
Heap after GC invocations=10 (full 2):
 PSYoungGen      total 248832K, used 0K [0x00000000d5580000, 0x00000000e5880000, 0x0000000100000000)
  eden space 235520K, 0% used [0x00000000d5580000,0x00000000d5580000,0x00000000e3b80000)
  from space 13312K, 0% used [0x00000000e4b80000,0x00000000e4b80000,0x00000000e5880000)
  to   space 14848K, 0% used [0x00000000e3b80000,0x00000000e3b80000,0x00000000e4a00000)
 ParOldGen       total 73728K, used 15233K [0x0000000080000000, 0x0000000084800000, 0x00000000d5580000)
  object space 73728K, 20% used [0x0000000080000000,0x0000000080ee04f8,0x0000000084800000)
 Metaspace       used 34215K, capacity 35392K, committed 35416K, reserved 1079296K
  class space    used 4706K, capacity 4973K, committed 4992K, reserved 1048576K
}

Deoptimization events (10 events):
Event: 3.078 Thread 0x00000000175fb800 Uncommon trap: reason=unstable_if action=reinterpret pc=0x0000000002b8b9bc method=java.lang.ref.Reference.tryHandlePending(Z)Z @ 104
Event: 3.084 Thread 0x000000001a492800 Uncommon trap: reason=class_check action=maybe_recompile pc=0x0000000002cc03e8 method=java.util.WeakHashMap.eq(Ljava/lang/Object;Ljava/lang/Object;)Z @ 7
Event: 3.105 Thread 0x000000001a492800 Uncommon trap: reason=range_check action=make_not_entrant pc=0x0000000002ed5cbc method=java.lang.String.charAt(I)C @ 27
Event: 3.615 Thread 0x000000001a492800 Uncommon trap: reason=unstable_if action=reinterpret pc=0x0000000002ad7ab4 method=java.util.concurrent.ConcurrentHashMap.putVal(Ljava/lang/Object;Ljava/lang/Object;Z)Ljava/lang/Object; @ 113
Event: 3.621 Thread 0x000000001edd7000 Uncommon trap: reason=unstable_if action=reinterpret pc=0x00000000030b4a5c method=com.esotericsoftware.kryo.io.Input.readUtf8Length(I)I @ 9
Event: 3.622 Thread 0x000000001edda000 Uncommon trap: reason=unstable_if action=reinterpret pc=0x0000000003021de4 method=com.esotericsoftware.kryo.io.Input.readUtf8Length(I)I @ 9
Event: 3.624 Thread 0x000000001edd2800 Uncommon trap: reason=unstable_if action=reinterpret pc=0x0000000002a4bddc method=java.util.concurrent.ConcurrentHashMap.addCount(JI)V @ 34
Event: 3.624 Thread 0x000000001a492800 Uncommon trap: reason=unstable_if action=reinterpret pc=0x0000000002a4bddc method=java.util.concurrent.ConcurrentHashMap.addCount(JI)V @ 34
Event: 3.624 Thread 0x000000001edda800 Uncommon trap: reason=unstable_if action=reinterpret pc=0x0000000002a4bddc method=java.util.concurrent.ConcurrentHashMap.addCount(JI)V @ 34
Event: 3.698 Thread 0x000000001a492800 Uncommon trap: reason=unstable_if action=reinterpret pc=0x0000000002922610 method=java.util.regex.Pattern.has(I)Z @ 6

Classes redefined (0 events):
No events

Internal exceptions (10 events):
Event: 3.178 Thread 0x000000001a492800 Exception <a 'java/lang/ClassNotFoundException': groovy/lang/GString$1Customizer> (0x00000000d69f19e0) thrown at [C:\src\AOSP-openjdk-git\hotspot\src\share\vm\classfile\systemDictionary.cpp, line 210]
Event: 3.180 Thread 0x000000001a492800 Exception <a 'java/lang/ClassNotFoundException': org/codehaus/groovy/runtime/GStringImplBeanInfo> (0x00000000d6aa0770) thrown at [C:\src\AOSP-openjdk-git\hotspot\src\share\vm\classfile\systemDictionary.cpp, line 210]
Event: 3.181 Thread 0x000000001a492800 Exception <a 'java/lang/ClassNotFoundException': org/codehaus/groovy/runtime/GStringImplCustomizer> (0x00000000d6acc7d8) thrown at [C:\src\AOSP-openjdk-git\hotspot\src\share\vm\classfile\systemDictionary.cpp, line 210]
Event: 3.220 Thread 0x000000001a492800 Exception <a 'java/lang/NoSuchMethodError': java.lang.Object.lambda$static$0(Lorg/gradle/api/internal/artifacts/configurations/MutationValidator$MutationType;)V> (0x00000000d70746b8) thrown at [C:\src\AOSP-openjdk-git\hotspot\src\share\vm\interpreter\link
Event: 3.354 Thread 0x000000001a492800 Exception <a 'java/lang/NoSuchMethodError': java.lang.Object.lambda$static$0(Lorg/gradle/internal/component/model/DependencyMetadata;)Lorg/gradle/api/internal/artifacts/ivyservice/dependencysubstitution/DependencySubstitutionApplicator$SubstitutionResult;
Event: 3.388 Thread 0x000000001a492800 Exception <a 'java/lang/IncompatibleClassChangeError': Found class java.lang.Object, but interface was expected> (0x00000000d60f7fc0) thrown at [C:\src\AOSP-openjdk-git\hotspot\src\share\vm\interpreter\linkResolver.cpp, line 653]
Event: 3.389 Thread 0x000000001a492800 Exception <a 'java/lang/NoSuchMethodError': java.lang.Object.lambda$thenComparing$36697e65$1(Ljava/util/Comparator;Ljava/lang/Object;Ljava/lang/Object;)I> (0x00000000d6103970) thrown at [C:\src\AOSP-openjdk-git\hotspot\src\share\vm\interpreter\linkResolve
Event: 3.456 Thread 0x000000001a492800 Exception <a 'java/lang/NoSuchMethodError': java.lang.Object.lambda$static$0()Z> (0x00000000d6bf5af8) thrown at [C:\src\AOSP-openjdk-git\hotspot\src\share\vm\interpreter\linkResolver.cpp, line 620]
Event: 3.608 Thread 0x000000001a492800 Exception <a 'java/lang/NoSuchMethodError': java.lang.Object.lambda$static$0(Lorg/gradle/api/internal/artifacts/ivyservice/resolveengine/artifact/ArtifactVisitor;)V> (0x00000000d7afd708) thrown at [C:\src\AOSP-openjdk-git\hotspot\src\share\vm\interpreter\
Event: 3.693 Thread 0x000000001a492800 Exception <a 'java/lang/OutOfMemoryError': unable to create new native thread> (0x00000000d7e20630) thrown at [C:\src\AOSP-openjdk-git\hotspot\src\share\vm\prims\jvm.cpp, line 3141]

Events (10 events):
Event: 3.698 loading class java/util/regex/Pattern$SingleI
Event: 3.698 loading class java/util/regex/Pattern$SingleI done
Event: 3.698 loading class java/util/regex/Pattern$3
Event: 3.698 loading class java/util/regex/Pattern$3 done
Event: 3.698 loading class org/gradle/internal/build/event/types/DefaultFailure
Event: 3.698 loading class org/gradle/internal/build/event/types/DefaultFailure done
Event: 3.698 loading class org/gradle/tooling/internal/protocol/InternalFailure
Event: 3.698 loading class org/gradle/tooling/internal/protocol/InternalFailure done
Event: 3.698 loading class java/lang/Throwable$WrappedPrintWriter
Event: 3.698 loading class java/lang/Throwable$PrintStreamOrWriter


Dynamic libraries:
0x00007ff618890000 - 0x00007ff6188c1000 	C:\Program Files\Android\Android Studio\jre\bin\java.exe
0x00007ff9c3cb0000 - 0x00007ff9c3ea6000 	C:\WINDOWS\SYSTEM32\ntdll.dll
0x00007ff9c3bb0000 - 0x00007ff9c3c6d000 	C:\WINDOWS\System32\KERNEL32.DLL
0x00007ff9c18a0000 - 0x00007ff9c1b69000 	C:\WINDOWS\System32\KERNELBASE.dll
0x00007ff9c1d10000 - 0x00007ff9c1dbc000 	C:\WINDOWS\System32\ADVAPI32.dll
0x00007ff9c2690000 - 0x00007ff9c272e000 	C:\WINDOWS\System32\msvcrt.dll
0x00007ff9c3a20000 - 0x00007ff9c3abc000 	C:\WINDOWS\System32\sechost.dll
0x00007ff9c2560000 - 0x00007ff9c268b000 	C:\WINDOWS\System32\RPCRT4.dll
0x00007ff9c23c0000 - 0x00007ff9c2560000 	C:\WINDOWS\System32\USER32.dll
0x00007ff9c1500000 - 0x00007ff9c1522000 	C:\WINDOWS\System32\win32u.dll
0x00007ff9c3080000 - 0x00007ff9c30aa000 	C:\WINDOWS\System32\GDI32.dll
0x00007ff9c13f0000 - 0x00007ff9c14fb000 	C:\WINDOWS\System32\gdi32full.dll
0x00007ff9c1b70000 - 0x00007ff9c1c0d000 	C:\WINDOWS\System32\msvcp_win.dll
0x00007ff9c1530000 - 0x00007ff9c1630000 	C:\WINDOWS\System32\ucrtbase.dll
0x00007ff9abc70000 - 0x00007ff9abf0b000 	C:\WINDOWS\WinSxS\amd64_microsoft.windows.common-controls_6595b64144ccf1df_6.0.19041.746_none_ca02b4b61b8320a4\COMCTL32.dll
0x00007ff9c3b20000 - 0x00007ff9c3b50000 	C:\WINDOWS\System32\IMM32.DLL
0x00000000644b0000 - 0x0000000064582000 	C:\Program Files\Android\Android Studio\jre\jre\bin\msvcr100.dll
0x0000000064670000 - 0x0000000064ebb000 	C:\Program Files\Android\Android Studio\jre\jre\bin\server\jvm.dll
0x00007ff9c1e70000 - 0x00007ff9c1e78000 	C:\WINDOWS\System32\PSAPI.DLL
0x00007ff9a9650000 - 0x00007ff9a9659000 	C:\WINDOWS\SYSTEM32\WSOCK32.dll
0x00007ff9a63f0000 - 0x00007ff9a6417000 	C:\WINDOWS\SYSTEM32\WINMM.dll
0x00007ff9c0f70000 - 0x00007ff9c0f7a000 	C:\WINDOWS\SYSTEM32\VERSION.dll
0x00007ff9c2810000 - 0x00007ff9c287b000 	C:\WINDOWS\System32\WS2_32.dll
0x00007ff9b7c40000 - 0x00007ff9b7c4f000 	C:\Program Files\Android\Android Studio\jre\jre\bin\verify.dll
0x00007ff9b77c0000 - 0x00007ff9b77e9000 	C:\Program Files\Android\Android Studio\jre\jre\bin\java.dll
0x00007ff9b6d50000 - 0x00007ff9b6d66000 	C:\Program Files\Android\Android Studio\jre\jre\bin\zip.dll
0x00007ff9c3270000 - 0x00007ff9c39b2000 	C:\WINDOWS\System32\SHELL32.dll
0x00007ff9bf4b0000 - 0x00007ff9bfc40000 	C:\WINDOWS\SYSTEM32\windows.storage.dll
0x00007ff9c2bf0000 - 0x00007ff9c2f46000 	C:\WINDOWS\System32\combase.dll
0x00007ff9c0de0000 - 0x00007ff9c0e0c000 	C:\WINDOWS\SYSTEM32\Wldp.dll
0x00007ff9c2310000 - 0x00007ff9c23be000 	C:\WINDOWS\System32\SHCORE.dll
0x00007ff9c39c0000 - 0x00007ff9c3a15000 	C:\WINDOWS\System32\shlwapi.dll
0x00007ff9c1320000 - 0x00007ff9c1346000 	C:\WINDOWS\SYSTEM32\profapi.dll
0x00007ff9b6d30000 - 0x00007ff9b6d4a000 	C:\Program Files\Android\Android Studio\jre\jre\bin\net.dll
0x00007ff9c0b60000 - 0x00007ff9c0bca000 	C:\WINDOWS\system32\mswsock.dll
0x00007ff9a94a0000 - 0x00007ff9a94b3000 	C:\Program Files\Android\Android Studio\jre\jre\bin\nio.dll
0x00007ff9a6870000 - 0x00007ff9a6897000 	C:\Users\Apolo\.gradle\native\f6784746aeab05261644944871eae4fe03e0ef1612fff0a4a95f87b438bc6780\windows-amd64\native-platform.dll
0x00007ff9b7870000 - 0x00007ff9b787d000 	C:\Program Files\Android\Android Studio\jre\jre\bin\management.dll
0x00007ff9c0d40000 - 0x00007ff9c0d58000 	C:\WINDOWS\SYSTEM32\CRYPTSP.dll
0x00007ff9c0490000 - 0x00007ff9c04c4000 	C:\WINDOWS\system32\rsaenh.dll
0x00007ff9c17f0000 - 0x00007ff9c1817000 	C:\WINDOWS\System32\bcrypt.dll
0x00007ff9c12a0000 - 0x00007ff9c12ce000 	C:\WINDOWS\SYSTEM32\USERENV.dll
0x00007ff9c1820000 - 0x00007ff9c18a0000 	C:\WINDOWS\System32\bcryptprimitives.dll
0x00007ff9c0d30000 - 0x00007ff9c0d3c000 	C:\WINDOWS\SYSTEM32\CRYPTBASE.dll
0x00007ff9c0800000 - 0x00007ff9c083b000 	C:\WINDOWS\SYSTEM32\IPHLPAPI.DLL
0x00007ff9c3140000 - 0x00007ff9c3148000 	C:\WINDOWS\System32\NSI.dll
0x00007ff9b6210000 - 0x00007ff9b6227000 	C:\WINDOWS\SYSTEM32\dhcpcsvc6.DLL
0x00007ff9b5f00000 - 0x00007ff9b5f1d000 	C:\WINDOWS\SYSTEM32\dhcpcsvc.DLL
0x00007ff9c0840000 - 0x00007ff9c090b000 	C:\WINDOWS\SYSTEM32\DNSAPI.dll
0x00007ff9b7b70000 - 0x00007ff9b7b7b000 	C:\WINDOWS\SYSTEM32\WINNSI.DLL

VM Arguments:
jvm_args: -Xmx2048m -Dfile.encoding=windows-1252 -Duser.country=ES -Duser.language=es -Duser.variant 
java_command: org.gradle.launcher.daemon.bootstrap.GradleDaemon 6.5
java_class_path (initial): C:\Users\Apolo\.gradle\wrapper\dists\gradle-6.5-bin\6nifqtx7604sqp1q6g8wikw7p\gradle-6.5\lib\gradle-launcher-6.5.jar
Launcher Type: SUN_STANDARD

Environment Variables:
PATH=C:\Program Files\Common Files\Oracle\Java\javapath;C:\Program Files (x86)\Common Files\Oracle\Java\javapath;C:\orant\bin;C:\WINDOWS\system32;C:\WINDOWS;C:\WINDOWS\System32\Wbem;C:\WINDOWS\System32\WindowsPowerShell\v1.0\;C:\WINDOWS\System32\OpenSSH\;C:\orant\jdk\bin;C:\Program Files (x86)\Intel\Intel(R) Memory And Storage Tool\;C:\Program Files\Git\cmd;C:\Program Files\nodejs\;C:\Users\Apolo\AppData\Local\Microsoft\WindowsApps;;C:\Users\Apolo\AppData\Local\Programs\Microsoft VS Code\bin;C:\Users\Apolo\AppData\Roaming\npm
USERNAME=Apolo
OS=Windows_NT
PROCESSOR_IDENTIFIER=Intel64 Family 6 Model 126 Stepping 5, GenuineIntel



---------------  S Y S T E M  ---------------

OS: Windows 10.0 , 64 bit Build 19041 (10.0.19041.804)

CPU:total 8 (initial active 8) (4 cores per cpu, 2 threads per core) family 6 model 126 stepping 5, cmov, cx8, fxsr, mmx, sse, sse2, sse3, ssse3, sse4.1, sse4.2, popcnt, avx, avx2, aes, clmul, erms, 3dnowpref, lzcnt, ht, tsc, tscinvbit, bmi1, bmi2, adx

Memory: 4k page, physical 8165048k(1012728k free), swap 11736884k(5568k free)

vm_info: OpenJDK 64-Bit Server VM (25.242-b01) for windows-amd64 JRE (1.8.0_242-release-1644-b01), built by "builder" with MS VC++ 10.0 (VS2010)

time: Thu Feb 25 09:02:20 2021
timezone: Hora de verano de Paraguay
elapsed time: 3 seconds (0d 0h 0m 3s)

