#
# There is insufficient memory for the Java Runtime Environment to continue.
# Native memory allocation (malloc) failed to allocate 2032336 bytes for Chunk::new
# Possible reasons:
#   The system is out of physical RAM or swap space
#   The process is running with CompressedOops enabled, and the Java Heap may be blocking the growth of the native heap
# Possible solutions:
#   Reduce memory load on the system
#   Increase physical memory or swap space
#   Check if swap backing store is full
#   Decrease Java heap size (-Xmx/-Xms)
#   Decrease number of Java threads
#   Decrease Java thread stack sizes (-Xss)
#   Set larger code cache with -XX:ReservedCodeCacheSize=
#   JVM is running with Unscaled Compressed Oops mode in which the Java heap is
#     placed in the first 4GB address space. The Java Heap base address is the
#     maximum limit for the native heap growth. Please use -XX:HeapBaseMinAddress
#     to set the Java Heap base and to place the Java Heap above 4GB virtual address.
# This output file may be truncated or incomplete.
#
#  Out of Memory Error (allocation.cpp:389), pid=20960, tid=0x0000000000003f60
#
# JRE version: OpenJDK Runtime Environment (8.0_242-b01) (build 1.8.0_242-release-1644-b01)
# Java VM: OpenJDK 64-Bit Server VM (25.242-b01 mixed mode windows-amd64 compressed oops)
# Failed to write core dump. Minidumps are not enabled by default on client versions of Windows
#

---------------  T H R E A D  ---------------

Current thread (0x0000000017f0a000):  JavaThread "C2 CompilerThread1" daemon [_thread_in_native, id=16224, stack(0x000000001a710000,0x000000001a810000)]

Stack: [0x000000001a710000,0x000000001a810000]
[error occurred during error reporting (printing stack bounds), id 0xc0000005]

Native frames: (J=compiled Java code, j=interpreted, Vv=VM code, C=native code)


Current CompileTask:
C2:  23280 9091   !   4       java.io.ObjectOutputStream::writeObject0 (619 bytes)


---------------  P R O C E S S  ---------------

Java Threads: ( => current thread )
  0x000000001f8d0800 JavaThread "MarlinRenderer Disposer" daemon [_thread_blocked, id=19360, stack(0x000000002f890000,0x000000002f990000)]
  0x000000001f8cf800 JavaThread "Java2D Disposer" daemon [_thread_blocked, id=16988, stack(0x000000002ee40000,0x000000002ef40000)]
  0x000000001f8cf000 JavaThread "WorkerExecutor Queue Thread 8" [_thread_in_Java, id=15684, stack(0x000000002f590000,0x000000002f690000)]
  0x000000001f8ce000 JavaThread "WorkerExecutor Queue Thread 7" [_thread_in_native, id=22428, stack(0x000000002f490000,0x000000002f590000)]
  0x000000001f8cb000 JavaThread "WorkerExecutor Queue Thread 6" [_thread_in_Java, id=18244, stack(0x000000002f390000,0x000000002f490000)]
  0x000000001f8cd800 JavaThread "WorkerExecutor Queue Thread 5" [_thread_blocked, id=7636, stack(0x000000002f290000,0x000000002f390000)]
  0x000000001f8cc800 JavaThread "WorkerExecutor Queue Thread 4" [_thread_in_Java, id=15944, stack(0x000000002f190000,0x000000002f290000)]
  0x000000001f8c3000 JavaThread "WorkerExecutor Queue Thread 3" [_thread_blocked, id=15220, stack(0x000000002f090000,0x000000002f190000)]
  0x000000001f8c2000 JavaThread "WorkerExecutor Queue Thread 2" [_thread_in_native, id=17024, stack(0x000000002ef90000,0x000000002f090000)]
  0x000000001f8c3800 JavaThread "WorkerExecutor Queue" [_thread_in_native, id=5828, stack(0x000000002e110000,0x000000002e210000)]
  0x000000001f8c6800 JavaThread "Cache worker for execution history cache (C:\Android\Proyecto\VendedoresKT\ApoloVendedor\.gradle\6.5\executionHistory)" [_thread_blocked, id=15312, stack(0x000000002e940000,0x000000002ea40000)]
  0x000000001f8c1800 JavaThread "Execution worker for ':' Thread 7" [_thread_blocked, id=22092, stack(0x000000002e840000,0x000000002e940000)]
  0x000000001f8c5000 JavaThread "Execution worker for ':' Thread 6" [_thread_blocked, id=19232, stack(0x000000002e740000,0x000000002e840000)]
  0x000000001f8c4800 JavaThread "Execution worker for ':' Thread 5" [_thread_blocked, id=19556, stack(0x000000002e640000,0x000000002e740000)]
  0x00000000218d1800 JavaThread "Execution worker for ':' Thread 4" [_thread_blocked, id=19076, stack(0x000000002e540000,0x000000002e640000)]
  0x00000000218d6000 JavaThread "Execution worker for ':' Thread 3" [_thread_blocked, id=18116, stack(0x000000002e440000,0x000000002e540000)]
  0x00000000218d4800 JavaThread "Execution worker for ':' Thread 2" [_thread_blocked, id=19716, stack(0x000000002e340000,0x000000002e440000)]
  0x00000000218d6800 JavaThread "Execution worker for ':'" [_thread_in_native, id=15892, stack(0x000000002e240000,0x000000002e340000)]
  0x00000000218d0800 JavaThread "Cache worker for file content cache (C:\Android\Proyecto\VendedoresKT\ApoloVendedor\.gradle\6.5\fileContent)" [_thread_blocked, id=9224, stack(0x000000002dc10000,0x000000002dd10000)]
  0x00000000218d3800 JavaThread "Memory manager" [_thread_blocked, id=20668, stack(0x000000002db10000,0x000000002dc10000)]
  0x00000000218d7800 JavaThread "Cache worker for Build Output Cleanup Cache (C:\Android\Proyecto\VendedoresKT\ApoloVendedor\.gradle\buildOutputCleanup)" [_thread_blocked, id=20536, stack(0x000000002d340000,0x000000002d440000)]
  0x00000000218d2000 JavaThread "Build operations Thread 8" [_thread_blocked, id=10992, stack(0x000000002ba20000,0x000000002bb20000)]
  0x00000000218d3000 JavaThread "Build operations Thread 7" [_thread_blocked, id=17724, stack(0x000000002b320000,0x000000002b420000)]
  0x00000000218d5000 JavaThread "Build operations Thread 6" [_thread_blocked, id=4932, stack(0x0000000024050000,0x0000000024150000)]
  0x0000000020c23800 JavaThread "Build operations Thread 5" [_thread_blocked, id=16976, stack(0x0000000023f50000,0x0000000024050000)]
  0x0000000020c25000 JavaThread "Build operations Thread 4" [_thread_blocked, id=6200, stack(0x0000000023e50000,0x0000000023f50000)]
  0x000000001cb14800 JavaThread "Build operations Thread 3" [_thread_blocked, id=9840, stack(0x0000000023d50000,0x0000000023e50000)]
  0x000000001cb13000 JavaThread "Build operations Thread 2" [_thread_blocked, id=22472, stack(0x0000000023c50000,0x0000000023d50000)]
  0x000000001cb16000 JavaThread "Build operations" [_thread_blocked, id=18376, stack(0x0000000023b50000,0x0000000023c50000)]
  0x000000001cb10000 JavaThread "Cache worker for cache directory md-rule (C:\Users\Apolo\.gradle\caches\6.5\md-rule)" [_thread_blocked, id=19316, stack(0x0000000023a50000,0x0000000023b50000)]
  0x000000002153a800 JavaThread "Cache worker for cache directory md-supplier (C:\Users\Apolo\.gradle\caches\6.5\md-supplier)" [_thread_blocked, id=13804, stack(0x0000000023950000,0x0000000023a50000)]
  0x000000002152f000 JavaThread "Cache worker for checksums cache (C:\Android\Proyecto\VendedoresKT\ApoloVendedor\.gradle\checksums)" [_thread_blocked, id=19324, stack(0x0000000022650000,0x0000000022750000)]
  0x000000002152d000 JavaThread "Cache worker for file hash cache (C:\Android\Proyecto\VendedoresKT\ApoloVendedor\.gradle\6.5\fileHashes)" [_thread_blocked, id=10804, stack(0x0000000022550000,0x0000000022650000)]
  0x0000000021530800 JavaThread "Thread-152" [_thread_blocked, id=22420, stack(0x0000000021200000,0x0000000021300000)]
  0x0000000021533800 JavaThread "Stdin handler" [_thread_blocked, id=15316, stack(0x0000000021100000,0x0000000021200000)]
  0x0000000021532000 JavaThread "Asynchronous log dispatcher for DefaultDaemonConnection: socket connection from /127.0.0.1:56181 to /127.0.0.1:56208" [_thread_blocked, id=13100, stack(0x000000001e760000,0x000000001e860000)]
  0x0000000021533000 JavaThread "Cancel handler" [_thread_blocked, id=11128, stack(0x000000001e660000,0x000000001e760000)]
  0x0000000021531800 JavaThread "Handler for socket connection from /127.0.0.1:56181 to /127.0.0.1:56208" [_thread_in_native, id=21672, stack(0x000000001e560000,0x000000001e660000)]
  0x0000000020c26800 JavaThread "jar transforms Thread 113" [_thread_blocked, id=20788, stack(0x000000002b020000,0x000000002b120000)]
  0x0000000020c26000 JavaThread "jar transforms Thread 112" [_thread_blocked, id=20752, stack(0x000000002af20000,0x000000002b020000)]
  0x0000000020c29000 JavaThread "jar transforms Thread 111" [_thread_blocked, id=17484, stack(0x000000002ae20000,0x000000002af20000)]
  0x0000000020c28000 JavaThread "jar transforms Thread 110" [_thread_blocked, id=17268, stack(0x000000002ad20000,0x000000002ae20000)]
  0x0000000020c23000 JavaThread "jar transforms Thread 109" [_thread_blocked, id=5752, stack(0x000000002ac20000,0x000000002ad20000)]
  0x0000000020c24800 JavaThread "jar transforms Thread 108" [_thread_blocked, id=3184, stack(0x000000002ab20000,0x000000002ac20000)]
  0x0000000020c27800 JavaThread "jar transforms Thread 107" [_thread_blocked, id=2352, stack(0x000000002aa20000,0x000000002ab20000)]
  0x0000000020c1b800 JavaThread "jar transforms Thread 106" [_thread_blocked, id=16800, stack(0x000000002a920000,0x000000002aa20000)]
  0x0000000020c22000 JavaThread "jar transforms Thread 105" [_thread_blocked, id=19036, stack(0x000000002a820000,0x000000002a920000)]
  0x0000000020c20800 JavaThread "jar transforms Thread 104" [_thread_blocked, id=532, stack(0x000000002a620000,0x000000002a720000)]
  0x0000000020c1f000 JavaThread "jar transforms Thread 103" [_thread_blocked, id=19172, stack(0x000000002a520000,0x000000002a620000)]
  0x0000000020c20000 JavaThread "jar transforms Thread 102" [_thread_blocked, id=18948, stack(0x000000002a420000,0x000000002a520000)]
  0x0000000020c1a800 JavaThread "jar transforms Thread 101" [_thread_blocked, id=8644, stack(0x000000002a320000,0x000000002a420000)]
  0x0000000020c1e800 JavaThread "jar transforms Thread 100" [_thread_blocked, id=21664, stack(0x000000002a220000,0x000000002a320000)]
  0x0000000020c21800 JavaThread "jar transforms Thread 99" [_thread_blocked, id=10232, stack(0x000000002a120000,0x000000002a220000)]
  0x0000000020c1d800 JavaThread "jar transforms Thread 98" [_thread_blocked, id=7004, stack(0x000000002a020000,0x000000002a120000)]
  0x0000000020c1a000 JavaThread "jar transforms Thread 97" [_thread_blocked, id=18276, stack(0x0000000029f20000,0x000000002a020000)]
  0x0000000020c1c000 JavaThread "jar transforms Thread 96" [_thread_blocked, id=20476, stack(0x0000000029e20000,0x0000000029f20000)]
  0x0000000020c1d000 JavaThread "jar transforms Thread 95" [_thread_blocked, id=19688, stack(0x0000000029d20000,0x0000000029e20000)]
  0x0000000021b85000 JavaThread "jar transforms Thread 94" [_thread_blocked, id=6312, stack(0x0000000029c20000,0x0000000029d20000)]
  0x0000000021b80800 JavaThread "jar transforms Thread 93" [_thread_blocked, id=16480, stack(0x0000000029b20000,0x0000000029c20000)]
  0x0000000021b86800 JavaThread "jar transforms Thread 92" [_thread_blocked, id=11416, stack(0x0000000029a20000,0x0000000029b20000)]
  0x0000000021b82000 JavaThread "jar transforms Thread 91" [_thread_blocked, id=16708, stack(0x0000000029920000,0x0000000029a20000)]
  0x0000000021b85800 JavaThread "jar transforms Thread 90" [_thread_blocked, id=10372, stack(0x0000000029820000,0x0000000029920000)]
  0x0000000021b81000 JavaThread "jar transforms Thread 89" [_thread_blocked, id=8984, stack(0x0000000029720000,0x0000000029820000)]
  0x0000000021b82800 JavaThread "jar transforms Thread 88" [_thread_blocked, id=17056, stack(0x0000000029620000,0x0000000029720000)]
  0x0000000021b84000 JavaThread "jar transforms Thread 87" [_thread_blocked, id=19968, stack(0x0000000029520000,0x0000000029620000)]
  0x0000000021b83800 JavaThread "jar transforms Thread 86" [_thread_blocked, id=17568, stack(0x0000000029420000,0x0000000029520000)]
  0x0000000021b79000 JavaThread "jar transforms Thread 85" [_thread_blocked, id=10800, stack(0x0000000029320000,0x0000000029420000)]
  0x0000000021b7f800 JavaThread "jar transforms Thread 84" [_thread_blocked, id=12380, stack(0x0000000029220000,0x0000000029320000)]
  0x0000000021b7f000 JavaThread "jar transforms Thread 83" [_thread_blocked, id=17392, stack(0x0000000029120000,0x0000000029220000)]
  0x0000000021b77800 JavaThread "jar transforms Thread 82" [_thread_blocked, id=4664, stack(0x0000000029020000,0x0000000029120000)]
  0x0000000021b78000 JavaThread "jar transforms Thread 81" [_thread_blocked, id=7384, stack(0x0000000028f20000,0x0000000029020000)]
  0x0000000021b79800 JavaThread "jar transforms Thread 80" [_thread_blocked, id=12280, stack(0x0000000028e20000,0x0000000028f20000)]
  0x0000000021b7d800 JavaThread "jar transforms Thread 79" [_thread_blocked, id=18112, stack(0x0000000028d20000,0x0000000028e20000)]
  0x0000000021b7b000 JavaThread "jar transforms Thread 78" [_thread_blocked, id=10408, stack(0x0000000028c20000,0x0000000028d20000)]
  0x0000000021b7c800 JavaThread "jar transforms Thread 77" [_thread_blocked, id=9184, stack(0x0000000028b20000,0x0000000028c20000)]
  0x0000000021b7e000 JavaThread "jar transforms Thread 76" [_thread_blocked, id=21944, stack(0x0000000028a20000,0x0000000028b20000)]
  0x0000000021b7c000 JavaThread "jar transforms Thread 75" [_thread_blocked, id=20356, stack(0x0000000028920000,0x0000000028a20000)]
  0x0000000021b7a800 JavaThread "jar transforms Thread 74" [_thread_blocked, id=16220, stack(0x0000000028820000,0x0000000028920000)]
  0x0000000021c9e000 JavaThread "jar transforms Thread 73" [_thread_blocked, id=2112, stack(0x0000000028720000,0x0000000028820000)]
  0x0000000021ca5000 JavaThread "jar transforms Thread 72" [_thread_blocked, id=20704, stack(0x0000000028620000,0x0000000028720000)]
  0x0000000021ca4000 JavaThread "jar transforms Thread 71" [_thread_blocked, id=20004, stack(0x0000000028520000,0x0000000028620000)]
  0x0000000021ca2800 JavaThread "jar transforms Thread 70" [_thread_blocked, id=18352, stack(0x0000000028420000,0x0000000028520000)]
  0x0000000021ca2000 JavaThread "jar transforms Thread 69" [_thread_blocked, id=12644, stack(0x0000000028320000,0x0000000028420000)]
  0x0000000021c9f000 JavaThread "jar transforms Thread 68" [_thread_blocked, id=5116, stack(0x0000000028220000,0x0000000028320000)]
  0x0000000021c9f800 JavaThread "jar transforms Thread 67" [_thread_blocked, id=15100, stack(0x0000000028120000,0x0000000028220000)]
  0x0000000021c9c800 JavaThread "jar transforms Thread 66" [_thread_blocked, id=5600, stack(0x0000000028020000,0x0000000028120000)]
  0x0000000021ca3800 JavaThread "jar transforms Thread 65" [_thread_blocked, id=18368, stack(0x0000000027f20000,0x0000000028020000)]
  0x0000000021ca0800 JavaThread "jar transforms Thread 64" [_thread_blocked, id=20048, stack(0x0000000027e20000,0x0000000027f20000)]
  0x0000000021ca1000 JavaThread "jar transforms Thread 63" [_thread_blocked, id=17960, stack(0x0000000027d20000,0x0000000027e20000)]
  0x0000000021c96800 JavaThread "jar transforms Thread 62" [_thread_blocked, id=16632, stack(0x0000000027c20000,0x0000000027d20000)]
  0x0000000021c99800 JavaThread "jar transforms Thread 61" [_thread_blocked, id=15000, stack(0x0000000027b20000,0x0000000027c20000)]
  0x0000000021c9d800 JavaThread "jar transforms Thread 60" [_thread_blocked, id=2464, stack(0x0000000027a20000,0x0000000027b20000)]
  0x0000000021c9c000 JavaThread "jar transforms Thread 59" [_thread_blocked, id=20060, stack(0x0000000027920000,0x0000000027a20000)]
  0x0000000021c9b000 JavaThread "jar transforms Thread 58" [_thread_blocked, id=16920, stack(0x0000000027820000,0x0000000027920000)]
  0x0000000021c99000 JavaThread "jar transforms Thread 57" [_thread_blocked, id=20468, stack(0x0000000027720000,0x0000000027820000)]
  0x0000000021c96000 JavaThread "jar transforms Thread 56" [_thread_blocked, id=19492, stack(0x0000000027620000,0x0000000027720000)]
  0x0000000021c97800 JavaThread "jar transforms Thread 55" [_thread_blocked, id=21592, stack(0x0000000027520000,0x0000000027620000)]
  0x0000000021c98000 JavaThread "jar transforms Thread 54" [_thread_blocked, id=20464, stack(0x0000000027420000,0x0000000027520000)]
  0x0000000021c9a800 JavaThread "jar transforms Thread 53" [_thread_blocked, id=18412, stack(0x0000000027320000,0x0000000027420000)]
  0x000000002173a800 JavaThread "jar transforms Thread 52" [_thread_blocked, id=14248, stack(0x0000000027220000,0x0000000027320000)]
  0x0000000021739800 JavaThread "jar transforms Thread 51" [_thread_blocked, id=14864, stack(0x0000000027120000,0x0000000027220000)]
  0x0000000021739000 JavaThread "jar transforms Thread 50" [_thread_blocked, id=16636, stack(0x0000000027020000,0x0000000027120000)]
  0x0000000021738000 JavaThread "jar transforms Thread 49" [_thread_blocked, id=20920, stack(0x0000000026f20000,0x0000000027020000)]
  0x0000000021737800 JavaThread "jar transforms Thread 48" [_thread_blocked, id=20836, stack(0x0000000026e20000,0x0000000026f20000)]
  0x000000002173e800 JavaThread "jar transforms Thread 47" [_thread_blocked, id=18444, stack(0x0000000026d20000,0x0000000026e20000)]
  0x000000002173c800 JavaThread "jar transforms Thread 46" [_thread_blocked, id=21300, stack(0x0000000026c20000,0x0000000026d20000)]
  0x000000002173c000 JavaThread "jar transforms Thread 45" [_thread_blocked, id=21416, stack(0x0000000026b20000,0x0000000026c20000)]
  0x000000002173b000 JavaThread "jar transforms Thread 44" [_thread_blocked, id=8848, stack(0x0000000026a20000,0x0000000026b20000)]
  0x000000002173d800 JavaThread "jar transforms Thread 43" [_thread_blocked, id=20324, stack(0x0000000026920000,0x0000000026a20000)]
  0x0000000021730000 JavaThread "jar transforms Thread 42" [_thread_blocked, id=19984, stack(0x0000000026820000,0x0000000026920000)]
  0x0000000021736800 JavaThread "jar transforms Thread 41" [_thread_blocked, id=21920, stack(0x0000000026720000,0x0000000026820000)]
  0x0000000021733800 JavaThread "jar transforms Thread 40" [_thread_blocked, id=10216, stack(0x0000000026620000,0x0000000026720000)]
  0x000000002172f000 JavaThread "jar transforms Thread 39" [_thread_blocked, id=22032, stack(0x0000000026520000,0x0000000026620000)]
  0x0000000021733000 JavaThread "jar transforms Thread 38" [_thread_blocked, id=16508, stack(0x0000000026420000,0x0000000026520000)]
  0x0000000021735000 JavaThread "jar transforms Thread 37" [_thread_blocked, id=18096, stack(0x0000000026320000,0x0000000026420000)]
  0x0000000021736000 JavaThread "jar transforms Thread 36" [_thread_blocked, id=19392, stack(0x0000000026220000,0x0000000026320000)]
  0x0000000021732000 JavaThread "jar transforms Thread 35" [_thread_blocked, id=21600, stack(0x0000000026120000,0x0000000026220000)]
  0x0000000021734800 JavaThread "jar transforms Thread 34" [_thread_blocked, id=12344, stack(0x0000000026020000,0x0000000026120000)]
  0x0000000021730800 JavaThread "jar transforms Thread 33" [_thread_blocked, id=13760, stack(0x0000000025f20000,0x0000000026020000)]
  0x0000000021731800 JavaThread "jar transforms Thread 32" [_thread_blocked, id=21884, stack(0x0000000025e20000,0x0000000025f20000)]
  0x000000001cc2a800 JavaThread "jar transforms Thread 31" [_thread_blocked, id=18852, stack(0x0000000025d20000,0x0000000025e20000)]
  0x000000001cc29800 JavaThread "jar transforms Thread 30" [_thread_blocked, id=20252, stack(0x0000000025c20000,0x0000000025d20000)]
  0x000000001cc29000 JavaThread "jar transforms Thread 29" [_thread_blocked, id=18408, stack(0x0000000025b20000,0x0000000025c20000)]
  0x000000001cc27800 JavaThread "jar transforms Thread 28" [_thread_blocked, id=18056, stack(0x0000000025a20000,0x0000000025b20000)]
  0x000000001cc26000 JavaThread "jar transforms Thread 27" [_thread_blocked, id=20568, stack(0x0000000025920000,0x0000000025a20000)]
  0x000000001cc28000 JavaThread "jar transforms Thread 26" [_thread_blocked, id=18124, stack(0x0000000025820000,0x0000000025920000)]
  0x000000001cc26800 JavaThread "jar transforms Thread 25" [_thread_blocked, id=16336, stack(0x0000000025720000,0x0000000025820000)]
  0x000000001cc1e800 JavaThread "jar transforms Thread 24" [_thread_blocked, id=18676, stack(0x0000000025620000,0x0000000025720000)]
  0x000000001cc25000 JavaThread "jar transforms Thread 23" [_thread_blocked, id=16952, stack(0x0000000025520000,0x0000000025620000)]
  0x000000001cc20800 JavaThread "jar transforms Thread 22" [_thread_blocked, id=16944, stack(0x0000000025420000,0x0000000025520000)]
  0x000000001cc1d800 JavaThread "jar transforms Thread 21" [_thread_blocked, id=20488, stack(0x0000000025320000,0x0000000025420000)]
  0x000000001cc23000 JavaThread "jar transforms Thread 20" [_thread_blocked, id=22292, stack(0x0000000025220000,0x0000000025320000)]
  0x000000001cc24800 JavaThread "jar transforms Thread 19" [_thread_blocked, id=20036, stack(0x0000000025120000,0x0000000025220000)]
  0x000000001cc1f000 JavaThread "jar transforms Thread 18" [_thread_blocked, id=19972, stack(0x0000000025020000,0x0000000025120000)]
  0x000000001cc23800 JavaThread "jar transforms Thread 17" [_thread_blocked, id=1172, stack(0x0000000024f20000,0x0000000025020000)]
  0x000000001cc1b800 JavaThread "jar transforms Thread 16" [_thread_blocked, id=17540, stack(0x0000000024e20000,0x0000000024f20000)]
  0x000000001cc20000 JavaThread "jar transforms Thread 15" [_thread_blocked, id=12140, stack(0x0000000024d20000,0x0000000024e20000)]
  0x000000001cc1c000 JavaThread "jar transforms Thread 14" [_thread_blocked, id=3944, stack(0x0000000024c20000,0x0000000024d20000)]
  0x000000001cc22000 JavaThread "jar transforms Thread 13" [_thread_blocked, id=10888, stack(0x0000000024b20000,0x0000000024c20000)]
  0x000000001cc1d000 JavaThread "jar transforms Thread 12" [_thread_blocked, id=13392, stack(0x0000000024a20000,0x0000000024b20000)]
  0x000000001cc21800 JavaThread "jar transforms Thread 11" [_thread_blocked, id=21236, stack(0x0000000024920000,0x0000000024a20000)]
  0x0000000021539800 JavaThread "jar transforms Thread 10" [_thread_blocked, id=8872, stack(0x0000000024820000,0x0000000024920000)]
  0x0000000021538000 JavaThread "jar transforms Thread 9" [_thread_blocked, id=15392, stack(0x0000000024720000,0x0000000024820000)]
  0x0000000021537800 JavaThread "jar transforms Thread 8" [_thread_blocked, id=19256, stack(0x0000000024620000,0x0000000024720000)]
  0x0000000021536800 JavaThread "jar transforms Thread 7" [_thread_blocked, id=21048, stack(0x0000000024520000,0x0000000024620000)]
  0x0000000021539000 JavaThread "jar transforms Thread 6" [_thread_blocked, id=17548, stack(0x0000000024420000,0x0000000024520000)]
  0x0000000021536000 JavaThread "jar transforms Thread 5" [_thread_blocked, id=21700, stack(0x0000000024320000,0x0000000024420000)]
  0x0000000021535000 JavaThread "jar transforms Thread 4" [_thread_blocked, id=22084, stack(0x0000000023850000,0x0000000023950000)]
  0x0000000021534800 JavaThread "jar transforms Thread 3" [_thread_blocked, id=18192, stack(0x0000000023750000,0x0000000023850000)]
  0x000000002153b000 JavaThread "jar transforms Thread 2" [_thread_blocked, id=18000, stack(0x0000000023650000,0x0000000023750000)]
  0x000000001cb12000 JavaThread "Cache worker for file content cache (C:\Users\Apolo\.gradle\caches\6.5\fileContent)" [_thread_blocked, id=21352, stack(0x0000000022f50000,0x0000000023050000)]
  0x000000001cb15000 JavaThread "jar transforms" [_thread_blocked, id=13728, stack(0x0000000022e50000,0x0000000022f50000)]
  0x000000001cb11800 JavaThread "Cache worker for execution history cache (C:\Users\Apolo\.gradle\caches\6.5\executionHistory)" [_thread_blocked, id=17372, stack(0x0000000022750000,0x0000000022850000)]
  0x000000001cb16800 JavaThread "Cache worker for file hash cache (C:\Users\Apolo\.gradle\caches\6.5\fileHashes)" [_thread_blocked, id=15672, stack(0x000000001ec60000,0x000000001ed60000)]
  0x000000001cb13800 JavaThread "File lock request listener" [_thread_in_native, id=14208, stack(0x000000001eb60000,0x000000001ec60000)]
  0x000000001c16a000 JavaThread "Cache worker for journal cache (C:\Users\Apolo\.gradle\caches\journal-1)" [_thread_blocked, id=22404, stack(0x000000001ea60000,0x000000001eb60000)]
  0x000000001b915800 JavaThread "Daemon worker" [_thread_blocked, id=18392, stack(0x000000001e460000,0x000000001e560000)]
  0x000000001c8c6800 JavaThread "Daemon" [_thread_blocked, id=11892, stack(0x000000001e160000,0x000000001e260000)]
  0x000000001c8d3800 JavaThread "Daemon periodic checks" [_thread_blocked, id=21880, stack(0x000000001de60000,0x000000001df60000)]
  0x000000001c80d000 JavaThread "Incoming local TCP Connector on port 56181" [_thread_in_native, id=17520, stack(0x000000001dbf0000,0x000000001dcf0000)]
  0x000000001c7a0800 JavaThread "Daemon health stats" [_thread_blocked, id=13912, stack(0x000000001d5b0000,0x000000001d6b0000)]
  0x0000000019db4800 JavaThread "Service Thread" daemon [_thread_blocked, id=17184, stack(0x000000001aa10000,0x000000001ab10000)]
  0x0000000019d2a800 JavaThread "C1 CompilerThread3" daemon [_thread_in_vm, id=18436, stack(0x000000001a910000,0x000000001aa10000)]
  0x0000000017f0e800 JavaThread "C2 CompilerThread2" daemon [_thread_in_native, id=17120, stack(0x000000001a810000,0x000000001a910000)]
=>0x0000000017f0a000 JavaThread "C2 CompilerThread1" daemon [_thread_in_native, id=16224, stack(0x000000001a710000,0x000000001a810000)]
  0x0000000019d23800 JavaThread "C2 CompilerThread0" daemon [_thread_in_native, id=14880, stack(0x000000001a610000,0x000000001a710000)]
  0x0000000019d23000 JavaThread "Attach Listener" daemon [_thread_blocked, id=19988, stack(0x000000001a510000,0x000000001a610000)]
  0x0000000019d25800 JavaThread "Signal Dispatcher" daemon [_thread_blocked, id=18572, stack(0x000000001a410000,0x000000001a510000)]
  0x0000000002e8e000 JavaThread "Finalizer" daemon [_thread_blocked, id=21684, stack(0x000000001a1f0000,0x000000001a2f0000)]
  0x0000000017efc000 JavaThread "Reference Handler" daemon [_thread_blocked, id=22376, stack(0x000000001a0f0000,0x000000001a1f0000)]
  0x0000000000bdd800 JavaThread "main" [_thread_blocked, id=19016, stack(0x0000000002c90000,0x0000000002d90000)]

Other Threads:
  0x0000000017ef8000 VMThread [stack: 0x0000000019bf0000,0x0000000019cf0000] [id=22148]
  0x0000000019db5000 WatcherThread [stack: 0x000000001ab10000,0x000000001ac10000] [id=6780]

VM state:not at safepoint (normal execution)

VM Mutex/Monitor currently owned by a thread: None

heap address: 0x0000000080000000, size: 2048 MB, Compressed Oops mode: 32-bit
Narrow klass base: 0x0000000000000000, Narrow klass shift: 3
Compressed class space size: 1073741824 Address: 0x0000000100000000

Heap:
 PSYoungGen      total 275968K, used 74232K [0x00000000d5580000, 0x00000000e8780000, 0x0000000100000000)
  eden space 254976K, 20% used [0x00000000d5580000,0x00000000d897f710,0x00000000e4e80000)
  from space 20992K, 99% used [0x00000000e6980000,0x00000000e7dfe9e0,0x00000000e7e00000)
  to   space 27648K, 0% used [0x00000000e4e80000,0x00000000e4e80000,0x00000000e6980000)
 ParOldGen       total 117760K, used 43268K [0x0000000080000000, 0x0000000087300000, 0x00000000d5580000)
  object space 117760K, 36% used [0x0000000080000000,0x0000000082a410c8,0x0000000087300000)
 Metaspace       used 74131K, capacity 77736K, committed 77912K, reserved 1116160K
  class space    used 9805K, capacity 10521K, committed 10624K, reserved 1048576K

Card table byte_map: [0x0000000012250000,0x0000000012660000] byte_map_base: 0x0000000011e50000

Marking Bits: (ParMarkBitMap*) 0x00000000534df030
 Begin Bits: [0x0000000013110000, 0x0000000015110000)
 End Bits:   [0x0000000015110000, 0x0000000017110000)

Polling page: 0x0000000000ed0000

CodeCache: size=245760Kb used=27780Kb max_used=27780Kb free=217979Kb
 bounds [0x0000000002e90000, 0x00000000049d0000, 0x0000000011e90000]
 total_blobs=9353 nmethods=8438 adapters=826
 compilation: enabled

Compilation events (10 events):
Event: 23.276 Thread 0x0000000019d2a800 nmethod 9630 0x00000000049ba390 code [0x00000000049ba520, 0x00000000049ba848]
Event: 23.276 Thread 0x0000000019d2a800 9631  s    2       java.io.File::readObject (80 bytes)
Event: 23.276 Thread 0x0000000019d2a800 nmethod 9631 0x00000000049b9ad0 code [0x00000000049b9c80, 0x00000000049ba0d8]
Event: 23.276 Thread 0x0000000019d2a800 9625       2       java.io.ObjectInputStream$GetFieldImpl::<init> (47 bytes)
Event: 23.277 Thread 0x0000000019d2a800 nmethod 9625 0x00000000049bc750 code [0x00000000049bc8c0, 0x00000000049bcc10]
Event: 23.277 Thread 0x0000000019d2a800 9626       2       java.io.ObjectInputStream$GetFieldImpl::getFieldOffset (72 bytes)
Event: 23.277 Thread 0x0000000019d2a800 nmethod 9626 0x00000000049bb9d0 code [0x00000000049bbbe0, 0x00000000049bc1d8]
Event: 23.277 Thread 0x0000000019d2a800 9627       2       java.io.ObjectStreamClass::getField (84 bytes)
Event: 23.278 Thread 0x0000000019d2a800 nmethod 9627 0x00000000049bcd50 code [0x00000000049bcf00, 0x00000000049bd318]
Event: 23.278 Thread 0x0000000019d2a800 9637       2       org.gradle.execution.plan.DefaultExecutionPlan::selectNext (232 bytes)

GC Heap History (10 events):
Event: 6.445 GC heap before
{Heap before GC invocations=13 (full 2):
 PSYoungGen      total 173056K, used 172728K [0x00000000d5580000, 0x00000000e1300000, 0x0000000100000000)
  eden space 164864K, 100% used [0x00000000d5580000,0x00000000df680000,0x00000000df680000)
  from space 8192K, 95% used [0x00000000e0b00000,0x00000000e12ae0e8,0x00000000e1300000)
  to   space 12800K, 0% used [0x00000000dfa00000,0x00000000dfa00000,0x00000000e0680000)
 ParOldGen       total 76288K, used 18163K [0x0000000080000000, 0x0000000084a80000, 0x00000000d5580000)
  object space 76288K, 23% used [0x0000000080000000,0x00000000811bcfd8,0x0000000084a80000)
 Metaspace       used 52305K, capacity 54442K, committed 54616K, reserved 1095680K
  class space    used 6976K, capacity 7461K, committed 7552K, reserved 1048576K
Event: 6.479 GC heap after
Heap after GC invocations=13 (full 2):
 PSYoungGen      total 181248K, used 12796K [0x00000000d5580000, 0x00000000e4c80000, 0x0000000100000000)
  eden space 168448K, 0% used [0x00000000d5580000,0x00000000d5580000,0x00000000dfa00000)
  from space 12800K, 99% used [0x00000000dfa00000,0x00000000e067f340,0x00000000e0680000)
  to   space 18944K, 0% used [0x00000000e3a00000,0x00000000e3a00000,0x00000000e4c80000)
 ParOldGen       total 76288K, used 30370K [0x0000000080000000, 0x0000000084a80000, 0x00000000d5580000)
  object space 76288K, 39% used [0x0000000080000000,0x0000000081da8800,0x0000000084a80000)
 Metaspace       used 52305K, capacity 54442K, committed 54616K, reserved 1095680K
  class space    used 6976K, capacity 7461K, committed 7552K, reserved 1048576K
}
Event: 7.295 GC heap before
{Heap before GC invocations=14 (full 2):
 PSYoungGen      total 181248K, used 56554K [0x00000000d5580000, 0x00000000e4c80000, 0x0000000100000000)
  eden space 168448K, 25% used [0x00000000d5580000,0x00000000d803b4f0,0x00000000dfa00000)
  from space 12800K, 99% used [0x00000000dfa00000,0x00000000e067f340,0x00000000e0680000)
  to   space 18944K, 0% used [0x00000000e3a00000,0x00000000e3a00000,0x00000000e4c80000)
 ParOldGen       total 76288K, used 30370K [0x0000000080000000, 0x0000000084a80000, 0x00000000d5580000)
  object space 76288K, 39% used [0x0000000080000000,0x0000000081da8800,0x0000000084a80000)
 Metaspace       used 56503K, capacity 58888K, committed 59028K, reserved 1099776K
  class space    used 7667K, capacity 8161K, committed 8192K, reserved 1048576K
Event: 7.312 GC heap after
Heap after GC invocations=14 (full 2):
 PSYoungGen      total 234496K, used 5737K [0x00000000d5580000, 0x00000000e4e00000, 0x0000000100000000)
  eden space 215552K, 0% used [0x00000000d5580000,0x00000000d5580000,0x00000000e2800000)
  from space 18944K, 30% used [0x00000000e3a00000,0x00000000e3f9a690,0x00000000e4c80000)
  to   space 18432K, 0% used [0x00000000e2800000,0x00000000e2800000,0x00000000e3a00000)
 ParOldGen       total 76288K, used 43093K [0x0000000080000000, 0x0000000084a80000, 0x00000000d5580000)
  object space 76288K, 56% used [0x0000000080000000,0x0000000082a154f8,0x0000000084a80000)
 Metaspace       used 56503K, capacity 58888K, committed 59028K, reserved 1099776K
  class space    used 7667K, capacity 8161K, committed 8192K, reserved 1048576K
}
Event: 7.312 GC heap before
{Heap before GC invocations=15 (full 3):
 PSYoungGen      total 234496K, used 5737K [0x00000000d5580000, 0x00000000e4e00000, 0x0000000100000000)
  eden space 215552K, 0% used [0x00000000d5580000,0x00000000d5580000,0x00000000e2800000)
  from space 18944K, 30% used [0x00000000e3a00000,0x00000000e3f9a690,0x00000000e4c80000)
  to   space 18432K, 0% used [0x00000000e2800000,0x00000000e2800000,0x00000000e3a00000)
 ParOldGen       total 76288K, used 43093K [0x0000000080000000, 0x0000000084a80000, 0x00000000d5580000)
  object space 76288K, 56% used [0x0000000080000000,0x0000000082a154f8,0x0000000084a80000)
 Metaspace       used 56503K, capacity 58888K, committed 59028K, reserved 1099776K
  class space    used 7667K, capacity 8161K, committed 8192K, reserved 1048576K
Event: 7.490 GC heap after
Heap after GC invocations=15 (full 3):
 PSYoungGen      total 234496K, used 0K [0x00000000d5580000, 0x00000000e4e00000, 0x0000000100000000)
  eden space 215552K, 0% used [0x00000000d5580000,0x00000000d5580000,0x00000000e2800000)
  from space 18944K, 0% used [0x00000000e3a00000,0x00000000e3a00000,0x00000000e4c80000)
  to   space 18432K, 0% used [0x00000000e2800000,0x00000000e2800000,0x00000000e3a00000)
 ParOldGen       total 117760K, used 33089K [0x0000000080000000, 0x0000000087300000, 0x00000000d5580000)
  object space 117760K, 28% used [0x0000000080000000,0x0000000082050480,0x0000000087300000)
 Metaspace       used 56455K, capacity 58726K, committed 59028K, reserved 1099776K
  class space    used 7652K, capacity 8134K, committed 8192K, reserved 1048576K
}
Event: 20.564 GC heap before
{Heap before GC invocations=16 (full 3):
 PSYoungGen      total 234496K, used 215552K [0x00000000d5580000, 0x00000000e4e00000, 0x0000000100000000)
  eden space 215552K, 100% used [0x00000000d5580000,0x00000000e2800000,0x00000000e2800000)
  from space 18944K, 0% used [0x00000000e3a00000,0x00000000e3a00000,0x00000000e4c80000)
  to   space 18432K, 0% used [0x00000000e2800000,0x00000000e2800000,0x00000000e3a00000)
 ParOldGen       total 117760K, used 33089K [0x0000000080000000, 0x0000000087300000, 0x00000000d5580000)
  object space 117760K, 28% used [0x0000000080000000,0x0000000082050480,0x0000000087300000)
 Metaspace       used 68093K, capacity 70954K, committed 71128K, reserved 1110016K
  class space    used 9139K, capacity 9720K, committed 9728K, reserved 1048576K
Event: 20.583 GC heap after
Heap after GC invocations=16 (full 3):
 PSYoungGen      total 233984K, used 17822K [0x00000000d5580000, 0x00000000e7e00000, 0x0000000100000000)
  eden space 215552K, 0% used [0x00000000d5580000,0x00000000d5580000,0x00000000e2800000)
  from space 18432K, 96% used [0x00000000e2800000,0x00000000e3967ab0,0x00000000e3a00000)
  to   space 20992K, 0% used [0x00000000e6980000,0x00000000e6980000,0x00000000e7e00000)
 ParOldGen       total 117760K, used 33097K [0x0000000080000000, 0x0000000087300000, 0x00000000d5580000)
  object space 117760K, 28% used [0x0000000080000000,0x0000000082052480,0x0000000087300000)
 Metaspace       used 68093K, capacity 70954K, committed 71128K, reserved 1110016K
  class space    used 9139K, capacity 9720K, committed 9728K, reserved 1048576K
}
Event: 22.863 GC heap before
{Heap before GC invocations=17 (full 3):
 PSYoungGen      total 233984K, used 233374K [0x00000000d5580000, 0x00000000e7e00000, 0x0000000100000000)
  eden space 215552K, 100% used [0x00000000d5580000,0x00000000e2800000,0x00000000e2800000)
  from space 18432K, 96% used [0x00000000e2800000,0x00000000e3967ab0,0x00000000e3a00000)
  to   space 20992K, 0% used [0x00000000e6980000,0x00000000e6980000,0x00000000e7e00000)
 ParOldGen       total 117760K, used 33097K [0x0000000080000000, 0x0000000087300000, 0x00000000d5580000)
  object space 117760K, 28% used [0x0000000080000000,0x0000000082052480,0x0000000087300000)
 Metaspace       used 71868K, capacity 75440K, committed 75608K, reserved 1114112K
  class space    used 9580K, capacity 10281K, committed 10368K, reserved 1048576K
Event: 22.887 GC heap after
Heap after GC invocations=17 (full 3):
 PSYoungGen      total 275968K, used 20986K [0x00000000d5580000, 0x00000000e8780000, 0x0000000100000000)
  eden space 254976K, 0% used [0x00000000d5580000,0x00000000d5580000,0x00000000e4e80000)
  from space 20992K, 99% used [0x00000000e6980000,0x00000000e7dfe9e0,0x00000000e7e00000)
  to   space 27648K, 0% used [0x00000000e4e80000,0x00000000e4e80000,0x00000000e6980000)
 ParOldGen       total 117760K, used 43268K [0x0000000080000000, 0x0000000087300000, 0x00000000d5580000)
  object space 117760K, 36% used [0x0000000080000000,0x0000000082a410c8,0x0000000087300000)
 Metaspace       used 71868K, capacity 75440K, committed 75608K, reserved 1114112K
  class space    used 9580K, capacity 10281K, committed 10368K, reserved 1048576K
}

Deoptimization events (10 events):
Event: 22.978 Thread 0x00000000218d6800 Uncommon trap: reason=bimorphic action=maybe_recompile pc=0x0000000004682ab4 method=com.sun.org.apache.xerces.internal.dom.AttributeMap.setNamedItem(Lorg/w3c/dom/Node;)Lorg/w3c/dom/Node; @ 4
Event: 22.982 Thread 0x00000000218d6800 Uncommon trap: reason=unstable_if action=reinterpret pc=0x0000000004688524 method=com.sun.org.apache.xerces.internal.dom.ParentNode.nodeListItem(I)Lorg/w3c/dom/Node; @ 76
Event: 22.982 Thread 0x00000000218d6800 Uncommon trap: reason=unstable_if action=reinterpret pc=0x000000000469ab54 method=com.sun.org.apache.xerces.internal.dom.ParentNode.nodeListItem(I)Lorg/w3c/dom/Node; @ 139
Event: 22.994 Thread 0x000000001f8c2000 Uncommon trap: reason=bimorphic action=maybe_recompile pc=0x0000000003cba240 method=java.util.Hashtable.addEntry(ILjava/lang/Object;Ljava/lang/Object;I)V @ 38
Event: 23.025 Thread 0x000000001f8c2000 Uncommon trap: reason=bimorphic action=maybe_recompile pc=0x0000000003cba240 method=java.util.Hashtable.addEntry(ILjava/lang/Object;Ljava/lang/Object;I)V @ 38
Event: 23.037 Thread 0x00000000218d6800 Uncommon trap: reason=bimorphic action=maybe_recompile pc=0x0000000004682ab4 method=com.sun.org.apache.xerces.internal.dom.AttributeMap.setNamedItem(Lorg/w3c/dom/Node;)Lorg/w3c/dom/Node; @ 4
Event: 23.040 Thread 0x00000000218d6800 Uncommon trap: reason=bimorphic action=maybe_recompile pc=0x0000000004682ab4 method=com.sun.org.apache.xerces.internal.dom.AttributeMap.setNamedItem(Lorg/w3c/dom/Node;)Lorg/w3c/dom/Node; @ 4
Event: 23.078 Thread 0x000000001f8cd800 Uncommon trap: reason=unstable_if action=reinterpret pc=0x000000000481ee50 method=com.android.utils.PositionXmlParser$DomBuilder.getCurrentPosition()Lcom/android/utils/PositionXmlParser$Position; @ 65
Event: 23.080 Thread 0x000000001f8cd800 Uncommon trap: reason=bimorphic action=maybe_recompile pc=0x0000000003cba240 method=java.util.Hashtable.addEntry(ILjava/lang/Object;Ljava/lang/Object;I)V @ 38
Event: 23.109 Thread 0x000000001f8cf000 Uncommon trap: reason=bimorphic action=maybe_recompile pc=0x0000000003cba240 method=java.util.Hashtable.addEntry(ILjava/lang/Object;Ljava/lang/Object;I)V @ 38

Classes redefined (0 events):
No events

Internal exceptions (10 events):
Event: 22.766 Thread 0x00000000218d6800 Exception <a 'java/lang/NoSuchMethodError': <clinit>> (0x00000000e1db2640) thrown at [C:\src\AOSP-openjdk-git\hotspot\src\share\vm\prims\jni.cpp, line 1615]
Event: 22.766 Thread 0x00000000218d6800 Exception <a 'java/lang/NoSuchMethodError': <clinit>> (0x00000000e1db7440) thrown at [C:\src\AOSP-openjdk-git\hotspot\src\share\vm\prims\jni.cpp, line 1615]
Event: 22.766 Thread 0x00000000218d6800 Exception <a 'java/lang/NoSuchMethodError': <clinit>> (0x00000000e1dbaac0) thrown at [C:\src\AOSP-openjdk-git\hotspot\src\share\vm\prims\jni.cpp, line 1615]
Event: 22.767 Thread 0x00000000218d6800 Exception <a 'java/lang/NoSuchMethodError': <clinit>> (0x00000000e1dd1ff8) thrown at [C:\src\AOSP-openjdk-git\hotspot\src\share\vm\prims\jni.cpp, line 1615]
Event: 22.767 Thread 0x00000000218d6800 Exception <a 'java/lang/NoSuchMethodError': <clinit>> (0x00000000e1de7a30) thrown at [C:\src\AOSP-openjdk-git\hotspot\src\share\vm\prims\jni.cpp, line 1615]
Event: 22.768 Thread 0x00000000218d6800 Exception <a 'java/lang/NoSuchMethodError': <clinit>> (0x00000000e1e078f8) thrown at [C:\src\AOSP-openjdk-git\hotspot\src\share\vm\prims\jni.cpp, line 1615]
Event: 22.769 Thread 0x00000000218d6800 Exception <a 'java/lang/NoSuchMethodError': <clinit>> (0x00000000e1e1ab80) thrown at [C:\src\AOSP-openjdk-git\hotspot\src\share\vm\prims\jni.cpp, line 1615]
Event: 22.893 Thread 0x00000000218d6800 Exception <a 'java/lang/NoSuchMethodError': <clinit>> (0x00000000d5600b78) thrown at [C:\src\AOSP-openjdk-git\hotspot\src\share\vm\prims\jni.cpp, line 1615]
Event: 22.902 Thread 0x000000001f8cb000 Exception <a 'java/io/FileNotFoundException'> (0x00000000d56f5fa8) thrown at [C:\src\AOSP-openjdk-git\hotspot\src\share\vm\prims\jni.cpp, line 710]
Event: 22.950 Thread 0x000000001f8cb000 Exception <a 'java/io/FileNotFoundException'> (0x00000000d5d4a8b0) thrown at [C:\src\AOSP-openjdk-git\hotspot\src\share\vm\prims\jni.cpp, line 710]

Events (10 events):
Event: 23.213 Thread 0x000000001f8cb000 DEOPT PACKING pc=0x0000000004923bf5 sp=0x000000002f48de60
Event: 23.213 Thread 0x000000001f8cb000 DEOPT UNPACKING pc=0x0000000002ed75d0 sp=0x000000002f48db18 mode 0
Event: 23.217 Thread 0x000000001f8cb000 DEOPT PACKING pc=0x0000000004923bf5 sp=0x000000002f48de40
Event: 23.217 Thread 0x000000001f8cb000 DEOPT UNPACKING pc=0x0000000002ed75d0 sp=0x000000002f48daf8 mode 0
Event: 23.223 Thread 0x000000001f8cb000 DEOPT PACKING pc=0x0000000004923bf5 sp=0x000000002f48de40
Event: 23.223 Thread 0x000000001f8cb000 DEOPT UNPACKING pc=0x0000000002ed75d0 sp=0x000000002f48daf8 mode 0
Event: 23.249 Thread 0x000000001f8c2000 DEOPT PACKING pc=0x000000000474d7b0 sp=0x000000002f08d8e0
Event: 23.249 Thread 0x000000001f8c2000 DEOPT UNPACKING pc=0x0000000002ed75d0 sp=0x000000002f08d648 mode 0
Event: 23.263 Thread 0x000000001f8cd800 DEOPT PACKING pc=0x000000000491f797 sp=0x000000002f38d5e0
Event: 23.263 Thread 0x000000001f8cd800 DEOPT UNPACKING pc=0x0000000002ed75d0 sp=0x000000002f38d298 mode 0


Dynamic libraries:
0x00007ff730f10000 - 0x00007ff730f41000 	C:\Program Files\Android\Android Studio\jre\bin\java.exe
0x00007ffd72f00000 - 0x00007ffd730f0000 	C:\Windows\SYSTEM32\ntdll.dll
0x00007ffd72720000 - 0x00007ffd727d2000 	C:\Windows\System32\KERNEL32.DLL
0x00007ffd70210000 - 0x00007ffd704b5000 	C:\Windows\System32\KERNELBASE.dll
0x00007ffd71180000 - 0x00007ffd71223000 	C:\Windows\System32\ADVAPI32.dll
0x00007ffd715d0000 - 0x00007ffd7166e000 	C:\Windows\System32\msvcrt.dll
0x00007ffd71230000 - 0x00007ffd712c7000 	C:\Windows\System32\sechost.dll
0x00007ffd71b20000 - 0x00007ffd71c40000 	C:\Windows\System32\RPCRT4.dll
0x00007ffd72d20000 - 0x00007ffd72eb4000 	C:\Windows\System32\USER32.dll
0x00007ffd70000000 - 0x00007ffd70021000 	C:\Windows\System32\win32u.dll
0x00007ffd71a90000 - 0x00007ffd71ab6000 	C:\Windows\System32\GDI32.dll
0x00007ffd70d70000 - 0x00007ffd70f06000 	C:\Windows\System32\gdi32full.dll
0x00007ffd70f10000 - 0x00007ffd70fae000 	C:\Windows\System32\msvcp_win.dll
0x00007ffd70c70000 - 0x00007ffd70d6a000 	C:\Windows\System32\ucrtbase.dll
0x00007ffd5d750000 - 0x00007ffd5d9d4000 	C:\Windows\WinSxS\amd64_microsoft.windows.common-controls_6595b64144ccf1df_6.0.18362.1256_none_9e7e379be45e40e2\COMCTL32.dll
0x00007ffd71c40000 - 0x00007ffd71f76000 	C:\Windows\System32\combase.dll
0x00007ffd70180000 - 0x00007ffd70201000 	C:\Windows\System32\bcryptPrimitives.dll
0x00007ffd70fb0000 - 0x00007ffd70fde000 	C:\Windows\System32\IMM32.DLL
0x00000000522e0000 - 0x00000000523b2000 	C:\Program Files\Android\Android Studio\jre\jre\bin\msvcr100.dll
0x0000000052d10000 - 0x000000005355b000 	C:\Program Files\Android\Android Studio\jre\jre\bin\server\jvm.dll
0x00007ffd710f0000 - 0x00007ffd710f8000 	C:\Windows\System32\PSAPI.DLL
0x00007ffd5bb80000 - 0x00007ffd5bba4000 	C:\Windows\SYSTEM32\WINMM.dll
0x00007ffd68fb0000 - 0x00007ffd68fb9000 	C:\Windows\SYSTEM32\WSOCK32.dll
0x00007ffd6e890000 - 0x00007ffd6e89a000 	C:\Windows\SYSTEM32\VERSION.dll
0x00007ffd71740000 - 0x00007ffd717af000 	C:\Windows\System32\WS2_32.dll
0x00007ffd5bb40000 - 0x00007ffd5bb6d000 	C:\Windows\SYSTEM32\WINMMBASE.dll
0x00007ffd6ffb0000 - 0x00007ffd6fffa000 	C:\Windows\System32\cfgmgr32.dll
0x00007ffd53d90000 - 0x00007ffd53d9f000 	C:\Program Files\Android\Android Studio\jre\jre\bin\verify.dll
0x00007ffd47420000 - 0x00007ffd47449000 	C:\Program Files\Android\Android Studio\jre\jre\bin\java.dll
0x00007ffd53d70000 - 0x00007ffd53d86000 	C:\Program Files\Android\Android Studio\jre\jre\bin\zip.dll
0x00007ffd71f80000 - 0x00007ffd72667000 	C:\Windows\System32\SHELL32.dll
0x00007ffd72670000 - 0x00007ffd72719000 	C:\Windows\System32\shcore.dll
0x00007ffd704e0000 - 0x00007ffd70c61000 	C:\Windows\System32\windows.storage.dll
0x00007ffd6fdd0000 - 0x00007ffd6fdf3000 	C:\Windows\System32\profapi.dll
0x00007ffd6fe20000 - 0x00007ffd6fe6a000 	C:\Windows\System32\powrprof.dll
0x00007ffd6fda0000 - 0x00007ffd6fdb0000 	C:\Windows\System32\UMPDC.dll
0x00007ffd717b0000 - 0x00007ffd71802000 	C:\Windows\System32\shlwapi.dll
0x00007ffd6fdb0000 - 0x00007ffd6fdc1000 	C:\Windows\System32\kernel.appcore.dll
0x00007ffd704c0000 - 0x00007ffd704d7000 	C:\Windows\System32\cryptsp.dll
0x00007ffd47400000 - 0x00007ffd4741a000 	C:\Program Files\Android\Android Studio\jre\jre\bin\net.dll
0x00007ffd6f5f0000 - 0x00007ffd6f657000 	C:\Windows\system32\mswsock.dll
0x00007ffd40070000 - 0x00007ffd40083000 	C:\Program Files\Android\Android Studio\jre\jre\bin\nio.dll
0x00007ffd65ce0000 - 0x00007ffd65d07000 	C:\Users\Apolo\.gradle\native\f6784746aeab05261644944871eae4fe03e0ef1612fff0a4a95f87b438bc6780\windows-amd64\native-platform.dll
0x00007ffd4ba40000 - 0x00007ffd4ba4d000 	C:\Program Files\Android\Android Studio\jre\jre\bin\management.dll
0x00007ffd6f160000 - 0x00007ffd6f193000 	C:\Windows\system32\rsaenh.dll
0x00007ffd6ff80000 - 0x00007ffd6ffa6000 	C:\Windows\System32\bcrypt.dll
0x00007ffd6fc80000 - 0x00007ffd6fca5000 	C:\Windows\SYSTEM32\USERENV.dll
0x00007ffd6f7c0000 - 0x00007ffd6f7cc000 	C:\Windows\SYSTEM32\CRYPTBASE.dll
0x00007ffd6f300000 - 0x00007ffd6f33a000 	C:\Windows\SYSTEM32\IPHLPAPI.DLL
0x00007ffd71410000 - 0x00007ffd71418000 	C:\Windows\System32\NSI.dll
0x00007ffd64000000 - 0x00007ffd64016000 	C:\Windows\SYSTEM32\dhcpcsvc6.DLL
0x00007ffd65ad0000 - 0x00007ffd65aec000 	C:\Windows\SYSTEM32\dhcpcsvc.DLL
0x00007ffd6f340000 - 0x00007ffd6f40b000 	C:\Windows\SYSTEM32\DNSAPI.dll
0x00007ffd661f0000 - 0x00007ffd661fb000 	C:\Windows\SYSTEM32\WINNSI.DLL
0x00007ffd35c90000 - 0x00007ffd35e2c000 	C:\Program Files\Android\Android Studio\jre\jre\bin\awt.dll
0x00007ffd71670000 - 0x00007ffd71735000 	C:\Windows\System32\OLEAUT32.dll
0x00007ffd6e1a0000 - 0x00007ffd6e1cd000 	C:\Windows\SYSTEM32\dwmapi.dll
0x00007ffd69000000 - 0x00007ffd695c0000 	C:\Windows\SYSTEM32\d2d1.dll
0x00007ffd6a490000 - 0x00007ffd6a51f000 	C:\Windows\SYSTEM32\apphelp.dll
0x00007ffd6d930000 - 0x00007ffd6d9c9000 	C:\Windows\system32\uxtheme.dll

VM Arguments:
jvm_args: -Xmx2048m -Dfile.encoding=windows-1252 -Duser.country=ES -Duser.language=es -Duser.variant 
java_command: org.gradle.launcher.daemon.bootstrap.GradleDaemon 6.5
java_class_path (initial): C:\Users\Apolo\.gradle\wrapper\dists\gradle-6.5-bin\6nifqtx7604sqp1q6g8wikw7p\gradle-6.5\lib\gradle-launcher-6.5.jar
Launcher Type: SUN_STANDARD

Environment Variables:
PATH=C:\Program Files\Common Files\Oracle\Java\javapath;C:\Program Files (x86)\Common Files\Oracle\Java\javapath;C:\orant\bin;C:\Windows\system32;C:\Windows;C:\Windows\System32\Wbem;C:\Windows\System32\WindowsPowerShell\v1.0\;C:\Windows\System32\OpenSSH\;C:\orant\jdk\bin;C:\Program Files (x86)\Intel\Intel(R) Memory And Storage Tool\;C:\Program Files\Git\cmd;C:\Users\Apolo\AppData\Local\Microsoft\WindowsApps;
USERNAME=Apolo
OS=Windows_NT
PROCESSOR_IDENTIFIER=Intel64 Family 6 Model 126 Stepping 5, GenuineIntel



---------------  S Y S T E M  ---------------

OS: Windows 10.0 , 64 bit Build 18362 (10.0.18362.1110)

CPU:total 8 (initial active 8) (4 cores per cpu, 2 threads per core) family 6 model 126 stepping 5, cmov, cx8, fxsr, mmx, sse, sse2, sse3, ssse3, sse4.1, sse4.2, popcnt, avx, avx2, aes, clmul, erms, 3dnowpref, lzcnt, ht, tsc, tscinvbit, bmi1, bmi2, adx

Memory: 4k page, physical 8165048k(386092k free), swap 11736884k(5808k free)

vm_info: OpenJDK 64-Bit Server VM (25.242-b01) for windows-amd64 JRE (1.8.0_242-release-1644-b01), built by "builder" with MS VC++ 10.0 (VS2010)

time: Thu Dec 17 10:17:00 2020
timezone: Hora de verano de Paraguay
elapsed time: 23 seconds (0d 0h 0m 23s)

