#
# There is insufficient memory for the Java Runtime Environment to continue.
# Native memory allocation (malloc) failed to allocate 911216 bytes for Chunk::new
# Possible reasons:
#   The system is out of physical RAM or swap space
#   The process is running with CompressedOops enabled, and the Java Heap may be blocking the growth of the native heap
# Possible solutions:
#   Reduce memory load on the system
#   Increase physical memory or swap space
#   Check if swap backing store is full
#   Decrease Java heap size (-Xmx/-Xms)
#   Decrease number of Java threads
#   Decrease Java thread stack sizes (-Xss)
#   Set larger code cache with -XX:ReservedCodeCacheSize=
#   JVM is running with Unscaled Compressed Oops mode in which the Java heap is
#     placed in the first 4GB address space. The Java Heap base address is the
#     maximum limit for the native heap growth. Please use -XX:HeapBaseMinAddress
#     to set the Java Heap base and to place the Java Heap above 4GB virtual address.
# This output file may be truncated or incomplete.
#
#  Out of Memory Error (allocation.cpp:389), pid=12780, tid=0x0000000000001580
#
# JRE version: OpenJDK Runtime Environment (8.0_242-b01) (build 1.8.0_242-release-1644-b01)
# Java VM: OpenJDK 64-Bit Server VM (25.242-b01 mixed mode windows-amd64 compressed oops)
# Failed to write core dump. Minidumps are not enabled by default on client versions of Windows
#

---------------  T H R E A D  ---------------

Current thread (0x0000000019685800):  JavaThread "C2 CompilerThread2" daemon [_thread_in_native, id=5504, stack(0x000000001a160000,0x000000001a260000)]

Stack: [0x000000001a160000,0x000000001a260000]
[error occurred during error reporting (printing stack bounds), id 0xc0000005]

Native frames: (J=compiled Java code, j=interpreted, Vv=VM code, C=native code)


Current CompileTask:
C2:   2871 3507   !   4       org.jetbrains.kotlin.metadata.ProtoBuf$Function::<init> (1112 bytes)


---------------  P R O C E S S  ---------------

Java Threads: ( => current thread )
  0x000000001971b000 JavaThread "Service Thread" daemon [_thread_blocked, id=6844, stack(0x000000001a360000,0x000000001a460000)]
  0x0000000019696000 JavaThread "C1 CompilerThread3" daemon [_thread_blocked, id=11664, stack(0x000000001a260000,0x000000001a360000)]
=>0x0000000019685800 JavaThread "C2 CompilerThread2" daemon [_thread_in_native, id=5504, stack(0x000000001a160000,0x000000001a260000)]
  0x0000000019684800 JavaThread "C2 CompilerThread1" daemon [_thread_in_native, id=11500, stack(0x000000001a060000,0x000000001a160000)]
  0x000000001967d000 JavaThread "C2 CompilerThread0" daemon [_thread_in_vm_trans, id=952, stack(0x0000000019f60000,0x000000001a060000)]
  0x000000001967b000 JavaThread "Attach Listener" daemon [_thread_blocked, id=7948, stack(0x0000000019e60000,0x0000000019f60000)]
  0x000000001967a000 JavaThread "Signal Dispatcher" daemon [_thread_blocked, id=2876, stack(0x0000000019d60000,0x0000000019e60000)]
  0x0000000017847800 JavaThread "Finalizer" daemon [_thread_blocked, id=2912, stack(0x0000000019b40000,0x0000000019c40000)]
  0x0000000019660800 JavaThread "Reference Handler" daemon [_thread_blocked, id=584, stack(0x0000000019a40000,0x0000000019b40000)]
  0x000000000288e800 JavaThread "main" [_thread_in_vm, id=4420, stack(0x0000000002760000,0x0000000002860000)]

Other Threads:
  0x000000001783a800 VMThread [stack: 0x0000000019540000,0x0000000019640000] [id=4264]
  0x0000000019724000 WatcherThread [stack: 0x000000001a460000,0x000000001a560000] [id=1868]

VM state:not at safepoint (normal execution)

VM Mutex/Monitor currently owned by a thread: None

heap address: 0x0000000083600000, size: 1994 MB, Compressed Oops mode: 32-bit
Narrow klass base: 0x0000000000000000, Narrow klass shift: 3
Compressed class space size: 1073741824 Address: 0x0000000100000000

Heap:
 PSYoungGen      total 101376K, used 61318K [0x00000000d6780000, 0x00000000df180000, 0x0000000100000000)
  eden space 96256K, 63% used [0x00000000d6780000,0x00000000da361a88,0x00000000dc580000)
  from space 5120K, 0% used [0x00000000de780000,0x00000000de780000,0x00000000dec80000)
  to   space 5120K, 0% used [0x00000000dec80000,0x00000000dec80000,0x00000000df180000)
 ParOldGen       total 65536K, used 19353K [0x0000000083600000, 0x0000000087600000, 0x00000000d6780000)
  object space 65536K, 29% used [0x0000000083600000,0x00000000848e67d8,0x0000000087600000)
 Metaspace       used 38144K, capacity 38756K, committed 39040K, reserved 1083392K
  class space    used 4791K, capacity 4931K, committed 4992K, reserved 1048576K

Card table byte_map: [0x0000000011d50000,0x0000000012140000] byte_map_base: 0x0000000011935000

Marking Bits: (ParMarkBitMap*) 0x0000000064e3f030
 Begin Bits: [0x0000000012be0000, 0x0000000014b08000)
 End Bits:   [0x0000000014b08000, 0x0000000016a30000)

Polling page: 0x00000000025e0000

CodeCache: size=245760Kb used=11713Kb max_used=11724Kb free=234046Kb
 bounds [0x0000000002990000, 0x0000000003510000, 0x0000000011990000]
 total_blobs=4077 nmethods=3630 adapters=358
 compilation: enabled

Compilation events (10 events):
Event: 2.868 Thread 0x000000001967d000 nmethod 3544 0x000000000350a250 code [0x000000000350a3a0, 0x000000000350a6f8]
Event: 2.868 Thread 0x0000000019684800 nmethod 3563 0x0000000003507a90 code [0x0000000003507ca0, 0x0000000003508ab8]
Event: 2.868 Thread 0x0000000019684800 3527       4       org.jetbrains.kotlin.protobuf.CodedOutputStream::writeRawBytes (157 bytes)
Event: 2.868 Thread 0x000000001967d000 3531       4       org.jetbrains.kotlin.protobuf.ByteString::copyTo (224 bytes)
Event: 2.869 Thread 0x000000001967d000 nmethod 3531 0x00000000035047d0 code [0x0000000003504920, 0x0000000003504ad8]
Event: 2.869 Thread 0x000000001967d000 3534       4       org.jetbrains.kotlin.protobuf.CodedOutputStream::writeRawBytes (11 bytes)
Event: 2.869 Thread 0x0000000019684800 nmethod 3527 0x0000000003504110 code [0x0000000003504260, 0x00000000035044b8]
Event: 2.870 Thread 0x0000000019684800 3582       4       java.util.AbstractSet::<init> (5 bytes)
Event: 2.870 Thread 0x0000000019684800 nmethod 3582 0x00000000033bbf90 code [0x00000000033bc0c0, 0x00000000033bc118]
Event: 2.870 Thread 0x0000000019684800 3545       4       java.util.Collections$EmptySet::iterator (4 bytes)

GC Heap History (10 events):
Event: 1.073 GC heap before
{Heap before GC invocations=3 (full 0):
 PSYoungGen      total 70656K, used 26461K [0x00000000d6780000, 0x00000000db180000, 0x0000000100000000)
  eden space 65536K, 32% used [0x00000000d6780000,0x00000000d7c5a430,0x00000000da780000)
  from space 5120K, 99% used [0x00000000dac80000,0x00000000db17d2d0,0x00000000db180000)
  to   space 5120K, 0% used [0x00000000da780000,0x00000000da780000,0x00000000dac80000)
 ParOldGen       total 86016K, used 7191K [0x0000000083600000, 0x0000000088a00000, 0x00000000d6780000)
  object space 86016K, 8% used [0x0000000083600000,0x0000000083d05f68,0x0000000088a00000)
 Metaspace       used 20756K, capacity 21126K, committed 21296K, reserved 1069056K
  class space    used 2458K, capacity 2593K, committed 2688K, reserved 1048576K
Event: 1.079 GC heap after
Heap after GC invocations=3 (full 0):
 PSYoungGen      total 70656K, used 5096K [0x00000000d6780000, 0x00000000df180000, 0x0000000100000000)
  eden space 65536K, 0% used [0x00000000d6780000,0x00000000d6780000,0x00000000da780000)
  from space 5120K, 99% used [0x00000000da780000,0x00000000dac7a2c0,0x00000000dac80000)
  to   space 5120K, 0% used [0x00000000dec80000,0x00000000dec80000,0x00000000df180000)
 ParOldGen       total 86016K, used 11845K [0x0000000083600000, 0x0000000088a00000, 0x00000000d6780000)
  object space 86016K, 13% used [0x0000000083600000,0x00000000841916e0,0x0000000088a00000)
 Metaspace       used 20756K, capacity 21126K, committed 21296K, reserved 1069056K
  class space    used 2458K, capacity 2593K, committed 2688K, reserved 1048576K
}
Event: 1.079 GC heap before
{Heap before GC invocations=4 (full 1):
 PSYoungGen      total 70656K, used 5096K [0x00000000d6780000, 0x00000000df180000, 0x0000000100000000)
  eden space 65536K, 0% used [0x00000000d6780000,0x00000000d6780000,0x00000000da780000)
  from space 5120K, 99% used [0x00000000da780000,0x00000000dac7a2c0,0x00000000dac80000)
  to   space 5120K, 0% used [0x00000000dec80000,0x00000000dec80000,0x00000000df180000)
 ParOldGen       total 86016K, used 11845K [0x0000000083600000, 0x0000000088a00000, 0x00000000d6780000)
  object space 86016K, 13% used [0x0000000083600000,0x00000000841916e0,0x0000000088a00000)
 Metaspace       used 20756K, capacity 21126K, committed 21296K, reserved 1069056K
  class space    used 2458K, capacity 2593K, committed 2688K, reserved 1048576K
Event: 1.100 GC heap after
Heap after GC invocations=4 (full 1):
 PSYoungGen      total 70656K, used 0K [0x00000000d6780000, 0x00000000df180000, 0x0000000100000000)
  eden space 65536K, 0% used [0x00000000d6780000,0x00000000d6780000,0x00000000da780000)
  from space 5120K, 0% used [0x00000000da780000,0x00000000da780000,0x00000000dac80000)
  to   space 5120K, 0% used [0x00000000dec80000,0x00000000dec80000,0x00000000df180000)
 ParOldGen       total 65536K, used 9569K [0x0000000083600000, 0x0000000087600000, 0x00000000d6780000)
  object space 65536K, 14% used [0x0000000083600000,0x0000000083f585b0,0x0000000087600000)
 Metaspace       used 20756K, capacity 21126K, committed 21296K, reserved 1069056K
  class space    used 2458K, capacity 2593K, committed 2688K, reserved 1048576K
}
Event: 1.827 GC heap before
{Heap before GC invocations=5 (full 1):
 PSYoungGen      total 70656K, used 65536K [0x00000000d6780000, 0x00000000df180000, 0x0000000100000000)
  eden space 65536K, 100% used [0x00000000d6780000,0x00000000da780000,0x00000000da780000)
  from space 5120K, 0% used [0x00000000da780000,0x00000000da780000,0x00000000dac80000)
  to   space 5120K, 0% used [0x00000000dec80000,0x00000000dec80000,0x00000000df180000)
 ParOldGen       total 65536K, used 9569K [0x0000000083600000, 0x0000000087600000, 0x00000000d6780000)
  object space 65536K, 14% used [0x0000000083600000,0x0000000083f585b0,0x0000000087600000)
 Metaspace       used 29698K, capacity 30224K, committed 30464K, reserved 1075200K
  class space    used 3591K, capacity 3737K, committed 3840K, reserved 1048576K
Event: 1.838 GC heap after
Heap after GC invocations=5 (full 1):
 PSYoungGen      total 101376K, used 5090K [0x00000000d6780000, 0x00000000df180000, 0x0000000100000000)
  eden space 96256K, 0% used [0x00000000d6780000,0x00000000d6780000,0x00000000dc580000)
  from space 5120K, 99% used [0x00000000dec80000,0x00000000df178918,0x00000000df180000)
  to   space 5120K, 0% used [0x00000000de780000,0x00000000de780000,0x00000000dec80000)
 ParOldGen       total 65536K, used 20372K [0x0000000083600000, 0x0000000087600000, 0x00000000d6780000)
  object space 65536K, 31% used [0x0000000083600000,0x00000000849e5320,0x0000000087600000)
 Metaspace       used 29698K, capacity 30224K, committed 30464K, reserved 1075200K
  class space    used 3591K, capacity 3737K, committed 3840K, reserved 1048576K
}
Event: 2.150 GC heap before
{Heap before GC invocations=6 (full 1):
 PSYoungGen      total 101376K, used 32110K [0x00000000d6780000, 0x00000000df180000, 0x0000000100000000)
  eden space 96256K, 28% used [0x00000000d6780000,0x00000000d81e3028,0x00000000dc580000)
  from space 5120K, 99% used [0x00000000dec80000,0x00000000df178918,0x00000000df180000)
  to   space 5120K, 0% used [0x00000000de780000,0x00000000de780000,0x00000000dec80000)
 ParOldGen       total 65536K, used 20372K [0x0000000083600000, 0x0000000087600000, 0x00000000d6780000)
  object space 65536K, 31% used [0x0000000083600000,0x00000000849e5320,0x0000000087600000)
 Metaspace       used 34735K, capacity 35244K, committed 35496K, reserved 1081344K
  class space    used 4414K, capacity 4551K, committed 4608K, reserved 1048576K
Event: 2.159 GC heap after
Heap after GC invocations=6 (full 1):
 PSYoungGen      total 101376K, used 5090K [0x00000000d6780000, 0x00000000df180000, 0x0000000100000000)
  eden space 96256K, 0% used [0x00000000d6780000,0x00000000d6780000,0x00000000dc580000)
  from space 5120K, 99% used [0x00000000de780000,0x00000000dec78918,0x00000000dec80000)
  to   space 5120K, 0% used [0x00000000dec80000,0x00000000dec80000,0x00000000df180000)
 ParOldGen       total 65536K, used 26994K [0x0000000083600000, 0x0000000087600000, 0x00000000d6780000)
  object space 65536K, 41% used [0x0000000083600000,0x000000008505ca90,0x0000000087600000)
 Metaspace       used 34735K, capacity 35244K, committed 35496K, reserved 1081344K
  class space    used 4414K, capacity 4551K, committed 4608K, reserved 1048576K
}
Event: 2.159 GC heap before
{Heap before GC invocations=7 (full 2):
 PSYoungGen      total 101376K, used 5090K [0x00000000d6780000, 0x00000000df180000, 0x0000000100000000)
  eden space 96256K, 0% used [0x00000000d6780000,0x00000000d6780000,0x00000000dc580000)
  from space 5120K, 99% used [0x00000000de780000,0x00000000dec78918,0x00000000dec80000)
  to   space 5120K, 0% used [0x00000000dec80000,0x00000000dec80000,0x00000000df180000)
 ParOldGen       total 65536K, used 26994K [0x0000000083600000, 0x0000000087600000, 0x00000000d6780000)
  object space 65536K, 41% used [0x0000000083600000,0x000000008505ca90,0x0000000087600000)
 Metaspace       used 34735K, capacity 35244K, committed 35496K, reserved 1081344K
  class space    used 4414K, capacity 4551K, committed 4608K, reserved 1048576K
Event: 2.204 GC heap after
Heap after GC invocations=7 (full 2):
 PSYoungGen      total 101376K, used 0K [0x00000000d6780000, 0x00000000df180000, 0x0000000100000000)
  eden space 96256K, 0% used [0x00000000d6780000,0x00000000d6780000,0x00000000dc580000)
  from space 5120K, 0% used [0x00000000de780000,0x00000000de780000,0x00000000dec80000)
  to   space 5120K, 0% used [0x00000000dec80000,0x00000000dec80000,0x00000000df180000)
 ParOldGen       total 65536K, used 19353K [0x0000000083600000, 0x0000000087600000, 0x00000000d6780000)
  object space 65536K, 29% used [0x0000000083600000,0x00000000848e67d8,0x0000000087600000)
 Metaspace       used 34735K, capacity 35244K, committed 35496K, reserved 1081344K
  class space    used 4414K, capacity 4551K, committed 4608K, reserved 1048576K
}

Deoptimization events (10 events):
Event: 2.611 Thread 0x000000000288e800 Uncommon trap: reason=class_check action=maybe_recompile pc=0x00000000032c03d4 method=org.jetbrains.kotlin.com.intellij.util.text.CharSequenceSubSequence.<init>(Ljava/lang/CharSequence;II)V @ 18
Event: 2.611 Thread 0x000000000288e800 Uncommon trap: reason=class_check action=maybe_recompile pc=0x000000000330a930 method=org.jetbrains.kotlin.com.intellij.util.text.CharArrayUtil.getChars(Ljava/lang/CharSequence;[CIII)V @ 17
Event: 2.611 Thread 0x000000000288e800 Uncommon trap: reason=class_check action=maybe_recompile pc=0x00000000032c03d4 method=org.jetbrains.kotlin.com.intellij.util.text.CharSequenceSubSequence.<init>(Ljava/lang/CharSequence;II)V @ 18
Event: 2.611 Thread 0x000000000288e800 Uncommon trap: reason=class_check action=maybe_recompile pc=0x000000000330a930 method=org.jetbrains.kotlin.com.intellij.util.text.CharArrayUtil.getChars(Ljava/lang/CharSequence;[CIII)V @ 17
Event: 2.611 Thread 0x000000000288e800 Uncommon trap: reason=class_check action=maybe_recompile pc=0x00000000032c03d4 method=org.jetbrains.kotlin.com.intellij.util.text.CharSequenceSubSequence.<init>(Ljava/lang/CharSequence;II)V @ 18
Event: 2.611 Thread 0x000000000288e800 Uncommon trap: reason=class_check action=maybe_recompile pc=0x000000000330a930 method=org.jetbrains.kotlin.com.intellij.util.text.CharArrayUtil.getChars(Ljava/lang/CharSequence;[CIII)V @ 17
Event: 2.611 Thread 0x000000000288e800 Uncommon trap: reason=class_check action=maybe_recompile pc=0x00000000032c03d4 method=org.jetbrains.kotlin.com.intellij.util.text.CharSequenceSubSequence.<init>(Ljava/lang/CharSequence;II)V @ 18
Event: 2.611 Thread 0x000000000288e800 Uncommon trap: reason=class_check action=maybe_recompile pc=0x000000000330a930 method=org.jetbrains.kotlin.com.intellij.util.text.CharArrayUtil.getChars(Ljava/lang/CharSequence;[CIII)V @ 17
Event: 2.611 Thread 0x000000000288e800 Uncommon trap: reason=class_check action=maybe_recompile pc=0x00000000032b2b3c method=org.jetbrains.kotlin.com.intellij.util.text.CharArrayUtil.getChars(Ljava/lang/CharSequence;[CIII)V @ 17
Event: 2.848 Thread 0x000000000288e800 Uncommon trap: reason=unstable_if action=reinterpret pc=0x0000000003415ca0 method=java.text.StringCharacterIterator.current()C @ 19

Classes redefined (0 events):
No events

Internal exceptions (10 events):
Event: 0.865 Thread 0x000000000288e800 Exception <a 'java/lang/NoSuchMethodError': java.lang.Object.lambda$static$0()J> (0x00000000d6ccc778) thrown at [C:\src\AOSP-openjdk-git\hotspot\src\share\vm\interpreter\linkResolver.cpp, line 620]
Event: 0.971 Thread 0x000000000288e800 Exception <a 'java/lang/NoSuchMethodError': java.lang.Object.lambda$static$0(I)[Lorg/jetbrains/kotlin/com/intellij/openapi/editor/event/DocumentListener;> (0x00000000d741ae30) thrown at [C:\src\AOSP-openjdk-git\hotspot\src\share\vm\interpreter\linkResolve
Event: 0.997 Thread 0x000000000288e800 Exception <a 'java/lang/NoSuchMethodError': java.lang.Object.lambda$static$0(I)[Lorg/jetbrains/kotlin/com/intellij/psi/PsiAnnotation;> (0x00000000d7636eb8) thrown at [C:\src\AOSP-openjdk-git\hotspot\src\share\vm\interpreter\linkResolver.cpp, line 620]
Event: 1.067 Thread 0x000000000288e800 Exception <a 'java/lang/NoSuchMethodError': java.lang.Object.lambda$static$0(I)[Lorg/jetbrains/kotlin/com/intellij/psi/PsiElement;> (0x00000000d7b7d260) thrown at [C:\src\AOSP-openjdk-git\hotspot\src\share\vm\interpreter\linkResolver.cpp, line 620]
Event: 1.681 Thread 0x000000000288e800 Exception <a 'java/lang/ArrayIndexOutOfBoundsException': 126> (0x00000000d968b298) thrown at [C:\src\AOSP-openjdk-git\hotspot\src\share\vm\interpreter\interpreterRuntime.cpp, line 368]
Event: 1.682 Thread 0x000000000288e800 Exception <a 'java/lang/ArrayIndexOutOfBoundsException': 86> (0x00000000d968c720) thrown at [C:\src\AOSP-openjdk-git\hotspot\src\share\vm\interpreter\interpreterRuntime.cpp, line 368]
Event: 2.113 Thread 0x000000000288e800 Exception <a 'java/lang/NoSuchMethodError': java.lang.Object.lambda$static$0(I)[Lorg/jetbrains/kotlin/psi/KtExpression;> (0x00000000d80324d8) thrown at [C:\src\AOSP-openjdk-git\hotspot\src\share\vm\interpreter\linkResolver.cpp, line 620]
Event: 2.128 Thread 0x000000000288e800 Implicit null exception at 0x0000000003102a7d to 0x0000000003102c39
Event: 2.561 Thread 0x000000000288e800 Exception <a 'java/lang/NoSuchMethodError': java.lang.Object.lambda$static$0(I)[Lorg/jetbrains/kotlin/psi/KtDeclaration;> (0x00000000d8071a48) thrown at [C:\src\AOSP-openjdk-git\hotspot\src\share\vm\interpreter\linkResolver.cpp, line 620]
Event: 2.672 Thread 0x000000000288e800 Exception <a 'java/lang/NoSuchMethodError': java.lang.Object.lambda$static$0(I)[Lorg/jetbrains/kotlin/psi/KtTypeElement;> (0x00000000d895c750) thrown at [C:\src\AOSP-openjdk-git\hotspot\src\share\vm\interpreter\linkResolver.cpp, line 620]

Events (10 events):
Event: 2.867 loading class org/jetbrains/kotlin/load/java/AnnotationTypeQualifierResolver$QualifierApplicabilityType
Event: 2.867 loading class org/jetbrains/kotlin/load/java/AnnotationTypeQualifierResolver$QualifierApplicabilityType done
Event: 2.868 loading class org/jetbrains/kotlin/load/java/typeEnhancement/SignatureEnhancement$SignatureParts
Event: 2.868 loading class org/jetbrains/kotlin/load/java/typeEnhancement/SignatureEnhancement$SignatureParts done
Event: 2.869 loading class org/jetbrains/kotlin/load/java/typeEnhancement/SignatureEnhancement$SignatureParts$toIndexed$1
Event: 2.869 loading class org/jetbrains/kotlin/load/java/typeEnhancement/SignatureEnhancement$SignatureParts$toIndexed$1 done
Event: 2.870 loading class org/jetbrains/kotlin/load/java/typeEnhancement/TypeAndDefaultQualifiers
Event: 2.870 loading class org/jetbrains/kotlin/load/java/typeEnhancement/TypeAndDefaultQualifiers done
Event: 2.870 loading class org/jetbrains/kotlin/com/intellij/psi/impl/file/PsiPackageImpl$PackageAnnotationValueProvider
Event: 2.870 loading class org/jetbrains/kotlin/com/intellij/psi/impl/file/PsiPackageImpl$PackageAnnotationValueProvider done


Dynamic libraries:
0x00007ff7db880000 - 0x00007ff7db8b1000 	C:\Program Files\Android\Android Studio\jre\jre\bin\java.exe
0x00007ff9c3cb0000 - 0x00007ff9c3ea6000 	C:\WINDOWS\SYSTEM32\ntdll.dll
0x00007ff9c3bb0000 - 0x00007ff9c3c6d000 	C:\WINDOWS\System32\KERNEL32.DLL
0x00007ff9c18a0000 - 0x00007ff9c1b69000 	C:\WINDOWS\System32\KERNELBASE.dll
0x00007ff9c1d10000 - 0x00007ff9c1dbc000 	C:\WINDOWS\System32\ADVAPI32.dll
0x00007ff9c2690000 - 0x00007ff9c272e000 	C:\WINDOWS\System32\msvcrt.dll
0x00007ff9c3a20000 - 0x00007ff9c3abc000 	C:\WINDOWS\System32\sechost.dll
0x00007ff9c2560000 - 0x00007ff9c268b000 	C:\WINDOWS\System32\RPCRT4.dll
0x00007ff9c23c0000 - 0x00007ff9c2560000 	C:\WINDOWS\System32\USER32.dll
0x00007ff9c1500000 - 0x00007ff9c1522000 	C:\WINDOWS\System32\win32u.dll
0x00007ff9c3080000 - 0x00007ff9c30aa000 	C:\WINDOWS\System32\GDI32.dll
0x00007ff9c13f0000 - 0x00007ff9c14fb000 	C:\WINDOWS\System32\gdi32full.dll
0x00007ff9c1b70000 - 0x00007ff9c1c0d000 	C:\WINDOWS\System32\msvcp_win.dll
0x00007ff9c1530000 - 0x00007ff9c1630000 	C:\WINDOWS\System32\ucrtbase.dll
0x00007ff9abc70000 - 0x00007ff9abf0b000 	C:\WINDOWS\WinSxS\amd64_microsoft.windows.common-controls_6595b64144ccf1df_6.0.19041.746_none_ca02b4b61b8320a4\COMCTL32.dll
0x00007ff9c3b20000 - 0x00007ff9c3b50000 	C:\WINDOWS\System32\IMM32.DLL
0x0000000063c40000 - 0x0000000063d12000 	C:\Program Files\Android\Android Studio\jre\jre\bin\msvcr100.dll
0x0000000064670000 - 0x0000000064ebb000 	C:\Program Files\Android\Android Studio\jre\jre\bin\server\jvm.dll
0x00007ff9c1e70000 - 0x00007ff9c1e78000 	C:\WINDOWS\System32\PSAPI.DLL
0x00007ff9c0f70000 - 0x00007ff9c0f7a000 	C:\WINDOWS\SYSTEM32\VERSION.dll
0x00007ff9a5c40000 - 0x00007ff9a5c49000 	C:\WINDOWS\SYSTEM32\WSOCK32.dll
0x00007ff9a63f0000 - 0x00007ff9a6417000 	C:\WINDOWS\SYSTEM32\WINMM.dll
0x00007ff9c2810000 - 0x00007ff9c287b000 	C:\WINDOWS\System32\WS2_32.dll
0x00007ff9a5940000 - 0x00007ff9a594f000 	C:\Program Files\Android\Android Studio\jre\jre\bin\verify.dll
0x00007ff981c90000 - 0x00007ff981cb9000 	C:\Program Files\Android\Android Studio\jre\jre\bin\java.dll
0x00007ff9a5250000 - 0x00007ff9a5266000 	C:\Program Files\Android\Android Studio\jre\jre\bin\zip.dll
0x00007ff9c3270000 - 0x00007ff9c39b2000 	C:\WINDOWS\System32\SHELL32.dll
0x00007ff9bf4b0000 - 0x00007ff9bfc40000 	C:\WINDOWS\SYSTEM32\windows.storage.dll
0x00007ff9c2bf0000 - 0x00007ff9c2f46000 	C:\WINDOWS\System32\combase.dll
0x00007ff9c0de0000 - 0x00007ff9c0e0c000 	C:\WINDOWS\SYSTEM32\Wldp.dll
0x00007ff9c2310000 - 0x00007ff9c23be000 	C:\WINDOWS\System32\SHCORE.dll
0x00007ff9c39c0000 - 0x00007ff9c3a15000 	C:\WINDOWS\System32\shlwapi.dll
0x00007ff9c1320000 - 0x00007ff9c1346000 	C:\WINDOWS\SYSTEM32\profapi.dll
0x00007ff9a50e0000 - 0x00007ff9a50fa000 	C:\Program Files\Android\Android Studio\jre\jre\bin\net.dll
0x00007ff9c0b60000 - 0x00007ff9c0bca000 	C:\WINDOWS\system32\mswsock.dll
0x00007ff99ccc0000 - 0x00007ff99ccd3000 	C:\Program Files\Android\Android Studio\jre\jre\bin\nio.dll

VM Arguments:
java_command: org.jetbrains.kotlin.cli.jvm.K2JVMCompiler -Xallow-no-source-files -classpath C:\Android\Proyecto\VendedoresKT\ApoloVendedor\app\build\intermediates\compile_and_runtime_not_namespaced_r_class_jar\debug\R.jar;C:\Users\Apolo\.gradle\caches\transforms-2\files-2.1\940933ff36c500fc300da39f92bf2507\jetified-ksoap2-android-assembly-3.6.2-jar-with-dependencies.jar;C:\Users\Apolo\.gradle\caches\transforms-2\files-2.1\b7391cb0ef2a592e070fd45c9e2d4d51\jetified-kotlin-android-extensions-runtime-1.3.72.jar;C:\Users\Apolo\.gradle\caches\transforms-2\files-2.1\6fc9346b2275246457468b28b445ec25\jetified-kotlin-stdlib-jdk7-1.3.72.jar;C:\Users\Apolo\.gradle\caches\transforms-2\files-2.1\a7c521a973fa94c7cb5dce493f5aeec1\jetified-core-ktx-1.2.0-api.jar;C:\Users\Apolo\.gradle\caches\transforms-2\files-2.1\c52b948ff9ad46790ed8f2ff00f2c421\jetified-kotlin-stdlib-1.3.72.jar;C:\Users\Apolo\.gradle\caches\transforms-2\files-2.1\049b323f9aeffcf195e248a925aab31d\jetified-kotlin-stdlib-common-1.3.72.jar;C:\Users\Apolo\.gradle\caches\transforms-2\files-2.1\64fab6255f9d96d2c98a740788790a80\jetified-annotations-13.0.jar;C:\Users\Apolo\.gradle\caches\transforms-2\files-2.1\a23b89162cd8e28190d6a5adb74e36c6\material-1.0.0-api.jar;C:\Users\Apolo\.gradle\caches\transforms-2\files-2.1\da3e9803232333f03504717ac64d1605\appcompat-1.1.0-api.jar;C:\Users\Apolo\.gradle\caches\transforms-2\files-2.1\d5866860b2b4777a2003b6ecec73b4e6\cardview-1.0.0-api.jar;C:\Users\Apolo\.gradle\caches\transforms-2\files-2.1\e45b2691cfc6cb894e1796a83c47685d\gridlayout-1.0.0-api.jar;C:\Users\Apolo\.gradle\caches\transforms-2\files-2.1\3f273c6e67e9bc71d091d370ba54752c\jetified-play-services-maps-17.0.0-api.jar;C:\Users\Apolo\.gradle\caches\transforms-2\files-2.1\fa2b6462b531d90bd4b4b0e739226412\lifecycle-extensions-2.0.0-api.jar;C:\Users\Apolo\.gradle\caches\transforms-2\files-2.1\5100796c51d3f5f01710c992bce4bd2d\jetified-play-services-base-17.0.0-api.jar;C:\Users\Apolo\.gradle\caches\transforms-2\files-2.1\b2388e30
java_class_path (initial): C:\Users\Apolo\.gradle\caches\modules-2\files-2.1\org.jetbrains.kotlin\kotlin-compiler-embeddable\1.3.72\fb72232c8fa977d5e07d33c43381ddbdc5edab6\kotlin-compiler-embeddable-1.3.72.jar;C:\Users\Apolo\.gradle\caches\modules-2\files-2.1\org.jetbrains.kotlin\kotlin-reflect\1.3.72\86613e1a669a701b0c660bfd2af4f82a7ae11fca\kotlin-reflect-1.3.72.jar;C:\Users\Apolo\.gradle\caches\modules-2\files-2.1\org.jetbrains.kotlin\kotlin-stdlib\1.3.72\8032138f12c0180bc4e51fe139d4c52b46db6109\kotlin-stdlib-1.3.72.jar;C:\Users\Apolo\.gradle\caches\modules-2\files-2.1\org.jetbrains.kotlin\kotlin-script-runtime\1.3.72\657d8d34d91e1964b4439378c09933e840bfe8d5\kotlin-script-runtime-1.3.72.jar;C:\Users\Apolo\.gradle\caches\modules-2\files-2.1\org.jetbrains.kotlin\kotlin-daemon-embeddable\1.3.72\53bbaa2816dbf6bdb85f629451b1fcc88f2164d2\kotlin-daemon-embeddable-1.3.72.jar;C:\Users\Apolo\.gradle\caches\modules-2\files-2.1\org.jetbrains.intellij.deps\trove4j\1.0.20181211\216c2e14b070f334479d800987affe4054cd563f\trove4j-1.0.20181211.jar;C:\Users\Apolo\.gradle\caches\modules-2\files-2.1\org.jetbrains.kotlin\kotlin-stdlib-common\1.3.72\6ca8bee3d88957eaaaef077c41c908c9940492d8\kotlin-stdlib-common-1.3.72.jar;C:\Users\Apolo\.gradle\caches\modules-2\files-2.1\org.jetbrains\annotations\13.0\919f0dfe192fb4e063e7dacadee7f8bb9a2672a9\annotations-13.0.jar;C:\Program Files\Android\Android Studio\jre\lib\tools.jar
Launcher Type: SUN_STANDARD

Environment Variables:
PATH=C:\Program Files\Common Files\Oracle\Java\javapath;C:\Program Files (x86)\Common Files\Oracle\Java\javapath;C:\orant\bin;C:\WINDOWS\system32;C:\WINDOWS;C:\WINDOWS\System32\Wbem;C:\WINDOWS\System32\WindowsPowerShell\v1.0\;C:\WINDOWS\System32\OpenSSH\;C:\orant\jdk\bin;C:\Program Files (x86)\Intel\Intel(R) Memory And Storage Tool\;C:\Program Files\Git\cmd;C:\Users\Apolo\AppData\Local\Microsoft\WindowsApps;
USERNAME=Apolo
OS=Windows_NT
PROCESSOR_IDENTIFIER=Intel64 Family 6 Model 126 Stepping 5, GenuineIntel



---------------  S Y S T E M  ---------------

OS: Windows 10.0 , 64 bit Build 19041 (10.0.19041.804)

CPU:total 8 (initial active 8) (4 cores per cpu, 2 threads per core) family 6 model 126 stepping 5, cmov, cx8, fxsr, mmx, sse, sse2, sse3, ssse3, sse4.1, sse4.2, popcnt, avx, avx2, aes, clmul, erms, 3dnowpref, lzcnt, ht, tsc, tscinvbit, bmi1, bmi2, adx

Memory: 4k page, physical 8165048k(884260k free), swap 11736884k(5132k free)

vm_info: OpenJDK 64-Bit Server VM (25.242-b01) for windows-amd64 JRE (1.8.0_242-release-1644-b01), built by "builder" with MS VC++ 10.0 (VS2010)

time: Tue Feb 16 16:12:04 2021
timezone: Hora de verano de Paraguay
elapsed time: 2 seconds (0d 0h 0m 2s)

