#
# There is insufficient memory for the Java Runtime Environment to continue.
# Native memory allocation (malloc) failed to allocate 1081824 bytes for Chunk::new
# Possible reasons:
#   The system is out of physical RAM or swap space
#   The process is running with CompressedOops enabled, and the Java Heap may be blocking the growth of the native heap
# Possible solutions:
#   Reduce memory load on the system
#   Increase physical memory or swap space
#   Check if swap backing store is full
#   Decrease Java heap size (-Xmx/-Xms)
#   Decrease number of Java threads
#   Decrease Java thread stack sizes (-Xss)
#   Set larger code cache with -XX:ReservedCodeCacheSize=
#   JVM is running with Unscaled Compressed Oops mode in which the Java heap is
#     placed in the first 4GB address space. The Java Heap base address is the
#     maximum limit for the native heap growth. Please use -XX:HeapBaseMinAddress
#     to set the Java Heap base and to place the Java Heap above 4GB virtual address.
# This output file may be truncated or incomplete.
#
#  Out of Memory Error (allocation.cpp:389), pid=113184, tid=0x000000000001b8ac
#
# JRE version: OpenJDK Runtime Environment (8.0_242-b01) (build 1.8.0_242-release-1644-b01)
# Java VM: OpenJDK 64-Bit Server VM (25.242-b01 mixed mode windows-amd64 compressed oops)
# Failed to write core dump. Minidumps are not enabled by default on client versions of Windows
#

---------------  T H R E A D  ---------------

Current thread (0x00000000199d0800):  JavaThread "C2 CompilerThread0" daemon [_thread_in_native, id=112812, stack(0x000000001a2b0000,0x000000001a3b0000)]

Stack: [0x000000001a2b0000,0x000000001a3b0000]
[error occurred during error reporting (printing stack bounds), id 0xc0000005]

Native frames: (J=compiled Java code, j=interpreted, Vv=VM code, C=native code)


Current CompileTask:
C2:   3315 4299       4       org.jetbrains.org.objectweb.asm.ClassReader::readMethod (1047 bytes)


---------------  P R O C E S S  ---------------

Java Threads: ( => current thread )
  0x0000000019a6d800 JavaThread "Service Thread" daemon [_thread_blocked, id=20552, stack(0x000000001a6b0000,0x000000001a7b0000)]
  0x00000000199da000 JavaThread "C1 CompilerThread3" daemon [_thread_in_native, id=112664, stack(0x000000001a5b0000,0x000000001a6b0000)]
  0x00000000199d5800 JavaThread "C2 CompilerThread2" daemon [_thread_in_native, id=112720, stack(0x000000001a4b0000,0x000000001a5b0000)]
  0x00000000199d3800 JavaThread "C2 CompilerThread1" daemon [_thread_in_native, id=112828, stack(0x000000001a3b0000,0x000000001a4b0000)]
=>0x00000000199d0800 JavaThread "C2 CompilerThread0" daemon [_thread_in_native, id=112812, stack(0x000000001a2b0000,0x000000001a3b0000)]
  0x00000000199cb800 JavaThread "Attach Listener" daemon [_thread_blocked, id=111620, stack(0x000000001a1b0000,0x000000001a2b0000)]
  0x00000000199ca800 JavaThread "Signal Dispatcher" daemon [_thread_blocked, id=112584, stack(0x000000001a0b0000,0x000000001a1b0000)]
  0x0000000017bd8000 JavaThread "Finalizer" daemon [_thread_blocked, id=113200, stack(0x0000000019e90000,0x0000000019f90000)]
  0x00000000199b0800 JavaThread "Reference Handler" daemon [_thread_blocked, id=107812, stack(0x0000000019d90000,0x0000000019e90000)]
  0x0000000002b1e800 JavaThread "main" [_thread_in_native, id=65996, stack(0x0000000002b20000,0x0000000002c20000)]

Other Threads:
  0x0000000017bca000 VMThread [stack: 0x0000000019890000,0x0000000019990000] [id=112848]
  0x0000000019a6e800 WatcherThread [stack: 0x000000001a7b0000,0x000000001a8b0000] [id=111440]

VM state:not at safepoint (normal execution)

VM Mutex/Monitor currently owned by a thread: None

heap address: 0x0000000083600000, size: 1994 MB, Compressed Oops mode: 32-bit
Narrow klass base: 0x0000000000000000, Narrow klass shift: 3
Compressed class space size: 1073741824 Address: 0x0000000100000000

Heap:
 PSYoungGen      total 70656K, used 30778K [0x00000000d6780000, 0x00000000dce00000, 0x0000000100000000)
  eden space 65536K, 39% used [0x00000000d6780000,0x00000000d80918f0,0x00000000da780000)
  from space 5120K, 99% used [0x00000000da780000,0x00000000dac7d0c0,0x00000000dac80000)
  to   space 15872K, 0% used [0x00000000dbe80000,0x00000000dbe80000,0x00000000dce00000)
 ParOldGen       total 66048K, used 25254K [0x0000000083600000, 0x0000000087680000, 0x00000000d6780000)
  object space 66048K, 38% used [0x0000000083600000,0x0000000084ea98e8,0x0000000087680000)
 Metaspace       used 39868K, capacity 40560K, committed 40752K, reserved 1085440K
  class space    used 4920K, capacity 5083K, committed 5168K, reserved 1048576K

Card table byte_map: [0x00000000120e0000,0x00000000124d0000] byte_map_base: 0x0000000011cc5000

Marking Bits: (ParMarkBitMap*) 0x00000000645cf030
 Begin Bits: [0x0000000012f70000, 0x0000000014e98000)
 End Bits:   [0x0000000014e98000, 0x0000000016dc0000)

Polling page: 0x00000000012e0000

CodeCache: size=245760Kb used=14628Kb max_used=14628Kb free=231131Kb
 bounds [0x0000000002d20000, 0x0000000003b80000, 0x0000000011d20000]
 total_blobs=4988 nmethods=4543 adapters=358
 compilation: enabled

Compilation events (10 events):
Event: 3.309 Thread 0x00000000199da000 nmethod 4591 0x0000000003b66690 code [0x0000000003b66840, 0x0000000003b66d78]
Event: 3.309 Thread 0x00000000199da000 4590       3       org.jetbrains.kotlin.descriptors.impl.PropertyDescriptorImpl::getVisibility (14 bytes)
Event: 3.310 Thread 0x00000000199da000 nmethod 4590 0x0000000003b66fd0 code [0x0000000003b67140, 0x0000000003b67308]
Event: 3.310 Thread 0x00000000199da000 4584       3       org.jetbrains.kotlin.builtins.jvm.JavaToKotlinClassMap::mapPlatformClass (109 bytes)
Event: 3.311 Thread 0x00000000199da000 nmethod 4584 0x0000000003b67390 code [0x0000000003b67720, 0x0000000003b69198]
Event: 3.311 Thread 0x00000000199da000 4593 %     3       org.jetbrains.kotlin.cli.jvm.index.JvmDependenciesIndexImpl::search @ 185 (392 bytes)
Event: 3.313 Thread 0x00000000199da000 nmethod 4593% 0x0000000003b6a090 code [0x0000000003b6a520, 0x0000000003b6d5f8]
Event: 3.313 Thread 0x00000000199da000 4586       3       org.jetbrains.kotlin.types.KotlinTypeFactory::simpleNotNullType (43 bytes)
Event: 3.313 Thread 0x00000000199da000 nmethod 4586 0x0000000003b6f1d0 code [0x0000000003b6f3a0, 0x0000000003b6f938]
Event: 3.313 Thread 0x00000000199da000 4587       3       org.jetbrains.kotlin.load.java.InternalFlexibleTypeTransformer::transformType (140 bytes)

GC Heap History (10 events):
Event: 1.479 GC heap before
{Heap before GC invocations=5 (full 1):
 PSYoungGen      total 37888K, used 32768K [0x00000000d6780000, 0x00000000db180000, 0x0000000100000000)
  eden space 32768K, 100% used [0x00000000d6780000,0x00000000d8780000,0x00000000d8780000)
  from space 5120K, 0% used [0x00000000d8780000,0x00000000d8780000,0x00000000d8c80000)
  to   space 5120K, 0% used [0x00000000dac80000,0x00000000dac80000,0x00000000db180000)
 ParOldGen       total 66048K, used 9591K [0x0000000083600000, 0x0000000087680000, 0x00000000d6780000)
  object space 66048K, 14% used [0x0000000083600000,0x0000000083f5dfa8,0x0000000087680000)
 Metaspace       used 24423K, capacity 24919K, committed 25136K, reserved 1071104K
  class space    used 2908K, capacity 3061K, committed 3120K, reserved 1048576K
Event: 1.485 GC heap after
Heap after GC invocations=5 (full 1):
 PSYoungGen      total 53248K, used 5107K [0x00000000d6780000, 0x00000000db180000, 0x0000000100000000)
  eden space 48128K, 0% used [0x00000000d6780000,0x00000000d6780000,0x00000000d9680000)
  from space 5120K, 99% used [0x00000000dac80000,0x00000000db17cdc8,0x00000000db180000)
  to   space 5120K, 0% used [0x00000000da780000,0x00000000da780000,0x00000000dac80000)
 ParOldGen       total 66048K, used 11681K [0x0000000083600000, 0x0000000087680000, 0x00000000d6780000)
  object space 66048K, 17% used [0x0000000083600000,0x0000000084168758,0x0000000087680000)
 Metaspace       used 24423K, capacity 24919K, committed 25136K, reserved 1071104K
  class space    used 2908K, capacity 3061K, committed 3120K, reserved 1048576K
}
Event: 2.036 GC heap before
{Heap before GC invocations=6 (full 1):
 PSYoungGen      total 53248K, used 53235K [0x00000000d6780000, 0x00000000db180000, 0x0000000100000000)
  eden space 48128K, 100% used [0x00000000d6780000,0x00000000d9680000,0x00000000d9680000)
  from space 5120K, 99% used [0x00000000dac80000,0x00000000db17cdc8,0x00000000db180000)
  to   space 5120K, 0% used [0x00000000da780000,0x00000000da780000,0x00000000dac80000)
 ParOldGen       total 66048K, used 11681K [0x0000000083600000, 0x0000000087680000, 0x00000000d6780000)
  object space 66048K, 17% used [0x0000000083600000,0x0000000084168758,0x0000000087680000)
 Metaspace       used 32164K, capacity 32700K, committed 32944K, reserved 1077248K
  class space    used 4065K, capacity 4219K, committed 4272K, reserved 1048576K
Event: 2.053 GC heap after
Heap after GC invocations=6 (full 1):
 PSYoungGen      total 70656K, used 5090K [0x00000000d6780000, 0x00000000dce00000, 0x0000000100000000)
  eden space 65536K, 0% used [0x00000000d6780000,0x00000000d6780000,0x00000000da780000)
  from space 5120K, 99% used [0x00000000da780000,0x00000000dac78918,0x00000000dac80000)
  to   space 15872K, 0% used [0x00000000dbe80000,0x00000000dbe80000,0x00000000dce00000)
 ParOldGen       total 66048K, used 22729K [0x0000000083600000, 0x0000000087680000, 0x00000000d6780000)
  object space 66048K, 34% used [0x0000000083600000,0x0000000084c324d8,0x0000000087680000)
 Metaspace       used 32164K, capacity 32700K, committed 32944K, reserved 1077248K
  class space    used 4065K, capacity 4219K, committed 4272K, reserved 1048576K
}
Event: 2.253 GC heap before
{Heap before GC invocations=7 (full 1):
 PSYoungGen      total 70656K, used 16867K [0x00000000d6780000, 0x00000000dce00000, 0x0000000100000000)
  eden space 65536K, 17% used [0x00000000d6780000,0x00000000d7300530,0x00000000da780000)
  from space 5120K, 99% used [0x00000000da780000,0x00000000dac78918,0x00000000dac80000)
  to   space 15872K, 0% used [0x00000000dbe80000,0x00000000dbe80000,0x00000000dce00000)
 ParOldGen       total 66048K, used 22729K [0x0000000083600000, 0x0000000087680000, 0x00000000d6780000)
  object space 66048K, 34% used [0x0000000083600000,0x0000000084c324d8,0x0000000087680000)
 Metaspace       used 34649K, capacity 35168K, committed 35496K, reserved 1081344K
  class space    used 4407K, capacity 4547K, committed 4656K, reserved 1048576K
Event: 2.259 GC heap after
Heap after GC invocations=7 (full 1):
 PSYoungGen      total 81408K, used 8421K [0x00000000d6780000, 0x00000000dce00000, 0x0000000100000000)
  eden space 65536K, 0% used [0x00000000d6780000,0x00000000d6780000,0x00000000da780000)
  from space 15872K, 53% used [0x00000000dbe80000,0x00000000dc6b97b0,0x00000000dce00000)
  to   space 5120K, 0% used [0x00000000da780000,0x00000000da780000,0x00000000dac80000)
 ParOldGen       total 66048K, used 22737K [0x0000000083600000, 0x0000000087680000, 0x00000000d6780000)
  object space 66048K, 34% used [0x0000000083600000,0x0000000084c344d8,0x0000000087680000)
 Metaspace       used 34649K, capacity 35168K, committed 35496K, reserved 1081344K
  class space    used 4407K, capacity 4547K, committed 4656K, reserved 1048576K
}
Event: 2.259 GC heap before
{Heap before GC invocations=8 (full 2):
 PSYoungGen      total 81408K, used 8421K [0x00000000d6780000, 0x00000000dce00000, 0x0000000100000000)
  eden space 65536K, 0% used [0x00000000d6780000,0x00000000d6780000,0x00000000da780000)
  from space 15872K, 53% used [0x00000000dbe80000,0x00000000dc6b97b0,0x00000000dce00000)
  to   space 5120K, 0% used [0x00000000da780000,0x00000000da780000,0x00000000dac80000)
 ParOldGen       total 66048K, used 22737K [0x0000000083600000, 0x0000000087680000, 0x00000000d6780000)
  object space 66048K, 34% used [0x0000000083600000,0x0000000084c344d8,0x0000000087680000)
 Metaspace       used 34649K, capacity 35168K, committed 35496K, reserved 1081344K
  class space    used 4407K, capacity 4547K, committed 4656K, reserved 1048576K
Event: 2.299 GC heap after
Heap after GC invocations=8 (full 2):
 PSYoungGen      total 81408K, used 0K [0x00000000d6780000, 0x00000000dce00000, 0x0000000100000000)
  eden space 65536K, 0% used [0x00000000d6780000,0x00000000d6780000,0x00000000da780000)
  from space 15872K, 0% used [0x00000000dbe80000,0x00000000dbe80000,0x00000000dce00000)
  to   space 5120K, 0% used [0x00000000da780000,0x00000000da780000,0x00000000dac80000)
 ParOldGen       total 66048K, used 16904K [0x0000000083600000, 0x0000000087680000, 0x00000000d6780000)
  object space 66048K, 25% used [0x0000000083600000,0x00000000846821c8,0x0000000087680000)
 Metaspace       used 34649K, capacity 35168K, committed 35496K, reserved 1081344K
  class space    used 4407K, capacity 4547K, committed 4656K, reserved 1048576K
}
Event: 2.965 GC heap before
{Heap before GC invocations=9 (full 2):
 PSYoungGen      total 81408K, used 65536K [0x00000000d6780000, 0x00000000dce00000, 0x0000000100000000)
  eden space 65536K, 100% used [0x00000000d6780000,0x00000000da780000,0x00000000da780000)
  from space 15872K, 0% used [0x00000000dbe80000,0x00000000dbe80000,0x00000000dce00000)
  to   space 5120K, 0% used [0x00000000da780000,0x00000000da780000,0x00000000dac80000)
 ParOldGen       total 66048K, used 16904K [0x0000000083600000, 0x0000000087680000, 0x00000000d6780000)
  object space 66048K, 25% used [0x0000000083600000,0x00000000846821c8,0x0000000087680000)
 Metaspace       used 38654K, capacity 39296K, committed 39600K, reserved 1083392K
  class space    used 4855K, capacity 5003K, committed 5040K, reserved 1048576K
Event: 2.972 GC heap after
Heap after GC invocations=9 (full 2):
 PSYoungGen      total 70656K, used 5108K [0x00000000d6780000, 0x00000000dce00000, 0x0000000100000000)
  eden space 65536K, 0% used [0x00000000d6780000,0x00000000d6780000,0x00000000da780000)
  from space 5120K, 99% used [0x00000000da780000,0x00000000dac7d0c0,0x00000000dac80000)
  to   space 15872K, 0% used [0x00000000dbe80000,0x00000000dbe80000,0x00000000dce00000)
 ParOldGen       total 66048K, used 25254K [0x0000000083600000, 0x0000000087680000, 0x00000000d6780000)
  object space 66048K, 38% used [0x0000000083600000,0x0000000084ea98e8,0x0000000087680000)
 Metaspace       used 38654K, capacity 39296K, committed 39600K, reserved 1083392K
  class space    used 4855K, capacity 5003K, committed 5040K, reserved 1048576K
}

Deoptimization events (10 events):
Event: 2.996 Thread 0x0000000002b1e800 Uncommon trap: reason=bimorphic action=maybe_recompile pc=0x0000000003113378 method=java.util.HashMap.putVal(ILjava/lang/Object;Ljava/lang/Object;ZZ)Ljava/lang/Object; @ 203
Event: 2.996 Thread 0x0000000002b1e800 Uncommon trap: reason=bimorphic action=maybe_recompile pc=0x0000000003113378 method=java.util.HashMap.putVal(ILjava/lang/Object;Ljava/lang/Object;ZZ)Ljava/lang/Object; @ 203
Event: 2.996 Thread 0x0000000002b1e800 Uncommon trap: reason=bimorphic action=maybe_recompile pc=0x0000000003113378 method=java.util.HashMap.putVal(ILjava/lang/Object;Ljava/lang/Object;ZZ)Ljava/lang/Object; @ 203
Event: 3.124 Thread 0x0000000002b1e800 Uncommon trap: reason=bimorphic action=maybe_recompile pc=0x000000000313f494 method=java.util.HashMap.putVal(ILjava/lang/Object;Ljava/lang/Object;ZZ)Ljava/lang/Object; @ 203
Event: 3.133 Thread 0x0000000002b1e800 Uncommon trap: reason=null_check action=make_not_entrant pc=0x00000000039a71d8 method=org.jetbrains.kotlin.storage.LockBasedStorageManager$LockBasedLazyValue.invoke()Ljava/lang/Object; @ 6
Event: 3.133 Thread 0x0000000002b1e800 Uncommon trap: reason=null_check action=make_not_entrant pc=0x000000000398f6b8 method=org.jetbrains.kotlin.utils.WrappedValues.unescapeThrowable(Ljava/lang/Object;)Ljava/lang/Object; @ 1
Event: 3.194 Thread 0x0000000002b1e800 Uncommon trap: reason=class_check action=maybe_recompile pc=0x0000000003af3ce8 method=org.jetbrains.kotlin.load.java.structure.impl.classFiles.BinaryClassSignatureParser.parseParameterizedClassRefSignature(Ljava/text/CharacterIterator;Lorg/jetbrains/kotli
Event: 3.194 Thread 0x0000000002b1e800 Uncommon trap: reason=class_check action=maybe_recompile pc=0x0000000003af3ce8 method=org.jetbrains.kotlin.load.java.structure.impl.classFiles.BinaryClassSignatureParser.parseParameterizedClassRefSignature(Ljava/text/CharacterIterator;Lorg/jetbrains/kotli
Event: 3.196 Thread 0x0000000002b1e800 Uncommon trap: reason=class_check action=maybe_recompile pc=0x0000000003af3ce8 method=org.jetbrains.kotlin.load.java.structure.impl.classFiles.BinaryClassSignatureParser.parseParameterizedClassRefSignature(Ljava/text/CharacterIterator;Lorg/jetbrains/kotli
Event: 3.196 Thread 0x0000000002b1e800 Uncommon trap: reason=class_check action=maybe_recompile pc=0x0000000003af3ce8 method=org.jetbrains.kotlin.load.java.structure.impl.classFiles.BinaryClassSignatureParser.parseParameterizedClassRefSignature(Ljava/text/CharacterIterator;Lorg/jetbrains/kotli

Classes redefined (0 events):
No events

Internal exceptions (10 events):
Event: 1.065 Thread 0x0000000002b1e800 Exception <a 'java/lang/NoSuchMethodError': java.lang.Object.lambda$static$0(I)[Lorg/jetbrains/kotlin/com/intellij/psi/PsiElement;> (0x00000000d7b487a8) thrown at [C:\src\AOSP-openjdk-git\hotspot\src\share\vm\interpreter\linkResolver.cpp, line 620]
Event: 1.708 Thread 0x0000000002b1e800 Exception <a 'java/lang/ArrayIndexOutOfBoundsException': 126> (0x00000000d76e3688) thrown at [C:\src\AOSP-openjdk-git\hotspot\src\share\vm\interpreter\interpreterRuntime.cpp, line 368]
Event: 1.709 Thread 0x0000000002b1e800 Exception <a 'java/lang/ArrayIndexOutOfBoundsException': 86> (0x00000000d76e4b10) thrown at [C:\src\AOSP-openjdk-git\hotspot\src\share\vm\interpreter\interpreterRuntime.cpp, line 368]
Event: 2.242 Thread 0x0000000002b1e800 Exception <a 'java/lang/NoSuchMethodError': java.lang.Object.lambda$static$0(I)[Lorg/jetbrains/kotlin/psi/KtExpression;> (0x00000000d70e7810) thrown at [C:\src\AOSP-openjdk-git\hotspot\src\share\vm\interpreter\linkResolver.cpp, line 620]
Event: 2.308 Thread 0x0000000002b1e800 Implicit null exception at 0x00000000034b55fd to 0x00000000034b57b9
Event: 2.638 Thread 0x0000000002b1e800 Exception <a 'java/lang/NoSuchMethodError': java.lang.Object.lambda$static$0(I)[Lorg/jetbrains/kotlin/psi/KtDeclaration;> (0x00000000d7f8d2d0) thrown at [C:\src\AOSP-openjdk-git\hotspot\src\share\vm\interpreter\linkResolver.cpp, line 620]
Event: 2.766 Thread 0x0000000002b1e800 Exception <a 'java/lang/NoSuchMethodError': java.lang.Object.lambda$static$0(I)[Lorg/jetbrains/kotlin/psi/KtTypeElement;> (0x00000000d8873080) thrown at [C:\src\AOSP-openjdk-git\hotspot\src\share\vm\interpreter\linkResolver.cpp, line 620]
Event: 2.927 Thread 0x0000000002b1e800 Exception <a 'java/lang/NoSuchMethodError': java.lang.Object.lambda$static$0(I)[Lorg/jetbrains/kotlin/com/intellij/psi/PsiClass;> (0x00000000da280138) thrown at [C:\src\AOSP-openjdk-git\hotspot\src\share\vm\interpreter\linkResolver.cpp, line 620]
Event: 3.133 Thread 0x0000000002b1e800 Implicit null exception at 0x00000000039a6ed4 to 0x00000000039a71c9
Event: 3.133 Thread 0x0000000002b1e800 Implicit null exception at 0x000000000398f66f to 0x000000000398f6ad

Events (10 events):
Event: 3.313 loading class kotlin/sequences/DropWhileSequence
Event: 3.313 loading class kotlin/sequences/DropWhileSequence done
Event: 3.313 loading class kotlin/sequences/DropWhileSequence$iterator$1
Event: 3.313 loading class kotlin/sequences/DropWhileSequence$iterator$1 done
Event: 3.313 loading class org/jetbrains/kotlin/psi/KtExpression
Event: 3.313 loading class org/jetbrains/kotlin/psi/KtExpression done
Event: 3.313 loading class org/jetbrains/kotlin/psi/KtExpression
Event: 3.313 loading class org/jetbrains/kotlin/psi/KtExpression done
Event: 3.313 loading class org/jetbrains/kotlin/psi/KtNamedFunction
Event: 3.313 loading class org/jetbrains/kotlin/psi/KtNamedFunction done


Dynamic libraries:
0x00007ff75ad80000 - 0x00007ff75adb1000 	C:\Program Files\Android\Android Studio\jre\jre\bin\java.exe
0x00007ff9c3cb0000 - 0x00007ff9c3ea6000 	C:\WINDOWS\SYSTEM32\ntdll.dll
0x00007ff9c3bb0000 - 0x00007ff9c3c6d000 	C:\WINDOWS\System32\KERNEL32.DLL
0x00007ff9c18a0000 - 0x00007ff9c1b69000 	C:\WINDOWS\System32\KERNELBASE.dll
0x00007ff9c1d10000 - 0x00007ff9c1dbc000 	C:\WINDOWS\System32\ADVAPI32.dll
0x00007ff9c2690000 - 0x00007ff9c272e000 	C:\WINDOWS\System32\msvcrt.dll
0x00007ff9c3a20000 - 0x00007ff9c3abc000 	C:\WINDOWS\System32\sechost.dll
0x00007ff9c2560000 - 0x00007ff9c268b000 	C:\WINDOWS\System32\RPCRT4.dll
0x00007ff9c23c0000 - 0x00007ff9c2560000 	C:\WINDOWS\System32\USER32.dll
0x00007ff9c1500000 - 0x00007ff9c1522000 	C:\WINDOWS\System32\win32u.dll
0x00007ff9c3080000 - 0x00007ff9c30aa000 	C:\WINDOWS\System32\GDI32.dll
0x00007ff9c13f0000 - 0x00007ff9c14fb000 	C:\WINDOWS\System32\gdi32full.dll
0x00007ff9c1b70000 - 0x00007ff9c1c0d000 	C:\WINDOWS\System32\msvcp_win.dll
0x00007ff9c1530000 - 0x00007ff9c1630000 	C:\WINDOWS\System32\ucrtbase.dll
0x00007ff9abc70000 - 0x00007ff9abf0b000 	C:\WINDOWS\WinSxS\amd64_microsoft.windows.common-controls_6595b64144ccf1df_6.0.19041.746_none_ca02b4b61b8320a4\COMCTL32.dll
0x00007ff9c3b20000 - 0x00007ff9c3b50000 	C:\WINDOWS\System32\IMM32.DLL
0x0000000064de0000 - 0x0000000064eb2000 	C:\Program Files\Android\Android Studio\jre\jre\bin\msvcr100.dll
0x0000000063e00000 - 0x000000006464b000 	C:\Program Files\Android\Android Studio\jre\jre\bin\server\jvm.dll
0x00007ff9c1e70000 - 0x00007ff9c1e78000 	C:\WINDOWS\System32\PSAPI.DLL
0x00007ff9a9650000 - 0x00007ff9a9659000 	C:\WINDOWS\SYSTEM32\WSOCK32.dll
0x00007ff9c2810000 - 0x00007ff9c287b000 	C:\WINDOWS\System32\WS2_32.dll
0x00007ff9c0f70000 - 0x00007ff9c0f7a000 	C:\WINDOWS\SYSTEM32\VERSION.dll
0x00007ff9a63f0000 - 0x00007ff9a6417000 	C:\WINDOWS\SYSTEM32\WINMM.dll
0x00007ff9a88e0000 - 0x00007ff9a88ef000 	C:\Program Files\Android\Android Studio\jre\jre\bin\verify.dll
0x00007ff9a2b90000 - 0x00007ff9a2bb9000 	C:\Program Files\Android\Android Studio\jre\jre\bin\java.dll
0x00007ff9a88c0000 - 0x00007ff9a88d6000 	C:\Program Files\Android\Android Studio\jre\jre\bin\zip.dll
0x00007ff9c3270000 - 0x00007ff9c39b2000 	C:\WINDOWS\System32\SHELL32.dll
0x00007ff9bf4b0000 - 0x00007ff9bfc40000 	C:\WINDOWS\SYSTEM32\windows.storage.dll
0x00007ff9c2bf0000 - 0x00007ff9c2f46000 	C:\WINDOWS\System32\combase.dll
0x00007ff9c0de0000 - 0x00007ff9c0e0c000 	C:\WINDOWS\SYSTEM32\Wldp.dll
0x00007ff9c2310000 - 0x00007ff9c23be000 	C:\WINDOWS\System32\SHCORE.dll
0x00007ff9c39c0000 - 0x00007ff9c3a15000 	C:\WINDOWS\System32\shlwapi.dll
0x00007ff9c1320000 - 0x00007ff9c1346000 	C:\WINDOWS\SYSTEM32\profapi.dll
0x00007ff998080000 - 0x00007ff99809a000 	C:\Program Files\Android\Android Studio\jre\jre\bin\net.dll
0x00007ff9c0b60000 - 0x00007ff9c0bca000 	C:\WINDOWS\system32\mswsock.dll
0x00007ff9978e0000 - 0x00007ff9978f3000 	C:\Program Files\Android\Android Studio\jre\jre\bin\nio.dll

VM Arguments:
java_command: org.jetbrains.kotlin.cli.jvm.K2JVMCompiler -Xallow-no-source-files -classpath C:\Android\Proyecto\VendedoresKT\ApoloVendedor\app\build\intermediates\compile_and_runtime_not_namespaced_r_class_jar\debug\R.jar;C:\Users\Apolo\.gradle\caches\transforms-2\files-2.1\940933ff36c500fc300da39f92bf2507\jetified-ksoap2-android-assembly-3.6.2-jar-with-dependencies.jar;C:\Users\Apolo\.gradle\caches\transforms-2\files-2.1\b7391cb0ef2a592e070fd45c9e2d4d51\jetified-kotlin-android-extensions-runtime-1.3.72.jar;C:\Users\Apolo\.gradle\caches\transforms-2\files-2.1\6fc9346b2275246457468b28b445ec25\jetified-kotlin-stdlib-jdk7-1.3.72.jar;C:\Users\Apolo\.gradle\caches\transforms-2\files-2.1\a7c521a973fa94c7cb5dce493f5aeec1\jetified-core-ktx-1.2.0-api.jar;C:\Users\Apolo\.gradle\caches\transforms-2\files-2.1\c52b948ff9ad46790ed8f2ff00f2c421\jetified-kotlin-stdlib-1.3.72.jar;C:\Users\Apolo\.gradle\caches\transforms-2\files-2.1\049b323f9aeffcf195e248a925aab31d\jetified-kotlin-stdlib-common-1.3.72.jar;C:\Users\Apolo\.gradle\caches\transforms-2\files-2.1\64fab6255f9d96d2c98a740788790a80\jetified-annotations-13.0.jar;C:\Users\Apolo\.gradle\caches\transforms-2\files-2.1\a23b89162cd8e28190d6a5adb74e36c6\material-1.0.0-api.jar;C:\Users\Apolo\.gradle\caches\transforms-2\files-2.1\da3e9803232333f03504717ac64d1605\appcompat-1.1.0-api.jar;C:\Users\Apolo\.gradle\caches\transforms-2\files-2.1\d5866860b2b4777a2003b6ecec73b4e6\cardview-1.0.0-api.jar;C:\Users\Apolo\.gradle\caches\transforms-2\files-2.1\e45b2691cfc6cb894e1796a83c47685d\gridlayout-1.0.0-api.jar;C:\Users\Apolo\.gradle\caches\transforms-2\files-2.1\3f273c6e67e9bc71d091d370ba54752c\jetified-play-services-maps-17.0.0-api.jar;C:\Users\Apolo\.gradle\caches\transforms-2\files-2.1\fa2b6462b531d90bd4b4b0e739226412\lifecycle-extensions-2.0.0-api.jar;C:\Users\Apolo\.gradle\caches\transforms-2\files-2.1\5100796c51d3f5f01710c992bce4bd2d\jetified-play-services-base-17.0.0-api.jar;C:\Users\Apolo\.gradle\caches\transforms-2\files-2.1\b2388e30
java_class_path (initial): C:\Users\Apolo\.gradle\caches\modules-2\files-2.1\org.jetbrains.kotlin\kotlin-compiler-embeddable\1.3.72\fb72232c8fa977d5e07d33c43381ddbdc5edab6\kotlin-compiler-embeddable-1.3.72.jar;C:\Users\Apolo\.gradle\caches\modules-2\files-2.1\org.jetbrains.kotlin\kotlin-reflect\1.3.72\86613e1a669a701b0c660bfd2af4f82a7ae11fca\kotlin-reflect-1.3.72.jar;C:\Users\Apolo\.gradle\caches\modules-2\files-2.1\org.jetbrains.kotlin\kotlin-stdlib\1.3.72\8032138f12c0180bc4e51fe139d4c52b46db6109\kotlin-stdlib-1.3.72.jar;C:\Users\Apolo\.gradle\caches\modules-2\files-2.1\org.jetbrains.kotlin\kotlin-script-runtime\1.3.72\657d8d34d91e1964b4439378c09933e840bfe8d5\kotlin-script-runtime-1.3.72.jar;C:\Users\Apolo\.gradle\caches\modules-2\files-2.1\org.jetbrains.kotlin\kotlin-daemon-embeddable\1.3.72\53bbaa2816dbf6bdb85f629451b1fcc88f2164d2\kotlin-daemon-embeddable-1.3.72.jar;C:\Users\Apolo\.gradle\caches\modules-2\files-2.1\org.jetbrains.intellij.deps\trove4j\1.0.20181211\216c2e14b070f334479d800987affe4054cd563f\trove4j-1.0.20181211.jar;C:\Users\Apolo\.gradle\caches\modules-2\files-2.1\org.jetbrains.kotlin\kotlin-stdlib-common\1.3.72\6ca8bee3d88957eaaaef077c41c908c9940492d8\kotlin-stdlib-common-1.3.72.jar;C:\Users\Apolo\.gradle\caches\modules-2\files-2.1\org.jetbrains\annotations\13.0\919f0dfe192fb4e063e7dacadee7f8bb9a2672a9\annotations-13.0.jar;C:\Program Files\Android\Android Studio\jre\lib\tools.jar
Launcher Type: SUN_STANDARD

Environment Variables:
PATH=C:\Program Files\Common Files\Oracle\Java\javapath;C:\Program Files (x86)\Common Files\Oracle\Java\javapath;C:\orant\bin;C:\WINDOWS\system32;C:\WINDOWS;C:\WINDOWS\System32\Wbem;C:\WINDOWS\System32\WindowsPowerShell\v1.0\;C:\WINDOWS\System32\OpenSSH\;C:\orant\jdk\bin;C:\Program Files (x86)\Intel\Intel(R) Memory And Storage Tool\;C:\Program Files\Git\cmd;C:\Program Files\nodejs\;C:\Users\Apolo\AppData\Local\Microsoft\WindowsApps;;C:\Users\Apolo\AppData\Local\Programs\Microsoft VS Code\bin;C:\Users\Apolo\AppData\Roaming\npm
USERNAME=Apolo
OS=Windows_NT
PROCESSOR_IDENTIFIER=Intel64 Family 6 Model 126 Stepping 5, GenuineIntel



---------------  S Y S T E M  ---------------

OS: Windows 10.0 , 64 bit Build 19041 (10.0.19041.804)

CPU:total 8 (initial active 8) (4 cores per cpu, 2 threads per core) family 6 model 126 stepping 5, cmov, cx8, fxsr, mmx, sse, sse2, sse3, ssse3, sse4.1, sse4.2, popcnt, avx, avx2, aes, clmul, erms, 3dnowpref, lzcnt, ht, tsc, tscinvbit, bmi1, bmi2, adx

Memory: 4k page, physical 8165048k(569796k free), swap 11736884k(5144k free)

vm_info: OpenJDK 64-Bit Server VM (25.242-b01) for windows-amd64 JRE (1.8.0_242-release-1644-b01), built by "builder" with MS VC++ 10.0 (VS2010)

time: Thu Feb 25 08:36:48 2021
timezone: Hora de verano de Paraguay
elapsed time: 3 seconds (0d 0h 0m 3s)

