#
# There is insufficient memory for the Java Runtime Environment to continue.
# Native memory allocation (mmap) failed to map 55574528 bytes for Failed to commit area from 0x000000008ce00000 to 0x0000000090300000 of length 55574528.
# Possible reasons:
#   The system is out of physical RAM or swap space
#   The process is running with CompressedOops enabled, and the Java Heap may be blocking the growth of the native heap
# Possible solutions:
#   Reduce memory load on the system
#   Increase physical memory or swap space
#   Check if swap backing store is full
#   Decrease Java heap size (-Xmx/-Xms)
#   Decrease number of Java threads
#   Decrease Java thread stack sizes (-Xss)
#   Set larger code cache with -XX:ReservedCodeCacheSize=
#   JVM is running with Unscaled Compressed Oops mode in which the Java heap is
#     placed in the first 4GB address space. The Java Heap base address is the
#     maximum limit for the native heap growth. Please use -XX:HeapBaseMinAddress
#     to set the Java Heap base and to place the Java Heap above 4GB virtual address.
# This output file may be truncated or incomplete.
#
#  Out of Memory Error (./src/hotspot/os/windows/os_windows.cpp:3303), pid=16740, tid=19772
#
# JRE version: OpenJDK Runtime Environment (11.0.8+10) (build 11.0.8+10-b944.6842174)
# Java VM: OpenJDK 64-Bit Server VM (11.0.8+10-b944.6842174, mixed mode, tiered, compressed oops, g1 gc, windows-amd64)
# No core dump will be written. Minidumps are not enabled by default on client versions of Windows
#

---------------  S U M M A R Y ------------

Command Line: org.jetbrains.kotlin.cli.jvm.K2JVMCompiler -Xallow-no-source-files -classpath C:\Android\Proyecto\VendedoresKT\ApoloVendedor\app\build\intermediates\compile_and_runtime_not_namespaced_r_class_jar\debug\R.jar;C:\Users\Apolo\.gradle\caches\transforms-2\files-2.1\70b69f018ff8e55d59c786768edda5ad\jetified-ksoap2-android-assembly-3.6.2-jar-with-dependencies.jar;C:\Users\Apolo\.gradle\caches\transforms-2\files-2.1\65822686645ebbefbf6a8af1588fb9e6\jetified-kotlin-android-extensions-runtime-1.3.72.jar;C:\Users\Apolo\.gradle\caches\transforms-2\files-2.1\e339e8830f424a51a223b9ab6ff13c9b\jetified-kotlin-stdlib-jdk7-1.3.72.jar;C:\Users\Apolo\.gradle\caches\transforms-2\files-2.1\b7b8da7012b769d6e1d5e97ec3660eec\jetified-core-ktx-1.2.0-api.jar;C:\Users\Apolo\.gradle\caches\transforms-2\files-2.1\172a37d5aaf6c239d3f3ac4e85e80706\jetified-kotlin-stdlib-1.3.72.jar;C:\Users\Apolo\.gradle\caches\transforms-2\files-2.1\2cd9eed13f11bee972de9aa70644c376\jetified-kotlin-stdlib-common-1.3.72.jar;C:\Users\Apolo\.gradle\caches\transforms-2\files-2.1\17dda0cf0629172bdc4ecf5d3bc5b97a\jetified-annotations-13.0.jar;C:\Users\Apolo\.gradle\caches\transforms-2\files-2.1\c947f03eec3c31e4097ca3d0b32c1cc1\material-1.0.0-api.jar;C:\Users\Apolo\.gradle\caches\transforms-2\files-2.1\bf764ed074c0ac103109d1826cf7354a\appcompat-1.1.0-api.jar;C:\Users\Apolo\.gradle\caches\transforms-2\files-2.1\74b70178f46f9beb69813f52563b2a97\cardview-1.0.0-api.jar;C:\Users\Apolo\.gradle\caches\transforms-2\files-2.1\7333204511bb3c05d1650051bbdc5a28\gridlayout-1.0.0-api.jar;C:\Users\Apolo\.gradle\caches\transforms-2\files-2.1\14fd8c3ad82c146d9efd8859e38a0ef8\jetified-play-services-maps-17.0.0-api.jar;C:\Users\Apolo\.gradle\caches\transforms-2\files-2.1\8259b828720644cdf6d447b6f0a0b83e\lifecycle-extensions-2.0.0-api.jar;C:\Users\Apolo\.gradle\caches\transforms-2\files-2.1\315adbd2afad81e80f5bbf1852a718f2\jetified-play-services-base-17.0.0-api.jar;C:\Users\Apolo\.gradle\caches\transforms-2\files-2.1\990e53d49840d4a3304bf3e9e4296c42\jetified-play-services-tasks-17.0.0-api.jar;C:\Users\Apolo\.gradle\caches\transforms-2\files-2.1\403014eab9c0958fc26346100d11e617\jetified-play-services-basement-17.0.0-api.jar;C:\Users\Apolo\.gradle\caches\transforms-2\files-2.1\1fc704df438e6cdf3413193de7ed392d\fragment-1.1.0-api.jar;C:\Users\Apolo\.gradle\caches\transforms-2\files-2.1\33acbb21701a1ade15e4092c70f97025\jetified-appcompat-resources-1.1.0-api.jar;C:\Users\Apolo\.gradle\caches\transforms-2\files-2.1\33c20b999289e9299d1cad45fa98c7a6\recyclerview-1.0.0-api.jar;C:\Users\Apolo\.gradle\caches\transforms-2\files-2.1\76c75866880fca3b75c921507b105d85\legacy-support-core-ui-1.0.0-api.jar;C:\Users\Apolo\.gradle\caches\transforms-2\files-2.1\0e3c66a3359eaa312754fda18d5dfe2e\drawerlayout-1.0.0-api.jar;C:\Users\Apolo\.gradle\caches\transforms-2\files-2.1\c43474b19389b1e03742d2da590ee4a3\legacy-support-core-utils-1.0.0-api.jar;C:\Users\Apolo\.gradle\caches\transforms-2\files-2.1\1ecce74702a69f4ef001d8c6bd54834c\transition-1.0.0-api.jar;C:\Users\Apolo\.gradle\caches\transforms-2\files-2.1\091c5e1d98085a9d8c1238f7927ad4fe\viewpager-1.0.0-api.jar;C:\Users\Apolo\.gradle\caches\transforms-2\files-2.1\71f148104eb89bbfe4e11706029f1cef\loader-1.0.0-api.jar;C:\Users\Apolo\.gradle\caches\transforms-2\files-2.1\545b0e463990b84056b5abc523bcaf4b\jetified-activity-1.0.0-api.jar;C:\Users\Apolo\.gradle\caches\transforms-2\files-2.1\7f1b5fa0f97abb97ce59d6577f60626c\vectordrawable-animated-1.1.0-api.jar;C:\Users\Apolo\.gradle\caches\transforms-2\files-2.1\3235186253f0a4fb08ded59c6811268c\vectordrawable-1.1.0-api.jar;C:\Users\Apolo\.gradle\caches\transforms-2\files-2.1\7627cb98189ffbf04fb6ce4bfc1083aa\coordinatorlayout-1.0.0-api.jar;C:\Users\Apolo\.gradle\caches\transforms-2\files-2.1\8c9caf90f93a830eb2db4e11c3d2e4d6\slidingpanelayout-1.0.0-api.jar;C:\Users\Apolo\.gradle\caches\transforms-2\files-2.1\93bbed8d54bdf409240c2e8603405103\customview-1.0.0-api.jar;C:\Users\Apolo\.gradle\caches\transforms-2\files-2.1\3859092948a9f46d091d991580909ae0\swiperefreshlayout-1.0.0-api.jar;C:\Users\Apolo\.gradle\caches\transforms-2\files-2.1\a8282f650cbcd828238c9a81be553138\asynclayoutinflater-1.0.0-api.jar;C:\Users\Apolo\.gradle\caches\transforms-2\files-2.1\86f48c18db492a57be3ab23a948885bf\core-1.2.0-api.jar;C:\Users\Apolo\.gradle\caches\transforms-2\files-2.1\7aa288b484ec0e6c723a3d20022222b1\cursoradapter-1.0.0-api.jar;C:\Users\Apolo\.gradle\caches\transforms-2\files-2.1\12946545c9bb67528535379c9c39c656\versionedparcelable-1.1.0-api.jar;C:\Users\Apolo\.gradle\caches\modules-2\files-2.1\androidx.collection\collection\1.1.0\1f27220b47669781457de0d600849a5de0e89909\collection-1.1.0.jar;C:\Users\Apolo\.gradle\caches\transforms-2\files-2.1\17fb15fab65cfe32fe47332c1211a1ee\jetified-lifecycle-process-2.0.0-api.jar;C:\Users\Apolo\.gradle\caches\transforms-2\files-2.1\9cc75c497fd40dab6202513f6d8823dc\jetified-lifecycle-service-2.0.0-api.jar;C:\Users\Apolo\.gradle\caches\transforms-2\files-2.1\2f39c521624e3d32aad3ba1277bc57cd\lifecycle-runtime-2.1.0-api.jar;C:\Users\Apolo\.gradle\caches\transforms-2\files-2.1\ab041b0964ef1184cb2a7de95305b863\lifecycle-livedata-2.0.0-api.jar;C:\Users\Apolo\.gradle\caches\transforms-2\files-2.1\7b442f4bd2f6285f4266973425cdde37\lifecycle-livedata-core-2.0.0-api.jar;C:\Users\Apolo\.gradle\caches\transforms-2\files-2.1\c1af8ac5e7989a786aa0eb3a09c34082\core-runtime-2.0.0-api.jar;C:\Users\Apolo\.gradle\caches\transforms-2\files-2.1\40767bc9a4a49d23f242c58fa10db3e7\jetified-savedstate-1.0.0-api.jar;C:\Users\Apolo\.gradle\caches\modules-2\files-2.1\androidx.arch.core\core-common\2.1.0\b3152fc64428c9354344bd89848ecddc09b6f07e\core-common-2.1.0.jar;C:\Users\Apolo\.gradle\caches\modules-2\files-2.1\androidx.lifecycle\lifecycle-common\2.1.0\c67e7807d9cd6c329b9d0218b2ec4e505dd340b7\lifecycle-common-2.1.0.jar;C:\Users\Apolo\.gradle\caches\transforms-2\files-2.1\600384923bb3ad422417f4bd52348bbe\lifecycle-viewmodel-2.1.0-api.jar;C:\Users\Apolo\.gradle\caches\transforms-2\files-2.1\3bcd4bef0d8d540ce039d109b69f3fc3\interpolator-1.0.0-api.jar;C:\Users\Apolo\.gradle\caches\transforms-2\files-2.1\914074dbbf9cbd6853d634560584eb57\documentfile-1.0.0-api.jar;C:\Users\Apolo\.gradle\caches\transforms-2\files-2.1\858129cd4a31c7ff6a4caefa02a9e1b1\localbroadcastmanager-1.0.0-api.jar;C:\Users\Apolo\.gradle\caches\transforms-2\files-2.1\7f021faa7148dc50164d44c65733ca68\print-1.0.0-api.jar;C:\Users\Apolo\.gradle\caches\modules-2\files-2.1\androidx.annotation\annotation\1.1.0\e3a6fb2f40e3a3842e6b7472628ba4ce416ea4c8\annotation-1.1.0.jar;C:\Users\Apolo\.gradle\caches\transforms-2\files-2.1\4aa18531fc65d7dd6b7d30f617b0b69f\constraintlayout-1.1.3-api.jar;C:\Users\Apolo\.gradle\caches\modules-2\files-2.1\androidx.constraintlayout\constraintlayout-solver\1.1.3\54abe9ffb22cc9019b0b6fcc10f185cc4e67b34e\constraintlayout-solver-1.1.3.jar;C:\Users\Apolo\.gradle\caches\transforms-2\files-2.1\c0fb18c2ac0d8dccff83b8effb4830af\jetified-MPAndroidChart-v3.0.2.jar;C:\Users\Apolo\AppData\Local\Android\Sdk\platforms\android-30\android.jar;C:\Users\Apolo\AppData\Local\Android\Sdk\build-tools\30.0.2\core-lambda-stubs.jar -d C:\Android\Proyecto\VendedoresKT\ApoloVendedor\app\build\tmp\kotlin-classes\debug -Xjava-source-roots=C:\Android\Proyecto\VendedoresKT\ApoloVendedor\app\build\generated\source\buildConfig\debug -module-name app_debug -no-jdk -no-reflect -no-stdlib -Xcommon-sources=C:\Android\Proyecto\VendedoresKT\ApoloVendedor\app\src\main\java\apolo\vendedores\com\configurar\AcercaDe.kt,C:\Android\Proyecto\VendedoresKT\ApoloVendedor\app\src\main\java\apolo\vendedores\com\configurar\ActualizarVersion.kt,C:\Android\Proyecto\VendedoresKT\ApoloVendedor\app\src\main\java\apolo\vendedores\com\configurar\CalcularClavePrueba.kt,C:\Android\Proyecto\VendedoresKT\ApoloVendedor\app\src\main\java\apolo\vendedores\com\configurar\ConfigurarUsuario.kt,C:\Android\Proyecto\VendedoresKT\ApoloVendedor\app\src\main\java\apolo\vendedores\com\informes\CorteDeStock.kt,C:\Android\Proyecto\VendedoresKT\ApoloVendedor\app\src\main\java\apolo\vendedores\com\informes\EstadoDePedidos.kt,C:\Android\Proyecto\VendedoresKT\ApoloVendedor\app\src\main\java\apolo\vendedores\com\informes\EvolucionDiariaDeVentas.kt,C:\Android\Proyecto\VendedoresKT\ApoloVendedor\app\src\main\java\apolo\vendedores\com\informes\ListaDePrecios.kt,C:\Android\Proyecto\VendedoresKT\ApoloVendedor\app\src\main\java\apolo\vendedores\com\informes\PedidosEnReparto.kt,C:\Android\Proyecto\VendedoresKT\ApoloVendedor\app\src\main\java\apolo\vendedores\com\informes\PreciosModificados.kt,C:\Android\Proyecto\VendedoresKT\ApoloVendedor\app\src\main\java\apolo\vendedores\com\informes\RebotesPorCliente.kt,C:\Android\Proyecto\VendedoresKT\ApoloVendedor\app\src\main\java\apolo\vendedores\com\informes\RuteoSemanal.kt,C:\Android\Proyecto\VendedoresKT\ApoloVendedor\app\src\main\java\apolo\vendedores\com\MainActivity.kt,C:\Android\Proyecto\VendedoresKT\ApoloVendedor\app\src\main\java\apolo\vendedores\com\MainActivity2.kt,C:\Android\Proyecto\VendedoresKT\ApoloVendedor\app\src\main\java\apolo\vendedores\com\menu\DialogoMenu.kt,C:\Android\Proyecto\VendedoresKT\ApoloVendedor\app\src\main\java\apolo\vendedores\com\prueba\VentanaAuxiliar.kt,C:\Android\Proyecto\VendedoresKT\ApoloVendedor\app\src\main\java\apolo\vendedores\com\reportes\AvanceDeComisiones.kt,C:\Android\Proyecto\VendedoresKT\ApoloVendedor\app\src\main\java\apolo\vendedores\com\reportes\CanastaDeClientes.kt,C:\Android\Proyecto\VendedoresKT\ApoloVendedor\app\src\main\java\apolo\vendedores\com\reportes\CanastaDeMarcas.kt,C:\Android\Proyecto\VendedoresKT\ApoloVendedor\app\src\main\java\apolo\vendedores\com\reportes\CoberturaSemanal.kt,C:\Android\Proyecto\VendedoresKT\ApoloVendedor\app\src\main\java\apolo\vendedores\com\reportes\ComprobantesPendientes.kt,C:\Android\Proyecto\VendedoresKT\ApoloVendedor\app\src\main\java\apolo\vendedores\com\reportes\ExtractoDeSalario.kt,C:\Android\Proyecto\VendedoresKT\ApoloVendedor\app\src\main\java\apolo\vendedores\com\reportes\ProduccionSemanal.kt,C:\Android\Proyecto\VendedoresKT\ApoloVendedor\app\src\main\java\apolo\vendedores\com\reportes\SeguimientoDeVisitas.kt,C:\Android\Proyecto\VendedoresKT\ApoloVendedor\app\src\main\java\apolo\vendedores\com\reportes\SubAvanceDeComisiones.kt,C:\Android\Proyecto\VendedoresKT\ApoloVendedor\app\src\main\java\apolo\vendedores\com\reportes\SubVentasPorClientes.kt,C:\Android\Proyecto\VendedoresKT\ApoloVendedor\app\src\main\java\apolo\vendedores\com\reportes\SubVentasPorMarcas.kt,C:\Android\Proyecto\VendedoresKT\ApoloVendedor\app\src\main\java\apolo\vendedores\com\reportes\VariablesMensuales.kt,C:\Android\Proyecto\VendedoresKT\ApoloVendedor\app\src\main\java\apolo\vendedores\com\reportes\VentasPorCliente.kt,C:\Android\Proyecto\VendedoresKT\ApoloVendedor\app\src\main\java\apolo\vendedores\com\reportes\VentasPorMarca.kt,C:\Android\Proyecto\VendedoresKT\ApoloVendedor\app\src\main\java\apolo\vendedores\com\utilidades\Adapter.kt,C:\Android\Proyecto\VendedoresKT\ApoloVendedor\app\src\main\java\apolo\vendedores\com\utilidades\Clave.kt,C:\Android\Proyecto\VendedoresKT\ApoloVendedor\app\src\main\java\apolo\vendedores\com\utilidades\ConexionWS.kt,C:\Android\Proyecto\VendedoresKT\ApoloVendedor\app\src\main\java\apolo\vendedores\com\utilidades\ConsultasInicio.kt,C:\Android\Proyecto\VendedoresKT\ApoloVendedor\app\src\main\java\apolo\vendedores\com\utilidades\DialogoAutorizacion.kt,C:\Android\Proyecto\VendedoresKT\ApoloVendedor\app\src\main\java\apolo\vendedores\com\utilidades\DialogoBusqueda.kt,C:\Android\Proyecto\VendedoresKT\ApoloVendedor\app\src\main\java\apolo\vendedores\com\utilidades\DialogoCalendario.kt,C:\Android\Proyecto\VendedoresKT\ApoloVendedor\app\src\main\java\apolo\vendedores\com\utilidades\FuncionesConsultor.kt,C:\Android\Proyecto\VendedoresKT\ApoloVendedor\app\src\main\java\apolo\vendedores\com\utilidades\FuncionesDispositivo.kt,C:\Android\Proyecto\VendedoresKT\ApoloVendedor\app\src\main\java\apolo\vendedores\com\utilidades\FuncionesFoto.kt,C:\Android\Proyecto\VendedoresKT\ApoloVendedor\app\src\main\java\apolo\vendedores\com\utilidades\FuncionesSpinner.kt,C:\Android\Proyecto\VendedoresKT\ApoloVendedor\app\src\main\java\apolo\vendedores\com\utilidades\FuncionesUbicacion.kt,C:\Android\Proyecto\VendedoresKT\ApoloVendedor\app\src\main\java\apolo\vendedores\com\utilidades\FuncionesUtiles.kt,C:\Android\Proyecto\VendedoresKT\ApoloVendedor\app\src\main\java\apolo\vendedores\com\utilidades\GenericFileProvider.kt,C:\Android\Proyecto\VendedoresKT\ApoloVendedor\app\src\main\java\apolo\vendedores\com\utilidades\Graficos.kt,C:\Android\Proyecto\VendedoresKT\ApoloVendedor\app\src\main\java\apolo\vendedores\com\utilidades\ItemAbrir.kt,C:\Android\Proyecto\VendedoresKT\ApoloVendedor\app\src\main\java\apolo\vendedores\com\utilidades\Mapa.kt,C:\Android\Proyecto\VendedoresKT\ApoloVendedor\app\src\main\java\apolo\vendedores\com\utilidades\MapaCatastro.kt,C:\Android\Proyecto\VendedoresKT\ApoloVendedor\app\src\main\java\apolo\vendedores\com\utilidades\SentenciasSQL.kt,C:\Android\Proyecto\VendedoresKT\ApoloVendedor\app\src\main\java\apolo\vendedores\com\utilidades\Sincronizacion.kt,C:\Android\Proyecto\VendedoresKT\ApoloVendedor\app\src\main\java\apolo\vendedores\com\utilidades\TablasSincronizacion.kt,C:\Android\Proyecto\VendedoresKT\ApoloVendedor\app\src\main\java\apolo\vendedores\com\utilidades\UtilidadesBD.kt,C:\Android\Proyecto\VendedoresKT\ApoloVendedor\app\src\main\java\apolo\vendedores\com\ventas\asistencia\EnviarMarcacion.kt,C:\Android\Proyecto\VendedoresKT\ApoloVendedor\app\src\main\java\apolo\vendedores\com\ventas\asistencia\Marcacion.kt,C:\Android\Proyecto\VendedoresKT\ApoloVendedor\app\src\main\java\apolo\vendedores\com\ventas\baja\Baja.kt,C:\Android\Proyecto\VendedoresKT\ApoloVendedor\app\src\main\java\apolo\vendedores\com\ventas\baja\EnviarBaja.kt,C:\Android\Proyecto\VendedoresKT\ApoloVendedor\app\src\main\java\apolo\vendedores\com\ventas\catastro\CatastrarCliente.kt,C:\Android\Proyecto\VendedoresKT\ApoloVendedor\app\src\main\java\apolo\vendedores\com\ventas\ConsultaClientesNoPositivados.kt,C:\Android\Proyecto\VendedoresKT\ApoloVendedor\app\src\main\java\apolo\vendedores\com\ventas\ConsultaDatosDeCliente.kt,C:\Android\Proyecto\VendedoresKT\ApoloVendedor\app\src\main\java\apolo\vendedores\com\ventas\ConsultaPedidos.kt,C:\Android\Proyecto\VendedoresKT\ApoloVendedor\app\src\main\java\apolo\vendedores\com\ventas\Deuda.kt,C:\Android\Proyecto\VendedoresKT\ApoloVendedor\app\src\main\java\apolo\vendedores\com\ventas\DeudaDeClientes.kt,C:\Android\Proyecto\VendedoresKT\ApoloVendedor\app\src\main\java\apolo\vendedores\com\ventas\DialogoPedidos.kt,C:\Android\Proyecto\VendedoresKT\ApoloVendedor\app\src\main\java\apolo\vendedores\com\ventas\DialogoPromocion.kt,C:\Android\Proyecto\VendedoresKT\ApoloVendedor\app\src\main\java\apolo\vendedores\com\ventas\EnviarModificacion.kt,C:\Android\Proyecto\VendedoresKT\ApoloVendedor\app\src\main\java\apolo\vendedores\com\ventas\EnviarPedido.kt,C:\Android\Proyecto\VendedoresKT\ApoloVendedor\app\src\main\java\apolo\vendedores\com\ventas\justificacion\NoVenta.kt,C:\Android\Proyecto\VendedoresKT\ApoloVendedor\app\src\main\java\apolo\vendedores\com\ventas\ListaClientes.kt,C:\Android\Proyecto\VendedoresKT\ApoloVendedor\app\src\main\java\apolo\vendedores\com\ventas\ModificarCliente.kt,C:\Android\Proyecto\VendedoresKT\ApoloVendedor\app\src\main\java\apolo\vendedores\com\ventas\Pedidos.kt,C:\Android\Proyecto\VendedoresKT\ApoloVendedor\app\src\main\java\apolo\vendedores\com\ventas\Promociones.kt,C:\Android\Proyecto\VendedoresKT\ApoloVendedor\app\src\main\java\apolo\vendedores\com\ventas\Promotores.kt,C:\Android\Proyecto\VendedoresKT\ApoloVendedor\app\src\main\java\apolo\vendedores\com\ventas\PromotoresBaja.kt,C:\Android\Proyecto\VendedoresKT\ApoloVendedor\app\src\main\java\apolo\vendedores\com\ventas\PromotoresCatastro.kt,C:\Android\Proyecto\VendedoresKT\ApoloVendedor\app\src\main\java\apolo\vendedores\com\ventas\sd\EnviarSD.kt,C:\Android\Proyecto\VendedoresKT\ApoloVendedor\app\src\main\java\apolo\vendedores\com\ventas\sd\SolicitudDevolucion.kt -Xplugin=C:\Users\Apolo\.gradle\caches\modules-2\files-2.1\org.jetbrains.intellij.deps\trove4j\1.0.20181211\216c2e14b070f334479d800987affe4054cd563f\trove4j-1.0.20181211.jar,C:\Users\Apolo\.gradle\caches\modules-2\files-2.1\org.jetbrains.kotlin\kotlin-android-extensions\1.3.72\ecbb105a12a9766d2188f454b3bc3aab46cb80b6\kotlin-android-extensions-1.3.72.jar,C:\Users\Apolo\.gradle\caches\modules-2\files-2.1\org.jetbrains.kotlin\kotlin-compiler-embeddable\1.3.72\fb72232c8fa977d5e07d33c43381ddbdc5edab6\kotlin-compiler-embeddable-1.3.72.jar,C:\Users\Apolo\.gradle\caches\modules-2\files-2.1\org.jetbrains.kotlin\kotlin-daemon-embeddable\1.3.72\53bbaa2816dbf6bdb85f629451b1fcc88f2164d2\kotlin-daemon-embeddable-1.3.72.jar,C:\Users\Apolo\.gradle\caches\modules-2\files-2.1\org.jetbrains.kotlin\kotlin-reflect\1.3.72\86613e1a669a701b0c660bfd2af4f82a7ae11fca\kotlin-reflect-1.3.72.jar,C:\Users\Apolo\.gradle\caches\modules-2\files-2.1\org.jetbrains.kotlin\kotlin-script-runtime\1.3.72\657d8d34d91e1964b4439378c09933e840bfe8d5\kotlin-script-runtime-1.3.72.jar,C:\Users\Apolo\.gradle\caches\modules-2\files-2.1\org.jetbrains.kotlin\kotlin-stdlib-common\1.3.72\6ca8bee3d88957eaaaef077c41c908c9940492d8\kotlin-stdlib-common-1.3.72.jar,C:\Users\Apolo\.gradle\caches\modules-2\files-2.1\org.jetbrains.kotlin\kotlin-stdlib\1.3.72\8032138f12c0180bc4e51fe139d4c52b46db6109\kotlin-stdlib-1.3.72.jar,C:\Users\Apolo\.gradle\caches\modules-2\files-2.1\org.jetbrains\annotations\13.0\919f0dfe192fb4e063e7dacadee7f8bb9a2672a9\annotations-13.0.jar -P plugin:org.jetbrains.kotlin.android:configuration=rO0ABXeZAAAAAwAIZmVhdHVyZXMAAAABAA92aWV3cyxwYXJjZWxpemUAB3BhY2thZ2UAAAABABRhcG9sby52ZW5kZWRvcmVzLmNvbQAHdmFyaWFudAAAAAEARG1haW47QzpcQW5kcm9pZFxQcm95ZWN0b1xWZW5kZWRvcmVzS1RcQXBvbG9WZW5kZWRvclxhcHBcc3JjXG1haW5ccmVz C:\Android\Proyecto\VendedoresKT\ApoloVendedor\app\src\main\java\apolo\vendedores\com\configurar\AcercaDe.kt C:\Android\Proyecto\VendedoresKT\ApoloVendedor\app\src\main\java\apolo\vendedores\com\configurar\ActualizarVersion.kt C:\Android\Proyecto\VendedoresKT\ApoloVendedor\app\src\main\java\apolo\vendedores\com\configurar\CalcularClavePrueba.kt C:\Android\Proyecto\VendedoresKT\ApoloVendedor\app\src\main\java\apolo\vendedores\com\configurar\ConfigurarUsuario.kt C:\Android\Proyecto\VendedoresKT\ApoloVendedor\app\src\main\java\apolo\vendedores\com\informes\CorteDeStock.kt C:\Android\Proyecto\VendedoresKT\ApoloVendedor\app\src\main\java\apolo\vendedores\com\informes\EstadoDePedidos.kt C:\Android\Proyecto\VendedoresKT\ApoloVendedor\app\src\main\java\apolo\vendedores\com\informes\EvolucionDiariaDeVentas.kt C:\Android\Proyecto\VendedoresKT\ApoloVendedor\app\src\main\java\apolo\vendedores\com\informes\ListaDePrecios.kt C:\Android\Proyecto\VendedoresKT\ApoloVendedor\app\src\main\java\apolo\vendedores\com\informes\PedidosEnReparto.kt C:\Android\Proyecto\VendedoresKT\ApoloVendedor\app\src\main\java\apolo\vendedores\com\informes\PreciosModificados.kt C:\Android\Proyecto\VendedoresKT\ApoloVendedor\app\src\main\java\apolo\vendedores\com\informes\RebotesPorCliente.kt C:\Android\Proyecto\VendedoresKT\ApoloVendedor\app\src\main\java\apolo\vendedores\com\informes\RuteoSemanal.kt C:\Android\Proyecto\VendedoresKT\ApoloVendedor\app\src\main\java\apolo\vendedores\com\MainActivity.kt C:\Android\Proyecto\VendedoresKT\ApoloVendedor\app\src\main\java\apolo\vendedores\com\MainActivity2.kt C:\Android\Proyecto\VendedoresKT\ApoloVendedor\app\src\main\java\apolo\vendedores\com\menu\DialogoMenu.kt C:\Android\Proyecto\VendedoresKT\ApoloVendedor\app\src\main\java\apolo\vendedores\com\prueba\VentanaAuxiliar.kt C:\Android\Proyecto\VendedoresKT\ApoloVendedor\app\src\main\java\apolo\vendedores\com\reportes\AvanceDeComisiones.kt C:\Android\Proyecto\VendedoresKT\ApoloVendedor\app\src\main\java\apolo\vendedores\com\reportes\CanastaDeClientes.kt C:\Android\Proyecto\VendedoresKT\ApoloVendedor\app\src\main\java\apolo\vendedores\com\reportes\CanastaDeMarcas.kt C:\Android\Proyecto\VendedoresKT\ApoloVendedor\app\src\main\java\apolo\vendedores\com\reportes\CoberturaSemanal.kt C:\Android\Proyecto\VendedoresKT\ApoloVendedor\app\src\main\java\apolo\vendedores\com\reportes\ComprobantesPendientes.kt C:\Android\Proyecto\VendedoresKT\ApoloVendedor\app\src\main\java\apolo\vendedores\com\reportes\ExtractoDeSalario.kt C:\Android\Proyecto\VendedoresKT\ApoloVendedor\app\src\main\java\apolo\vendedores\com\reportes\ProduccionSemanal.kt C:\Android\Proyecto\VendedoresKT\ApoloVendedor\app\src\main\java\apolo\vendedores\com\reportes\SeguimientoDeVisitas.kt C:\Android\Proyecto\VendedoresKT\ApoloVendedor\app\src\main\java\apolo\vendedores\com\reportes\SubAvanceDeComisiones.kt C:\Android\Proyecto\VendedoresKT\ApoloVendedor\app\src\main\java\apolo\vendedores\com\reportes\SubVentasPorClientes.kt C:\Android\Proyecto\VendedoresKT\ApoloVendedor\app\src\main\java\apolo\vendedores\com\reportes\SubVentasPorMarcas.kt C:\Android\Proyecto\VendedoresKT\ApoloVendedor\app\src\main\java\apolo\vendedores\com\reportes\VariablesMensuales.kt C:\Android\Proyecto\VendedoresKT\ApoloVendedor\app\src\main\java\apolo\vendedores\com\reportes\VentasPorCliente.kt C:\Android\Proyecto\VendedoresKT\ApoloVendedor\app\src\main\java\apolo\vendedores\com\reportes\VentasPorMarca.kt C:\Android\Proyecto\VendedoresKT\ApoloVendedor\app\src\main\java\apolo\vendedores\com\utilidades\Adapter.kt C:\Android\Proyecto\VendedoresKT\ApoloVendedor\app\src\main\java\apolo\vendedores\com\utilidades\Clave.kt C:\Android\Proyecto\VendedoresKT\ApoloVendedor\app\src\main\java\apolo\vendedores\com\utilidades\ConexionWS.kt C:\Android\Proyecto\VendedoresKT\ApoloVendedor\app\src\main\java\apolo\vendedores\com\utilidades\ConsultasInicio.kt C:\Android\Proyecto\VendedoresKT\ApoloVendedor\app\src\main\java\apolo\vendedores\com\utilidades\DialogoAutorizacion.kt C:\Android\Proyecto\VendedoresKT\ApoloVendedor\app\src\main\java\apolo\vendedores\com\utilidades\DialogoBusqueda.kt C:\Android\Proyecto\VendedoresKT\ApoloVendedor\app\src\main\java\apolo\vendedores\com\utilidades\DialogoCalendario.kt C:\Android\Proyecto\VendedoresKT\ApoloVendedor\app\src\main\java\apolo\vendedores\com\utilidades\FuncionesConsultor.kt C:\Android\Proyecto\VendedoresKT\ApoloVendedor\app\src\main\java\apolo\vendedores\com\utilidades\FuncionesDispositivo.kt C:\Android\Proyecto\VendedoresKT\ApoloVendedor\app\src\main\java\apolo\vendedores\com\utilidades\FuncionesFoto.kt C:\Android\Proyecto\VendedoresKT\ApoloVendedor\app\src\main\java\apolo\vendedores\com\utilidades\FuncionesSpinner.kt C:\Android\Proyecto\VendedoresKT\ApoloVendedor\app\src\main\java\apolo\vendedores\com\utilidades\FuncionesUbicacion.kt C:\Android\Proyecto\VendedoresKT\ApoloVendedor\app\src\main\java\apolo\vendedores\com\utilidades\FuncionesUtiles.kt C:\Android\Proyecto\VendedoresKT\ApoloVendedor\app\src\main\java\apolo\vendedores\com\utilidades\GenericFileProvider.kt C:\Android\Proyecto\VendedoresKT\ApoloVendedor\app\src\main\java\apolo\vendedores\com\utilidades\Graficos.kt C:\Android\Proyecto\VendedoresKT\ApoloVendedor\app\src\main\java\apolo\vendedores\com\utilidades\ItemAbrir.kt C:\Android\Proyecto\VendedoresKT\ApoloVendedor\app\src\main\java\apolo\vendedores\com\utilidades\Mapa.kt C:\Android\Proyecto\VendedoresKT\ApoloVendedor\app\src\main\java\apolo\vendedores\com\utilidades\MapaCatastro.kt C:\Android\Proyecto\VendedoresKT\ApoloVendedor\app\src\main\java\apolo\vendedores\com\utilidades\SentenciasSQL.kt C:\Android\Proyecto\VendedoresKT\ApoloVendedor\app\src\main\java\apolo\vendedores\com\utilidades\Sincronizacion.kt C:\Android\Proyecto\VendedoresKT\ApoloVendedor\app\src\main\java\apolo\vendedores\com\utilidades\TablasSincronizacion.kt C:\Android\Proyecto\VendedoresKT\ApoloVendedor\app\src\main\java\apolo\vendedores\com\utilidades\UtilidadesBD.kt C:\Android\Proyecto\VendedoresKT\ApoloVendedor\app\src\main\java\apolo\vendedores\com\ventas\asistencia\EnviarMarcacion.kt C:\Android\Proyecto\VendedoresKT\ApoloVendedor\app\src\main\java\apolo\vendedores\com\ventas\asistencia\Marcacion.kt C:\Android\Proyecto\VendedoresKT\ApoloVendedor\app\src\main\java\apolo\vendedores\com\ventas\baja\Baja.kt C:\Android\Proyecto\VendedoresKT\ApoloVendedor\app\src\main\java\apolo\vendedores\com\ventas\baja\EnviarBaja.kt C:\Android\Proyecto\VendedoresKT\ApoloVendedor\app\src\main\java\apolo\vendedores\com\ventas\catastro\CatastrarCliente.kt C:\Android\Proyecto\VendedoresKT\ApoloVendedor\app\src\main\java\apolo\vendedores\com\ventas\ConsultaClientesNoPositivados.kt C:\Android\Proyecto\VendedoresKT\ApoloVendedor\app\src\main\java\apolo\vendedores\com\ventas\ConsultaDatosDeCliente.kt C:\Android\Proyecto\VendedoresKT\ApoloVendedor\app\src\main\java\apolo\vendedores\com\ventas\ConsultaPedidos.kt C:\Android\Proyecto\VendedoresKT\ApoloVendedor\app\src\main\java\apolo\vendedores\com\ventas\Deuda.kt C:\Android\Proyecto\VendedoresKT\ApoloVendedor\app\src\main\java\apolo\vendedores\com\ventas\DeudaDeClientes.kt C:\Android\Proyecto\VendedoresKT\ApoloVendedor\app\src\main\java\apolo\vendedores\com\ventas\DialogoPedidos.kt C:\Android\Proyecto\VendedoresKT\ApoloVendedor\app\src\main\java\apolo\vendedores\com\ventas\DialogoPromocion.kt C:\Android\Proyecto\VendedoresKT\ApoloVendedor\app\src\main\java\apolo\vendedores\com\ventas\EnviarModificacion.kt C:\Android\Proyecto\VendedoresKT\ApoloVendedor\app\src\main\java\apolo\vendedores\com\ventas\EnviarPedido.kt C:\Android\Proyecto\VendedoresKT\ApoloVendedor\app\src\main\java\apolo\vendedores\com\ventas\justificacion\NoVenta.kt C:\Android\Proyecto\VendedoresKT\ApoloVendedor\app\src\main\java\apolo\vendedores\com\ventas\ListaClientes.kt C:\Android\Proyecto\VendedoresKT\ApoloVendedor\app\src\main\java\apolo\vendedores\com\ventas\ModificarCliente.kt C:\Android\Proyecto\VendedoresKT\ApoloVendedor\app\src\main\java\apolo\vendedores\com\ventas\Pedidos.kt C:\Android\Proyecto\VendedoresKT\ApoloVendedor\app\src\main\java\apolo\vendedores\com\ventas\Promociones.kt C:\Android\Proyecto\VendedoresKT\ApoloVendedor\app\src\main\java\apolo\vendedores\com\ventas\Promotores.kt C:\Android\Proyecto\VendedoresKT\ApoloVendedor\app\src\main\java\apolo\vendedores\com\ventas\PromotoresBaja.kt C:\Android\Proyecto\VendedoresKT\ApoloVendedor\app\src\main\java\apolo\vendedores\com\ventas\PromotoresCatastro.kt C:\Android\Proyecto\VendedoresKT\ApoloVendedor\app\src\main\java\apolo\vendedores\com\ventas\sd\EnviarSD.kt C:\Android\Proyecto\VendedoresKT\ApoloVendedor\app\src\main\java\apolo\vendedores\com\ventas\sd\SolicitudDevolucion.kt

Host: Intel(R) Core(TM) i7-1065G7 CPU @ 1.30GHz, 8 cores, 7G,  Windows 10 , 64 bit Build 19041 (10.0.19041.928)
Time: Mon May 31 12:58:40 2021 Hora estándar de Paraguay elapsed time: 6 seconds (0d 0h 0m 6s)

---------------  T H R E A D  ---------------

Current thread (0x000002392742b800):  VMThread "VM Thread" [stack: 0x000000d66e000000,0x000000d66e100000] [id=19772]

Stack: [0x000000d66e000000,0x000000d66e100000]
[error occurred during error reporting (printing stack bounds), id 0xc0000005, EXCEPTION_ACCESS_VIOLATION (0xc0000005) at pc=0x0000023910c60f67]

Native frames: (J=compiled Java code, j=interpreted, Vv=VM code, C=native code)
V  [jvm.dll+0x5de50a]
V  [jvm.dll+0x7122f5]
V  [jvm.dll+0x71384d]
V  [jvm.dll+0x713e65]
V  [jvm.dll+0x713e1b]
V  [jvm.dll+0x5dd958]
V  [jvm.dll+0x5de0f8]
C  [ntdll.dll+0xa217f]
C  [ntdll.dll+0x51454]
C  [ntdll.dll+0xa0cae]
C  0x0000023910c60f67

VM_Operation (0x000000d66dafdbd0): G1CollectForAllocation, mode: safepoint, requested by thread 0x000002390d312800


---------------  P R O C E S S  ---------------

Threads class SMR info:
_java_thread_list=0x0000023927e28f70, length=12, elements={
0x000002390d312800, 0x000002392743f000, 0x0000023927440000, 0x000002392744b000,
0x000002392744c800, 0x0000023927c72000, 0x0000023927c77000, 0x0000023927c78000,
0x0000023927e22000, 0x0000023927e2b000, 0x0000023927e71000, 0x0000023927e25800
}

Java Threads: ( => current thread )
  0x000002390d312800 JavaThread "main" [_thread_blocked, id=21628, stack(0x000000d66da00000,0x000000d66db00000)]
  0x000002392743f000 JavaThread "Reference Handler" daemon [_thread_blocked, id=22308, stack(0x000000d66e100000,0x000000d66e200000)]
  0x0000023927440000 JavaThread "Finalizer" daemon [_thread_blocked, id=23720, stack(0x000000d66e200000,0x000000d66e300000)]
  0x000002392744b000 JavaThread "Signal Dispatcher" daemon [_thread_blocked, id=18296, stack(0x000000d66e300000,0x000000d66e400000)]
  0x000002392744c800 JavaThread "Attach Listener" daemon [_thread_blocked, id=20428, stack(0x000000d66e400000,0x000000d66e500000)]
  0x0000023927c72000 JavaThread "C2 CompilerThread0" daemon [_thread_in_native, id=23972, stack(0x000000d66e500000,0x000000d66e600000)]
  0x0000023927c77000 JavaThread "C1 CompilerThread0" daemon [_thread_blocked, id=23108, stack(0x000000d66e600000,0x000000d66e700000)]
  0x0000023927c78000 JavaThread "Sweeper thread" daemon [_thread_blocked, id=16144, stack(0x000000d66e700000,0x000000d66e800000)]
  0x0000023927e22000 JavaThread "Service Thread" daemon [_thread_blocked, id=10116, stack(0x000000d66e800000,0x000000d66e900000)]
  0x0000023927e2b000 JavaThread "Common-Cleaner" daemon [_thread_blocked, id=9996, stack(0x000000d66ea00000,0x000000d66eb00000)]
  0x0000023927e71000 JavaThread "C2 CompilerThread1" daemon [_thread_in_native, id=23368, stack(0x000000d66eb00000,0x000000d66ec00000)]
  0x0000023927e25800 JavaThread "C2 CompilerThread2" daemon [_thread_in_native, id=25332, stack(0x000000d66ec00000,0x000000d66ed00000)]

Other Threads:
=>0x000002392742b800 VMThread "VM Thread" [stack: 0x000000d66e000000,0x000000d66e100000] [id=19772]
  0x0000023927e23000 WatcherThread [stack: 0x000000d66e900000,0x000000d66ea00000] [id=24732]
  0x000002390d32a000 GCTaskThread "GC Thread#0" [stack: 0x000000d66db00000,0x000000d66dc00000] [id=3668]
  0x00000239283ba000 GCTaskThread "GC Thread#1" [stack: 0x000000d66ed00000,0x000000d66ee00000] [id=25116]
  0x00000239283b0800 GCTaskThread "GC Thread#2" [stack: 0x000000d66ee00000,0x000000d66ef00000] [id=22248]
  0x000002390d35a000 ConcurrentGCThread "G1 Main Marker" [stack: 0x000000d66dc00000,0x000000d66dd00000] [id=14408]
  0x000002390d35c000 ConcurrentGCThread "G1 Conc#0" [stack: 0x000000d66dd00000,0x000000d66de00000] [id=18124]
  0x0000023928792000 ConcurrentGCThread "G1 Conc#1" [stack: 0x000000d66ef00000,0x000000d66f000000] [id=16060]
  0x000002390d3bd800 ConcurrentGCThread "G1 Refine#0" [stack: 0x000000d66de00000,0x000000d66df00000] [id=19700]
  0x000002392d212000 ConcurrentGCThread "G1 Refine#1" [stack: 0x000000d66f000000,0x000000d66f100000] [id=26568]
  0x000002392af23800 ConcurrentGCThread "G1 Refine#2" [stack: 0x000000d66f100000,0x000000d66f200000] [id=25004]
  0x000002392dc9b000 ConcurrentGCThread "G1 Refine#3" [stack: 0x000000d66f200000,0x000000d66f300000] [id=23348]
  0x000002392dc9c000 ConcurrentGCThread "G1 Refine#4" [stack: 0x000000d66f300000,0x000000d66f400000] [id=19112]
  0x000002392728e000 ConcurrentGCThread "G1 Young RemSet Sampling" [stack: 0x000000d66df00000,0x000000d66e000000] [id=22576]

Threads with active compile tasks:
C2 CompilerThread0   6366 7561       4       org.jetbrains.kotlin.resolve.OverridingUtil::createAndBindFakeOverrides (119 bytes)
C2 CompilerThread1   6366 7598       4       org.jetbrains.kotlin.types.DescriptorSubstitutor::substituteTypeParameters (334 bytes)
C2 CompilerThread2   6366 7560       4       org.jetbrains.kotlin.resolve.OverridingUtil::generateOverridesInFunctionGroup (123 bytes)

VM state:at safepoint (normal execution)

VM Mutex/Monitor currently owned by a thread:  ([mutex/lock_event])
[0x000002390d30fd70] Threads_lock - owner thread: 0x000002392742b800
[0x000002390d30f590] Heap_lock - owner thread: 0x000002390d312800

Heap address: 0x0000000083600000, size: 1994 MB, Compressed Oops mode: 32-bit
Narrow klass base: 0x0000000000000000, Narrow klass shift: 3
Compressed class space size: 1073741824 Address: 0x0000000100000000

Heap:
 garbage-first heap   total 209920K, used 64000K [0x0000000083600000, 0x0000000100000000)
  region size 1024K, 4 young (4096K), 4 survivors (4096K)
 Metaspace       used 50932K, capacity 51497K, committed 51632K, reserved 1095680K
  class space    used 5706K, capacity 5931K, committed 6064K, reserved 1048576K
Heap Regions: E=young(eden), S=young(survivor), O=old, HS=humongous(starts), HC=humongous(continues), CS=collection set, F=free, A=archive, TAMS=top-at-mark-start (previous, next)
|   0|0x0000000083600000, 0x0000000083700000, 0x0000000083700000|100%|HS|  |TAMS 0x0000000083700000, 0x0000000083600000| Complete 
|   1|0x0000000083700000, 0x0000000083800000, 0x0000000083800000|100%|HC|  |TAMS 0x0000000083800000, 0x0000000083700000| Complete 
|   2|0x0000000083800000, 0x0000000083900000, 0x0000000083900000|100%|HC|  |TAMS 0x0000000083900000, 0x0000000083800000| Complete 
|   3|0x0000000083900000, 0x0000000083a00000, 0x0000000083a00000|100%| O|  |TAMS 0x0000000083a00000, 0x0000000083900000| Untracked 
|   4|0x0000000083a00000, 0x0000000083b00000, 0x0000000083b00000|100%| O|  |TAMS 0x0000000083b00000, 0x0000000083a00000| Untracked 
|   5|0x0000000083b00000, 0x0000000083c00000, 0x0000000083c00000|100%| O|  |TAMS 0x0000000083c00000, 0x0000000083b00000| Untracked 
|   6|0x0000000083c00000, 0x0000000083d00000, 0x0000000083d00000|100%| O|  |TAMS 0x0000000083d00000, 0x0000000083c00000| Untracked 
|   7|0x0000000083d00000, 0x0000000083e00000, 0x0000000083e00000|100%| O|  |TAMS 0x0000000083e00000, 0x0000000083d00000| Untracked 
|   8|0x0000000083e00000, 0x0000000083f00000, 0x0000000083f00000|100%| O|  |TAMS 0x0000000083f00000, 0x0000000083e00000| Untracked 
|   9|0x0000000083f00000, 0x0000000084000000, 0x0000000084000000|100%|HS|  |TAMS 0x0000000084000000, 0x0000000083f00000| Complete 
|  10|0x0000000084000000, 0x0000000084100000, 0x0000000084100000|100%|HC|  |TAMS 0x0000000084100000, 0x0000000084000000| Complete 
|  11|0x0000000084100000, 0x0000000084200000, 0x0000000084200000|100%| O|  |TAMS 0x0000000084200000, 0x0000000084100000| Untracked 
|  12|0x0000000084200000, 0x0000000084300000, 0x0000000084300000|100%| O|  |TAMS 0x0000000084300000, 0x0000000084200000| Untracked 
|  13|0x0000000084300000, 0x0000000084400000, 0x0000000084400000|100%| O|  |TAMS 0x0000000084400000, 0x0000000084300000| Untracked 
|  14|0x0000000084400000, 0x0000000084500000, 0x0000000084500000|100%| O|  |TAMS 0x0000000084500000, 0x0000000084400000| Untracked 
|  15|0x0000000084500000, 0x0000000084600000, 0x0000000084600000|100%| O|  |TAMS 0x0000000084600000, 0x0000000084500000| Untracked 
|  16|0x0000000084600000, 0x0000000084700000, 0x0000000084700000|100%| O|  |TAMS 0x0000000084700000, 0x0000000084600000| Untracked 
|  17|0x0000000084700000, 0x0000000084800000, 0x0000000084800000|100%| O|  |TAMS 0x00000000847aa000, 0x0000000084700000| Untracked 
|  18|0x0000000084800000, 0x0000000084900000, 0x0000000084900000|100%| O|  |TAMS 0x0000000084800000, 0x0000000084800000| Untracked 
|  19|0x0000000084900000, 0x0000000084a00000, 0x0000000084a00000|100%| O|  |TAMS 0x0000000084900000, 0x0000000084900000| Untracked 
|  20|0x0000000084a00000, 0x0000000084b00000, 0x0000000084b00000|100%| O|  |TAMS 0x0000000084a00000, 0x0000000084a00000| Untracked 
|  21|0x0000000084b00000, 0x0000000084c00000, 0x0000000084c00000|100%| O|  |TAMS 0x0000000084b00000, 0x0000000084b00000| Untracked 
|  22|0x0000000084c00000, 0x0000000084d00000, 0x0000000084d00000|100%| O|  |TAMS 0x0000000084c00000, 0x0000000084c00000| Untracked 
|  23|0x0000000084d00000, 0x0000000084e00000, 0x0000000084e00000|100%| O|  |TAMS 0x0000000084d00000, 0x0000000084d00000| Untracked 
|  24|0x0000000084e00000, 0x0000000084f00000, 0x0000000084f00000|100%| O|  |TAMS 0x0000000084e00000, 0x0000000084e00000| Untracked 
|  25|0x0000000084f00000, 0x0000000085000000, 0x0000000085000000|100%| O|  |TAMS 0x0000000084f00000, 0x0000000084f00000| Untracked 
|  26|0x0000000085000000, 0x0000000085100000, 0x0000000085100000|100%| O|  |TAMS 0x0000000085000000, 0x0000000085000000| Untracked 
|  27|0x0000000085100000, 0x0000000085200000, 0x0000000085200000|100%| O|  |TAMS 0x0000000085100000, 0x0000000085100000| Untracked 
|  28|0x0000000085200000, 0x0000000085300000, 0x0000000085300000|100%| O|  |TAMS 0x0000000085200000, 0x0000000085200000| Untracked 
|  29|0x0000000085300000, 0x0000000085400000, 0x0000000085400000|100%|HS|  |TAMS 0x0000000085300000, 0x0000000085300000| Complete 
|  30|0x0000000085400000, 0x0000000085500000, 0x0000000085500000|100%|HC|  |TAMS 0x0000000085400000, 0x0000000085400000| Complete 
|  31|0x0000000085500000, 0x0000000085600000, 0x0000000085600000|100%| O|  |TAMS 0x0000000085500000, 0x0000000085500000| Untracked 
|  32|0x0000000085600000, 0x0000000085700000, 0x0000000085700000|100%| O|  |TAMS 0x0000000085600000, 0x0000000085600000| Untracked 
|  33|0x0000000085700000, 0x0000000085800000, 0x0000000085800000|100%| O|  |TAMS 0x0000000085700000, 0x0000000085700000| Untracked 
|  34|0x0000000085800000, 0x0000000085900000, 0x0000000085900000|100%| O|  |TAMS 0x0000000085800000, 0x0000000085800000| Untracked 
|  35|0x0000000085900000, 0x0000000085a00000, 0x0000000085a00000|100%| O|  |TAMS 0x0000000085900000, 0x0000000085900000| Untracked 
|  36|0x0000000085a00000, 0x0000000085b00000, 0x0000000085b00000|100%| O|  |TAMS 0x0000000085a00000, 0x0000000085a00000| Untracked 
|  37|0x0000000085b00000, 0x0000000085c00000, 0x0000000085c00000|100%| O|  |TAMS 0x0000000085b00000, 0x0000000085b00000| Untracked 
|  38|0x0000000085c00000, 0x0000000085d00000, 0x0000000085d00000|100%| O|  |TAMS 0x0000000085c00000, 0x0000000085c00000| Untracked 
|  39|0x0000000085d00000, 0x0000000085e00000, 0x0000000085e00000|100%| O|  |TAMS 0x0000000085d00000, 0x0000000085d00000| Untracked 
|  40|0x0000000085e00000, 0x0000000085f00000, 0x0000000085f00000|100%| O|  |TAMS 0x0000000085e00000, 0x0000000085e00000| Untracked 
|  41|0x0000000085f00000, 0x0000000086000000, 0x0000000086000000|100%| O|  |TAMS 0x0000000085f00000, 0x0000000085f00000| Untracked 
|  42|0x0000000086000000, 0x0000000086100000, 0x0000000086100000|100%| O|  |TAMS 0x0000000086000000, 0x0000000086000000| Untracked 
|  43|0x0000000086100000, 0x0000000086200000, 0x0000000086200000|100%| O|  |TAMS 0x0000000086100000, 0x0000000086100000| Untracked 
|  44|0x0000000086200000, 0x0000000086300000, 0x0000000086300000|100%| O|  |TAMS 0x0000000086200000, 0x0000000086200000| Untracked 
|  45|0x0000000086300000, 0x0000000086400000, 0x0000000086400000|100%| O|  |TAMS 0x0000000086300000, 0x0000000086300000| Untracked 
|  46|0x0000000086400000, 0x0000000086500000, 0x0000000086500000|100%| O|  |TAMS 0x0000000086400000, 0x0000000086400000| Untracked 
|  47|0x0000000086500000, 0x0000000086600000, 0x0000000086600000|100%| O|  |TAMS 0x0000000086500000, 0x0000000086500000| Untracked 
|  48|0x0000000086600000, 0x0000000086700000, 0x0000000086700000|100%| O|  |TAMS 0x0000000086600000, 0x0000000086600000| Untracked 
|  49|0x0000000086700000, 0x0000000086800000, 0x0000000086800000|100%| O|  |TAMS 0x0000000086700000, 0x0000000086700000| Untracked 
|  50|0x0000000086800000, 0x0000000086900000, 0x0000000086900000|100%| O|  |TAMS 0x0000000086800000, 0x0000000086800000| Untracked 
|  51|0x0000000086900000, 0x0000000086a00000, 0x0000000086a00000|100%| O|  |TAMS 0x0000000086900000, 0x0000000086900000| Untracked 
|  52|0x0000000086a00000, 0x0000000086b00000, 0x0000000086b00000|100%| O|  |TAMS 0x0000000086a00000, 0x0000000086a00000| Untracked 
|  53|0x0000000086b00000, 0x0000000086c00000, 0x0000000086c00000|100%| O|  |TAMS 0x0000000086b00000, 0x0000000086b00000| Untracked 
|  54|0x0000000086c00000, 0x0000000086d00000, 0x0000000086d00000|100%| O|  |TAMS 0x0000000086c00000, 0x0000000086c00000| Untracked 
|  55|0x0000000086d00000, 0x0000000086e00000, 0x0000000086e00000|100%| O|  |TAMS 0x0000000086d00000, 0x0000000086d00000| Untracked 
|  56|0x0000000086e00000, 0x0000000086f00000, 0x0000000086f00000|100%| O|  |TAMS 0x0000000086e00000, 0x0000000086e00000| Untracked 
|  57|0x0000000086f00000, 0x0000000087000000, 0x0000000087000000|100%| O|  |TAMS 0x0000000086f00000, 0x0000000086f00000| Untracked 
|  58|0x0000000087000000, 0x0000000087080000, 0x0000000087100000| 50%| O|  |TAMS 0x0000000087000000, 0x0000000087000000| Untracked 
|  59|0x0000000087100000, 0x0000000087100000, 0x0000000087200000|  0%| F|  |TAMS 0x0000000087100000, 0x0000000087100000| Untracked 
|  60|0x0000000087200000, 0x0000000087200000, 0x0000000087300000|  0%| F|  |TAMS 0x0000000087200000, 0x0000000087200000| Untracked 
|  61|0x0000000087300000, 0x0000000087300000, 0x0000000087400000|  0%| F|  |TAMS 0x0000000087300000, 0x0000000087300000| Untracked 
|  62|0x0000000087400000, 0x0000000087400000, 0x0000000087500000|  0%| F|  |TAMS 0x0000000087400000, 0x0000000087400000| Untracked 
|  63|0x0000000087500000, 0x0000000087500000, 0x0000000087600000|  0%| F|  |TAMS 0x0000000087500000, 0x0000000087500000| Untracked 
|  64|0x0000000087600000, 0x0000000087600000, 0x0000000087700000|  0%| F|  |TAMS 0x0000000087600000, 0x0000000087600000| Untracked 
|  65|0x0000000087700000, 0x0000000087700000, 0x0000000087800000|  0%| F|  |TAMS 0x0000000087700000, 0x0000000087700000| Untracked 
|  66|0x0000000087800000, 0x0000000087800000, 0x0000000087900000|  0%| F|  |TAMS 0x0000000087800000, 0x0000000087800000| Untracked 
|  67|0x0000000087900000, 0x0000000087900000, 0x0000000087a00000|  0%| F|  |TAMS 0x0000000087900000, 0x0000000087900000| Untracked 
|  68|0x0000000087a00000, 0x0000000087a00000, 0x0000000087b00000|  0%| F|  |TAMS 0x0000000087a00000, 0x0000000087a00000| Untracked 
|  69|0x0000000087b00000, 0x0000000087b00000, 0x0000000087c00000|  0%| F|  |TAMS 0x0000000087b00000, 0x0000000087b00000| Untracked 
|  70|0x0000000087c00000, 0x0000000087c00000, 0x0000000087d00000|  0%| F|  |TAMS 0x0000000087c00000, 0x0000000087c00000| Untracked 
|  71|0x0000000087d00000, 0x0000000087d00000, 0x0000000087e00000|  0%| F|  |TAMS 0x0000000087d00000, 0x0000000087d00000| Untracked 
|  72|0x0000000087e00000, 0x0000000087e00000, 0x0000000087f00000|  0%| F|  |TAMS 0x0000000087e00000, 0x0000000087e00000| Untracked 
|  73|0x0000000087f00000, 0x0000000087f00000, 0x0000000088000000|  0%| F|  |TAMS 0x0000000087f00000, 0x0000000087f00000| Untracked 
|  74|0x0000000088000000, 0x0000000088000000, 0x0000000088100000|  0%| F|  |TAMS 0x0000000088000000, 0x0000000088000000| Untracked 
|  75|0x0000000088100000, 0x0000000088100000, 0x0000000088200000|  0%| F|  |TAMS 0x0000000088100000, 0x0000000088100000| Untracked 
|  76|0x0000000088200000, 0x0000000088200000, 0x0000000088300000|  0%| F|  |TAMS 0x0000000088200000, 0x0000000088200000| Untracked 
|  77|0x0000000088300000, 0x0000000088300000, 0x0000000088400000|  0%| F|  |TAMS 0x0000000088300000, 0x0000000088300000| Untracked 
|  78|0x0000000088400000, 0x0000000088400000, 0x0000000088500000|  0%| F|  |TAMS 0x0000000088400000, 0x0000000088400000| Untracked 
|  79|0x0000000088500000, 0x0000000088500000, 0x0000000088600000|  0%| F|  |TAMS 0x0000000088500000, 0x0000000088500000| Untracked 
|  80|0x0000000088600000, 0x0000000088600000, 0x0000000088700000|  0%| F|  |TAMS 0x0000000088600000, 0x0000000088600000| Untracked 
|  81|0x0000000088700000, 0x0000000088700000, 0x0000000088800000|  0%| F|  |TAMS 0x0000000088700000, 0x0000000088700000| Untracked 
|  82|0x0000000088800000, 0x0000000088800000, 0x0000000088900000|  0%| F|  |TAMS 0x0000000088800000, 0x0000000088800000| Untracked 
|  83|0x0000000088900000, 0x0000000088900000, 0x0000000088a00000|  0%| F|  |TAMS 0x0000000088900000, 0x0000000088900000| Untracked 
|  84|0x0000000088a00000, 0x0000000088a00000, 0x0000000088b00000|  0%| F|  |TAMS 0x0000000088a00000, 0x0000000088a00000| Untracked 
|  85|0x0000000088b00000, 0x0000000088b00000, 0x0000000088c00000|  0%| F|  |TAMS 0x0000000088b00000, 0x0000000088b00000| Untracked 
|  86|0x0000000088c00000, 0x0000000088c00000, 0x0000000088d00000|  0%| F|  |TAMS 0x0000000088c00000, 0x0000000088c00000| Untracked 
|  87|0x0000000088d00000, 0x0000000088d00000, 0x0000000088e00000|  0%| F|  |TAMS 0x0000000088d00000, 0x0000000088d00000| Untracked 
|  88|0x0000000088e00000, 0x0000000088e00000, 0x0000000088f00000|  0%| F|  |TAMS 0x0000000088e00000, 0x0000000088e00000| Untracked 
|  89|0x0000000088f00000, 0x0000000088f00000, 0x0000000089000000|  0%| F|  |TAMS 0x0000000088f00000, 0x0000000088f00000| Untracked 
|  90|0x0000000089000000, 0x0000000089000000, 0x0000000089100000|  0%| F|  |TAMS 0x0000000089000000, 0x0000000089000000| Untracked 
|  91|0x0000000089100000, 0x0000000089100000, 0x0000000089200000|  0%| F|  |TAMS 0x0000000089100000, 0x0000000089100000| Untracked 
|  92|0x0000000089200000, 0x0000000089200000, 0x0000000089300000|  0%| F|  |TAMS 0x0000000089200000, 0x0000000089200000| Untracked 
|  93|0x0000000089300000, 0x0000000089300000, 0x0000000089400000|  0%| F|  |TAMS 0x0000000089300000, 0x0000000089300000| Untracked 
|  94|0x0000000089400000, 0x0000000089400000, 0x0000000089500000|  0%| F|  |TAMS 0x0000000089400000, 0x0000000089400000| Untracked 
|  95|0x0000000089500000, 0x0000000089500000, 0x0000000089600000|  0%| F|  |TAMS 0x0000000089500000, 0x0000000089500000| Untracked 
|  96|0x0000000089600000, 0x0000000089600000, 0x0000000089700000|  0%| F|  |TAMS 0x0000000089600000, 0x0000000089600000| Untracked 
|  97|0x0000000089700000, 0x0000000089700000, 0x0000000089800000|  0%| F|  |TAMS 0x0000000089700000, 0x0000000089700000| Untracked 
|  98|0x0000000089800000, 0x0000000089800000, 0x0000000089900000|  0%| F|  |TAMS 0x0000000089800000, 0x0000000089800000| Untracked 
|  99|0x0000000089900000, 0x0000000089a00000, 0x0000000089a00000|100%| S|CS|TAMS 0x0000000089900000, 0x0000000089900000| Complete 
| 100|0x0000000089a00000, 0x0000000089b00000, 0x0000000089b00000|100%| S|CS|TAMS 0x0000000089a00000, 0x0000000089a00000| Complete 
| 101|0x0000000089b00000, 0x0000000089c00000, 0x0000000089c00000|100%| S|CS|TAMS 0x0000000089b00000, 0x0000000089b00000| Complete 
| 102|0x0000000089c00000, 0x0000000089d00000, 0x0000000089d00000|100%| S|CS|TAMS 0x0000000089c00000, 0x0000000089c00000| Complete 
| 103|0x0000000089d00000, 0x0000000089d00000, 0x0000000089e00000|  0%| F|  |TAMS 0x0000000089d00000, 0x0000000089d00000| Untracked 
| 104|0x0000000089e00000, 0x0000000089e00000, 0x0000000089f00000|  0%| F|  |TAMS 0x0000000089e00000, 0x0000000089e00000| Untracked 
| 105|0x0000000089f00000, 0x0000000089f00000, 0x000000008a000000|  0%| F|  |TAMS 0x0000000089f00000, 0x0000000089f00000| Untracked 
| 106|0x000000008a000000, 0x000000008a000000, 0x000000008a100000|  0%| F|  |TAMS 0x000000008a000000, 0x000000008a000000| Untracked 
| 107|0x000000008a100000, 0x000000008a100000, 0x000000008a200000|  0%| F|  |TAMS 0x000000008a100000, 0x000000008a100000| Untracked 
| 108|0x000000008a200000, 0x000000008a200000, 0x000000008a300000|  0%| F|  |TAMS 0x000000008a200000, 0x000000008a200000| Untracked 
| 109|0x000000008a300000, 0x000000008a300000, 0x000000008a400000|  0%| F|  |TAMS 0x000000008a300000, 0x000000008a300000| Untracked 
| 110|0x000000008a400000, 0x000000008a400000, 0x000000008a500000|  0%| F|  |TAMS 0x000000008a400000, 0x000000008a400000| Untracked 
| 111|0x000000008a500000, 0x000000008a500000, 0x000000008a600000|  0%| F|  |TAMS 0x000000008a500000, 0x000000008a500000| Untracked 
| 112|0x000000008a600000, 0x000000008a600000, 0x000000008a700000|  0%| F|  |TAMS 0x000000008a600000, 0x000000008a600000| Untracked 
| 113|0x000000008a700000, 0x000000008a700000, 0x000000008a800000|  0%| F|  |TAMS 0x000000008a700000, 0x000000008a700000| Untracked 
| 114|0x000000008a800000, 0x000000008a800000, 0x000000008a900000|  0%| F|  |TAMS 0x000000008a800000, 0x000000008a800000| Untracked 
| 115|0x000000008a900000, 0x000000008a900000, 0x000000008aa00000|  0%| F|  |TAMS 0x000000008a900000, 0x000000008a900000| Untracked 
| 116|0x000000008aa00000, 0x000000008aa00000, 0x000000008ab00000|  0%| F|  |TAMS 0x000000008aa00000, 0x000000008aa00000| Untracked 
| 117|0x000000008ab00000, 0x000000008ab00000, 0x000000008ac00000|  0%| F|  |TAMS 0x000000008ab00000, 0x000000008ab00000| Untracked 
| 118|0x000000008ac00000, 0x000000008ac00000, 0x000000008ad00000|  0%| F|  |TAMS 0x000000008ac00000, 0x000000008ac00000| Untracked 
| 119|0x000000008ad00000, 0x000000008ad00000, 0x000000008ae00000|  0%| F|  |TAMS 0x000000008ad00000, 0x000000008ad00000| Untracked 
| 120|0x000000008ae00000, 0x000000008ae00000, 0x000000008af00000|  0%| F|  |TAMS 0x000000008ae00000, 0x000000008ae00000| Untracked 
| 121|0x000000008af00000, 0x000000008af00000, 0x000000008b000000|  0%| F|  |TAMS 0x000000008af00000, 0x000000008af00000| Untracked 
| 122|0x000000008b000000, 0x000000008b000000, 0x000000008b100000|  0%| F|  |TAMS 0x000000008b000000, 0x000000008b000000| Untracked 
| 123|0x000000008b100000, 0x000000008b100000, 0x000000008b200000|  0%| F|  |TAMS 0x000000008b100000, 0x000000008b100000| Untracked 
| 124|0x000000008b200000, 0x000000008b200000, 0x000000008b300000|  0%| F|  |TAMS 0x000000008b200000, 0x000000008b200000| Untracked 
| 125|0x000000008b300000, 0x000000008b300000, 0x000000008b400000|  0%| F|  |TAMS 0x000000008b300000, 0x000000008b300000| Untracked 
| 126|0x000000008b400000, 0x000000008b400000, 0x000000008b500000|  0%| F|  |TAMS 0x000000008b400000, 0x000000008b400000| Untracked 
| 127|0x000000008b500000, 0x000000008b500000, 0x000000008b600000|  0%| F|  |TAMS 0x000000008b500000, 0x000000008b500000| Untracked 
| 128|0x000000008b600000, 0x000000008b600000, 0x000000008b700000|  0%| F|  |TAMS 0x000000008b600000, 0x000000008b600000| Untracked 
| 129|0x000000008b700000, 0x000000008b700000, 0x000000008b800000|  0%| F|  |TAMS 0x000000008b700000, 0x000000008b700000| Untracked 
| 130|0x000000008b800000, 0x000000008b800000, 0x000000008b900000|  0%| F|  |TAMS 0x000000008b800000, 0x000000008b800000| Untracked 
| 131|0x000000008b900000, 0x000000008b900000, 0x000000008ba00000|  0%| F|  |TAMS 0x000000008b900000, 0x000000008b900000| Untracked 
| 132|0x000000008ba00000, 0x000000008ba00000, 0x000000008bb00000|  0%| F|  |TAMS 0x000000008ba00000, 0x000000008ba00000| Untracked 
| 133|0x000000008bb00000, 0x000000008bb00000, 0x000000008bc00000|  0%| F|  |TAMS 0x000000008bb00000, 0x000000008bb00000| Untracked 
| 134|0x000000008bc00000, 0x000000008bc00000, 0x000000008bd00000|  0%| F|  |TAMS 0x000000008bc00000, 0x000000008bc00000| Untracked 
| 135|0x000000008bd00000, 0x000000008bd00000, 0x000000008be00000|  0%| F|  |TAMS 0x000000008bd00000, 0x000000008bd00000| Untracked 
| 136|0x000000008be00000, 0x000000008be00000, 0x000000008bf00000|  0%| F|  |TAMS 0x000000008be00000, 0x000000008be00000| Untracked 
| 137|0x000000008bf00000, 0x000000008bf00000, 0x000000008c000000|  0%| F|  |TAMS 0x000000008bf00000, 0x000000008bf00000| Untracked 
| 138|0x000000008c000000, 0x000000008c000000, 0x000000008c100000|  0%| F|  |TAMS 0x000000008c000000, 0x000000008c000000| Untracked 
| 139|0x000000008c100000, 0x000000008c100000, 0x000000008c200000|  0%| F|  |TAMS 0x000000008c100000, 0x000000008c100000| Untracked 
| 140|0x000000008c200000, 0x000000008c200000, 0x000000008c300000|  0%| F|  |TAMS 0x000000008c200000, 0x000000008c200000| Untracked 
| 141|0x000000008c300000, 0x000000008c300000, 0x000000008c400000|  0%| F|  |TAMS 0x000000008c300000, 0x000000008c300000| Untracked 
| 142|0x000000008c400000, 0x000000008c400000, 0x000000008c500000|  0%| F|  |TAMS 0x000000008c400000, 0x000000008c400000| Untracked 
| 143|0x000000008c500000, 0x000000008c500000, 0x000000008c600000|  0%| F|  |TAMS 0x000000008c500000, 0x000000008c500000| Untracked 
| 144|0x000000008c600000, 0x000000008c600000, 0x000000008c700000|  0%| F|  |TAMS 0x000000008c600000, 0x000000008c600000| Untracked 
| 145|0x000000008c700000, 0x000000008c700000, 0x000000008c800000|  0%| F|  |TAMS 0x000000008c700000, 0x000000008c700000| Untracked 
| 146|0x000000008c800000, 0x000000008c800000, 0x000000008c900000|  0%| F|  |TAMS 0x000000008c800000, 0x000000008c800000| Untracked 
| 147|0x000000008c900000, 0x000000008c900000, 0x000000008ca00000|  0%| F|  |TAMS 0x000000008c900000, 0x000000008c900000| Untracked 
| 148|0x000000008ca00000, 0x000000008ca00000, 0x000000008cb00000|  0%| F|  |TAMS 0x000000008ca00000, 0x000000008ca00000| Untracked 
| 149|0x000000008cb00000, 0x000000008cb00000, 0x000000008cc00000|  0%| F|  |TAMS 0x000000008cb00000, 0x000000008cb00000| Untracked 
| 150|0x000000008cc00000, 0x000000008cc00000, 0x000000008cd00000|  0%| F|  |TAMS 0x000000008cc00000, 0x000000008cc00000| Untracked 
| 151|0x000000008cd00000, 0x000000008cd00000, 0x000000008ce00000|  0%| F|  |TAMS 0x000000008cd00000, 0x000000008cd00000| Untracked 

Card table byte_map: [0x0000023920380000,0x0000023920770000] _byte_map_base: 0x000002391ff65000

Marking Bits (Prev, Next): (CMBitMap*) 0x000002390d3513b8, (CMBitMap*) 0x000002390d3513f0
 Prev Bits: [0x0000023920b60000, 0x0000023922a88000)
 Next Bits: [0x0000023922a90000, 0x00000239249b8000)

Polling page: 0x000002390b300000

Metaspace:

Usage:
  Non-class:     44.50 MB capacity,    44.17 MB (>99%) used,   265.12 KB ( <1%) free+waste,    74.63 KB ( <1%) overhead. 
      Class:      5.79 MB capacity,     5.57 MB ( 96%) used,   194.76 KB (  3%) free+waste,    30.19 KB ( <1%) overhead. 
       Both:     50.29 MB capacity,    49.74 MB ( 99%) used,   459.88 KB ( <1%) free+waste,   104.81 KB ( <1%) overhead. 

Virtual space:
  Non-class space:       46.00 MB reserved,      44.50 MB ( 97%) committed 
      Class space:        1.00 GB reserved,       5.92 MB ( <1%) committed 
             Both:        1.04 GB reserved,      50.42 MB (  5%) committed 

Chunk freelists:
   Non-Class:  2.00 KB
       Class:  21.00 KB
        Both:  23.00 KB

MaxMetaspaceSize: 17179869184.00 GB
CompressedClassSpaceSize: 1.00 GB

CodeHeap 'non-profiled nmethods': size=120000Kb used=4049Kb max_used=4049Kb free=115950Kb
 bounds [0x0000023918730000, 0x0000023918b30000, 0x000002391fc60000]
CodeHeap 'profiled nmethods': size=120000Kb used=17774Kb max_used=17774Kb free=102225Kb
 bounds [0x0000023911200000, 0x0000023912360000, 0x0000023918730000]
CodeHeap 'non-nmethods': size=5760Kb used=1175Kb max_used=1236Kb free=4585Kb
 bounds [0x0000023910c60000, 0x0000023910ed0000, 0x0000023911200000]
 total_blobs=8135 nmethods=7635 adapters=410
 compilation: enabled
              stopped_count=0, restarted_count=0
 full_count=0

Compilation events (20 events):
Event: 6.310 Thread 0x0000023927c77000 7677       2       org.jetbrains.kotlin.resolve.DescriptorUtils::getAllDescriptors (34 bytes)
Event: 6.310 Thread 0x0000023927c77000 nmethod 7677 0x000002391234f510 code [0x000002391234f6e0, 0x000002391234f848]
Event: 6.310 Thread 0x0000023927c77000 7675       2       gnu.trove.THashSet::<init> (5 bytes)
Event: 6.310 Thread 0x0000023927c77000 nmethod 7675 0x000002391234f910 code [0x000002391234fae0, 0x000002391234fc68]
Event: 6.313 Thread 0x0000023927c77000 7681       2       org.jetbrains.kotlin.resolve.source.KotlinSourceElement::getPsi (8 bytes)
Event: 6.313 Thread 0x0000023927c77000 nmethod 7681 0x000002391234fd10 code [0x000002391234fec0, 0x0000023912350018]
Event: 6.313 Thread 0x0000023927c77000 7684       3       org.jetbrains.kotlin.resolve.OverrideResolver$Companion::checkInheritedAndDelegatedSignatures (789 bytes)
Event: 6.316 Thread 0x0000023927c77000 nmethod 7684 0x0000023912350110 code [0x00000239123509a0, 0x0000023912356318]
Event: 6.316 Thread 0x0000023927c77000 7685       3       org.jetbrains.kotlin.com.intellij.util.containers.ContainerUtil::flatten (125 bytes)
Event: 6.317 Thread 0x0000023927c77000 nmethod 7685 0x0000023912357e90 code [0x0000023912358140, 0x0000023912358fc8]
Event: 6.317 Thread 0x0000023927c77000 7682       2       org.jetbrains.kotlin.resolve.source.KotlinSourceElementKt::getPsi (34 bytes)
Event: 6.317 Thread 0x0000023927c77000 nmethod 7682 0x0000023912359390 code [0x0000023912359560, 0x0000023912359778]
Event: 6.317 Thread 0x0000023927c77000 7683       2       org.jetbrains.kotlin.resolve.DescriptorToSourceUtils::getSourceFromDescriptor (74 bytes)
Event: 6.317 Thread 0x0000023927c77000 nmethod 7683 0x0000023912359890 code [0x0000023912359aa0, 0x0000023912359ee8]
Event: 6.322 Thread 0x0000023927c77000 7688       2       org.jetbrains.kotlin.types.checker.ClassicTypeCheckerContext::isAnyConstructor (13 bytes)
Event: 6.322 Thread 0x0000023927c77000 nmethod 7688 0x000002391235a090 code [0x000002391235a260, 0x000002391235a3b8]
Event: 6.322 Thread 0x0000023927c77000 7689       2       org.jetbrains.kotlin.types.checker.ClassicTypeSystemContext$DefaultImpls::isAnyConstructor (99 bytes)
Event: 6.323 Thread 0x0000023927c77000 nmethod 7689 0x000002391235a490 code [0x000002391235a720, 0x000002391235ad38]
Event: 6.332 Thread 0x0000023927c77000 7691       2       org.jetbrains.kotlin.resolve.OverrideResolver$Companion::checkInheritedAndDelegatedSignatures (67 bytes)
Event: 6.333 Thread 0x0000023927c77000 nmethod 7691 0x000002391235b110 code [0x000002391235b340, 0x000002391235b748]

GC Heap History (17 events):
Event: 0.442 GC heap before
{Heap before GC invocations=0 (full 0):
 garbage-first heap   total 129024K, used 27648K [0x0000000083600000, 0x0000000100000000)
  region size 1024K, 24 young (24576K), 0 survivors (0K)
 Metaspace       used 12515K, capacity 12622K, committed 12800K, reserved 1060864K
  class space    used 1207K, capacity 1248K, committed 1280K, reserved 1048576K
}
Event: 0.446 GC heap after
{Heap after GC invocations=1 (full 0):
 garbage-first heap   total 129024K, used 6263K [0x0000000083600000, 0x0000000100000000)
  region size 1024K, 3 young (3072K), 3 survivors (3072K)
 Metaspace       used 12515K, capacity 12622K, committed 12800K, reserved 1060864K
  class space    used 1207K, capacity 1248K, committed 1280K, reserved 1048576K
}
Event: 0.922 GC heap before
{Heap before GC invocations=1 (full 0):
 garbage-first heap   total 129024K, used 40055K [0x0000000083600000, 0x0000000100000000)
  region size 1024K, 37 young (37888K), 3 survivors (3072K)
 Metaspace       used 20862K, capacity 21126K, committed 21296K, reserved 1069056K
  class space    used 2235K, capacity 2317K, committed 2352K, reserved 1048576K
}
Event: 0.927 GC heap after
{Heap after GC invocations=2 (full 0):
 garbage-first heap   total 129024K, used 9453K [0x0000000083600000, 0x0000000100000000)
  region size 1024K, 7 young (7168K), 7 survivors (7168K)
 Metaspace       used 20862K, capacity 21126K, committed 21296K, reserved 1069056K
  class space    used 2235K, capacity 2317K, committed 2352K, reserved 1048576K
}
Event: 1.838 GC heap before
{Heap before GC invocations=3 (full 0):
 garbage-first heap   total 129024K, used 63725K [0x0000000083600000, 0x0000000100000000)
  region size 1024K, 54 young (55296K), 7 survivors (7168K)
 Metaspace       used 30955K, capacity 31333K, committed 31536K, reserved 1077248K
  class space    used 3453K, capacity 3597K, committed 3632K, reserved 1048576K
}
Event: 1.852 GC heap after
{Heap after GC invocations=4 (full 0):
 garbage-first heap   total 129024K, used 17876K [0x0000000083600000, 0x0000000100000000)
  region size 1024K, 7 young (7168K), 7 survivors (7168K)
 Metaspace       used 30955K, capacity 31333K, committed 31536K, reserved 1077248K
  class space    used 3453K, capacity 3597K, committed 3632K, reserved 1048576K
}
Event: 2.038 GC heap before
{Heap before GC invocations=4 (full 0):
 garbage-first heap   total 129024K, used 36308K [0x0000000083600000, 0x0000000100000000)
  region size 1024K, 26 young (26624K), 7 survivors (7168K)
 Metaspace       used 35178K, capacity 35501K, committed 35632K, reserved 1081344K
  class space    used 4210K, capacity 4366K, committed 4400K, reserved 1048576K
}
Event: 2.050 GC heap after
{Heap after GC invocations=5 (full 0):
 garbage-first heap   total 129024K, used 19928K [0x0000000083600000, 0x0000000100000000)
  region size 1024K, 2 young (2048K), 2 survivors (2048K)
 Metaspace       used 35178K, capacity 35501K, committed 35632K, reserved 1081344K
  class space    used 4210K, capacity 4366K, committed 4400K, reserved 1048576K
}
Event: 2.837 GC heap before
{Heap before GC invocations=6 (full 0):
 garbage-first heap   total 129024K, used 68056K [0x0000000083600000, 0x0000000100000000)
  region size 1024K, 49 young (50176K), 2 survivors (2048K)
 Metaspace       used 41799K, capacity 42264K, committed 42544K, reserved 1087488K
  class space    used 4996K, capacity 5139K, committed 5168K, reserved 1048576K
}
Event: 2.846 GC heap after
{Heap after GC invocations=7 (full 0):
 garbage-first heap   total 155648K, used 28035K [0x0000000083600000, 0x0000000100000000)
  region size 1024K, 7 young (7168K), 7 survivors (7168K)
 Metaspace       used 41799K, capacity 42264K, committed 42544K, reserved 1087488K
  class space    used 4996K, capacity 5139K, committed 5168K, reserved 1048576K
}
Event: 3.911 GC heap before
{Heap before GC invocations=7 (full 0):
 garbage-first heap   total 155648K, used 86403K [0x0000000083600000, 0x0000000100000000)
  region size 1024K, 63 young (64512K), 7 survivors (7168K)
 Metaspace       used 46268K, capacity 46778K, committed 46896K, reserved 1091584K
  class space    used 5407K, capacity 5585K, committed 5680K, reserved 1048576K
}
Event: 3.938 GC heap after
{Heap after GC invocations=8 (full 0):
 garbage-first heap   total 155648K, used 36222K [0x0000000083600000, 0x0000000100000000)
  region size 1024K, 8 young (8192K), 8 survivors (8192K)
 Metaspace       used 46268K, capacity 46778K, committed 46896K, reserved 1091584K
  class space    used 5407K, capacity 5585K, committed 5680K, reserved 1048576K
}
Event: 5.613 GC heap before
{Heap before GC invocations=8 (full 0):
 garbage-first heap   total 155648K, used 96638K [0x0000000083600000, 0x0000000100000000)
  region size 1024K, 65 young (66560K), 8 survivors (8192K)
 Metaspace       used 50454K, capacity 50994K, committed 51248K, reserved 1095680K
  class space    used 5673K, capacity 5891K, committed 5936K, reserved 1048576K
}
Event: 5.653 GC heap after
{Heap after GC invocations=9 (full 0):
 garbage-first heap   total 155648K, used 48937K [0x0000000083600000, 0x0000000100000000)
  region size 1024K, 9 young (9216K), 9 survivors (9216K)
 Metaspace       used 50454K, capacity 50994K, committed 51248K, reserved 1095680K
  class space    used 5673K, capacity 5891K, committed 5936K, reserved 1048576K
}
Event: 6.136 GC heap before
{Heap before GC invocations=9 (full 0):
 garbage-first heap   total 155648K, used 104233K [0x0000000083600000, 0x0000000100000000)
  region size 1024K, 63 young (64512K), 9 survivors (9216K)
 Metaspace       used 50763K, capacity 51261K, committed 51504K, reserved 1095680K
  class space    used 5689K, capacity 5895K, committed 5936K, reserved 1048576K
}
Event: 6.156 GC heap after
{Heap after GC invocations=10 (full 0):
 garbage-first heap   total 155648K, used 59392K [0x0000000083600000, 0x0000000100000000)
  region size 1024K, 8 young (8192K), 8 survivors (8192K)
 Metaspace       used 50763K, capacity 51261K, committed 51504K, reserved 1095680K
  class space    used 5689K, capacity 5895K, committed 5936K, reserved 1048576K
}
Event: 6.336 GC heap before
{Heap before GC invocations=10 (full 0):
 garbage-first heap   total 155648K, used 109568K [0x0000000083600000, 0x0000000100000000)
  region size 1024K, 57 young (58368K), 8 survivors (8192K)
 Metaspace       used 50932K, capacity 51497K, committed 51632K, reserved 1095680K
  class space    used 5706K, capacity 5931K, committed 6064K, reserved 1048576K
}

Deoptimization events (20 events):
Event: 6.252 Thread 0x000002390d312800 Uncommon trap: trap_request=0xffffffc6 fr.pc=0x0000023918a052d8 relative=0x0000000000000378
Event: 6.252 Thread 0x000002390d312800 Uncommon trap: reason=bimorphic_or_optimized_type_check action=maybe_recompile pc=0x0000023918a052d8 method=org.jetbrains.kotlin.com.google.common.collect.AbstractMapBasedMultimap$WrappedCollection.refreshIfEmpty()V @ 40 c2
Event: 6.252 Thread 0x000002390d312800 DEOPT PACKING pc=0x0000023918a052d8 sp=0x000000d66dafe550
Event: 6.252 Thread 0x000002390d312800 DEOPT UNPACKING pc=0x0000023910c6822f sp=0x000000d66dafe4f0 mode 2
Event: 6.252 Thread 0x000002390d312800 Uncommon trap: trap_request=0xffffffc6 fr.pc=0x0000023918a052d8 relative=0x0000000000000378
Event: 6.252 Thread 0x000002390d312800 Uncommon trap: reason=bimorphic_or_optimized_type_check action=maybe_recompile pc=0x0000023918a052d8 method=org.jetbrains.kotlin.com.google.common.collect.AbstractMapBasedMultimap$WrappedCollection.refreshIfEmpty()V @ 40 c2
Event: 6.252 Thread 0x000002390d312800 DEOPT PACKING pc=0x0000023918a052d8 sp=0x000000d66dafe550
Event: 6.252 Thread 0x000002390d312800 DEOPT UNPACKING pc=0x0000023910c6822f sp=0x000000d66dafe4f0 mode 2
Event: 6.263 Thread 0x000002390d312800 Uncommon trap: trap_request=0xffffffc6 fr.pc=0x0000023918b22130 relative=0x0000000000000e30
Event: 6.263 Thread 0x000002390d312800 Uncommon trap: reason=bimorphic_or_optimized_type_check action=maybe_recompile pc=0x0000023918b22130 method=kotlin.collections.CollectionsKt___CollectionsKt.filter(Ljava/lang/Iterable;Lkotlin/jvm/functions/Function1;)Ljava/util/List; @ 34 c2
Event: 6.263 Thread 0x000002390d312800 DEOPT PACKING pc=0x0000023918b22130 sp=0x000000d66dafe4b0
Event: 6.263 Thread 0x000002390d312800 DEOPT UNPACKING pc=0x0000023910c6822f sp=0x000000d66dafe4b0 mode 2
Event: 6.270 Thread 0x000002390d312800 Uncommon trap: trap_request=0xffffffc6 fr.pc=0x0000023918b22130 relative=0x0000000000000e30
Event: 6.270 Thread 0x000002390d312800 Uncommon trap: reason=bimorphic_or_optimized_type_check action=maybe_recompile pc=0x0000023918b22130 method=kotlin.collections.CollectionsKt___CollectionsKt.filter(Ljava/lang/Iterable;Lkotlin/jvm/functions/Function1;)Ljava/util/List; @ 34 c2
Event: 6.270 Thread 0x000002390d312800 DEOPT PACKING pc=0x0000023918b22130 sp=0x000000d66dafe4b0
Event: 6.270 Thread 0x000002390d312800 DEOPT UNPACKING pc=0x0000023910c6822f sp=0x000000d66dafe4b0 mode 2
Event: 6.271 Thread 0x000002390d312800 Uncommon trap: trap_request=0xffffffc6 fr.pc=0x0000023918b22130 relative=0x0000000000000e30
Event: 6.271 Thread 0x000002390d312800 Uncommon trap: reason=bimorphic_or_optimized_type_check action=maybe_recompile pc=0x0000023918b22130 method=kotlin.collections.CollectionsKt___CollectionsKt.filter(Ljava/lang/Iterable;Lkotlin/jvm/functions/Function1;)Ljava/util/List; @ 34 c2
Event: 6.271 Thread 0x000002390d312800 DEOPT PACKING pc=0x0000023918b22130 sp=0x000000d66dafe4b0
Event: 6.271 Thread 0x000002390d312800 DEOPT UNPACKING pc=0x0000023910c6822f sp=0x000000d66dafe4b0 mode 2

Classes redefined (0 events):
No events

Internal exceptions (20 events):
Event: 0.919 Thread 0x000002390d312800 Exception <a 'java/lang/NoSuchMethodError'{0x0000000088fbc858}: 'java.lang.Object java.lang.invoke.DirectMethodHandle$Holder.invokeStatic(java.lang.Object, java.lang.Object, java.lang.Object, java.lang.Object, java.lang.Object, java.lang.Object, java.lang.Object, java.lang.Object, java.lang.Object, java.lang.Object, java.lang.Object, java.lang.Object, java.lang.Object, java.lang.Object, java.lang.Object)'> (0x0000000088fbc858) thrown at [./src/hotspot/share/interpreter/linkResolver.cpp, line 773]
Event: 0.920 Thread 0x000002390d312800 Exception <a 'java/lang/NoSuchMethodError'{0x0000000088fca860}: 'java.lang.Object java.lang.invoke.DirectMethodHandle$Holder.invokeStatic(java.lang.Object, java.lang.Object, java.lang.Object, java.lang.Object, java.lang.Object, java.lang.Object, java.lang.Object, java.lang.Object, java.lang.Object, java.lang.Object, java.lang.Object, java.lang.Object, java.lang.Object, java.lang.Object, java.lang.Object, java.lang.Object)'> (0x0000000088fca860) thrown at [./src/hotspot/share/interpreter/linkResolver.cpp, l
Event: 0.921 Thread 0x000002390d312800 Exception <a 'java/lang/NoSuchMethodError'{0x0000000088fda168}: 'java.lang.Object java.lang.invoke.DirectMethodHandle$Holder.invokeSpecial(java.lang.Object, java.lang.Object, int, int, java.lang.Object, java.lang.Object, java.lang.Object)'> (0x0000000088fda168) thrown at [./src/hotspot/share/interpreter/linkResolver.cpp, line 773]
Event: 0.921 Thread 0x000002390d312800 Exception <a 'java/lang/NoSuchMethodError'{0x0000000088fdd9a0}: 'java.lang.Object java.lang.invoke.DelegatingMethodHandle$Holder.reinvoke_L(java.lang.Object, int, int, java.lang.Object, java.lang.Object, java.lang.Object)'> (0x0000000088fdd9a0) thrown at [./src/hotspot/share/interpreter/linkResolver.cpp, line 773]
Event: 0.921 Thread 0x000002390d312800 Exception <a 'java/lang/NoSuchMethodError'{0x0000000088fe1e20}: 'java.lang.Object java.lang.invoke.DirectMethodHandle$Holder.invokeStatic(java.lang.Object, java.lang.Object, java.lang.Object, java.lang.Object, int)'> (0x0000000088fe1e20) thrown at [./src/hotspot/share/interpreter/linkResolver.cpp, line 773]
Event: 1.061 Thread 0x000002390d312800 Exception <a 'java/lang/NoSuchMethodError'{0x000000008b052658}: 'void java.lang.invoke.DirectMethodHandle$Holder.invokeSpecial(java.lang.Object, java.lang.Object)'> (0x000000008b052658) thrown at [./src/hotspot/share/interpreter/linkResolver.cpp, line 773]
Event: 1.085 Thread 0x000002390d312800 Exception <a 'java/lang/NoSuchMethodError'{0x000000008aed6dc0}: 'void java.lang.invoke.DirectMethodHandle$Holder.invokeStaticInit(java.lang.Object, java.lang.Object)'> (0x000000008aed6dc0) thrown at [./src/hotspot/share/interpreter/linkResolver.cpp, line 773]
Event: 1.089 Thread 0x000002390d312800 Exception <a 'java/lang/NoSuchMethodError'{0x000000008ad147c0}: 'void java.lang.invoke.DirectMethodHandle$Holder.invokeInterface(java.lang.Object, java.lang.Object)'> (0x000000008ad147c0) thrown at [./src/hotspot/share/interpreter/linkResolver.cpp, line 773]
Event: 1.150 Thread 0x000002390d312800 Exception <a 'java/lang/NoSuchMethodError'{0x000000008a9be8c8}: 'int java.lang.invoke.DirectMethodHandle$Holder.invokeVirtual(java.lang.Object, java.lang.Object)'> (0x000000008a9be8c8) thrown at [./src/hotspot/share/interpreter/linkResolver.cpp, line 773]
Event: 1.727 Thread 0x000002390d312800 Exception <a 'java/lang/NoSuchMethodError'{0x00000000885eb6e8}: 'java.lang.Object java.lang.invoke.DirectMethodHandle$Holder.invokeVirtual(java.lang.Object, java.lang.Object, java.lang.Object)'> (0x00000000885eb6e8) thrown at [./src/hotspot/share/interpreter/linkResolver.cpp, line 773]
Event: 2.343 Thread 0x000002390d312800 Exception <a 'java/lang/NoSuchMethodError'{0x000000008a5dec88}: 'java.lang.Object java.lang.invoke.Invokers$Holder.linkToTargetMethod(java.lang.Object, int, java.lang.Object)'> (0x000000008a5dec88) thrown at [./src/hotspot/share/interpreter/linkResolver.cpp, line 773]
Event: 2.371 Thread 0x000002390d312800 Implicit null exception at 0x000002391884a1fd to 0x000002391884a3b8
Event: 3.489 Thread 0x000002390d312800 Implicit null exception at 0x000002391891e895 to 0x000002391891ede8
Event: 3.489 Thread 0x000002390d312800 Implicit null exception at 0x000002391891c42f to 0x000002391891c45c
Event: 3.904 Thread 0x000002390d312800 Exception <a 'java/lang/NoSuchMethodError'{0x0000000089649af0}: 'java.lang.Object java.lang.invoke.Invokers$Holder.linkToTargetMethod(java.lang.Object, java.lang.Object, java.lang.Object, java.lang.Object, java.lang.Object, java.lang.Object)'> (0x0000000089649af0) thrown at [./src/hotspot/share/interpreter/linkResolver.cpp, line 773]
Event: 4.057 Thread 0x000002390d312800 Exception <a 'java/lang/NoSuchMethodError'{0x000000008c9a8578}: 'void java.lang.invoke.DirectMethodHandle$Holder.invokeStatic(java.lang.Object, java.lang.Object, java.lang.Object, java.lang.Object)'> (0x000000008c9a8578) thrown at [./src/hotspot/share/interpreter/linkResolver.cpp, line 773]
Event: 4.084 Thread 0x000002390d312800 Implicit null exception at 0x000002391884cb4c to 0x000002391884cc28
Event: 4.206 Thread 0x000002390d312800 Exception <a 'java/lang/NoSuchMethodError'{0x000000008c2a0980}: 'java.lang.Object java.lang.invoke.DirectMethodHandle$Holder.invokeStaticInit(java.lang.Object, java.lang.Object, java.lang.Object)'> (0x000000008c2a0980) thrown at [./src/hotspot/share/interpreter/linkResolver.cpp, line 773]
Event: 5.760 Thread 0x000002390d312800 Exception <a 'java/lang/NoSuchMethodError'{0x000000008c714e50}: 'java.lang.Object java.lang.invoke.DirectMethodHandle$Holder.invokeStatic(java.lang.Object, int, java.lang.Object, java.lang.Object)'> (0x000000008c714e50) thrown at [./src/hotspot/share/interpreter/linkResolver.cpp, line 773]
Event: 5.762 Thread 0x000002390d312800 Exception <a 'java/lang/NoSuchMethodError'{0x000000008c71f510}: 'int java.lang.invoke.DirectMethodHandle$Holder.invokeInterface(java.lang.Object, java.lang.Object)'> (0x000000008c71f510) thrown at [./src/hotspot/share/interpreter/linkResolver.cpp, line 773]

Events (20 events):
Event: 6.252 loading class org/jetbrains/kotlin/com/google/common/collect/AbstractMapBasedMultimap$KeySet$1 done
Event: 6.262 loading class org/jetbrains/kotlin/descriptors/DeclarationDescriptor
Event: 6.262 loading class org/jetbrains/kotlin/descriptors/DeclarationDescriptor done
Event: 6.262 loading class org/jetbrains/kotlin/descriptors/DeclarationDescriptor
Event: 6.262 loading class org/jetbrains/kotlin/descriptors/DeclarationDescriptor done
Event: 6.262 loading class kotlin/jvm/functions/Function1
Event: 6.262 loading class kotlin/jvm/functions/Function1 done
Event: 6.263 loading class org/jetbrains/kotlin/resolve/OverrideResolver$checkOverrideForMember$1
Event: 6.263 loading class org/jetbrains/kotlin/resolve/OverrideResolver$checkOverrideForMember$1 done
Event: 6.263 loading class org/jetbrains/kotlin/resolve/OverrideResolver$CheckOverrideReportForDeclaredMemberStrategy
Event: 6.263 loading class org/jetbrains/kotlin/resolve/OverrideResolver$CheckOverrideReportForDeclaredMemberStrategy done
Event: 6.263 loading class org/jetbrains/kotlin/resolve/OverrideResolver$CheckOverrideReportStrategy
Event: 6.263 loading class org/jetbrains/kotlin/resolve/OverrideResolver$CheckOverrideReportStrategy done
Event: 6.264 loading class org/jetbrains/kotlin/resolve/OverrideResolver$CollectErrorInformationForInheritedMembersStrategy
Event: 6.264 loading class org/jetbrains/kotlin/resolve/OverrideResolver$CollectErrorInformationForInheritedMembersStrategy done
Event: 6.264 loading class org/jetbrains/kotlin/resolve/OverrideResolver$CheckInheritedSignaturesReportStrategy
Event: 6.264 loading class org/jetbrains/kotlin/resolve/OverrideResolver$CheckInheritedSignaturesReportStrategy done
Event: 6.264 loading class org/jetbrains/kotlin/com/google/common/collect/Collections2
Event: 6.264 loading class org/jetbrains/kotlin/com/google/common/collect/Collections2 done
Event: 6.336 Executing VM operation: G1CollectForAllocation


Dynamic libraries:
0x00007ff6cd2f0000 - 0x00007ff6cd2fa000 	C:\Program Files\Android\Android Studio\jre\bin\java.exe
0x00007ffe97b30000 - 0x00007ffe97d25000 	C:\WINDOWS\SYSTEM32\ntdll.dll
0x00007ffe97990000 - 0x00007ffe97a4d000 	C:\WINDOWS\System32\KERNEL32.DLL
0x00007ffe957b0000 - 0x00007ffe95a78000 	C:\WINDOWS\System32\KERNELBASE.dll
0x00007ffe952a0000 - 0x00007ffe953a0000 	C:\WINDOWS\System32\ucrtbase.dll
0x00007ffe7ec20000 - 0x00007ffe7ec37000 	C:\Program Files\Android\Android Studio\jre\bin\VCRUNTIME140.dll
0x00007ffe7efa0000 - 0x00007ffe7efb9000 	C:\Program Files\Android\Android Studio\jre\bin\jli.dll
0x00007ffe977e0000 - 0x00007ffe97980000 	C:\WINDOWS\System32\USER32.dll
0x00007ffe95270000 - 0x00007ffe95292000 	C:\WINDOWS\System32\win32u.dll
0x00007ffe95ed0000 - 0x00007ffe95efa000 	C:\WINDOWS\System32\GDI32.dll
0x00007ffe95a80000 - 0x00007ffe95b8b000 	C:\WINDOWS\System32\gdi32full.dll
0x00007ffe95580000 - 0x00007ffe9561d000 	C:\WINDOWS\System32\msvcp_win.dll
0x00007ffe77740000 - 0x00007ffe779da000 	C:\WINDOWS\WinSxS\amd64_microsoft.windows.common-controls_6595b64144ccf1df_6.0.19041.844_none_ca00b6081b84eb1d\COMCTL32.dll
0x00007ffe96bd0000 - 0x00007ffe96c6e000 	C:\WINDOWS\System32\msvcrt.dll
0x00007ffe97a50000 - 0x00007ffe97a80000 	C:\WINDOWS\System32\IMM32.DLL
0x00007ffe5f9a0000 - 0x00007ffe5fa3d000 	C:\Program Files\Android\Android Studio\jre\bin\msvcp140.dll
0x00007ffe4a250000 - 0x00007ffe4ad0c000 	C:\Program Files\Android\Android Studio\jre\bin\server\jvm.dll
0x00007ffe95b90000 - 0x00007ffe95c3c000 	C:\WINDOWS\System32\ADVAPI32.dll
0x00007ffe95e30000 - 0x00007ffe95ecb000 	C:\WINDOWS\System32\sechost.dll
0x00007ffe96160000 - 0x00007ffe9628b000 	C:\WINDOWS\System32\RPCRT4.dll
0x00007ffe97980000 - 0x00007ffe97988000 	C:\WINDOWS\System32\PSAPI.DLL
0x00007ffe71ff0000 - 0x00007ffe71ff9000 	C:\WINDOWS\SYSTEM32\WSOCK32.dll
0x00007ffe97a80000 - 0x00007ffe97aeb000 	C:\WINDOWS\System32\WS2_32.dll
0x00007ffe79930000 - 0x00007ffe79957000 	C:\WINDOWS\SYSTEM32\WINMM.dll
0x00007ffe94e00000 - 0x00007ffe94e0a000 	C:\WINDOWS\SYSTEM32\VERSION.dll
0x00007ffe93ad0000 - 0x00007ffe93ae2000 	C:\WINDOWS\SYSTEM32\kernel.appcore.dll
0x00007ffe8cb40000 - 0x00007ffe8cb51000 	C:\Program Files\Android\Android Studio\jre\bin\verify.dll
0x00007ffe93050000 - 0x00007ffe93234000 	C:\WINDOWS\SYSTEM32\DBGHELP.DLL
0x00007ffe71850000 - 0x00007ffe7187c000 	C:\WINDOWS\SYSTEM32\dbgcore.DLL
0x00007ffe95620000 - 0x00007ffe956a0000 	C:\WINDOWS\System32\bcryptPrimitives.dll
0x00007ffe8c2c0000 - 0x00007ffe8c2e9000 	C:\Program Files\Android\Android Studio\jre\bin\java.dll
0x00007ffe8c270000 - 0x00007ffe8c27b000 	C:\Program Files\Android\Android Studio\jre\bin\jimage.dll
0x00007ffe8c250000 - 0x00007ffe8c268000 	C:\Program Files\Android\Android Studio\jre\bin\zip.dll
0x00007ffe962a0000 - 0x00007ffe969e2000 	C:\WINDOWS\System32\SHELL32.dll
0x00007ffe93330000 - 0x00007ffe93ac0000 	C:\WINDOWS\SYSTEM32\windows.storage.dll
0x00007ffe96c70000 - 0x00007ffe96fc5000 	C:\WINDOWS\System32\combase.dll
0x00007ffe94c70000 - 0x00007ffe94c9c000 	C:\WINDOWS\SYSTEM32\Wldp.dll
0x00007ffe95c40000 - 0x00007ffe95cee000 	C:\WINDOWS\System32\SHCORE.dll
0x00007ffe97780000 - 0x00007ffe977d5000 	C:\WINDOWS\System32\shlwapi.dll
0x00007ffe951b0000 - 0x00007ffe951cf000 	C:\WINDOWS\SYSTEM32\profapi.dll
0x00007ffe8acc0000 - 0x00007ffe8acda000 	C:\Program Files\Android\Android Studio\jre\bin\net.dll
0x00007ffe7d5b0000 - 0x00007ffe7d6bb000 	C:\WINDOWS\SYSTEM32\WINHTTP.dll
0x00007ffe949e0000 - 0x00007ffe94a4a000 	C:\WINDOWS\system32\mswsock.dll
0x00007ffe8ab40000 - 0x00007ffe8ab54000 	C:\Program Files\Android\Android Studio\jre\bin\nio.dll

dbghelp: loaded successfully - version: 4.0.5 - missing functions: none
symbol engine: initialized successfully - sym options: 0x614 - pdb path: .;C:\Program Files\Android\Android Studio\jre\bin;C:\WINDOWS\SYSTEM32;C:\WINDOWS\WinSxS\amd64_microsoft.windows.common-controls_6595b64144ccf1df_6.0.19041.844_none_ca00b6081b84eb1d;C:\Program Files\Android\Android Studio\jre\bin\server

VM Arguments:
java_command: org.jetbrains.kotlin.cli.jvm.K2JVMCompiler -Xallow-no-source-files -classpath C:\Android\Proyecto\VendedoresKT\ApoloVendedor\app\build\intermediates\compile_and_runtime_not_namespaced_r_class_jar\debug\R.jar;C:\Users\Apolo\.gradle\caches\transforms-2\files-2.1\70b69f018ff8e55d59c786768edda5ad\jetified-ksoap2-android-assembly-3.6.2-jar-with-dependencies.jar;C:\Users\Apolo\.gradle\caches\transforms-2\files-2.1\65822686645ebbefbf6a8af1588fb9e6\jetified-kotlin-android-extensions-runtime-1.3.72.jar;C:\Users\Apolo\.gradle\caches\transforms-2\files-2.1\e339e8830f424a51a223b9ab6ff13c9b\jetified-kotlin-stdlib-jdk7-1.3.72.jar;C:\Users\Apolo\.gradle\caches\transforms-2\files-2.1\b7b8da7012b769d6e1d5e97ec3660eec\jetified-core-ktx-1.2.0-api.jar;C:\Users\Apolo\.gradle\caches\transforms-2\files-2.1\172a37d5aaf6c239d3f3ac4e85e80706\jetified-kotlin-stdlib-1.3.72.jar;C:\Users\Apolo\.gradle\caches\transforms-2\files-2.1\2cd9eed13f11bee972de9aa70644c376\jetified-kotlin-stdlib-common-1.3.72.jar;C:\Users\Apolo\.gradle\caches\transforms-2\files-2.1\17dda0cf0629172bdc4ecf5d3bc5b97a\jetified-annotations-13.0.jar;C:\Users\Apolo\.gradle\caches\transforms-2\files-2.1\c947f03eec3c31e4097ca3d0b32c1cc1\material-1.0.0-api.jar;C:\Users\Apolo\.gradle\caches\transforms-2\files-2.1\bf764ed074c0ac103109d1826cf7354a\appcompat-1.1.0-api.jar;C:\Users\Apolo\.gradle\caches\transforms-2\files-2.1\74b70178f46f9beb69813f52563b2a97\cardview-1.0.0-api.jar;C:\Users\Apolo\.gradle\caches\transforms-2\files-2.1\7333204511bb3c05d1650051bbdc5a28\gridlayout-1.0.0-api.jar;C:\Users\Apolo\.gradle\caches\transforms-2\files-2.1\14fd8c3ad82c146d9efd8859e38a0ef8\jetified-play-services-maps-17.0.0-api.jar;C:\Users\Apolo\.gradle\caches\transforms-2\files-2.1\8259b828720644cdf6d447b6f0a0b83e\lifecycle-extensions-2.0.0-api.jar;C:\Users\Apolo\.gradle\caches\transforms-2\files-2.1\315adbd2afad81e80f5bbf1852a718f2\jetified-play-services-base-17.0.0-api.jar;C:\Users\Apolo\.gradle\caches\transforms-2\files-2.1\990e53d4
java_class_path (initial): C:\Users\Apolo\.gradle\caches\modules-2\files-2.1\org.jetbrains.kotlin\kotlin-compiler-embeddable\1.3.72\fb72232c8fa977d5e07d33c43381ddbdc5edab6\kotlin-compiler-embeddable-1.3.72.jar;C:\Users\Apolo\.gradle\caches\modules-2\files-2.1\org.jetbrains.kotlin\kotlin-reflect\1.3.72\86613e1a669a701b0c660bfd2af4f82a7ae11fca\kotlin-reflect-1.3.72.jar;C:\Users\Apolo\.gradle\caches\modules-2\files-2.1\org.jetbrains.kotlin\kotlin-stdlib\1.3.72\8032138f12c0180bc4e51fe139d4c52b46db6109\kotlin-stdlib-1.3.72.jar;C:\Users\Apolo\.gradle\caches\modules-2\files-2.1\org.jetbrains.kotlin\kotlin-script-runtime\1.3.72\657d8d34d91e1964b4439378c09933e840bfe8d5\kotlin-script-runtime-1.3.72.jar;C:\Users\Apolo\.gradle\caches\modules-2\files-2.1\org.jetbrains.kotlin\kotlin-daemon-embeddable\1.3.72\53bbaa2816dbf6bdb85f629451b1fcc88f2164d2\kotlin-daemon-embeddable-1.3.72.jar;C:\Users\Apolo\.gradle\caches\modules-2\files-2.1\org.jetbrains.intellij.deps\trove4j\1.0.20181211\216c2e14b070f334479d800987affe4054cd563f\trove4j-1.0.20181211.jar;C:\Users\Apolo\.gradle\caches\modules-2\files-2.1\org.jetbrains.kotlin\kotlin-stdlib-common\1.3.72\6ca8bee3d88957eaaaef077c41c908c9940492d8\kotlin-stdlib-common-1.3.72.jar;C:\Users\Apolo\.gradle\caches\modules-2\files-2.1\org.jetbrains\annotations\13.0\919f0dfe192fb4e063e7dacadee7f8bb9a2672a9\annotations-13.0.jar
Launcher Type: SUN_STANDARD

[Global flags]
     intx CICompilerCount                          = 4                                         {product} {ergonomic}
     uint ConcGCThreads                            = 2                                         {product} {ergonomic}
     uint G1ConcRefinementThreads                  = 8                                         {product} {ergonomic}
   size_t G1HeapRegionSize                         = 1048576                                   {product} {ergonomic}
    uintx GCDrainStackTargetSize                   = 64                                        {product} {ergonomic}
   size_t InitialHeapSize                          = 132120576                                 {product} {ergonomic}
   size_t MarkStackSize                            = 4194304                                   {product} {ergonomic}
   size_t MaxHeapSize                              = 2090860544                                {product} {ergonomic}
   size_t MaxNewSize                               = 1254096896                                {product} {ergonomic}
   size_t MinHeapDeltaBytes                        = 1048576                                   {product} {ergonomic}
    uintx NonNMethodCodeHeapSize                   = 5836300                                {pd product} {ergonomic}
    uintx NonProfiledCodeHeapSize                  = 122910970                              {pd product} {ergonomic}
    uintx ProfiledCodeHeapSize                     = 122910970                              {pd product} {ergonomic}
    uintx ReservedCodeCacheSize                    = 251658240                              {pd product} {ergonomic}
     bool SegmentedCodeCache                       = true                                      {product} {ergonomic}
     bool UseCompressedClassPointers               = true                                 {lp64_product} {ergonomic}
     bool UseCompressedOops                        = true                                 {lp64_product} {ergonomic}
     bool UseG1GC                                  = true                                      {product} {ergonomic}
     bool UseLargePagesIndividualAllocation        = false                                  {pd product} {ergonomic}

Logging:
Log output configuration:
 #0: stdout all=warning uptime,level,tags
 #1: stderr all=off uptime,level,tags

Environment Variables:
PATH=C:\orant\bin;C:\Program Files\Common Files\Oracle\Java\javapath;C:\Program Files (x86)\Common Files\Oracle\Java\javapath;C:\WINDOWS\system32;C:\WINDOWS;C:\WINDOWS\System32\Wbem;C:\WINDOWS\System32\WindowsPowerShell\v1.0\;C:\WINDOWS\System32\OpenSSH\;C:\orant\jdk\bin;C:\Program Files (x86)\Intel\Intel(R) Memory And Storage Tool\;C:\Program Files\Git\cmd;C:\Program Files\nodejs\;C:\instantclient_12_1\;C:\Users\Apolo\AppData\Local\Microsoft\WindowsApps;C:\Users\Apolo\AppData\Local\Programs\Microsoft VS Code\bin;C:\Users\Apolo\AppData\Roaming\npm;C:\Users\Apolo\AppData\Local\atom\bin;
USERNAME=Apolo
OS=Windows_NT
PROCESSOR_IDENTIFIER=Intel64 Family 6 Model 126 Stepping 5, GenuineIntel



---------------  S Y S T E M  ---------------

OS: Windows 10 , 64 bit Build 19041 (10.0.19041.928)
OS uptime: 10 days 4:02 hours

CPU:total 8 (initial active 8) (4 cores per cpu, 2 threads per core) family 6 model 126 stepping 5, cmov, cx8, fxsr, mmx, sse, sse2, sse3, ssse3, sse4.1, sse4.2, popcnt, avx, avx2, aes, clmul, erms, 3dnowpref, lzcnt, ht, tsc, tscinvbit, bmi1, bmi2, adx, evex, sha, fma

Memory: 4k page, system-wide physical 7973M (594M free)
TotalPageFile size 11461M (AvailPageFile size 30M)
current process WorkingSet (physical memory assigned to process): 329M, peak: 329M
current process commit charge ("private bytes"): 377M, peak: 430M

vm_info: OpenJDK 64-Bit Server VM (11.0.8+10-b944.6842174) for windows-amd64 JRE (11.0.8+10-b944.6842174), built on Sep 19 2020 01:11:42 by "builder" with MS VC++ 14.0 (VS2015)

END.
