#
# There is insufficient memory for the Java Runtime Environment to continue.
# Native memory allocation (malloc) failed to allocate 585456 bytes for Chunk::new
# Possible reasons:
#   The system is out of physical RAM or swap space
#   The process is running with CompressedOops enabled, and the Java Heap may be blocking the growth of the native heap
# Possible solutions:
#   Reduce memory load on the system
#   Increase physical memory or swap space
#   Check if swap backing store is full
#   Decrease Java heap size (-Xmx/-Xms)
#   Decrease number of Java threads
#   Decrease Java thread stack sizes (-Xss)
#   Set larger code cache with -XX:ReservedCodeCacheSize=
#   JVM is running with Unscaled Compressed Oops mode in which the Java heap is
#     placed in the first 4GB address space. The Java Heap base address is the
#     maximum limit for the native heap growth. Please use -XX:HeapBaseMinAddress
#     to set the Java Heap base and to place the Java Heap above 4GB virtual address.
# This output file may be truncated or incomplete.
#
#  Out of Memory Error (allocation.cpp:389), pid=13132, tid=0x00000000000033c8
#
# JRE version: OpenJDK Runtime Environment (8.0_242-b01) (build 1.8.0_242-release-1644-b01)
# Java VM: OpenJDK 64-Bit Server VM (25.242-b01 mixed mode windows-amd64 compressed oops)
# Failed to write core dump. Minidumps are not enabled by default on client versions of Windows
#

---------------  T H R E A D  ---------------

Current thread (0x0000000019ecf800):  JavaThread "C2 CompilerThread1" daemon [_thread_in_native, id=13256, stack(0x000000001a8b0000,0x000000001a9b0000)]

Stack: [0x000000001a8b0000,0x000000001a9b0000]
[error occurred during error reporting (printing stack bounds), id 0xc0000005]

Native frames: (J=compiled Java code, j=interpreted, Vv=VM code, C=native code)


Current CompileTask:
C2:   2667 3497   !   4       org.jetbrains.kotlin.metadata.ProtoBuf$Type::<init> (875 bytes)


---------------  P R O C E S S  ---------------

Java Threads: ( => current thread )
  0x0000000019f75000 JavaThread "Service Thread" daemon [_thread_blocked, id=13268, stack(0x000000001abb0000,0x000000001acb0000)]
  0x0000000019eda800 JavaThread "C1 CompilerThread3" daemon [_thread_blocked, id=13264, stack(0x000000001aab0000,0x000000001abb0000)]
  0x0000000019ed4800 JavaThread "C2 CompilerThread2" daemon [_thread_in_native, id=13260, stack(0x000000001a9b0000,0x000000001aab0000)]
=>0x0000000019ecf800 JavaThread "C2 CompilerThread1" daemon [_thread_in_native, id=13256, stack(0x000000001a8b0000,0x000000001a9b0000)]
  0x0000000019ecd000 JavaThread "C2 CompilerThread0" daemon [_thread_in_native, id=13252, stack(0x000000001a7b0000,0x000000001a8b0000)]
  0x0000000019ecb000 JavaThread "Attach Listener" daemon [_thread_blocked, id=13248, stack(0x000000001a6b0000,0x000000001a7b0000)]
  0x0000000019eca000 JavaThread "Signal Dispatcher" daemon [_thread_blocked, id=13244, stack(0x000000001a5b0000,0x000000001a6b0000)]
  0x00000000180b7800 JavaThread "Finalizer" daemon [_thread_blocked, id=13240, stack(0x000000001a390000,0x000000001a490000)]
  0x0000000019eb0800 JavaThread "Reference Handler" daemon [_thread_blocked, id=13236, stack(0x000000001a290000,0x000000001a390000)]
  0x000000000322e800 JavaThread "main" [_thread_in_vm, id=13196, stack(0x0000000002f30000,0x0000000003030000)]

Other Threads:
  0x00000000180aa800 VMThread [stack: 0x0000000019d90000,0x0000000019e90000] [id=13232]
  0x0000000019f76000 WatcherThread [stack: 0x000000001acb0000,0x000000001adb0000] [id=13272]

VM state:not at safepoint (normal execution)

VM Mutex/Monitor currently owned by a thread: None

heap address: 0x0000000083600000, size: 1994 MB, Compressed Oops mode: 32-bit
Narrow klass base: 0x0000000000000000, Narrow klass shift: 3
Compressed class space size: 1073741824 Address: 0x0000000100000000

Heap:
 PSYoungGen      total 82432K, used 58536K [0x00000000d6780000, 0x00000000dcf00000, 0x0000000100000000)
  eden space 65536K, 89% used [0x00000000d6780000,0x00000000da0aa0b8,0x00000000da780000)
  from space 16896K, 0% used [0x00000000dbe80000,0x00000000dbe80000,0x00000000dcf00000)
  to   space 5120K, 0% used [0x00000000da780000,0x00000000da780000,0x00000000dac80000)
 ParOldGen       total 65024K, used 23893K [0x0000000083600000, 0x0000000087580000, 0x00000000d6780000)
  object space 65024K, 36% used [0x0000000083600000,0x0000000084d557b8,0x0000000087580000)
 Metaspace       used 37832K, capacity 38462K, committed 38704K, reserved 1083392K
  class space    used 4750K, capacity 4898K, committed 4912K, reserved 1048576K

Card table byte_map: [0x00000000125f0000,0x00000000129e0000] byte_map_base: 0x00000000121d5000

Marking Bits: (ParMarkBitMap*) 0x0000000064e3f030
 Begin Bits: [0x0000000013480000, 0x00000000153a8000)
 End Bits:   [0x00000000153a8000, 0x00000000172d0000)

Polling page: 0x0000000003140000

CodeCache: size=245760Kb used=11706Kb max_used=11720Kb free=234053Kb
 bounds [0x0000000003230000, 0x0000000003db0000, 0x0000000012230000]
 total_blobs=4042 nmethods=3597 adapters=358
 compilation: enabled

Compilation events (10 events):
Event: 2.658 Thread 0x0000000019eda800 nmethod 3611 0x0000000003d94d50 code [0x0000000003d94ea0, 0x0000000003d94fd0]
Event: 2.658 Thread 0x0000000019eda800 3612       3       org.jetbrains.kotlin.metadata.jvm.JvmProtoBuf$JvmMethodSignature::access$2202 (7 bytes)
Event: 2.658 Thread 0x0000000019eda800 nmethod 3612 0x0000000003d95090 code [0x0000000003d951e0, 0x0000000003d95310]
Event: 2.658 Thread 0x0000000019eda800 3609       3       org.jetbrains.kotlin.protobuf.FieldSet::addRepeatedField (79 bytes)
Event: 2.659 Thread 0x0000000019eda800 nmethod 3609 0x0000000003d953d0 code [0x0000000003d95600, 0x0000000003d96278]
Event: 2.659 Thread 0x0000000019eda800 3608       1       org.jetbrains.kotlin.metadata.jvm.JvmProtoBuf$JvmMethodSignature::getName (5 bytes)
Event: 2.659 Thread 0x0000000019eda800 nmethod 3608 0x0000000003d96790 code [0x0000000003d968e0, 0x0000000003d969f0]
Event: 2.659 Thread 0x0000000019eda800 3613       3       org.jetbrains.kotlin.protobuf.CodedInputStream::readRawVarint64 (305 bytes)
Event: 2.659 Thread 0x0000000019eda800 nmethod 3613 0x0000000003d96a50 code [0x0000000003d96c00, 0x0000000003d97468]
Event: 2.659 Thread 0x0000000019eda800 3590       3       org.jetbrains.kotlin.metadata.ProtoBuf$Annotation$Argument$Value::writeTo (272 bytes)

GC Heap History (10 events):
Event: 0.945 GC heap before
{Heap before GC invocations=4 (full 1):
 PSYoungGen      total 37888K, used 5096K [0x00000000d6780000, 0x00000000db180000, 0x0000000100000000)
  eden space 32768K, 0% used [0x00000000d6780000,0x00000000d6780000,0x00000000d8780000)
  from space 5120K, 99% used [0x00000000d8780000,0x00000000d8c7a2c0,0x00000000d8c80000)
  to   space 5120K, 0% used [0x00000000dac80000,0x00000000dac80000,0x00000000db180000)
 ParOldGen       total 86016K, used 11937K [0x0000000083600000, 0x0000000088a00000, 0x00000000d6780000)
  object space 86016K, 13% used [0x0000000083600000,0x00000000841a8568,0x0000000088a00000)
 Metaspace       used 20800K, capacity 21196K, committed 21296K, reserved 1069056K
  class space    used 2465K, capacity 2594K, committed 2608K, reserved 1048576K
Event: 0.965 GC heap after
Heap after GC invocations=4 (full 1):
 PSYoungGen      total 37888K, used 0K [0x00000000d6780000, 0x00000000db180000, 0x0000000100000000)
  eden space 32768K, 0% used [0x00000000d6780000,0x00000000d6780000,0x00000000d8780000)
  from space 5120K, 0% used [0x00000000d8780000,0x00000000d8780000,0x00000000d8c80000)
  to   space 5120K, 0% used [0x00000000dac80000,0x00000000dac80000,0x00000000db180000)
 ParOldGen       total 65024K, used 9580K [0x0000000083600000, 0x0000000087580000, 0x00000000d6780000)
  object space 65024K, 14% used [0x0000000083600000,0x0000000083f5b1e0,0x0000000087580000)
 Metaspace       used 20800K, capacity 21196K, committed 21296K, reserved 1069056K
  class space    used 2465K, capacity 2594K, committed 2608K, reserved 1048576K
}
Event: 1.304 GC heap before
{Heap before GC invocations=5 (full 1):
 PSYoungGen      total 37888K, used 32768K [0x00000000d6780000, 0x00000000db180000, 0x0000000100000000)
  eden space 32768K, 100% used [0x00000000d6780000,0x00000000d8780000,0x00000000d8780000)
  from space 5120K, 0% used [0x00000000d8780000,0x00000000d8780000,0x00000000d8c80000)
  to   space 5120K, 0% used [0x00000000dac80000,0x00000000dac80000,0x00000000db180000)
 ParOldGen       total 65024K, used 9580K [0x0000000083600000, 0x0000000087580000, 0x00000000d6780000)
  object space 65024K, 14% used [0x0000000083600000,0x0000000083f5b1e0,0x0000000087580000)
 Metaspace       used 24406K, capacity 24919K, committed 25136K, reserved 1071104K
  class space    used 2912K, capacity 3061K, committed 3120K, reserved 1048576K
Event: 1.310 GC heap after
Heap after GC invocations=5 (full 1):
 PSYoungGen      total 53760K, used 5113K [0x00000000d6780000, 0x00000000db180000, 0x0000000100000000)
  eden space 48640K, 0% used [0x00000000d6780000,0x00000000d6780000,0x00000000d9700000)
  from space 5120K, 99% used [0x00000000dac80000,0x00000000db17e458,0x00000000db180000)
  to   space 5120K, 0% used [0x00000000da780000,0x00000000da780000,0x00000000dac80000)
 ParOldGen       total 65024K, used 11672K [0x0000000083600000, 0x0000000087580000, 0x00000000d6780000)
  object space 65024K, 17% used [0x0000000083600000,0x00000000841661d8,0x0000000087580000)
 Metaspace       used 24406K, capacity 24919K, committed 25136K, reserved 1071104K
  class space    used 2912K, capacity 3061K, committed 3120K, reserved 1048576K
}
Event: 1.920 GC heap before
{Heap before GC invocations=6 (full 1):
 PSYoungGen      total 53760K, used 53753K [0x00000000d6780000, 0x00000000db180000, 0x0000000100000000)
  eden space 48640K, 100% used [0x00000000d6780000,0x00000000d9700000,0x00000000d9700000)
  from space 5120K, 99% used [0x00000000dac80000,0x00000000db17e458,0x00000000db180000)
  to   space 5120K, 0% used [0x00000000da780000,0x00000000da780000,0x00000000dac80000)
 ParOldGen       total 65024K, used 11672K [0x0000000083600000, 0x0000000087580000, 0x00000000d6780000)
  object space 65024K, 17% used [0x0000000083600000,0x00000000841661d8,0x0000000087580000)
 Metaspace       used 32611K, capacity 33180K, committed 33456K, reserved 1079296K
  class space    used 4110K, capacity 4251K, committed 4272K, reserved 1048576K
Event: 1.933 GC heap after
Heap after GC invocations=6 (full 1):
 PSYoungGen      total 70656K, used 5090K [0x00000000d6780000, 0x00000000dcf00000, 0x0000000100000000)
  eden space 65536K, 0% used [0x00000000d6780000,0x00000000d6780000,0x00000000da780000)
  from space 5120K, 99% used [0x00000000da780000,0x00000000dac78908,0x00000000dac80000)
  to   space 16896K, 0% used [0x00000000dbe80000,0x00000000dbe80000,0x00000000dcf00000)
 ParOldGen       total 65024K, used 23869K [0x0000000083600000, 0x0000000087580000, 0x00000000d6780000)
  object space 65024K, 36% used [0x0000000083600000,0x0000000084d4f580,0x0000000087580000)
 Metaspace       used 32611K, capacity 33180K, committed 33456K, reserved 1079296K
  class space    used 4110K, capacity 4251K, committed 4272K, reserved 1048576K
}
Event: 2.038 GC heap before
{Heap before GC invocations=7 (full 1):
 PSYoungGen      total 70656K, used 12985K [0x00000000d6780000, 0x00000000dcf00000, 0x0000000100000000)
  eden space 65536K, 12% used [0x00000000d6780000,0x00000000d6f35d20,0x00000000da780000)
  from space 5120K, 99% used [0x00000000da780000,0x00000000dac78908,0x00000000dac80000)
  to   space 16896K, 0% used [0x00000000dbe80000,0x00000000dbe80000,0x00000000dcf00000)
 ParOldGen       total 65024K, used 23869K [0x0000000083600000, 0x0000000087580000, 0x00000000d6780000)
  object space 65024K, 36% used [0x0000000083600000,0x0000000084d4f580,0x0000000087580000)
 Metaspace       used 34630K, capacity 35168K, committed 35496K, reserved 1081344K
  class space    used 4405K, capacity 4547K, committed 4656K, reserved 1048576K
Event: 2.044 GC heap after
Heap after GC invocations=7 (full 1):
 PSYoungGen      total 82432K, used 7271K [0x00000000d6780000, 0x00000000dcf00000, 0x0000000100000000)
  eden space 65536K, 0% used [0x00000000d6780000,0x00000000d6780000,0x00000000da780000)
  from space 16896K, 43% used [0x00000000dbe80000,0x00000000dc599f18,0x00000000dcf00000)
  to   space 5120K, 0% used [0x00000000da780000,0x00000000da780000,0x00000000dac80000)
 ParOldGen       total 65024K, used 23877K [0x0000000083600000, 0x0000000087580000, 0x00000000d6780000)
  object space 65024K, 36% used [0x0000000083600000,0x0000000084d51580,0x0000000087580000)
 Metaspace       used 34630K, capacity 35168K, committed 35496K, reserved 1081344K
  class space    used 4405K, capacity 4547K, committed 4656K, reserved 1048576K
}
Event: 2.044 GC heap before
{Heap before GC invocations=8 (full 2):
 PSYoungGen      total 82432K, used 7271K [0x00000000d6780000, 0x00000000dcf00000, 0x0000000100000000)
  eden space 65536K, 0% used [0x00000000d6780000,0x00000000d6780000,0x00000000da780000)
  from space 16896K, 43% used [0x00000000dbe80000,0x00000000dc599f18,0x00000000dcf00000)
  to   space 5120K, 0% used [0x00000000da780000,0x00000000da780000,0x00000000dac80000)
 ParOldGen       total 65024K, used 23877K [0x0000000083600000, 0x0000000087580000, 0x00000000d6780000)
  object space 65024K, 36% used [0x0000000083600000,0x0000000084d51580,0x0000000087580000)
 Metaspace       used 34630K, capacity 35168K, committed 35496K, reserved 1081344K
  class space    used 4405K, capacity 4547K, committed 4656K, reserved 1048576K
Event: 2.081 GC heap after
Heap after GC invocations=8 (full 2):
 PSYoungGen      total 82432K, used 0K [0x00000000d6780000, 0x00000000dcf00000, 0x0000000100000000)
  eden space 65536K, 0% used [0x00000000d6780000,0x00000000d6780000,0x00000000da780000)
  from space 16896K, 0% used [0x00000000dbe80000,0x00000000dbe80000,0x00000000dcf00000)
  to   space 5120K, 0% used [0x00000000da780000,0x00000000da780000,0x00000000dac80000)
 ParOldGen       total 65024K, used 23893K [0x0000000083600000, 0x0000000087580000, 0x00000000d6780000)
  object space 65024K, 36% used [0x0000000083600000,0x0000000084d557b8,0x0000000087580000)
 Metaspace       used 34630K, capacity 35168K, committed 35496K, reserved 1081344K
  class space    used 4405K, capacity 4547K, committed 4656K, reserved 1048576K
}

Deoptimization events (10 events):
Event: 2.478 Thread 0x000000000322e800 Uncommon trap: reason=class_check action=maybe_recompile pc=0x0000000003b62d94 method=org.jetbrains.kotlin.com.intellij.util.text.CharSequenceSubSequence.<init>(Ljava/lang/CharSequence;II)V @ 18
Event: 2.478 Thread 0x000000000322e800 Uncommon trap: reason=class_check action=maybe_recompile pc=0x0000000003bb71b0 method=org.jetbrains.kotlin.com.intellij.util.text.CharArrayUtil.getChars(Ljava/lang/CharSequence;[CIII)V @ 17
Event: 2.479 Thread 0x000000000322e800 Uncommon trap: reason=class_check action=maybe_recompile pc=0x0000000003b62d94 method=org.jetbrains.kotlin.com.intellij.util.text.CharSequenceSubSequence.<init>(Ljava/lang/CharSequence;II)V @ 18
Event: 2.479 Thread 0x000000000322e800 Uncommon trap: reason=class_check action=maybe_recompile pc=0x0000000003bb71b0 method=org.jetbrains.kotlin.com.intellij.util.text.CharArrayUtil.getChars(Ljava/lang/CharSequence;[CIII)V @ 17
Event: 2.479 Thread 0x000000000322e800 Uncommon trap: reason=class_check action=maybe_recompile pc=0x0000000003b62d94 method=org.jetbrains.kotlin.com.intellij.util.text.CharSequenceSubSequence.<init>(Ljava/lang/CharSequence;II)V @ 18
Event: 2.479 Thread 0x000000000322e800 Uncommon trap: reason=class_check action=maybe_recompile pc=0x0000000003bb71b0 method=org.jetbrains.kotlin.com.intellij.util.text.CharArrayUtil.getChars(Ljava/lang/CharSequence;[CIII)V @ 17
Event: 2.479 Thread 0x000000000322e800 Uncommon trap: reason=class_check action=maybe_recompile pc=0x0000000003b62d94 method=org.jetbrains.kotlin.com.intellij.util.text.CharSequenceSubSequence.<init>(Ljava/lang/CharSequence;II)V @ 18
Event: 2.479 Thread 0x000000000322e800 Uncommon trap: reason=class_check action=maybe_recompile pc=0x0000000003bb71b0 method=org.jetbrains.kotlin.com.intellij.util.text.CharArrayUtil.getChars(Ljava/lang/CharSequence;[CIII)V @ 17
Event: 2.479 Thread 0x000000000322e800 Uncommon trap: reason=class_check action=maybe_recompile pc=0x0000000003bb7ff4 method=org.jetbrains.kotlin.com.intellij.util.text.CharArrayUtil.getChars(Ljava/lang/CharSequence;[CIII)V @ 17
Event: 2.479 Thread 0x000000000322e800 Uncommon trap: reason=class_check action=maybe_recompile pc=0x0000000003b26efc method=org.jetbrains.kotlin.com.intellij.util.text.CharArrayUtil.getChars(Ljava/lang/CharSequence;[CIII)V @ 17

Classes redefined (0 events):
No events

Internal exceptions (10 events):
Event: 0.880 Thread 0x000000000322e800 Exception <a 'java/lang/NoSuchMethodError': java.lang.Object.lambda$static$0(I)[Lorg/jetbrains/kotlin/com/intellij/psi/PsiAnnotation;> (0x00000000d75faaa0) thrown at [C:\src\AOSP-openjdk-git\hotspot\src\share\vm\interpreter\linkResolver.cpp, line 620]
Event: 0.934 Thread 0x000000000322e800 Exception <a 'java/lang/NoSuchMethodError': java.lang.Object.lambda$static$0(I)[Lorg/jetbrains/kotlin/com/intellij/psi/PsiElement;> (0x00000000d7b40a18) thrown at [C:\src\AOSP-openjdk-git\hotspot\src\share\vm\interpreter\linkResolver.cpp, line 620]
Event: 1.560 Thread 0x000000000322e800 Exception <a 'java/lang/ArrayIndexOutOfBoundsException': 126> (0x00000000d7582158) thrown at [C:\src\AOSP-openjdk-git\hotspot\src\share\vm\interpreter\interpreterRuntime.cpp, line 368]
Event: 1.561 Thread 0x000000000322e800 Exception <a 'java/lang/ArrayIndexOutOfBoundsException': 86> (0x00000000d75835e0) thrown at [C:\src\AOSP-openjdk-git\hotspot\src\share\vm\interpreter\interpreterRuntime.cpp, line 368]
Event: 1.990 Thread 0x000000000322e800 Implicit null exception at 0x000000000393cdb8 to 0x000000000393cfed
Event: 1.990 Thread 0x000000000322e800 Implicit null exception at 0x0000000003944777 to 0x000000000394497d
Event: 2.028 Thread 0x000000000322e800 Exception <a 'java/lang/NoSuchMethodError': java.lang.Object.lambda$static$0(I)[Lorg/jetbrains/kotlin/psi/KtExpression;> (0x00000000d6d48b90) thrown at [C:\src\AOSP-openjdk-git\hotspot\src\share\vm\interpreter\linkResolver.cpp, line 620]
Event: 2.090 Thread 0x000000000322e800 Implicit null exception at 0x0000000003990c7d to 0x0000000003990e39
Event: 2.427 Thread 0x000000000322e800 Exception <a 'java/lang/NoSuchMethodError': java.lang.Object.lambda$static$0(I)[Lorg/jetbrains/kotlin/psi/KtDeclaration;> (0x00000000d7f86418) thrown at [C:\src\AOSP-openjdk-git\hotspot\src\share\vm\interpreter\linkResolver.cpp, line 620]
Event: 2.531 Thread 0x000000000322e800 Exception <a 'java/lang/NoSuchMethodError': java.lang.Object.lambda$static$0(I)[Lorg/jetbrains/kotlin/psi/KtTypeElement;> (0x00000000d886f568) thrown at [C:\src\AOSP-openjdk-git\hotspot\src\share\vm\interpreter\linkResolver.cpp, line 620]

Events (10 events):
Event: 2.597 loading class org/jetbrains/kotlin/types/expressions/ExpressionTypingUtils$1
Event: 2.597 loading class org/jetbrains/kotlin/types/expressions/ExpressionTypingUtils$1 done
Event: 2.597 loading class org/jetbrains/kotlin/resolve/scopes/utils/LexicalScopeWrapper
Event: 2.597 loading class org/jetbrains/kotlin/resolve/scopes/utils/LexicalScopeWrapper done
Event: 2.597 loading class org/jetbrains/kotlin/resolve/scopes/LexicalScopeStorage$IntList
Event: 2.597 loading class org/jetbrains/kotlin/resolve/scopes/LexicalScopeStorage$IntList done
Event: 2.621 loading class org/jetbrains/kotlin/metadata/ProtoBuf$1
Event: 2.621 loading class org/jetbrains/kotlin/metadata/ProtoBuf$1 done
Event: 2.638 Executing VM operation: ForceSafepoint
Event: 2.638 Executing VM operation: ForceSafepoint done


Dynamic libraries:
0x00007ff7db880000 - 0x00007ff7db8b1000 	C:\Program Files\Android\Android Studio\jre\jre\bin\java.exe
0x00007ff9c3cb0000 - 0x00007ff9c3ea6000 	C:\WINDOWS\SYSTEM32\ntdll.dll
0x00007ff9c3bb0000 - 0x00007ff9c3c6d000 	C:\WINDOWS\System32\KERNEL32.DLL
0x00007ff9c18a0000 - 0x00007ff9c1b69000 	C:\WINDOWS\System32\KERNELBASE.dll
0x00007ff9c1d10000 - 0x00007ff9c1dbc000 	C:\WINDOWS\System32\ADVAPI32.dll
0x00007ff9c2690000 - 0x00007ff9c272e000 	C:\WINDOWS\System32\msvcrt.dll
0x00007ff9c3a20000 - 0x00007ff9c3abc000 	C:\WINDOWS\System32\sechost.dll
0x00007ff9c2560000 - 0x00007ff9c268b000 	C:\WINDOWS\System32\RPCRT4.dll
0x00007ff9c23c0000 - 0x00007ff9c2560000 	C:\WINDOWS\System32\USER32.dll
0x00007ff9c1500000 - 0x00007ff9c1522000 	C:\WINDOWS\System32\win32u.dll
0x00007ff9c3080000 - 0x00007ff9c30aa000 	C:\WINDOWS\System32\GDI32.dll
0x00007ff9c13f0000 - 0x00007ff9c14fb000 	C:\WINDOWS\System32\gdi32full.dll
0x00007ff9c1b70000 - 0x00007ff9c1c0d000 	C:\WINDOWS\System32\msvcp_win.dll
0x00007ff9c1530000 - 0x00007ff9c1630000 	C:\WINDOWS\System32\ucrtbase.dll
0x00007ff9abc70000 - 0x00007ff9abf0b000 	C:\WINDOWS\WinSxS\amd64_microsoft.windows.common-controls_6595b64144ccf1df_6.0.19041.746_none_ca02b4b61b8320a4\COMCTL32.dll
0x00007ff9c3b20000 - 0x00007ff9c3b50000 	C:\WINDOWS\System32\IMM32.DLL
0x0000000063c40000 - 0x0000000063d12000 	C:\Program Files\Android\Android Studio\jre\jre\bin\msvcr100.dll
0x0000000064670000 - 0x0000000064ebb000 	C:\Program Files\Android\Android Studio\jre\jre\bin\server\jvm.dll
0x00007ff9c1e70000 - 0x00007ff9c1e78000 	C:\WINDOWS\System32\PSAPI.DLL
0x00007ff9a5c40000 - 0x00007ff9a5c49000 	C:\WINDOWS\SYSTEM32\WSOCK32.dll
0x00007ff9a63f0000 - 0x00007ff9a6417000 	C:\WINDOWS\SYSTEM32\WINMM.dll
0x00007ff9c0f70000 - 0x00007ff9c0f7a000 	C:\WINDOWS\SYSTEM32\VERSION.dll
0x00007ff9c2810000 - 0x00007ff9c287b000 	C:\WINDOWS\System32\WS2_32.dll
0x00007ff9a5940000 - 0x00007ff9a594f000 	C:\Program Files\Android\Android Studio\jre\jre\bin\verify.dll
0x00007ff981c90000 - 0x00007ff981cb9000 	C:\Program Files\Android\Android Studio\jre\jre\bin\java.dll
0x00007ff9a5250000 - 0x00007ff9a5266000 	C:\Program Files\Android\Android Studio\jre\jre\bin\zip.dll
0x00007ff9c3270000 - 0x00007ff9c39b2000 	C:\WINDOWS\System32\SHELL32.dll
0x00007ff9bf4b0000 - 0x00007ff9bfc40000 	C:\WINDOWS\SYSTEM32\windows.storage.dll
0x00007ff9c2bf0000 - 0x00007ff9c2f46000 	C:\WINDOWS\System32\combase.dll
0x00007ff9c0de0000 - 0x00007ff9c0e0c000 	C:\WINDOWS\SYSTEM32\Wldp.dll
0x00007ff9c2310000 - 0x00007ff9c23be000 	C:\WINDOWS\System32\SHCORE.dll
0x00007ff9c39c0000 - 0x00007ff9c3a15000 	C:\WINDOWS\System32\shlwapi.dll
0x00007ff9c1320000 - 0x00007ff9c1346000 	C:\WINDOWS\SYSTEM32\profapi.dll
0x00007ff9a50e0000 - 0x00007ff9a50fa000 	C:\Program Files\Android\Android Studio\jre\jre\bin\net.dll
0x00007ff9c0b60000 - 0x00007ff9c0bca000 	C:\WINDOWS\system32\mswsock.dll
0x00007ff99ccc0000 - 0x00007ff99ccd3000 	C:\Program Files\Android\Android Studio\jre\jre\bin\nio.dll

VM Arguments:
java_command: org.jetbrains.kotlin.cli.jvm.K2JVMCompiler -Xallow-no-source-files -classpath C:\Android\Proyecto\VendedoresKT\ApoloVendedor\app\build\intermediates\compile_and_runtime_not_namespaced_r_class_jar\debug\R.jar;C:\Users\Apolo\.gradle\caches\transforms-2\files-2.1\940933ff36c500fc300da39f92bf2507\jetified-ksoap2-android-assembly-3.6.2-jar-with-dependencies.jar;C:\Users\Apolo\.gradle\caches\transforms-2\files-2.1\b7391cb0ef2a592e070fd45c9e2d4d51\jetified-kotlin-android-extensions-runtime-1.3.72.jar;C:\Users\Apolo\.gradle\caches\transforms-2\files-2.1\6fc9346b2275246457468b28b445ec25\jetified-kotlin-stdlib-jdk7-1.3.72.jar;C:\Users\Apolo\.gradle\caches\transforms-2\files-2.1\a7c521a973fa94c7cb5dce493f5aeec1\jetified-core-ktx-1.2.0-api.jar;C:\Users\Apolo\.gradle\caches\transforms-2\files-2.1\c52b948ff9ad46790ed8f2ff00f2c421\jetified-kotlin-stdlib-1.3.72.jar;C:\Users\Apolo\.gradle\caches\transforms-2\files-2.1\049b323f9aeffcf195e248a925aab31d\jetified-kotlin-stdlib-common-1.3.72.jar;C:\Users\Apolo\.gradle\caches\transforms-2\files-2.1\64fab6255f9d96d2c98a740788790a80\jetified-annotations-13.0.jar;C:\Users\Apolo\.gradle\caches\transforms-2\files-2.1\a23b89162cd8e28190d6a5adb74e36c6\material-1.0.0-api.jar;C:\Users\Apolo\.gradle\caches\transforms-2\files-2.1\da3e9803232333f03504717ac64d1605\appcompat-1.1.0-api.jar;C:\Users\Apolo\.gradle\caches\transforms-2\files-2.1\d5866860b2b4777a2003b6ecec73b4e6\cardview-1.0.0-api.jar;C:\Users\Apolo\.gradle\caches\transforms-2\files-2.1\e45b2691cfc6cb894e1796a83c47685d\gridlayout-1.0.0-api.jar;C:\Users\Apolo\.gradle\caches\transforms-2\files-2.1\3f273c6e67e9bc71d091d370ba54752c\jetified-play-services-maps-17.0.0-api.jar;C:\Users\Apolo\.gradle\caches\transforms-2\files-2.1\fa2b6462b531d90bd4b4b0e739226412\lifecycle-extensions-2.0.0-api.jar;C:\Users\Apolo\.gradle\caches\transforms-2\files-2.1\5100796c51d3f5f01710c992bce4bd2d\jetified-play-services-base-17.0.0-api.jar;C:\Users\Apolo\.gradle\caches\transforms-2\files-2.1\b2388e30
java_class_path (initial): C:\Users\Apolo\.gradle\caches\modules-2\files-2.1\org.jetbrains.kotlin\kotlin-compiler-embeddable\1.3.72\fb72232c8fa977d5e07d33c43381ddbdc5edab6\kotlin-compiler-embeddable-1.3.72.jar;C:\Users\Apolo\.gradle\caches\modules-2\files-2.1\org.jetbrains.kotlin\kotlin-reflect\1.3.72\86613e1a669a701b0c660bfd2af4f82a7ae11fca\kotlin-reflect-1.3.72.jar;C:\Users\Apolo\.gradle\caches\modules-2\files-2.1\org.jetbrains.kotlin\kotlin-stdlib\1.3.72\8032138f12c0180bc4e51fe139d4c52b46db6109\kotlin-stdlib-1.3.72.jar;C:\Users\Apolo\.gradle\caches\modules-2\files-2.1\org.jetbrains.kotlin\kotlin-script-runtime\1.3.72\657d8d34d91e1964b4439378c09933e840bfe8d5\kotlin-script-runtime-1.3.72.jar;C:\Users\Apolo\.gradle\caches\modules-2\files-2.1\org.jetbrains.kotlin\kotlin-daemon-embeddable\1.3.72\53bbaa2816dbf6bdb85f629451b1fcc88f2164d2\kotlin-daemon-embeddable-1.3.72.jar;C:\Users\Apolo\.gradle\caches\modules-2\files-2.1\org.jetbrains.intellij.deps\trove4j\1.0.20181211\216c2e14b070f334479d800987affe4054cd563f\trove4j-1.0.20181211.jar;C:\Users\Apolo\.gradle\caches\modules-2\files-2.1\org.jetbrains.kotlin\kotlin-stdlib-common\1.3.72\6ca8bee3d88957eaaaef077c41c908c9940492d8\kotlin-stdlib-common-1.3.72.jar;C:\Users\Apolo\.gradle\caches\modules-2\files-2.1\org.jetbrains\annotations\13.0\919f0dfe192fb4e063e7dacadee7f8bb9a2672a9\annotations-13.0.jar;C:\Program Files\Android\Android Studio\jre\lib\tools.jar
Launcher Type: SUN_STANDARD

Environment Variables:
PATH=C:\Program Files\Common Files\Oracle\Java\javapath;C:\Program Files (x86)\Common Files\Oracle\Java\javapath;C:\orant\bin;C:\WINDOWS\system32;C:\WINDOWS;C:\WINDOWS\System32\Wbem;C:\WINDOWS\System32\WindowsPowerShell\v1.0\;C:\WINDOWS\System32\OpenSSH\;C:\orant\jdk\bin;C:\Program Files (x86)\Intel\Intel(R) Memory And Storage Tool\;C:\Program Files\Git\cmd;C:\Users\Apolo\AppData\Local\Microsoft\WindowsApps;
USERNAME=Apolo
OS=Windows_NT
PROCESSOR_IDENTIFIER=Intel64 Family 6 Model 126 Stepping 5, GenuineIntel



---------------  S Y S T E M  ---------------

OS: Windows 10.0 , 64 bit Build 19041 (10.0.19041.804)

CPU:total 8 (initial active 8) (4 cores per cpu, 2 threads per core) family 6 model 126 stepping 5, cmov, cx8, fxsr, mmx, sse, sse2, sse3, ssse3, sse4.1, sse4.2, popcnt, avx, avx2, aes, clmul, erms, 3dnowpref, lzcnt, ht, tsc, tscinvbit, bmi1, bmi2, adx

Memory: 4k page, physical 8165048k(433420k free), swap 11736884k(5120k free)

vm_info: OpenJDK 64-Bit Server VM (25.242-b01) for windows-amd64 JRE (1.8.0_242-release-1644-b01), built by "builder" with MS VC++ 10.0 (VS2010)

time: Tue Feb 16 16:10:53 2021
timezone: Hora de verano de Paraguay
elapsed time: 2 seconds (0d 0h 0m 2s)

