#
# There is insufficient memory for the Java Runtime Environment to continue.
# Native memory allocation (malloc) failed to allocate 1619856 bytes for Chunk::new
# Possible reasons:
#   The system is out of physical RAM or swap space
#   The process is running with CompressedOops enabled, and the Java Heap may be blocking the growth of the native heap
# Possible solutions:
#   Reduce memory load on the system
#   Increase physical memory or swap space
#   Check if swap backing store is full
#   Decrease Java heap size (-Xmx/-Xms)
#   Decrease number of Java threads
#   Decrease Java thread stack sizes (-Xss)
#   Set larger code cache with -XX:ReservedCodeCacheSize=
#   JVM is running with Unscaled Compressed Oops mode in which the Java heap is
#     placed in the first 4GB address space. The Java Heap base address is the
#     maximum limit for the native heap growth. Please use -XX:HeapBaseMinAddress
#     to set the Java Heap base and to place the Java Heap above 4GB virtual address.
# This output file may be truncated or incomplete.
#
#  Out of Memory Error (allocation.cpp:389), pid=16796, tid=0x0000000000003b24
#
# JRE version: OpenJDK Runtime Environment (8.0_242-b01) (build 1.8.0_242-release-1644-b01)
# Java VM: OpenJDK 64-Bit Server VM (25.242-b01 mixed mode windows-amd64 compressed oops)
# Failed to write core dump. Minidumps are not enabled by default on client versions of Windows
#

---------------  T H R E A D  ---------------

Current thread (0x000000001916f800):  JavaThread "C2 CompilerThread1" daemon [_thread_in_native, id=15140, stack(0x0000000019b50000,0x0000000019c50000)]

Stack: [0x0000000019b50000,0x0000000019c50000]
[error occurred during error reporting (printing stack bounds), id 0xc0000005]

Native frames: (J=compiled Java code, j=interpreted, Vv=VM code, C=native code)


Current CompileTask:
C2:   3316 3774       4       org.jetbrains.org.objectweb.asm.ClassReader::readMethod (1047 bytes)


---------------  P R O C E S S  ---------------

Java Threads: ( => current thread )
  0x000000001920a800 JavaThread "Service Thread" daemon [_thread_blocked, id=15808, stack(0x0000000019e50000,0x0000000019f50000)]
  0x0000000019178800 JavaThread "C1 CompilerThread3" daemon [_thread_in_native, id=13508, stack(0x0000000019d50000,0x0000000019e50000)]
  0x0000000019171800 JavaThread "C2 CompilerThread2" daemon [_thread_in_native, id=17116, stack(0x0000000019c50000,0x0000000019d50000)]
=>0x000000001916f800 JavaThread "C2 CompilerThread1" daemon [_thread_in_native, id=15140, stack(0x0000000019b50000,0x0000000019c50000)]
  0x000000001916c800 JavaThread "C2 CompilerThread0" daemon [_thread_in_native, id=11576, stack(0x0000000019a50000,0x0000000019b50000)]
  0x000000001916b800 JavaThread "Attach Listener" daemon [_thread_blocked, id=15464, stack(0x0000000019950000,0x0000000019a50000)]
  0x000000001916a000 JavaThread "Signal Dispatcher" daemon [_thread_blocked, id=16524, stack(0x0000000019850000,0x0000000019950000)]
  0x0000000017377800 JavaThread "Finalizer" daemon [_thread_blocked, id=17860, stack(0x0000000019630000,0x0000000019730000)]
  0x0000000019150800 JavaThread "Reference Handler" daemon [_thread_blocked, id=8712, stack(0x0000000019530000,0x0000000019630000)]
  0x00000000023ee800 JavaThread "main" [_thread_in_native, id=11912, stack(0x0000000002280000,0x0000000002380000)]

Other Threads:
  0x0000000017369800 VMThread [stack: 0x0000000019030000,0x0000000019130000] [id=17208]
  0x0000000019213000 WatcherThread [stack: 0x0000000019f50000,0x000000001a050000] [id=17416]

VM state:not at safepoint (normal execution)

VM Mutex/Monitor currently owned by a thread: None

heap address: 0x0000000083600000, size: 1994 MB, Compressed Oops mode: 32-bit
Narrow klass base: 0x0000000000000000, Narrow klass shift: 3
Compressed class space size: 1073741824 Address: 0x0000000100000000

Heap:
 PSYoungGen      total 70656K, used 29253K [0x00000000d6780000, 0x00000000db180000, 0x0000000100000000)
  eden space 65536K, 36% used [0x00000000d6780000,0x00000000d7f12258,0x00000000da780000)
  from space 5120K, 99% used [0x00000000dac80000,0x00000000db17f3a8,0x00000000db180000)
  to   space 5120K, 0% used [0x00000000da780000,0x00000000da780000,0x00000000dac80000)
 ParOldGen       total 65536K, used 26975K [0x0000000083600000, 0x0000000087600000, 0x00000000d6780000)
  object space 65536K, 41% used [0x0000000083600000,0x0000000085057c28,0x0000000087600000)
 Metaspace       used 39756K, capacity 40422K, committed 40752K, reserved 1085440K
  class space    used 4910K, capacity 5082K, committed 5168K, reserved 1048576K

Card table byte_map: [0x00000000118b0000,0x0000000011ca0000] byte_map_base: 0x0000000011495000

Marking Bits: (ParMarkBitMap*) 0x000000006ad1f030
 Begin Bits: [0x0000000012740000, 0x0000000014668000)
 End Bits:   [0x0000000014668000, 0x0000000016590000)

Polling page: 0x00000000008e0000

CodeCache: size=245760Kb used=14375Kb max_used=14375Kb free=231384Kb
 bounds [0x00000000024f0000, 0x0000000003310000, 0x00000000114f0000]
 total_blobs=4900 nmethods=4453 adapters=358
 compilation: enabled

Compilation events (10 events):
Event: 3.312 Thread 0x0000000019178800 4486   !   3       sun.reflect.GeneratedConstructorAccessor16::newInstance (53 bytes)
Event: 3.312 Thread 0x0000000019178800 nmethod 4486 0x00000000032fda50 code [0x00000000032fdc60, 0x00000000032fe4c8]
Event: 3.312 Thread 0x0000000019178800 4487   !   3       sun.reflect.GeneratedConstructorAccessor17::newInstance (53 bytes)
Event: 3.313 Thread 0x0000000019178800 nmethod 4487 0x00000000032fea10 code [0x00000000032fec00, 0x00000000032ff388]
Event: 3.313 Thread 0x0000000019178800 4495       3       org.jetbrains.kotlin.descriptors.impl.AbstractClassDescriptor::<init> (80 bytes)
Event: 3.314 Thread 0x0000000019178800 nmethod 4495 0x00000000032ff810 code [0x00000000032ffa00, 0x0000000003300328]
Event: 3.314 Thread 0x0000000019178800 4496       3       org.jetbrains.kotlin.descriptors.impl.ModuleAwareClassDescriptor::<init> (5 bytes)
Event: 3.314 Thread 0x0000000019178800 nmethod 4496 0x00000000033006d0 code [0x0000000003300820, 0x00000000033009d0]
Event: 3.314 Thread 0x0000000019178800 4497       3       java.lang.Enum::compareTo (44 bytes)
Event: 3.314 Thread 0x0000000019178800 nmethod 4497 0x0000000003300a90 code [0x0000000003300c40, 0x0000000003301548]

GC Heap History (10 events):
Event: 1.018 GC heap before
{Heap before GC invocations=4 (full 1):
 PSYoungGen      total 70656K, used 5112K [0x00000000d6780000, 0x00000000db180000, 0x0000000100000000)
  eden space 65536K, 0% used [0x00000000d6780000,0x00000000d6780000,0x00000000da780000)
  from space 5120K, 99% used [0x00000000da780000,0x00000000dac7e2b0,0x00000000dac80000)
  to   space 5120K, 0% used [0x00000000dac80000,0x00000000dac80000,0x00000000db180000)
 ParOldGen       total 86016K, used 11939K [0x0000000083600000, 0x0000000088a00000, 0x00000000d6780000)
  object space 86016K, 13% used [0x0000000083600000,0x00000000841a8f38,0x0000000088a00000)
 Metaspace       used 20801K, capacity 21188K, committed 21296K, reserved 1069056K
  class space    used 2465K, capacity 2594K, committed 2608K, reserved 1048576K
Event: 1.039 GC heap after
Heap after GC invocations=4 (full 1):
 PSYoungGen      total 70656K, used 0K [0x00000000d6780000, 0x00000000db180000, 0x0000000100000000)
  eden space 65536K, 0% used [0x00000000d6780000,0x00000000d6780000,0x00000000da780000)
  from space 5120K, 0% used [0x00000000da780000,0x00000000da780000,0x00000000dac80000)
  to   space 5120K, 0% used [0x00000000dac80000,0x00000000dac80000,0x00000000db180000)
 ParOldGen       total 65536K, used 9593K [0x0000000083600000, 0x0000000087600000, 0x00000000d6780000)
  object space 65536K, 14% used [0x0000000083600000,0x0000000083f5e448,0x0000000087600000)
 Metaspace       used 20801K, capacity 21188K, committed 21296K, reserved 1069056K
  class space    used 2465K, capacity 2594K, committed 2608K, reserved 1048576K
}
Event: 1.828 GC heap before
{Heap before GC invocations=5 (full 1):
 PSYoungGen      total 70656K, used 65536K [0x00000000d6780000, 0x00000000db180000, 0x0000000100000000)
  eden space 65536K, 100% used [0x00000000d6780000,0x00000000da780000,0x00000000da780000)
  from space 5120K, 0% used [0x00000000da780000,0x00000000da780000,0x00000000dac80000)
  to   space 5120K, 0% used [0x00000000dac80000,0x00000000dac80000,0x00000000db180000)
 ParOldGen       total 65536K, used 9593K [0x0000000083600000, 0x0000000087600000, 0x00000000d6780000)
  object space 65536K, 14% used [0x0000000083600000,0x0000000083f5e448,0x0000000087600000)
 Metaspace       used 29943K, capacity 30512K, committed 30768K, reserved 1077248K
  class space    used 3604K, capacity 3769K, committed 3888K, reserved 1048576K
Event: 1.840 GC heap after
Heap after GC invocations=5 (full 1):
 PSYoungGen      total 70656K, used 5090K [0x00000000d6780000, 0x00000000db180000, 0x0000000100000000)
  eden space 65536K, 0% used [0x00000000d6780000,0x00000000d6780000,0x00000000da780000)
  from space 5120K, 99% used [0x00000000dac80000,0x00000000db178918,0x00000000db180000)
  to   space 5120K, 0% used [0x00000000da780000,0x00000000da780000,0x00000000dac80000)
 ParOldGen       total 65536K, used 20839K [0x0000000083600000, 0x0000000087600000, 0x00000000d6780000)
  object space 65536K, 31% used [0x0000000083600000,0x0000000084a59f18,0x0000000087600000)
 Metaspace       used 29943K, capacity 30512K, committed 30768K, reserved 1077248K
  class space    used 3604K, capacity 3769K, committed 3888K, reserved 1048576K
}
Event: 2.197 GC heap before
{Heap before GC invocations=6 (full 1):
 PSYoungGen      total 70656K, used 28866K [0x00000000d6780000, 0x00000000db180000, 0x0000000100000000)
  eden space 65536K, 36% used [0x00000000d6780000,0x00000000d7eb81a8,0x00000000da780000)
  from space 5120K, 99% used [0x00000000dac80000,0x00000000db178918,0x00000000db180000)
  to   space 5120K, 0% used [0x00000000da780000,0x00000000da780000,0x00000000dac80000)
 ParOldGen       total 65536K, used 20839K [0x0000000083600000, 0x0000000087600000, 0x00000000d6780000)
  object space 65536K, 31% used [0x0000000083600000,0x0000000084a59f18,0x0000000087600000)
 Metaspace       used 34629K, capacity 35168K, committed 35496K, reserved 1081344K
  class space    used 4406K, capacity 4547K, committed 4656K, reserved 1048576K
Event: 2.203 GC heap after
Heap after GC invocations=6 (full 1):
 PSYoungGen      total 70656K, used 5099K [0x00000000d6780000, 0x00000000db180000, 0x0000000100000000)
  eden space 65536K, 0% used [0x00000000d6780000,0x00000000d6780000,0x00000000da780000)
  from space 5120K, 99% used [0x00000000da780000,0x00000000dac7add8,0x00000000dac80000)
  to   space 5120K, 0% used [0x00000000dac80000,0x00000000dac80000,0x00000000db180000)
 ParOldGen       total 65536K, used 26824K [0x0000000083600000, 0x0000000087600000, 0x00000000d6780000)
  object space 65536K, 40% used [0x0000000083600000,0x0000000085032310,0x0000000087600000)
 Metaspace       used 34629K, capacity 35168K, committed 35496K, reserved 1081344K
  class space    used 4406K, capacity 4547K, committed 4656K, reserved 1048576K
}
Event: 2.203 GC heap before
{Heap before GC invocations=7 (full 2):
 PSYoungGen      total 70656K, used 5099K [0x00000000d6780000, 0x00000000db180000, 0x0000000100000000)
  eden space 65536K, 0% used [0x00000000d6780000,0x00000000d6780000,0x00000000da780000)
  from space 5120K, 99% used [0x00000000da780000,0x00000000dac7add8,0x00000000dac80000)
  to   space 5120K, 0% used [0x00000000dac80000,0x00000000dac80000,0x00000000db180000)
 ParOldGen       total 65536K, used 26824K [0x0000000083600000, 0x0000000087600000, 0x00000000d6780000)
  object space 65536K, 40% used [0x0000000083600000,0x0000000085032310,0x0000000087600000)
 Metaspace       used 34629K, capacity 35168K, committed 35496K, reserved 1081344K
  class space    used 4406K, capacity 4547K, committed 4656K, reserved 1048576K
Event: 2.245 GC heap after
Heap after GC invocations=7 (full 2):
 PSYoungGen      total 70656K, used 0K [0x00000000d6780000, 0x00000000db180000, 0x0000000100000000)
  eden space 65536K, 0% used [0x00000000d6780000,0x00000000d6780000,0x00000000da780000)
  from space 5120K, 0% used [0x00000000da780000,0x00000000da780000,0x00000000dac80000)
  to   space 5120K, 0% used [0x00000000dac80000,0x00000000dac80000,0x00000000db180000)
 ParOldGen       total 65536K, used 18899K [0x0000000083600000, 0x0000000087600000, 0x00000000d6780000)
  object space 65536K, 28% used [0x0000000083600000,0x0000000084874e20,0x0000000087600000)
 Metaspace       used 34629K, capacity 35168K, committed 35496K, reserved 1081344K
  class space    used 4406K, capacity 4547K, committed 4656K, reserved 1048576K
}
Event: 2.982 GC heap before
{Heap before GC invocations=8 (full 2):
 PSYoungGen      total 70656K, used 65536K [0x00000000d6780000, 0x00000000db180000, 0x0000000100000000)
  eden space 65536K, 100% used [0x00000000d6780000,0x00000000da780000,0x00000000da780000)
  from space 5120K, 0% used [0x00000000da780000,0x00000000da780000,0x00000000dac80000)
  to   space 5120K, 0% used [0x00000000dac80000,0x00000000dac80000,0x00000000db180000)
 ParOldGen       total 65536K, used 18899K [0x0000000083600000, 0x0000000087600000, 0x00000000d6780000)
  object space 65536K, 28% used [0x0000000083600000,0x0000000084874e20,0x0000000087600000)
 Metaspace       used 38638K, capacity 39296K, committed 39600K, reserved 1083392K
  class space    used 4853K, capacity 5003K, committed 5040K, reserved 1048576K
Event: 2.990 GC heap after
Heap after GC invocations=8 (full 2):
 PSYoungGen      total 70656K, used 5116K [0x00000000d6780000, 0x00000000db180000, 0x0000000100000000)
  eden space 65536K, 0% used [0x00000000d6780000,0x00000000d6780000,0x00000000da780000)
  from space 5120K, 99% used [0x00000000dac80000,0x00000000db17f3a8,0x00000000db180000)
  to   space 5120K, 0% used [0x00000000da780000,0x00000000da780000,0x00000000dac80000)
 ParOldGen       total 65536K, used 26975K [0x0000000083600000, 0x0000000087600000, 0x00000000d6780000)
  object space 65536K, 41% used [0x0000000083600000,0x0000000085057c28,0x0000000087600000)
 Metaspace       used 38638K, capacity 39296K, committed 39600K, reserved 1083392K
  class space    used 4853K, capacity 5003K, committed 5040K, reserved 1048576K
}

Deoptimization events (10 events):
Event: 2.903 Thread 0x00000000023ee800 Uncommon trap: reason=unstable_if action=reinterpret pc=0x0000000002f8a3a0 method=java.text.StringCharacterIterator.current()C @ 19
Event: 2.929 Thread 0x00000000023ee800 Uncommon trap: reason=unstable_if action=reinterpret pc=0x0000000002bdae28 method=java.lang.AbstractStringBuilder.append(Ljava/lang/CharSequence;)Ljava/lang/AbstractStringBuilder; @ 29
Event: 3.013 Thread 0x00000000023ee800 Uncommon trap: reason=unstable_if action=reinterpret pc=0x0000000002ab6b90 method=org.jetbrains.kotlin.protobuf.CodedInputStream.readRawVarint32()I @ 69
Event: 3.014 Thread 0x00000000023ee800 Uncommon trap: reason=unstable_if action=reinterpret pc=0x0000000003059ea4 method=org.jetbrains.kotlin.protobuf.CodedOutputStream.computeRawVarint32Size(I)I @ 14
Event: 3.180 Thread 0x00000000023ee800 Uncommon trap: reason=null_check action=make_not_entrant pc=0x0000000003176254 method=org.jetbrains.kotlin.storage.LockBasedStorageManager$LockBasedLazyValue.invoke()Ljava/lang/Object; @ 6
Event: 3.180 Thread 0x00000000023ee800 Uncommon trap: reason=null_check action=make_not_entrant pc=0x0000000003169d38 method=org.jetbrains.kotlin.utils.WrappedValues.unescapeThrowable(Ljava/lang/Object;)Ljava/lang/Object; @ 1
Event: 3.264 Thread 0x00000000023ee800 Uncommon trap: reason=class_check action=maybe_recompile pc=0x00000000032c47e8 method=org.jetbrains.kotlin.load.java.structure.impl.classFiles.BinaryClassSignatureParser.parseParameterizedClassRefSignature(Ljava/text/CharacterIterator;Lorg/jetbrains/kotli
Event: 3.264 Thread 0x00000000023ee800 Uncommon trap: reason=class_check action=maybe_recompile pc=0x00000000032c47e8 method=org.jetbrains.kotlin.load.java.structure.impl.classFiles.BinaryClassSignatureParser.parseParameterizedClassRefSignature(Ljava/text/CharacterIterator;Lorg/jetbrains/kotli
Event: 3.264 Thread 0x00000000023ee800 Uncommon trap: reason=class_check action=maybe_recompile pc=0x00000000032c47e8 method=org.jetbrains.kotlin.load.java.structure.impl.classFiles.BinaryClassSignatureParser.parseParameterizedClassRefSignature(Ljava/text/CharacterIterator;Lorg/jetbrains/kotli
Event: 3.264 Thread 0x00000000023ee800 Uncommon trap: reason=class_check action=maybe_recompile pc=0x00000000032c47e8 method=org.jetbrains.kotlin.load.java.structure.impl.classFiles.BinaryClassSignatureParser.parseParameterizedClassRefSignature(Ljava/text/CharacterIterator;Lorg/jetbrains/kotli

Classes redefined (0 events):
No events

Internal exceptions (10 events):
Event: 1.004 Thread 0x00000000023ee800 Exception <a 'java/lang/NoSuchMethodError': java.lang.Object.lambda$static$0(I)[Lorg/jetbrains/kotlin/com/intellij/psi/PsiElement;> (0x00000000d7b82300) thrown at [C:\src\AOSP-openjdk-git\hotspot\src\share\vm\interpreter\linkResolver.cpp, line 620]
Event: 1.649 Thread 0x00000000023ee800 Exception <a 'java/lang/ArrayIndexOutOfBoundsException': 126> (0x00000000d9677028) thrown at [C:\src\AOSP-openjdk-git\hotspot\src\share\vm\interpreter\interpreterRuntime.cpp, line 368]
Event: 1.649 Thread 0x00000000023ee800 Exception <a 'java/lang/ArrayIndexOutOfBoundsException': 86> (0x00000000d96784b0) thrown at [C:\src\AOSP-openjdk-git\hotspot\src\share\vm\interpreter\interpreterRuntime.cpp, line 368]
Event: 2.185 Thread 0x00000000023ee800 Exception <a 'java/lang/NoSuchMethodError': java.lang.Object.lambda$static$0(I)[Lorg/jetbrains/kotlin/psi/KtExpression;> (0x00000000d7cd1f98) thrown at [C:\src\AOSP-openjdk-git\hotspot\src\share\vm\interpreter\linkResolver.cpp, line 620]
Event: 2.253 Thread 0x00000000023ee800 Implicit null exception at 0x0000000002c4f2fd to 0x0000000002c4f4b9
Event: 2.624 Thread 0x00000000023ee800 Exception <a 'java/lang/NoSuchMethodError': java.lang.Object.lambda$static$0(I)[Lorg/jetbrains/kotlin/psi/KtDeclaration;> (0x00000000d8012520) thrown at [C:\src\AOSP-openjdk-git\hotspot\src\share\vm\interpreter\linkResolver.cpp, line 620]
Event: 2.745 Thread 0x00000000023ee800 Exception <a 'java/lang/NoSuchMethodError': java.lang.Object.lambda$static$0(I)[Lorg/jetbrains/kotlin/psi/KtTypeElement;> (0x00000000d88f8aa0) thrown at [C:\src\AOSP-openjdk-git\hotspot\src\share\vm\interpreter\linkResolver.cpp, line 620]
Event: 2.934 Thread 0x00000000023ee800 Exception <a 'java/lang/NoSuchMethodError': java.lang.Object.lambda$static$0(I)[Lorg/jetbrains/kotlin/com/intellij/psi/PsiClass;> (0x00000000da30e100) thrown at [C:\src\AOSP-openjdk-git\hotspot\src\share\vm\interpreter\linkResolver.cpp, line 620]
Event: 3.180 Thread 0x00000000023ee800 Implicit null exception at 0x0000000003175f54 to 0x0000000003176245
Event: 3.180 Thread 0x00000000023ee800 Implicit null exception at 0x0000000003169cef to 0x0000000003169d2d

Events (10 events):
Event: 3.264 Thread 0x00000000023ee800 DEOPT UNPACKING pc=0x000000000253557b sp=0x000000000237a838 mode 2
Event: 3.264 Thread 0x00000000023ee800 Uncommon trap: trap_request=0xffffffde fr.pc=0x00000000032c47e8
Event: 3.264 Thread 0x00000000023ee800 DEOPT PACKING pc=0x00000000032c47e8 sp=0x000000000237a590
Event: 3.264 Thread 0x00000000023ee800 DEOPT UNPACKING pc=0x000000000253557b sp=0x000000000237a538 mode 2
Event: 3.264 Thread 0x00000000023ee800 Uncommon trap: trap_request=0xffffffde fr.pc=0x00000000032c47e8
Event: 3.264 Thread 0x00000000023ee800 DEOPT PACKING pc=0x00000000032c47e8 sp=0x000000000237a590
Event: 3.264 Thread 0x00000000023ee800 DEOPT UNPACKING pc=0x000000000253557b sp=0x000000000237a538 mode 2
Event: 3.264 Thread 0x00000000023ee800 Uncommon trap: trap_request=0xffffffde fr.pc=0x00000000032c47e8
Event: 3.264 Thread 0x00000000023ee800 DEOPT PACKING pc=0x00000000032c47e8 sp=0x000000000237a590
Event: 3.264 Thread 0x00000000023ee800 DEOPT UNPACKING pc=0x000000000253557b sp=0x000000000237a538 mode 2


Dynamic libraries:
0x00007ff618520000 - 0x00007ff618551000 	C:\Program Files\Android\Android Studio\jre\jre\bin\java.exe
0x00007ff8db1c0000 - 0x00007ff8db3b0000 	C:\Windows\SYSTEM32\ntdll.dll
0x00007ff8da660000 - 0x00007ff8da712000 	C:\Windows\System32\KERNEL32.DLL
0x00007ff8d8a90000 - 0x00007ff8d8d35000 	C:\Windows\System32\KERNELBASE.dll
0x00007ff8d9420000 - 0x00007ff8d94c3000 	C:\Windows\System32\ADVAPI32.dll
0x00007ff8da8b0000 - 0x00007ff8da94e000 	C:\Windows\System32\msvcrt.dll
0x00007ff8da4f0000 - 0x00007ff8da587000 	C:\Windows\System32\sechost.dll
0x00007ff8da720000 - 0x00007ff8da840000 	C:\Windows\System32\RPCRT4.dll
0x00007ff8d98e0000 - 0x00007ff8d9a74000 	C:\Windows\System32\USER32.dll
0x00007ff8d8d40000 - 0x00007ff8d8d61000 	C:\Windows\System32\win32u.dll
0x00007ff8daa60000 - 0x00007ff8daa86000 	C:\Windows\System32\GDI32.dll
0x00007ff8d8e60000 - 0x00007ff8d8ff6000 	C:\Windows\System32\gdi32full.dll
0x00007ff8d8130000 - 0x00007ff8d81ce000 	C:\Windows\System32\msvcp_win.dll
0x00007ff8d8990000 - 0x00007ff8d8a8a000 	C:\Windows\System32\ucrtbase.dll
0x00007ff8b67f0000 - 0x00007ff8b6a74000 	C:\Windows\WinSxS\amd64_microsoft.windows.common-controls_6595b64144ccf1df_6.0.18362.1256_none_9e7e379be45e40e2\COMCTL32.dll
0x00007ff8d9a80000 - 0x00007ff8d9db6000 	C:\Windows\System32\combase.dll
0x00007ff8d8d70000 - 0x00007ff8d8df1000 	C:\Windows\System32\bcryptPrimitives.dll
0x00007ff8d9e30000 - 0x00007ff8d9e5e000 	C:\Windows\System32\IMM32.DLL
0x000000006a390000 - 0x000000006a462000 	C:\Program Files\Android\Android Studio\jre\jre\bin\msvcr100.dll
0x000000006a550000 - 0x000000006ad9b000 	C:\Program Files\Android\Android Studio\jre\jre\bin\server\jvm.dll
0x00007ff8d9710000 - 0x00007ff8d9718000 	C:\Windows\System32\PSAPI.DLL
0x00007ff8cd020000 - 0x00007ff8cd029000 	C:\Windows\SYSTEM32\WSOCK32.dll
0x00007ff8da3b0000 - 0x00007ff8da41f000 	C:\Windows\System32\WS2_32.dll
0x00007ff8d0620000 - 0x00007ff8d0644000 	C:\Windows\SYSTEM32\WINMM.dll
0x00007ff8d6b50000 - 0x00007ff8d6b5a000 	C:\Windows\SYSTEM32\VERSION.dll
0x00007ff8d05f0000 - 0x00007ff8d061d000 	C:\Windows\SYSTEM32\WINMMBASE.dll
0x00007ff8d90d0000 - 0x00007ff8d911a000 	C:\Windows\System32\cfgmgr32.dll
0x00007ff8cd010000 - 0x00007ff8cd01f000 	C:\Program Files\Android\Android Studio\jre\jre\bin\verify.dll
0x00007ff8bf040000 - 0x00007ff8bf069000 	C:\Program Files\Android\Android Studio\jre\jre\bin\java.dll
0x00007ff8bef50000 - 0x00007ff8bef66000 	C:\Program Files\Android\Android Studio\jre\jre\bin\zip.dll
0x00007ff8daa90000 - 0x00007ff8db177000 	C:\Windows\System32\SHELL32.dll
0x00007ff8da9b0000 - 0x00007ff8daa59000 	C:\Windows\System32\shcore.dll
0x00007ff8d81d0000 - 0x00007ff8d8951000 	C:\Windows\System32\windows.storage.dll
0x00007ff8d80e0000 - 0x00007ff8d8103000 	C:\Windows\System32\profapi.dll
0x00007ff8d8090000 - 0x00007ff8d80da000 	C:\Windows\System32\powrprof.dll
0x00007ff8d8060000 - 0x00007ff8d8070000 	C:\Windows\System32\UMPDC.dll
0x00007ff8da850000 - 0x00007ff8da8a2000 	C:\Windows\System32\shlwapi.dll
0x00007ff8d8070000 - 0x00007ff8d8081000 	C:\Windows\System32\kernel.appcore.dll
0x00007ff8d9000000 - 0x00007ff8d9017000 	C:\Windows\System32\cryptsp.dll
0x00007ff8bef30000 - 0x00007ff8bef4a000 	C:\Program Files\Android\Android Studio\jre\jre\bin\net.dll
0x00007ff8d78b0000 - 0x00007ff8d7917000 	C:\Windows\system32\mswsock.dll
0x00007ff8bec60000 - 0x00007ff8bec73000 	C:\Program Files\Android\Android Studio\jre\jre\bin\nio.dll

VM Arguments:
java_command: org.jetbrains.kotlin.cli.jvm.K2JVMCompiler -Xallow-no-source-files -classpath C:\Android\Proyecto\VendedoresKT\ApoloVendedor\app\build\intermediates\compile_and_runtime_not_namespaced_r_class_jar\debug\R.jar;C:\Users\Apolo\.gradle\caches\transforms-2\files-2.1\940933ff36c500fc300da39f92bf2507\jetified-ksoap2-android-assembly-3.6.2-jar-with-dependencies.jar;C:\Users\Apolo\.gradle\caches\transforms-2\files-2.1\b7391cb0ef2a592e070fd45c9e2d4d51\jetified-kotlin-android-extensions-runtime-1.3.72.jar;C:\Users\Apolo\.gradle\caches\transforms-2\files-2.1\6fc9346b2275246457468b28b445ec25\jetified-kotlin-stdlib-jdk7-1.3.72.jar;C:\Users\Apolo\.gradle\caches\transforms-2\files-2.1\a7c521a973fa94c7cb5dce493f5aeec1\jetified-core-ktx-1.2.0-api.jar;C:\Users\Apolo\.gradle\caches\transforms-2\files-2.1\c52b948ff9ad46790ed8f2ff00f2c421\jetified-kotlin-stdlib-1.3.72.jar;C:\Users\Apolo\.gradle\caches\transforms-2\files-2.1\049b323f9aeffcf195e248a925aab31d\jetified-kotlin-stdlib-common-1.3.72.jar;C:\Users\Apolo\.gradle\caches\transforms-2\files-2.1\64fab6255f9d96d2c98a740788790a80\jetified-annotations-13.0.jar;C:\Users\Apolo\.gradle\caches\transforms-2\files-2.1\a23b89162cd8e28190d6a5adb74e36c6\material-1.0.0-api.jar;C:\Users\Apolo\.gradle\caches\transforms-2\files-2.1\da3e9803232333f03504717ac64d1605\appcompat-1.1.0-api.jar;C:\Users\Apolo\.gradle\caches\transforms-2\files-2.1\d5866860b2b4777a2003b6ecec73b4e6\cardview-1.0.0-api.jar;C:\Users\Apolo\.gradle\caches\transforms-2\files-2.1\e45b2691cfc6cb894e1796a83c47685d\gridlayout-1.0.0-api.jar;C:\Users\Apolo\.gradle\caches\transforms-2\files-2.1\3f273c6e67e9bc71d091d370ba54752c\jetified-play-services-maps-17.0.0-api.jar;C:\Users\Apolo\.gradle\caches\transforms-2\files-2.1\fa2b6462b531d90bd4b4b0e739226412\lifecycle-extensions-2.0.0-api.jar;C:\Users\Apolo\.gradle\caches\transforms-2\files-2.1\5100796c51d3f5f01710c992bce4bd2d\jetified-play-services-base-17.0.0-api.jar;C:\Users\Apolo\.gradle\caches\transforms-2\files-2.1\b2388e30
java_class_path (initial): C:\Users\Apolo\.gradle\caches\modules-2\files-2.1\org.jetbrains.kotlin\kotlin-compiler-embeddable\1.3.72\fb72232c8fa977d5e07d33c43381ddbdc5edab6\kotlin-compiler-embeddable-1.3.72.jar;C:\Users\Apolo\.gradle\caches\modules-2\files-2.1\org.jetbrains.kotlin\kotlin-reflect\1.3.72\86613e1a669a701b0c660bfd2af4f82a7ae11fca\kotlin-reflect-1.3.72.jar;C:\Users\Apolo\.gradle\caches\modules-2\files-2.1\org.jetbrains.kotlin\kotlin-stdlib\1.3.72\8032138f12c0180bc4e51fe139d4c52b46db6109\kotlin-stdlib-1.3.72.jar;C:\Users\Apolo\.gradle\caches\modules-2\files-2.1\org.jetbrains.kotlin\kotlin-script-runtime\1.3.72\657d8d34d91e1964b4439378c09933e840bfe8d5\kotlin-script-runtime-1.3.72.jar;C:\Users\Apolo\.gradle\caches\modules-2\files-2.1\org.jetbrains.kotlin\kotlin-daemon-embeddable\1.3.72\53bbaa2816dbf6bdb85f629451b1fcc88f2164d2\kotlin-daemon-embeddable-1.3.72.jar;C:\Users\Apolo\.gradle\caches\modules-2\files-2.1\org.jetbrains.intellij.deps\trove4j\1.0.20181211\216c2e14b070f334479d800987affe4054cd563f\trove4j-1.0.20181211.jar;C:\Users\Apolo\.gradle\caches\modules-2\files-2.1\org.jetbrains.kotlin\kotlin-stdlib-common\1.3.72\6ca8bee3d88957eaaaef077c41c908c9940492d8\kotlin-stdlib-common-1.3.72.jar;C:\Users\Apolo\.gradle\caches\modules-2\files-2.1\org.jetbrains\annotations\13.0\919f0dfe192fb4e063e7dacadee7f8bb9a2672a9\annotations-13.0.jar;C:\Program Files\Android\Android Studio\jre\lib\tools.jar
Launcher Type: SUN_STANDARD

Environment Variables:
PATH=C:\Program Files\Common Files\Oracle\Java\javapath;C:\Program Files (x86)\Common Files\Oracle\Java\javapath;C:\orant\bin;C:\Windows\system32;C:\Windows;C:\Windows\System32\Wbem;C:\Windows\System32\WindowsPowerShell\v1.0\;C:\Windows\System32\OpenSSH\;C:\orant\jdk\bin;C:\Program Files (x86)\Intel\Intel(R) Memory And Storage Tool\;C:\Program Files\Git\cmd;C:\Users\Apolo\AppData\Local\Microsoft\WindowsApps;
USERNAME=Apolo
OS=Windows_NT
PROCESSOR_IDENTIFIER=Intel64 Family 6 Model 126 Stepping 5, GenuineIntel



---------------  S Y S T E M  ---------------

OS: Windows 10.0 , 64 bit Build 18362 (10.0.18362.1110)

CPU:total 8 (initial active 8) (4 cores per cpu, 2 threads per core) family 6 model 126 stepping 5, cmov, cx8, fxsr, mmx, sse, sse2, sse3, ssse3, sse4.1, sse4.2, popcnt, avx, avx2, aes, clmul, erms, 3dnowpref, lzcnt, ht, tsc, tscinvbit, bmi1, bmi2, adx

Memory: 4k page, physical 8165048k(512764k free), swap 11736884k(5888k free)

vm_info: OpenJDK 64-Bit Server VM (25.242-b01) for windows-amd64 JRE (1.8.0_242-release-1644-b01), built by "builder" with MS VC++ 10.0 (VS2010)

time: Tue Jan 05 11:33:30 2021
timezone: Hora de verano de Paraguay
elapsed time: 3 seconds (0d 0h 0m 3s)

