#
# There is insufficient memory for the Java Runtime Environment to continue.
# Native memory allocation (malloc) failed to allocate 1313376 bytes for Chunk::new
# Possible reasons:
#   The system is out of physical RAM or swap space
#   The process is running with CompressedOops enabled, and the Java Heap may be blocking the growth of the native heap
# Possible solutions:
#   Reduce memory load on the system
#   Increase physical memory or swap space
#   Check if swap backing store is full
#   Decrease Java heap size (-Xmx/-Xms)
#   Decrease number of Java threads
#   Decrease Java thread stack sizes (-Xss)
#   Set larger code cache with -XX:ReservedCodeCacheSize=
#   JVM is running with Unscaled Compressed Oops mode in which the Java heap is
#     placed in the first 4GB address space. The Java Heap base address is the
#     maximum limit for the native heap growth. Please use -XX:HeapBaseMinAddress
#     to set the Java Heap base and to place the Java Heap above 4GB virtual address.
# This output file may be truncated or incomplete.
#
#  Out of Memory Error (allocation.cpp:389), pid=113380, tid=0x000000000001bb68
#
# JRE version: OpenJDK Runtime Environment (8.0_242-b01) (build 1.8.0_242-release-1644-b01)
# Java VM: OpenJDK 64-Bit Server VM (25.242-b01 mixed mode windows-amd64 compressed oops)
# Failed to write core dump. Minidumps are not enabled by default on client versions of Windows
#

---------------  T H R E A D  ---------------

Current thread (0x0000000019ec7000):  JavaThread "C2 CompilerThread2" daemon [_thread_in_native, id=113512, stack(0x000000001a9a0000,0x000000001aaa0000)]

Stack: [0x000000001a9a0000,0x000000001aaa0000]
[error occurred during error reporting (printing stack bounds), id 0xc0000005]

Native frames: (J=compiled Java code, j=interpreted, Vv=VM code, C=native code)


Current CompileTask:
C2:   1529 1857   !   4       java.net.URLClassLoader$1::run (63 bytes)


---------------  P R O C E S S  ---------------

Java Threads: ( => current thread )
  0x0000000019f5d800 JavaThread "Service Thread" daemon [_thread_blocked, id=113520, stack(0x000000001aba0000,0x000000001aca0000)]
  0x0000000019ed8800 JavaThread "C1 CompilerThread3" daemon [_thread_blocked, id=113516, stack(0x000000001aaa0000,0x000000001aba0000)]
=>0x0000000019ec7000 JavaThread "C2 CompilerThread2" daemon [_thread_in_native, id=113512, stack(0x000000001a9a0000,0x000000001aaa0000)]
  0x0000000019ec1000 JavaThread "C2 CompilerThread1" daemon [_thread_in_native, id=113508, stack(0x000000001a8a0000,0x000000001a9a0000)]
  0x0000000019ebe000 JavaThread "C2 CompilerThread0" daemon [_thread_in_native, id=113504, stack(0x000000001a7a0000,0x000000001a8a0000)]
  0x0000000019ebd000 JavaThread "Attach Listener" daemon [_thread_blocked, id=113500, stack(0x000000001a6a0000,0x000000001a7a0000)]
  0x0000000019ebc000 JavaThread "Signal Dispatcher" daemon [_thread_blocked, id=113496, stack(0x000000001a5a0000,0x000000001a6a0000)]
  0x00000000180b9000 JavaThread "Finalizer" daemon [_thread_blocked, id=113492, stack(0x000000001a380000,0x000000001a480000)]
  0x00000000180b2000 JavaThread "Reference Handler" daemon [_thread_blocked, id=113488, stack(0x000000001a280000,0x000000001a380000)]
  0x000000000176e800 JavaThread "main" [_thread_in_Java, id=113448, stack(0x0000000003030000,0x0000000003130000)]

Other Threads:
  0x00000000180ab000 VMThread [stack: 0x0000000019d80000,0x0000000019e80000] [id=113484]
  0x0000000019f66800 WatcherThread [stack: 0x000000001aca0000,0x000000001ada0000] [id=113524]

VM state:not at safepoint (normal execution)

VM Mutex/Monitor currently owned by a thread: None

heap address: 0x0000000083600000, size: 1994 MB, Compressed Oops mode: 32-bit
Narrow klass base: 0x0000000000000000, Narrow klass shift: 3
Compressed class space size: 1073741824 Address: 0x0000000100000000

Heap:
 PSYoungGen      total 70656K, used 43811K [0x00000000d6780000, 0x00000000df180000, 0x0000000100000000)
  eden space 65536K, 66% used [0x00000000d6780000,0x00000000d9248d50,0x00000000da780000)
  from space 5120K, 0% used [0x00000000da780000,0x00000000da780000,0x00000000dac80000)
  to   space 5120K, 0% used [0x00000000dec80000,0x00000000dec80000,0x00000000df180000)
 ParOldGen       total 65536K, used 9592K [0x0000000083600000, 0x0000000087600000, 0x00000000d6780000)
  object space 65536K, 14% used [0x0000000083600000,0x0000000083f5e238,0x0000000087600000)
 Metaspace       used 25813K, capacity 26378K, committed 26544K, reserved 1073152K
  class space    used 3052K, capacity 3224K, committed 3248K, reserved 1048576K

Card table byte_map: [0x00000000125f0000,0x00000000129e0000] byte_map_base: 0x00000000121d5000

Marking Bits: (ParMarkBitMap*) 0x00000000645cf030
 Begin Bits: [0x0000000013480000, 0x00000000153a8000)
 End Bits:   [0x00000000153a8000, 0x00000000172d0000)

Polling page: 0x0000000001230000

CodeCache: size=245760Kb used=6081Kb max_used=6081Kb free=239678Kb
 bounds [0x0000000003230000, 0x0000000003830000, 0x0000000012230000]
 total_blobs=2439 nmethods=2020 adapters=332
 compilation: enabled

Compilation events (10 events):
Event: 1.510 Thread 0x0000000019ed8800 2020       3       org.jetbrains.kotlin.com.intellij.openapi.fileTypes.FileTypeRegistry::getFileTypeByFileName (28 bytes)
Event: 1.510 Thread 0x0000000019ed8800 nmethod 2020 0x0000000003821410 code [0x00000000038215a0, 0x0000000003821978]
Event: 1.510 Thread 0x0000000019ed8800 2021       3       org.jetbrains.kotlin.com.intellij.core.CoreFileTypeRegistry::getFileTypeByFileName (28 bytes)
Event: 1.510 Thread 0x0000000019ed8800 nmethod 2021 0x0000000003821a90 code [0x0000000003821c20, 0x0000000003821ed8]
Event: 1.510 Thread 0x0000000019ed8800 2030       3       sun.nio.cs.ISO_8859_1$Decoder::decode (45 bytes)
Event: 1.510 Thread 0x0000000019ed8800 nmethod 2030 0x0000000003821fd0 code [0x0000000003822140, 0x00000000038223d0]
Event: 1.510 Thread 0x0000000019ed8800 2031       3       org.jetbrains.kotlin.com.intellij.psi.search.GlobalSearchScope$UnionScope$$Lambda$104/573045251::value (12 bytes)
Event: 1.511 Thread 0x0000000019ed8800 nmethod 2031 0x0000000003822590 code [0x0000000003822700, 0x0000000003822a68]
Event: 1.511 Thread 0x0000000019ed8800 2032       3       org.jetbrains.kotlin.com.intellij.psi.search.GlobalSearchScope$UnionScope::lambda$contains$0 (6 bytes)
Event: 1.511 Thread 0x0000000019ed8800 nmethod 2032 0x0000000003822b90 code [0x0000000003822d00, 0x0000000003822f08]

GC Heap History (8 events):
Event: 0.443 GC heap before
{Heap before GC invocations=1 (full 0):
 PSYoungGen      total 37888K, used 32768K [0x00000000d6780000, 0x00000000d9180000, 0x0000000100000000)
  eden space 32768K, 100% used [0x00000000d6780000,0x00000000d8780000,0x00000000d8780000)
  from space 5120K, 0% used [0x00000000d8c80000,0x00000000d8c80000,0x00000000d9180000)
  to   space 5120K, 0% used [0x00000000d8780000,0x00000000d8780000,0x00000000d8c80000)
 ParOldGen       total 86016K, used 0K [0x0000000083600000, 0x0000000088a00000, 0x00000000d6780000)
  object space 86016K, 0% used [0x0000000083600000,0x0000000083600000,0x0000000088a00000)
 Metaspace       used 10010K, capacity 10140K, committed 10368K, reserved 1058816K
  class space    used 1092K, capacity 1148K, committed 1152K, reserved 1048576K
Event: 0.449 GC heap after
Heap after GC invocations=1 (full 0):
 PSYoungGen      total 37888K, used 5112K [0x00000000d6780000, 0x00000000db180000, 0x0000000100000000)
  eden space 32768K, 0% used [0x00000000d6780000,0x00000000d6780000,0x00000000d8780000)
  from space 5120K, 99% used [0x00000000d8780000,0x00000000d8c7e190,0x00000000d8c80000)
  to   space 5120K, 0% used [0x00000000dac80000,0x00000000dac80000,0x00000000db180000)
 ParOldGen       total 86016K, used 2567K [0x0000000083600000, 0x0000000088a00000, 0x00000000d6780000)
  object space 86016K, 2% used [0x0000000083600000,0x0000000083881da0,0x0000000088a00000)
 Metaspace       used 10010K, capacity 10140K, committed 10368K, reserved 1058816K
  class space    used 1092K, capacity 1148K, committed 1152K, reserved 1048576K
}
Event: 0.787 GC heap before
{Heap before GC invocations=2 (full 0):
 PSYoungGen      total 37888K, used 37880K [0x00000000d6780000, 0x00000000db180000, 0x0000000100000000)
  eden space 32768K, 100% used [0x00000000d6780000,0x00000000d8780000,0x00000000d8780000)
  from space 5120K, 99% used [0x00000000d8780000,0x00000000d8c7e190,0x00000000d8c80000)
  to   space 5120K, 0% used [0x00000000dac80000,0x00000000dac80000,0x00000000db180000)
 ParOldGen       total 86016K, used 2567K [0x0000000083600000, 0x0000000088a00000, 0x00000000d6780000)
  object space 86016K, 2% used [0x0000000083600000,0x0000000083881da0,0x0000000088a00000)
 Metaspace       used 15405K, capacity 15778K, committed 16000K, reserved 1062912K
  class space    used 1791K, capacity 1881K, committed 1920K, reserved 1048576K
Event: 0.792 GC heap after
Heap after GC invocations=2 (full 0):
 PSYoungGen      total 70656K, used 5091K [0x00000000d6780000, 0x00000000db180000, 0x0000000100000000)
  eden space 65536K, 0% used [0x00000000d6780000,0x00000000d6780000,0x00000000da780000)
  from space 5120K, 99% used [0x00000000dac80000,0x00000000db178ed8,0x00000000db180000)
  to   space 5120K, 0% used [0x00000000da780000,0x00000000da780000,0x00000000dac80000)
 ParOldGen       total 86016K, used 7232K [0x0000000083600000, 0x0000000088a00000, 0x00000000d6780000)
  object space 86016K, 8% used [0x0000000083600000,0x0000000083d102e0,0x0000000088a00000)
 Metaspace       used 15405K, capacity 15778K, committed 16000K, reserved 1062912K
  class space    used 1791K, capacity 1881K, committed 1920K, reserved 1048576K
}
Event: 1.023 GC heap before
{Heap before GC invocations=3 (full 0):
 PSYoungGen      total 70656K, used 26491K [0x00000000d6780000, 0x00000000db180000, 0x0000000100000000)
  eden space 65536K, 32% used [0x00000000d6780000,0x00000000d7c65e38,0x00000000da780000)
  from space 5120K, 99% used [0x00000000dac80000,0x00000000db178ed8,0x00000000db180000)
  to   space 5120K, 0% used [0x00000000da780000,0x00000000da780000,0x00000000dac80000)
 ParOldGen       total 86016K, used 7232K [0x0000000083600000, 0x0000000088a00000, 0x00000000d6780000)
  object space 86016K, 8% used [0x0000000083600000,0x0000000083d102e0,0x0000000088a00000)
 Metaspace       used 20800K, capacity 21192K, committed 21296K, reserved 1069056K
  class space    used 2455K, capacity 2594K, committed 2608K, reserved 1048576K
Event: 1.029 GC heap after
Heap after GC invocations=3 (full 0):
 PSYoungGen      total 70656K, used 5108K [0x00000000d6780000, 0x00000000df180000, 0x0000000100000000)
  eden space 65536K, 0% used [0x00000000d6780000,0x00000000d6780000,0x00000000da780000)
  from space 5120K, 99% used [0x00000000da780000,0x00000000dac7d2c0,0x00000000dac80000)
  to   space 5120K, 0% used [0x00000000dec80000,0x00000000dec80000,0x00000000df180000)
 ParOldGen       total 86016K, used 11879K [0x0000000083600000, 0x0000000088a00000, 0x00000000d6780000)
  object space 86016K, 13% used [0x0000000083600000,0x0000000084199ef0,0x0000000088a00000)
 Metaspace       used 20800K, capacity 21192K, committed 21296K, reserved 1069056K
  class space    used 2455K, capacity 2594K, committed 2608K, reserved 1048576K
}
Event: 1.029 GC heap before
{Heap before GC invocations=4 (full 1):
 PSYoungGen      total 70656K, used 5108K [0x00000000d6780000, 0x00000000df180000, 0x0000000100000000)
  eden space 65536K, 0% used [0x00000000d6780000,0x00000000d6780000,0x00000000da780000)
  from space 5120K, 99% used [0x00000000da780000,0x00000000dac7d2c0,0x00000000dac80000)
  to   space 5120K, 0% used [0x00000000dec80000,0x00000000dec80000,0x00000000df180000)
 ParOldGen       total 86016K, used 11879K [0x0000000083600000, 0x0000000088a00000, 0x00000000d6780000)
  object space 86016K, 13% used [0x0000000083600000,0x0000000084199ef0,0x0000000088a00000)
 Metaspace       used 20800K, capacity 21192K, committed 21296K, reserved 1069056K
  class space    used 2455K, capacity 2594K, committed 2608K, reserved 1048576K
Event: 1.049 GC heap after
Heap after GC invocations=4 (full 1):
 PSYoungGen      total 70656K, used 0K [0x00000000d6780000, 0x00000000df180000, 0x0000000100000000)
  eden space 65536K, 0% used [0x00000000d6780000,0x00000000d6780000,0x00000000da780000)
  from space 5120K, 0% used [0x00000000da780000,0x00000000da780000,0x00000000dac80000)
  to   space 5120K, 0% used [0x00000000dec80000,0x00000000dec80000,0x00000000df180000)
 ParOldGen       total 65536K, used 9592K [0x0000000083600000, 0x0000000087600000, 0x00000000d6780000)
  object space 65536K, 14% used [0x0000000083600000,0x0000000083f5e238,0x0000000087600000)
 Metaspace       used 20800K, capacity 21192K, committed 21296K, reserved 1069056K
  class space    used 2455K, capacity 2594K, committed 2608K, reserved 1048576K
}

Deoptimization events (10 events):
Event: 1.498 Thread 0x000000000176e800 Uncommon trap: reason=bimorphic action=maybe_recompile pc=0x000000000376fda4 method=java.util.AbstractList$Itr.next()Ljava/lang/Object; @ 14
Event: 1.498 Thread 0x000000000176e800 Uncommon trap: reason=bimorphic action=maybe_recompile pc=0x00000000037702e4 method=java.util.AbstractList$Itr.hasNext()Z @ 8
Event: 1.499 Thread 0x000000000176e800 Uncommon trap: reason=bimorphic action=maybe_recompile pc=0x00000000037702e4 method=java.util.AbstractList$Itr.hasNext()Z @ 8
Event: 1.499 Thread 0x000000000176e800 Uncommon trap: reason=bimorphic action=maybe_recompile pc=0x000000000376fda4 method=java.util.AbstractList$Itr.next()Ljava/lang/Object; @ 14
Event: 1.499 Thread 0x000000000176e800 Uncommon trap: reason=bimorphic action=maybe_recompile pc=0x000000000376fda4 method=java.util.AbstractList$Itr.next()Ljava/lang/Object; @ 14
Event: 1.499 Thread 0x000000000176e800 Uncommon trap: reason=bimorphic action=maybe_recompile pc=0x000000000376fda4 method=java.util.AbstractList$Itr.next()Ljava/lang/Object; @ 14
Event: 1.505 Thread 0x000000000176e800 Uncommon trap: reason=bimorphic action=maybe_recompile pc=0x000000000376837c method=gnu.trove.TObjectHash.index(Ljava/lang/Object;)I @ 126
Event: 1.506 Thread 0x000000000176e800 Uncommon trap: reason=bimorphic action=maybe_recompile pc=0x000000000376837c method=gnu.trove.TObjectHash.index(Ljava/lang/Object;)I @ 126
Event: 1.506 Thread 0x000000000176e800 Uncommon trap: reason=bimorphic action=maybe_recompile pc=0x000000000376837c method=gnu.trove.TObjectHash.index(Ljava/lang/Object;)I @ 126
Event: 1.506 Thread 0x000000000176e800 Uncommon trap: reason=bimorphic action=maybe_recompile pc=0x000000000376837c method=gnu.trove.TObjectHash.index(Ljava/lang/Object;)I @ 126

Classes redefined (0 events):
No events

Internal exceptions (10 events):
Event: 0.274 Thread 0x000000000176e800 Exception <a 'java/security/PrivilegedActionException'> (0x00000000d762be00) thrown at [C:\src\AOSP-openjdk-git\hotspot\src\share\vm\prims\jvm.cpp, line 1502]
Event: 0.274 Thread 0x000000000176e800 Exception <a 'java/security/PrivilegedActionException'> (0x00000000d762d8f0) thrown at [C:\src\AOSP-openjdk-git\hotspot\src\share\vm\prims\jvm.cpp, line 1502]
Event: 0.274 Thread 0x000000000176e800 Exception <a 'java/security/PrivilegedActionException'> (0x00000000d762dce8) thrown at [C:\src\AOSP-openjdk-git\hotspot\src\share\vm\prims\jvm.cpp, line 1502]
Event: 0.402 Thread 0x000000000176e800 Exception <a 'java/lang/ArrayIndexOutOfBoundsException'> (0x00000000d834d818) thrown at [C:\src\AOSP-openjdk-git\hotspot\src\share\vm\runtime\sharedRuntime.cpp, line 605]
Event: 0.511 Thread 0x000000000176e800 Exception <a 'java/lang/ArrayIndexOutOfBoundsException'> (0x00000000d6d21050) thrown at [C:\src\AOSP-openjdk-git\hotspot\src\share\vm\runtime\sharedRuntime.cpp, line 605]
Event: 0.827 Thread 0x000000000176e800 Exception <a 'java/lang/NoSuchMethodError': java.lang.Object.lambda$comparing$77a9974f$1(Ljava/util/function/Function;Ljava/lang/Object;Ljava/lang/Object;)I> (0x00000000d6bc9ef8) thrown at [C:\src\AOSP-openjdk-git\hotspot\src\share\vm\interpreter\linkReso
Event: 0.838 Thread 0x000000000176e800 Exception <a 'java/lang/NoSuchMethodError': java.lang.Object.lambda$static$0()J> (0x00000000d6ccd0e8) thrown at [C:\src\AOSP-openjdk-git\hotspot\src\share\vm\interpreter\linkResolver.cpp, line 620]
Event: 0.936 Thread 0x000000000176e800 Exception <a 'java/lang/NoSuchMethodError': java.lang.Object.lambda$static$0(I)[Lorg/jetbrains/kotlin/com/intellij/openapi/editor/event/DocumentListener;> (0x00000000d741baa0) thrown at [C:\src\AOSP-openjdk-git\hotspot\src\share\vm\interpreter\linkResolve
Event: 0.961 Thread 0x000000000176e800 Exception <a 'java/lang/NoSuchMethodError': java.lang.Object.lambda$static$0(I)[Lorg/jetbrains/kotlin/com/intellij/psi/PsiAnnotation;> (0x00000000d7638140) thrown at [C:\src\AOSP-openjdk-git\hotspot\src\share\vm\interpreter\linkResolver.cpp, line 620]
Event: 1.018 Thread 0x000000000176e800 Exception <a 'java/lang/NoSuchMethodError': java.lang.Object.lambda$static$0(I)[Lorg/jetbrains/kotlin/com/intellij/psi/PsiElement;> (0x00000000d7b7e2e8) thrown at [C:\src\AOSP-openjdk-git\hotspot\src\share\vm\interpreter\linkResolver.cpp, line 620]

Events (10 events):
Event: 1.523 loading class org/jetbrains/kotlin/resolve/jvm/checkers/UnsupportedSyntheticCallableReferenceChecker
Event: 1.523 loading class org/jetbrains/kotlin/resolve/jvm/checkers/UnsupportedSyntheticCallableReferenceChecker done
Event: 1.523 loading class org/jetbrains/kotlin/resolve/jvm/checkers/SuperCallWithDefaultArgumentsChecker
Event: 1.523 loading class org/jetbrains/kotlin/resolve/jvm/checkers/SuperCallWithDefaultArgumentsChecker done
Event: 1.523 loading class org/jetbrains/kotlin/resolve/jvm/checkers/ProtectedSyntheticExtensionCallChecker
Event: 1.523 loading class org/jetbrains/kotlin/resolve/jvm/checkers/ProtectedSyntheticExtensionCallChecker done
Event: 1.523 loading class org/jetbrains/kotlin/resolve/jvm/RuntimeAssertionsOnExtensionReceiverCallChecker
Event: 1.523 loading class org/jetbrains/kotlin/resolve/jvm/RuntimeAssertionsOnExtensionReceiverCallChecker done
Event: 1.524 loading class org/jetbrains/kotlin/resolve/jvm/checkers/ApiVersionIsAtLeastArgumentsChecker
Event: 1.524 loading class org/jetbrains/kotlin/resolve/jvm/checkers/ApiVersionIsAtLeastArgumentsChecker done


Dynamic libraries:
0x00007ff75ad80000 - 0x00007ff75adb1000 	C:\Program Files\Android\Android Studio\jre\jre\bin\java.exe
0x00007ff9c3cb0000 - 0x00007ff9c3ea6000 	C:\WINDOWS\SYSTEM32\ntdll.dll
0x00007ff9c3bb0000 - 0x00007ff9c3c6d000 	C:\WINDOWS\System32\KERNEL32.DLL
0x00007ff9c18a0000 - 0x00007ff9c1b69000 	C:\WINDOWS\System32\KERNELBASE.dll
0x00007ff9c1d10000 - 0x00007ff9c1dbc000 	C:\WINDOWS\System32\ADVAPI32.dll
0x00007ff9c2690000 - 0x00007ff9c272e000 	C:\WINDOWS\System32\msvcrt.dll
0x00007ff9c3a20000 - 0x00007ff9c3abc000 	C:\WINDOWS\System32\sechost.dll
0x00007ff9c2560000 - 0x00007ff9c268b000 	C:\WINDOWS\System32\RPCRT4.dll
0x00007ff9c23c0000 - 0x00007ff9c2560000 	C:\WINDOWS\System32\USER32.dll
0x00007ff9c1500000 - 0x00007ff9c1522000 	C:\WINDOWS\System32\win32u.dll
0x00007ff9c3080000 - 0x00007ff9c30aa000 	C:\WINDOWS\System32\GDI32.dll
0x00007ff9c13f0000 - 0x00007ff9c14fb000 	C:\WINDOWS\System32\gdi32full.dll
0x00007ff9c1b70000 - 0x00007ff9c1c0d000 	C:\WINDOWS\System32\msvcp_win.dll
0x00007ff9c1530000 - 0x00007ff9c1630000 	C:\WINDOWS\System32\ucrtbase.dll
0x00007ff9abc70000 - 0x00007ff9abf0b000 	C:\WINDOWS\WinSxS\amd64_microsoft.windows.common-controls_6595b64144ccf1df_6.0.19041.746_none_ca02b4b61b8320a4\COMCTL32.dll
0x00007ff9c3b20000 - 0x00007ff9c3b50000 	C:\WINDOWS\System32\IMM32.DLL
0x0000000064de0000 - 0x0000000064eb2000 	C:\Program Files\Android\Android Studio\jre\jre\bin\msvcr100.dll
0x0000000063e00000 - 0x000000006464b000 	C:\Program Files\Android\Android Studio\jre\jre\bin\server\jvm.dll
0x00007ff9c1e70000 - 0x00007ff9c1e78000 	C:\WINDOWS\System32\PSAPI.DLL
0x00007ff9c0f70000 - 0x00007ff9c0f7a000 	C:\WINDOWS\SYSTEM32\VERSION.dll
0x00007ff9a9650000 - 0x00007ff9a9659000 	C:\WINDOWS\SYSTEM32\WSOCK32.dll
0x00007ff9a63f0000 - 0x00007ff9a6417000 	C:\WINDOWS\SYSTEM32\WINMM.dll
0x00007ff9c2810000 - 0x00007ff9c287b000 	C:\WINDOWS\System32\WS2_32.dll
0x00007ff9a88e0000 - 0x00007ff9a88ef000 	C:\Program Files\Android\Android Studio\jre\jre\bin\verify.dll
0x00007ff9a2b90000 - 0x00007ff9a2bb9000 	C:\Program Files\Android\Android Studio\jre\jre\bin\java.dll
0x00007ff9a88c0000 - 0x00007ff9a88d6000 	C:\Program Files\Android\Android Studio\jre\jre\bin\zip.dll
0x00007ff9c3270000 - 0x00007ff9c39b2000 	C:\WINDOWS\System32\SHELL32.dll
0x00007ff9bf4b0000 - 0x00007ff9bfc40000 	C:\WINDOWS\SYSTEM32\windows.storage.dll
0x00007ff9c2bf0000 - 0x00007ff9c2f46000 	C:\WINDOWS\System32\combase.dll
0x00007ff9c0de0000 - 0x00007ff9c0e0c000 	C:\WINDOWS\SYSTEM32\Wldp.dll
0x00007ff9c2310000 - 0x00007ff9c23be000 	C:\WINDOWS\System32\SHCORE.dll
0x00007ff9c39c0000 - 0x00007ff9c3a15000 	C:\WINDOWS\System32\shlwapi.dll
0x00007ff9c1320000 - 0x00007ff9c1346000 	C:\WINDOWS\SYSTEM32\profapi.dll
0x00007ff998080000 - 0x00007ff99809a000 	C:\Program Files\Android\Android Studio\jre\jre\bin\net.dll
0x00007ff9c0b60000 - 0x00007ff9c0bca000 	C:\WINDOWS\system32\mswsock.dll
0x00007ff9978e0000 - 0x00007ff9978f3000 	C:\Program Files\Android\Android Studio\jre\jre\bin\nio.dll

VM Arguments:
java_command: org.jetbrains.kotlin.cli.jvm.K2JVMCompiler -Xallow-no-source-files -classpath C:\Android\Proyecto\VendedoresKT\ApoloVendedor\app\build\intermediates\compile_and_runtime_not_namespaced_r_class_jar\debug\R.jar;C:\Users\Apolo\.gradle\caches\transforms-2\files-2.1\940933ff36c500fc300da39f92bf2507\jetified-ksoap2-android-assembly-3.6.2-jar-with-dependencies.jar;C:\Users\Apolo\.gradle\caches\transforms-2\files-2.1\b7391cb0ef2a592e070fd45c9e2d4d51\jetified-kotlin-android-extensions-runtime-1.3.72.jar;C:\Users\Apolo\.gradle\caches\transforms-2\files-2.1\6fc9346b2275246457468b28b445ec25\jetified-kotlin-stdlib-jdk7-1.3.72.jar;C:\Users\Apolo\.gradle\caches\transforms-2\files-2.1\a7c521a973fa94c7cb5dce493f5aeec1\jetified-core-ktx-1.2.0-api.jar;C:\Users\Apolo\.gradle\caches\transforms-2\files-2.1\c52b948ff9ad46790ed8f2ff00f2c421\jetified-kotlin-stdlib-1.3.72.jar;C:\Users\Apolo\.gradle\caches\transforms-2\files-2.1\049b323f9aeffcf195e248a925aab31d\jetified-kotlin-stdlib-common-1.3.72.jar;C:\Users\Apolo\.gradle\caches\transforms-2\files-2.1\64fab6255f9d96d2c98a740788790a80\jetified-annotations-13.0.jar;C:\Users\Apolo\.gradle\caches\transforms-2\files-2.1\a23b89162cd8e28190d6a5adb74e36c6\material-1.0.0-api.jar;C:\Users\Apolo\.gradle\caches\transforms-2\files-2.1\da3e9803232333f03504717ac64d1605\appcompat-1.1.0-api.jar;C:\Users\Apolo\.gradle\caches\transforms-2\files-2.1\d5866860b2b4777a2003b6ecec73b4e6\cardview-1.0.0-api.jar;C:\Users\Apolo\.gradle\caches\transforms-2\files-2.1\e45b2691cfc6cb894e1796a83c47685d\gridlayout-1.0.0-api.jar;C:\Users\Apolo\.gradle\caches\transforms-2\files-2.1\3f273c6e67e9bc71d091d370ba54752c\jetified-play-services-maps-17.0.0-api.jar;C:\Users\Apolo\.gradle\caches\transforms-2\files-2.1\fa2b6462b531d90bd4b4b0e739226412\lifecycle-extensions-2.0.0-api.jar;C:\Users\Apolo\.gradle\caches\transforms-2\files-2.1\5100796c51d3f5f01710c992bce4bd2d\jetified-play-services-base-17.0.0-api.jar;C:\Users\Apolo\.gradle\caches\transforms-2\files-2.1\b2388e30
java_class_path (initial): C:\Users\Apolo\.gradle\caches\modules-2\files-2.1\org.jetbrains.kotlin\kotlin-compiler-embeddable\1.3.72\fb72232c8fa977d5e07d33c43381ddbdc5edab6\kotlin-compiler-embeddable-1.3.72.jar;C:\Users\Apolo\.gradle\caches\modules-2\files-2.1\org.jetbrains.kotlin\kotlin-reflect\1.3.72\86613e1a669a701b0c660bfd2af4f82a7ae11fca\kotlin-reflect-1.3.72.jar;C:\Users\Apolo\.gradle\caches\modules-2\files-2.1\org.jetbrains.kotlin\kotlin-stdlib\1.3.72\8032138f12c0180bc4e51fe139d4c52b46db6109\kotlin-stdlib-1.3.72.jar;C:\Users\Apolo\.gradle\caches\modules-2\files-2.1\org.jetbrains.kotlin\kotlin-script-runtime\1.3.72\657d8d34d91e1964b4439378c09933e840bfe8d5\kotlin-script-runtime-1.3.72.jar;C:\Users\Apolo\.gradle\caches\modules-2\files-2.1\org.jetbrains.kotlin\kotlin-daemon-embeddable\1.3.72\53bbaa2816dbf6bdb85f629451b1fcc88f2164d2\kotlin-daemon-embeddable-1.3.72.jar;C:\Users\Apolo\.gradle\caches\modules-2\files-2.1\org.jetbrains.intellij.deps\trove4j\1.0.20181211\216c2e14b070f334479d800987affe4054cd563f\trove4j-1.0.20181211.jar;C:\Users\Apolo\.gradle\caches\modules-2\files-2.1\org.jetbrains.kotlin\kotlin-stdlib-common\1.3.72\6ca8bee3d88957eaaaef077c41c908c9940492d8\kotlin-stdlib-common-1.3.72.jar;C:\Users\Apolo\.gradle\caches\modules-2\files-2.1\org.jetbrains\annotations\13.0\919f0dfe192fb4e063e7dacadee7f8bb9a2672a9\annotations-13.0.jar;C:\Program Files\Android\Android Studio\jre\lib\tools.jar
Launcher Type: SUN_STANDARD

Environment Variables:
PATH=C:\Program Files\Common Files\Oracle\Java\javapath;C:\Program Files (x86)\Common Files\Oracle\Java\javapath;C:\orant\bin;C:\WINDOWS\system32;C:\WINDOWS;C:\WINDOWS\System32\Wbem;C:\WINDOWS\System32\WindowsPowerShell\v1.0\;C:\WINDOWS\System32\OpenSSH\;C:\orant\jdk\bin;C:\Program Files (x86)\Intel\Intel(R) Memory And Storage Tool\;C:\Program Files\Git\cmd;C:\Program Files\nodejs\;C:\Users\Apolo\AppData\Local\Microsoft\WindowsApps;;C:\Users\Apolo\AppData\Local\Programs\Microsoft VS Code\bin;C:\Users\Apolo\AppData\Roaming\npm
USERNAME=Apolo
OS=Windows_NT
PROCESSOR_IDENTIFIER=Intel64 Family 6 Model 126 Stepping 5, GenuineIntel



---------------  S Y S T E M  ---------------

OS: Windows 10.0 , 64 bit Build 19041 (10.0.19041.804)

CPU:total 8 (initial active 8) (4 cores per cpu, 2 threads per core) family 6 model 126 stepping 5, cmov, cx8, fxsr, mmx, sse, sse2, sse3, ssse3, sse4.1, sse4.2, popcnt, avx, avx2, aes, clmul, erms, 3dnowpref, lzcnt, ht, tsc, tscinvbit, bmi1, bmi2, adx

Memory: 4k page, physical 8165048k(648168k free), swap 11736884k(5460k free)

vm_info: OpenJDK 64-Bit Server VM (25.242-b01) for windows-amd64 JRE (1.8.0_242-release-1644-b01), built by "builder" with MS VC++ 10.0 (VS2010)

time: Thu Feb 25 08:30:01 2021
timezone: Hora de verano de Paraguay
elapsed time: 1 seconds (0d 0h 0m 1s)

