#
# There is insufficient memory for the Java Runtime Environment to continue.
# Native memory allocation (malloc) failed to allocate 2253296 bytes for Chunk::new
# Possible reasons:
#   The system is out of physical RAM or swap space
#   The process is running with CompressedOops enabled, and the Java Heap may be blocking the growth of the native heap
# Possible solutions:
#   Reduce memory load on the system
#   Increase physical memory or swap space
#   Check if swap backing store is full
#   Decrease Java heap size (-Xmx/-Xms)
#   Decrease number of Java threads
#   Decrease Java thread stack sizes (-Xss)
#   Set larger code cache with -XX:ReservedCodeCacheSize=
#   JVM is running with Unscaled Compressed Oops mode in which the Java heap is
#     placed in the first 4GB address space. The Java Heap base address is the
#     maximum limit for the native heap growth. Please use -XX:HeapBaseMinAddress
#     to set the Java Heap base and to place the Java Heap above 4GB virtual address.
# This output file may be truncated or incomplete.
#
#  Out of Memory Error (./src/hotspot/share/memory/arena.cpp:197), pid=44584, tid=47196
#
# JRE version: OpenJDK Runtime Environment (11.0.8+10) (build 11.0.8+10-b944.6842174)
# Java VM: OpenJDK 64-Bit Server VM (11.0.8+10-b944.6842174, mixed mode, tiered, compressed oops, g1 gc, windows-amd64)
# No core dump will be written. Minidumps are not enabled by default on client versions of Windows
#

---------------  S U M M A R Y ------------

Command Line: org.jetbrains.kotlin.cli.jvm.K2JVMCompiler -Xallow-no-source-files -classpath C:\Android\Proyecto\VendedoresKT\ApoloVendedor\app\build\intermediates\compile_and_runtime_not_namespaced_r_class_jar\debug\R.jar;C:\Users\Apolo\.gradle\caches\transforms-2\files-2.1\a3462063c8889a290a5c9b63113e162b\jetified-ksoap2-android-assembly-3.6.2-jar-with-dependencies.jar;C:\Users\Apolo\.gradle\caches\transforms-2\files-2.1\17e890f7e92dc0cd2f258cfc60d163dd\jetified-kotlin-android-extensions-runtime-1.3.72.jar;C:\Users\Apolo\.gradle\caches\transforms-2\files-2.1\cda5dd36e4332590ba81c9a14d8d3b6d\jetified-kotlin-stdlib-jdk7-1.3.72.jar;C:\Users\Apolo\.gradle\caches\transforms-2\files-2.1\e4d1bf96a8a31d302c15ce6e0f3890e4\jetified-core-ktx-1.2.0-api.jar;C:\Users\Apolo\.gradle\caches\transforms-2\files-2.1\d1d99915ce9eef39028903e9084c3723\jetified-kotlin-stdlib-1.3.72.jar;C:\Users\Apolo\.gradle\caches\transforms-2\files-2.1\c4f5ae3e18bce4942bc1933a58657204\jetified-kotlin-stdlib-common-1.3.72.jar;C:\Users\Apolo\.gradle\caches\transforms-2\files-2.1\9e61d392d4976d8da6b634e39f78f668\jetified-annotations-13.0.jar;C:\Users\Apolo\.gradle\caches\transforms-2\files-2.1\b2f44207a73a3e7f2ecc622d1bf6deda\material-1.0.0-api.jar;C:\Users\Apolo\.gradle\caches\transforms-2\files-2.1\a281e6495a1d9c803c08d7a6a47b6a52\appcompat-1.1.0-api.jar;C:\Users\Apolo\.gradle\caches\transforms-2\files-2.1\665c80b621164ebed2f874f2d95fb49b\cardview-1.0.0-api.jar;C:\Users\Apolo\.gradle\caches\transforms-2\files-2.1\ccd82f5f54930d9b0a3a7d1933d360bf\gridlayout-1.0.0-api.jar;C:\Users\Apolo\.gradle\caches\transforms-2\files-2.1\ae3921d81826a65bdb895b21404903c0\jetified-play-services-maps-17.0.0-api.jar;C:\Users\Apolo\.gradle\caches\transforms-2\files-2.1\5e7dabb393b1313697538d9458ebb5d2\lifecycle-extensions-2.0.0-api.jar;C:\Users\Apolo\.gradle\caches\transforms-2\files-2.1\4d4cf2838e5e44cca9ee8eecad9acfb1\jetified-play-services-base-17.0.0-api.jar;C:\Users\Apolo\.gradle\caches\transforms-2\files-2.1\1b5173f5d558dfe30ad04d3777399a2d\jetified-play-services-tasks-17.0.0-api.jar;C:\Users\Apolo\.gradle\caches\transforms-2\files-2.1\93a1ccc75f989b2e7abe4fe1f768916f\jetified-play-services-basement-17.0.0-api.jar;C:\Users\Apolo\.gradle\caches\transforms-2\files-2.1\870d30705a9b43e7a805bdd8767858a6\fragment-1.1.0-api.jar;C:\Users\Apolo\.gradle\caches\transforms-2\files-2.1\97acf307a9f0578081ef5f4e753d4b34\jetified-appcompat-resources-1.1.0-api.jar;C:\Users\Apolo\.gradle\caches\transforms-2\files-2.1\01fa48e5176d7318dc70a631c5bbac83\recyclerview-1.0.0-api.jar;C:\Users\Apolo\.gradle\caches\transforms-2\files-2.1\ce5d3d95474b3fd558899a89cc4060eb\legacy-support-core-ui-1.0.0-api.jar;C:\Users\Apolo\.gradle\caches\transforms-2\files-2.1\6c8c6681c6811b3bbe5ffba455b5c180\drawerlayout-1.0.0-api.jar;C:\Users\Apolo\.gradle\caches\transforms-2\files-2.1\122f45880e5959bcead2d6079f9d7162\legacy-support-core-utils-1.0.0-api.jar;C:\Users\Apolo\.gradle\caches\transforms-2\files-2.1\3f0f0aadb6282f04d591df00cbfe84a1\transition-1.0.0-api.jar;C:\Users\Apolo\.gradle\caches\transforms-2\files-2.1\27b6ac02855edda412cffa4c1a55df09\viewpager-1.0.0-api.jar;C:\Users\Apolo\.gradle\caches\transforms-2\files-2.1\ff696950f8abc31df94ff96c97be93db\loader-1.0.0-api.jar;C:\Users\Apolo\.gradle\caches\transforms-2\files-2.1\eb0d531f2c31bc06cd8b0c3a5ecf31f9\jetified-activity-1.0.0-api.jar;C:\Users\Apolo\.gradle\caches\transforms-2\files-2.1\17136cdf314bcbd039444257e48c41de\vectordrawable-animated-1.1.0-api.jar;C:\Users\Apolo\.gradle\caches\transforms-2\files-2.1\4b28d2081678a671d31e6b66045dc666\vectordrawable-1.1.0-api.jar;C:\Users\Apolo\.gradle\caches\transforms-2\files-2.1\2297a48ac29256c4bfa6ffcbb3f67f8a\coordinatorlayout-1.0.0-api.jar;C:\Users\Apolo\.gradle\caches\transforms-2\files-2.1\843d99380aa678d51f3f4d96f8356764\slidingpanelayout-1.0.0-api.jar;C:\Users\Apolo\.gradle\caches\transforms-2\files-2.1\460ad55047b8c3a24f0066da4c6c940b\customview-1.0.0-api.jar;C:\Users\Apolo\.gradle\caches\transforms-2\files-2.1\b3493de0d6ae93220466ab69bb38df70\swiperefreshlayout-1.0.0-api.jar;C:\Users\Apolo\.gradle\caches\transforms-2\files-2.1\c8b732492e2d0aabe350a8f94c594c8d\asynclayoutinflater-1.0.0-api.jar;C:\Users\Apolo\.gradle\caches\transforms-2\files-2.1\e1bde767fc050ef41030fca60a756499\core-1.2.0-api.jar;C:\Users\Apolo\.gradle\caches\transforms-2\files-2.1\38344686c2f5628ec7e6916b92203872\cursoradapter-1.0.0-api.jar;C:\Users\Apolo\.gradle\caches\transforms-2\files-2.1\407cc07f87a845868dca765a2b55d656\versionedparcelable-1.1.0-api.jar;C:\Users\Apolo\.gradle\caches\modules-2\files-2.1\androidx.collection\collection\1.1.0\1f27220b47669781457de0d600849a5de0e89909\collection-1.1.0.jar;C:\Users\Apolo\.gradle\caches\transforms-2\files-2.1\d0adfa33589489d7a599c8e69232c66b\jetified-lifecycle-process-2.0.0-api.jar;C:\Users\Apolo\.gradle\caches\transforms-2\files-2.1\010f4c329867711e9a5add3071a86f60\jetified-lifecycle-service-2.0.0-api.jar;C:\Users\Apolo\.gradle\caches\transforms-2\files-2.1\33fb4af6c5f782e1a7825256b520c9a1\lifecycle-runtime-2.1.0-api.jar;C:\Users\Apolo\.gradle\caches\transforms-2\files-2.1\706a841b7089256511afcb4928331c4c\lifecycle-livedata-2.0.0-api.jar;C:\Users\Apolo\.gradle\caches\transforms-2\files-2.1\4c2f11042956129e8e8c556f3aba4788\lifecycle-livedata-core-2.0.0-api.jar;C:\Users\Apolo\.gradle\caches\transforms-2\files-2.1\5a92467f509d82fcc54f83e19f2200a8\core-runtime-2.0.0-api.jar;C:\Users\Apolo\.gradle\caches\transforms-2\files-2.1\cad3c89166b90330eda90c5defe56484\jetified-savedstate-1.0.0-api.jar;C:\Users\Apolo\.gradle\caches\modules-2\files-2.1\androidx.arch.core\core-common\2.1.0\b3152fc64428c9354344bd89848ecddc09b6f07e\core-common-2.1.0.jar;C:\Users\Apolo\.gradle\caches\modules-2\files-2.1\androidx.lifecycle\lifecycle-common\2.1.0\c67e7807d9cd6c329b9d0218b2ec4e505dd340b7\lifecycle-common-2.1.0.jar;C:\Users\Apolo\.gradle\caches\transforms-2\files-2.1\59c1aefa85cf5279fdb0386bf3467b2e\lifecycle-viewmodel-2.1.0-api.jar;C:\Users\Apolo\.gradle\caches\transforms-2\files-2.1\5f3fb32888ab4dfc976e52ccbcb6f1a5\interpolator-1.0.0-api.jar;C:\Users\Apolo\.gradle\caches\transforms-2\files-2.1\308137e91a49f79538f879b6b6fb3311\documentfile-1.0.0-api.jar;C:\Users\Apolo\.gradle\caches\transforms-2\files-2.1\d905afa0c3e62cc09e66b912b0919e9d\localbroadcastmanager-1.0.0-api.jar;C:\Users\Apolo\.gradle\caches\transforms-2\files-2.1\50989279eb8dacf5cf6730b2d095c69d\print-1.0.0-api.jar;C:\Users\Apolo\.gradle\caches\modules-2\files-2.1\androidx.annotation\annotation\1.1.0\e3a6fb2f40e3a3842e6b7472628ba4ce416ea4c8\annotation-1.1.0.jar;C:\Users\Apolo\.gradle\caches\transforms-2\files-2.1\3e1fdabda7bfa60f35e65c3332d92d79\constraintlayout-1.1.3-api.jar;C:\Users\Apolo\.gradle\caches\modules-2\files-2.1\androidx.constraintlayout\constraintlayout-solver\1.1.3\54abe9ffb22cc9019b0b6fcc10f185cc4e67b34e\constraintlayout-solver-1.1.3.jar;C:\Users\Apolo\.gradle\caches\transforms-2\files-2.1\98d9884949b06c24e2341c2af69eaf11\jetified-MPAndroidChart-v3.0.2.jar;C:\Users\Apolo\AppData\Local\Android\Sdk\platforms\android-29\android.jar -d C:\Android\Proyecto\VendedoresKT\ApoloVendedor\app\build\tmp\kotlin-classes\debug -Xjava-source-roots=C:\Android\Proyecto\VendedoresKT\ApoloVendedor\app\build\generated\source\buildConfig\debug -module-name app_debug -no-jdk -no-reflect -no-stdlib -Xcommon-sources=C:\Android\Proyecto\VendedoresKT\ApoloVendedor\app\src\main\java\apolo\vendedores\com\configurar\AcercaDe.kt,C:\Android\Proyecto\VendedoresKT\ApoloVendedor\app\src\main\java\apolo\vendedores\com\configurar\ActualizarVersion.kt,C:\Android\Proyecto\VendedoresKT\ApoloVendedor\app\src\main\java\apolo\vendedores\com\configurar\CalcularClavePrueba.kt,C:\Android\Proyecto\VendedoresKT\ApoloVendedor\app\src\main\java\apolo\vendedores\com\configurar\ConfigurarUsuario.kt,C:\Android\Proyecto\VendedoresKT\ApoloVendedor\app\src\main\java\apolo\vendedores\com\informes\CorteDeStock.kt,C:\Android\Proyecto\VendedoresKT\ApoloVendedor\app\src\main\java\apolo\vendedores\com\informes\EstadoDePedidos.kt,C:\Android\Proyecto\VendedoresKT\ApoloVendedor\app\src\main\java\apolo\vendedores\com\informes\EvolucionDiariaDeVentas.kt,C:\Android\Proyecto\VendedoresKT\ApoloVendedor\app\src\main\java\apolo\vendedores\com\informes\ListaDePrecios.kt,C:\Android\Proyecto\VendedoresKT\ApoloVendedor\app\src\main\java\apolo\vendedores\com\informes\PedidosEnReparto.kt,C:\Android\Proyecto\VendedoresKT\ApoloVendedor\app\src\main\java\apolo\vendedores\com\informes\PreciosModificados.kt,C:\Android\Proyecto\VendedoresKT\ApoloVendedor\app\src\main\java\apolo\vendedores\com\informes\RebotesPorCliente.kt,C:\Android\Proyecto\VendedoresKT\ApoloVendedor\app\src\main\java\apolo\vendedores\com\informes\RuteoSemanal.kt,C:\Android\Proyecto\VendedoresKT\ApoloVendedor\app\src\main\java\apolo\vendedores\com\MainActivity.kt,C:\Android\Proyecto\VendedoresKT\ApoloVendedor\app\src\main\java\apolo\vendedores\com\MainActivity2.kt,C:\Android\Proyecto\VendedoresKT\ApoloVendedor\app\src\main\java\apolo\vendedores\com\menu\DialogoMenu.kt,C:\Android\Proyecto\VendedoresKT\ApoloVendedor\app\src\main\java\apolo\vendedores\com\prueba\VentanaAuxiliar.kt,C:\Android\Proyecto\VendedoresKT\ApoloVendedor\app\src\main\java\apolo\vendedores\com\reportes\AvanceDeComisiones.kt,C:\Android\Proyecto\VendedoresKT\ApoloVendedor\app\src\main\java\apolo\vendedores\com\reportes\CanastaDeClientes.kt,C:\Android\Proyecto\VendedoresKT\ApoloVendedor\app\src\main\java\apolo\vendedores\com\reportes\CanastaDeMarcas.kt,C:\Android\Proyecto\VendedoresKT\ApoloVendedor\app\src\main\java\apolo\vendedores\com\reportes\CoberturaSemanal.kt,C:\Android\Proyecto\VendedoresKT\ApoloVendedor\app\src\main\java\apolo\vendedores\com\reportes\ComprobantesPendientes.kt,C:\Android\Proyecto\VendedoresKT\ApoloVendedor\app\src\main\java\apolo\vendedores\com\reportes\ExtractoDeSalario.kt,C:\Android\Proyecto\VendedoresKT\ApoloVendedor\app\src\main\java\apolo\vendedores\com\reportes\ProduccionSemanal.kt,C:\Android\Proyecto\VendedoresKT\ApoloVendedor\app\src\main\java\apolo\vendedores\com\reportes\SeguimientoDeVisitas.kt,C:\Android\Proyecto\VendedoresKT\ApoloVendedor\app\src\main\java\apolo\vendedores\com\reportes\SubAvanceDeComisiones.kt,C:\Android\Proyecto\VendedoresKT\ApoloVendedor\app\src\main\java\apolo\vendedores\com\reportes\SubVentasPorClientes.kt,C:\Android\Proyecto\VendedoresKT\ApoloVendedor\app\src\main\java\apolo\vendedores\com\reportes\SubVentasPorMarcas.kt,C:\Android\Proyecto\VendedoresKT\ApoloVendedor\app\src\main\java\apolo\vendedores\com\reportes\VariablesMensuales.kt,C:\Android\Proyecto\VendedoresKT\ApoloVendedor\app\src\main\java\apolo\vendedores\com\reportes\VentasPorCliente.kt,C:\Android\Proyecto\VendedoresKT\ApoloVendedor\app\src\main\java\apolo\vendedores\com\reportes\VentasPorMarca.kt,C:\Android\Proyecto\VendedoresKT\ApoloVendedor\app\src\main\java\apolo\vendedores\com\utilidades\Adapter.kt,C:\Android\Proyecto\VendedoresKT\ApoloVendedor\app\src\main\java\apolo\vendedores\com\utilidades\Clave.kt,C:\Android\Proyecto\VendedoresKT\ApoloVendedor\app\src\main\java\apolo\vendedores\com\utilidades\ConexionWS.kt,C:\Android\Proyecto\VendedoresKT\ApoloVendedor\app\src\main\java\apolo\vendedores\com\utilidades\ConsultasInicio.kt,C:\Android\Proyecto\VendedoresKT\ApoloVendedor\app\src\main\java\apolo\vendedores\com\utilidades\DialogoAutorizacion.kt,C:\Android\Proyecto\VendedoresKT\ApoloVendedor\app\src\main\java\apolo\vendedores\com\utilidades\DialogoBusqueda.kt,C:\Android\Proyecto\VendedoresKT\ApoloVendedor\app\src\main\java\apolo\vendedores\com\utilidades\DialogoCalendario.kt,C:\Android\Proyecto\VendedoresKT\ApoloVendedor\app\src\main\java\apolo\vendedores\com\utilidades\FuncionesConsultor.kt,C:\Android\Proyecto\VendedoresKT\ApoloVendedor\app\src\main\java\apolo\vendedores\com\utilidades\FuncionesDispositivo.kt,C:\Android\Proyecto\VendedoresKT\ApoloVendedor\app\src\main\java\apolo\vendedores\com\utilidades\FuncionesFoto.kt,C:\Android\Proyecto\VendedoresKT\ApoloVendedor\app\src\main\java\apolo\vendedores\com\utilidades\FuncionesSpinner.kt,C:\Android\Proyecto\VendedoresKT\ApoloVendedor\app\src\main\java\apolo\vendedores\com\utilidades\FuncionesUbicacion.kt,C:\Android\Proyecto\VendedoresKT\ApoloVendedor\app\src\main\java\apolo\vendedores\com\utilidades\FuncionesUtiles.kt,C:\Android\Proyecto\VendedoresKT\ApoloVendedor\app\src\main\java\apolo\vendedores\com\utilidades\GenericFileProvider.kt,C:\Android\Proyecto\VendedoresKT\ApoloVendedor\app\src\main\java\apolo\vendedores\com\utilidades\Graficos.kt,C:\Android\Proyecto\VendedoresKT\ApoloVendedor\app\src\main\java\apolo\vendedores\com\utilidades\ItemAbrir.kt,C:\Android\Proyecto\VendedoresKT\ApoloVendedor\app\src\main\java\apolo\vendedores\com\utilidades\Mapa.kt,C:\Android\Proyecto\VendedoresKT\ApoloVendedor\app\src\main\java\apolo\vendedores\com\utilidades\MapaCatastro.kt,C:\Android\Proyecto\VendedoresKT\ApoloVendedor\app\src\main\java\apolo\vendedores\com\utilidades\SentenciasSQL.kt,C:\Android\Proyecto\VendedoresKT\ApoloVendedor\app\src\main\java\apolo\vendedores\com\utilidades\Sincronizacion.kt,C:\Android\Proyecto\VendedoresKT\ApoloVendedor\app\src\main\java\apolo\vendedores\com\utilidades\TablasSincronizacion.kt,C:\Android\Proyecto\VendedoresKT\ApoloVendedor\app\src\main\java\apolo\vendedores\com\utilidades\UtilidadesBD.kt,C:\Android\Proyecto\VendedoresKT\ApoloVendedor\app\src\main\java\apolo\vendedores\com\ventas\asistencia\EnviarMarcacion.kt,C:\Android\Proyecto\VendedoresKT\ApoloVendedor\app\src\main\java\apolo\vendedores\com\ventas\asistencia\Marcacion.kt,C:\Android\Proyecto\VendedoresKT\ApoloVendedor\app\src\main\java\apolo\vendedores\com\ventas\baja\Baja.kt,C:\Android\Proyecto\VendedoresKT\ApoloVendedor\app\src\main\java\apolo\vendedores\com\ventas\baja\EnviarBaja.kt,C:\Android\Proyecto\VendedoresKT\ApoloVendedor\app\src\main\java\apolo\vendedores\com\ventas\catastro\CatastrarCliente.kt,C:\Android\Proyecto\VendedoresKT\ApoloVendedor\app\src\main\java\apolo\vendedores\com\ventas\ConsultaClientesNoPositivados.kt,C:\Android\Proyecto\VendedoresKT\ApoloVendedor\app\src\main\java\apolo\vendedores\com\ventas\ConsultaDatosDeCliente.kt,C:\Android\Proyecto\VendedoresKT\ApoloVendedor\app\src\main\java\apolo\vendedores\com\ventas\ConsultaPedidos.kt,C:\Android\Proyecto\VendedoresKT\ApoloVendedor\app\src\main\java\apolo\vendedores\com\ventas\Deuda.kt,C:\Android\Proyecto\VendedoresKT\ApoloVendedor\app\src\main\java\apolo\vendedores\com\ventas\DeudaDeClientes.kt,C:\Android\Proyecto\VendedoresKT\ApoloVendedor\app\src\main\java\apolo\vendedores\com\ventas\DialogoPedidos.kt,C:\Android\Proyecto\VendedoresKT\ApoloVendedor\app\src\main\java\apolo\vendedores\com\ventas\DialogoPromocion.kt,C:\Android\Proyecto\VendedoresKT\ApoloVendedor\app\src\main\java\apolo\vendedores\com\ventas\EnviarModificacion.kt,C:\Android\Proyecto\VendedoresKT\ApoloVendedor\app\src\main\java\apolo\vendedores\com\ventas\EnviarPedido.kt,C:\Android\Proyecto\VendedoresKT\ApoloVendedor\app\src\main\java\apolo\vendedores\com\ventas\justificacion\NoVenta.kt,C:\Android\Proyecto\VendedoresKT\ApoloVendedor\app\src\main\java\apolo\vendedores\com\ventas\ListaClientes.kt,C:\Android\Proyecto\VendedoresKT\ApoloVendedor\app\src\main\java\apolo\vendedores\com\ventas\ModificarCliente.kt,C:\Android\Proyecto\VendedoresKT\ApoloVendedor\app\src\main\java\apolo\vendedores\com\ventas\Pedidos.kt,C:\Android\Proyecto\VendedoresKT\ApoloVendedor\app\src\main\java\apolo\vendedores\com\ventas\Promociones.kt,C:\Android\Proyecto\VendedoresKT\ApoloVendedor\app\src\main\java\apolo\vendedores\com\ventas\Promotores.kt,C:\Android\Proyecto\VendedoresKT\ApoloVendedor\app\src\main\java\apolo\vendedores\com\ventas\PromotoresBaja.kt,C:\Android\Proyecto\VendedoresKT\ApoloVendedor\app\src\main\java\apolo\vendedores\com\ventas\PromotoresCatastro.kt,C:\Android\Proyecto\VendedoresKT\ApoloVendedor\app\src\main\java\apolo\vendedores\com\ventas\sd\EnviarSD.kt,C:\Android\Proyecto\VendedoresKT\ApoloVendedor\app\src\main\java\apolo\vendedores\com\ventas\sd\SolicitudDevolucion.kt -Xplugin=C:\Users\Apolo\.gradle\caches\modules-2\files-2.1\org.jetbrains.intellij.deps\trove4j\1.0.20181211\216c2e14b070f334479d800987affe4054cd563f\trove4j-1.0.20181211.jar,C:\Users\Apolo\.gradle\caches\modules-2\files-2.1\org.jetbrains.kotlin\kotlin-android-extensions\1.3.72\ecbb105a12a9766d2188f454b3bc3aab46cb80b6\kotlin-android-extensions-1.3.72.jar,C:\Users\Apolo\.gradle\caches\modules-2\files-2.1\org.jetbrains.kotlin\kotlin-compiler-embeddable\1.3.72\fb72232c8fa977d5e07d33c43381ddbdc5edab6\kotlin-compiler-embeddable-1.3.72.jar,C:\Users\Apolo\.gradle\caches\modules-2\files-2.1\org.jetbrains.kotlin\kotlin-daemon-embeddable\1.3.72\53bbaa2816dbf6bdb85f629451b1fcc88f2164d2\kotlin-daemon-embeddable-1.3.72.jar,C:\Users\Apolo\.gradle\caches\modules-2\files-2.1\org.jetbrains.kotlin\kotlin-reflect\1.3.72\86613e1a669a701b0c660bfd2af4f82a7ae11fca\kotlin-reflect-1.3.72.jar,C:\Users\Apolo\.gradle\caches\modules-2\files-2.1\org.jetbrains.kotlin\kotlin-script-runtime\1.3.72\657d8d34d91e1964b4439378c09933e840bfe8d5\kotlin-script-runtime-1.3.72.jar,C:\Users\Apolo\.gradle\caches\modules-2\files-2.1\org.jetbrains.kotlin\kotlin-stdlib-common\1.3.72\6ca8bee3d88957eaaaef077c41c908c9940492d8\kotlin-stdlib-common-1.3.72.jar,C:\Users\Apolo\.gradle\caches\modules-2\files-2.1\org.jetbrains.kotlin\kotlin-stdlib\1.3.72\8032138f12c0180bc4e51fe139d4c52b46db6109\kotlin-stdlib-1.3.72.jar,C:\Users\Apolo\.gradle\caches\modules-2\files-2.1\org.jetbrains\annotations\13.0\919f0dfe192fb4e063e7dacadee7f8bb9a2672a9\annotations-13.0.jar -P plugin:org.jetbrains.kotlin.android:configuration=rO0ABXeZAAAAAwAIZmVhdHVyZXMAAAABAA92aWV3cyxwYXJjZWxpemUAB3BhY2thZ2UAAAABABRhcG9sby52ZW5kZWRvcmVzLmNvbQAHdmFyaWFudAAAAAEARG1haW47QzpcQW5kcm9pZFxQcm95ZWN0b1xWZW5kZWRvcmVzS1RcQXBvbG9WZW5kZWRvclxhcHBcc3JjXG1haW5ccmVz C:\Android\Proyecto\VendedoresKT\ApoloVendedor\app\src\main\java\apolo\vendedores\com\configurar\AcercaDe.kt C:\Android\Proyecto\VendedoresKT\ApoloVendedor\app\src\main\java\apolo\vendedores\com\configurar\ActualizarVersion.kt C:\Android\Proyecto\VendedoresKT\ApoloVendedor\app\src\main\java\apolo\vendedores\com\configurar\CalcularClavePrueba.kt C:\Android\Proyecto\VendedoresKT\ApoloVendedor\app\src\main\java\apolo\vendedores\com\configurar\ConfigurarUsuario.kt C:\Android\Proyecto\VendedoresKT\ApoloVendedor\app\src\main\java\apolo\vendedores\com\informes\CorteDeStock.kt C:\Android\Proyecto\VendedoresKT\ApoloVendedor\app\src\main\java\apolo\vendedores\com\informes\EstadoDePedidos.kt C:\Android\Proyecto\VendedoresKT\ApoloVendedor\app\src\main\java\apolo\vendedores\com\informes\EvolucionDiariaDeVentas.kt C:\Android\Proyecto\VendedoresKT\ApoloVendedor\app\src\main\java\apolo\vendedores\com\informes\ListaDePrecios.kt C:\Android\Proyecto\VendedoresKT\ApoloVendedor\app\src\main\java\apolo\vendedores\com\informes\PedidosEnReparto.kt C:\Android\Proyecto\VendedoresKT\ApoloVendedor\app\src\main\java\apolo\vendedores\com\informes\PreciosModificados.kt C:\Android\Proyecto\VendedoresKT\ApoloVendedor\app\src\main\java\apolo\vendedores\com\informes\RebotesPorCliente.kt C:\Android\Proyecto\VendedoresKT\ApoloVendedor\app\src\main\java\apolo\vendedores\com\informes\RuteoSemanal.kt C:\Android\Proyecto\VendedoresKT\ApoloVendedor\app\src\main\java\apolo\vendedores\com\MainActivity.kt C:\Android\Proyecto\VendedoresKT\ApoloVendedor\app\src\main\java\apolo\vendedores\com\MainActivity2.kt C:\Android\Proyecto\VendedoresKT\ApoloVendedor\app\src\main\java\apolo\vendedores\com\menu\DialogoMenu.kt C:\Android\Proyecto\VendedoresKT\ApoloVendedor\app\src\main\java\apolo\vendedores\com\prueba\VentanaAuxiliar.kt C:\Android\Proyecto\VendedoresKT\ApoloVendedor\app\src\main\java\apolo\vendedores\com\reportes\AvanceDeComisiones.kt C:\Android\Proyecto\VendedoresKT\ApoloVendedor\app\src\main\java\apolo\vendedores\com\reportes\CanastaDeClientes.kt C:\Android\Proyecto\VendedoresKT\ApoloVendedor\app\src\main\java\apolo\vendedores\com\reportes\CanastaDeMarcas.kt C:\Android\Proyecto\VendedoresKT\ApoloVendedor\app\src\main\java\apolo\vendedores\com\reportes\CoberturaSemanal.kt C:\Android\Proyecto\VendedoresKT\ApoloVendedor\app\src\main\java\apolo\vendedores\com\reportes\ComprobantesPendientes.kt C:\Android\Proyecto\VendedoresKT\ApoloVendedor\app\src\main\java\apolo\vendedores\com\reportes\ExtractoDeSalario.kt C:\Android\Proyecto\VendedoresKT\ApoloVendedor\app\src\main\java\apolo\vendedores\com\reportes\ProduccionSemanal.kt C:\Android\Proyecto\VendedoresKT\ApoloVendedor\app\src\main\java\apolo\vendedores\com\reportes\SeguimientoDeVisitas.kt C:\Android\Proyecto\VendedoresKT\ApoloVendedor\app\src\main\java\apolo\vendedores\com\reportes\SubAvanceDeComisiones.kt C:\Android\Proyecto\VendedoresKT\ApoloVendedor\app\src\main\java\apolo\vendedores\com\reportes\SubVentasPorClientes.kt C:\Android\Proyecto\VendedoresKT\ApoloVendedor\app\src\main\java\apolo\vendedores\com\reportes\SubVentasPorMarcas.kt C:\Android\Proyecto\VendedoresKT\ApoloVendedor\app\src\main\java\apolo\vendedores\com\reportes\VariablesMensuales.kt C:\Android\Proyecto\VendedoresKT\ApoloVendedor\app\src\main\java\apolo\vendedores\com\reportes\VentasPorCliente.kt C:\Android\Proyecto\VendedoresKT\ApoloVendedor\app\src\main\java\apolo\vendedores\com\reportes\VentasPorMarca.kt C:\Android\Proyecto\VendedoresKT\ApoloVendedor\app\src\main\java\apolo\vendedores\com\utilidades\Adapter.kt C:\Android\Proyecto\VendedoresKT\ApoloVendedor\app\src\main\java\apolo\vendedores\com\utilidades\Clave.kt C:\Android\Proyecto\VendedoresKT\ApoloVendedor\app\src\main\java\apolo\vendedores\com\utilidades\ConexionWS.kt C:\Android\Proyecto\VendedoresKT\ApoloVendedor\app\src\main\java\apolo\vendedores\com\utilidades\ConsultasInicio.kt C:\Android\Proyecto\VendedoresKT\ApoloVendedor\app\src\main\java\apolo\vendedores\com\utilidades\DialogoAutorizacion.kt C:\Android\Proyecto\VendedoresKT\ApoloVendedor\app\src\main\java\apolo\vendedores\com\utilidades\DialogoBusqueda.kt C:\Android\Proyecto\VendedoresKT\ApoloVendedor\app\src\main\java\apolo\vendedores\com\utilidades\DialogoCalendario.kt C:\Android\Proyecto\VendedoresKT\ApoloVendedor\app\src\main\java\apolo\vendedores\com\utilidades\FuncionesConsultor.kt C:\Android\Proyecto\VendedoresKT\ApoloVendedor\app\src\main\java\apolo\vendedores\com\utilidades\FuncionesDispositivo.kt C:\Android\Proyecto\VendedoresKT\ApoloVendedor\app\src\main\java\apolo\vendedores\com\utilidades\FuncionesFoto.kt C:\Android\Proyecto\VendedoresKT\ApoloVendedor\app\src\main\java\apolo\vendedores\com\utilidades\FuncionesSpinner.kt C:\Android\Proyecto\VendedoresKT\ApoloVendedor\app\src\main\java\apolo\vendedores\com\utilidades\FuncionesUbicacion.kt C:\Android\Proyecto\VendedoresKT\ApoloVendedor\app\src\main\java\apolo\vendedores\com\utilidades\FuncionesUtiles.kt C:\Android\Proyecto\VendedoresKT\ApoloVendedor\app\src\main\java\apolo\vendedores\com\utilidades\GenericFileProvider.kt C:\Android\Proyecto\VendedoresKT\ApoloVendedor\app\src\main\java\apolo\vendedores\com\utilidades\Graficos.kt C:\Android\Proyecto\VendedoresKT\ApoloVendedor\app\src\main\java\apolo\vendedores\com\utilidades\ItemAbrir.kt C:\Android\Proyecto\VendedoresKT\ApoloVendedor\app\src\main\java\apolo\vendedores\com\utilidades\Mapa.kt C:\Android\Proyecto\VendedoresKT\ApoloVendedor\app\src\main\java\apolo\vendedores\com\utilidades\MapaCatastro.kt C:\Android\Proyecto\VendedoresKT\ApoloVendedor\app\src\main\java\apolo\vendedores\com\utilidades\SentenciasSQL.kt C:\Android\Proyecto\VendedoresKT\ApoloVendedor\app\src\main\java\apolo\vendedores\com\utilidades\Sincronizacion.kt C:\Android\Proyecto\VendedoresKT\ApoloVendedor\app\src\main\java\apolo\vendedores\com\utilidades\TablasSincronizacion.kt C:\Android\Proyecto\VendedoresKT\ApoloVendedor\app\src\main\java\apolo\vendedores\com\utilidades\UtilidadesBD.kt C:\Android\Proyecto\VendedoresKT\ApoloVendedor\app\src\main\java\apolo\vendedores\com\ventas\asistencia\EnviarMarcacion.kt C:\Android\Proyecto\VendedoresKT\ApoloVendedor\app\src\main\java\apolo\vendedores\com\ventas\asistencia\Marcacion.kt C:\Android\Proyecto\VendedoresKT\ApoloVendedor\app\src\main\java\apolo\vendedores\com\ventas\baja\Baja.kt C:\Android\Proyecto\VendedoresKT\ApoloVendedor\app\src\main\java\apolo\vendedores\com\ventas\baja\EnviarBaja.kt C:\Android\Proyecto\VendedoresKT\ApoloVendedor\app\src\main\java\apolo\vendedores\com\ventas\catastro\CatastrarCliente.kt C:\Android\Proyecto\VendedoresKT\ApoloVendedor\app\src\main\java\apolo\vendedores\com\ventas\ConsultaClientesNoPositivados.kt C:\Android\Proyecto\VendedoresKT\ApoloVendedor\app\src\main\java\apolo\vendedores\com\ventas\ConsultaDatosDeCliente.kt C:\Android\Proyecto\VendedoresKT\ApoloVendedor\app\src\main\java\apolo\vendedores\com\ventas\ConsultaPedidos.kt C:\Android\Proyecto\VendedoresKT\ApoloVendedor\app\src\main\java\apolo\vendedores\com\ventas\Deuda.kt C:\Android\Proyecto\VendedoresKT\ApoloVendedor\app\src\main\java\apolo\vendedores\com\ventas\DeudaDeClientes.kt C:\Android\Proyecto\VendedoresKT\ApoloVendedor\app\src\main\java\apolo\vendedores\com\ventas\DialogoPedidos.kt C:\Android\Proyecto\VendedoresKT\ApoloVendedor\app\src\main\java\apolo\vendedores\com\ventas\DialogoPromocion.kt C:\Android\Proyecto\VendedoresKT\ApoloVendedor\app\src\main\java\apolo\vendedores\com\ventas\EnviarModificacion.kt C:\Android\Proyecto\VendedoresKT\ApoloVendedor\app\src\main\java\apolo\vendedores\com\ventas\EnviarPedido.kt C:\Android\Proyecto\VendedoresKT\ApoloVendedor\app\src\main\java\apolo\vendedores\com\ventas\justificacion\NoVenta.kt C:\Android\Proyecto\VendedoresKT\ApoloVendedor\app\src\main\java\apolo\vendedores\com\ventas\ListaClientes.kt C:\Android\Proyecto\VendedoresKT\ApoloVendedor\app\src\main\java\apolo\vendedores\com\ventas\ModificarCliente.kt C:\Android\Proyecto\VendedoresKT\ApoloVendedor\app\src\main\java\apolo\vendedores\com\ventas\Pedidos.kt C:\Android\Proyecto\VendedoresKT\ApoloVendedor\app\src\main\java\apolo\vendedores\com\ventas\Promociones.kt C:\Android\Proyecto\VendedoresKT\ApoloVendedor\app\src\main\java\apolo\vendedores\com\ventas\Promotores.kt C:\Android\Proyecto\VendedoresKT\ApoloVendedor\app\src\main\java\apolo\vendedores\com\ventas\PromotoresBaja.kt C:\Android\Proyecto\VendedoresKT\ApoloVendedor\app\src\main\java\apolo\vendedores\com\ventas\PromotoresCatastro.kt C:\Android\Proyecto\VendedoresKT\ApoloVendedor\app\src\main\java\apolo\vendedores\com\ventas\sd\EnviarSD.kt C:\Android\Proyecto\VendedoresKT\ApoloVendedor\app\src\main\java\apolo\vendedores\com\ventas\sd\SolicitudDevolucion.kt

Host: Intel(R) Core(TM) i7-1065G7 CPU @ 1.30GHz, 8 cores, 7G,  Windows 10 , 64 bit Build 19041 (10.0.19041.1023)
Time: Fri Jun 18 14:48:58 2021 Hora estándar de Paraguay elapsed time: 3 seconds (0d 0h 0m 3s)

---------------  T H R E A D  ---------------

Current thread (0x00000220a27ac000):  JavaThread "C2 CompilerThread1" daemon [_thread_in_native, id=47196, stack(0x000000ebfd500000,0x000000ebfd600000)]


Current CompileTask:
C2:   3816 5481       4       org.jetbrains.kotlin.utils.DFS::doDfs (110 bytes)

Stack: [0x000000ebfd500000,0x000000ebfd600000]
Native frames: (J=compiled Java code, j=interpreted, Vv=VM code, C=native code)
V  [jvm.dll+0x5de50a]
V  [jvm.dll+0x7122f5]
V  [jvm.dll+0x71384d]
V  [jvm.dll+0x713f03]
V  [jvm.dll+0x23e728]
V  [jvm.dll+0xb899c]
V  [jvm.dll+0xb8e9c]
V  [jvm.dll+0x35024d]
V  [jvm.dll+0x31dea3]
V  [jvm.dll+0x31d39a]
V  [jvm.dll+0x1f7702]
V  [jvm.dll+0x1f68d4]
V  [jvm.dll+0x17f32c]
V  [jvm.dll+0x205047]
V  [jvm.dll+0x203891]
V  [jvm.dll+0x6dad3f]
V  [jvm.dll+0x6d3895]
V  [jvm.dll+0x5dd4a6]
C  [ucrtbase.dll+0x21bb2]
C  [KERNEL32.DLL+0x17034]
C  [ntdll.dll+0x52651]


---------------  P R O C E S S  ---------------

Threads class SMR info:
_java_thread_list=0x00000220a1c01fa0, length=12, elements={
0x0000022085cf3800, 0x00000220a1daf000, 0x00000220a1db5800, 0x00000220a25e2800,
0x00000220a25e4000, 0x00000220a25e6000, 0x00000220a25e9800, 0x00000220a25ea800,
0x00000220a278e800, 0x00000220a2799000, 0x00000220a27ac000, 0x00000220a2794000
}

Java Threads: ( => current thread )
  0x0000022085cf3800 JavaThread "main" [_thread_in_native, id=45212, stack(0x000000ebfc400000,0x000000ebfc500000)]
  0x00000220a1daf000 JavaThread "Reference Handler" daemon [_thread_blocked, id=31876, stack(0x000000ebfcb00000,0x000000ebfcc00000)]
  0x00000220a1db5800 JavaThread "Finalizer" daemon [_thread_blocked, id=45384, stack(0x000000ebfcc00000,0x000000ebfcd00000)]
  0x00000220a25e2800 JavaThread "Signal Dispatcher" daemon [_thread_blocked, id=40248, stack(0x000000ebfcd00000,0x000000ebfce00000)]
  0x00000220a25e4000 JavaThread "Attach Listener" daemon [_thread_blocked, id=38940, stack(0x000000ebfce00000,0x000000ebfcf00000)]
  0x00000220a25e6000 JavaThread "C2 CompilerThread0" daemon [_thread_blocked, id=40696, stack(0x000000ebfcf00000,0x000000ebfd000000)]
  0x00000220a25e9800 JavaThread "C1 CompilerThread0" daemon [_thread_in_vm, id=11860, stack(0x000000ebfd000000,0x000000ebfd100000)]
  0x00000220a25ea800 JavaThread "Sweeper thread" daemon [_thread_blocked, id=38440, stack(0x000000ebfd100000,0x000000ebfd200000)]
  0x00000220a278e800 JavaThread "Service Thread" daemon [_thread_blocked, id=41824, stack(0x000000ebfd200000,0x000000ebfd300000)]
  0x00000220a2799000 JavaThread "Common-Cleaner" daemon [_thread_blocked, id=44472, stack(0x000000ebfd400000,0x000000ebfd500000)]
=>0x00000220a27ac000 JavaThread "C2 CompilerThread1" daemon [_thread_in_native, id=47196, stack(0x000000ebfd500000,0x000000ebfd600000)]
  0x00000220a2794000 JavaThread "C2 CompilerThread2" daemon [_thread_blocked, id=42384, stack(0x000000ebfd600000,0x000000ebfd700000)]

Other Threads:
  0x00000220a1d9a800 VMThread "VM Thread" [stack: 0x000000ebfca00000,0x000000ebfcb00000] [id=46792]
  0x00000220a2791000 WatcherThread [stack: 0x000000ebfd300000,0x000000ebfd400000] [id=45024]
  0x0000022085d0a800 GCTaskThread "GC Thread#0" [stack: 0x000000ebfc500000,0x000000ebfc600000] [id=33424]
  0x00000220a2edb000 GCTaskThread "GC Thread#1" [stack: 0x000000ebfd700000,0x000000ebfd800000] [id=31600]
  0x00000220a2f05000 GCTaskThread "GC Thread#2" [stack: 0x000000ebfd800000,0x000000ebfd900000] [id=46440]
  0x0000022085d39000 ConcurrentGCThread "G1 Main Marker" [stack: 0x000000ebfc600000,0x000000ebfc700000] [id=40280]
  0x0000022085d3b800 ConcurrentGCThread "G1 Conc#0" [stack: 0x000000ebfc700000,0x000000ebfc800000] [id=45900]
  0x00000220a3a85800 ConcurrentGCThread "G1 Conc#1" [stack: 0x000000ebfd900000,0x000000ebfda00000] [id=44140]
  0x00000220a1bfd800 ConcurrentGCThread "G1 Refine#0" [stack: 0x000000ebfc800000,0x000000ebfc900000] [id=47256]
  0x00000220a75e5000 ConcurrentGCThread "G1 Refine#1" [stack: 0x000000ebfda00000,0x000000ebfdb00000] [id=46948]
  0x00000220a7ede000 ConcurrentGCThread "G1 Refine#2" [stack: 0x000000ebfdb00000,0x000000ebfdc00000] [id=43168]
  0x00000220a6777800 ConcurrentGCThread "G1 Refine#3" [stack: 0x000000ebfdc00000,0x000000ebfdd00000] [id=47544]
  0x00000220a1bff000 ConcurrentGCThread "G1 Young RemSet Sampling" [stack: 0x000000ebfc900000,0x000000ebfca00000] [id=42548]

Threads with active compile tasks:
C2 CompilerThread1   3837 5481       4       org.jetbrains.kotlin.utils.DFS::doDfs (110 bytes)

VM state:not at safepoint (normal execution)

VM Mutex/Monitor currently owned by a thread: None

Heap address: 0x0000000083600000, size: 1994 MB, Compressed Oops mode: 32-bit
Narrow klass base: 0x0000000000000000, Narrow klass shift: 3
Compressed class space size: 1073741824 Address: 0x0000000100000000

Heap:
 garbage-first heap   total 155648K, used 53217K [0x0000000083600000, 0x0000000100000000)
  region size 1024K, 26 young (26624K), 9 survivors (9216K)
 Metaspace       used 48725K, capacity 49262K, committed 49456K, reserved 1093632K
  class space    used 5644K, capacity 5853K, committed 5936K, reserved 1048576K
Heap Regions: E=young(eden), S=young(survivor), O=old, HS=humongous(starts), HC=humongous(continues), CS=collection set, F=free, A=archive, TAMS=top-at-mark-start (previous, next)
|   0|0x0000000083600000, 0x0000000083700000, 0x0000000083700000|100%|HS|  |TAMS 0x0000000083700000, 0x0000000083600000| Complete 
|   1|0x0000000083700000, 0x0000000083800000, 0x0000000083800000|100%|HC|  |TAMS 0x0000000083800000, 0x0000000083700000| Complete 
|   2|0x0000000083800000, 0x0000000083900000, 0x0000000083900000|100%|HC|  |TAMS 0x0000000083900000, 0x0000000083800000| Complete 
|   3|0x0000000083900000, 0x0000000083a00000, 0x0000000083a00000|100%| O|  |TAMS 0x0000000083a00000, 0x0000000083900000| Untracked 
|   4|0x0000000083a00000, 0x0000000083b00000, 0x0000000083b00000|100%| O|  |TAMS 0x0000000083b00000, 0x0000000083a00000| Untracked 
|   5|0x0000000083b00000, 0x0000000083c00000, 0x0000000083c00000|100%| O|  |TAMS 0x0000000083c00000, 0x0000000083b00000| Untracked 
|   6|0x0000000083c00000, 0x0000000083d00000, 0x0000000083d00000|100%| O|  |TAMS 0x0000000083d00000, 0x0000000083c00000| Untracked 
|   7|0x0000000083d00000, 0x0000000083e00000, 0x0000000083e00000|100%| O|  |TAMS 0x0000000083d00000, 0x0000000083d00000| Untracked 
|   8|0x0000000083e00000, 0x0000000083f00000, 0x0000000083f00000|100%| O|  |TAMS 0x0000000083e00000, 0x0000000083e00000| Untracked 
|   9|0x0000000083f00000, 0x0000000084000000, 0x0000000084000000|100%|HS|  |TAMS 0x0000000084000000, 0x0000000083f00000| Complete 
|  10|0x0000000084000000, 0x0000000084100000, 0x0000000084100000|100%|HC|  |TAMS 0x0000000084100000, 0x0000000084000000| Complete 
|  11|0x0000000084100000, 0x0000000084200000, 0x0000000084200000|100%| O|  |TAMS 0x0000000084200000, 0x0000000084100000| Untracked 
|  12|0x0000000084200000, 0x0000000084300000, 0x0000000084300000|100%| O|  |TAMS 0x0000000084300000, 0x0000000084200000| Untracked 
|  13|0x0000000084300000, 0x0000000084400000, 0x0000000084400000|100%| O|  |TAMS 0x0000000084400000, 0x0000000084300000| Untracked 
|  14|0x0000000084400000, 0x0000000084500000, 0x0000000084500000|100%| O|  |TAMS 0x0000000084400000, 0x0000000084400000| Untracked 
|  15|0x0000000084500000, 0x0000000084600000, 0x0000000084600000|100%| O|  |TAMS 0x0000000084500000, 0x0000000084500000| Untracked 
|  16|0x0000000084600000, 0x0000000084700000, 0x0000000084700000|100%| O|  |TAMS 0x0000000084600000, 0x0000000084600000| Untracked 
|  17|0x0000000084700000, 0x0000000084800000, 0x0000000084800000|100%| O|  |TAMS 0x0000000084700000, 0x0000000084700000| Untracked 
|  18|0x0000000084800000, 0x0000000084900000, 0x0000000084900000|100%| O|  |TAMS 0x0000000084800000, 0x0000000084800000| Untracked 
|  19|0x0000000084900000, 0x0000000084a00000, 0x0000000084a00000|100%| O|  |TAMS 0x0000000084900000, 0x0000000084900000| Untracked 
|  20|0x0000000084a00000, 0x0000000084a00000, 0x0000000084b00000|  0%| F|  |TAMS 0x0000000084a00000, 0x0000000084a00000| Untracked 
|  21|0x0000000084b00000, 0x0000000084c00000, 0x0000000084c00000|100%| O|  |TAMS 0x0000000084b00000, 0x0000000084b00000| Untracked 
|  22|0x0000000084c00000, 0x0000000084d00000, 0x0000000084d00000|100%| O|  |TAMS 0x0000000084c00000, 0x0000000084c00000| Untracked 
|  23|0x0000000084d00000, 0x0000000084e00000, 0x0000000084e00000|100%| O|  |TAMS 0x0000000084d00000, 0x0000000084d00000| Untracked 
|  24|0x0000000084e00000, 0x0000000084f00000, 0x0000000084f00000|100%| O|  |TAMS 0x0000000084e00000, 0x0000000084e00000| Untracked 
|  25|0x0000000084f00000, 0x0000000085000000, 0x0000000085000000|100%| O|  |TAMS 0x0000000084f00000, 0x0000000084f00000| Untracked 
|  26|0x0000000085000000, 0x0000000085100000, 0x0000000085100000|100%| O|  |TAMS 0x0000000085000000, 0x0000000085000000| Untracked 
|  27|0x0000000085100000, 0x0000000085200000, 0x0000000085200000|100%| O|  |TAMS 0x0000000085100000, 0x0000000085100000| Untracked 
|  28|0x0000000085200000, 0x0000000085266800, 0x0000000085300000| 40%| O|  |TAMS 0x0000000085200000, 0x0000000085200000| Untracked 
|  29|0x0000000085300000, 0x0000000085300000, 0x0000000085400000|  0%| F|  |TAMS 0x0000000085300000, 0x0000000085300000| Untracked 
|  30|0x0000000085400000, 0x0000000085400000, 0x0000000085500000|  0%| F|  |TAMS 0x0000000085400000, 0x0000000085400000| Untracked 
|  31|0x0000000085500000, 0x0000000085500000, 0x0000000085600000|  0%| F|  |TAMS 0x0000000085500000, 0x0000000085500000| Untracked 
|  32|0x0000000085600000, 0x0000000085600000, 0x0000000085700000|  0%| F|  |TAMS 0x0000000085600000, 0x0000000085600000| Untracked 
|  33|0x0000000085700000, 0x0000000085700000, 0x0000000085800000|  0%| F|  |TAMS 0x0000000085700000, 0x0000000085700000| Untracked 
|  34|0x0000000085800000, 0x0000000085800000, 0x0000000085900000|  0%| F|  |TAMS 0x0000000085800000, 0x0000000085800000| Untracked 
|  35|0x0000000085900000, 0x0000000085900000, 0x0000000085a00000|  0%| F|  |TAMS 0x0000000085900000, 0x0000000085900000| Untracked 
|  36|0x0000000085a00000, 0x0000000085a00000, 0x0000000085b00000|  0%| F|  |TAMS 0x0000000085a00000, 0x0000000085a00000| Untracked 
|  37|0x0000000085b00000, 0x0000000085b00000, 0x0000000085c00000|  0%| F|  |TAMS 0x0000000085b00000, 0x0000000085b00000| Untracked 
|  38|0x0000000085c00000, 0x0000000085c00000, 0x0000000085d00000|  0%| F|  |TAMS 0x0000000085c00000, 0x0000000085c00000| Untracked 
|  39|0x0000000085d00000, 0x0000000085d00000, 0x0000000085e00000|  0%| F|  |TAMS 0x0000000085d00000, 0x0000000085d00000| Untracked 
|  40|0x0000000085e00000, 0x0000000085e00000, 0x0000000085f00000|  0%| F|  |TAMS 0x0000000085e00000, 0x0000000085e00000| Untracked 
|  41|0x0000000085f00000, 0x0000000085f00000, 0x0000000086000000|  0%| F|  |TAMS 0x0000000085f00000, 0x0000000085f00000| Untracked 
|  42|0x0000000086000000, 0x0000000086000000, 0x0000000086100000|  0%| F|  |TAMS 0x0000000086000000, 0x0000000086000000| Untracked 
|  43|0x0000000086100000, 0x0000000086100000, 0x0000000086200000|  0%| F|  |TAMS 0x0000000086100000, 0x0000000086100000| Untracked 
|  44|0x0000000086200000, 0x0000000086200000, 0x0000000086300000|  0%| F|  |TAMS 0x0000000086200000, 0x0000000086200000| Untracked 
|  45|0x0000000086300000, 0x0000000086300000, 0x0000000086400000|  0%| F|  |TAMS 0x0000000086300000, 0x0000000086300000| Untracked 
|  46|0x0000000086400000, 0x0000000086400000, 0x0000000086500000|  0%| F|  |TAMS 0x0000000086400000, 0x0000000086400000| Untracked 
|  47|0x0000000086500000, 0x0000000086500000, 0x0000000086600000|  0%| F|  |TAMS 0x0000000086500000, 0x0000000086500000| Untracked 
|  48|0x0000000086600000, 0x0000000086600000, 0x0000000086700000|  0%| F|  |TAMS 0x0000000086600000, 0x0000000086600000| Untracked 
|  49|0x0000000086700000, 0x0000000086700000, 0x0000000086800000|  0%| F|  |TAMS 0x0000000086700000, 0x0000000086700000| Untracked 
|  50|0x0000000086800000, 0x0000000086800000, 0x0000000086900000|  0%| F|  |TAMS 0x0000000086800000, 0x0000000086800000| Untracked 
|  51|0x0000000086900000, 0x0000000086900000, 0x0000000086a00000|  0%| F|  |TAMS 0x0000000086900000, 0x0000000086900000| Untracked 
|  52|0x0000000086a00000, 0x0000000086a00000, 0x0000000086b00000|  0%| F|  |TAMS 0x0000000086a00000, 0x0000000086a00000| Untracked 
|  53|0x0000000086b00000, 0x0000000086b00000, 0x0000000086c00000|  0%| F|  |TAMS 0x0000000086b00000, 0x0000000086b00000| Untracked 
|  54|0x0000000086c00000, 0x0000000086c00000, 0x0000000086d00000|  0%| F|  |TAMS 0x0000000086c00000, 0x0000000086c00000| Untracked 
|  55|0x0000000086d00000, 0x0000000086d00000, 0x0000000086e00000|  0%| F|  |TAMS 0x0000000086d00000, 0x0000000086d00000| Untracked 
|  56|0x0000000086e00000, 0x0000000086e00000, 0x0000000086f00000|  0%| F|  |TAMS 0x0000000086e00000, 0x0000000086e00000| Untracked 
|  57|0x0000000086f00000, 0x0000000086f00000, 0x0000000087000000|  0%| F|  |TAMS 0x0000000086f00000, 0x0000000086f00000| Untracked 
|  58|0x0000000087000000, 0x0000000087000000, 0x0000000087100000|  0%| F|  |TAMS 0x0000000087000000, 0x0000000087000000| Untracked 
|  59|0x0000000087100000, 0x0000000087100000, 0x0000000087200000|  0%| F|  |TAMS 0x0000000087100000, 0x0000000087100000| Untracked 
|  60|0x0000000087200000, 0x0000000087200000, 0x0000000087300000|  0%| F|  |TAMS 0x0000000087200000, 0x0000000087200000| Untracked 
|  61|0x0000000087300000, 0x0000000087300000, 0x0000000087400000|  0%| F|  |TAMS 0x0000000087300000, 0x0000000087300000| Untracked 
|  62|0x0000000087400000, 0x0000000087400000, 0x0000000087500000|  0%| F|  |TAMS 0x0000000087400000, 0x0000000087400000| Untracked 
|  63|0x0000000087500000, 0x0000000087500000, 0x0000000087600000|  0%| F|  |TAMS 0x0000000087500000, 0x0000000087500000| Untracked 
|  64|0x0000000087600000, 0x0000000087600000, 0x0000000087700000|  0%| F|  |TAMS 0x0000000087600000, 0x0000000087600000| Untracked 
|  65|0x0000000087700000, 0x0000000087700000, 0x0000000087800000|  0%| F|  |TAMS 0x0000000087700000, 0x0000000087700000| Untracked 
|  66|0x0000000087800000, 0x0000000087800000, 0x0000000087900000|  0%| F|  |TAMS 0x0000000087800000, 0x0000000087800000| Untracked 
|  67|0x0000000087900000, 0x0000000087900000, 0x0000000087a00000|  0%| F|  |TAMS 0x0000000087900000, 0x0000000087900000| Untracked 
|  68|0x0000000087a00000, 0x0000000087a00000, 0x0000000087b00000|  0%| F|  |TAMS 0x0000000087a00000, 0x0000000087a00000| Untracked 
|  69|0x0000000087b00000, 0x0000000087b00000, 0x0000000087c00000|  0%| F|  |TAMS 0x0000000087b00000, 0x0000000087b00000| Untracked 
|  70|0x0000000087c00000, 0x0000000087c00000, 0x0000000087d00000|  0%| F|  |TAMS 0x0000000087c00000, 0x0000000087c00000| Untracked 
|  71|0x0000000087d00000, 0x0000000087d00000, 0x0000000087e00000|  0%| F|  |TAMS 0x0000000087d00000, 0x0000000087d00000| Untracked 
|  72|0x0000000087e00000, 0x0000000087e00000, 0x0000000087f00000|  0%| F|  |TAMS 0x0000000087e00000, 0x0000000087e00000| Untracked 
|  73|0x0000000087f00000, 0x0000000087f00000, 0x0000000088000000|  0%| F|  |TAMS 0x0000000087f00000, 0x0000000087f00000| Untracked 
|  74|0x0000000088000000, 0x0000000088000000, 0x0000000088100000|  0%| F|  |TAMS 0x0000000088000000, 0x0000000088000000| Untracked 
|  75|0x0000000088100000, 0x0000000088100000, 0x0000000088200000|  0%| F|  |TAMS 0x0000000088100000, 0x0000000088100000| Untracked 
|  76|0x0000000088200000, 0x0000000088200000, 0x0000000088300000|  0%| F|  |TAMS 0x0000000088200000, 0x0000000088200000| Untracked 
|  77|0x0000000088300000, 0x0000000088300000, 0x0000000088400000|  0%| F|  |TAMS 0x0000000088300000, 0x0000000088300000| Untracked 
|  78|0x0000000088400000, 0x0000000088400000, 0x0000000088500000|  0%| F|  |TAMS 0x0000000088400000, 0x0000000088400000| Untracked 
|  79|0x0000000088500000, 0x0000000088500000, 0x0000000088600000|  0%| F|  |TAMS 0x0000000088500000, 0x0000000088500000| Untracked 
|  80|0x0000000088600000, 0x0000000088600000, 0x0000000088700000|  0%| F|  |TAMS 0x0000000088600000, 0x0000000088600000| Untracked 
|  81|0x0000000088700000, 0x0000000088700000, 0x0000000088800000|  0%| F|  |TAMS 0x0000000088700000, 0x0000000088700000| Untracked 
|  82|0x0000000088800000, 0x0000000088800000, 0x0000000088900000|  0%| F|  |TAMS 0x0000000088800000, 0x0000000088800000| Untracked 
|  83|0x0000000088900000, 0x0000000088900000, 0x0000000088a00000|  0%| F|  |TAMS 0x0000000088900000, 0x0000000088900000| Untracked 
|  84|0x0000000088a00000, 0x0000000088a91c38, 0x0000000088b00000| 56%| S|CS|TAMS 0x0000000088a00000, 0x0000000088a00000| Complete 
|  85|0x0000000088b00000, 0x0000000088c00000, 0x0000000088c00000|100%| S|CS|TAMS 0x0000000088b00000, 0x0000000088b00000| Complete 
|  86|0x0000000088c00000, 0x0000000088d00000, 0x0000000088d00000|100%| S|CS|TAMS 0x0000000088c00000, 0x0000000088c00000| Complete 
|  87|0x0000000088d00000, 0x0000000088e00000, 0x0000000088e00000|100%| S|CS|TAMS 0x0000000088d00000, 0x0000000088d00000| Complete 
|  88|0x0000000088e00000, 0x0000000088f00000, 0x0000000088f00000|100%| S|CS|TAMS 0x0000000088e00000, 0x0000000088e00000| Complete 
|  89|0x0000000088f00000, 0x0000000089000000, 0x0000000089000000|100%| S|CS|TAMS 0x0000000088f00000, 0x0000000088f00000| Complete 
|  90|0x0000000089000000, 0x0000000089100000, 0x0000000089100000|100%| S|CS|TAMS 0x0000000089000000, 0x0000000089000000| Complete 
|  91|0x0000000089100000, 0x0000000089200000, 0x0000000089200000|100%| S|CS|TAMS 0x0000000089100000, 0x0000000089100000| Complete 
|  92|0x0000000089200000, 0x0000000089300000, 0x0000000089300000|100%| S|CS|TAMS 0x0000000089200000, 0x0000000089200000| Complete 
|  93|0x0000000089300000, 0x0000000089300000, 0x0000000089400000|  0%| F|  |TAMS 0x0000000089300000, 0x0000000089300000| Untracked 
|  94|0x0000000089400000, 0x0000000089400000, 0x0000000089500000|  0%| F|  |TAMS 0x0000000089400000, 0x0000000089400000| Untracked 
|  95|0x0000000089500000, 0x0000000089500000, 0x0000000089600000|  0%| F|  |TAMS 0x0000000089500000, 0x0000000089500000| Untracked 
|  96|0x0000000089600000, 0x0000000089600000, 0x0000000089700000|  0%| F|  |TAMS 0x0000000089600000, 0x0000000089600000| Untracked 
|  97|0x0000000089700000, 0x0000000089700000, 0x0000000089800000|  0%| F|  |TAMS 0x0000000089700000, 0x0000000089700000| Untracked 
|  98|0x0000000089800000, 0x0000000089800000, 0x0000000089900000|  0%| F|  |TAMS 0x0000000089800000, 0x0000000089800000| Untracked 
|  99|0x0000000089900000, 0x0000000089900000, 0x0000000089a00000|  0%| F|  |TAMS 0x0000000089900000, 0x0000000089900000| Untracked 
| 100|0x0000000089a00000, 0x0000000089a00000, 0x0000000089b00000|  0%| F|  |TAMS 0x0000000089a00000, 0x0000000089a00000| Untracked 
| 101|0x0000000089b00000, 0x0000000089b00000, 0x0000000089c00000|  0%| F|  |TAMS 0x0000000089b00000, 0x0000000089b00000| Untracked 
| 102|0x0000000089c00000, 0x0000000089c00000, 0x0000000089d00000|  0%| F|  |TAMS 0x0000000089c00000, 0x0000000089c00000| Untracked 
| 103|0x0000000089d00000, 0x0000000089d00000, 0x0000000089e00000|  0%| F|  |TAMS 0x0000000089d00000, 0x0000000089d00000| Untracked 
| 104|0x0000000089e00000, 0x0000000089e00000, 0x0000000089f00000|  0%| F|  |TAMS 0x0000000089e00000, 0x0000000089e00000| Untracked 
| 105|0x0000000089f00000, 0x0000000089f00000, 0x000000008a000000|  0%| F|  |TAMS 0x0000000089f00000, 0x0000000089f00000| Untracked 
| 106|0x000000008a000000, 0x000000008a000000, 0x000000008a100000|  0%| F|  |TAMS 0x000000008a000000, 0x000000008a000000| Untracked 
| 107|0x000000008a100000, 0x000000008a100000, 0x000000008a200000|  0%| F|  |TAMS 0x000000008a100000, 0x000000008a100000| Untracked 
| 108|0x000000008a200000, 0x000000008a200000, 0x000000008a300000|  0%| F|  |TAMS 0x000000008a200000, 0x000000008a200000| Untracked 
| 109|0x000000008a300000, 0x000000008a300000, 0x000000008a400000|  0%| F|  |TAMS 0x000000008a300000, 0x000000008a300000| Untracked 
| 110|0x000000008a400000, 0x000000008a400000, 0x000000008a500000|  0%| F|  |TAMS 0x000000008a400000, 0x000000008a400000| Untracked 
| 111|0x000000008a500000, 0x000000008a500000, 0x000000008a600000|  0%| F|  |TAMS 0x000000008a500000, 0x000000008a500000| Untracked 
| 112|0x000000008a600000, 0x000000008a600000, 0x000000008a700000|  0%| F|  |TAMS 0x000000008a600000, 0x000000008a600000| Untracked 
| 113|0x000000008a700000, 0x000000008a700000, 0x000000008a800000|  0%| F|  |TAMS 0x000000008a700000, 0x000000008a700000| Untracked 
| 114|0x000000008a800000, 0x000000008a800000, 0x000000008a900000|  0%| F|  |TAMS 0x000000008a800000, 0x000000008a800000| Untracked 
| 115|0x000000008a900000, 0x000000008a900000, 0x000000008aa00000|  0%| F|  |TAMS 0x000000008a900000, 0x000000008a900000| Untracked 
| 116|0x000000008aa00000, 0x000000008aa00000, 0x000000008ab00000|  0%| F|  |TAMS 0x000000008aa00000, 0x000000008aa00000| Untracked 
| 117|0x000000008ab00000, 0x000000008ab00000, 0x000000008ac00000|  0%| F|  |TAMS 0x000000008ab00000, 0x000000008ab00000| Untracked 
| 118|0x000000008ac00000, 0x000000008ac00000, 0x000000008ad00000|  0%| F|  |TAMS 0x000000008ac00000, 0x000000008ac00000| Untracked 
| 119|0x000000008ad00000, 0x000000008ad00000, 0x000000008ae00000|  0%| F|  |TAMS 0x000000008ad00000, 0x000000008ad00000| Untracked 
| 120|0x000000008ae00000, 0x000000008ae00000, 0x000000008af00000|  0%| F|  |TAMS 0x000000008ae00000, 0x000000008ae00000| Untracked 
| 121|0x000000008af00000, 0x000000008af00000, 0x000000008b000000|  0%| F|  |TAMS 0x000000008af00000, 0x000000008af00000| Untracked 
| 122|0x000000008b000000, 0x000000008b000000, 0x000000008b100000|  0%| F|  |TAMS 0x000000008b000000, 0x000000008b000000| Untracked 
| 123|0x000000008b100000, 0x000000008b100000, 0x000000008b200000|  0%| F|  |TAMS 0x000000008b100000, 0x000000008b100000| Untracked 
| 124|0x000000008b200000, 0x000000008b200000, 0x000000008b300000|  0%| F|  |TAMS 0x000000008b200000, 0x000000008b200000| Untracked 
| 125|0x000000008b300000, 0x000000008b300000, 0x000000008b400000|  0%| F|  |TAMS 0x000000008b300000, 0x000000008b300000| Untracked 
| 126|0x000000008b400000, 0x000000008b400000, 0x000000008b500000|  0%| F|  |TAMS 0x000000008b400000, 0x000000008b400000| Untracked 
| 127|0x000000008b500000, 0x000000008b500000, 0x000000008b600000|  0%| F|  |TAMS 0x000000008b500000, 0x000000008b500000| Untracked 
| 128|0x000000008b600000, 0x000000008b600000, 0x000000008b700000|  0%| F|  |TAMS 0x000000008b600000, 0x000000008b600000| Untracked 
| 129|0x000000008b700000, 0x000000008b700000, 0x000000008b800000|  0%| F|  |TAMS 0x000000008b700000, 0x000000008b700000| Untracked 
| 130|0x000000008b800000, 0x000000008b800000, 0x000000008b900000|  0%| F|  |TAMS 0x000000008b800000, 0x000000008b800000| Untracked 
| 131|0x000000008b900000, 0x000000008b900000, 0x000000008ba00000|  0%| F|  |TAMS 0x000000008b900000, 0x000000008b900000| Untracked 
| 132|0x000000008ba00000, 0x000000008ba00000, 0x000000008bb00000|  0%| F|  |TAMS 0x000000008ba00000, 0x000000008ba00000| Untracked 
| 133|0x000000008bb00000, 0x000000008bb00000, 0x000000008bc00000|  0%| F|  |TAMS 0x000000008bb00000, 0x000000008bb00000| Untracked 
| 134|0x000000008bc00000, 0x000000008bc00000, 0x000000008bd00000|  0%| F|  |TAMS 0x000000008bc00000, 0x000000008bc00000| Untracked 
| 135|0x000000008bd00000, 0x000000008bd80800, 0x000000008be00000| 50%| E|  |TAMS 0x000000008bd00000, 0x000000008bd00000| Complete 
| 136|0x000000008be00000, 0x000000008bf00000, 0x000000008bf00000|100%| E|CS|TAMS 0x000000008be00000, 0x000000008be00000| Complete 
| 137|0x000000008bf00000, 0x000000008c000000, 0x000000008c000000|100%| E|CS|TAMS 0x000000008bf00000, 0x000000008bf00000| Complete 
| 138|0x000000008c000000, 0x000000008c100000, 0x000000008c100000|100%| E|CS|TAMS 0x000000008c000000, 0x000000008c000000| Complete 
| 139|0x000000008c100000, 0x000000008c200000, 0x000000008c200000|100%| E|CS|TAMS 0x000000008c100000, 0x000000008c100000| Complete 
| 140|0x000000008c200000, 0x000000008c300000, 0x000000008c300000|100%| E|CS|TAMS 0x000000008c200000, 0x000000008c200000| Complete 
| 141|0x000000008c300000, 0x000000008c400000, 0x000000008c400000|100%| E|CS|TAMS 0x000000008c300000, 0x000000008c300000| Complete 
| 142|0x000000008c400000, 0x000000008c500000, 0x000000008c500000|100%| E|CS|TAMS 0x000000008c400000, 0x000000008c400000| Complete 
| 143|0x000000008c500000, 0x000000008c600000, 0x000000008c600000|100%| E|CS|TAMS 0x000000008c500000, 0x000000008c500000| Complete 
| 144|0x000000008c600000, 0x000000008c700000, 0x000000008c700000|100%| E|CS|TAMS 0x000000008c600000, 0x000000008c600000| Complete 
| 145|0x000000008c700000, 0x000000008c800000, 0x000000008c800000|100%| E|CS|TAMS 0x000000008c700000, 0x000000008c700000| Complete 
| 146|0x000000008c800000, 0x000000008c900000, 0x000000008c900000|100%| E|CS|TAMS 0x000000008c800000, 0x000000008c800000| Complete 
| 147|0x000000008c900000, 0x000000008ca00000, 0x000000008ca00000|100%| E|CS|TAMS 0x000000008c900000, 0x000000008c900000| Complete 
| 148|0x000000008ca00000, 0x000000008cb00000, 0x000000008cb00000|100%| E|CS|TAMS 0x000000008ca00000, 0x000000008ca00000| Complete 
| 149|0x000000008cb00000, 0x000000008cc00000, 0x000000008cc00000|100%| E|CS|TAMS 0x000000008cb00000, 0x000000008cb00000| Complete 
| 150|0x000000008cc00000, 0x000000008cd00000, 0x000000008cd00000|100%| E|CS|TAMS 0x000000008cc00000, 0x000000008cc00000| Complete 
| 151|0x000000008cd00000, 0x000000008ce00000, 0x000000008ce00000|100%| E|CS|TAMS 0x000000008cd00000, 0x000000008cd00000| Complete 

Card table byte_map: [0x000002209ac70000,0x000002209b060000] _byte_map_base: 0x000002209a855000

Marking Bits (Prev, Next): (CMBitMap*) 0x0000022085d30608, (CMBitMap*) 0x0000022085d30640
 Prev Bits: [0x000002209b450000, 0x000002209d378000)
 Next Bits: [0x000002209d380000, 0x000002209f2a8000)

Polling page: 0x0000022087550000

Metaspace:

Usage:
  Non-class:     42.39 MB capacity,    42.08 MB (>99%) used,   248.85 KB ( <1%) free+waste,    70.50 KB ( <1%) overhead. 
      Class:      5.72 MB capacity,     5.51 MB ( 96%) used,   178.92 KB (  3%) free+waste,    29.19 KB ( <1%) overhead. 
       Both:     48.11 MB capacity,    47.59 MB ( 99%) used,   427.77 KB ( <1%) free+waste,    99.69 KB ( <1%) overhead. 

Virtual space:
  Non-class space:       44.00 MB reserved,      42.50 MB ( 97%) committed 
      Class space:        1.00 GB reserved,       5.80 MB ( <1%) committed 
             Both:        1.04 GB reserved,      48.30 MB (  5%) committed 

Chunk freelists:
   Non-Class:  47.00 KB
       Class:  3.00 KB
        Both:  50.00 KB

MaxMetaspaceSize: 17179869184.00 GB
CompressedClassSpaceSize: 1.00 GB

CodeHeap 'non-profiled nmethods': size=120000Kb used=2868Kb max_used=2868Kb free=117131Kb
 bounds [0x00000220928e0000, 0x0000022092bb0000, 0x0000022099e10000]
CodeHeap 'profiled nmethods': size=120000Kb used=12121Kb max_used=12121Kb free=107878Kb
 bounds [0x000002208b3b0000, 0x000002208bf90000, 0x00000220928e0000]
CodeHeap 'non-nmethods': size=5760Kb used=1172Kb max_used=1246Kb free=4587Kb
 bounds [0x000002208ae10000, 0x000002208b080000, 0x000002208b3b0000]
 total_blobs=6245 nmethods=5745 adapters=410
 compilation: enabled
              stopped_count=0, restarted_count=0
 full_count=0

Compilation events (20 events):
Event: 3.796 Thread 0x00000220a2794000 nmethod 5688 0x0000022092ba2090 code [0x0000022092ba2220, 0x0000022092ba25f8]
Event: 3.797 Thread 0x00000220a25e9800 5695       3       org.jetbrains.kotlin.builtins.KotlinBuiltIns::getBuiltInClassByName (35 bytes)
Event: 3.798 Thread 0x00000220a25e9800 nmethod 5695 0x000002208bf54590 code [0x000002208bf547c0, 0x000002208bf54e48]
Event: 3.798 Thread 0x00000220a25e9800 5696       3       org.jetbrains.kotlin.util.slicedMap.OpenAddressLinearProbingHashTable::forEach (70 bytes)
Event: 3.798 Thread 0x00000220a25e9800 nmethod 5696 0x000002208bf55090 code [0x000002208bf552a0, 0x000002208bf557c8]
Event: 3.798 Thread 0x00000220a25e6000 5697       4       org.jetbrains.kotlin.name.FqNameUnsafe::shortName (56 bytes)
Event: 3.799 Thread 0x00000220a25e9800 5698       3       org.jetbrains.kotlin.com.intellij.psi.impl.source.PsiFileImpl::getTreeElement (30 bytes)
Event: 3.800 Thread 0x00000220a25e9800 nmethod 5698 0x000002208bf55a10 code [0x000002208bf55c40, 0x000002208bf56338]
Event: 3.800 Thread 0x00000220a2794000 5699       4       org.jetbrains.kotlin.com.intellij.util.keyFMap.ArrayBackedFMap::get (33 bytes)
Event: 3.802 Thread 0x00000220a2794000 nmethod 5699 0x0000022092ba2790 code [0x0000022092ba2920, 0x0000022092ba2a78]
Event: 3.802 Thread 0x00000220a2794000 5700       4       java.util.AbstractList$ListItr::previousIndex (7 bytes)
Event: 3.802 Thread 0x00000220a2794000 nmethod 5700 0x0000022092ba2c10 code [0x0000022092ba2da0, 0x0000022092ba2e18]
Event: 3.803 Thread 0x00000220a25e9800 5701       3       org.jetbrains.kotlin.resolve.lazy.descriptors.AbstractLazyMemberScope::doGetFunctions (41 bytes)
Event: 3.803 Thread 0x00000220a25e9800 nmethod 5701 0x000002208bf56510 code [0x000002208bf567a0, 0x000002208bf57278]
Event: 3.803 Thread 0x00000220a25e9800 5705       3       org.jetbrains.kotlin.resolve.lazy.descriptors.AbstractLazyMemberScope::getDeclaredFunctions (264 bytes)
Event: 3.805 Thread 0x00000220a2794000 5709       4       org.jetbrains.kotlin.load.java.lazy.LazyJavaResolverContext::getStorageManager (8 bytes)
Event: 3.805 Thread 0x00000220a25e9800 nmethod 5705 0x000002208bf57610 code [0x000002208bf57b80, 0x000002208bf5a968]
Event: 3.805 Thread 0x00000220a25e9800 5708 %     3       org.jetbrains.org.objectweb.asm.ClassReader::accept @ 1223 (1250 bytes)
Event: 3.805 Thread 0x00000220a2794000 nmethod 5709 0x0000022092ba2e90 code [0x0000022092ba3020, 0x0000022092ba3098]
Event: 3.806 Thread 0x00000220a2794000 5710       4       org.jetbrains.kotlin.storage.LockBasedLazyResolveStorageManager$LockProtectedTrace::record (31 bytes)

GC Heap History (12 events):
Event: 0.425 GC heap before
{Heap before GC invocations=0 (full 0):
 garbage-first heap   total 129024K, used 27648K [0x0000000083600000, 0x0000000100000000)
  region size 1024K, 24 young (24576K), 0 survivors (0K)
 Metaspace       used 12502K, capacity 12622K, committed 12800K, reserved 1060864K
  class space    used 1207K, capacity 1248K, committed 1280K, reserved 1048576K
}
Event: 0.428 GC heap after
{Heap after GC invocations=1 (full 0):
 garbage-first heap   total 129024K, used 6290K [0x0000000083600000, 0x0000000100000000)
  region size 1024K, 3 young (3072K), 3 survivors (3072K)
 Metaspace       used 12502K, capacity 12622K, committed 12800K, reserved 1060864K
  class space    used 1207K, capacity 1248K, committed 1280K, reserved 1048576K
}
Event: 0.881 GC heap before
{Heap before GC invocations=1 (full 0):
 garbage-first heap   total 129024K, used 40082K [0x0000000083600000, 0x0000000100000000)
  region size 1024K, 37 young (37888K), 3 survivors (3072K)
 Metaspace       used 20828K, capacity 21058K, committed 21296K, reserved 1069056K
  class space    used 2234K, capacity 2315K, committed 2352K, reserved 1048576K
}
Event: 0.888 GC heap after
{Heap after GC invocations=2 (full 0):
 garbage-first heap   total 129024K, used 9476K [0x0000000083600000, 0x0000000100000000)
  region size 1024K, 7 young (7168K), 7 survivors (7168K)
 Metaspace       used 20828K, capacity 21058K, committed 21296K, reserved 1069056K
  class space    used 2234K, capacity 2315K, committed 2352K, reserved 1048576K
}
Event: 1.562 GC heap before
{Heap before GC invocations=3 (full 0):
 garbage-first heap   total 129024K, used 61700K [0x0000000083600000, 0x0000000100000000)
  region size 1024K, 52 young (53248K), 7 survivors (7168K)
 Metaspace       used 30597K, capacity 30904K, committed 31280K, reserved 1077248K
  class space    used 3422K, capacity 3561K, committed 3632K, reserved 1048576K
}
Event: 1.576 GC heap after
{Heap after GC invocations=4 (full 0):
 garbage-first heap   total 129024K, used 17008K [0x0000000083600000, 0x0000000100000000)
  region size 1024K, 7 young (7168K), 7 survivors (7168K)
 Metaspace       used 30597K, capacity 30904K, committed 31280K, reserved 1077248K
  class space    used 3422K, capacity 3561K, committed 3632K, reserved 1048576K
}
Event: 1.771 GC heap before
{Heap before GC invocations=4 (full 0):
 garbage-first heap   total 129024K, used 36464K [0x0000000083600000, 0x0000000100000000)
  region size 1024K, 27 young (27648K), 7 survivors (7168K)
 Metaspace       used 35176K, capacity 35501K, committed 35632K, reserved 1081344K
  class space    used 4213K, capacity 4366K, committed 4400K, reserved 1048576K
}
Event: 1.781 GC heap after
{Heap after GC invocations=5 (full 0):
 garbage-first heap   total 129024K, used 19879K [0x0000000083600000, 0x0000000100000000)
  region size 1024K, 8 young (8192K), 8 survivors (8192K)
 Metaspace       used 35176K, capacity 35501K, committed 35632K, reserved 1081344K
  class space    used 4213K, capacity 4366K, committed 4400K, reserved 1048576K
}
Event: 2.543 GC heap before
{Heap before GC invocations=6 (full 0):
 garbage-first heap   total 129024K, used 68007K [0x0000000083600000, 0x0000000100000000)
  region size 1024K, 56 young (57344K), 8 survivors (8192K)
 Metaspace       used 41872K, capacity 42296K, committed 42672K, reserved 1087488K
  class space    used 5012K, capacity 5171K, committed 5296K, reserved 1048576K
}
Event: 2.555 GC heap after
{Heap after GC invocations=7 (full 0):
 garbage-first heap   total 155648K, used 27542K [0x0000000083600000, 0x0000000100000000)
  region size 1024K, 7 young (7168K), 7 survivors (7168K)
 Metaspace       used 41872K, capacity 42296K, committed 42672K, reserved 1087488K
  class space    used 5012K, capacity 5171K, committed 5296K, reserved 1048576K
}
Event: 3.422 GC heap before
{Heap before GC invocations=7 (full 0):
 garbage-first heap   total 155648K, used 88982K [0x0000000083600000, 0x0000000100000000)
  region size 1024K, 66 young (67584K), 7 survivors (7168K)
 Metaspace       used 46740K, capacity 47325K, committed 47536K, reserved 1091584K
  class space    used 5475K, capacity 5682K, committed 5808K, reserved 1048576K
}
Event: 3.438 GC heap after
{Heap after GC invocations=8 (full 0):
 garbage-first heap   total 155648K, used 36833K [0x0000000083600000, 0x0000000100000000)
  region size 1024K, 9 young (9216K), 9 survivors (9216K)
 Metaspace       used 46740K, capacity 47325K, committed 47536K, reserved 1091584K
  class space    used 5475K, capacity 5682K, committed 5808K, reserved 1048576K
}

Deoptimization events (20 events):
Event: 3.528 Thread 0x0000022085cf3800 DEOPT PACKING pc=0x0000022092aa0870 sp=0x000000ebfc4fca40
Event: 3.528 Thread 0x0000022085cf3800 DEOPT UNPACKING pc=0x000002208ae1822f sp=0x000000ebfc4fca10 mode 2
Event: 3.528 Thread 0x0000022085cf3800 Uncommon trap: trap_request=0xffffff4d fr.pc=0x0000022092ac2660 relative=0x0000000000001980
Event: 3.528 Thread 0x0000022085cf3800 Uncommon trap: reason=unstable_if action=reinterpret pc=0x0000022092ac2660 method=org.jetbrains.kotlin.metadata.ProtoBuf$Type.writeTo(Lorg/jetbrains/kotlin/protobuf/CodedOutputStream;)V @ 160 c2
Event: 3.528 Thread 0x0000022085cf3800 DEOPT PACKING pc=0x0000022092ac2660 sp=0x000000ebfc4fca00
Event: 3.528 Thread 0x0000022085cf3800 DEOPT UNPACKING pc=0x000002208ae1822f sp=0x000000ebfc4fc9e8 mode 2
Event: 3.584 Thread 0x0000022085cf3800 Uncommon trap: trap_request=0xffffff4d fr.pc=0x0000022092b560ec relative=0x00000000000007ec
Event: 3.584 Thread 0x0000022085cf3800 Uncommon trap: reason=unstable_if action=reinterpret pc=0x0000022092b560ec method=org.jetbrains.org.objectweb.asm.Type.getDescriptor()Ljava/lang/String; @ 35 c2
Event: 3.584 Thread 0x0000022085cf3800 DEOPT PACKING pc=0x0000022092b560ec sp=0x000000ebfc4fbd00
Event: 3.584 Thread 0x0000022085cf3800 DEOPT UNPACKING pc=0x000002208ae1822f sp=0x000000ebfc4fbcd8 mode 2
Event: 3.607 Thread 0x0000022085cf3800 Uncommon trap: trap_request=0xffffff4d fr.pc=0x0000022092b3e098 relative=0x0000000000000c58
Event: 3.607 Thread 0x0000022085cf3800 Uncommon trap: reason=unstable_if action=reinterpret pc=0x0000022092b3e098 method=gnu.trove.TObjectHash.insertionIndex(Ljava/lang/Object;)I @ 167 c2
Event: 3.607 Thread 0x0000022085cf3800 DEOPT PACKING pc=0x0000022092b3e098 sp=0x000000ebfc4fdcf0
Event: 3.607 Thread 0x0000022085cf3800 DEOPT UNPACKING pc=0x000002208ae1822f sp=0x000000ebfc4fdc38 mode 2
Event: 3.621 Thread 0x0000022085cf3800 Uncommon trap: trap_request=0xffffff4d fr.pc=0x0000022092b506e0 relative=0x0000000000000380
Event: 3.621 Thread 0x0000022085cf3800 Uncommon trap: reason=unstable_if action=reinterpret pc=0x0000022092b506e0 method=gnu.trove.TObjectHash.insertionIndex(Ljava/lang/Object;)I @ 167 c2
Event: 3.621 Thread 0x0000022085cf3800 DEOPT PACKING pc=0x0000022092b506e0 sp=0x000000ebfc4fdca0
Event: 3.621 Thread 0x0000022085cf3800 DEOPT UNPACKING pc=0x000002208ae1822f sp=0x000000ebfc4fdc30 mode 2
Event: 3.790 Thread 0x0000022085cf3800 DEOPT PACKING pc=0x000002208bb3613c sp=0x000000ebfc4fb3e0
Event: 3.790 Thread 0x0000022085cf3800 DEOPT UNPACKING pc=0x000002208ae38ade sp=0x000000ebfc4fa998 mode 0

Classes redefined (0 events):
No events

Internal exceptions (20 events):
Event: 0.780 Thread 0x0000022085cf3800 Exception <a 'java/lang/NoSuchMethodError'{0x000000008961fc20}: 'long java.lang.invoke.DirectMethodHandle$Holder.invokeStaticInit(java.lang.Object)'> (0x000000008961fc20) thrown at [./src/hotspot/share/interpreter/linkResolver.cpp, line 773]
Event: 0.820 Thread 0x0000022085cf3800 Exception <a 'java/lang/NoSuchMethodError'{0x00000000893dd808}: 'int java.lang.invoke.DirectMethodHandle$Holder.invokeStaticInit(java.lang.Object, java.lang.Object)'> (0x00000000893dd808) thrown at [./src/hotspot/share/interpreter/linkResolver.cpp, line 773]
Event: 0.878 Thread 0x0000022085cf3800 Exception <a 'java/lang/NoSuchMethodError'{0x0000000088f42da8}: 'java.lang.Object java.lang.invoke.DirectMethodHandle$Holder.invokeStatic(java.lang.Object, java.lang.Object, java.lang.Object, java.lang.Object, java.lang.Object, java.lang.Object, java.lang.Object, java.lang.Object, java.lang.Object, java.lang.Object, java.lang.Object, java.lang.Object, java.lang.Object, java.lang.Object, java.lang.Object)'> (0x0000000088f42da8) thrown at [./src/hotspot/share/interpreter/linkResolver.cpp, line 773]
Event: 0.879 Thread 0x0000022085cf3800 Exception <a 'java/lang/NoSuchMethodError'{0x0000000088f50db0}: 'java.lang.Object java.lang.invoke.DirectMethodHandle$Holder.invokeStatic(java.lang.Object, java.lang.Object, java.lang.Object, java.lang.Object, java.lang.Object, java.lang.Object, java.lang.Object, java.lang.Object, java.lang.Object, java.lang.Object, java.lang.Object, java.lang.Object, java.lang.Object, java.lang.Object, java.lang.Object, java.lang.Object)'> (0x0000000088f50db0) thrown at [./src/hotspot/share/interpreter/linkResolver.cpp, l
Event: 0.881 Thread 0x0000022085cf3800 Exception <a 'java/lang/NoSuchMethodError'{0x0000000088f60648}: 'java.lang.Object java.lang.invoke.DirectMethodHandle$Holder.invokeSpecial(java.lang.Object, java.lang.Object, int, int, java.lang.Object, java.lang.Object, java.lang.Object)'> (0x0000000088f60648) thrown at [./src/hotspot/share/interpreter/linkResolver.cpp, line 773]
Event: 0.881 Thread 0x0000022085cf3800 Exception <a 'java/lang/NoSuchMethodError'{0x0000000088f63e80}: 'java.lang.Object java.lang.invoke.DelegatingMethodHandle$Holder.reinvoke_L(java.lang.Object, int, int, java.lang.Object, java.lang.Object, java.lang.Object)'> (0x0000000088f63e80) thrown at [./src/hotspot/share/interpreter/linkResolver.cpp, line 773]
Event: 0.889 Thread 0x0000022085cf3800 Exception <a 'java/lang/NoSuchMethodError'{0x000000008b300c48}: 'java.lang.Object java.lang.invoke.DirectMethodHandle$Holder.invokeStatic(java.lang.Object, java.lang.Object, java.lang.Object, java.lang.Object, int)'> (0x000000008b300c48) thrown at [./src/hotspot/share/interpreter/linkResolver.cpp, line 773]
Event: 0.951 Thread 0x0000022085cf3800 Exception <a 'java/lang/NoSuchMethodError'{0x000000008b0581a8}: 'void java.lang.invoke.DirectMethodHandle$Holder.invokeSpecial(java.lang.Object, java.lang.Object)'> (0x000000008b0581a8) thrown at [./src/hotspot/share/interpreter/linkResolver.cpp, line 773]
Event: 0.975 Thread 0x0000022085cf3800 Exception <a 'java/lang/NoSuchMethodError'{0x000000008aedb400}: 'void java.lang.invoke.DirectMethodHandle$Holder.invokeStaticInit(java.lang.Object, java.lang.Object)'> (0x000000008aedb400) thrown at [./src/hotspot/share/interpreter/linkResolver.cpp, line 773]
Event: 0.980 Thread 0x0000022085cf3800 Exception <a 'java/lang/NoSuchMethodError'{0x000000008ad18bd0}: 'void java.lang.invoke.DirectMethodHandle$Holder.invokeInterface(java.lang.Object, java.lang.Object)'> (0x000000008ad18bd0) thrown at [./src/hotspot/share/interpreter/linkResolver.cpp, line 773]
Event: 1.043 Thread 0x0000022085cf3800 Exception <a 'java/lang/NoSuchMethodError'{0x000000008a9c3310}: 'int java.lang.invoke.DirectMethodHandle$Holder.invokeVirtual(java.lang.Object, java.lang.Object)'> (0x000000008a9c3310) thrown at [./src/hotspot/share/interpreter/linkResolver.cpp, line 773]
Event: 1.492 Thread 0x0000022085cf3800 Exception <a 'java/lang/NoSuchMethodError'{0x00000000885ccb40}: 'java.lang.Object java.lang.invoke.DirectMethodHandle$Holder.invokeVirtual(java.lang.Object, java.lang.Object, java.lang.Object)'> (0x00000000885ccb40) thrown at [./src/hotspot/share/interpreter/linkResolver.cpp, line 773]
Event: 2.029 Thread 0x0000022085cf3800 Exception <a 'java/lang/NoSuchMethodError'{0x000000008a56be20}: 'java.lang.Object java.lang.invoke.Invokers$Holder.linkToTargetMethod(java.lang.Object, int, java.lang.Object)'> (0x000000008a56be20) thrown at [./src/hotspot/share/interpreter/linkResolver.cpp, line 773]
Event: 2.064 Thread 0x0000022085cf3800 Implicit null exception at 0x00000220929f895d to 0x00000220929f8a64
Event: 3.022 Thread 0x0000022085cf3800 Implicit null exception at 0x0000022092ad0a95 to 0x0000022092ad0fd8
Event: 3.022 Thread 0x0000022085cf3800 Implicit null exception at 0x0000022092acbeaf to 0x0000022092acbedc
Event: 3.346 Thread 0x0000022085cf3800 Exception <a 'java/lang/NoSuchMethodError'{0x00000000897663b8}: 'java.lang.Object java.lang.invoke.Invokers$Holder.linkToTargetMethod(java.lang.Object, java.lang.Object, java.lang.Object, java.lang.Object, java.lang.Object, java.lang.Object)'> (0x00000000897663b8) thrown at [./src/hotspot/share/interpreter/linkResolver.cpp, line 773]
Event: 3.450 Thread 0x0000022085cf3800 Exception <a 'java/lang/NoSuchMethodError'{0x000000008cdef760}: 'void java.lang.invoke.DirectMethodHandle$Holder.invokeStatic(java.lang.Object, java.lang.Object, java.lang.Object, java.lang.Object)'> (0x000000008cdef760) thrown at [./src/hotspot/share/interpreter/linkResolver.cpp, line 773]
Event: 3.475 Thread 0x0000022085cf3800 Implicit null exception at 0x00000220929faecc to 0x00000220929fafa8
Event: 3.583 Thread 0x0000022085cf3800 Exception <a 'java/lang/NoSuchMethodError'{0x000000008c6d1948}: 'java.lang.Object java.lang.invoke.DirectMethodHandle$Holder.invokeStaticInit(java.lang.Object, java.lang.Object, java.lang.Object)'> (0x000000008c6d1948) thrown at [./src/hotspot/share/interpreter/linkResolver.cpp, line 773]

Events (20 events):
Event: 3.654 loading class org/jetbrains/kotlin/util/capitalizeDecapitalize/CapitalizeDecapitalizeKt
Event: 3.654 loading class org/jetbrains/kotlin/util/capitalizeDecapitalize/CapitalizeDecapitalizeKt done
Event: 3.656 loading class org/jetbrains/kotlin/resolve/OverridingUtil$4
Event: 3.656 loading class org/jetbrains/kotlin/resolve/OverridingUtil$4 done
Event: 3.657 loading class org/jetbrains/kotlin/resolve/VisibilityUtilKt
Event: 3.657 loading class org/jetbrains/kotlin/resolve/VisibilityUtilKt done
Event: 3.657 loading class org/jetbrains/kotlin/resolve/OverridingUtil$7
Event: 3.657 loading class org/jetbrains/kotlin/resolve/OverridingUtil$7 done
Event: 3.657 loading class org/jetbrains/kotlin/resolve/OverridingUtil$8
Event: 3.657 loading class org/jetbrains/kotlin/resolve/OverridingUtil$8 done
Event: 3.704 Executing VM operation: ICBufferFull
Event: 3.704 Executing VM operation: ICBufferFull done
Event: 3.795 loading class org/jetbrains/kotlin/types/StarProjectionImpl
Event: 3.795 loading class org/jetbrains/kotlin/types/StarProjectionImpl done
Event: 3.795 loading class org/jetbrains/kotlin/types/StarProjectionImpl$_type$2
Event: 3.795 loading class org/jetbrains/kotlin/types/StarProjectionImpl$_type$2 done
Event: 3.796 loading class org/jetbrains/kotlin/types/StarProjectionImplKt
Event: 3.796 loading class org/jetbrains/kotlin/types/StarProjectionImplKt done
Event: 3.796 loading class org/jetbrains/kotlin/types/StarProjectionImplKt$starProjectionType$1
Event: 3.796 loading class org/jetbrains/kotlin/types/StarProjectionImplKt$starProjectionType$1 done


Dynamic libraries:
0x00007ff71fd80000 - 0x00007ff71fd8a000 	C:\Program Files\Android\Android Studio\jre\bin\java.exe
0x00007ffef2690000 - 0x00007ffef2885000 	C:\WINDOWS\SYSTEM32\ntdll.dll
0x00007ffef10f0000 - 0x00007ffef11ad000 	C:\WINDOWS\System32\KERNEL32.DLL
0x00007ffef0230000 - 0x00007ffef04f8000 	C:\WINDOWS\System32\KERNELBASE.dll
0x00007ffeeff40000 - 0x00007ffef0040000 	C:\WINDOWS\System32\ucrtbase.dll
0x00007ffee9840000 - 0x00007ffee9857000 	C:\Program Files\Android\Android Studio\jre\bin\VCRUNTIME140.dll
0x00007ffee9950000 - 0x00007ffee9969000 	C:\Program Files\Android\Android Studio\jre\bin\jli.dll
0x00007ffef1220000 - 0x00007ffef13c0000 	C:\WINDOWS\System32\USER32.dll
0x00007ffeefee0000 - 0x00007ffeeff02000 	C:\WINDOWS\System32\win32u.dll
0x00007ffef0f10000 - 0x00007ffef0f3a000 	C:\WINDOWS\System32\GDI32.dll
0x00007ffeefdd0000 - 0x00007ffeefedb000 	C:\WINDOWS\System32\gdi32full.dll
0x00007ffef0660000 - 0x00007ffef06fd000 	C:\WINDOWS\System32\msvcp_win.dll
0x00007ffed2200000 - 0x00007ffed249a000 	C:\WINDOWS\WinSxS\amd64_microsoft.windows.common-controls_6595b64144ccf1df_6.0.19041.1052_none_60b8f8fd71f5e8cb\COMCTL32.dll
0x00007ffef1f10000 - 0x00007ffef1fae000 	C:\WINDOWS\System32\msvcrt.dll
0x00007ffef15e0000 - 0x00007ffef1610000 	C:\WINDOWS\System32\IMM32.DLL
0x00007ffec3e30000 - 0x00007ffec3ecd000 	C:\Program Files\Android\Android Studio\jre\bin\msvcp140.dll
0x00007ffe7c160000 - 0x00007ffe7cc1c000 	C:\Program Files\Android\Android Studio\jre\bin\server\jvm.dll
0x00007ffef1420000 - 0x00007ffef14cc000 	C:\WINDOWS\System32\ADVAPI32.dll
0x00007ffef1d80000 - 0x00007ffef1e1b000 	C:\WINDOWS\System32\sechost.dll
0x00007ffef2060000 - 0x00007ffef218b000 	C:\WINDOWS\System32\RPCRT4.dll
0x00007ffef21c0000 - 0x00007ffef21c8000 	C:\WINDOWS\System32\PSAPI.DLL
0x00007ffeccca0000 - 0x00007ffeccca9000 	C:\WINDOWS\SYSTEM32\WSOCK32.dll
0x00007ffef1770000 - 0x00007ffef17db000 	C:\WINDOWS\System32\WS2_32.dll
0x00007ffeef960000 - 0x00007ffeef96a000 	C:\WINDOWS\SYSTEM32\VERSION.dll
0x00007ffed5a80000 - 0x00007ffed5aa7000 	C:\WINDOWS\SYSTEM32\WINMM.dll
0x00007ffeee630000 - 0x00007ffeee642000 	C:\WINDOWS\SYSTEM32\kernel.appcore.dll
0x00007ffee9970000 - 0x00007ffee9981000 	C:\Program Files\Android\Android Studio\jre\bin\verify.dll
0x00007ffeedbb0000 - 0x00007ffeedd94000 	C:\WINDOWS\SYSTEM32\DBGHELP.DLL
0x00007ffede930000 - 0x00007ffede95c000 	C:\WINDOWS\SYSTEM32\dbgcore.DLL
0x00007ffef0040000 - 0x00007ffef00c3000 	C:\WINDOWS\System32\bcryptPrimitives.dll
0x00007ffec8eb0000 - 0x00007ffec8ed9000 	C:\Program Files\Android\Android Studio\jre\bin\java.dll
0x00007ffeea0d0000 - 0x00007ffeea0db000 	C:\Program Files\Android\Android Studio\jre\bin\jimage.dll
0x00007ffee60d0000 - 0x00007ffee60e8000 	C:\Program Files\Android\Android Studio\jre\bin\zip.dll
0x00007ffef0700000 - 0x00007ffef0e3f000 	C:\WINDOWS\System32\SHELL32.dll
0x00007ffeedda0000 - 0x00007ffeee530000 	C:\WINDOWS\SYSTEM32\windows.storage.dll
0x00007ffef21d0000 - 0x00007ffef2525000 	C:\WINDOWS\System32\combase.dll
0x00007ffeef7d0000 - 0x00007ffeef7fc000 	C:\WINDOWS\SYSTEM32\Wldp.dll
0x00007ffef1530000 - 0x00007ffef15de000 	C:\WINDOWS\System32\SHCORE.dll
0x00007ffef14d0000 - 0x00007ffef1525000 	C:\WINDOWS\System32\shlwapi.dll
0x00007ffeefd10000 - 0x00007ffeefd2f000 	C:\WINDOWS\SYSTEM32\profapi.dll
0x00007ffedf310000 - 0x00007ffedf32a000 	C:\Program Files\Android\Android Studio\jre\bin\net.dll
0x00007ffed8560000 - 0x00007ffed866b000 	C:\WINDOWS\SYSTEM32\WINHTTP.dll
0x00007ffeef540000 - 0x00007ffeef5aa000 	C:\WINDOWS\system32\mswsock.dll
0x00007ffedeef0000 - 0x00007ffedef04000 	C:\Program Files\Android\Android Studio\jre\bin\nio.dll

dbghelp: loaded successfully - version: 4.0.5 - missing functions: none
symbol engine: initialized successfully - sym options: 0x614 - pdb path: .;C:\Program Files\Android\Android Studio\jre\bin;C:\WINDOWS\SYSTEM32;C:\WINDOWS\WinSxS\amd64_microsoft.windows.common-controls_6595b64144ccf1df_6.0.19041.1052_none_60b8f8fd71f5e8cb;C:\Program Files\Android\Android Studio\jre\bin\server

VM Arguments:
java_command: org.jetbrains.kotlin.cli.jvm.K2JVMCompiler -Xallow-no-source-files -classpath C:\Android\Proyecto\VendedoresKT\ApoloVendedor\app\build\intermediates\compile_and_runtime_not_namespaced_r_class_jar\debug\R.jar;C:\Users\Apolo\.gradle\caches\transforms-2\files-2.1\a3462063c8889a290a5c9b63113e162b\jetified-ksoap2-android-assembly-3.6.2-jar-with-dependencies.jar;C:\Users\Apolo\.gradle\caches\transforms-2\files-2.1\17e890f7e92dc0cd2f258cfc60d163dd\jetified-kotlin-android-extensions-runtime-1.3.72.jar;C:\Users\Apolo\.gradle\caches\transforms-2\files-2.1\cda5dd36e4332590ba81c9a14d8d3b6d\jetified-kotlin-stdlib-jdk7-1.3.72.jar;C:\Users\Apolo\.gradle\caches\transforms-2\files-2.1\e4d1bf96a8a31d302c15ce6e0f3890e4\jetified-core-ktx-1.2.0-api.jar;C:\Users\Apolo\.gradle\caches\transforms-2\files-2.1\d1d99915ce9eef39028903e9084c3723\jetified-kotlin-stdlib-1.3.72.jar;C:\Users\Apolo\.gradle\caches\transforms-2\files-2.1\c4f5ae3e18bce4942bc1933a58657204\jetified-kotlin-stdlib-common-1.3.72.jar;C:\Users\Apolo\.gradle\caches\transforms-2\files-2.1\9e61d392d4976d8da6b634e39f78f668\jetified-annotations-13.0.jar;C:\Users\Apolo\.gradle\caches\transforms-2\files-2.1\b2f44207a73a3e7f2ecc622d1bf6deda\material-1.0.0-api.jar;C:\Users\Apolo\.gradle\caches\transforms-2\files-2.1\a281e6495a1d9c803c08d7a6a47b6a52\appcompat-1.1.0-api.jar;C:\Users\Apolo\.gradle\caches\transforms-2\files-2.1\665c80b621164ebed2f874f2d95fb49b\cardview-1.0.0-api.jar;C:\Users\Apolo\.gradle\caches\transforms-2\files-2.1\ccd82f5f54930d9b0a3a7d1933d360bf\gridlayout-1.0.0-api.jar;C:\Users\Apolo\.gradle\caches\transforms-2\files-2.1\ae3921d81826a65bdb895b21404903c0\jetified-play-services-maps-17.0.0-api.jar;C:\Users\Apolo\.gradle\caches\transforms-2\files-2.1\5e7dabb393b1313697538d9458ebb5d2\lifecycle-extensions-2.0.0-api.jar;C:\Users\Apolo\.gradle\caches\transforms-2\files-2.1\4d4cf2838e5e44cca9ee8eecad9acfb1\jetified-play-services-base-17.0.0-api.jar;C:\Users\Apolo\.gradle\caches\transforms-2\files-2.1\1b5173f5
java_class_path (initial): C:\Users\Apolo\.gradle\caches\modules-2\files-2.1\org.jetbrains.kotlin\kotlin-compiler-embeddable\1.3.72\fb72232c8fa977d5e07d33c43381ddbdc5edab6\kotlin-compiler-embeddable-1.3.72.jar;C:\Users\Apolo\.gradle\caches\modules-2\files-2.1\org.jetbrains.kotlin\kotlin-reflect\1.3.72\86613e1a669a701b0c660bfd2af4f82a7ae11fca\kotlin-reflect-1.3.72.jar;C:\Users\Apolo\.gradle\caches\modules-2\files-2.1\org.jetbrains.kotlin\kotlin-stdlib\1.3.72\8032138f12c0180bc4e51fe139d4c52b46db6109\kotlin-stdlib-1.3.72.jar;C:\Users\Apolo\.gradle\caches\modules-2\files-2.1\org.jetbrains.kotlin\kotlin-script-runtime\1.3.72\657d8d34d91e1964b4439378c09933e840bfe8d5\kotlin-script-runtime-1.3.72.jar;C:\Users\Apolo\.gradle\caches\modules-2\files-2.1\org.jetbrains.kotlin\kotlin-daemon-embeddable\1.3.72\53bbaa2816dbf6bdb85f629451b1fcc88f2164d2\kotlin-daemon-embeddable-1.3.72.jar;C:\Users\Apolo\.gradle\caches\modules-2\files-2.1\org.jetbrains.intellij.deps\trove4j\1.0.20181211\216c2e14b070f334479d800987affe4054cd563f\trove4j-1.0.20181211.jar;C:\Users\Apolo\.gradle\caches\modules-2\files-2.1\org.jetbrains.kotlin\kotlin-stdlib-common\1.3.72\6ca8bee3d88957eaaaef077c41c908c9940492d8\kotlin-stdlib-common-1.3.72.jar;C:\Users\Apolo\.gradle\caches\modules-2\files-2.1\org.jetbrains\annotations\13.0\919f0dfe192fb4e063e7dacadee7f8bb9a2672a9\annotations-13.0.jar
Launcher Type: SUN_STANDARD

[Global flags]
     intx CICompilerCount                          = 4                                         {product} {ergonomic}
     uint ConcGCThreads                            = 2                                         {product} {ergonomic}
     uint G1ConcRefinementThreads                  = 8                                         {product} {ergonomic}
   size_t G1HeapRegionSize                         = 1048576                                   {product} {ergonomic}
    uintx GCDrainStackTargetSize                   = 64                                        {product} {ergonomic}
   size_t InitialHeapSize                          = 132120576                                 {product} {ergonomic}
   size_t MarkStackSize                            = 4194304                                   {product} {ergonomic}
   size_t MaxHeapSize                              = 2090860544                                {product} {ergonomic}
   size_t MaxNewSize                               = 1254096896                                {product} {ergonomic}
   size_t MinHeapDeltaBytes                        = 1048576                                   {product} {ergonomic}
    uintx NonNMethodCodeHeapSize                   = 5836300                                {pd product} {ergonomic}
    uintx NonProfiledCodeHeapSize                  = 122910970                              {pd product} {ergonomic}
    uintx ProfiledCodeHeapSize                     = 122910970                              {pd product} {ergonomic}
    uintx ReservedCodeCacheSize                    = 251658240                              {pd product} {ergonomic}
     bool SegmentedCodeCache                       = true                                      {product} {ergonomic}
     bool UseCompressedClassPointers               = true                                 {lp64_product} {ergonomic}
     bool UseCompressedOops                        = true                                 {lp64_product} {ergonomic}
     bool UseG1GC                                  = true                                      {product} {ergonomic}
     bool UseLargePagesIndividualAllocation        = false                                  {pd product} {ergonomic}

Logging:
Log output configuration:
 #0: stdout all=warning uptime,level,tags
 #1: stderr all=off uptime,level,tags

Environment Variables:
PATH=C:\orant\bin;C:\Program Files\Common Files\Oracle\Java\javapath;C:\Program Files (x86)\Common Files\Oracle\Java\javapath;C:\WINDOWS\system32;C:\WINDOWS;C:\WINDOWS\System32\Wbem;C:\WINDOWS\System32\WindowsPowerShell\v1.0\;C:\WINDOWS\System32\OpenSSH\;C:\orant\jdk\bin;C:\Program Files (x86)\Intel\Intel(R) Memory And Storage Tool\;C:\Program Files\nodejs\;C:\instantclient_12_1\;C:\Program Files\Git\cmd;C:\Users\Apolo\AppData\Local\Microsoft\WindowsApps;C:\Users\Apolo\AppData\Local\Programs\Microsoft VS Code\bin;C:\Users\Apolo\AppData\Roaming\npm;C:\Users\Apolo\AppData\Local\atom\bin
USERNAME=Apolo
OS=Windows_NT
PROCESSOR_IDENTIFIER=Intel64 Family 6 Model 126 Stepping 5, GenuineIntel



---------------  S Y S T E M  ---------------

OS: Windows 10 , 64 bit Build 19041 (10.0.19041.1023)
OS uptime: 6 days 20:09 hours

CPU:total 8 (initial active 8) (4 cores per cpu, 2 threads per core) family 6 model 126 stepping 5, cmov, cx8, fxsr, mmx, sse, sse2, sse3, ssse3, sse4.1, sse4.2, popcnt, avx, avx2, aes, clmul, erms, 3dnowpref, lzcnt, ht, tsc, tscinvbit, bmi1, bmi2, adx, evex, sha, fma

Memory: 4k page, system-wide physical 7973M (577M free)
TotalPageFile size 11461M (AvailPageFile size 6M)
current process WorkingSet (physical memory assigned to process): 285M, peak: 285M
current process commit charge ("private bytes"): 360M, peak: 362M

vm_info: OpenJDK 64-Bit Server VM (11.0.8+10-b944.6842174) for windows-amd64 JRE (11.0.8+10-b944.6842174), built on Sep 19 2020 01:11:42 by "builder" with MS VC++ 14.0 (VS2015)

END.
