#
# There is insufficient memory for the Java Runtime Environment to continue.
# Native memory allocation (malloc) failed to allocate 2229136 bytes for Chunk::new
# Possible reasons:
#   The system is out of physical RAM or swap space
#   The process is running with CompressedOops enabled, and the Java Heap may be blocking the growth of the native heap
# Possible solutions:
#   Reduce memory load on the system
#   Increase physical memory or swap space
#   Check if swap backing store is full
#   Decrease Java heap size (-Xmx/-Xms)
#   Decrease number of Java threads
#   Decrease Java thread stack sizes (-Xss)
#   Set larger code cache with -XX:ReservedCodeCacheSize=
#   JVM is running with Unscaled Compressed Oops mode in which the Java heap is
#     placed in the first 4GB address space. The Java Heap base address is the
#     maximum limit for the native heap growth. Please use -XX:HeapBaseMinAddress
#     to set the Java Heap base and to place the Java Heap above 4GB virtual address.
# This output file may be truncated or incomplete.
#
#  Out of Memory Error (allocation.cpp:389), pid=25532, tid=0x0000000000003cb0
#
# JRE version: OpenJDK Runtime Environment (8.0_242-b01) (build 1.8.0_242-release-1644-b01)
# Java VM: OpenJDK 64-Bit Server VM (25.242-b01 mixed mode windows-amd64 compressed oops)
# Failed to write core dump. Minidumps are not enabled by default on client versions of Windows
#

---------------  T H R E A D  ---------------

Current thread (0x0000000019331800):  JavaThread "C2 CompilerThread0" daemon [_thread_in_native, id=15536, stack(0x0000000019c20000,0x0000000019d20000)]

Stack: [0x0000000019c20000,0x0000000019d20000]
[error occurred during error reporting (printing stack bounds), id 0xc0000005]

Native frames: (J=compiled Java code, j=interpreted, Vv=VM code, C=native code)


Current CompileTask:
C2:   8448 7859       4       org.gradle.internal.instantiation.generator.AbstractClassGenerator::inspectType (560 bytes)


---------------  P R O C E S S  ---------------

Java Threads: ( => current thread )
  0x000000001f096000 JavaThread "Cache worker for execution history cache (C:\Android\Proyecto\VendedoresKT\ApoloVendedor\.gradle\6.5\executionHistory)" [_thread_blocked, id=10328, stack(0x000000002e8e0000,0x000000002e9e0000)]
  0x000000001f09c000 JavaThread "Execution worker for ':' Thread 7" [_thread_blocked, id=26200, stack(0x000000002e7e0000,0x000000002e8e0000)]
  0x000000001f09b800 JavaThread "Execution worker for ':' Thread 6" [_thread_blocked, id=24792, stack(0x000000002e6e0000,0x000000002e7e0000)]
  0x000000001f09d000 JavaThread "Execution worker for ':' Thread 5" [_thread_blocked, id=26516, stack(0x000000002e5e0000,0x000000002e6e0000)]
  0x000000001f097800 JavaThread "Execution worker for ':' Thread 4" [_thread_blocked, id=24616, stack(0x000000002e4e0000,0x000000002e5e0000)]
  0x000000001f09a800 JavaThread "Execution worker for ':' Thread 3" [_thread_blocked, id=24736, stack(0x000000002e3e0000,0x000000002e4e0000)]
  0x000000001f099000 JavaThread "Execution worker for ':' Thread 2" [_thread_blocked, id=24416, stack(0x000000002e2e0000,0x000000002e3e0000)]
  0x000000001f098800 JavaThread "Execution worker for ':'" [_thread_blocked, id=25852, stack(0x000000002e1e0000,0x000000002e2e0000)]
  0x000000001f09a000 JavaThread "Cache worker for file content cache (C:\Android\Proyecto\VendedoresKT\ApoloVendedor\.gradle\6.5\fileContent)" [_thread_blocked, id=24984, stack(0x000000002cab0000,0x000000002cbb0000)]
  0x000000001fb4d000 JavaThread "Memory manager" [_thread_blocked, id=16680, stack(0x000000002bfa0000,0x000000002c0a0000)]
  0x000000001fb4b000 JavaThread "Cache worker for Build Output Cleanup Cache (C:\Android\Proyecto\VendedoresKT\ApoloVendedor\.gradle\buildOutputCleanup)" [_thread_blocked, id=25176, stack(0x000000002b8a0000,0x000000002b9a0000)]
  0x000000001fb49800 JavaThread "jar transforms Thread 113" [_thread_blocked, id=26380, stack(0x000000002b5a0000,0x000000002b6a0000)]
  0x000000001fb50800 JavaThread "jar transforms Thread 112" [_thread_blocked, id=25360, stack(0x000000002b4a0000,0x000000002b5a0000)]
  0x000000001fb4f800 JavaThread "jar transforms Thread 111" [_thread_blocked, id=25116, stack(0x000000002b3a0000,0x000000002b4a0000)]
  0x000000001fb4e800 JavaThread "jar transforms Thread 110" [_thread_blocked, id=25824, stack(0x000000002b2a0000,0x000000002b3a0000)]
  0x000000001fb4c800 JavaThread "jar transforms Thread 109" [_thread_blocked, id=25808, stack(0x000000002b1a0000,0x000000002b2a0000)]
  0x000000001fb4e000 JavaThread "jar transforms Thread 108" [_thread_blocked, id=23548, stack(0x000000002b0a0000,0x000000002b1a0000)]
  0x000000001fb4b800 JavaThread "jar transforms Thread 107" [_thread_blocked, id=26384, stack(0x000000002afa0000,0x000000002b0a0000)]
  0x000000001fb43800 JavaThread "jar transforms Thread 106" [_thread_blocked, id=20256, stack(0x000000002aea0000,0x000000002afa0000)]
  0x000000001fb4a000 JavaThread "jar transforms Thread 105" [_thread_blocked, id=26204, stack(0x000000002ada0000,0x000000002aea0000)]
  0x000000001fb46800 JavaThread "jar transforms Thread 104" [_thread_blocked, id=7964, stack(0x000000002aca0000,0x000000002ada0000)]
  0x000000001fb45800 JavaThread "jar transforms Thread 103" [_thread_blocked, id=24652, stack(0x000000002aba0000,0x000000002aca0000)]
  0x000000001fb48800 JavaThread "jar transforms Thread 102" [_thread_blocked, id=25232, stack(0x000000002aaa0000,0x000000002aba0000)]
  0x000000001fb47000 JavaThread "jar transforms Thread 101" [_thread_blocked, id=24644, stack(0x000000002a9a0000,0x000000002aaa0000)]
  0x000000001fb45000 JavaThread "jar transforms Thread 100" [_thread_blocked, id=24600, stack(0x000000002a8a0000,0x000000002a9a0000)]
  0x000000001fb44000 JavaThread "jar transforms Thread 99" [_thread_blocked, id=9176, stack(0x000000002a7a0000,0x000000002a8a0000)]
  0x000000001fb41000 JavaThread "jar transforms Thread 98" [_thread_blocked, id=21808, stack(0x000000002a6a0000,0x000000002a7a0000)]
  0x000000001fb48000 JavaThread "jar transforms Thread 97" [_thread_blocked, id=26532, stack(0x000000002a5a0000,0x000000002a6a0000)]
  0x000000001fb42000 JavaThread "jar transforms Thread 96" [_thread_blocked, id=18768, stack(0x000000002a4a0000,0x000000002a5a0000)]
  0x000000001fb42800 JavaThread "jar transforms Thread 95" [_thread_blocked, id=24624, stack(0x000000002a3a0000,0x000000002a4a0000)]
  0x000000002026b800 JavaThread "jar transforms Thread 94" [_thread_blocked, id=18616, stack(0x000000002a2a0000,0x000000002a3a0000)]
  0x0000000020267800 JavaThread "jar transforms Thread 93" [_thread_blocked, id=14740, stack(0x000000002a1a0000,0x000000002a2a0000)]
  0x000000002026a000 JavaThread "jar transforms Thread 92" [_thread_blocked, id=26312, stack(0x000000002a0a0000,0x000000002a1a0000)]
  0x0000000020266000 JavaThread "jar transforms Thread 91" [_thread_blocked, id=22824, stack(0x0000000029fa0000,0x000000002a0a0000)]
  0x0000000020267000 JavaThread "jar transforms Thread 90" [_thread_blocked, id=16528, stack(0x0000000029ea0000,0x0000000029fa0000)]
  0x000000002026a800 JavaThread "jar transforms Thread 89" [_thread_blocked, id=21040, stack(0x0000000029da0000,0x0000000029ea0000)]
  0x0000000020269000 JavaThread "jar transforms Thread 88" [_thread_blocked, id=8116, stack(0x0000000029ca0000,0x0000000029da0000)]
  0x0000000020268800 JavaThread "jar transforms Thread 87" [_thread_blocked, id=23360, stack(0x0000000029ba0000,0x0000000029ca0000)]
  0x000000002025e800 JavaThread "jar transforms Thread 86" [_thread_blocked, id=24784, stack(0x0000000029aa0000,0x0000000029ba0000)]
  0x0000000020265800 JavaThread "jar transforms Thread 85" [_thread_blocked, id=15588, stack(0x00000000299a0000,0x0000000029aa0000)]
  0x0000000020262800 JavaThread "jar transforms Thread 84" [_thread_blocked, id=4348, stack(0x00000000298a0000,0x00000000299a0000)]
  0x0000000020264800 JavaThread "jar transforms Thread 83" [_thread_blocked, id=324, stack(0x00000000297a0000,0x00000000298a0000)]
  0x000000002025d000 JavaThread "jar transforms Thread 82" [_thread_blocked, id=25268, stack(0x00000000296a0000,0x00000000297a0000)]
  0x0000000020261000 JavaThread "jar transforms Thread 81" [_thread_blocked, id=8456, stack(0x00000000295a0000,0x00000000296a0000)]
  0x0000000020264000 JavaThread "jar transforms Thread 80" [_thread_blocked, id=11636, stack(0x00000000294a0000,0x00000000295a0000)]
  0x0000000020260000 JavaThread "jar transforms Thread 79" [_thread_blocked, id=26104, stack(0x00000000293a0000,0x00000000294a0000)]
  0x000000002025e000 JavaThread "jar transforms Thread 78" [_thread_blocked, id=25036, stack(0x00000000292a0000,0x00000000293a0000)]
  0x0000000020261800 JavaThread "jar transforms Thread 77" [_thread_blocked, id=26208, stack(0x00000000291a0000,0x00000000292a0000)]
  0x000000002025f800 JavaThread "jar transforms Thread 76" [_thread_blocked, id=24608, stack(0x00000000290a0000,0x00000000291a0000)]
  0x000000002025c800 JavaThread "jar transforms Thread 75" [_thread_blocked, id=26508, stack(0x0000000028fa0000,0x00000000290a0000)]
  0x0000000020263000 JavaThread "jar transforms Thread 74" [_thread_blocked, id=19576, stack(0x0000000028ea0000,0x0000000028fa0000)]
  0x000000001f432800 JavaThread "jar transforms Thread 73" [_thread_blocked, id=25512, stack(0x0000000028da0000,0x0000000028ea0000)]
  0x000000001f433000 JavaThread "jar transforms Thread 72" [_thread_blocked, id=25904, stack(0x0000000028ca0000,0x0000000028da0000)]
  0x000000001f431000 JavaThread "jar transforms Thread 71" [_thread_blocked, id=13944, stack(0x0000000028ba0000,0x0000000028ca0000)]
  0x000000001f430000 JavaThread "jar transforms Thread 70" [_thread_blocked, id=26020, stack(0x0000000028aa0000,0x0000000028ba0000)]
  0x000000001f42f800 JavaThread "jar transforms Thread 69" [_thread_blocked, id=26504, stack(0x00000000289a0000,0x0000000028aa0000)]
  0x000000001f431800 JavaThread "jar transforms Thread 68" [_thread_blocked, id=17968, stack(0x00000000288a0000,0x00000000289a0000)]
  0x000000001f434000 JavaThread "jar transforms Thread 67" [_thread_blocked, id=3784, stack(0x00000000287a0000,0x00000000288a0000)]
  0x000000001f434800 JavaThread "jar transforms Thread 66" [_thread_blocked, id=3540, stack(0x00000000286a0000,0x00000000287a0000)]
  0x000000001f427800 JavaThread "jar transforms Thread 65" [_thread_blocked, id=864, stack(0x00000000285a0000,0x00000000286a0000)]
  0x000000001f429000 JavaThread "jar transforms Thread 64" [_thread_blocked, id=15348, stack(0x00000000284a0000,0x00000000285a0000)]
  0x000000001f42e800 JavaThread "jar transforms Thread 63" [_thread_blocked, id=25432, stack(0x00000000283a0000,0x00000000284a0000)]
  0x000000001f42d800 JavaThread "jar transforms Thread 62" [_thread_blocked, id=12340, stack(0x00000000282a0000,0x00000000283a0000)]
  0x000000001f426000 JavaThread "jar transforms Thread 61" [_thread_blocked, id=25120, stack(0x00000000281a0000,0x00000000282a0000)]
  0x000000001f42d000 JavaThread "jar transforms Thread 60" [_thread_blocked, id=26308, stack(0x00000000280a0000,0x00000000281a0000)]
  0x000000001f42c000 JavaThread "jar transforms Thread 59" [_thread_blocked, id=25276, stack(0x0000000027fa0000,0x00000000280a0000)]
  0x000000001f425800 JavaThread "jar transforms Thread 58" [_thread_blocked, id=25876, stack(0x0000000027ea0000,0x0000000027fa0000)]
  0x000000001f428800 JavaThread "jar transforms Thread 57" [_thread_blocked, id=22560, stack(0x0000000027da0000,0x0000000027ea0000)]
  0x000000001f42a000 JavaThread "jar transforms Thread 56" [_thread_blocked, id=21980, stack(0x0000000027ca0000,0x0000000027da0000)]
  0x000000001f427000 JavaThread "jar transforms Thread 55" [_thread_blocked, id=9776, stack(0x0000000027ba0000,0x0000000027ca0000)]
  0x000000001f42b800 JavaThread "jar transforms Thread 54" [_thread_blocked, id=25160, stack(0x0000000027aa0000,0x0000000027ba0000)]
  0x000000001f42a800 JavaThread "jar transforms Thread 53" [_thread_blocked, id=16464, stack(0x00000000279a0000,0x0000000027aa0000)]
  0x000000001e888800 JavaThread "jar transforms Thread 52" [_thread_blocked, id=4068, stack(0x00000000278a0000,0x00000000279a0000)]
  0x000000001e887000 JavaThread "jar transforms Thread 51" [_thread_blocked, id=6388, stack(0x00000000277a0000,0x00000000278a0000)]
  0x000000001e886800 JavaThread "jar transforms Thread 50" [_thread_blocked, id=26244, stack(0x00000000276a0000,0x00000000277a0000)]
  0x000000001e889800 JavaThread "jar transforms Thread 49" [_thread_blocked, id=3824, stack(0x00000000275a0000,0x00000000276a0000)]
  0x000000001e885800 JavaThread "jar transforms Thread 48" [_thread_blocked, id=7540, stack(0x00000000274a0000,0x00000000275a0000)]
  0x000000001e885000 JavaThread "jar transforms Thread 47" [_thread_blocked, id=10880, stack(0x00000000273a0000,0x00000000274a0000)]
  0x000000001e883800 JavaThread "jar transforms Thread 46" [_thread_blocked, id=23732, stack(0x00000000272a0000,0x00000000273a0000)]
  0x000000001e882000 JavaThread "jar transforms Thread 45" [_thread_blocked, id=24828, stack(0x00000000271a0000,0x00000000272a0000)]
  0x000000001e884000 JavaThread "jar transforms Thread 44" [_thread_blocked, id=5652, stack(0x00000000270a0000,0x00000000271a0000)]
  0x000000001e882800 JavaThread "jar transforms Thread 43" [_thread_blocked, id=25216, stack(0x0000000026fa0000,0x00000000270a0000)]
  0x000000001e888000 JavaThread "jar transforms Thread 42" [_thread_blocked, id=21332, stack(0x0000000026ea0000,0x0000000026fa0000)]
  0x000000001e87a800 JavaThread "jar transforms Thread 41" [_thread_blocked, id=23840, stack(0x0000000026da0000,0x0000000026ea0000)]
  0x000000001e881000 JavaThread "jar transforms Thread 40" [_thread_blocked, id=26184, stack(0x0000000026ca0000,0x0000000026da0000)]
  0x000000001e87c800 JavaThread "jar transforms Thread 39" [_thread_blocked, id=21264, stack(0x0000000026ba0000,0x0000000026ca0000)]
  0x000000001e87f800 JavaThread "jar transforms Thread 38" [_thread_blocked, id=21732, stack(0x0000000026aa0000,0x0000000026ba0000)]
  0x000000001e87f000 JavaThread "jar transforms Thread 37" [_thread_blocked, id=25812, stack(0x00000000269a0000,0x0000000026aa0000)]
  0x000000001e87b000 JavaThread "jar transforms Thread 36" [_thread_blocked, id=16820, stack(0x00000000268a0000,0x00000000269a0000)]
  0x000000001e880800 JavaThread "jar transforms Thread 35" [_thread_blocked, id=18128, stack(0x00000000267a0000,0x00000000268a0000)]
  0x000000001e87d800 JavaThread "jar transforms Thread 34" [_thread_blocked, id=22520, stack(0x00000000266a0000,0x00000000267a0000)]
  0x000000001e87e000 JavaThread "jar transforms Thread 33" [_thread_blocked, id=14452, stack(0x00000000265a0000,0x00000000266a0000)]
  0x000000001e87c000 JavaThread "jar transforms Thread 32" [_thread_blocked, id=25604, stack(0x00000000264a0000,0x00000000265a0000)]
  0x000000001f906800 JavaThread "jar transforms Thread 31" [_thread_blocked, id=23900, stack(0x00000000263a0000,0x00000000264a0000)]
  0x000000001f905000 JavaThread "jar transforms Thread 30" [_thread_blocked, id=9628, stack(0x00000000262a0000,0x00000000263a0000)]
  0x000000001f906000 JavaThread "jar transforms Thread 29" [_thread_blocked, id=26480, stack(0x00000000261a0000,0x00000000262a0000)]
  0x000000001f902000 JavaThread "jar transforms Thread 28" [_thread_blocked, id=23808, stack(0x00000000260a0000,0x00000000261a0000)]
  0x000000001f903800 JavaThread "jar transforms Thread 27" [_thread_blocked, id=22272, stack(0x0000000025fa0000,0x00000000260a0000)]
  0x000000001f904800 JavaThread "jar transforms Thread 26" [_thread_blocked, id=15892, stack(0x0000000025ea0000,0x0000000025fa0000)]
  0x000000001f903000 JavaThread "jar transforms Thread 25" [_thread_blocked, id=26072, stack(0x0000000025da0000,0x0000000025ea0000)]
  0x000000001f901800 JavaThread "jar transforms Thread 24" [_thread_blocked, id=8248, stack(0x0000000025ca0000,0x0000000025da0000)]
  0x000000001f900800 JavaThread "jar transforms Thread 23" [_thread_blocked, id=23608, stack(0x0000000025ba0000,0x0000000025ca0000)]
  0x000000001f8f9000 JavaThread "jar transforms Thread 22" [_thread_blocked, id=20284, stack(0x0000000025aa0000,0x0000000025ba0000)]
  0x000000001f900000 JavaThread "jar transforms Thread 21" [_thread_blocked, id=9452, stack(0x00000000259a0000,0x0000000025aa0000)]
  0x000000001f8f8800 JavaThread "jar transforms Thread 20" [_thread_blocked, id=1640, stack(0x00000000258a0000,0x00000000259a0000)]
  0x000000001f8ff000 JavaThread "jar transforms Thread 19" [_thread_blocked, id=24936, stack(0x00000000257a0000,0x00000000258a0000)]
  0x000000001f8fd000 JavaThread "jar transforms Thread 18" [_thread_blocked, id=24816, stack(0x00000000256a0000,0x00000000257a0000)]
  0x000000001f8f7800 JavaThread "jar transforms Thread 17" [_thread_blocked, id=22876, stack(0x00000000255a0000,0x00000000256a0000)]
  0x000000001f8fc000 JavaThread "jar transforms Thread 16" [_thread_blocked, id=10668, stack(0x00000000254a0000,0x00000000255a0000)]
  0x000000001f8fa000 JavaThread "jar transforms Thread 15" [_thread_blocked, id=18140, stack(0x00000000253a0000,0x00000000254a0000)]
  0x000000001f8fd800 JavaThread "jar transforms Thread 14" [_thread_blocked, id=25708, stack(0x00000000252a0000,0x00000000253a0000)]
  0x000000001f8fb800 JavaThread "jar transforms Thread 13" [_thread_blocked, id=25548, stack(0x00000000251a0000,0x00000000252a0000)]
  0x000000001f8fa800 JavaThread "jar transforms Thread 12" [_thread_blocked, id=26172, stack(0x00000000250a0000,0x00000000251a0000)]
  0x000000001f8fe800 JavaThread "jar transforms Thread 11" [_thread_blocked, id=25060, stack(0x0000000024fa0000,0x00000000250a0000)]
  0x000000001c3f0800 JavaThread "jar transforms Thread 10" [_thread_blocked, id=25028, stack(0x0000000024ea0000,0x0000000024fa0000)]
  0x000000001c3ef800 JavaThread "jar transforms Thread 9" [_thread_blocked, id=22044, stack(0x0000000024da0000,0x0000000024ea0000)]
  0x000000001c3ef000 JavaThread "jar transforms Thread 8" [_thread_blocked, id=8448, stack(0x0000000024ca0000,0x0000000024da0000)]
  0x000000001c3ee000 JavaThread "jar transforms Thread 7" [_thread_blocked, id=24728, stack(0x0000000024ba0000,0x0000000024ca0000)]
  0x000000001c3ed800 JavaThread "jar transforms Thread 6" [_thread_blocked, id=14444, stack(0x0000000024aa0000,0x0000000024ba0000)]
  0x000000001c3ec800 JavaThread "jar transforms Thread 5" [_thread_blocked, id=26372, stack(0x00000000249a0000,0x0000000024aa0000)]
  0x000000001c3e5000 JavaThread "jar transforms Thread 4" [_thread_blocked, id=23240, stack(0x0000000023ef0000,0x0000000023ff0000)]
  0x000000001c3ec000 JavaThread "jar transforms Thread 3" [_thread_blocked, id=25424, stack(0x0000000023df0000,0x0000000023ef0000)]
  0x000000001c3eb000 JavaThread "jar transforms Thread 2" [_thread_blocked, id=24868, stack(0x0000000023cf0000,0x0000000023df0000)]
  0x000000001c3e9800 JavaThread "Build operations Thread 8" [_thread_blocked, id=26060, stack(0x00000000247a0000,0x00000000248a0000)]
  0x000000001c3ea800 JavaThread "Build operations Thread 7" [_thread_blocked, id=20336, stack(0x00000000246a0000,0x00000000247a0000)]
  0x000000001c3e2000 JavaThread "Build operations Thread 6" [_thread_blocked, id=25800, stack(0x00000000245a0000,0x00000000246a0000)]
  0x000000001c3e4800 JavaThread "Build operations Thread 5" [_thread_blocked, id=9128, stack(0x00000000244a0000,0x00000000245a0000)]
  0x000000001c3e7800 JavaThread "Build operations Thread 4" [_thread_blocked, id=10032, stack(0x00000000243a0000,0x00000000244a0000)]
  0x000000001c3e8000 JavaThread "Build operations Thread 3" [_thread_blocked, id=12312, stack(0x00000000242a0000,0x00000000243a0000)]
  0x000000001c3e6000 JavaThread "Build operations Thread 2" [_thread_blocked, id=24852, stack(0x00000000241a0000,0x00000000242a0000)]
  0x000000001c3e9000 JavaThread "Build operations" [_thread_blocked, id=4008, stack(0x00000000240a0000,0x00000000241a0000)]
  0x000000001c052800 JavaThread "Cache worker for file content cache (C:\Users\Apolo\.gradle\caches\6.5\fileContent)" [_thread_blocked, id=22124, stack(0x00000000235f0000,0x00000000236f0000)]
  0x000000001c053800 JavaThread "jar transforms" [_thread_blocked, id=20968, stack(0x00000000234f0000,0x00000000235f0000)]
  0x000000001c051000 JavaThread "Cache worker for execution history cache (C:\Users\Apolo\.gradle\caches\6.5\executionHistory)" [_thread_blocked, id=25492, stack(0x0000000021b80000,0x0000000021c80000)]
  0x000000001c057000 JavaThread "Cache worker for cache directory md-rule (C:\Users\Apolo\.gradle\caches\6.5\md-rule)" [_thread_blocked, id=17504, stack(0x0000000021a80000,0x0000000021b80000)]
  0x000000001c055000 JavaThread "Cache worker for cache directory md-supplier (C:\Users\Apolo\.gradle\caches\6.5\md-supplier)" [_thread_blocked, id=23792, stack(0x0000000020810000,0x0000000020910000)]
  0x000000001c055800 JavaThread "Cache worker for checksums cache (C:\Android\Proyecto\VendedoresKT\ApoloVendedor\.gradle\checksums)" [_thread_blocked, id=25764, stack(0x0000000020710000,0x0000000020810000)]
  0x000000001c052000 JavaThread "Cache worker for file hash cache (C:\Android\Proyecto\VendedoresKT\ApoloVendedor\.gradle\6.5\fileHashes)" [_thread_blocked, id=21408, stack(0x0000000021980000,0x0000000021a80000)]
  0x000000001c056800 JavaThread "Cache worker for file hash cache (C:\Users\Apolo\.gradle\caches\6.5\fileHashes)" [_thread_blocked, id=15156, stack(0x000000001e270000,0x000000001e370000)]
  0x000000001c058000 JavaThread "File lock request listener" [_thread_in_native, id=25128, stack(0x000000001e170000,0x000000001e270000)]
  0x000000001c04f000 JavaThread "Cache worker for journal cache (C:\Users\Apolo\.gradle\caches\journal-1)" [_thread_blocked, id=11920, stack(0x000000001e070000,0x000000001e170000)]
  0x000000001be41800 JavaThread "Thread-9" [_thread_blocked, id=25428, stack(0x000000001dd70000,0x000000001de70000)]
  0x000000001be41000 JavaThread "Stdin handler" [_thread_blocked, id=2444, stack(0x000000001dc70000,0x000000001dd70000)]
  0x000000001be40000 JavaThread "Asynchronous log dispatcher for DefaultDaemonConnection: socket connection from /127.0.0.1:60527 to /127.0.0.1:60528" [_thread_blocked, id=25728, stack(0x000000001db70000,0x000000001dc70000)]
  0x000000001be3b800 JavaThread "Daemon worker" [_thread_in_native, id=25740, stack(0x000000001da70000,0x000000001db70000)]
  0x000000001be9e000 JavaThread "Cancel handler" [_thread_blocked, id=6004, stack(0x000000001d970000,0x000000001da70000)]
  0x000000001bdee000 JavaThread "Handler for socket connection from /127.0.0.1:60527 to /127.0.0.1:60528" [_thread_in_native, id=25112, stack(0x000000001d870000,0x000000001d970000)]
  0x000000001be97800 JavaThread "Daemon" [_thread_blocked, id=26544, stack(0x000000001d770000,0x000000001d870000)]
  0x000000001be9c000 JavaThread "Daemon periodic checks" [_thread_blocked, id=18416, stack(0x000000001d470000,0x000000001d570000)]
  0x000000001bdc7000 JavaThread "Incoming local TCP Connector on port 60527" [_thread_in_native, id=20692, stack(0x000000001d200000,0x000000001d300000)]
  0x000000001bd4e000 JavaThread "Daemon health stats" [_thread_blocked, id=25884, stack(0x000000001cbc0000,0x000000001ccc0000)]
  0x00000000193ca000 JavaThread "Service Thread" daemon [_thread_blocked, id=8996, stack(0x000000001a020000,0x000000001a120000)]
  0x0000000019340000 JavaThread "C1 CompilerThread3" daemon [_thread_blocked, id=23976, stack(0x0000000019f20000,0x000000001a020000)]
  0x0000000019338800 JavaThread "C2 CompilerThread2" daemon [_thread_blocked, id=13932, stack(0x0000000019e20000,0x0000000019f20000)]
  0x0000000019333800 JavaThread "C2 CompilerThread1" daemon [_thread_blocked, id=1172, stack(0x0000000019d20000,0x0000000019e20000)]
=>0x0000000019331800 JavaThread "C2 CompilerThread0" daemon [_thread_in_native, id=15536, stack(0x0000000019c20000,0x0000000019d20000)]
  0x0000000019331000 JavaThread "Attach Listener" daemon [_thread_blocked, id=2280, stack(0x0000000019b20000,0x0000000019c20000)]
  0x0000000019330000 JavaThread "Signal Dispatcher" daemon [_thread_blocked, id=3928, stack(0x0000000019a20000,0x0000000019b20000)]
  0x0000000019320800 JavaThread "Finalizer" daemon [_thread_blocked, id=26608, stack(0x0000000019800000,0x0000000019900000)]
  0x00000000024b8000 JavaThread "Reference Handler" daemon [_thread_blocked, id=24820, stack(0x0000000019700000,0x0000000019800000)]
  0x00000000022bd800 JavaThread "main" [_thread_blocked, id=26116, stack(0x00000000022c0000,0x00000000023c0000)]

Other Threads:
  0x0000000017526000 VMThread [stack: 0x0000000019200000,0x0000000019300000] [id=10744]
  0x00000000193ca800 WatcherThread [stack: 0x000000001a120000,0x000000001a220000] [id=21388]

VM state:not at safepoint (normal execution)

VM Mutex/Monitor currently owned by a thread: None

heap address: 0x0000000080000000, size: 2048 MB, Compressed Oops mode: 32-bit
Narrow klass base: 0x0000000000000000, Narrow klass shift: 3
Compressed class space size: 1073741824 Address: 0x0000000100000000

Heap:
 PSYoungGen      total 223232K, used 131865K [0x00000000d5580000, 0x00000000e7080000, 0x0000000100000000)
  eden space 203264K, 55% used [0x00000000d5580000,0x00000000dc49b050,0x00000000e1c00000)
  from space 19968K, 90% used [0x00000000e1c00000,0x00000000e2dab4a0,0x00000000e2f80000)
  to   space 22016K, 0% used [0x00000000e5b00000,0x00000000e5b00000,0x00000000e7080000)
 ParOldGen       total 120320K, used 33784K [0x0000000080000000, 0x0000000087580000, 0x00000000d5580000)
  object space 120320K, 28% used [0x0000000080000000,0x00000000820fe138,0x0000000087580000)
 Metaspace       used 69743K, capacity 73138K, committed 73240K, reserved 1112064K
  class space    used 9570K, capacity 10234K, committed 10280K, reserved 1048576K

Card table byte_map: [0x0000000011880000,0x0000000011c90000] byte_map_base: 0x0000000011480000

Marking Bits: (ParMarkBitMap*) 0x000000007106f030
 Begin Bits: [0x0000000012740000, 0x0000000014740000)
 End Bits:   [0x0000000014740000, 0x0000000016740000)

Polling page: 0x0000000002150000

CodeCache: size=245760Kb used=22245Kb max_used=22256Kb free=223514Kb
 bounds [0x00000000024c0000, 0x0000000003aa0000, 0x00000000114c0000]
 total_blobs=8072 nmethods=7271 adapters=714
 compilation: enabled

Compilation events (10 events):
Event: 8.440 Thread 0x0000000019340000 8335       3       kotlin.reflect.jvm.internal.impl.name.FqNameUnsafe::shortName (56 bytes)
Event: 8.440 Thread 0x0000000019340000 nmethod 8335 0x0000000003a93050 code [0x0000000003a93200, 0x0000000003a937f8]
Event: 8.440 Thread 0x0000000019340000 8336       3       kotlin.reflect.jvm.internal.impl.metadata.ProtoBuf$Type$Argument::isInitialized (49 bytes)
Event: 8.440 Thread 0x0000000019340000 nmethod 8336 0x0000000003a93a10 code [0x0000000003a93ba0, 0x0000000003a940a8]
Event: 8.443 Thread 0x0000000019340000 8337       1       kotlin.reflect.jvm.internal.impl.load.java.lazy.JavaResolverComponents::getStorageManager (5 bytes)
Event: 8.443 Thread 0x0000000019340000 nmethod 8337 0x0000000003a94450 code [0x0000000003a945a0, 0x0000000003a946b0]
Event: 8.444 Thread 0x0000000019333800 8338       4       kotlin.reflect.jvm.internal.impl.protobuf.CodedInputStream::readRawVarint32 (233 bytes)
Event: 8.446 Thread 0x0000000019340000 8339       3       kotlin.collections.MapsKt__MapsKt::emptyMap (21 bytes)
Event: 8.446 Thread 0x0000000019333800 nmethod 8338 0x0000000003a97590 code [0x0000000003a976e0, 0x0000000003a97948]
Event: 8.446 Thread 0x0000000019340000 nmethod 8339 0x0000000003a97290 code [0x0000000003a973e0, 0x0000000003a97530]

GC Heap History (10 events):
Event: 4.111 GC heap before
{Heap before GC invocations=12 (full 2):
 PSYoungGen      total 137728K, used 126464K [0x00000000d5580000, 0x00000000e1900000, 0x0000000100000000)
  eden space 126464K, 100% used [0x00000000d5580000,0x00000000dd100000,0x00000000dd100000)
  from space 11264K, 0% used [0x00000000dd100000,0x00000000dd100000,0x00000000ddc00000)
  to   space 12800K, 0% used [0x00000000e0c80000,0x00000000e0c80000,0x00000000e1900000)
 ParOldGen       total 78848K, used 17954K [0x0000000080000000, 0x0000000084d00000, 0x00000000d5580000)
  object space 78848K, 22% used [0x0000000080000000,0x0000000081188ab0,0x0000000084d00000)
 Metaspace       used 37676K, capacity 39474K, committed 39720K, reserved 1083392K
  class space    used 5201K, capacity 5556K, committed 5672K, reserved 1048576K
Event: 4.117 GC heap after
Heap after GC invocations=12 (full 2):
 PSYoungGen      total 170496K, used 8456K [0x00000000d5580000, 0x00000000e1500000, 0x0000000100000000)
  eden space 161792K, 0% used [0x00000000d5580000,0x00000000d5580000,0x00000000df380000)
  from space 8704K, 97% used [0x00000000e0c80000,0x00000000e14c2098,0x00000000e1500000)
  to   space 12800K, 0% used [0x00000000dfc00000,0x00000000dfc00000,0x00000000e0880000)
 ParOldGen       total 78848K, used 17962K [0x0000000080000000, 0x0000000084d00000, 0x00000000d5580000)
  object space 78848K, 22% used [0x0000000080000000,0x000000008118aab0,0x0000000084d00000)
 Metaspace       used 37676K, capacity 39474K, committed 39720K, reserved 1083392K
  class space    used 5201K, capacity 5556K, committed 5672K, reserved 1048576K
}
Event: 5.489 GC heap before
{Heap before GC invocations=13 (full 2):
 PSYoungGen      total 170496K, used 170248K [0x00000000d5580000, 0x00000000e1500000, 0x0000000100000000)
  eden space 161792K, 100% used [0x00000000d5580000,0x00000000df380000,0x00000000df380000)
  from space 8704K, 97% used [0x00000000e0c80000,0x00000000e14c2098,0x00000000e1500000)
  to   space 12800K, 0% used [0x00000000dfc00000,0x00000000dfc00000,0x00000000e0880000)
 ParOldGen       total 78848K, used 17962K [0x0000000080000000, 0x0000000084d00000, 0x00000000d5580000)
  object space 78848K, 22% used [0x0000000080000000,0x000000008118aab0,0x0000000084d00000)
 Metaspace       used 52322K, capacity 54504K, committed 54568K, reserved 1095680K
  class space    used 6978K, capacity 7460K, committed 7464K, reserved 1048576K
Event: 5.511 GC heap after
Heap after GC invocations=13 (full 2):
 PSYoungGen      total 183296K, used 12788K [0x00000000d5580000, 0x00000000e4200000, 0x0000000100000000)
  eden space 170496K, 0% used [0x00000000d5580000,0x00000000d5580000,0x00000000dfc00000)
  from space 12800K, 99% used [0x00000000dfc00000,0x00000000e087d300,0x00000000e0880000)
  to   space 18944K, 0% used [0x00000000e2f80000,0x00000000e2f80000,0x00000000e4200000)
 ParOldGen       total 78848K, used 30375K [0x0000000080000000, 0x0000000084d00000, 0x00000000d5580000)
  object space 78848K, 38% used [0x0000000080000000,0x0000000081da9ff8,0x0000000084d00000)
 Metaspace       used 52322K, capacity 54504K, committed 54568K, reserved 1095680K
  class space    used 6978K, capacity 7460K, committed 7464K, reserved 1048576K
}
Event: 6.087 GC heap before
{Heap before GC invocations=14 (full 2):
 PSYoungGen      total 183296K, used 62758K [0x00000000d5580000, 0x00000000e4200000, 0x0000000100000000)
  eden space 170496K, 29% used [0x00000000d5580000,0x00000000d864c6e8,0x00000000dfc00000)
  from space 12800K, 99% used [0x00000000dfc00000,0x00000000e087d300,0x00000000e0880000)
  to   space 18944K, 0% used [0x00000000e2f80000,0x00000000e2f80000,0x00000000e4200000)
 ParOldGen       total 78848K, used 30375K [0x0000000080000000, 0x0000000084d00000, 0x00000000d5580000)
  object space 78848K, 38% used [0x0000000080000000,0x0000000081da9ff8,0x0000000084d00000)
 Metaspace       used 56757K, capacity 59112K, committed 59160K, reserved 1099776K
  class space    used 7701K, capacity 8193K, committed 8232K, reserved 1048576K
Event: 6.100 GC heap after
Heap after GC invocations=14 (full 2):
 PSYoungGen      total 222208K, used 13904K [0x00000000d5580000, 0x00000000e4e00000, 0x0000000100000000)
  eden space 203264K, 0% used [0x00000000d5580000,0x00000000d5580000,0x00000000e1c00000)
  from space 18944K, 73% used [0x00000000e2f80000,0x00000000e3d14250,0x00000000e4200000)
  to   space 19968K, 0% used [0x00000000e1c00000,0x00000000e1c00000,0x00000000e2f80000)
 ParOldGen       total 78848K, used 35294K [0x0000000080000000, 0x0000000084d00000, 0x00000000d5580000)
  object space 78848K, 44% used [0x0000000080000000,0x00000000822778f8,0x0000000084d00000)
 Metaspace       used 56757K, capacity 59112K, committed 59160K, reserved 1099776K
  class space    used 7701K, capacity 8193K, committed 8232K, reserved 1048576K
}
Event: 6.100 GC heap before
{Heap before GC invocations=15 (full 3):
 PSYoungGen      total 222208K, used 13904K [0x00000000d5580000, 0x00000000e4e00000, 0x0000000100000000)
  eden space 203264K, 0% used [0x00000000d5580000,0x00000000d5580000,0x00000000e1c00000)
  from space 18944K, 73% used [0x00000000e2f80000,0x00000000e3d14250,0x00000000e4200000)
  to   space 19968K, 0% used [0x00000000e1c00000,0x00000000e1c00000,0x00000000e2f80000)
 ParOldGen       total 78848K, used 35294K [0x0000000080000000, 0x0000000084d00000, 0x00000000d5580000)
  object space 78848K, 44% used [0x0000000080000000,0x00000000822778f8,0x0000000084d00000)
 Metaspace       used 56757K, capacity 59112K, committed 59160K, reserved 1099776K
  class space    used 7701K, capacity 8193K, committed 8232K, reserved 1048576K
Event: 6.243 GC heap after
Heap after GC invocations=15 (full 3):
 PSYoungGen      total 222208K, used 0K [0x00000000d5580000, 0x00000000e4e00000, 0x0000000100000000)
  eden space 203264K, 0% used [0x00000000d5580000,0x00000000d5580000,0x00000000e1c00000)
  from space 18944K, 0% used [0x00000000e2f80000,0x00000000e2f80000,0x00000000e4200000)
  to   space 19968K, 0% used [0x00000000e1c00000,0x00000000e1c00000,0x00000000e2f80000)
 ParOldGen       total 120320K, used 33776K [0x0000000080000000, 0x0000000087580000, 0x00000000d5580000)
  object space 120320K, 28% used [0x0000000080000000,0x00000000820fc138,0x0000000087580000)
 Metaspace       used 56711K, capacity 58956K, committed 59160K, reserved 1099776K
  class space    used 7687K, capacity 8167K, committed 8232K, reserved 1048576K
}
Event: 7.788 GC heap before
{Heap before GC invocations=16 (full 3):
 PSYoungGen      total 222208K, used 203264K [0x00000000d5580000, 0x00000000e4e00000, 0x0000000100000000)
  eden space 203264K, 100% used [0x00000000d5580000,0x00000000e1c00000,0x00000000e1c00000)
  from space 18944K, 0% used [0x00000000e2f80000,0x00000000e2f80000,0x00000000e4200000)
  to   space 19968K, 0% used [0x00000000e1c00000,0x00000000e1c00000,0x00000000e2f80000)
 ParOldGen       total 120320K, used 33776K [0x0000000080000000, 0x0000000087580000, 0x00000000d5580000)
  object space 120320K, 28% used [0x0000000080000000,0x00000000820fc138,0x0000000087580000)
 Metaspace       used 65683K, capacity 69010K, committed 69144K, reserved 1107968K
  class space    used 9050K, capacity 9708K, committed 9768K, reserved 1048576K
Event: 7.806 GC heap after
Heap after GC invocations=16 (full 3):
 PSYoungGen      total 223232K, used 18093K [0x00000000d5580000, 0x00000000e7080000, 0x0000000100000000)
  eden space 203264K, 0% used [0x00000000d5580000,0x00000000d5580000,0x00000000e1c00000)
  from space 19968K, 90% used [0x00000000e1c00000,0x00000000e2dab4a0,0x00000000e2f80000)
  to   space 22016K, 0% used [0x00000000e5b00000,0x00000000e5b00000,0x00000000e7080000)
 ParOldGen       total 120320K, used 33784K [0x0000000080000000, 0x0000000087580000, 0x00000000d5580000)
  object space 120320K, 28% used [0x0000000080000000,0x00000000820fe138,0x0000000087580000)
 Metaspace       used 65683K, capacity 69010K, committed 69144K, reserved 1107968K
  class space    used 9050K, capacity 9708K, committed 9768K, reserved 1048576K
}

Deoptimization events (10 events):
Event: 8.046 Thread 0x000000001c3e8000 Uncommon trap: reason=class_check action=maybe_recompile pc=0x00000000032aeb7c method=com.google.common.cache.LocalCache$Segment.get(Ljava/lang/Object;I)Ljava/lang/Object; @ 49
Event: 8.046 Thread 0x000000001c3e8000 Uncommon trap: reason=class_check action=maybe_recompile pc=0x00000000032aeb7c method=com.google.common.cache.LocalCache$Segment.get(Ljava/lang/Object;I)Ljava/lang/Object; @ 49
Event: 8.069 Thread 0x000000001c3e6000 Uncommon trap: reason=null_check action=make_not_entrant pc=0x00000000039dc518 method=org.gradle.tooling.internal.provider.runner.SubtreeFilteringBuildOperationListener.finished(Lorg/gradle/internal/operations/BuildOperationDescriptor;Lorg/gradle/internal
Event: 8.069 Thread 0x000000001c3e8000 Uncommon trap: reason=null_check action=make_not_entrant pc=0x00000000039dc518 method=org.gradle.tooling.internal.provider.runner.SubtreeFilteringBuildOperationListener.finished(Lorg/gradle/internal/operations/BuildOperationDescriptor;Lorg/gradle/internal
Event: 8.069 Thread 0x000000001c3e7800 Uncommon trap: reason=null_check action=make_not_entrant pc=0x00000000039dc518 method=org.gradle.tooling.internal.provider.runner.SubtreeFilteringBuildOperationListener.finished(Lorg/gradle/internal/operations/BuildOperationDescriptor;Lorg/gradle/internal
Event: 8.069 Thread 0x000000001c3e4800 Uncommon trap: reason=null_check action=make_not_entrant pc=0x00000000039dc518 method=org.gradle.tooling.internal.provider.runner.SubtreeFilteringBuildOperationListener.finished(Lorg/gradle/internal/operations/BuildOperationDescriptor;Lorg/gradle/internal
Event: 8.080 Thread 0x000000001be3b800 Uncommon trap: reason=class_check action=maybe_recompile pc=0x00000000027ee1c4 method=java.util.HashMap.putVal(ILjava/lang/Object;Ljava/lang/Object;ZZ)Ljava/lang/Object; @ 203
Event: 8.080 Thread 0x000000001be3b800 Uncommon trap: reason=class_check action=maybe_recompile pc=0x00000000027ee1c4 method=java.util.HashMap.putVal(ILjava/lang/Object;Ljava/lang/Object;ZZ)Ljava/lang/Object; @ 203
Event: 8.080 Thread 0x000000001be3b800 Uncommon trap: reason=class_check action=maybe_recompile pc=0x00000000027ee1c4 method=java.util.HashMap.putVal(ILjava/lang/Object;Ljava/lang/Object;ZZ)Ljava/lang/Object; @ 203
Event: 8.357 Thread 0x000000001be3b800 Uncommon trap: reason=unstable_if action=reinterpret pc=0x0000000003a0b6b8 method=kotlin.reflect.jvm.internal.impl.protobuf.CodedInputStream.readRawVarint32()I @ 10

Classes redefined (0 events):
No events

Internal exceptions (10 events):
Event: 7.843 Thread 0x000000001be3b800 Exception <a 'java/lang/NoSuchMethodError': <clinit>> (0x00000000d59a5d70) thrown at [C:\src\AOSP-openjdk-git\hotspot\src\share\vm\prims\jni.cpp, line 1615]
Event: 7.844 Thread 0x000000001be3b800 Exception <a 'java/lang/NoSuchMethodError': <clinit>> (0x00000000d59c2320) thrown at [C:\src\AOSP-openjdk-git\hotspot\src\share\vm\prims\jni.cpp, line 1615]
Event: 7.844 Thread 0x000000001be3b800 Exception <a 'java/lang/NoSuchMethodError': <clinit>> (0x00000000d59c3bf8) thrown at [C:\src\AOSP-openjdk-git\hotspot\src\share\vm\prims\jni.cpp, line 1615]
Event: 7.873 Thread 0x000000001c3e9800 Implicit null exception at 0x00000000038c2280 to 0x00000000038c2a15
Event: 7.873 Thread 0x000000001c3e7800 Implicit null exception at 0x00000000038c2280 to 0x00000000038c2a15
Event: 7.873 Thread 0x000000001c3e6000 Implicit null exception at 0x00000000038c2280 to 0x00000000038c2a15
Event: 8.069 Thread 0x000000001c3e6000 Implicit null exception at 0x00000000039dc063 to 0x00000000039dc50d
Event: 8.069 Thread 0x000000001c3e8000 Implicit null exception at 0x00000000039dc063 to 0x00000000039dc50d
Event: 8.069 Thread 0x000000001c3e7800 Implicit null exception at 0x00000000039dc063 to 0x00000000039dc50d
Event: 8.069 Thread 0x000000001c3e4800 Implicit null exception at 0x00000000039dc063 to 0x00000000039dc50d

Events (10 events):
Event: 8.445 loading class kotlin/reflect/jvm/internal/impl/resolve/calls/inference/CapturedTypeConstructorKt$createCapturedIfNeeded$1
Event: 8.445 loading class kotlin/reflect/jvm/internal/impl/resolve/calls/inference/CapturedTypeConstructorKt$createCapturedIfNeeded$1 done
Event: 8.446 loading class kotlin/reflect/jvm/internal/impl/serialization/deserialization/descriptors/DeserializedClassDescriptor$DeserializedClassMemberScope$computeNonDeclaredFunctions$1
Event: 8.446 loading class kotlin/reflect/jvm/internal/impl/serialization/deserialization/descriptors/DeserializedClassDescriptor$DeserializedClassMemberScope$computeNonDeclaredFunctions$1 done
Event: 8.446 loading class kotlin/reflect/jvm/internal/impl/builtins/jvm/CloneableClassScope
Event: 8.446 loading class kotlin/reflect/jvm/internal/impl/builtins/jvm/CloneableClassScope done
Event: 8.447 loading class kotlin/reflect/jvm/internal/impl/resolve/scopes/GivenFunctionsMemberScope
Event: 8.447 loading class kotlin/reflect/jvm/internal/impl/resolve/scopes/GivenFunctionsMemberScope done
Event: 8.448 loading class kotlin/reflect/jvm/internal/impl/builtins/jvm/CloneableClassScope$Companion
Event: 8.448 loading class kotlin/reflect/jvm/internal/impl/builtins/jvm/CloneableClassScope$Companion done


Dynamic libraries:
0x00007ff704740000 - 0x00007ff704771000 	C:\Program Files\Android\Android Studio\jre\bin\java.exe
0x00007ffa6e5d0000 - 0x00007ffa6e7c5000 	C:\WINDOWS\SYSTEM32\ntdll.dll
0x00007ffa6d070000 - 0x00007ffa6d12d000 	C:\WINDOWS\System32\KERNEL32.DLL
0x00007ffa6bd10000 - 0x00007ffa6bfd9000 	C:\WINDOWS\System32\KERNELBASE.dll
0x00007ffa6e350000 - 0x00007ffa6e3fc000 	C:\WINDOWS\System32\ADVAPI32.dll
0x00007ffa6db30000 - 0x00007ffa6dbce000 	C:\WINDOWS\System32\msvcrt.dll
0x00007ffa6c6a0000 - 0x00007ffa6c73c000 	C:\WINDOWS\System32\sechost.dll
0x00007ffa6d920000 - 0x00007ffa6da4b000 	C:\WINDOWS\System32\RPCRT4.dll
0x00007ffa6e040000 - 0x00007ffa6e1e0000 	C:\WINDOWS\System32\USER32.dll
0x00007ffa6c340000 - 0x00007ffa6c362000 	C:\WINDOWS\System32\win32u.dll
0x00007ffa6e2c0000 - 0x00007ffa6e2ea000 	C:\WINDOWS\System32\GDI32.dll
0x00007ffa6c3c0000 - 0x00007ffa6c4cb000 	C:\WINDOWS\System32\gdi32full.dll
0x00007ffa6c1f0000 - 0x00007ffa6c28d000 	C:\WINDOWS\System32\msvcp_win.dll
0x00007ffa6c070000 - 0x00007ffa6c170000 	C:\WINDOWS\System32\ucrtbase.dll
0x00007ffa4fd30000 - 0x00007ffa4ffca000 	C:\WINDOWS\WinSxS\amd64_microsoft.windows.common-controls_6595b64144ccf1df_6.0.19041.844_none_ca00b6081b84eb1d\COMCTL32.dll
0x00007ffa6da50000 - 0x00007ffa6da80000 	C:\WINDOWS\System32\IMM32.DLL
0x00000000707c0000 - 0x0000000070892000 	C:\Program Files\Android\Android Studio\jre\jre\bin\msvcr100.dll
0x00000000708a0000 - 0x00000000710eb000 	C:\Program Files\Android\Android Studio\jre\jre\bin\server\jvm.dll
0x00007ffa6e510000 - 0x00007ffa6e518000 	C:\WINDOWS\System32\PSAPI.DLL
0x00007ffa4f1a0000 - 0x00007ffa4f1a9000 	C:\WINDOWS\SYSTEM32\WSOCK32.dll
0x00007ffa52690000 - 0x00007ffa526b7000 	C:\WINDOWS\SYSTEM32\WINMM.dll
0x00007ffa6e520000 - 0x00007ffa6e58b000 	C:\WINDOWS\System32\WS2_32.dll
0x00007ffa6b8a0000 - 0x00007ffa6b8aa000 	C:\WINDOWS\SYSTEM32\VERSION.dll
0x00007ffa63300000 - 0x00007ffa6330f000 	C:\Program Files\Android\Android Studio\jre\jre\bin\verify.dll
0x00007ffa3b8c0000 - 0x00007ffa3b8e9000 	C:\Program Files\Android\Android Studio\jre\jre\bin\java.dll
0x00007ffa3c560000 - 0x00007ffa3c576000 	C:\Program Files\Android\Android Studio\jre\jre\bin\zip.dll
0x00007ffa6d150000 - 0x00007ffa6d892000 	C:\WINDOWS\System32\SHELL32.dll
0x00007ffa69de0000 - 0x00007ffa6a570000 	C:\WINDOWS\SYSTEM32\windows.storage.dll
0x00007ffa6c990000 - 0x00007ffa6cce5000 	C:\WINDOWS\System32\combase.dll
0x00007ffa6b710000 - 0x00007ffa6b73c000 	C:\WINDOWS\SYSTEM32\Wldp.dll
0x00007ffa6e400000 - 0x00007ffa6e4ae000 	C:\WINDOWS\System32\SHCORE.dll
0x00007ffa6c640000 - 0x00007ffa6c695000 	C:\WINDOWS\System32\shlwapi.dll
0x00007ffa6bc50000 - 0x00007ffa6bc6f000 	C:\WINDOWS\SYSTEM32\profapi.dll
0x00007ffa3b310000 - 0x00007ffa3b32a000 	C:\Program Files\Android\Android Studio\jre\jre\bin\net.dll
0x00007ffa6b490000 - 0x00007ffa6b4fa000 	C:\WINDOWS\system32\mswsock.dll
0x00007ffa3ab50000 - 0x00007ffa3ab63000 	C:\Program Files\Android\Android Studio\jre\jre\bin\nio.dll
0x00007ffa631c0000 - 0x00007ffa631e7000 	C:\Users\Apolo\.gradle\native\f6784746aeab05261644944871eae4fe03e0ef1612fff0a4a95f87b438bc6780\windows-amd64\native-platform.dll
0x00007ffa60750000 - 0x00007ffa6075d000 	C:\Program Files\Android\Android Studio\jre\jre\bin\management.dll
0x00007ffa6b660000 - 0x00007ffa6b678000 	C:\WINDOWS\SYSTEM32\CRYPTSP.dll
0x00007ffa6adc0000 - 0x00007ffa6adf4000 	C:\WINDOWS\system32\rsaenh.dll
0x00007ffa6c040000 - 0x00007ffa6c067000 	C:\WINDOWS\System32\bcrypt.dll
0x00007ffa6bbd0000 - 0x00007ffa6bbfe000 	C:\WINDOWS\SYSTEM32\USERENV.dll
0x00007ffa6c170000 - 0x00007ffa6c1f0000 	C:\WINDOWS\System32\bcryptprimitives.dll
0x00007ffa6b680000 - 0x00007ffa6b68c000 	C:\WINDOWS\SYSTEM32\CRYPTBASE.dll
0x00007ffa6b130000 - 0x00007ffa6b16b000 	C:\WINDOWS\SYSTEM32\IPHLPAPI.DLL
0x00007ffa6c630000 - 0x00007ffa6c638000 	C:\WINDOWS\System32\NSI.dll
0x00007ffa5f6e0000 - 0x00007ffa5f6f7000 	C:\WINDOWS\SYSTEM32\dhcpcsvc6.DLL
0x00007ffa60270000 - 0x00007ffa6028d000 	C:\WINDOWS\SYSTEM32\dhcpcsvc.DLL
0x00007ffa6b1c0000 - 0x00007ffa6b28b000 	C:\WINDOWS\SYSTEM32\DNSAPI.dll
0x00007ffa60950000 - 0x00007ffa6095b000 	C:\WINDOWS\SYSTEM32\WINNSI.DLL

VM Arguments:
jvm_args: -Xmx2048m -Dfile.encoding=windows-1252 -Duser.country=ES -Duser.language=es -Duser.variant 
java_command: org.gradle.launcher.daemon.bootstrap.GradleDaemon 6.5
java_class_path (initial): C:\Users\Apolo\.gradle\wrapper\dists\gradle-6.5-bin\6nifqtx7604sqp1q6g8wikw7p\gradle-6.5\lib\gradle-launcher-6.5.jar
Launcher Type: SUN_STANDARD

Environment Variables:
PATH=C:\Program Files\Common Files\Oracle\Java\javapath;C:\Program Files (x86)\Common Files\Oracle\Java\javapath;C:\orant\bin;C:\WINDOWS\system32;C:\WINDOWS;C:\WINDOWS\System32\Wbem;C:\WINDOWS\System32\WindowsPowerShell\v1.0\;C:\WINDOWS\System32\OpenSSH\;C:\orant\jdk\bin;C:\Program Files (x86)\Intel\Intel(R) Memory And Storage Tool\;C:\Program Files\Git\cmd;C:\Program Files\nodejs\;C:\instantclient_12_1\;C:\Users\Apolo\AppData\Local\Microsoft\WindowsApps;C:\Users\Apolo\AppData\Local\Programs\Microsoft VS Code\bin;C:\Users\Apolo\AppData\Roaming\npm;C:\Users\Apolo\AppData\Local\atom\bin
USERNAME=Apolo
OS=Windows_NT
PROCESSOR_IDENTIFIER=Intel64 Family 6 Model 126 Stepping 5, GenuineIntel



---------------  S Y S T E M  ---------------

OS: Windows 10.0 , 64 bit Build 19041 (10.0.19041.804)

CPU:total 8 (initial active 8) (4 cores per cpu, 2 threads per core) family 6 model 126 stepping 5, cmov, cx8, fxsr, mmx, sse, sse2, sse3, ssse3, sse4.1, sse4.2, popcnt, avx, avx2, aes, clmul, erms, 3dnowpref, lzcnt, ht, tsc, tscinvbit, bmi1, bmi2, adx

Memory: 4k page, physical 8165048k(944684k free), swap 11736884k(7240k free)

vm_info: OpenJDK 64-Bit Server VM (25.242-b01) for windows-amd64 JRE (1.8.0_242-release-1644-b01), built by "builder" with MS VC++ 10.0 (VS2010)

time: Mon Mar 22 11:11:43 2021
timezone: Hora de verano de Paraguay
elapsed time: 8 seconds (0d 0h 0m 8s)

