#
# There is insufficient memory for the Java Runtime Environment to continue.
# Native memory allocation (malloc) failed to allocate 32744 bytes for ChunkPool::allocate
# Possible reasons:
#   The system is out of physical RAM or swap space
#   The process is running with CompressedOops enabled, and the Java Heap may be blocking the growth of the native heap
# Possible solutions:
#   Reduce memory load on the system
#   Increase physical memory or swap space
#   Check if swap backing store is full
#   Decrease Java heap size (-Xmx/-Xms)
#   Decrease number of Java threads
#   Decrease Java thread stack sizes (-Xss)
#   Set larger code cache with -XX:ReservedCodeCacheSize=
#   JVM is running with Unscaled Compressed Oops mode in which the Java heap is
#     placed in the first 4GB address space. The Java Heap base address is the
#     maximum limit for the native heap growth. Please use -XX:HeapBaseMinAddress
#     to set the Java Heap base and to place the Java Heap above 4GB virtual address.
# This output file may be truncated or incomplete.
#
#  Out of Memory Error (allocation.cpp:272), pid=17420, tid=0x0000000000002ad4
#
# JRE version: OpenJDK Runtime Environment (8.0_242-b01) (build 1.8.0_242-release-1644-b01)
# Java VM: OpenJDK 64-Bit Server VM (25.242-b01 mixed mode windows-amd64 compressed oops)
# Failed to write core dump. Minidumps are not enabled by default on client versions of Windows
#

---------------  T H R E A D  ---------------

Current thread (0x000000001a0eb000):  JavaThread "C1 CompilerThread3" daemon [_thread_in_native, id=10964, stack(0x000000001acd0000,0x000000001add0000)]

Stack: [0x000000001acd0000,0x000000001add0000]
[error occurred during error reporting (printing stack bounds), id 0xc0000005]

Native frames: (J=compiled Java code, j=interpreted, Vv=VM code, C=native code)


Current CompileTask:
C1:8352119 34850 %     3       com.android.tools.r8.ir.regalloc.a::a @ 63 (3992 bytes)


---------------  P R O C E S S  ---------------

Java Threads: ( => current thread )
  0x0000000023c61000 JavaThread "WorkerExecutor Queue Thread 14" [_thread_blocked, id=22524, stack(0x00000000376f0000,0x00000000377f0000)]
  0x0000000023c5e000 JavaThread "WorkerExecutor Queue Thread 13" [_thread_blocked, id=12000, stack(0x00000000375f0000,0x00000000376f0000)]
  0x0000000023c59000 JavaThread "WorkerExecutor Queue Thread 12" [_thread_blocked, id=21348, stack(0x0000000032900000,0x0000000032a00000)]
  0x0000000023c56000 JavaThread "WorkerExecutor Queue Thread 11" [_thread_in_Java, id=11408, stack(0x0000000032800000,0x0000000032900000)]
  0x0000000023c5c800 JavaThread "WorkerExecutor Queue Thread 10" [_thread_blocked, id=22408, stack(0x0000000032700000,0x0000000032800000)]
  0x0000000023c57800 JavaThread "Cache worker for Java compile cache (C:\Android\Proyecto\VendedoresKT\ApoloVendedor\.gradle\6.5\javaCompile)" [_thread_blocked, id=10672, stack(0x0000000032500000,0x0000000032600000)]
  0x000000002366d000 JavaThread "stdout" [_thread_in_native, id=21572, stack(0x0000000036f30000,0x0000000037030000)]
  0x000000002366c800 JavaThread "stderr" [_thread_in_native, id=22352, stack(0x0000000036e30000,0x0000000036f30000)]
  0x0000000023665000 JavaThread "stdout" [_thread_in_native, id=21372, stack(0x0000000036d30000,0x0000000036e30000)]
  0x000000002366b800 JavaThread "stderr" [_thread_in_native, id=15652, stack(0x0000000034870000,0x0000000034970000)]
  0x000000002366a000 JavaThread "stdout" [_thread_in_native, id=21168, stack(0x0000000034770000,0x0000000034870000)]
  0x0000000023664000 JavaThread "stderr" [_thread_in_native, id=21044, stack(0x0000000034670000,0x0000000034770000)]
  0x0000000023663800 JavaThread "stdout" [_thread_in_native, id=19120, stack(0x0000000034570000,0x0000000034670000)]
  0x0000000023660800 JavaThread "stderr" [_thread_in_native, id=18700, stack(0x0000000034470000,0x0000000034570000)]
  0x0000000023667000 JavaThread "stdout" [_thread_in_native, id=9232, stack(0x0000000034370000,0x0000000034470000)]
  0x0000000023666800 JavaThread "stderr" [_thread_in_native, id=21580, stack(0x0000000034270000,0x0000000034370000)]
  0x000000002365f000 JavaThread "stdout" [_thread_in_native, id=11684, stack(0x0000000034170000,0x0000000034270000)]
  0x000000001f50f800 JavaThread "stderr" [_thread_in_native, id=7520, stack(0x0000000034070000,0x0000000034170000)]
  0x000000001f515800 JavaThread "stdout" [_thread_in_native, id=7756, stack(0x0000000033f70000,0x0000000034070000)]
  0x000000001f50c800 JavaThread "stderr" [_thread_in_native, id=2212, stack(0x0000000033e70000,0x0000000033f70000)]
  0x000000001f512800 JavaThread "stdout" [_thread_in_native, id=5156, stack(0x0000000033d70000,0x0000000033e70000)]
  0x000000001f511800 JavaThread "stderr" [_thread_in_native, id=3156, stack(0x0000000033c70000,0x0000000033d70000)]
  0x000000001f50e800 JavaThread "WorkerExecutor Queue Thread 9" [_thread_in_Java, id=9156, stack(0x0000000033b70000,0x0000000033c70000)]
  0x000000001f50d000 JavaThread "pool-83-thread-1" [_thread_blocked, id=20104, stack(0x0000000032000000,0x0000000032100000)]
  0x000000001f510000 JavaThread "WorkerExecutor Queue Thread 8" [_thread_in_vm, id=7232, stack(0x0000000032a00000,0x0000000032b00000)]
  0x000000001c064800 JavaThread "WorkerExecutor Queue Thread 4" [_thread_blocked, id=18008, stack(0x0000000032600000,0x0000000032700000)]
  0x000000001c063000 JavaThread "WorkerExecutor Queue" [_thread_in_native, id=11700, stack(0x0000000032300000,0x0000000032400000)]
  0x000000001c062000 JavaThread "Cache worker for execution history cache (C:\Android\Proyecto\VendedoresKT\ApoloVendedor\.gradle\6.5\executionHistory)" [_thread_blocked, id=19496, stack(0x0000000031d00000,0x0000000031e00000)]
  0x000000001c05a000 JavaThread "Execution worker for ':' Thread 7" [_thread_blocked, id=16716, stack(0x0000000031c00000,0x0000000031d00000)]
  0x000000001c058800 JavaThread "Execution worker for ':' Thread 6" [_thread_blocked, id=3024, stack(0x0000000031b00000,0x0000000031c00000)]
  0x000000001c05f000 JavaThread "Execution worker for ':' Thread 5" [_thread_blocked, id=11416, stack(0x0000000031a00000,0x0000000031b00000)]
  0x000000001c059000 JavaThread "Execution worker for ':' Thread 4" [_thread_blocked, id=13796, stack(0x0000000030ef0000,0x0000000030ff0000)]
  0x000000001c057000 JavaThread "Execution worker for ':' Thread 3" [_thread_blocked, id=21760, stack(0x0000000030a30000,0x0000000030b30000)]
  0x000000001c057800 JavaThread "Execution worker for ':' Thread 2" [_thread_blocked, id=4380, stack(0x0000000030930000,0x0000000030a30000)]
  0x000000001c05d800 JavaThread "Execution worker for ':'" [_thread_blocked, id=19036, stack(0x0000000030830000,0x0000000030930000)]
  0x000000001c056000 JavaThread "Cache worker for file content cache (C:\Android\Proyecto\VendedoresKT\ApoloVendedor\.gradle\6.5\fileContent)" [_thread_blocked, id=21816, stack(0x000000002f450000,0x000000002f550000)]
  0x000000001c05a800 JavaThread "Cache worker for Build Output Cleanup Cache (C:\Android\Proyecto\VendedoresKT\ApoloVendedor\.gradle\buildOutputCleanup)" [_thread_blocked, id=17716, stack(0x000000002e940000,0x000000002ea40000)]
  0x000000001b878000 JavaThread "Build operations Thread 8" [_thread_blocked, id=6252, stack(0x0000000025170000,0x0000000025270000)]
  0x000000001b877800 JavaThread "Build operations Thread 7" [_thread_blocked, id=17796, stack(0x0000000025070000,0x0000000025170000)]
  0x000000001b876000 JavaThread "Build operations Thread 6" [_thread_blocked, id=21448, stack(0x0000000024f70000,0x0000000025070000)]
  0x000000001b879000 JavaThread "Build operations Thread 5" [_thread_blocked, id=20672, stack(0x0000000024e70000,0x0000000024f70000)]
  0x000000001b875000 JavaThread "Build operations Thread 4" [_thread_blocked, id=16800, stack(0x0000000024d70000,0x0000000024e70000)]
  0x000000001b874800 JavaThread "Build operations Thread 3" [_thread_blocked, id=5392, stack(0x0000000024c70000,0x0000000024d70000)]
  0x000000001b86d000 JavaThread "Build operations Thread 2" [_thread_blocked, id=17580, stack(0x0000000024b70000,0x0000000024c70000)]
  0x000000001b873800 JavaThread "Build operations" [_thread_blocked, id=15336, stack(0x0000000024a70000,0x0000000024b70000)]
  0x000000001b873000 JavaThread "Cache worker for cache directory md-rule (C:\Users\Apolo\.gradle\caches\6.5\md-rule)" [_thread_blocked, id=11304, stack(0x0000000022bf0000,0x0000000022cf0000)]
  0x000000001b872000 JavaThread "Cache worker for cache directory md-supplier (C:\Users\Apolo\.gradle\caches\6.5\md-supplier)" [_thread_blocked, id=5888, stack(0x00000000217c0000,0x00000000218c0000)]
  0x000000001b871800 JavaThread "Cache worker for checksums cache (C:\Android\Proyecto\VendedoresKT\ApoloVendedor\.gradle\checksums)" [_thread_blocked, id=18692, stack(0x00000000216c0000,0x00000000217c0000)]
  0x000000001b86f000 JavaThread "Cache worker for file hash cache (C:\Android\Proyecto\VendedoresKT\ApoloVendedor\.gradle\6.5\fileHashes)" [_thread_blocked, id=3860, stack(0x00000000215c0000,0x00000000216c0000)]
  0x000000001b86e800 JavaThread "Thread-5242" [_thread_blocked, id=3184, stack(0x00000000212c0000,0x00000000213c0000)]
  0x000000001b86a000 JavaThread "Stdin handler" [_thread_blocked, id=9756, stack(0x000000001e920000,0x000000001ea20000)]
  0x000000001b86b800 JavaThread "Asynchronous log dispatcher for DefaultDaemonConnection: socket connection from /127.0.0.1:49924 to /127.0.0.1:55997" [_thread_blocked, id=7004, stack(0x000000001e820000,0x000000001e920000)]
  0x000000001b870000 JavaThread "Cancel handler" [_thread_blocked, id=20552, stack(0x0000000001550000,0x0000000001650000)]
  0x000000001b870800 JavaThread "Handler for socket connection from /127.0.0.1:49924 to /127.0.0.1:55997" [_thread_in_native, id=22328, stack(0x0000000001450000,0x0000000001550000)]
  0x000000001c05c000 JavaThread "RMI TCP Connection(108)-127.0.0.1" daemon [_thread_in_native, id=15476, stack(0x0000000032200000,0x0000000032300000)]
  0x000000001c05b800 JavaThread "RMI TCP Connection(109)-127.0.0.1" daemon [_thread_in_native, id=19548, stack(0x0000000032100000,0x0000000032200000)]
  0x0000000020f1e800 JavaThread "jar transforms Thread 3729" [_thread_blocked, id=12080, stack(0x000000002e840000,0x000000002e940000)]
  0x0000000020f23000 JavaThread "jar transforms Thread 3728" [_thread_blocked, id=19044, stack(0x000000002c620000,0x000000002c720000)]
  0x0000000020f1c000 JavaThread "jar transforms Thread 3727" [_thread_blocked, id=19292, stack(0x000000002c1b0000,0x000000002c2b0000)]
  0x0000000020f1f000 JavaThread "jar transforms Thread 3726" [_thread_blocked, id=19340, stack(0x000000002c0b0000,0x000000002c1b0000)]
  0x0000000020f1b800 JavaThread "jar transforms Thread 3725" [_thread_blocked, id=10232, stack(0x000000002bfb0000,0x000000002c0b0000)]
  0x0000000020f22000 JavaThread "jar transforms Thread 3724" [_thread_blocked, id=1064, stack(0x000000002beb0000,0x000000002bfb0000)]
  0x0000000020f1a800 JavaThread "jar transforms Thread 3723" [_thread_blocked, id=22108, stack(0x000000002bdb0000,0x000000002beb0000)]
  0x0000000020f1d800 JavaThread "jar transforms Thread 3722" [_thread_blocked, id=20764, stack(0x000000002bcb0000,0x000000002bdb0000)]
  0x0000000020f20800 JavaThread "jar transforms Thread 3721" [_thread_blocked, id=2384, stack(0x000000002bbb0000,0x000000002bcb0000)]
  0x0000000020f1d000 JavaThread "jar transforms Thread 3720" [_thread_blocked, id=21196, stack(0x000000002bab0000,0x000000002bbb0000)]
  0x0000000020f21800 JavaThread "jar transforms Thread 3719" [_thread_blocked, id=19400, stack(0x000000002b9b0000,0x000000002bab0000)]
  0x0000000020f20000 JavaThread "jar transforms Thread 3718" [_thread_blocked, id=20700, stack(0x000000002b8b0000,0x000000002b9b0000)]
  0x0000000020f12800 JavaThread "jar transforms Thread 3717" [_thread_blocked, id=5216, stack(0x000000002b7b0000,0x000000002b8b0000)]
  0x0000000020f19000 JavaThread "jar transforms Thread 3716" [_thread_blocked, id=15764, stack(0x000000002b6b0000,0x000000002b7b0000)]
  0x0000000020f11800 JavaThread "jar transforms Thread 3715" [_thread_blocked, id=532, stack(0x000000002b5b0000,0x000000002b6b0000)]
  0x0000000020f18800 JavaThread "jar transforms Thread 3714" [_thread_blocked, id=18928, stack(0x000000002b4b0000,0x000000002b5b0000)]
  0x0000000020f17800 JavaThread "jar transforms Thread 3713" [_thread_blocked, id=13436, stack(0x000000002b3b0000,0x000000002b4b0000)]
  0x0000000020f10000 JavaThread "jar transforms Thread 3712" [_thread_blocked, id=9520, stack(0x000000002b2b0000,0x000000002b3b0000)]
  0x0000000020f17000 JavaThread "jar transforms Thread 3711" [_thread_blocked, id=20880, stack(0x000000002b1b0000,0x000000002b2b0000)]
  0x0000000020f15800 JavaThread "jar transforms Thread 3710" [_thread_blocked, id=21316, stack(0x000000002b0b0000,0x000000002b1b0000)]
  0x0000000020f11000 JavaThread "jar transforms Thread 3709" [_thread_blocked, id=15516, stack(0x000000002afb0000,0x000000002b0b0000)]
  0x0000000020f16000 JavaThread "jar transforms Thread 3708" [_thread_blocked, id=22384, stack(0x000000002aeb0000,0x000000002afb0000)]
  0x0000000020f14800 JavaThread "jar transforms Thread 3707" [_thread_blocked, id=20212, stack(0x000000002adb0000,0x000000002aeb0000)]
  0x0000000020f14000 JavaThread "jar transforms Thread 3706" [_thread_blocked, id=20904, stack(0x000000002acb0000,0x000000002adb0000)]
  0x0000000020f08800 JavaThread "jar transforms Thread 3705" [_thread_blocked, id=21724, stack(0x000000002abb0000,0x000000002acb0000)]
  0x0000000020f0c800 JavaThread "jar transforms Thread 3704" [_thread_blocked, id=21776, stack(0x000000002aab0000,0x000000002abb0000)]
  0x0000000020f0f800 JavaThread "jar transforms Thread 3703" [_thread_blocked, id=3680, stack(0x000000002a9b0000,0x000000002aab0000)]
  0x0000000020f0b000 JavaThread "jar transforms Thread 3702" [_thread_blocked, id=18384, stack(0x000000002a8b0000,0x000000002a9b0000)]
  0x0000000020f0a000 JavaThread "jar transforms Thread 3701" [_thread_blocked, id=10588, stack(0x000000002a7b0000,0x000000002a8b0000)]
  0x0000000020f0e800 JavaThread "jar transforms Thread 3700" [_thread_blocked, id=17776, stack(0x000000002a6b0000,0x000000002a7b0000)]
  0x0000000020f0d000 JavaThread "jar transforms Thread 3699" [_thread_blocked, id=12484, stack(0x000000002a5b0000,0x000000002a6b0000)]
  0x0000000020f0e000 JavaThread "jar transforms Thread 3698" [_thread_blocked, id=21624, stack(0x000000002a4b0000,0x000000002a5b0000)]
  0x0000000020f09800 JavaThread "jar transforms Thread 3697" [_thread_blocked, id=21712, stack(0x000000002a3b0000,0x000000002a4b0000)]
  0x000000001fcfe800 JavaThread "jar transforms Thread 3696" [_thread_blocked, id=15560, stack(0x000000002a2b0000,0x000000002a3b0000)]
  0x000000001fcfd000 JavaThread "jar transforms Thread 3695" [_thread_blocked, id=21584, stack(0x000000002a1b0000,0x000000002a2b0000)]
  0x000000001fcfd800 JavaThread "jar transforms Thread 3694" [_thread_blocked, id=22468, stack(0x000000002a0b0000,0x000000002a1b0000)]
  0x000000001fcfc000 JavaThread "jar transforms Thread 3693" [_thread_blocked, id=9928, stack(0x0000000029fb0000,0x000000002a0b0000)]
  0x000000001fcff000 JavaThread "jar transforms Thread 3692" [_thread_blocked, id=13544, stack(0x0000000029eb0000,0x0000000029fb0000)]
  0x000000001fcf4800 JavaThread "jar transforms Thread 3691" [_thread_blocked, id=20476, stack(0x0000000029db0000,0x0000000029eb0000)]
  0x000000001fcfa800 JavaThread "jar transforms Thread 3690" [_thread_blocked, id=7896, stack(0x0000000029cb0000,0x0000000029db0000)]
  0x000000001fcf3000 JavaThread "jar transforms Thread 3689" [_thread_blocked, id=18820, stack(0x0000000029bb0000,0x0000000029cb0000)]
  0x000000001fcfa000 JavaThread "jar transforms Thread 3688" [_thread_blocked, id=8292, stack(0x0000000029ab0000,0x0000000029bb0000)]
  0x000000001fcf9000 JavaThread "jar transforms Thread 3687" [_thread_blocked, id=20424, stack(0x00000000299b0000,0x0000000029ab0000)]
  0x000000001fcf8800 JavaThread "jar transforms Thread 3686" [_thread_blocked, id=9484, stack(0x00000000298b0000,0x00000000299b0000)]
  0x000000001fcf1000 JavaThread "jar transforms Thread 3685" [_thread_blocked, id=17484, stack(0x00000000297b0000,0x00000000298b0000)]
  0x000000001fcf2800 JavaThread "jar transforms Thread 3684" [_thread_blocked, id=17668, stack(0x00000000296b0000,0x00000000297b0000)]
  0x000000001fcf4000 JavaThread "jar transforms Thread 3683" [_thread_blocked, id=11244, stack(0x00000000295b0000,0x00000000296b0000)]
  0x000000001fcf6000 JavaThread "jar transforms Thread 3682" [_thread_blocked, id=15088, stack(0x00000000294b0000,0x00000000295b0000)]
  0x000000001fcf7800 JavaThread "jar transforms Thread 3681" [_thread_blocked, id=17020, stack(0x00000000293b0000,0x00000000294b0000)]
  0x000000001fcf0000 JavaThread "jar transforms Thread 3680" [_thread_blocked, id=2352, stack(0x00000000292b0000,0x00000000293b0000)]
  0x000000001fcf7000 JavaThread "jar transforms Thread 3679" [_thread_blocked, id=19552, stack(0x00000000291b0000,0x00000000292b0000)]
  0x000000001fcf1800 JavaThread "jar transforms Thread 3678" [_thread_blocked, id=18588, stack(0x00000000290b0000,0x00000000291b0000)]
  0x000000001fcf5800 JavaThread "jar transforms Thread 3677" [_thread_blocked, id=7932, stack(0x0000000028fb0000,0x00000000290b0000)]
  0x000000001fce9000 JavaThread "jar transforms Thread 3676" [_thread_blocked, id=22288, stack(0x0000000028eb0000,0x0000000028fb0000)]
  0x000000001fce8800 JavaThread "jar transforms Thread 3675" [_thread_blocked, id=19364, stack(0x0000000028db0000,0x0000000028eb0000)]
  0x000000001fcec800 JavaThread "jar transforms Thread 3674" [_thread_blocked, id=21176, stack(0x0000000028cb0000,0x0000000028db0000)]
  0x000000001fcee800 JavaThread "jar transforms Thread 3673" [_thread_blocked, id=21392, stack(0x0000000028bb0000,0x0000000028cb0000)]
  0x000000001fcee000 JavaThread "jar transforms Thread 3672" [_thread_blocked, id=21496, stack(0x0000000028ab0000,0x0000000028bb0000)]
  0x000000001fceb800 JavaThread "jar transforms Thread 3671" [_thread_blocked, id=13508, stack(0x00000000289b0000,0x0000000028ab0000)]
  0x000000001fceb000 JavaThread "jar transforms Thread 3670" [_thread_blocked, id=22500, stack(0x00000000288b0000,0x00000000289b0000)]
  0x000000001fcef800 JavaThread "jar transforms Thread 3669" [_thread_blocked, id=18128, stack(0x00000000287b0000,0x00000000288b0000)]
  0x000000001fced000 JavaThread "jar transforms Thread 3668" [_thread_blocked, id=15896, stack(0x00000000286b0000,0x00000000287b0000)]
  0x000000001fce1000 JavaThread "jar transforms Thread 3667" [_thread_blocked, id=17268, stack(0x00000000285b0000,0x00000000286b0000)]
  0x000000001fce4000 JavaThread "jar transforms Thread 3666" [_thread_blocked, id=22460, stack(0x00000000284b0000,0x00000000285b0000)]
  0x000000001fce7800 JavaThread "jar transforms Thread 3665" [_thread_blocked, id=21636, stack(0x00000000283b0000,0x00000000284b0000)]
  0x000000001fce3000 JavaThread "jar transforms Thread 3664" [_thread_blocked, id=12412, stack(0x00000000282b0000,0x00000000283b0000)]
  0x000000001fce4800 JavaThread "jar transforms Thread 3663" [_thread_blocked, id=21800, stack(0x00000000281b0000,0x00000000282b0000)]
  0x000000001fce7000 JavaThread "jar transforms Thread 3662" [_thread_blocked, id=17964, stack(0x00000000280b0000,0x00000000281b0000)]
  0x000000001fce2800 JavaThread "jar transforms Thread 3661" [_thread_blocked, id=3796, stack(0x0000000027fb0000,0x00000000280b0000)]
  0x000000001fce1800 JavaThread "jar transforms Thread 3660" [_thread_blocked, id=10444, stack(0x0000000027eb0000,0x0000000027fb0000)]
  0x000000001fce6000 JavaThread "jar transforms Thread 3659" [_thread_blocked, id=9116, stack(0x0000000027db0000,0x0000000027eb0000)]
  0x000000001fce5800 JavaThread "jar transforms Thread 3658" [_thread_blocked, id=20352, stack(0x0000000027cb0000,0x0000000027db0000)]
  0x000000001fce0000 JavaThread "jar transforms Thread 3657" [_thread_blocked, id=13624, stack(0x0000000027bb0000,0x0000000027cb0000)]
  0x000000002307d800 JavaThread "jar transforms Thread 3656" [_thread_blocked, id=19416, stack(0x0000000027ab0000,0x0000000027bb0000)]
  0x000000002307c800 JavaThread "jar transforms Thread 3655" [_thread_blocked, id=2184, stack(0x00000000279b0000,0x0000000027ab0000)]
  0x000000002307c000 JavaThread "jar transforms Thread 3654" [_thread_blocked, id=16324, stack(0x00000000278b0000,0x00000000279b0000)]
  0x000000002307b000 JavaThread "jar transforms Thread 3653" [_thread_blocked, id=15496, stack(0x00000000277b0000,0x00000000278b0000)]
  0x000000002307e000 JavaThread "jar transforms Thread 3652" [_thread_blocked, id=8720, stack(0x00000000276b0000,0x00000000277b0000)]
  0x000000002307f000 JavaThread "jar transforms Thread 3651" [_thread_blocked, id=15464, stack(0x00000000275b0000,0x00000000276b0000)]
  0x0000000023073800 JavaThread "jar transforms Thread 3650" [_thread_blocked, id=22348, stack(0x00000000274b0000,0x00000000275b0000)]
  0x0000000023079800 JavaThread "jar transforms Thread 3649" [_thread_blocked, id=13676, stack(0x00000000273b0000,0x00000000274b0000)]
  0x000000002307a800 JavaThread "jar transforms Thread 3648" [_thread_blocked, id=16624, stack(0x00000000272b0000,0x00000000273b0000)]
  0x0000000023073000 JavaThread "jar transforms Thread 3647" [_thread_blocked, id=11504, stack(0x00000000271b0000,0x00000000272b0000)]
  0x0000000023074800 JavaThread "jar transforms Thread 3646" [_thread_blocked, id=21972, stack(0x00000000270b0000,0x00000000271b0000)]
  0x0000000023079000 JavaThread "jar transforms Thread 3645" [_thread_blocked, id=19576, stack(0x0000000026fb0000,0x00000000270b0000)]
  0x0000000023076800 JavaThread "jar transforms Thread 3644" [_thread_blocked, id=9420, stack(0x0000000026eb0000,0x0000000026fb0000)]
  0x0000000023078000 JavaThread "jar transforms Thread 3643" [_thread_blocked, id=9524, stack(0x0000000026db0000,0x0000000026eb0000)]
  0x0000000023075000 JavaThread "jar transforms Thread 3642" [_thread_blocked, id=4284, stack(0x0000000026cb0000,0x0000000026db0000)]
  0x0000000023076000 JavaThread "jar transforms Thread 3641" [_thread_blocked, id=22168, stack(0x0000000026bb0000,0x0000000026cb0000)]
  0x0000000023077800 JavaThread "jar transforms Thread 3640" [_thread_blocked, id=16556, stack(0x0000000026ab0000,0x0000000026bb0000)]
  0x000000002306b800 JavaThread "jar transforms Thread 3639" [_thread_blocked, id=12984, stack(0x00000000269b0000,0x0000000026ab0000)]
  0x0000000023072000 JavaThread "jar transforms Thread 3638" [_thread_blocked, id=16780, stack(0x00000000268b0000,0x00000000269b0000)]
  0x000000002306a800 JavaThread "jar transforms Thread 3637" [_thread_blocked, id=9748, stack(0x00000000267b0000,0x00000000268b0000)]
  0x0000000023071800 JavaThread "jar transforms Thread 3636" [_thread_blocked, id=13840, stack(0x00000000266b0000,0x00000000267b0000)]
  0x000000002306d000 JavaThread "jar transforms Thread 3635" [_thread_blocked, id=20228, stack(0x00000000265b0000,0x00000000266b0000)]
  0x000000002306a000 JavaThread "jar transforms Thread 3634" [_thread_blocked, id=17332, stack(0x00000000264b0000,0x00000000265b0000)]
  0x0000000023070800 JavaThread "jar transforms Thread 3633" [_thread_blocked, id=16704, stack(0x00000000263b0000,0x00000000264b0000)]
  0x0000000023070000 JavaThread "jar transforms Thread 3632" [_thread_blocked, id=16768, stack(0x00000000262b0000,0x00000000263b0000)]
  0x000000002306f000 JavaThread "jar transforms Thread 3631" [_thread_blocked, id=15420, stack(0x00000000261b0000,0x00000000262b0000)]
  0x000000002306d800 JavaThread "jar transforms Thread 3630" [_thread_blocked, id=4176, stack(0x00000000260b0000,0x00000000261b0000)]
  0x000000002306c000 JavaThread "jar transforms Thread 3629" [_thread_blocked, id=19688, stack(0x0000000025fb0000,0x00000000260b0000)]
  0x000000002306e800 JavaThread "jar transforms Thread 3628" [_thread_blocked, id=20752, stack(0x0000000025eb0000,0x0000000025fb0000)]
  0x0000000023069000 JavaThread "jar transforms Thread 3627" [_thread_blocked, id=20868, stack(0x0000000025db0000,0x0000000025eb0000)]
  0x0000000023061800 JavaThread "jar transforms Thread 3626" [_thread_blocked, id=18276, stack(0x0000000025cb0000,0x0000000025db0000)]
  0x0000000023061000 JavaThread "jar transforms Thread 3625" [_thread_blocked, id=17460, stack(0x0000000025bb0000,0x0000000025cb0000)]
  0x0000000023064000 JavaThread "jar transforms Thread 3624" [_thread_blocked, id=21208, stack(0x0000000025ab0000,0x0000000025bb0000)]
  0x0000000023063000 JavaThread "jar transforms Thread 3623" [_thread_blocked, id=18636, stack(0x00000000259b0000,0x0000000025ab0000)]
  0x0000000023067800 JavaThread "jar transforms Thread 3622" [_thread_blocked, id=17972, stack(0x00000000258b0000,0x00000000259b0000)]
  0x0000000023060000 JavaThread "jar transforms Thread 3621" [_thread_blocked, id=10208, stack(0x00000000257b0000,0x00000000258b0000)]
  0x0000000023066000 JavaThread "jar transforms Thread 3620" [_thread_blocked, id=21604, stack(0x00000000256b0000,0x00000000257b0000)]
  0x0000000023062800 JavaThread "jar transforms Thread 3619" [_thread_blocked, id=21432, stack(0x0000000025470000,0x0000000025570000)]
  0x0000000023065800 JavaThread "jar transforms Thread 3618" [_thread_blocked, id=15856, stack(0x0000000025370000,0x0000000025470000)]
  0x0000000023064800 JavaThread "jar transforms Thread 3617" [_thread_blocked, id=21752, stack(0x0000000025270000,0x0000000025370000)]
  0x000000001b86d800 JavaThread "Daemon worker Thread 33" [_thread_blocked, id=16708, stack(0x000000001e520000,0x000000001e620000)]
  0x000000001b86a800 JavaThread "Daemon Thread 33" [_thread_blocked, id=4976, stack(0x0000000001350000,0x0000000001450000)]
  0x000000001d6a3800 JavaThread "MarlinRenderer Disposer" daemon [_thread_blocked, id=5752, stack(0x00000000374f0000,0x00000000375f0000)]
  0x000000001d6a2000 JavaThread "Java2D Disposer" daemon [_thread_blocked, id=14152, stack(0x00000000349d0000,0x0000000034ad0000)]
  0x000000001b86c000 JavaThread "Cache worker for Java compile cache (C:\Users\Apolo\.gradle\caches\6.5\javaCompile)" [_thread_blocked, id=12160, stack(0x000000002fe50000,0x000000002ff50000)]
  0x0000000023662000 JavaThread "RMI Reaper" [_thread_blocked, id=22104, stack(0x0000000030df0000,0x0000000030ef0000)]
  0x0000000023662800 JavaThread "RMI TCP Accept-0" daemon [_thread_in_native, id=17828, stack(0x0000000030050000,0x0000000030150000)]
  0x000000001f622000 JavaThread "GC Daemon" daemon [_thread_blocked, id=21444, stack(0x000000002ff50000,0x0000000030050000)]
  0x000000001f61d000 JavaThread "RMI Scheduler(0)" daemon [_thread_blocked, id=17504, stack(0x000000002c2b0000,0x000000002c3b0000)]
  0x0000000023c56800 JavaThread "Memory manager" [_thread_blocked, id=21968, stack(0x000000002c920000,0x000000002ca20000)]
  0x000000001cc8b000 JavaThread "Cache worker for file content cache (C:\Users\Apolo\.gradle\caches\6.5\fileContent)" [_thread_blocked, id=18336, stack(0x0000000024370000,0x0000000024470000)]
  0x000000001cc8a000 JavaThread "Cache worker for execution history cache (C:\Users\Apolo\.gradle\caches\6.5\executionHistory)" [_thread_blocked, id=19160, stack(0x00000000218c0000,0x00000000219c0000)]
  0x000000001cc85000 JavaThread "Cache worker for file hash cache (C:\Users\Apolo\.gradle\caches\6.5\fileHashes)" [_thread_blocked, id=2844, stack(0x000000001fff0000,0x00000000200f0000)]
  0x000000001cc85800 JavaThread "File lock request listener" [_thread_in_native, id=13380, stack(0x000000001ef20000,0x000000001f020000)]
  0x000000001cc83800 JavaThread "Cache worker for journal cache (C:\Users\Apolo\.gradle\caches\journal-1)" [_thread_blocked, id=20944, stack(0x000000001ee20000,0x000000001ef20000)]
  0x000000001cb54800 JavaThread "Daemon periodic checks" [_thread_blocked, id=16488, stack(0x000000001e220000,0x000000001e320000)]
  0x000000001cb3f000 JavaThread "Incoming local TCP Connector on port 49924" [_thread_in_native, id=18796, stack(0x000000001dfb0000,0x000000001e0b0000)]
  0x000000001b0d1800 JavaThread "Daemon health stats" [_thread_blocked, id=11476, stack(0x000000001d970000,0x000000001da70000)]
  0x000000001a167800 JavaThread "Service Thread" daemon [_thread_blocked, id=11640, stack(0x000000001add0000,0x000000001aed0000)]
=>0x000000001a0eb000 JavaThread "C1 CompilerThread3" daemon [_thread_in_native, id=10964, stack(0x000000001acd0000,0x000000001add0000)]
  0x00000000182ec800 JavaThread "C2 CompilerThread2" daemon [_thread_in_native, id=21344, stack(0x000000001abd0000,0x000000001acd0000)]
  0x00000000182ea000 JavaThread "C2 CompilerThread1" daemon [_thread_in_native, id=10516, stack(0x000000001aad0000,0x000000001abd0000)]
  0x000000001a0e3800 JavaThread "C2 CompilerThread0" daemon [_thread_in_native, id=16264, stack(0x000000001a9d0000,0x000000001aad0000)]
  0x000000001a0e3000 JavaThread "Attach Listener" daemon [_thread_blocked, id=14484, stack(0x000000001a8d0000,0x000000001a9d0000)]
  0x000000001a0e5800 JavaThread "Signal Dispatcher" daemon [_thread_blocked, id=20364, stack(0x000000001a7d0000,0x000000001a8d0000)]
  0x000000000326e000 JavaThread "Finalizer" daemon [_thread_blocked, id=19096, stack(0x000000001a5b0000,0x000000001a6b0000)]
  0x00000000182dc000 JavaThread "Reference Handler" daemon [_thread_blocked, id=14988, stack(0x000000001a4b0000,0x000000001a5b0000)]
  0x00000000016dd800 JavaThread "main" [_thread_blocked, id=12492, stack(0x0000000002f70000,0x0000000003070000)]

Other Threads:
  0x00000000182d8000 VMThread [stack: 0x0000000019fb0000,0x000000001a0b0000] [id=8836]
  0x000000001a168800 WatcherThread [stack: 0x000000001aed0000,0x000000001afd0000] [id=15116]

VM state:not at safepoint (normal execution)

VM Mutex/Monitor currently owned by a thread: None

OutOfMemory and StackOverflow Exception counts:
OutOfMemoryError java_heap_errors=1

heap address: 0x0000000080000000, size: 2048 MB, Compressed Oops mode: 32-bit
Narrow klass base: 0x0000000000000000, Narrow klass shift: 3
Compressed class space size: 1073741824 Address: 0x0000000100000000

Heap:
 PSYoungGen      total 566784K, used 459856K [0x00000000d5580000, 0x0000000100000000, 0x0000000100000000)
  eden space 442880K, 86% used [0x00000000d5580000,0x00000000ecc3f538,0x00000000f0600000)
  from space 123904K, 61% used [0x00000000f8700000,0x00000000fd154c90,0x0000000100000000)
  to   space 128000K, 0% used [0x00000000f0600000,0x00000000f0600000,0x00000000f8300000)
 ParOldGen       total 205312K, used 72759K [0x0000000080000000, 0x000000008c880000, 0x00000000d5580000)
  object space 205312K, 35% used [0x0000000080000000,0x000000008470dd50,0x000000008c880000)
 Metaspace       used 110533K, capacity 119518K, committed 119768K, reserved 1153024K
  class space    used 14050K, capacity 15517K, committed 15616K, reserved 1048576K

Card table byte_map: [0x0000000012630000,0x0000000012a40000] byte_map_base: 0x0000000012230000

Marking Bits: (ParMarkBitMap*) 0x00000000534df030
 Begin Bits: [0x00000000134f0000, 0x00000000154f0000)
 End Bits:   [0x00000000154f0000, 0x00000000174f0000)

Polling page: 0x0000000001650000

CodeCache: size=245760Kb used=90558Kb max_used=90558Kb free=155201Kb
 bounds [0x0000000003270000, 0x0000000008b70000, 0x0000000012270000]
 total_blobs=26445 nmethods=25403 adapters=950
 compilation: enabled

Compilation events (10 events):
Event: 8352.023 Thread 0x000000001a0eb000 nmethod 34842 0x0000000008b69510 code [0x0000000008b69660, 0x0000000008b69770]
Event: 8352.025 Thread 0x000000001a0eb000 34845       2       com.android.tools.r8.dex.s::h (31 bytes)
Event: 8352.026 Thread 0x000000001a0eb000 nmethod 34845 0x0000000008b697d0 code [0x0000000008b69920, 0x0000000008b69a70]
Event: 8352.026 Thread 0x000000001a0eb000 34846       2       com.android.tools.r8.dex.m::c (10 bytes)
Event: 8352.027 Thread 0x000000001a0eb000 nmethod 34846 0x0000000008b69b10 code [0x0000000008b69c60, 0x0000000008b69dd0]
Event: 8352.027 Thread 0x000000001a0eb000 34847       2       com.android.tools.r8.dex.r$a::<init> (7 bytes)
Event: 8352.027 Thread 0x000000001a0eb000 nmethod 34847 0x0000000008b69e50 code [0x0000000008b69fa0, 0x0000000008b6a110]
Event: 8352.027 Thread 0x000000001a0eb000 34848       2       com.android.tools.r8.dex.r$a::<init> (15 bytes)
Event: 8352.027 Thread 0x000000001a0eb000 nmethod 34848 0x0000000008b6a190 code [0x0000000008b6a2e0, 0x0000000008b6a450]
Event: 8352.038 Thread 0x000000001a0eb000 34850 %     3       com.android.tools.r8.ir.regalloc.a::a @ 63 (3992 bytes)

GC Heap History (10 events):
Event: 8203.456 GC heap before
{Heap before GC invocations=66 (full 6):
 PSYoungGen      total 558592K, used 435021K [0x00000000d5580000, 0x00000000ffa80000, 0x0000000100000000)
  eden space 421376K, 100% used [0x00000000d5580000,0x00000000ef100000,0x00000000ef100000)
  from space 137216K, 9% used [0x00000000ef100000,0x00000000efe53590,0x00000000f7700000)
  to   space 134144K, 0% used [0x00000000f7780000,0x00000000f7780000,0x00000000ffa80000)
 ParOldGen       total 205312K, used 69890K [0x0000000080000000, 0x000000008c880000, 0x00000000d5580000)
  object space 205312K, 34% used [0x0000000080000000,0x0000000084440958,0x000000008c880000)
 Metaspace       used 109974K, capacity 118800K, committed 118872K, reserved 1153024K
  class space    used 14039K, capacity 15480K, committed 15488K, reserved 1048576K
Event: 8203.501 GC heap after
Heap after GC invocations=66 (full 6):
 PSYoungGen      total 548864K, used 38729K [0x00000000d5580000, 0x00000000fee00000, 0x0000000100000000)
  eden space 427520K, 0% used [0x00000000d5580000,0x00000000d5580000,0x00000000ef700000)
  from space 121344K, 31% used [0x00000000f7780000,0x00000000f9d527c8,0x00000000fee00000)
  to   space 126464K, 0% used [0x00000000ef700000,0x00000000ef700000,0x00000000f7280000)
 ParOldGen       total 205312K, used 69890K [0x0000000080000000, 0x000000008c880000, 0x00000000d5580000)
  object space 205312K, 34% used [0x0000000080000000,0x0000000084440958,0x000000008c880000)
 Metaspace       used 109974K, capacity 118800K, committed 118872K, reserved 1153024K
  class space    used 14039K, capacity 15480K, committed 15488K, reserved 1048576K
}
Event: 8239.287 GC heap before
{Heap before GC invocations=67 (full 6):
 PSYoungGen      total 548864K, used 466249K [0x00000000d5580000, 0x00000000fee00000, 0x0000000100000000)
  eden space 427520K, 100% used [0x00000000d5580000,0x00000000ef700000,0x00000000ef700000)
  from space 121344K, 31% used [0x00000000f7780000,0x00000000f9d527c8,0x00000000fee00000)
  to   space 126464K, 0% used [0x00000000ef700000,0x00000000ef700000,0x00000000f7280000)
 ParOldGen       total 205312K, used 69890K [0x0000000080000000, 0x000000008c880000, 0x00000000d5580000)
  object space 205312K, 34% used [0x0000000080000000,0x0000000084440958,0x000000008c880000)
 Metaspace       used 109994K, capacity 118870K, committed 119128K, reserved 1153024K
  class space    used 14039K, capacity 15481K, committed 15488K, reserved 1048576K
Event: 8239.293 GC heap after
Heap after GC invocations=67 (full 6):
 PSYoungGen      total 553984K, used 9171K [0x00000000d5580000, 0x0000000100000000, 0x0000000100000000)
  eden space 427520K, 0% used [0x00000000d5580000,0x00000000d5580000,0x00000000ef700000)
  from space 126464K, 7% used [0x00000000ef700000,0x00000000efff4fb8,0x00000000f7280000)
  to   space 124416K, 0% used [0x00000000f8680000,0x00000000f8680000,0x0000000100000000)
 ParOldGen       total 205312K, used 69898K [0x0000000080000000, 0x000000008c880000, 0x00000000d5580000)
  object space 205312K, 34% used [0x0000000080000000,0x0000000084442958,0x000000008c880000)
 Metaspace       used 109994K, capacity 118870K, committed 119128K, reserved 1153024K
  class space    used 14039K, capacity 15481K, committed 15488K, reserved 1048576K
}
Event: 8328.748 GC heap before
{Heap before GC invocations=68 (full 6):
 PSYoungGen      total 553984K, used 436691K [0x00000000d5580000, 0x0000000100000000, 0x0000000100000000)
  eden space 427520K, 100% used [0x00000000d5580000,0x00000000ef700000,0x00000000ef700000)
  from space 126464K, 7% used [0x00000000ef700000,0x00000000efff4fb8,0x00000000f7280000)
  to   space 124416K, 0% used [0x00000000f8680000,0x00000000f8680000,0x0000000100000000)
 ParOldGen       total 205312K, used 69898K [0x0000000080000000, 0x000000008c880000, 0x00000000d5580000)
  object space 205312K, 34% used [0x0000000080000000,0x0000000084442990,0x000000008c880000)
 Metaspace       used 110232K, capacity 119130K, committed 119384K, reserved 1153024K
  class space    used 14039K, capacity 15481K, committed 15488K, reserved 1048576K
Event: 8328.789 GC heap after
Heap after GC invocations=68 (full 6):
 PSYoungGen      total 559104K, used 25216K [0x00000000d5580000, 0x00000000ff300000, 0x0000000100000000)
  eden space 448000K, 0% used [0x00000000d5580000,0x00000000d5580000,0x00000000f0b00000)
  from space 111104K, 22% used [0x00000000f8680000,0x00000000f9f20238,0x00000000ff300000)
  to   space 118784K, 0% used [0x00000000f0b00000,0x00000000f0b00000,0x00000000f7f00000)
 ParOldGen       total 205312K, used 69906K [0x0000000080000000, 0x000000008c880000, 0x00000000d5580000)
  object space 205312K, 34% used [0x0000000080000000,0x0000000084444990,0x000000008c880000)
 Metaspace       used 110232K, capacity 119130K, committed 119384K, reserved 1153024K
  class space    used 14039K, capacity 15481K, committed 15488K, reserved 1048576K
}
Event: 8334.801 GC heap before
{Heap before GC invocations=69 (full 6):
 PSYoungGen      total 559104K, used 473216K [0x00000000d5580000, 0x00000000ff300000, 0x0000000100000000)
  eden space 448000K, 100% used [0x00000000d5580000,0x00000000f0b00000,0x00000000f0b00000)
  from space 111104K, 22% used [0x00000000f8680000,0x00000000f9f20238,0x00000000ff300000)
  to   space 118784K, 0% used [0x00000000f0b00000,0x00000000f0b00000,0x00000000f7f00000)
 ParOldGen       total 205312K, used 72751K [0x0000000080000000, 0x000000008c880000, 0x00000000d5580000)
  object space 205312K, 35% used [0x0000000080000000,0x000000008470bd50,0x000000008c880000)
 Metaspace       used 110407K, capacity 119422K, committed 119640K, reserved 1153024K
  class space    used 14043K, capacity 15485K, committed 15488K, reserved 1048576K
Event: 8334.896 GC heap after
Heap after GC invocations=69 (full 6):
 PSYoungGen      total 566784K, used 74434K [0x00000000d5580000, 0x0000000100000000, 0x0000000100000000)
  eden space 448000K, 0% used [0x00000000d5580000,0x00000000d5580000,0x00000000f0b00000)
  from space 118784K, 62% used [0x00000000f0b00000,0x00000000f53b0a50,0x00000000f7f00000)
  to   space 123904K, 0% used [0x00000000f8700000,0x00000000f8700000,0x0000000100000000)
 ParOldGen       total 205312K, used 72759K [0x0000000080000000, 0x000000008c880000, 0x00000000d5580000)
  object space 205312K, 35% used [0x0000000080000000,0x000000008470dd50,0x000000008c880000)
 Metaspace       used 110407K, capacity 119422K, committed 119640K, reserved 1153024K
  class space    used 14043K, capacity 15485K, committed 15488K, reserved 1048576K
}
Event: 8351.577 GC heap before
{Heap before GC invocations=70 (full 6):
 PSYoungGen      total 566784K, used 522434K [0x00000000d5580000, 0x0000000100000000, 0x0000000100000000)
  eden space 448000K, 100% used [0x00000000d5580000,0x00000000f0b00000,0x00000000f0b00000)
  from space 118784K, 62% used [0x00000000f0b00000,0x00000000f53b0a50,0x00000000f7f00000)
  to   space 123904K, 0% used [0x00000000f8700000,0x00000000f8700000,0x0000000100000000)
 ParOldGen       total 205312K, used 72759K [0x0000000080000000, 0x000000008c880000, 0x00000000d5580000)
  object space 205312K, 35% used [0x0000000080000000,0x000000008470dd50,0x000000008c880000)
 Metaspace       used 110530K, capacity 119518K, committed 119768K, reserved 1153024K
  class space    used 14050K, capacity 15517K, committed 15616K, reserved 1048576K
Event: 8351.685 GC heap after
Heap after GC invocations=70 (full 6):
 PSYoungGen      total 566784K, used 76115K [0x00000000d5580000, 0x0000000100000000, 0x0000000100000000)
  eden space 442880K, 0% used [0x00000000d5580000,0x00000000d5580000,0x00000000f0600000)
  from space 123904K, 61% used [0x00000000f8700000,0x00000000fd154c90,0x0000000100000000)
  to   space 128000K, 0% used [0x00000000f0600000,0x00000000f0600000,0x00000000f8300000)
 ParOldGen       total 205312K, used 72759K [0x0000000080000000, 0x000000008c880000, 0x00000000d5580000)
  object space 205312K, 35% used [0x0000000080000000,0x000000008470dd50,0x000000008c880000)
 Metaspace       used 110530K, capacity 119518K, committed 119768K, reserved 1153024K
  class space    used 14050K, capacity 15517K, committed 15616K, reserved 1048576K
}

Deoptimization events (10 events):
Event: 8351.336 Thread 0x0000000023c5e000 Uncommon trap: reason=array_check action=maybe_recompile pc=0x00000000086f6298 method=java.util.TimSort.mergeLo(IIII)V @ 375
Event: 8351.336 Thread 0x0000000023c5e000 Uncommon trap: reason=array_check action=maybe_recompile pc=0x00000000086f6298 method=java.util.TimSort.mergeLo(IIII)V @ 375
Event: 8351.373 Thread 0x0000000023c59000 Uncommon trap: reason=array_check action=maybe_recompile pc=0x00000000086e6648 method=java.util.TimSort.mergeHi(IIII)V @ 282
Event: 8351.885 Thread 0x0000000023c56000 Uncommon trap: reason=bimorphic action=maybe_recompile pc=0x00000000050909a0 method=com.android.tools.r8.s.a.p.t.a(Lcom/android/tools/r8/s/b/q1;Lcom/android/tools/r8/s/a/p/u;)V @ 67
Event: 8351.896 Thread 0x0000000023c56000 Uncommon trap: reason=unstable_if action=reinterpret pc=0x000000000873ce58 method=com.android.tools.r8.ir.regalloc.a.a(Lcom/android/tools/r8/ir/regalloc/a$a;Z)Lcom/android/tools/r8/ir/regalloc/a$a; @ 583
Event: 8351.902 Thread 0x0000000023c56000 Uncommon trap: reason=class_check action=maybe_recompile pc=0x0000000007f0f7c4 method=com.android.tools.r8.ir.conversion.K.a()Lcom/android/tools/r8/graph/G; @ 1190
Event: 8351.916 Thread 0x000000001f510000 Uncommon trap: reason=unstable_if action=reinterpret pc=0x00000000086df7dc method=com.android.tools.r8.ir.regalloc.a.a(Lcom/android/tools/r8/ir/regalloc/b;Z)V @ 278
Event: 8351.917 Thread 0x000000001f510000 Uncommon trap: reason=unstable_if action=reinterpret pc=0x0000000008643ec4 method=com.android.tools.r8.ir.regalloc.a.a(Lcom/android/tools/r8/ir/regalloc/b;Z)V @ 278
Event: 8351.935 Thread 0x000000001f50e800 Uncommon trap: reason=class_check action=maybe_recompile pc=0x000000000428b858 method=com.android.tools.r8.t.a.a.a.h.a0.put(Ljava/lang/Object;Ljava/lang/Object;)Ljava/lang/Object; @ 89
Event: 8352.051 Thread 0x0000000023c56000 Uncommon trap: reason=bimorphic action=maybe_recompile pc=0x00000000050909a0 method=com.android.tools.r8.s.a.p.t.a(Lcom/android/tools/r8/s/b/q1;Lcom/android/tools/r8/s/a/p/u;)V @ 67

Classes redefined (0 events):
No events

Internal exceptions (10 events):
Event: 8352.089 Thread 0x000000001f50e800 Exception <a 'sun/nio/fs/WindowsException'> (0x00000000eae04628) thrown at [C:\src\AOSP-openjdk-git\hotspot\src\share\vm\prims\jni.cpp, line 710]
Event: 8352.091 Thread 0x000000001f50e800 Exception <a 'sun/nio/fs/WindowsException'> (0x00000000eae0bdf8) thrown at [C:\src\AOSP-openjdk-git\hotspot\src\share\vm\prims\jni.cpp, line 710]
Event: 8352.095 Thread 0x000000001f50e800 Exception <a 'sun/nio/fs/WindowsException'> (0x00000000eb364b18) thrown at [C:\src\AOSP-openjdk-git\hotspot\src\share\vm\prims\jni.cpp, line 710]
Event: 8352.098 Thread 0x000000001f50e800 Exception <a 'sun/nio/fs/WindowsException'> (0x00000000eb3abf70) thrown at [C:\src\AOSP-openjdk-git\hotspot\src\share\vm\prims\jni.cpp, line 710]
Event: 8352.100 Thread 0x000000001f50e800 Exception <a 'sun/nio/fs/WindowsException'> (0x00000000eb710278) thrown at [C:\src\AOSP-openjdk-git\hotspot\src\share\vm\prims\jni.cpp, line 710]
Event: 8352.104 Thread 0x000000001f50e800 Exception <a 'sun/nio/fs/WindowsException'> (0x00000000eb76b778) thrown at [C:\src\AOSP-openjdk-git\hotspot\src\share\vm\prims\jni.cpp, line 710]
Event: 8352.106 Thread 0x000000001f50e800 Exception <a 'sun/nio/fs/WindowsException'> (0x00000000eb774530) thrown at [C:\src\AOSP-openjdk-git\hotspot\src\share\vm\prims\jni.cpp, line 710]
Event: 8352.109 Thread 0x000000001f50e800 Exception <a 'sun/nio/fs/WindowsException'> (0x00000000ebe89b18) thrown at [C:\src\AOSP-openjdk-git\hotspot\src\share\vm\prims\jni.cpp, line 710]
Event: 8352.114 Thread 0x000000001f50e800 Exception <a 'sun/nio/fs/WindowsException'> (0x00000000ebeeb720) thrown at [C:\src\AOSP-openjdk-git\hotspot\src\share\vm\prims\jni.cpp, line 710]
Event: 8352.117 Thread 0x000000001f50e800 Exception <a 'sun/nio/fs/WindowsException'> (0x00000000ec51e410) thrown at [C:\src\AOSP-openjdk-git\hotspot\src\share\vm\prims\jni.cpp, line 710]

Events (10 events):
Event: 8352.080 Thread 0x0000000023c56000 DEOPT PACKING pc=0x0000000008b4a0fd sp=0x00000000328fc9a0
Event: 8352.080 Thread 0x0000000023c56000 DEOPT UNPACKING pc=0x00000000032b75d0 sp=0x00000000328fc9e8 mode 0
Event: 8352.086 Thread 0x0000000023c56000 DEOPT PACKING pc=0x0000000008b4a163 sp=0x00000000328fc570
Event: 8352.086 Thread 0x0000000023c56000 DEOPT UNPACKING pc=0x00000000032b75d0 sp=0x00000000328fc5b8 mode 0
Event: 8352.089 Thread 0x0000000023c56000 DEOPT PACKING pc=0x0000000005b9e9d6 sp=0x00000000328fc4e0
Event: 8352.089 Thread 0x0000000023c56000 DEOPT UNPACKING pc=0x00000000032b75d0 sp=0x00000000328fc5b8 mode 0
Event: 8352.096 Thread 0x0000000023c56000 DEOPT PACKING pc=0x0000000008b4a0fd sp=0x00000000328fc9a0
Event: 8352.096 Thread 0x0000000023c56000 DEOPT UNPACKING pc=0x00000000032b75d0 sp=0x00000000328fc9e8 mode 0
Event: 8352.099 Thread 0x0000000023c56000 DEOPT PACKING pc=0x0000000008b4a0fd sp=0x00000000328fc9a0
Event: 8352.099 Thread 0x0000000023c56000 DEOPT UNPACKING pc=0x00000000032b75d0 sp=0x00000000328fc9e8 mode 0


Dynamic libraries:
0x00007ff730f10000 - 0x00007ff730f41000 	C:\Program Files\Android\Android Studio\jre\bin\java.exe
0x00007ffd72f00000 - 0x00007ffd730f0000 	C:\Windows\SYSTEM32\ntdll.dll
0x00007ffd72720000 - 0x00007ffd727d2000 	C:\Windows\System32\KERNEL32.DLL
0x00007ffd70210000 - 0x00007ffd704b5000 	C:\Windows\System32\KERNELBASE.dll
0x00007ffd71180000 - 0x00007ffd71223000 	C:\Windows\System32\ADVAPI32.dll
0x00007ffd715d0000 - 0x00007ffd7166e000 	C:\Windows\System32\msvcrt.dll
0x00007ffd71230000 - 0x00007ffd712c7000 	C:\Windows\System32\sechost.dll
0x00007ffd71b20000 - 0x00007ffd71c40000 	C:\Windows\System32\RPCRT4.dll
0x00007ffd72d20000 - 0x00007ffd72eb4000 	C:\Windows\System32\USER32.dll
0x00007ffd70000000 - 0x00007ffd70021000 	C:\Windows\System32\win32u.dll
0x00007ffd71a90000 - 0x00007ffd71ab6000 	C:\Windows\System32\GDI32.dll
0x00007ffd70d70000 - 0x00007ffd70f06000 	C:\Windows\System32\gdi32full.dll
0x00007ffd70f10000 - 0x00007ffd70fae000 	C:\Windows\System32\msvcp_win.dll
0x00007ffd70c70000 - 0x00007ffd70d6a000 	C:\Windows\System32\ucrtbase.dll
0x00007ffd5d750000 - 0x00007ffd5d9d4000 	C:\Windows\WinSxS\amd64_microsoft.windows.common-controls_6595b64144ccf1df_6.0.18362.1256_none_9e7e379be45e40e2\COMCTL32.dll
0x00007ffd71c40000 - 0x00007ffd71f76000 	C:\Windows\System32\combase.dll
0x00007ffd70180000 - 0x00007ffd70201000 	C:\Windows\System32\bcryptPrimitives.dll
0x00007ffd70fb0000 - 0x00007ffd70fde000 	C:\Windows\System32\IMM32.DLL
0x00000000522e0000 - 0x00000000523b2000 	C:\Program Files\Android\Android Studio\jre\jre\bin\msvcr100.dll
0x0000000052d10000 - 0x000000005355b000 	C:\Program Files\Android\Android Studio\jre\jre\bin\server\jvm.dll
0x00007ffd710f0000 - 0x00007ffd710f8000 	C:\Windows\System32\PSAPI.DLL
0x00007ffd68fb0000 - 0x00007ffd68fb9000 	C:\Windows\SYSTEM32\WSOCK32.dll
0x00007ffd71740000 - 0x00007ffd717af000 	C:\Windows\System32\WS2_32.dll
0x00007ffd6e890000 - 0x00007ffd6e89a000 	C:\Windows\SYSTEM32\VERSION.dll
0x00007ffd5bb80000 - 0x00007ffd5bba4000 	C:\Windows\SYSTEM32\WINMM.dll
0x00007ffd5bb40000 - 0x00007ffd5bb6d000 	C:\Windows\SYSTEM32\winmmbase.dll
0x00007ffd6ffb0000 - 0x00007ffd6fffa000 	C:\Windows\System32\cfgmgr32.dll
0x00007ffd53d90000 - 0x00007ffd53d9f000 	C:\Program Files\Android\Android Studio\jre\jre\bin\verify.dll
0x00007ffd47420000 - 0x00007ffd47449000 	C:\Program Files\Android\Android Studio\jre\jre\bin\java.dll
0x00007ffd53d70000 - 0x00007ffd53d86000 	C:\Program Files\Android\Android Studio\jre\jre\bin\zip.dll
0x00007ffd71f80000 - 0x00007ffd72667000 	C:\Windows\System32\SHELL32.dll
0x00007ffd72670000 - 0x00007ffd72719000 	C:\Windows\System32\shcore.dll
0x00007ffd704e0000 - 0x00007ffd70c61000 	C:\Windows\System32\windows.storage.dll
0x00007ffd6fdd0000 - 0x00007ffd6fdf3000 	C:\Windows\System32\profapi.dll
0x00007ffd6fe20000 - 0x00007ffd6fe6a000 	C:\Windows\System32\powrprof.dll
0x00007ffd6fda0000 - 0x00007ffd6fdb0000 	C:\Windows\System32\UMPDC.dll
0x00007ffd717b0000 - 0x00007ffd71802000 	C:\Windows\System32\shlwapi.dll
0x00007ffd6fdb0000 - 0x00007ffd6fdc1000 	C:\Windows\System32\kernel.appcore.dll
0x00007ffd704c0000 - 0x00007ffd704d7000 	C:\Windows\System32\cryptsp.dll
0x00007ffd47400000 - 0x00007ffd4741a000 	C:\Program Files\Android\Android Studio\jre\jre\bin\net.dll
0x00007ffd6f5f0000 - 0x00007ffd6f657000 	C:\Windows\system32\mswsock.dll
0x00007ffd40070000 - 0x00007ffd40083000 	C:\Program Files\Android\Android Studio\jre\jre\bin\nio.dll
0x00007ffd65ce0000 - 0x00007ffd65d07000 	C:\Users\Apolo\.gradle\native\f6784746aeab05261644944871eae4fe03e0ef1612fff0a4a95f87b438bc6780\windows-amd64\native-platform.dll
0x00007ffd4ba40000 - 0x00007ffd4ba4d000 	C:\Program Files\Android\Android Studio\jre\jre\bin\management.dll
0x00007ffd6f160000 - 0x00007ffd6f193000 	C:\Windows\system32\rsaenh.dll
0x00007ffd6ff80000 - 0x00007ffd6ffa6000 	C:\Windows\System32\bcrypt.dll
0x00007ffd6fc80000 - 0x00007ffd6fca5000 	C:\Windows\SYSTEM32\USERENV.dll
0x00007ffd6f7c0000 - 0x00007ffd6f7cc000 	C:\Windows\SYSTEM32\CRYPTBASE.dll
0x00007ffd6f300000 - 0x00007ffd6f33a000 	C:\Windows\SYSTEM32\IPHLPAPI.DLL
0x00007ffd71410000 - 0x00007ffd71418000 	C:\Windows\System32\NSI.dll
0x00007ffd64000000 - 0x00007ffd64016000 	C:\Windows\SYSTEM32\dhcpcsvc6.DLL
0x00007ffd65ad0000 - 0x00007ffd65aec000 	C:\Windows\SYSTEM32\dhcpcsvc.DLL
0x00007ffd6f340000 - 0x00007ffd6f40b000 	C:\Windows\SYSTEM32\DNSAPI.dll
0x00007ffd661f0000 - 0x00007ffd661fb000 	C:\Windows\SYSTEM32\WINNSI.DLL
0x00007ffd65d70000 - 0x00007ffd65d8e000 	C:\Users\Apolo\AppData\Local\Temp\native-platform2453303572810985979dir\native-platform.dll
0x00007ffd35c90000 - 0x00007ffd35e2c000 	C:\Program Files\Android\Android Studio\jre\jre\bin\awt.dll
0x00007ffd71670000 - 0x00007ffd71735000 	C:\Windows\System32\OLEAUT32.dll
0x00007ffd6e1a0000 - 0x00007ffd6e1cd000 	C:\Windows\SYSTEM32\dwmapi.dll
0x00007ffd69000000 - 0x00007ffd695c0000 	C:\Windows\SYSTEM32\d2d1.dll
0x00007ffd6a490000 - 0x00007ffd6a51f000 	C:\Windows\SYSTEM32\apphelp.dll
0x00007ffd6d930000 - 0x00007ffd6d9c9000 	C:\Windows\system32\uxtheme.dll

VM Arguments:
jvm_args: -Xmx2048m -Dfile.encoding=windows-1252 -Duser.country=ES -Duser.language=es -Duser.variant 
java_command: org.gradle.launcher.daemon.bootstrap.GradleDaemon 6.5
java_class_path (initial): C:\Users\Apolo\.gradle\wrapper\dists\gradle-6.5-bin\6nifqtx7604sqp1q6g8wikw7p\gradle-6.5\lib\gradle-launcher-6.5.jar
Launcher Type: SUN_STANDARD

Environment Variables:
PATH=C:\Program Files\Common Files\Oracle\Java\javapath;C:\Program Files (x86)\Common Files\Oracle\Java\javapath;C:\orant\bin;C:\Windows\system32;C:\Windows;C:\Windows\System32\Wbem;C:\Windows\System32\WindowsPowerShell\v1.0\;C:\Windows\System32\OpenSSH\;C:\orant\jdk\bin;C:\Program Files (x86)\Intel\Intel(R) Memory And Storage Tool\;C:\Program Files\Git\cmd;C:\Users\Apolo\AppData\Local\Microsoft\WindowsApps;
USERNAME=Apolo
OS=Windows_NT
PROCESSOR_IDENTIFIER=Intel64 Family 6 Model 126 Stepping 5, GenuineIntel



---------------  S Y S T E M  ---------------

OS: Windows 10.0 , 64 bit Build 18362 (10.0.18362.1110)

CPU:total 8 (initial active 8) (4 cores per cpu, 2 threads per core) family 6 model 126 stepping 5, cmov, cx8, fxsr, mmx, sse, sse2, sse3, ssse3, sse4.1, sse4.2, popcnt, avx, avx2, aes, clmul, erms, 3dnowpref, lzcnt, ht, tsc, tscinvbit, bmi1, bmi2, adx

Memory: 4k page, physical 8165048k(377064k free), swap 11736884k(3728k free)

vm_info: OpenJDK 64-Bit Server VM (25.242-b01) for windows-amd64 JRE (1.8.0_242-release-1644-b01), built by "builder" with MS VC++ 10.0 (VS2010)

time: Thu Dec 17 10:15:35 2020
timezone: Hora de verano de Paraguay
elapsed time: 8352 seconds (0d 2h 19m 12s)

