#
# There is insufficient memory for the Java Runtime Environment to continue.
# Native memory allocation (malloc) failed to allocate 239376 bytes for Chunk::new
# Possible reasons:
#   The system is out of physical RAM or swap space
#   The process is running with CompressedOops enabled, and the Java Heap may be blocking the growth of the native heap
# Possible solutions:
#   Reduce memory load on the system
#   Increase physical memory or swap space
#   Check if swap backing store is full
#   Decrease Java heap size (-Xmx/-Xms)
#   Decrease number of Java threads
#   Decrease Java thread stack sizes (-Xss)
#   Set larger code cache with -XX:ReservedCodeCacheSize=
#   JVM is running with Unscaled Compressed Oops mode in which the Java heap is
#     placed in the first 4GB address space. The Java Heap base address is the
#     maximum limit for the native heap growth. Please use -XX:HeapBaseMinAddress
#     to set the Java Heap base and to place the Java Heap above 4GB virtual address.
# This output file may be truncated or incomplete.
#
#  Out of Memory Error (allocation.cpp:389), pid=8300, tid=0x0000000000002d5c
#
# JRE version: OpenJDK Runtime Environment (8.0_242-b01) (build 1.8.0_242-release-1644-b01)
# Java VM: OpenJDK 64-Bit Server VM (25.242-b01 mixed mode windows-amd64 compressed oops)
# Failed to write core dump. Minidumps are not enabled by default on client versions of Windows
#

---------------  T H R E A D  ---------------

Current thread (0x00000000196c5800):  JavaThread "C2 CompilerThread0" daemon [_thread_in_native, id=11612, stack(0x0000000019fc0000,0x000000001a0c0000)]

Stack: [0x0000000019fc0000,0x000000001a0c0000]
[error occurred during error reporting (printing stack bounds), id 0xc0000005]

Native frames: (J=compiled Java code, j=interpreted, Vv=VM code, C=native code)


Current CompileTask:
C2:   2439 3498   !   4       org.jetbrains.kotlin.metadata.ProtoBuf$Type::<init> (875 bytes)


---------------  P R O C E S S  ---------------

Java Threads: ( => current thread )
  0x0000000019770000 JavaThread "Service Thread" daemon [_thread_blocked, id=4428, stack(0x000000001a3c0000,0x000000001a4c0000)]
  0x00000000196d7800 JavaThread "C1 CompilerThread3" daemon [_thread_blocked, id=11644, stack(0x000000001a2c0000,0x000000001a3c0000)]
  0x00000000196c9000 JavaThread "C2 CompilerThread2" daemon [_thread_blocked, id=11336, stack(0x000000001a1c0000,0x000000001a2c0000)]
  0x00000000196c8800 JavaThread "C2 CompilerThread1" daemon [_thread_in_native, id=11776, stack(0x000000001a0c0000,0x000000001a1c0000)]
=>0x00000000196c5800 JavaThread "C2 CompilerThread0" daemon [_thread_in_native, id=11612, stack(0x0000000019fc0000,0x000000001a0c0000)]
  0x00000000196c4800 JavaThread "Attach Listener" daemon [_thread_blocked, id=13196, stack(0x0000000019ec0000,0x0000000019fc0000)]
  0x00000000196c3800 JavaThread "Signal Dispatcher" daemon [_thread_blocked, id=5144, stack(0x0000000019dc0000,0x0000000019ec0000)]
  0x00000000178c8000 JavaThread "Finalizer" daemon [_thread_blocked, id=6912, stack(0x0000000019b90000,0x0000000019c90000)]
  0x00000000196b0800 JavaThread "Reference Handler" daemon [_thread_blocked, id=8880, stack(0x0000000019a90000,0x0000000019b90000)]
  0x00000000028fe800 JavaThread "main" [_thread_in_Java, id=3776, stack(0x00000000027f0000,0x00000000028f0000)]

Other Threads:
  0x00000000178bb000 VMThread [stack: 0x0000000019590000,0x0000000019690000] [id=5348]
  0x0000000019779000 WatcherThread [stack: 0x000000001a4c0000,0x000000001a5c0000] [id=8184]

VM state:not at safepoint (normal execution)

VM Mutex/Monitor currently owned by a thread: None

heap address: 0x0000000083600000, size: 1994 MB, Compressed Oops mode: 32-bit
Narrow klass base: 0x0000000000000000, Narrow klass shift: 3
Compressed class space size: 1073741824 Address: 0x0000000100000000

Heap:
 PSYoungGen      total 70656K, used 58509K [0x00000000d6780000, 0x00000000db180000, 0x0000000100000000)
  eden space 65536K, 89% used [0x00000000d6780000,0x00000000da0a3560,0x00000000da780000)
  from space 5120K, 0% used [0x00000000da780000,0x00000000da780000,0x00000000dac80000)
  to   space 5120K, 0% used [0x00000000dac80000,0x00000000dac80000,0x00000000db180000)
 ParOldGen       total 66048K, used 19207K [0x0000000083600000, 0x0000000087680000, 0x00000000d6780000)
  object space 66048K, 29% used [0x0000000083600000,0x00000000848c1ce8,0x0000000087680000)
 Metaspace       used 37769K, capacity 38398K, committed 38704K, reserved 1085440K
  class space    used 4747K, capacity 4898K, committed 4912K, reserved 1048576K

Card table byte_map: [0x0000000011dd0000,0x00000000121c0000] byte_map_base: 0x00000000119b5000

Marking Bits: (ParMarkBitMap*) 0x0000000064e3f030
 Begin Bits: [0x0000000012c60000, 0x0000000014b88000)
 End Bits:   [0x0000000014b88000, 0x0000000016ab0000)

Polling page: 0x0000000000f90000

CodeCache: size=245760Kb used=11164Kb max_used=11175Kb free=234596Kb
 bounds [0x0000000002a10000, 0x0000000003510000, 0x0000000011a10000]
 total_blobs=3935 nmethods=3491 adapters=356
 compilation: disabled (not enough contiguous free space left)

Compilation events (10 events):
Event: 2.410 Thread 0x00000000196d7800 nmethod 3487 0x00000000034ff9d0 code [0x00000000034ffb80, 0x0000000003500190]
Event: 2.410 Thread 0x00000000196d7800 3499   !   3       org.jetbrains.kotlin.metadata.ProtoBuf$TypeParameter::<init> (662 bytes)
Event: 2.410 Thread 0x00000000196c9000 3500       4       org.jetbrains.kotlin.metadata.ProtoBuf$Type::initFields (79 bytes)
Event: 2.410 Thread 0x00000000196c8800 3501       4       org.jetbrains.kotlin.metadata.ProtoBuf$Type$1::parsePartialFrom (7 bytes)
Event: 2.410 Thread 0x00000000196c9000 nmethod 3500 0x0000000003503210 code [0x0000000003503360, 0x0000000003503418]
Event: 2.411 Thread 0x00000000196c8800 nmethod 3501 0x00000000035019d0 code [0x0000000003501b20, 0x0000000003501c28]
Event: 2.411 Thread 0x00000000196c9000 3508       4       org.jetbrains.kotlin.metadata.ProtoBuf$Type::<init> (7 bytes)
Event: 2.412 Thread 0x00000000196c9000 nmethod 3508 0x0000000003501750 code [0x00000000035018a0, 0x0000000003501928]
Event: 2.413 Thread 0x00000000196c8800 3509   !   4       org.jetbrains.kotlin.metadata.ProtoBuf$Function::<init> (1112 bytes)
Event: 2.413 Thread 0x00000000196d7800 


GC Heap History (10 events):
Event: 0.896 GC heap before
{Heap before GC invocations=3 (full 0):
 PSYoungGen      total 70656K, used 26335K [0x00000000d6780000, 0x00000000db180000, 0x0000000100000000)
  eden space 65536K, 32% used [0x00000000d6780000,0x00000000d7c3ac88,0x00000000da780000)
  from space 5120K, 99% used [0x00000000dac80000,0x00000000db17d2b0,0x00000000db180000)
  to   space 5120K, 0% used [0x00000000da780000,0x00000000da780000,0x00000000dac80000)
 ParOldGen       total 86016K, used 7321K [0x0000000083600000, 0x0000000088a00000, 0x00000000d6780000)
  object space 86016K, 8% used [0x0000000083600000,0x0000000083d26488,0x0000000088a00000)
 Metaspace       used 20790K, capacity 21192K, committed 21296K, reserved 1069056K
  class space    used 2457K, capacity 2594K, committed 2608K, reserved 1048576K
Event: 0.901 GC heap after
Heap after GC invocations=3 (full 0):
 PSYoungGen      total 70656K, used 5108K [0x00000000d6780000, 0x00000000db180000, 0x0000000100000000)
  eden space 65536K, 0% used [0x00000000d6780000,0x00000000d6780000,0x00000000da780000)
  from space 5120K, 99% used [0x00000000da780000,0x00000000dac7d2d0,0x00000000dac80000)
  to   space 5120K, 0% used [0x00000000dac80000,0x00000000dac80000,0x00000000db180000)
 ParOldGen       total 86016K, used 11972K [0x0000000083600000, 0x0000000088a00000, 0x00000000d6780000)
  object space 86016K, 13% used [0x0000000083600000,0x00000000841b1340,0x0000000088a00000)
 Metaspace       used 20790K, capacity 21192K, committed 21296K, reserved 1069056K
  class space    used 2457K, capacity 2594K, committed 2608K, reserved 1048576K
}
Event: 0.901 GC heap before
{Heap before GC invocations=4 (full 1):
 PSYoungGen      total 70656K, used 5108K [0x00000000d6780000, 0x00000000db180000, 0x0000000100000000)
  eden space 65536K, 0% used [0x00000000d6780000,0x00000000d6780000,0x00000000da780000)
  from space 5120K, 99% used [0x00000000da780000,0x00000000dac7d2d0,0x00000000dac80000)
  to   space 5120K, 0% used [0x00000000dac80000,0x00000000dac80000,0x00000000db180000)
 ParOldGen       total 86016K, used 11972K [0x0000000083600000, 0x0000000088a00000, 0x00000000d6780000)
  object space 86016K, 13% used [0x0000000083600000,0x00000000841b1340,0x0000000088a00000)
 Metaspace       used 20790K, capacity 21192K, committed 21296K, reserved 1069056K
  class space    used 2457K, capacity 2594K, committed 2608K, reserved 1048576K
Event: 0.921 GC heap after
Heap after GC invocations=4 (full 1):
 PSYoungGen      total 70656K, used 0K [0x00000000d6780000, 0x00000000db180000, 0x0000000100000000)
  eden space 65536K, 0% used [0x00000000d6780000,0x00000000d6780000,0x00000000da780000)
  from space 5120K, 0% used [0x00000000da780000,0x00000000da780000,0x00000000dac80000)
  to   space 5120K, 0% used [0x00000000dac80000,0x00000000dac80000,0x00000000db180000)
 ParOldGen       total 66048K, used 9581K [0x0000000083600000, 0x0000000087680000, 0x00000000d6780000)
  object space 66048K, 14% used [0x0000000083600000,0x0000000083f5b470,0x0000000087680000)
 Metaspace       used 20790K, capacity 21192K, committed 21296K, reserved 1069056K
  class space    used 2457K, capacity 2594K, committed 2608K, reserved 1048576K
}
Event: 1.589 GC heap before
{Heap before GC invocations=5 (full 1):
 PSYoungGen      total 70656K, used 65536K [0x00000000d6780000, 0x00000000db180000, 0x0000000100000000)
  eden space 65536K, 100% used [0x00000000d6780000,0x00000000da780000,0x00000000da780000)
  from space 5120K, 0% used [0x00000000da780000,0x00000000da780000,0x00000000dac80000)
  to   space 5120K, 0% used [0x00000000dac80000,0x00000000dac80000,0x00000000db180000)
 ParOldGen       total 66048K, used 9581K [0x0000000083600000, 0x0000000087680000, 0x00000000d6780000)
  object space 66048K, 14% used [0x0000000083600000,0x0000000083f5b470,0x0000000087680000)
 Metaspace       used 29773K, capacity 30288K, committed 30384K, reserved 1075200K
  class space    used 3590K, capacity 3737K, committed 3760K, reserved 1048576K
Event: 1.600 GC heap after
Heap after GC invocations=5 (full 1):
 PSYoungGen      total 70656K, used 5090K [0x00000000d6780000, 0x00000000db180000, 0x0000000100000000)
  eden space 65536K, 0% used [0x00000000d6780000,0x00000000d6780000,0x00000000da780000)
  from space 5120K, 99% used [0x00000000dac80000,0x00000000db178918,0x00000000db180000)
  to   space 5120K, 0% used [0x00000000da780000,0x00000000da780000,0x00000000dac80000)
 ParOldGen       total 66048K, used 20358K [0x0000000083600000, 0x0000000087680000, 0x00000000d6780000)
  object space 66048K, 30% used [0x0000000083600000,0x00000000849e1a98,0x0000000087680000)
 Metaspace       used 29773K, capacity 30288K, committed 30384K, reserved 1075200K
  class space    used 3590K, capacity 3737K, committed 3760K, reserved 1048576K
}
Event: 1.886 GC heap before
{Heap before GC invocations=6 (full 1):
 PSYoungGen      total 70656K, used 31065K [0x00000000d6780000, 0x00000000db180000, 0x0000000100000000)
  eden space 65536K, 39% used [0x00000000d6780000,0x00000000d80ddd88,0x00000000da780000)
  from space 5120K, 99% used [0x00000000dac80000,0x00000000db178918,0x00000000db180000)
  to   space 5120K, 0% used [0x00000000da780000,0x00000000da780000,0x00000000dac80000)
 ParOldGen       total 66048K, used 20358K [0x0000000083600000, 0x0000000087680000, 0x00000000d6780000)
  object space 66048K, 30% used [0x0000000083600000,0x00000000849e1a98,0x0000000087680000)
 Metaspace       used 34643K, capacity 35170K, committed 35496K, reserved 1081344K
  class space    used 4411K, capacity 4548K, committed 4656K, reserved 1048576K
Event: 1.893 GC heap after
Heap after GC invocations=6 (full 1):
 PSYoungGen      total 70656K, used 5099K [0x00000000d6780000, 0x00000000db180000, 0x0000000100000000)
  eden space 65536K, 0% used [0x00000000d6780000,0x00000000d6780000,0x00000000da780000)
  from space 5120K, 99% used [0x00000000da780000,0x00000000dac7add8,0x00000000dac80000)
  to   space 5120K, 0% used [0x00000000dac80000,0x00000000dac80000,0x00000000db180000)
 ParOldGen       total 66048K, used 26914K [0x0000000083600000, 0x0000000087680000, 0x00000000d6780000)
  object space 66048K, 40% used [0x0000000083600000,0x0000000085048af0,0x0000000087680000)
 Metaspace       used 34643K, capacity 35170K, committed 35496K, reserved 1081344K
  class space    used 4411K, capacity 4548K, committed 4656K, reserved 1048576K
}
Event: 1.893 GC heap before
{Heap before GC invocations=7 (full 2):
 PSYoungGen      total 70656K, used 5099K [0x00000000d6780000, 0x00000000db180000, 0x0000000100000000)
  eden space 65536K, 0% used [0x00000000d6780000,0x00000000d6780000,0x00000000da780000)
  from space 5120K, 99% used [0x00000000da780000,0x00000000dac7add8,0x00000000dac80000)
  to   space 5120K, 0% used [0x00000000dac80000,0x00000000dac80000,0x00000000db180000)
 ParOldGen       total 66048K, used 26914K [0x0000000083600000, 0x0000000087680000, 0x00000000d6780000)
  object space 66048K, 40% used [0x0000000083600000,0x0000000085048af0,0x0000000087680000)
 Metaspace       used 34643K, capacity 35170K, committed 35496K, reserved 1081344K
  class space    used 4411K, capacity 4548K, committed 4656K, reserved 1048576K
Event: 1.928 GC heap after
Heap after GC invocations=7 (full 2):
 PSYoungGen      total 70656K, used 0K [0x00000000d6780000, 0x00000000db180000, 0x0000000100000000)
  eden space 65536K, 0% used [0x00000000d6780000,0x00000000d6780000,0x00000000da780000)
  from space 5120K, 0% used [0x00000000da780000,0x00000000da780000,0x00000000dac80000)
  to   space 5120K, 0% used [0x00000000dac80000,0x00000000dac80000,0x00000000db180000)
 ParOldGen       total 66048K, used 19207K [0x0000000083600000, 0x0000000087680000, 0x00000000d6780000)
  object space 66048K, 29% used [0x0000000083600000,0x00000000848c1ce8,0x0000000087680000)
 Metaspace       used 34643K, capacity 35170K, committed 35496K, reserved 1081344K
  class space    used 4411K, capacity 4548K, committed 4656K, reserved 1048576K
}

Deoptimization events (10 events):
Event: 2.274 Thread 0x00000000028fe800 Uncommon trap: reason=class_check action=maybe_recompile pc=0x0000000003338354 method=org.jetbrains.kotlin.com.intellij.util.text.CharSequenceSubSequence.<init>(Ljava/lang/CharSequence;II)V @ 18
Event: 2.274 Thread 0x00000000028fe800 Uncommon trap: reason=class_check action=maybe_recompile pc=0x000000000338d3b0 method=org.jetbrains.kotlin.com.intellij.util.text.CharArrayUtil.getChars(Ljava/lang/CharSequence;[CIII)V @ 17
Event: 2.274 Thread 0x00000000028fe800 Uncommon trap: reason=class_check action=maybe_recompile pc=0x0000000003338354 method=org.jetbrains.kotlin.com.intellij.util.text.CharSequenceSubSequence.<init>(Ljava/lang/CharSequence;II)V @ 18
Event: 2.274 Thread 0x00000000028fe800 Uncommon trap: reason=class_check action=maybe_recompile pc=0x000000000338d3b0 method=org.jetbrains.kotlin.com.intellij.util.text.CharArrayUtil.getChars(Ljava/lang/CharSequence;[CIII)V @ 17
Event: 2.274 Thread 0x00000000028fe800 Uncommon trap: reason=class_check action=maybe_recompile pc=0x0000000003338354 method=org.jetbrains.kotlin.com.intellij.util.text.CharSequenceSubSequence.<init>(Ljava/lang/CharSequence;II)V @ 18
Event: 2.274 Thread 0x00000000028fe800 Uncommon trap: reason=class_check action=maybe_recompile pc=0x000000000338d3b0 method=org.jetbrains.kotlin.com.intellij.util.text.CharArrayUtil.getChars(Ljava/lang/CharSequence;[CIII)V @ 17
Event: 2.274 Thread 0x00000000028fe800 Uncommon trap: reason=class_check action=maybe_recompile pc=0x0000000003338354 method=org.jetbrains.kotlin.com.intellij.util.text.CharSequenceSubSequence.<init>(Ljava/lang/CharSequence;II)V @ 18
Event: 2.274 Thread 0x00000000028fe800 Uncommon trap: reason=class_check action=maybe_recompile pc=0x000000000338d3b0 method=org.jetbrains.kotlin.com.intellij.util.text.CharArrayUtil.getChars(Ljava/lang/CharSequence;[CIII)V @ 17
Event: 2.274 Thread 0x00000000028fe800 Uncommon trap: reason=class_check action=maybe_recompile pc=0x00000000033a5a34 method=org.jetbrains.kotlin.com.intellij.util.text.CharArrayUtil.getChars(Ljava/lang/CharSequence;[CIII)V @ 17
Event: 2.274 Thread 0x00000000028fe800 Uncommon trap: reason=class_check action=maybe_recompile pc=0x00000000033095fc method=org.jetbrains.kotlin.com.intellij.util.text.CharArrayUtil.getChars(Ljava/lang/CharSequence;[CIII)V @ 17

Classes redefined (0 events):
No events

Internal exceptions (10 events):
Event: 0.840 Thread 0x00000000028fe800 Exception <a 'java/lang/NoSuchMethodError': java.lang.Object.lambda$static$0(I)[Lorg/jetbrains/kotlin/com/intellij/psi/PsiAnnotation;> (0x00000000d762cab8) thrown at [C:\src\AOSP-openjdk-git\hotspot\src\share\vm\interpreter\linkResolver.cpp, line 620]
Event: 0.890 Thread 0x00000000028fe800 Exception <a 'java/lang/NoSuchMethodError': java.lang.Object.lambda$static$0(I)[Lorg/jetbrains/kotlin/com/intellij/psi/PsiElement;> (0x00000000d7b76888) thrown at [C:\src\AOSP-openjdk-git\hotspot\src\share\vm\interpreter\linkResolver.cpp, line 620]
Event: 1.441 Thread 0x00000000028fe800 Exception <a 'java/lang/ArrayIndexOutOfBoundsException': 126> (0x00000000d96693f0) thrown at [C:\src\AOSP-openjdk-git\hotspot\src\share\vm\interpreter\interpreterRuntime.cpp, line 368]
Event: 1.442 Thread 0x00000000028fe800 Exception <a 'java/lang/ArrayIndexOutOfBoundsException': 86> (0x00000000d966a878) thrown at [C:\src\AOSP-openjdk-git\hotspot\src\share\vm\interpreter\interpreterRuntime.cpp, line 368]
Event: 1.833 Thread 0x00000000028fe800 Implicit null exception at 0x00000000031202b8 to 0x00000000031204ed
Event: 1.833 Thread 0x00000000028fe800 Implicit null exception at 0x000000000312bcb7 to 0x000000000312bebd
Event: 1.869 Thread 0x00000000028fe800 Exception <a 'java/lang/NoSuchMethodError': java.lang.Object.lambda$static$0(I)[Lorg/jetbrains/kotlin/psi/KtExpression;> (0x00000000d7f5da90) thrown at [C:\src\AOSP-openjdk-git\hotspot\src\share\vm\interpreter\linkResolver.cpp, line 620]
Event: 1.883 Thread 0x00000000028fe800 Implicit null exception at 0x000000000317777d to 0x0000000003177939
Event: 2.218 Thread 0x00000000028fe800 Exception <a 'java/lang/NoSuchMethodError': java.lang.Object.lambda$static$0(I)[Lorg/jetbrains/kotlin/psi/KtDeclaration;> (0x00000000d7f80e00) thrown at [C:\src\AOSP-openjdk-git\hotspot\src\share\vm\interpreter\linkResolver.cpp, line 620]
Event: 2.326 Thread 0x00000000028fe800 Exception <a 'java/lang/NoSuchMethodError': java.lang.Object.lambda$static$0(I)[Lorg/jetbrains/kotlin/psi/KtTypeElement;> (0x00000000d8865f00) thrown at [C:\src\AOSP-openjdk-git\hotspot\src\share\vm\interpreter\linkResolver.cpp, line 620]

Events (10 events):
Event: 2.386 loading class org/jetbrains/kotlin/types/expressions/ExpressionTypingUtils
Event: 2.386 loading class org/jetbrains/kotlin/types/expressions/ExpressionTypingUtils done
Event: 2.386 loading class org/jetbrains/kotlin/types/expressions/ExpressionTypingUtils$1
Event: 2.386 loading class org/jetbrains/kotlin/types/expressions/ExpressionTypingUtils$1 done
Event: 2.386 loading class org/jetbrains/kotlin/resolve/scopes/utils/LexicalScopeWrapper
Event: 2.386 loading class org/jetbrains/kotlin/resolve/scopes/utils/LexicalScopeWrapper done
Event: 2.386 loading class org/jetbrains/kotlin/resolve/scopes/LexicalScopeStorage$IntList
Event: 2.386 loading class org/jetbrains/kotlin/resolve/scopes/LexicalScopeStorage$IntList done
Event: 2.411 loading class org/jetbrains/kotlin/metadata/ProtoBuf$1
Event: 2.411 loading class org/jetbrains/kotlin/metadata/ProtoBuf$1 done


Dynamic libraries:
0x00007ff7db880000 - 0x00007ff7db8b1000 	C:\Program Files\Android\Android Studio\jre\jre\bin\java.exe
0x00007ff9c3cb0000 - 0x00007ff9c3ea6000 	C:\WINDOWS\SYSTEM32\ntdll.dll
0x00007ff9c3bb0000 - 0x00007ff9c3c6d000 	C:\WINDOWS\System32\KERNEL32.DLL
0x00007ff9c18a0000 - 0x00007ff9c1b69000 	C:\WINDOWS\System32\KERNELBASE.dll
0x00007ff9c1d10000 - 0x00007ff9c1dbc000 	C:\WINDOWS\System32\ADVAPI32.dll
0x00007ff9c2690000 - 0x00007ff9c272e000 	C:\WINDOWS\System32\msvcrt.dll
0x00007ff9c3a20000 - 0x00007ff9c3abc000 	C:\WINDOWS\System32\sechost.dll
0x00007ff9c2560000 - 0x00007ff9c268b000 	C:\WINDOWS\System32\RPCRT4.dll
0x00007ff9c23c0000 - 0x00007ff9c2560000 	C:\WINDOWS\System32\USER32.dll
0x00007ff9c1500000 - 0x00007ff9c1522000 	C:\WINDOWS\System32\win32u.dll
0x00007ff9c3080000 - 0x00007ff9c30aa000 	C:\WINDOWS\System32\GDI32.dll
0x00007ff9c13f0000 - 0x00007ff9c14fb000 	C:\WINDOWS\System32\gdi32full.dll
0x00007ff9c1b70000 - 0x00007ff9c1c0d000 	C:\WINDOWS\System32\msvcp_win.dll
0x00007ff9c1530000 - 0x00007ff9c1630000 	C:\WINDOWS\System32\ucrtbase.dll
0x00007ff9abc70000 - 0x00007ff9abf0b000 	C:\WINDOWS\WinSxS\amd64_microsoft.windows.common-controls_6595b64144ccf1df_6.0.19041.746_none_ca02b4b61b8320a4\COMCTL32.dll
0x00007ff9c3b20000 - 0x00007ff9c3b50000 	C:\WINDOWS\System32\IMM32.DLL
0x0000000063c40000 - 0x0000000063d12000 	C:\Program Files\Android\Android Studio\jre\jre\bin\msvcr100.dll
0x0000000064670000 - 0x0000000064ebb000 	C:\Program Files\Android\Android Studio\jre\jre\bin\server\jvm.dll
0x00007ff9c1e70000 - 0x00007ff9c1e78000 	C:\WINDOWS\System32\PSAPI.DLL
0x00007ff9a5c40000 - 0x00007ff9a5c49000 	C:\WINDOWS\SYSTEM32\WSOCK32.dll
0x00007ff9c2810000 - 0x00007ff9c287b000 	C:\WINDOWS\System32\WS2_32.dll
0x00007ff9c0f70000 - 0x00007ff9c0f7a000 	C:\WINDOWS\SYSTEM32\VERSION.dll
0x00007ff9a63f0000 - 0x00007ff9a6417000 	C:\WINDOWS\SYSTEM32\WINMM.dll
0x00007ff9a5940000 - 0x00007ff9a594f000 	C:\Program Files\Android\Android Studio\jre\jre\bin\verify.dll
0x00007ff981c90000 - 0x00007ff981cb9000 	C:\Program Files\Android\Android Studio\jre\jre\bin\java.dll
0x00007ff9a5250000 - 0x00007ff9a5266000 	C:\Program Files\Android\Android Studio\jre\jre\bin\zip.dll
0x00007ff9c3270000 - 0x00007ff9c39b2000 	C:\WINDOWS\System32\SHELL32.dll
0x00007ff9bf4b0000 - 0x00007ff9bfc40000 	C:\WINDOWS\SYSTEM32\windows.storage.dll
0x00007ff9c2bf0000 - 0x00007ff9c2f46000 	C:\WINDOWS\System32\combase.dll
0x00007ff9c0de0000 - 0x00007ff9c0e0c000 	C:\WINDOWS\SYSTEM32\Wldp.dll
0x00007ff9c2310000 - 0x00007ff9c23be000 	C:\WINDOWS\System32\SHCORE.dll
0x00007ff9c39c0000 - 0x00007ff9c3a15000 	C:\WINDOWS\System32\shlwapi.dll
0x00007ff9c1320000 - 0x00007ff9c1346000 	C:\WINDOWS\SYSTEM32\profapi.dll
0x00007ff9a50e0000 - 0x00007ff9a50fa000 	C:\Program Files\Android\Android Studio\jre\jre\bin\net.dll
0x00007ff9c0b60000 - 0x00007ff9c0bca000 	C:\WINDOWS\system32\mswsock.dll
0x00007ff99ccc0000 - 0x00007ff99ccd3000 	C:\Program Files\Android\Android Studio\jre\jre\bin\nio.dll

VM Arguments:
java_command: org.jetbrains.kotlin.cli.jvm.K2JVMCompiler -Xallow-no-source-files -classpath C:\Android\Proyecto\VendedoresKT\ApoloVendedor\app\build\intermediates\compile_and_runtime_not_namespaced_r_class_jar\debug\R.jar;C:\Users\Apolo\.gradle\caches\transforms-2\files-2.1\940933ff36c500fc300da39f92bf2507\jetified-ksoap2-android-assembly-3.6.2-jar-with-dependencies.jar;C:\Users\Apolo\.gradle\caches\transforms-2\files-2.1\b7391cb0ef2a592e070fd45c9e2d4d51\jetified-kotlin-android-extensions-runtime-1.3.72.jar;C:\Users\Apolo\.gradle\caches\transforms-2\files-2.1\6fc9346b2275246457468b28b445ec25\jetified-kotlin-stdlib-jdk7-1.3.72.jar;C:\Users\Apolo\.gradle\caches\transforms-2\files-2.1\a7c521a973fa94c7cb5dce493f5aeec1\jetified-core-ktx-1.2.0-api.jar;C:\Users\Apolo\.gradle\caches\transforms-2\files-2.1\c52b948ff9ad46790ed8f2ff00f2c421\jetified-kotlin-stdlib-1.3.72.jar;C:\Users\Apolo\.gradle\caches\transforms-2\files-2.1\049b323f9aeffcf195e248a925aab31d\jetified-kotlin-stdlib-common-1.3.72.jar;C:\Users\Apolo\.gradle\caches\transforms-2\files-2.1\64fab6255f9d96d2c98a740788790a80\jetified-annotations-13.0.jar;C:\Users\Apolo\.gradle\caches\transforms-2\files-2.1\a23b89162cd8e28190d6a5adb74e36c6\material-1.0.0-api.jar;C:\Users\Apolo\.gradle\caches\transforms-2\files-2.1\da3e9803232333f03504717ac64d1605\appcompat-1.1.0-api.jar;C:\Users\Apolo\.gradle\caches\transforms-2\files-2.1\d5866860b2b4777a2003b6ecec73b4e6\cardview-1.0.0-api.jar;C:\Users\Apolo\.gradle\caches\transforms-2\files-2.1\e45b2691cfc6cb894e1796a83c47685d\gridlayout-1.0.0-api.jar;C:\Users\Apolo\.gradle\caches\transforms-2\files-2.1\3f273c6e67e9bc71d091d370ba54752c\jetified-play-services-maps-17.0.0-api.jar;C:\Users\Apolo\.gradle\caches\transforms-2\files-2.1\fa2b6462b531d90bd4b4b0e739226412\lifecycle-extensions-2.0.0-api.jar;C:\Users\Apolo\.gradle\caches\transforms-2\files-2.1\5100796c51d3f5f01710c992bce4bd2d\jetified-play-services-base-17.0.0-api.jar;C:\Users\Apolo\.gradle\caches\transforms-2\files-2.1\b2388e30
java_class_path (initial): C:\Users\Apolo\.gradle\caches\modules-2\files-2.1\org.jetbrains.kotlin\kotlin-compiler-embeddable\1.3.72\fb72232c8fa977d5e07d33c43381ddbdc5edab6\kotlin-compiler-embeddable-1.3.72.jar;C:\Users\Apolo\.gradle\caches\modules-2\files-2.1\org.jetbrains.kotlin\kotlin-reflect\1.3.72\86613e1a669a701b0c660bfd2af4f82a7ae11fca\kotlin-reflect-1.3.72.jar;C:\Users\Apolo\.gradle\caches\modules-2\files-2.1\org.jetbrains.kotlin\kotlin-stdlib\1.3.72\8032138f12c0180bc4e51fe139d4c52b46db6109\kotlin-stdlib-1.3.72.jar;C:\Users\Apolo\.gradle\caches\modules-2\files-2.1\org.jetbrains.kotlin\kotlin-script-runtime\1.3.72\657d8d34d91e1964b4439378c09933e840bfe8d5\kotlin-script-runtime-1.3.72.jar;C:\Users\Apolo\.gradle\caches\modules-2\files-2.1\org.jetbrains.kotlin\kotlin-daemon-embeddable\1.3.72\53bbaa2816dbf6bdb85f629451b1fcc88f2164d2\kotlin-daemon-embeddable-1.3.72.jar;C:\Users\Apolo\.gradle\caches\modules-2\files-2.1\org.jetbrains.intellij.deps\trove4j\1.0.20181211\216c2e14b070f334479d800987affe4054cd563f\trove4j-1.0.20181211.jar;C:\Users\Apolo\.gradle\caches\modules-2\files-2.1\org.jetbrains.kotlin\kotlin-stdlib-common\1.3.72\6ca8bee3d88957eaaaef077c41c908c9940492d8\kotlin-stdlib-common-1.3.72.jar;C:\Users\Apolo\.gradle\caches\modules-2\files-2.1\org.jetbrains\annotations\13.0\919f0dfe192fb4e063e7dacadee7f8bb9a2672a9\annotations-13.0.jar;C:\Program Files\Android\Android Studio\jre\lib\tools.jar
Launcher Type: SUN_STANDARD

Environment Variables:
PATH=C:\Program Files\Common Files\Oracle\Java\javapath;C:\Program Files (x86)\Common Files\Oracle\Java\javapath;C:\orant\bin;C:\WINDOWS\system32;C:\WINDOWS;C:\WINDOWS\System32\Wbem;C:\WINDOWS\System32\WindowsPowerShell\v1.0\;C:\WINDOWS\System32\OpenSSH\;C:\orant\jdk\bin;C:\Program Files (x86)\Intel\Intel(R) Memory And Storage Tool\;C:\Program Files\Git\cmd;C:\Users\Apolo\AppData\Local\Microsoft\WindowsApps;
USERNAME=Apolo
OS=Windows_NT
PROCESSOR_IDENTIFIER=Intel64 Family 6 Model 126 Stepping 5, GenuineIntel



---------------  S Y S T E M  ---------------

OS: Windows 10.0 , 64 bit Build 19041 (10.0.19041.804)

CPU:total 8 (initial active 8) (4 cores per cpu, 2 threads per core) family 6 model 126 stepping 5, cmov, cx8, fxsr, mmx, sse, sse2, sse3, ssse3, sse4.1, sse4.2, popcnt, avx, avx2, aes, clmul, erms, 3dnowpref, lzcnt, ht, tsc, tscinvbit, bmi1, bmi2, adx

Memory: 4k page, physical 8165048k(835496k free), swap 11736884k(5140k free)

vm_info: OpenJDK 64-Bit Server VM (25.242-b01) for windows-amd64 JRE (1.8.0_242-release-1644-b01), built by "builder" with MS VC++ 10.0 (VS2010)

time: Tue Feb 16 16:13:01 2021
timezone: Hora de verano de Paraguay
elapsed time: 2 seconds (0d 0h 0m 2s)

