#
# There is insufficient memory for the Java Runtime Environment to continue.
# Native memory allocation (malloc) failed to allocate 1627376 bytes for Chunk::new
# Possible reasons:
#   The system is out of physical RAM or swap space
#   The process is running with CompressedOops enabled, and the Java Heap may be blocking the growth of the native heap
# Possible solutions:
#   Reduce memory load on the system
#   Increase physical memory or swap space
#   Check if swap backing store is full
#   Decrease Java heap size (-Xmx/-Xms)
#   Decrease number of Java threads
#   Decrease Java thread stack sizes (-Xss)
#   Set larger code cache with -XX:ReservedCodeCacheSize=
#   JVM is running with Unscaled Compressed Oops mode in which the Java heap is
#     placed in the first 4GB address space. The Java Heap base address is the
#     maximum limit for the native heap growth. Please use -XX:HeapBaseMinAddress
#     to set the Java Heap base and to place the Java Heap above 4GB virtual address.
# This output file may be truncated or incomplete.
#
#  Out of Memory Error (allocation.cpp:389), pid=2800, tid=0x000000000000367c
#
# JRE version: OpenJDK Runtime Environment (8.0_242-b01) (build 1.8.0_242-release-1644-b01)
# Java VM: OpenJDK 64-Bit Server VM (25.242-b01 mixed mode windows-amd64 compressed oops)
# Failed to write core dump. Minidumps are not enabled by default on client versions of Windows
#

---------------  T H R E A D  ---------------

Current thread (0x000000001a092800):  JavaThread "C2 CompilerThread1" daemon [_thread_in_native, id=13948, stack(0x000000001aa80000,0x000000001ab80000)]

Stack: [0x000000001aa80000,0x000000001ab80000]
[error occurred during error reporting (printing stack bounds), id 0xc0000005]

Native frames: (J=compiled Java code, j=interpreted, Vv=VM code, C=native code)


Current CompileTask:
C2:1545450 13285   !   4       com.google.common.reflect.TypeVisitor::visit (225 bytes)


---------------  P R O C E S S  ---------------

Java Threads: ( => current thread )
  0x00000000214d1000 JavaThread "Thread-491" [_thread_in_native, id=12728, stack(0x000000002f740000,0x000000002f840000)]
  0x00000000214cb000 JavaThread "Cache worker for execution history cache (C:\Android\Proyecto\VendedoresKT\ApoloVendedor\.gradle\6.5\executionHistory)" [_thread_blocked, id=17820, stack(0x000000002f640000,0x000000002f740000)]
  0x00000000214cf800 JavaThread "Execution worker for ':' Thread 7" [_thread_blocked, id=4952, stack(0x000000002f540000,0x000000002f640000)]
  0x00000000214ce000 JavaThread "Execution worker for ':' Thread 6" [_thread_blocked, id=13592, stack(0x000000002f440000,0x000000002f540000)]
  0x00000000214cc000 JavaThread "Execution worker for ':' Thread 5" [_thread_blocked, id=7104, stack(0x000000002f340000,0x000000002f440000)]
  0x00000000214cd800 JavaThread "Execution worker for ':' Thread 4" [_thread_blocked, id=12592, stack(0x000000002f040000,0x000000002f140000)]
  0x00000000214cf000 JavaThread "Execution worker for ':' Thread 3" [_thread_blocked, id=5748, stack(0x000000002c920000,0x000000002ca20000)]
  0x000000002384f800 JavaThread "Execution worker for ':' Thread 2" [_thread_blocked, id=13720, stack(0x000000002b770000,0x000000002b870000)]
  0x0000000023852800 JavaThread "Execution worker for ':'" [_thread_blocked, id=3172, stack(0x000000002b270000,0x000000002b370000)]
  0x0000000023850000 JavaThread "Cache worker for file content cache (C:\Android\Proyecto\VendedoresKT\ApoloVendedor\.gradle\6.5\fileContent)" [_thread_blocked, id=16060, stack(0x000000002b170000,0x000000002b270000)]
  0x0000000023853000 JavaThread "Cache worker for Build Output Cleanup Cache (C:\Android\Proyecto\VendedoresKT\ApoloVendedor\.gradle\buildOutputCleanup)" [_thread_blocked, id=15624, stack(0x000000002b070000,0x000000002b170000)]
  0x0000000021106000 JavaThread "Build operations Thread 8" [_thread_blocked, id=18248, stack(0x0000000023d70000,0x0000000023e70000)]
  0x0000000021109000 JavaThread "Build operations Thread 7" [_thread_blocked, id=11304, stack(0x0000000023c70000,0x0000000023d70000)]
  0x000000002110a800 JavaThread "Build operations Thread 6" [_thread_blocked, id=13244, stack(0x0000000023b70000,0x0000000023c70000)]
  0x0000000021109800 JavaThread "Build operations Thread 5" [_thread_blocked, id=14688, stack(0x0000000022330000,0x0000000022430000)]
  0x0000000021104800 JavaThread "Build operations Thread 4" [_thread_blocked, id=15004, stack(0x0000000022230000,0x0000000022330000)]
  0x0000000021106800 JavaThread "Build operations Thread 3" [_thread_blocked, id=8872, stack(0x0000000021a30000,0x0000000021b30000)]
  0x0000000021108000 JavaThread "Build operations Thread 2" [_thread_blocked, id=10384, stack(0x00000000204a0000,0x00000000205a0000)]
  0x0000000021103800 JavaThread "Build operations" [_thread_blocked, id=15516, stack(0x000000001ead0000,0x000000001ebd0000)]
  0x0000000021105000 JavaThread "Cache worker for cache directory md-rule (C:\Users\Apolo\.gradle\caches\6.5\md-rule)" [_thread_blocked, id=13492, stack(0x000000001e9d0000,0x000000001ead0000)]
  0x00000000210fc000 JavaThread "Cache worker for cache directory md-supplier (C:\Users\Apolo\.gradle\caches\6.5\md-supplier)" [_thread_blocked, id=10756, stack(0x000000001e8d0000,0x000000001e9d0000)]
  0x0000000021103000 JavaThread "Cache worker for checksums cache (C:\Android\Proyecto\VendedoresKT\ApoloVendedor\.gradle\checksums)" [_thread_blocked, id=3268, stack(0x000000001e7d0000,0x000000001e8d0000)]
  0x00000000210fb800 JavaThread "Cache worker for file hash cache (C:\Android\Proyecto\VendedoresKT\ApoloVendedor\.gradle\6.5\fileHashes)" [_thread_blocked, id=15880, stack(0x000000001e6d0000,0x000000001e7d0000)]
  0x00000000210fd800 JavaThread "Thread-467" [_thread_blocked, id=12636, stack(0x000000001e5d0000,0x000000001e6d0000)]
  0x0000000021102000 JavaThread "Stdin handler" [_thread_blocked, id=2856, stack(0x000000001e4d0000,0x000000001e5d0000)]
  0x0000000021101800 JavaThread "Asynchronous log dispatcher for DefaultDaemonConnection: socket connection from /127.0.0.1:60815 to /127.0.0.1:62142" [_thread_blocked, id=13356, stack(0x000000001de60000,0x000000001df60000)]
  0x00000000210fe800 JavaThread "Cancel handler" [_thread_blocked, id=15820, stack(0x0000000001520000,0x0000000001620000)]
  0x0000000021100000 JavaThread "Handler for socket connection from /127.0.0.1:60815 to /127.0.0.1:62142" [_thread_in_native, id=15768, stack(0x0000000001420000,0x0000000001520000)]
  0x0000000023848000 JavaThread "jar transforms Thread 339" [_thread_blocked, id=17420, stack(0x000000002af70000,0x000000002b070000)]
  0x000000002384e800 JavaThread "jar transforms Thread 338" [_thread_blocked, id=13280, stack(0x000000002ae70000,0x000000002af70000)]
  0x0000000023847000 JavaThread "jar transforms Thread 337" [_thread_blocked, id=8100, stack(0x000000002ad70000,0x000000002ae70000)]
  0x000000002384e000 JavaThread "jar transforms Thread 336" [_thread_blocked, id=972, stack(0x000000002ac70000,0x000000002ad70000)]
  0x0000000023846800 JavaThread "jar transforms Thread 335" [_thread_blocked, id=14672, stack(0x000000002ab70000,0x000000002ac70000)]
  0x000000002384d000 JavaThread "jar transforms Thread 334" [_thread_blocked, id=14468, stack(0x000000002aa70000,0x000000002ab70000)]
  0x000000002384c800 JavaThread "jar transforms Thread 333" [_thread_blocked, id=14388, stack(0x000000002a970000,0x000000002aa70000)]
  0x0000000023849800 JavaThread "jar transforms Thread 332" [_thread_blocked, id=8132, stack(0x000000002a870000,0x000000002a970000)]
  0x0000000023845000 JavaThread "jar transforms Thread 331" [_thread_blocked, id=14700, stack(0x000000002a770000,0x000000002a870000)]
  0x0000000023848800 JavaThread "jar transforms Thread 330" [_thread_blocked, id=15852, stack(0x000000002a670000,0x000000002a770000)]
  0x0000000023845800 JavaThread "jar transforms Thread 329" [_thread_blocked, id=2956, stack(0x000000002a570000,0x000000002a670000)]
  0x000000002384b800 JavaThread "jar transforms Thread 328" [_thread_blocked, id=12036, stack(0x000000002a470000,0x000000002a570000)]
  0x0000000023844000 JavaThread "jar transforms Thread 327" [_thread_blocked, id=13456, stack(0x000000002a370000,0x000000002a470000)]
  0x000000002384a000 JavaThread "jar transforms Thread 326" [_thread_blocked, id=17120, stack(0x000000002a270000,0x000000002a370000)]
  0x000000002384b000 JavaThread "jar transforms Thread 325" [_thread_blocked, id=10104, stack(0x000000002a170000,0x000000002a270000)]
  0x000000001bbb9000 JavaThread "jar transforms Thread 324" [_thread_blocked, id=7088, stack(0x000000002a070000,0x000000002a170000)]
  0x000000001bbb8800 JavaThread "jar transforms Thread 323" [_thread_blocked, id=6380, stack(0x0000000029f70000,0x000000002a070000)]
  0x000000001bbb7800 JavaThread "jar transforms Thread 322" [_thread_blocked, id=12556, stack(0x0000000029e70000,0x0000000029f70000)]
  0x000000001bbb6000 JavaThread "jar transforms Thread 321" [_thread_blocked, id=10376, stack(0x0000000029d70000,0x0000000029e70000)]
  0x000000001bbb5800 JavaThread "jar transforms Thread 320" [_thread_blocked, id=14400, stack(0x0000000029c70000,0x0000000029d70000)]
  0x000000001bbb7000 JavaThread "jar transforms Thread 319" [_thread_blocked, id=16532, stack(0x0000000029b70000,0x0000000029c70000)]
  0x000000001bbb4000 JavaThread "jar transforms Thread 318" [_thread_blocked, id=3812, stack(0x0000000029a70000,0x0000000029b70000)]
  0x000000001bbb4800 JavaThread "jar transforms Thread 317" [_thread_blocked, id=15916, stack(0x0000000029970000,0x0000000029a70000)]
  0x000000001bbba000 JavaThread "jar transforms Thread 316" [_thread_blocked, id=1408, stack(0x0000000029870000,0x0000000029970000)]
  0x000000001bbac800 JavaThread "jar transforms Thread 315" [_thread_blocked, id=15944, stack(0x0000000029770000,0x0000000029870000)]
  0x000000001bbad000 JavaThread "jar transforms Thread 314" [_thread_blocked, id=16156, stack(0x0000000029670000,0x0000000029770000)]
  0x000000001bbb3000 JavaThread "jar transforms Thread 313" [_thread_blocked, id=2364, stack(0x0000000029570000,0x0000000029670000)]
  0x000000001bbab800 JavaThread "jar transforms Thread 312" [_thread_blocked, id=16048, stack(0x0000000029470000,0x0000000029570000)]
  0x000000001bbb2800 JavaThread "jar transforms Thread 311" [_thread_blocked, id=16800, stack(0x0000000029370000,0x0000000029470000)]
  0x000000001bbae000 JavaThread "jar transforms Thread 310" [_thread_blocked, id=9000, stack(0x0000000029270000,0x0000000029370000)]
  0x000000001bbab000 JavaThread "jar transforms Thread 309" [_thread_blocked, id=4488, stack(0x0000000029170000,0x0000000029270000)]
  0x000000001bbb1800 JavaThread "jar transforms Thread 308" [_thread_blocked, id=13504, stack(0x0000000029070000,0x0000000029170000)]
  0x000000001bbaf800 JavaThread "jar transforms Thread 307" [_thread_blocked, id=13076, stack(0x0000000028f70000,0x0000000029070000)]
  0x000000001bbae800 JavaThread "jar transforms Thread 306" [_thread_blocked, id=14284, stack(0x0000000028e70000,0x0000000028f70000)]
  0x000000001bbb1000 JavaThread "jar transforms Thread 305" [_thread_blocked, id=18152, stack(0x0000000028d70000,0x0000000028e70000)]
  0x000000001bbb0000 JavaThread "jar transforms Thread 304" [_thread_blocked, id=1108, stack(0x0000000028c70000,0x0000000028d70000)]
  0x00000000232a4000 JavaThread "jar transforms Thread 303" [_thread_blocked, id=9576, stack(0x0000000028b70000,0x0000000028c70000)]
  0x00000000232a3000 JavaThread "jar transforms Thread 302" [_thread_blocked, id=10060, stack(0x0000000028a70000,0x0000000028b70000)]
  0x000000002329f800 JavaThread "jar transforms Thread 301" [_thread_blocked, id=2888, stack(0x0000000028970000,0x0000000028a70000)]
  0x00000000232a2800 JavaThread "jar transforms Thread 300" [_thread_blocked, id=6968, stack(0x0000000028870000,0x0000000028970000)]
  0x00000000232a1000 JavaThread "jar transforms Thread 299" [_thread_blocked, id=16840, stack(0x0000000028770000,0x0000000028870000)]
  0x00000000232a6000 JavaThread "jar transforms Thread 298" [_thread_blocked, id=14216, stack(0x0000000028670000,0x0000000028770000)]
  0x000000002329e800 JavaThread "jar transforms Thread 297" [_thread_blocked, id=17040, stack(0x0000000028570000,0x0000000028670000)]
  0x00000000232a1800 JavaThread "jar transforms Thread 296" [_thread_blocked, id=13008, stack(0x0000000028470000,0x0000000028570000)]
  0x00000000232a4800 JavaThread "jar transforms Thread 295" [_thread_blocked, id=13520, stack(0x0000000028370000,0x0000000028470000)]
  0x00000000232a5800 JavaThread "jar transforms Thread 294" [_thread_blocked, id=16064, stack(0x0000000028270000,0x0000000028370000)]
  0x00000000232a0000 JavaThread "jar transforms Thread 293" [_thread_blocked, id=9644, stack(0x0000000028170000,0x0000000028270000)]
  0x0000000023297000 JavaThread "jar transforms Thread 292" [_thread_blocked, id=16720, stack(0x0000000028070000,0x0000000028170000)]
  0x000000002329e000 JavaThread "jar transforms Thread 291" [_thread_blocked, id=4020, stack(0x0000000027f70000,0x0000000028070000)]
  0x000000002329b000 JavaThread "jar transforms Thread 290" [_thread_blocked, id=8108, stack(0x0000000027e70000,0x0000000027f70000)]
  0x000000002329b800 JavaThread "jar transforms Thread 289" [_thread_blocked, id=14124, stack(0x0000000027d70000,0x0000000027e70000)]
  0x000000002329a000 JavaThread "jar transforms Thread 288" [_thread_blocked, id=18148, stack(0x0000000027c70000,0x0000000027d70000)]
  0x0000000023298800 JavaThread "jar transforms Thread 287" [_thread_blocked, id=14768, stack(0x0000000027b70000,0x0000000027c70000)]
  0x000000002329d000 JavaThread "jar transforms Thread 286" [_thread_blocked, id=17092, stack(0x0000000027a70000,0x0000000027b70000)]
  0x000000002329c800 JavaThread "jar transforms Thread 285" [_thread_blocked, id=2524, stack(0x0000000027970000,0x0000000027a70000)]
  0x0000000023298000 JavaThread "jar transforms Thread 284" [_thread_blocked, id=15672, stack(0x0000000027870000,0x0000000027970000)]
  0x0000000023299800 JavaThread "jar transforms Thread 283" [_thread_blocked, id=8592, stack(0x0000000027770000,0x0000000027870000)]
  0x00000000211b3800 JavaThread "jar transforms Thread 282" [_thread_blocked, id=15628, stack(0x0000000027670000,0x0000000027770000)]
  0x00000000211b2800 JavaThread "jar transforms Thread 281" [_thread_blocked, id=15308, stack(0x0000000027570000,0x0000000027670000)]
  0x00000000211b2000 JavaThread "jar transforms Thread 280" [_thread_blocked, id=17548, stack(0x0000000027470000,0x0000000027570000)]
  0x00000000211b1000 JavaThread "jar transforms Thread 279" [_thread_blocked, id=11764, stack(0x0000000027370000,0x0000000027470000)]
  0x00000000211b4000 JavaThread "jar transforms Thread 278" [_thread_blocked, id=16236, stack(0x0000000027270000,0x0000000027370000)]
  0x00000000211b5800 JavaThread "jar transforms Thread 277" [_thread_blocked, id=9764, stack(0x0000000027170000,0x0000000027270000)]
  0x00000000211b5000 JavaThread "jar transforms Thread 276" [_thread_blocked, id=6688, stack(0x0000000027070000,0x0000000027170000)]
  0x00000000211b0800 JavaThread "jar transforms Thread 275" [_thread_blocked, id=16004, stack(0x0000000026f70000,0x0000000027070000)]
  0x00000000211b6800 JavaThread "jar transforms Thread 274" [_thread_blocked, id=12772, stack(0x0000000026e70000,0x0000000026f70000)]
  0x00000000211a9000 JavaThread "jar transforms Thread 273" [_thread_blocked, id=17336, stack(0x0000000026d70000,0x0000000026e70000)]
  0x00000000211af800 JavaThread "jar transforms Thread 272" [_thread_blocked, id=16376, stack(0x0000000026c70000,0x0000000026d70000)]
  0x00000000211a8000 JavaThread "jar transforms Thread 271" [_thread_blocked, id=10124, stack(0x0000000026b70000,0x0000000026c70000)]
  0x00000000211af000 JavaThread "jar transforms Thread 270" [_thread_blocked, id=18316, stack(0x0000000026a70000,0x0000000026b70000)]
  0x00000000211ae000 JavaThread "jar transforms Thread 269" [_thread_blocked, id=12468, stack(0x0000000026970000,0x0000000026a70000)]
  0x00000000211ac000 JavaThread "jar transforms Thread 268" [_thread_blocked, id=18328, stack(0x0000000026870000,0x0000000026970000)]
  0x00000000211a9800 JavaThread "jar transforms Thread 267" [_thread_blocked, id=16880, stack(0x0000000026770000,0x0000000026870000)]
  0x00000000211ac800 JavaThread "jar transforms Thread 266" [_thread_blocked, id=17500, stack(0x0000000026670000,0x0000000026770000)]
  0x00000000211aa800 JavaThread "jar transforms Thread 265" [_thread_blocked, id=12824, stack(0x0000000026570000,0x0000000026670000)]
  0x00000000211ab000 JavaThread "jar transforms Thread 264" [_thread_blocked, id=15576, stack(0x0000000026470000,0x0000000026570000)]
  0x00000000211ad800 JavaThread "jar transforms Thread 263" [_thread_blocked, id=5696, stack(0x0000000026370000,0x0000000026470000)]
  0x00000000211a7000 JavaThread "jar transforms Thread 262" [_thread_blocked, id=12768, stack(0x0000000026270000,0x0000000026370000)]
  0x000000001cba1800 JavaThread "jar transforms Thread 261" [_thread_blocked, id=16468, stack(0x0000000026170000,0x0000000026270000)]
  0x000000001cba4800 JavaThread "jar transforms Thread 260" [_thread_blocked, id=12992, stack(0x0000000026070000,0x0000000026170000)]
  0x000000001cba4000 JavaThread "jar transforms Thread 259" [_thread_blocked, id=12820, stack(0x0000000025f70000,0x0000000026070000)]
  0x000000001b0d1000 JavaThread "jar transforms Thread 258" [_thread_blocked, id=9680, stack(0x0000000025e70000,0x0000000025f70000)]
  0x000000001b0d0800 JavaThread "jar transforms Thread 257" [_thread_blocked, id=16636, stack(0x0000000025d70000,0x0000000025e70000)]
  0x000000001b0cf800 JavaThread "jar transforms Thread 256" [_thread_blocked, id=14612, stack(0x0000000025c70000,0x0000000025d70000)]
  0x000000001b0c8000 JavaThread "jar transforms Thread 255" [_thread_blocked, id=17588, stack(0x0000000025b70000,0x0000000025c70000)]
  0x000000001b0cc800 JavaThread "jar transforms Thread 254" [_thread_blocked, id=12264, stack(0x0000000025a70000,0x0000000025b70000)]
  0x000000001b0cf000 JavaThread "jar transforms Thread 253" [_thread_blocked, id=9088, stack(0x0000000025970000,0x0000000025a70000)]
  0x000000001b0cc000 JavaThread "jar transforms Thread 252" [_thread_blocked, id=1716, stack(0x0000000025870000,0x0000000025970000)]
  0x000000001b0cd800 JavaThread "jar transforms Thread 251" [_thread_blocked, id=9076, stack(0x0000000025770000,0x0000000025870000)]
  0x000000001b0cb000 JavaThread "jar transforms Thread 250" [_thread_blocked, id=14608, stack(0x0000000025670000,0x0000000025770000)]
  0x000000001b0ce000 JavaThread "jar transforms Thread 249" [_thread_blocked, id=268, stack(0x0000000025570000,0x0000000025670000)]
  0x000000001b0ca800 JavaThread "jar transforms Thread 248" [_thread_blocked, id=7208, stack(0x0000000025470000,0x0000000025570000)]
  0x000000001b0c3000 JavaThread "jar transforms Thread 247" [_thread_blocked, id=17168, stack(0x0000000025370000,0x0000000025470000)]
  0x000000001b0c6800 JavaThread "jar transforms Thread 246" [_thread_blocked, id=18292, stack(0x0000000025270000,0x0000000025370000)]
  0x000000001b0c5000 JavaThread "jar transforms Thread 245" [_thread_blocked, id=2416, stack(0x0000000025170000,0x0000000025270000)]
  0x000000001fa7f800 JavaThread "jar transforms Thread 244" [_thread_blocked, id=3956, stack(0x0000000025070000,0x0000000025170000)]
  0x000000001fa7e000 JavaThread "jar transforms Thread 243" [_thread_blocked, id=15368, stack(0x0000000024f70000,0x0000000025070000)]
  0x000000001fa80000 JavaThread "jar transforms Thread 242" [_thread_blocked, id=8788, stack(0x0000000024e70000,0x0000000024f70000)]
  0x000000001fa7e800 JavaThread "jar transforms Thread 241" [_thread_blocked, id=18312, stack(0x0000000024d70000,0x0000000024e70000)]
  0x000000001fa7d000 JavaThread "jar transforms Thread 240" [_thread_blocked, id=12860, stack(0x0000000024c70000,0x0000000024d70000)]
  0x000000001fa75800 JavaThread "jar transforms Thread 239" [_thread_blocked, id=7300, stack(0x0000000024b70000,0x0000000024c70000)]
  0x000000001fa7b000 JavaThread "jar transforms Thread 238" [_thread_blocked, id=15840, stack(0x0000000024a70000,0x0000000024b70000)]
  0x000000001fa7c800 JavaThread "jar transforms Thread 237" [_thread_blocked, id=6856, stack(0x0000000024970000,0x0000000024a70000)]
  0x000000001fa7a000 JavaThread "jar transforms Thread 236" [_thread_blocked, id=15796, stack(0x0000000024870000,0x0000000024970000)]
  0x000000001fa79800 JavaThread "jar transforms Thread 235" [_thread_blocked, id=16616, stack(0x0000000024770000,0x0000000024870000)]
  0x000000001fa78000 JavaThread "jar transforms Thread 234" [_thread_blocked, id=1016, stack(0x0000000024670000,0x0000000024770000)]
  0x000000001fa7b800 JavaThread "jar transforms Thread 233" [_thread_blocked, id=3428, stack(0x0000000024570000,0x0000000024670000)]
  0x000000001fa75000 JavaThread "jar transforms Thread 232" [_thread_blocked, id=11460, stack(0x0000000024470000,0x0000000024570000)]
  0x000000001fa72000 JavaThread "jar transforms Thread 231" [_thread_blocked, id=17956, stack(0x0000000024370000,0x0000000024470000)]
  0x000000001fa78800 JavaThread "jar transforms Thread 230" [_thread_blocked, id=15324, stack(0x0000000024170000,0x0000000024270000)]
  0x000000001fa71000 JavaThread "jar transforms Thread 229" [_thread_blocked, id=9556, stack(0x0000000024070000,0x0000000024170000)]
  0x000000001fa77000 JavaThread "jar transforms Thread 228" [_thread_blocked, id=16968, stack(0x0000000023f70000,0x0000000024070000)]
  0x000000001fa76800 JavaThread "jar transforms Thread 227" [_thread_blocked, id=17988, stack(0x0000000023e70000,0x0000000023f70000)]
  0x0000000021100800 JavaThread "Daemon worker Thread 3" [_thread_blocked, id=14328, stack(0x000000001dd60000,0x000000001de60000)]
  0x00000000210ff000 JavaThread "Daemon Thread 3" [_thread_blocked, id=17892, stack(0x0000000001320000,0x0000000001420000)]
  0x00000000210fd000 JavaThread "Memory manager" [_thread_blocked, id=11160, stack(0x000000002c820000,0x000000002c920000)]
  0x000000001b0c2000 JavaThread "Cache worker for file content cache (C:\Users\Apolo\.gradle\caches\6.5\fileContent)" [_thread_blocked, id=12160, stack(0x00000000224a0000,0x00000000225a0000)]
  0x000000001b0c3800 JavaThread "Cache worker for execution history cache (C:\Users\Apolo\.gradle\caches\6.5\executionHistory)" [_thread_blocked, id=8844, stack(0x0000000021b30000,0x0000000021c30000)]
  0x000000001cba3000 JavaThread "Cache worker for file hash cache (C:\Users\Apolo\.gradle\caches\6.5\fileHashes)" [_thread_blocked, id=12688, stack(0x000000001efd0000,0x000000001f0d0000)]
  0x000000001cba2800 JavaThread "File lock request listener" [_thread_in_native, id=10396, stack(0x000000001eed0000,0x000000001efd0000)]
  0x000000001b662800 JavaThread "Cache worker for journal cache (C:\Users\Apolo\.gradle\caches\journal-1)" [_thread_blocked, id=9200, stack(0x000000001edd0000,0x000000001eed0000)]
  0x000000001cb20800 JavaThread "Daemon periodic checks" [_thread_blocked, id=13532, stack(0x000000001e1d0000,0x000000001e2d0000)]
  0x000000001cab8800 JavaThread "Incoming local TCP Connector on port 60815" [_thread_in_native, id=10632, stack(0x000000001df60000,0x000000001e060000)]
  0x000000001ca05800 JavaThread "Daemon health stats" [_thread_blocked, id=13392, stack(0x000000001d920000,0x000000001da20000)]
  0x000000001a126000 JavaThread "Service Thread" daemon [_thread_blocked, id=15764, stack(0x000000001ad80000,0x000000001ae80000)]
  0x000000001a09d000 JavaThread "C1 CompilerThread3" daemon [_thread_blocked, id=14656, stack(0x000000001ac80000,0x000000001ad80000)]
  0x000000001a098800 JavaThread "C2 CompilerThread2" daemon [_thread_blocked, id=8020, stack(0x000000001ab80000,0x000000001ac80000)]
=>0x000000001a092800 JavaThread "C2 CompilerThread1" daemon [_thread_in_native, id=13948, stack(0x000000001aa80000,0x000000001ab80000)]
  0x000000001a08f800 JavaThread "C2 CompilerThread0" daemon [_thread_blocked, id=12908, stack(0x000000001a980000,0x000000001aa80000)]
  0x000000001a08e000 JavaThread "Attach Listener" daemon [_thread_blocked, id=17132, stack(0x000000001a880000,0x000000001a980000)]
  0x000000001827e000 JavaThread "Signal Dispatcher" daemon [_thread_blocked, id=4516, stack(0x000000001a780000,0x000000001a880000)]
  0x000000001a081000 JavaThread "Finalizer" daemon [_thread_blocked, id=16788, stack(0x000000001a560000,0x000000001a660000)]
  0x000000001a080800 JavaThread "Reference Handler" daemon [_thread_blocked, id=18404, stack(0x000000001a460000,0x000000001a560000)]
  0x00000000030fd800 JavaThread "main" [_thread_blocked, id=6012, stack(0x0000000002fa0000,0x00000000030a0000)]

Other Threads:
  0x0000000018268000 VMThread [stack: 0x0000000019f60000,0x000000001a060000] [id=2372]
  0x000000001a126800 WatcherThread [stack: 0x000000001ae80000,0x000000001af80000] [id=18128]

VM state:not at safepoint (normal execution)

VM Mutex/Monitor currently owned by a thread: None

heap address: 0x0000000080000000, size: 2048 MB, Compressed Oops mode: 32-bit
Narrow klass base: 0x0000000000000000, Narrow klass shift: 3
Compressed class space size: 1073741824 Address: 0x0000000100000000

Heap:
 PSYoungGen      total 336384K, used 206394K [0x00000000d5580000, 0x00000000ebf80000, 0x0000000100000000)
  eden space 313344K, 59% used [0x00000000d5580000,0x00000000e0c2eb30,0x00000000e8780000)
  from space 23040K, 83% used [0x00000000ea900000,0x00000000ebbe0070,0x00000000ebf80000)
  to   space 28672K, 0% used [0x00000000e8780000,0x00000000e8780000,0x00000000ea380000)
 ParOldGen       total 111104K, used 45334K [0x0000000080000000, 0x0000000086c80000, 0x00000000d5580000)
  object space 111104K, 40% used [0x0000000080000000,0x0000000082c45b20,0x0000000086c80000)
 Metaspace       used 79795K, capacity 84010K, committed 84312K, reserved 1122304K
  class space    used 10515K, capacity 11277K, committed 11392K, reserved 1048576K

Card table byte_map: [0x00000000125c0000,0x00000000129d0000] byte_map_base: 0x00000000121c0000

Marking Bits: (ParMarkBitMap*) 0x000000006ad1f030
 Begin Bits: [0x0000000013480000, 0x0000000015480000)
 End Bits:   [0x0000000015480000, 0x0000000017480000)

Polling page: 0x0000000001210000

CodeCache: size=245760Kb used=36212Kb max_used=36265Kb free=209547Kb
 bounds [0x0000000003200000, 0x00000000055b0000, 0x0000000012200000]
 total_blobs=12233 nmethods=11378 adapters=767
 compilation: enabled

Compilation events (10 events):
Event: 1545.253 Thread 0x000000001a09d000 13606       3       java.util.RegularEnumSet::add (9 bytes)
Event: 1545.254 Thread 0x000000001a09d000 nmethod 13606 0x0000000004cba290 code [0x0000000004cba400, 0x0000000004cba688]
Event: 1545.254 Thread 0x000000001a09d000 13607       3       java.util.RegularEnumSet::add (40 bytes)
Event: 1545.254 Thread 0x000000001a09d000 nmethod 13607 0x0000000004cb9d10 code [0x0000000004cb9e80, 0x0000000004cba1a8]
Event: 1545.256 Thread 0x000000001a098800 nmethod 13599 0x00000000045bad10 code [0x00000000045baf20, 0x00000000045bb710]
Event: 1545.335 Thread 0x000000001a08f800 nmethod 13515 0x000000000558a3d0 code [0x000000000558ab60, 0x00000000055959e8]
Event: 1545.373 Thread 0x000000001a09d000 13608       1       java.lang.Byte::valueOf (10 bytes)
Event: 1545.373 Thread 0x000000001a09d000 nmethod 13608 0x0000000004cb99d0 code [0x0000000004cb9b20, 0x0000000004cb9c30]
Event: 1545.373 Thread 0x000000001a09d000 13609       3       java.lang.Long::formatUnsignedLong (52 bytes)
Event: 1545.373 Thread 0x000000001a09d000 nmethod 13609 0x0000000004cb93d0 code [0x0000000004cb9540, 0x0000000004cb97b0]

GC Heap History (10 events):
Event: 6.006 GC heap before
{Heap before GC invocations=15 (full 3):
 PSYoungGen      total 244736K, used 4900K [0x00000000d5580000, 0x00000000e5a00000, 0x0000000100000000)
  eden space 225792K, 0% used [0x00000000d5580000,0x00000000d5580000,0x00000000e3200000)
  from space 18944K, 25% used [0x00000000e4480000,0x00000000e4949178,0x00000000e5700000)
  to   space 18944K, 0% used [0x00000000e3200000,0x00000000e3200000,0x00000000e4480000)
 ParOldGen       total 73216K, used 41310K [0x0000000080000000, 0x0000000084780000, 0x00000000d5580000)
  object space 73216K, 56% used [0x0000000080000000,0x0000000082857b58,0x0000000084780000)
 Metaspace       used 56523K, capacity 58948K, committed 59028K, reserved 1099776K
  class space    used 7660K, capacity 8161K, committed 8192K, reserved 1048576K
Event: 6.143 GC heap after
Heap after GC invocations=15 (full 3):
 PSYoungGen      total 244736K, used 0K [0x00000000d5580000, 0x00000000e5a00000, 0x0000000100000000)
  eden space 225792K, 0% used [0x00000000d5580000,0x00000000d5580000,0x00000000e3200000)
  from space 18944K, 0% used [0x00000000e4480000,0x00000000e4480000,0x00000000e5700000)
  to   space 18944K, 0% used [0x00000000e3200000,0x00000000e3200000,0x00000000e4480000)
 ParOldGen       total 111104K, used 32551K [0x0000000080000000, 0x0000000086c80000, 0x00000000d5580000)
  object space 111104K, 29% used [0x0000000080000000,0x0000000081fc9fb0,0x0000000086c80000)
 Metaspace       used 56475K, capacity 58786K, committed 59028K, reserved 1099776K
  class space    used 7645K, capacity 8134K, committed 8192K, reserved 1048576K
}
Event: 7.828 GC heap before
{Heap before GC invocations=16 (full 3):
 PSYoungGen      total 244736K, used 225792K [0x00000000d5580000, 0x00000000e5a00000, 0x0000000100000000)
  eden space 225792K, 100% used [0x00000000d5580000,0x00000000e3200000,0x00000000e3200000)
  from space 18944K, 0% used [0x00000000e4480000,0x00000000e4480000,0x00000000e5700000)
  to   space 18944K, 0% used [0x00000000e3200000,0x00000000e3200000,0x00000000e4480000)
 ParOldGen       total 111104K, used 32551K [0x0000000080000000, 0x0000000086c80000, 0x00000000d5580000)
  object space 111104K, 29% used [0x0000000080000000,0x0000000081fc9fb0,0x0000000086c80000)
 Metaspace       used 65895K, capacity 69198K, committed 69336K, reserved 1110016K
  class space    used 9057K, capacity 9722K, committed 9728K, reserved 1048576K
Event: 7.847 GC heap after
Heap after GC invocations=16 (full 3):
 PSYoungGen      total 244736K, used 18917K [0x00000000d5580000, 0x00000000e9400000, 0x0000000100000000)
  eden space 225792K, 0% used [0x00000000d5580000,0x00000000d5580000,0x00000000e3200000)
  from space 18944K, 99% used [0x00000000e3200000,0x00000000e4479478,0x00000000e4480000)
  to   space 22016K, 0% used [0x00000000e7e80000,0x00000000e7e80000,0x00000000e9400000)
 ParOldGen       total 111104K, used 33508K [0x0000000080000000, 0x0000000086c80000, 0x00000000d5580000)
  object space 111104K, 30% used [0x0000000080000000,0x00000000820b93e0,0x0000000086c80000)
 Metaspace       used 65895K, capacity 69198K, committed 69336K, reserved 1110016K
  class space    used 9057K, capacity 9722K, committed 9728K, reserved 1048576K
}
Event: 55.745 GC heap before
{Heap before GC invocations=17 (full 3):
 PSYoungGen      total 244736K, used 244709K [0x00000000d5580000, 0x00000000e9400000, 0x0000000100000000)
  eden space 225792K, 100% used [0x00000000d5580000,0x00000000e3200000,0x00000000e3200000)
  from space 18944K, 99% used [0x00000000e3200000,0x00000000e4479478,0x00000000e4480000)
  to   space 22016K, 0% used [0x00000000e7e80000,0x00000000e7e80000,0x00000000e9400000)
 ParOldGen       total 111104K, used 33508K [0x0000000080000000, 0x0000000086c80000, 0x00000000d5580000)
  object space 111104K, 30% used [0x0000000080000000,0x00000000820b93e0,0x0000000086c80000)
 Metaspace       used 74346K, capacity 77874K, committed 78168K, reserved 1116160K
  class space    used 9952K, capacity 10608K, committed 10624K, reserved 1048576K
Event: 55.770 GC heap after
Heap after GC invocations=17 (full 3):
 PSYoungGen      total 291840K, used 18572K [0x00000000d5580000, 0x00000000e9100000, 0x0000000100000000)
  eden space 272896K, 0% used [0x00000000d5580000,0x00000000d5580000,0x00000000e6000000)
  from space 18944K, 98% used [0x00000000e7e80000,0x00000000e90a3328,0x00000000e9100000)
  to   space 24064K, 0% used [0x00000000e6200000,0x00000000e6200000,0x00000000e7980000)
 ParOldGen       total 111104K, used 45318K [0x0000000080000000, 0x0000000086c80000, 0x00000000d5580000)
  object space 111104K, 40% used [0x0000000080000000,0x0000000082c41b20,0x0000000086c80000)
 Metaspace       used 74346K, capacity 77874K, committed 78168K, reserved 1116160K
  class space    used 9952K, capacity 10608K, committed 10624K, reserved 1048576K
}
Event: 124.640 GC heap before
{Heap before GC invocations=18 (full 3):
 PSYoungGen      total 291840K, used 291468K [0x00000000d5580000, 0x00000000e9100000, 0x0000000100000000)
  eden space 272896K, 100% used [0x00000000d5580000,0x00000000e6000000,0x00000000e6000000)
  from space 18944K, 98% used [0x00000000e7e80000,0x00000000e90a3328,0x00000000e9100000)
  to   space 24064K, 0% used [0x00000000e6200000,0x00000000e6200000,0x00000000e7980000)
 ParOldGen       total 111104K, used 45318K [0x0000000080000000, 0x0000000086c80000, 0x00000000d5580000)
  object space 111104K, 40% used [0x0000000080000000,0x0000000082c41b20,0x0000000086c80000)
 Metaspace       used 77136K, capacity 80962K, committed 81112K, reserved 1120256K
  class space    used 10254K, capacity 10986K, committed 11008K, reserved 1048576K
Event: 124.658 GC heap after
Heap after GC invocations=18 (full 3):
 PSYoungGen      total 299008K, used 23528K [0x00000000d5580000, 0x00000000ec400000, 0x0000000100000000)
  eden space 274944K, 0% used [0x00000000d5580000,0x00000000d5580000,0x00000000e6200000)
  from space 24064K, 97% used [0x00000000e6200000,0x00000000e78fa328,0x00000000e7980000)
  to   space 27648K, 0% used [0x00000000ea900000,0x00000000ea900000,0x00000000ec400000)
 ParOldGen       total 111104K, used 45326K [0x0000000080000000, 0x0000000086c80000, 0x00000000d5580000)
  object space 111104K, 40% used [0x0000000080000000,0x0000000082c43b20,0x0000000086c80000)
 Metaspace       used 77136K, capacity 80962K, committed 81112K, reserved 1120256K
  class space    used 10254K, capacity 10986K, committed 11008K, reserved 1048576K
}
Event: 1537.522 GC heap before
{Heap before GC invocations=19 (full 3):
 PSYoungGen      total 299008K, used 298472K [0x00000000d5580000, 0x00000000ec400000, 0x0000000100000000)
  eden space 274944K, 100% used [0x00000000d5580000,0x00000000e6200000,0x00000000e6200000)
  from space 24064K, 97% used [0x00000000e6200000,0x00000000e78fa328,0x00000000e7980000)
  to   space 27648K, 0% used [0x00000000ea900000,0x00000000ea900000,0x00000000ec400000)
 ParOldGen       total 111104K, used 45326K [0x0000000080000000, 0x0000000086c80000, 0x00000000d5580000)
  object space 111104K, 40% used [0x0000000080000000,0x0000000082c43b20,0x0000000086c80000)
 Metaspace       used 78113K, capacity 82172K, committed 82264K, reserved 1120256K
  class space    used 10295K, capacity 11057K, committed 11136K, reserved 1048576K
Event: 1537.551 GC heap after
Heap after GC invocations=19 (full 3):
 PSYoungGen      total 336384K, used 19328K [0x00000000d5580000, 0x00000000ebf80000, 0x0000000100000000)
  eden space 313344K, 0% used [0x00000000d5580000,0x00000000d5580000,0x00000000e8780000)
  from space 23040K, 83% used [0x00000000ea900000,0x00000000ebbe0070,0x00000000ebf80000)
  to   space 28672K, 0% used [0x00000000e8780000,0x00000000e8780000,0x00000000ea380000)
 ParOldGen       total 111104K, used 45334K [0x0000000080000000, 0x0000000086c80000, 0x00000000d5580000)
  object space 111104K, 40% used [0x0000000080000000,0x0000000082c45b20,0x0000000086c80000)
 Metaspace       used 78113K, capacity 82172K, committed 82264K, reserved 1120256K
  class space    used 10295K, capacity 11057K, committed 11136K, reserved 1048576K
}

Deoptimization events (10 events):
Event: 1540.183 Thread 0x00000000210ff000 Uncommon trap: reason=array_check action=maybe_recompile pc=0x0000000005020e40 method=java.util.TimSort.binarySort([Ljava/lang/Object;IIILjava/util/Comparator;)V @ 193
Event: 1540.184 Thread 0x00000000210ff000 Uncommon trap: reason=array_check action=maybe_recompile pc=0x0000000005020e40 method=java.util.TimSort.binarySort([Ljava/lang/Object;IIILjava/util/Comparator;)V @ 193
Event: 1540.184 Thread 0x00000000210ff000 Uncommon trap: reason=array_check action=maybe_recompile pc=0x0000000005020e40 method=java.util.TimSort.binarySort([Ljava/lang/Object;IIILjava/util/Comparator;)V @ 193
Event: 1540.186 Thread 0x00000000210ff000 Uncommon trap: reason=unstable_if action=reinterpret pc=0x00000000050bd89c method=org.gradle.internal.remote.internal.inet.SocketConnection$SocketOutputStream.write([BII)V @ 64
Event: 1544.535 Thread 0x0000000021100800 Uncommon trap: reason=bimorphic action=maybe_recompile pc=0x0000000003e46bdc method=java.util.Comparator.lambda$comparing$77a9974f$1(Ljava/util/function/Function;Ljava/lang/Object;Ljava/lang/Object;)I @ 17
Event: 1544.535 Thread 0x0000000021100800 Uncommon trap: reason=bimorphic action=maybe_recompile pc=0x0000000003e46bdc method=java.util.Comparator.lambda$comparing$77a9974f$1(Ljava/util/function/Function;Ljava/lang/Object;Ljava/lang/Object;)I @ 17
Event: 1544.602 Thread 0x0000000021100800 Uncommon trap: reason=null_check action=make_not_entrant pc=0x00000000052bde60 method=org.gradle.api.internal.collections.CollectionFilter.filter(Ljava/lang/Object;)Ljava/lang/Object; @ 5
Event: 1545.080 Thread 0x00000000214cd800 Uncommon trap: reason=bimorphic action=maybe_recompile pc=0x0000000004d6c3d4 method=java.util.stream.AbstractPipeline.copyIntoWithCancel(Ljava/util/stream/Sink;Ljava/util/Spliterator;)V @ 24
Event: 1545.080 Thread 0x00000000214cd800 Uncommon trap: reason=bimorphic action=maybe_recompile pc=0x0000000003f8a320 method=java.util.stream.AbstractPipeline.copyIntoWithCancel(Ljava/util/stream/Sink;Ljava/util/Spliterator;)V @ 24
Event: 1545.239 Thread 0x00000000214cd800 Uncommon trap: reason=bimorphic action=maybe_recompile pc=0x0000000003fa3b40 method=com.google.common.collect.Iterators$5.computeNext()Ljava/lang/Object; @ 27

Classes redefined (0 events):
No events

Internal exceptions (10 events):
Event: 1545.077 Thread 0x00000000214cd800 Exception <a 'sun/nio/fs/WindowsException'> (0x00000000e04347a8) thrown at [C:\src\AOSP-openjdk-git\hotspot\src\share\vm\prims\jni.cpp, line 710]
Event: 1545.077 Thread 0x00000000214cd800 Exception <a 'sun/nio/fs/WindowsException'> (0x00000000e04354a8) thrown at [C:\src\AOSP-openjdk-git\hotspot\src\share\vm\prims\jni.cpp, line 710]
Event: 1545.078 Thread 0x00000000214cd800 Exception <a 'sun/nio/fs/WindowsException'> (0x00000000e0437298) thrown at [C:\src\AOSP-openjdk-git\hotspot\src\share\vm\prims\jni.cpp, line 710]
Event: 1545.078 Thread 0x00000000214cd800 Exception <a 'sun/nio/fs/WindowsException'> (0x00000000e0437f98) thrown at [C:\src\AOSP-openjdk-git\hotspot\src\share\vm\prims\jni.cpp, line 710]
Event: 1545.078 Thread 0x00000000214cd800 Exception <a 'sun/nio/fs/WindowsException'> (0x00000000e0439d88) thrown at [C:\src\AOSP-openjdk-git\hotspot\src\share\vm\prims\jni.cpp, line 710]
Event: 1545.078 Thread 0x00000000214cd800 Exception <a 'sun/nio/fs/WindowsException'> (0x00000000e043aa80) thrown at [C:\src\AOSP-openjdk-git\hotspot\src\share\vm\prims\jni.cpp, line 710]
Event: 1545.078 Thread 0x00000000214cd800 Exception <a 'sun/nio/fs/WindowsException'> (0x00000000e043c870) thrown at [C:\src\AOSP-openjdk-git\hotspot\src\share\vm\prims\jni.cpp, line 710]
Event: 1545.078 Thread 0x00000000214cd800 Exception <a 'sun/nio/fs/WindowsException'> (0x00000000e043d570) thrown at [C:\src\AOSP-openjdk-git\hotspot\src\share\vm\prims\jni.cpp, line 710]
Event: 1545.078 Thread 0x00000000214cd800 Exception <a 'sun/nio/fs/WindowsException'> (0x00000000e043f360) thrown at [C:\src\AOSP-openjdk-git\hotspot\src\share\vm\prims\jni.cpp, line 710]
Event: 1545.079 Thread 0x00000000214cd800 Exception <a 'sun/nio/fs/WindowsException'> (0x00000000e0440060) thrown at [C:\src\AOSP-openjdk-git\hotspot\src\share\vm\prims\jni.cpp, line 710]

Events (10 events):
Event: 1545.262 Executing VM operation: RevokeBias done
Event: 1545.295 Thread 0x00000000214d3800 Thread added: 0x00000000214d3800
Event: 1545.371 Executing VM operation: RevokeBias
Event: 1545.371 Executing VM operation: RevokeBias done
Event: 1545.371 Executing VM operation: RevokeBias
Event: 1545.371 Executing VM operation: RevokeBias done
Event: 1545.371 Executing VM operation: RevokeBias
Event: 1545.372 Executing VM operation: RevokeBias done
Event: 1545.372 Thread 0x00000000214d3800 Thread exited: 0x00000000214d3800
Event: 1545.389 Thread 0x00000000214d1000 Thread added: 0x00000000214d1000


Dynamic libraries:
0x00007ff6eb610000 - 0x00007ff6eb641000 	C:\Program Files\Android\Android Studio\jre\bin\java.exe
0x00007ff8db1c0000 - 0x00007ff8db3b0000 	C:\Windows\SYSTEM32\ntdll.dll
0x00007ff8da660000 - 0x00007ff8da712000 	C:\Windows\System32\KERNEL32.DLL
0x00007ff8d8a90000 - 0x00007ff8d8d35000 	C:\Windows\System32\KERNELBASE.dll
0x00007ff8d9420000 - 0x00007ff8d94c3000 	C:\Windows\System32\ADVAPI32.dll
0x00007ff8da8b0000 - 0x00007ff8da94e000 	C:\Windows\System32\msvcrt.dll
0x00007ff8da4f0000 - 0x00007ff8da587000 	C:\Windows\System32\sechost.dll
0x00007ff8da720000 - 0x00007ff8da840000 	C:\Windows\System32\RPCRT4.dll
0x00007ff8d98e0000 - 0x00007ff8d9a74000 	C:\Windows\System32\USER32.dll
0x00007ff8d8d40000 - 0x00007ff8d8d61000 	C:\Windows\System32\win32u.dll
0x00007ff8daa60000 - 0x00007ff8daa86000 	C:\Windows\System32\GDI32.dll
0x00007ff8d8e60000 - 0x00007ff8d8ff6000 	C:\Windows\System32\gdi32full.dll
0x00007ff8d8130000 - 0x00007ff8d81ce000 	C:\Windows\System32\msvcp_win.dll
0x00007ff8d8990000 - 0x00007ff8d8a8a000 	C:\Windows\System32\ucrtbase.dll
0x00007ff8b67f0000 - 0x00007ff8b6a74000 	C:\Windows\WinSxS\amd64_microsoft.windows.common-controls_6595b64144ccf1df_6.0.18362.1256_none_9e7e379be45e40e2\COMCTL32.dll
0x00007ff8d9a80000 - 0x00007ff8d9db6000 	C:\Windows\System32\combase.dll
0x00007ff8d8d70000 - 0x00007ff8d8df1000 	C:\Windows\System32\bcryptPrimitives.dll
0x00007ff8d9e30000 - 0x00007ff8d9e5e000 	C:\Windows\System32\IMM32.DLL
0x000000006a390000 - 0x000000006a462000 	C:\Program Files\Android\Android Studio\jre\jre\bin\msvcr100.dll
0x000000006a550000 - 0x000000006ad9b000 	C:\Program Files\Android\Android Studio\jre\jre\bin\server\jvm.dll
0x00007ff8d9710000 - 0x00007ff8d9718000 	C:\Windows\System32\PSAPI.DLL
0x00007ff8cd020000 - 0x00007ff8cd029000 	C:\Windows\SYSTEM32\WSOCK32.dll
0x00007ff8da3b0000 - 0x00007ff8da41f000 	C:\Windows\System32\WS2_32.dll
0x00007ff8d0620000 - 0x00007ff8d0644000 	C:\Windows\SYSTEM32\WINMM.dll
0x00007ff8d6b50000 - 0x00007ff8d6b5a000 	C:\Windows\SYSTEM32\VERSION.dll
0x00007ff8d05f0000 - 0x00007ff8d061d000 	C:\Windows\SYSTEM32\winmmbase.dll
0x00007ff8d90d0000 - 0x00007ff8d911a000 	C:\Windows\System32\cfgmgr32.dll
0x00007ff8cd010000 - 0x00007ff8cd01f000 	C:\Program Files\Android\Android Studio\jre\jre\bin\verify.dll
0x00007ff8bf040000 - 0x00007ff8bf069000 	C:\Program Files\Android\Android Studio\jre\jre\bin\java.dll
0x00007ff8bef50000 - 0x00007ff8bef66000 	C:\Program Files\Android\Android Studio\jre\jre\bin\zip.dll
0x00007ff8daa90000 - 0x00007ff8db177000 	C:\Windows\System32\SHELL32.dll
0x00007ff8da9b0000 - 0x00007ff8daa59000 	C:\Windows\System32\shcore.dll
0x00007ff8d81d0000 - 0x00007ff8d8951000 	C:\Windows\System32\windows.storage.dll
0x00007ff8d80e0000 - 0x00007ff8d8103000 	C:\Windows\System32\profapi.dll
0x00007ff8d8090000 - 0x00007ff8d80da000 	C:\Windows\System32\powrprof.dll
0x00007ff8d8060000 - 0x00007ff8d8070000 	C:\Windows\System32\UMPDC.dll
0x00007ff8da850000 - 0x00007ff8da8a2000 	C:\Windows\System32\shlwapi.dll
0x00007ff8d8070000 - 0x00007ff8d8081000 	C:\Windows\System32\kernel.appcore.dll
0x00007ff8d9000000 - 0x00007ff8d9017000 	C:\Windows\System32\cryptsp.dll
0x00007ff8bef30000 - 0x00007ff8bef4a000 	C:\Program Files\Android\Android Studio\jre\jre\bin\net.dll
0x00007ff8d78b0000 - 0x00007ff8d7917000 	C:\Windows\system32\mswsock.dll
0x00007ff8bec60000 - 0x00007ff8bec73000 	C:\Program Files\Android\Android Studio\jre\jre\bin\nio.dll
0x00007ff8cde70000 - 0x00007ff8cde97000 	C:\Users\Apolo\.gradle\native\f6784746aeab05261644944871eae4fe03e0ef1612fff0a4a95f87b438bc6780\windows-amd64\native-platform.dll
0x00007ff8bf030000 - 0x00007ff8bf03d000 	C:\Program Files\Android\Android Studio\jre\jre\bin\management.dll
0x00007ff8d7420000 - 0x00007ff8d7453000 	C:\Windows\system32\rsaenh.dll
0x00007ff8d8960000 - 0x00007ff8d8986000 	C:\Windows\System32\bcrypt.dll
0x00007ff8d7f40000 - 0x00007ff8d7f65000 	C:\Windows\SYSTEM32\USERENV.dll
0x00007ff8d7a80000 - 0x00007ff8d7a8c000 	C:\Windows\SYSTEM32\CRYPTBASE.dll
0x00007ff8d75c0000 - 0x00007ff8d75fa000 	C:\Windows\SYSTEM32\IPHLPAPI.DLL
0x00007ff8da840000 - 0x00007ff8da848000 	C:\Windows\System32\NSI.dll
0x00007ff8cb260000 - 0x00007ff8cb276000 	C:\Windows\SYSTEM32\dhcpcsvc6.DLL
0x00007ff8cb320000 - 0x00007ff8cb33c000 	C:\Windows\SYSTEM32\dhcpcsvc.DLL
0x00007ff8d7610000 - 0x00007ff8d76db000 	C:\Windows\SYSTEM32\DNSAPI.dll
0x00007ff8cd0a0000 - 0x00007ff8cd0ab000 	C:\Windows\SYSTEM32\WINNSI.DLL
0x00007ff8c10b0000 - 0x00007ff8c10ce000 	C:\Users\Apolo\AppData\Local\Temp\native-platform1729629037623489534dir\native-platform.dll

VM Arguments:
jvm_args: -Xmx2048m -Dfile.encoding=windows-1252 -Duser.country=ES -Duser.language=es -Duser.variant 
java_command: org.gradle.launcher.daemon.bootstrap.GradleDaemon 6.5
java_class_path (initial): C:\Users\Apolo\.gradle\wrapper\dists\gradle-6.5-bin\6nifqtx7604sqp1q6g8wikw7p\gradle-6.5\lib\gradle-launcher-6.5.jar
Launcher Type: SUN_STANDARD

Environment Variables:
PATH=C:\Program Files\Common Files\Oracle\Java\javapath;C:\Program Files (x86)\Common Files\Oracle\Java\javapath;C:\orant\bin;C:\Windows\system32;C:\Windows;C:\Windows\System32\Wbem;C:\Windows\System32\WindowsPowerShell\v1.0\;C:\Windows\System32\OpenSSH\;C:\orant\jdk\bin;C:\Program Files (x86)\Intel\Intel(R) Memory And Storage Tool\;C:\Program Files\Git\cmd;C:\Users\Apolo\AppData\Local\Microsoft\WindowsApps;
USERNAME=Apolo
OS=Windows_NT
PROCESSOR_IDENTIFIER=Intel64 Family 6 Model 126 Stepping 5, GenuineIntel



---------------  S Y S T E M  ---------------

OS: Windows 10.0 , 64 bit Build 18362 (10.0.18362.1110)

CPU:total 8 (initial active 8) (4 cores per cpu, 2 threads per core) family 6 model 126 stepping 5, cmov, cx8, fxsr, mmx, sse, sse2, sse3, ssse3, sse4.1, sse4.2, popcnt, avx, avx2, aes, clmul, erms, 3dnowpref, lzcnt, ht, tsc, tscinvbit, bmi1, bmi2, adx

Memory: 4k page, physical 8165048k(652400k free), swap 11736884k(227252k free)

vm_info: OpenJDK 64-Bit Server VM (25.242-b01) for windows-amd64 JRE (1.8.0_242-release-1644-b01), built by "builder" with MS VC++ 10.0 (VS2010)

time: Tue Jan 05 11:32:41 2021
timezone: Hora de verano de Paraguay
elapsed time: 1545 seconds (0d 0h 25m 45s)

