#
# There is insufficient memory for the Java Runtime Environment to continue.
# Native memory allocation (mmap) failed to map 52428800 bytes for Failed to commit area from 0x0000000092f00000 to 0x0000000096100000 of length 52428800.
# Possible reasons:
#   The system is out of physical RAM or swap space
#   The process is running with CompressedOops enabled, and the Java Heap may be blocking the growth of the native heap
# Possible solutions:
#   Reduce memory load on the system
#   Increase physical memory or swap space
#   Check if swap backing store is full
#   Decrease Java heap size (-Xmx/-Xms)
#   Decrease number of Java threads
#   Decrease Java thread stack sizes (-Xss)
#   Set larger code cache with -XX:ReservedCodeCacheSize=
#   JVM is running with Unscaled Compressed Oops mode in which the Java heap is
#     placed in the first 4GB address space. The Java Heap base address is the
#     maximum limit for the native heap growth. Please use -XX:HeapBaseMinAddress
#     to set the Java Heap base and to place the Java Heap above 4GB virtual address.
# This output file may be truncated or incomplete.
#
#  Out of Memory Error (./src/hotspot/os/windows/os_windows.cpp:3303), pid=7844, tid=20120
#
# JRE version: OpenJDK Runtime Environment (11.0.8+10) (build 11.0.8+10-b944.6842174)
# Java VM: OpenJDK 64-Bit Server VM (11.0.8+10-b944.6842174, mixed mode, tiered, compressed oops, g1 gc, windows-amd64)
# No core dump will be written. Minidumps are not enabled by default on client versions of Windows
#

---------------  S U M M A R Y ------------

Command Line: org.jetbrains.kotlin.cli.jvm.K2JVMCompiler -Xallow-no-source-files -classpath C:\Android\Proyecto\VendedoresKT\ApoloVendedor\app\build\intermediates\compile_and_runtime_not_namespaced_r_class_jar\debug\R.jar;C:\Users\Apolo\.gradle\caches\transforms-2\files-2.1\70b69f018ff8e55d59c786768edda5ad\jetified-ksoap2-android-assembly-3.6.2-jar-with-dependencies.jar;C:\Users\Apolo\.gradle\caches\transforms-2\files-2.1\65822686645ebbefbf6a8af1588fb9e6\jetified-kotlin-android-extensions-runtime-1.3.72.jar;C:\Users\Apolo\.gradle\caches\transforms-2\files-2.1\e339e8830f424a51a223b9ab6ff13c9b\jetified-kotlin-stdlib-jdk7-1.3.72.jar;C:\Users\Apolo\.gradle\caches\transforms-2\files-2.1\b7b8da7012b769d6e1d5e97ec3660eec\jetified-core-ktx-1.2.0-api.jar;C:\Users\Apolo\.gradle\caches\transforms-2\files-2.1\172a37d5aaf6c239d3f3ac4e85e80706\jetified-kotlin-stdlib-1.3.72.jar;C:\Users\Apolo\.gradle\caches\transforms-2\files-2.1\2cd9eed13f11bee972de9aa70644c376\jetified-kotlin-stdlib-common-1.3.72.jar;C:\Users\Apolo\.gradle\caches\transforms-2\files-2.1\17dda0cf0629172bdc4ecf5d3bc5b97a\jetified-annotations-13.0.jar;C:\Users\Apolo\.gradle\caches\transforms-2\files-2.1\c947f03eec3c31e4097ca3d0b32c1cc1\material-1.0.0-api.jar;C:\Users\Apolo\.gradle\caches\transforms-2\files-2.1\bf764ed074c0ac103109d1826cf7354a\appcompat-1.1.0-api.jar;C:\Users\Apolo\.gradle\caches\transforms-2\files-2.1\74b70178f46f9beb69813f52563b2a97\cardview-1.0.0-api.jar;C:\Users\Apolo\.gradle\caches\transforms-2\files-2.1\7333204511bb3c05d1650051bbdc5a28\gridlayout-1.0.0-api.jar;C:\Users\Apolo\.gradle\caches\transforms-2\files-2.1\14fd8c3ad82c146d9efd8859e38a0ef8\jetified-play-services-maps-17.0.0-api.jar;C:\Users\Apolo\.gradle\caches\transforms-2\files-2.1\8259b828720644cdf6d447b6f0a0b83e\lifecycle-extensions-2.0.0-api.jar;C:\Users\Apolo\.gradle\caches\transforms-2\files-2.1\315adbd2afad81e80f5bbf1852a718f2\jetified-play-services-base-17.0.0-api.jar;C:\Users\Apolo\.gradle\caches\transforms-2\files-2.1\990e53d49840d4a3304bf3e9e4296c42\jetified-play-services-tasks-17.0.0-api.jar;C:\Users\Apolo\.gradle\caches\transforms-2\files-2.1\403014eab9c0958fc26346100d11e617\jetified-play-services-basement-17.0.0-api.jar;C:\Users\Apolo\.gradle\caches\transforms-2\files-2.1\1fc704df438e6cdf3413193de7ed392d\fragment-1.1.0-api.jar;C:\Users\Apolo\.gradle\caches\transforms-2\files-2.1\33acbb21701a1ade15e4092c70f97025\jetified-appcompat-resources-1.1.0-api.jar;C:\Users\Apolo\.gradle\caches\transforms-2\files-2.1\33c20b999289e9299d1cad45fa98c7a6\recyclerview-1.0.0-api.jar;C:\Users\Apolo\.gradle\caches\transforms-2\files-2.1\76c75866880fca3b75c921507b105d85\legacy-support-core-ui-1.0.0-api.jar;C:\Users\Apolo\.gradle\caches\transforms-2\files-2.1\0e3c66a3359eaa312754fda18d5dfe2e\drawerlayout-1.0.0-api.jar;C:\Users\Apolo\.gradle\caches\transforms-2\files-2.1\c43474b19389b1e03742d2da590ee4a3\legacy-support-core-utils-1.0.0-api.jar;C:\Users\Apolo\.gradle\caches\transforms-2\files-2.1\1ecce74702a69f4ef001d8c6bd54834c\transition-1.0.0-api.jar;C:\Users\Apolo\.gradle\caches\transforms-2\files-2.1\091c5e1d98085a9d8c1238f7927ad4fe\viewpager-1.0.0-api.jar;C:\Users\Apolo\.gradle\caches\transforms-2\files-2.1\71f148104eb89bbfe4e11706029f1cef\loader-1.0.0-api.jar;C:\Users\Apolo\.gradle\caches\transforms-2\files-2.1\545b0e463990b84056b5abc523bcaf4b\jetified-activity-1.0.0-api.jar;C:\Users\Apolo\.gradle\caches\transforms-2\files-2.1\7f1b5fa0f97abb97ce59d6577f60626c\vectordrawable-animated-1.1.0-api.jar;C:\Users\Apolo\.gradle\caches\transforms-2\files-2.1\3235186253f0a4fb08ded59c6811268c\vectordrawable-1.1.0-api.jar;C:\Users\Apolo\.gradle\caches\transforms-2\files-2.1\7627cb98189ffbf04fb6ce4bfc1083aa\coordinatorlayout-1.0.0-api.jar;C:\Users\Apolo\.gradle\caches\transforms-2\files-2.1\8c9caf90f93a830eb2db4e11c3d2e4d6\slidingpanelayout-1.0.0-api.jar;C:\Users\Apolo\.gradle\caches\transforms-2\files-2.1\93bbed8d54bdf409240c2e8603405103\customview-1.0.0-api.jar;C:\Users\Apolo\.gradle\caches\transforms-2\files-2.1\3859092948a9f46d091d991580909ae0\swiperefreshlayout-1.0.0-api.jar;C:\Users\Apolo\.gradle\caches\transforms-2\files-2.1\a8282f650cbcd828238c9a81be553138\asynclayoutinflater-1.0.0-api.jar;C:\Users\Apolo\.gradle\caches\transforms-2\files-2.1\86f48c18db492a57be3ab23a948885bf\core-1.2.0-api.jar;C:\Users\Apolo\.gradle\caches\transforms-2\files-2.1\7aa288b484ec0e6c723a3d20022222b1\cursoradapter-1.0.0-api.jar;C:\Users\Apolo\.gradle\caches\transforms-2\files-2.1\12946545c9bb67528535379c9c39c656\versionedparcelable-1.1.0-api.jar;C:\Users\Apolo\.gradle\caches\modules-2\files-2.1\androidx.collection\collection\1.1.0\1f27220b47669781457de0d600849a5de0e89909\collection-1.1.0.jar;C:\Users\Apolo\.gradle\caches\transforms-2\files-2.1\17fb15fab65cfe32fe47332c1211a1ee\jetified-lifecycle-process-2.0.0-api.jar;C:\Users\Apolo\.gradle\caches\transforms-2\files-2.1\9cc75c497fd40dab6202513f6d8823dc\jetified-lifecycle-service-2.0.0-api.jar;C:\Users\Apolo\.gradle\caches\transforms-2\files-2.1\2f39c521624e3d32aad3ba1277bc57cd\lifecycle-runtime-2.1.0-api.jar;C:\Users\Apolo\.gradle\caches\transforms-2\files-2.1\ab041b0964ef1184cb2a7de95305b863\lifecycle-livedata-2.0.0-api.jar;C:\Users\Apolo\.gradle\caches\transforms-2\files-2.1\7b442f4bd2f6285f4266973425cdde37\lifecycle-livedata-core-2.0.0-api.jar;C:\Users\Apolo\.gradle\caches\transforms-2\files-2.1\c1af8ac5e7989a786aa0eb3a09c34082\core-runtime-2.0.0-api.jar;C:\Users\Apolo\.gradle\caches\transforms-2\files-2.1\40767bc9a4a49d23f242c58fa10db3e7\jetified-savedstate-1.0.0-api.jar;C:\Users\Apolo\.gradle\caches\modules-2\files-2.1\androidx.arch.core\core-common\2.1.0\b3152fc64428c9354344bd89848ecddc09b6f07e\core-common-2.1.0.jar;C:\Users\Apolo\.gradle\caches\modules-2\files-2.1\androidx.lifecycle\lifecycle-common\2.1.0\c67e7807d9cd6c329b9d0218b2ec4e505dd340b7\lifecycle-common-2.1.0.jar;C:\Users\Apolo\.gradle\caches\transforms-2\files-2.1\600384923bb3ad422417f4bd52348bbe\lifecycle-viewmodel-2.1.0-api.jar;C:\Users\Apolo\.gradle\caches\transforms-2\files-2.1\3bcd4bef0d8d540ce039d109b69f3fc3\interpolator-1.0.0-api.jar;C:\Users\Apolo\.gradle\caches\transforms-2\files-2.1\914074dbbf9cbd6853d634560584eb57\documentfile-1.0.0-api.jar;C:\Users\Apolo\.gradle\caches\transforms-2\files-2.1\858129cd4a31c7ff6a4caefa02a9e1b1\localbroadcastmanager-1.0.0-api.jar;C:\Users\Apolo\.gradle\caches\transforms-2\files-2.1\7f021faa7148dc50164d44c65733ca68\print-1.0.0-api.jar;C:\Users\Apolo\.gradle\caches\modules-2\files-2.1\androidx.annotation\annotation\1.1.0\e3a6fb2f40e3a3842e6b7472628ba4ce416ea4c8\annotation-1.1.0.jar;C:\Users\Apolo\.gradle\caches\transforms-2\files-2.1\4aa18531fc65d7dd6b7d30f617b0b69f\constraintlayout-1.1.3-api.jar;C:\Users\Apolo\.gradle\caches\modules-2\files-2.1\androidx.constraintlayout\constraintlayout-solver\1.1.3\54abe9ffb22cc9019b0b6fcc10f185cc4e67b34e\constraintlayout-solver-1.1.3.jar;C:\Users\Apolo\.gradle\caches\transforms-2\files-2.1\c0fb18c2ac0d8dccff83b8effb4830af\jetified-MPAndroidChart-v3.0.2.jar;C:\Users\Apolo\AppData\Local\Android\Sdk\platforms\android-29\android.jar;C:\Users\Apolo\AppData\Local\Android\Sdk\build-tools\30.0.2\core-lambda-stubs.jar -d C:\Android\Proyecto\VendedoresKT\ApoloVendedor\app\build\tmp\kotlin-classes\debug -Xjava-source-roots=C:\Android\Proyecto\VendedoresKT\ApoloVendedor\app\build\generated\source\buildConfig\debug -module-name app_debug -no-jdk -no-reflect -no-stdlib -Xcommon-sources=C:\Android\Proyecto\VendedoresKT\ApoloVendedor\app\src\main\java\apolo\vendedores\com\configurar\AcercaDe.kt,C:\Android\Proyecto\VendedoresKT\ApoloVendedor\app\src\main\java\apolo\vendedores\com\configurar\ActualizarVersion.kt,C:\Android\Proyecto\VendedoresKT\ApoloVendedor\app\src\main\java\apolo\vendedores\com\configurar\CalcularClavePrueba.kt,C:\Android\Proyecto\VendedoresKT\ApoloVendedor\app\src\main\java\apolo\vendedores\com\configurar\ConfigurarUsuario.kt,C:\Android\Proyecto\VendedoresKT\ApoloVendedor\app\src\main\java\apolo\vendedores\com\informes\CorteDeStock.kt,C:\Android\Proyecto\VendedoresKT\ApoloVendedor\app\src\main\java\apolo\vendedores\com\informes\EstadoDePedidos.kt,C:\Android\Proyecto\VendedoresKT\ApoloVendedor\app\src\main\java\apolo\vendedores\com\informes\EvolucionDiariaDeVentas.kt,C:\Android\Proyecto\VendedoresKT\ApoloVendedor\app\src\main\java\apolo\vendedores\com\informes\ListaDePrecios.kt,C:\Android\Proyecto\VendedoresKT\ApoloVendedor\app\src\main\java\apolo\vendedores\com\informes\PedidosEnReparto.kt,C:\Android\Proyecto\VendedoresKT\ApoloVendedor\app\src\main\java\apolo\vendedores\com\informes\PreciosModificados.kt,C:\Android\Proyecto\VendedoresKT\ApoloVendedor\app\src\main\java\apolo\vendedores\com\informes\RebotesPorCliente.kt,C:\Android\Proyecto\VendedoresKT\ApoloVendedor\app\src\main\java\apolo\vendedores\com\informes\RuteoSemanal.kt,C:\Android\Proyecto\VendedoresKT\ApoloVendedor\app\src\main\java\apolo\vendedores\com\MainActivity.kt,C:\Android\Proyecto\VendedoresKT\ApoloVendedor\app\src\main\java\apolo\vendedores\com\MainActivity2.kt,C:\Android\Proyecto\VendedoresKT\ApoloVendedor\app\src\main\java\apolo\vendedores\com\menu\DialogoMenu.kt,C:\Android\Proyecto\VendedoresKT\ApoloVendedor\app\src\main\java\apolo\vendedores\com\prueba\VentanaAuxiliar.kt,C:\Android\Proyecto\VendedoresKT\ApoloVendedor\app\src\main\java\apolo\vendedores\com\reportes\AvanceDeComisiones.kt,C:\Android\Proyecto\VendedoresKT\ApoloVendedor\app\src\main\java\apolo\vendedores\com\reportes\CanastaDeClientes.kt,C:\Android\Proyecto\VendedoresKT\ApoloVendedor\app\src\main\java\apolo\vendedores\com\reportes\CanastaDeMarcas.kt,C:\Android\Proyecto\VendedoresKT\ApoloVendedor\app\src\main\java\apolo\vendedores\com\reportes\CoberturaSemanal.kt,C:\Android\Proyecto\VendedoresKT\ApoloVendedor\app\src\main\java\apolo\vendedores\com\reportes\ComprobantesPendientes.kt,C:\Android\Proyecto\VendedoresKT\ApoloVendedor\app\src\main\java\apolo\vendedores\com\reportes\ExtractoDeSalario.kt,C:\Android\Proyecto\VendedoresKT\ApoloVendedor\app\src\main\java\apolo\vendedores\com\reportes\ProduccionSemanal.kt,C:\Android\Proyecto\VendedoresKT\ApoloVendedor\app\src\main\java\apolo\vendedores\com\reportes\SeguimientoDeVisitas.kt,C:\Android\Proyecto\VendedoresKT\ApoloVendedor\app\src\main\java\apolo\vendedores\com\reportes\SubAvanceDeComisiones.kt,C:\Android\Proyecto\VendedoresKT\ApoloVendedor\app\src\main\java\apolo\vendedores\com\reportes\SubVentasPorClientes.kt,C:\Android\Proyecto\VendedoresKT\ApoloVendedor\app\src\main\java\apolo\vendedores\com\reportes\SubVentasPorMarcas.kt,C:\Android\Proyecto\VendedoresKT\ApoloVendedor\app\src\main\java\apolo\vendedores\com\reportes\VariablesMensuales.kt,C:\Android\Proyecto\VendedoresKT\ApoloVendedor\app\src\main\java\apolo\vendedores\com\reportes\VentasPorCliente.kt,C:\Android\Proyecto\VendedoresKT\ApoloVendedor\app\src\main\java\apolo\vendedores\com\reportes\VentasPorMarca.kt,C:\Android\Proyecto\VendedoresKT\ApoloVendedor\app\src\main\java\apolo\vendedores\com\utilidades\Adapter.kt,C:\Android\Proyecto\VendedoresKT\ApoloVendedor\app\src\main\java\apolo\vendedores\com\utilidades\Clave.kt,C:\Android\Proyecto\VendedoresKT\ApoloVendedor\app\src\main\java\apolo\vendedores\com\utilidades\ConexionWS.kt,C:\Android\Proyecto\VendedoresKT\ApoloVendedor\app\src\main\java\apolo\vendedores\com\utilidades\ConsultasInicio.kt,C:\Android\Proyecto\VendedoresKT\ApoloVendedor\app\src\main\java\apolo\vendedores\com\utilidades\DialogoAutorizacion.kt,C:\Android\Proyecto\VendedoresKT\ApoloVendedor\app\src\main\java\apolo\vendedores\com\utilidades\DialogoBusqueda.kt,C:\Android\Proyecto\VendedoresKT\ApoloVendedor\app\src\main\java\apolo\vendedores\com\utilidades\DialogoCalendario.kt,C:\Android\Proyecto\VendedoresKT\ApoloVendedor\app\src\main\java\apolo\vendedores\com\utilidades\FuncionesConsultor.kt,C:\Android\Proyecto\VendedoresKT\ApoloVendedor\app\src\main\java\apolo\vendedores\com\utilidades\FuncionesDispositivo.kt,C:\Android\Proyecto\VendedoresKT\ApoloVendedor\app\src\main\java\apolo\vendedores\com\utilidades\FuncionesFoto.kt,C:\Android\Proyecto\VendedoresKT\ApoloVendedor\app\src\main\java\apolo\vendedores\com\utilidades\FuncionesSpinner.kt,C:\Android\Proyecto\VendedoresKT\ApoloVendedor\app\src\main\java\apolo\vendedores\com\utilidades\FuncionesUbicacion.kt,C:\Android\Proyecto\VendedoresKT\ApoloVendedor\app\src\main\java\apolo\vendedores\com\utilidades\FuncionesUtiles.kt,C:\Android\Proyecto\VendedoresKT\ApoloVendedor\app\src\main\java\apolo\vendedores\com\utilidades\GenericFileProvider.kt,C:\Android\Proyecto\VendedoresKT\ApoloVendedor\app\src\main\java\apolo\vendedores\com\utilidades\Graficos.kt,C:\Android\Proyecto\VendedoresKT\ApoloVendedor\app\src\main\java\apolo\vendedores\com\utilidades\ItemAbrir.kt,C:\Android\Proyecto\VendedoresKT\ApoloVendedor\app\src\main\java\apolo\vendedores\com\utilidades\Mapa.kt,C:\Android\Proyecto\VendedoresKT\ApoloVendedor\app\src\main\java\apolo\vendedores\com\utilidades\MapaCatastro.kt,C:\Android\Proyecto\VendedoresKT\ApoloVendedor\app\src\main\java\apolo\vendedores\com\utilidades\SentenciasSQL.kt,C:\Android\Proyecto\VendedoresKT\ApoloVendedor\app\src\main\java\apolo\vendedores\com\utilidades\Sincronizacion.kt,C:\Android\Proyecto\VendedoresKT\ApoloVendedor\app\src\main\java\apolo\vendedores\com\utilidades\TablasSincronizacion.kt,C:\Android\Proyecto\VendedoresKT\ApoloVendedor\app\src\main\java\apolo\vendedores\com\utilidades\UtilidadesBD.kt,C:\Android\Proyecto\VendedoresKT\ApoloVendedor\app\src\main\java\apolo\vendedores\com\ventas\asistencia\EnviarMarcacion.kt,C:\Android\Proyecto\VendedoresKT\ApoloVendedor\app\src\main\java\apolo\vendedores\com\ventas\asistencia\Marcacion.kt,C:\Android\Proyecto\VendedoresKT\ApoloVendedor\app\src\main\java\apolo\vendedores\com\ventas\baja\Baja.kt,C:\Android\Proyecto\VendedoresKT\ApoloVendedor\app\src\main\java\apolo\vendedores\com\ventas\baja\EnviarBaja.kt,C:\Android\Proyecto\VendedoresKT\ApoloVendedor\app\src\main\java\apolo\vendedores\com\ventas\catastro\CatastrarCliente.kt,C:\Android\Proyecto\VendedoresKT\ApoloVendedor\app\src\main\java\apolo\vendedores\com\ventas\ConsultaClientesNoPositivados.kt,C:\Android\Proyecto\VendedoresKT\ApoloVendedor\app\src\main\java\apolo\vendedores\com\ventas\ConsultaDatosDeCliente.kt,C:\Android\Proyecto\VendedoresKT\ApoloVendedor\app\src\main\java\apolo\vendedores\com\ventas\ConsultaPedidos.kt,C:\Android\Proyecto\VendedoresKT\ApoloVendedor\app\src\main\java\apolo\vendedores\com\ventas\Deuda.kt,C:\Android\Proyecto\VendedoresKT\ApoloVendedor\app\src\main\java\apolo\vendedores\com\ventas\DeudaDeClientes.kt,C:\Android\Proyecto\VendedoresKT\ApoloVendedor\app\src\main\java\apolo\vendedores\com\ventas\DialogoPedidos.kt,C:\Android\Proyecto\VendedoresKT\ApoloVendedor\app\src\main\java\apolo\vendedores\com\ventas\DialogoPromocion.kt,C:\Android\Proyecto\VendedoresKT\ApoloVendedor\app\src\main\java\apolo\vendedores\com\ventas\EnviarModificacion.kt,C:\Android\Proyecto\VendedoresKT\ApoloVendedor\app\src\main\java\apolo\vendedores\com\ventas\EnviarPedido.kt,C:\Android\Proyecto\VendedoresKT\ApoloVendedor\app\src\main\java\apolo\vendedores\com\ventas\justificacion\NoVenta.kt,C:\Android\Proyecto\VendedoresKT\ApoloVendedor\app\src\main\java\apolo\vendedores\com\ventas\ListaClientes.kt,C:\Android\Proyecto\VendedoresKT\ApoloVendedor\app\src\main\java\apolo\vendedores\com\ventas\ModificarCliente.kt,C:\Android\Proyecto\VendedoresKT\ApoloVendedor\app\src\main\java\apolo\vendedores\com\ventas\Pedidos.kt,C:\Android\Proyecto\VendedoresKT\ApoloVendedor\app\src\main\java\apolo\vendedores\com\ventas\Promociones.kt,C:\Android\Proyecto\VendedoresKT\ApoloVendedor\app\src\main\java\apolo\vendedores\com\ventas\Promotores.kt,C:\Android\Proyecto\VendedoresKT\ApoloVendedor\app\src\main\java\apolo\vendedores\com\ventas\PromotoresBaja.kt,C:\Android\Proyecto\VendedoresKT\ApoloVendedor\app\src\main\java\apolo\vendedores\com\ventas\PromotoresCatastro.kt,C:\Android\Proyecto\VendedoresKT\ApoloVendedor\app\src\main\java\apolo\vendedores\com\ventas\sd\EnviarSD.kt,C:\Android\Proyecto\VendedoresKT\ApoloVendedor\app\src\main\java\apolo\vendedores\com\ventas\sd\SolicitudDevolucion.kt -Xplugin=C:\Users\Apolo\.gradle\caches\modules-2\files-2.1\org.jetbrains.intellij.deps\trove4j\1.0.20181211\216c2e14b070f334479d800987affe4054cd563f\trove4j-1.0.20181211.jar,C:\Users\Apolo\.gradle\caches\modules-2\files-2.1\org.jetbrains.kotlin\kotlin-android-extensions\1.3.72\ecbb105a12a9766d2188f454b3bc3aab46cb80b6\kotlin-android-extensions-1.3.72.jar,C:\Users\Apolo\.gradle\caches\modules-2\files-2.1\org.jetbrains.kotlin\kotlin-compiler-embeddable\1.3.72\fb72232c8fa977d5e07d33c43381ddbdc5edab6\kotlin-compiler-embeddable-1.3.72.jar,C:\Users\Apolo\.gradle\caches\modules-2\files-2.1\org.jetbrains.kotlin\kotlin-daemon-embeddable\1.3.72\53bbaa2816dbf6bdb85f629451b1fcc88f2164d2\kotlin-daemon-embeddable-1.3.72.jar,C:\Users\Apolo\.gradle\caches\modules-2\files-2.1\org.jetbrains.kotlin\kotlin-reflect\1.3.72\86613e1a669a701b0c660bfd2af4f82a7ae11fca\kotlin-reflect-1.3.72.jar,C:\Users\Apolo\.gradle\caches\modules-2\files-2.1\org.jetbrains.kotlin\kotlin-script-runtime\1.3.72\657d8d34d91e1964b4439378c09933e840bfe8d5\kotlin-script-runtime-1.3.72.jar,C:\Users\Apolo\.gradle\caches\modules-2\files-2.1\org.jetbrains.kotlin\kotlin-stdlib-common\1.3.72\6ca8bee3d88957eaaaef077c41c908c9940492d8\kotlin-stdlib-common-1.3.72.jar,C:\Users\Apolo\.gradle\caches\modules-2\files-2.1\org.jetbrains.kotlin\kotlin-stdlib\1.3.72\8032138f12c0180bc4e51fe139d4c52b46db6109\kotlin-stdlib-1.3.72.jar,C:\Users\Apolo\.gradle\caches\modules-2\files-2.1\org.jetbrains\annotations\13.0\919f0dfe192fb4e063e7dacadee7f8bb9a2672a9\annotations-13.0.jar -P plugin:org.jetbrains.kotlin.android:configuration=rO0ABXeZAAAAAwAIZmVhdHVyZXMAAAABAA92aWV3cyxwYXJjZWxpemUAB3BhY2thZ2UAAAABABRhcG9sby52ZW5kZWRvcmVzLmNvbQAHdmFyaWFudAAAAAEARG1haW47QzpcQW5kcm9pZFxQcm95ZWN0b1xWZW5kZWRvcmVzS1RcQXBvbG9WZW5kZWRvclxhcHBcc3JjXG1haW5ccmVz C:\Android\Proyecto\VendedoresKT\ApoloVendedor\app\src\main\java\apolo\vendedores\com\configurar\AcercaDe.kt C:\Android\Proyecto\VendedoresKT\ApoloVendedor\app\src\main\java\apolo\vendedores\com\configurar\ActualizarVersion.kt C:\Android\Proyecto\VendedoresKT\ApoloVendedor\app\src\main\java\apolo\vendedores\com\configurar\CalcularClavePrueba.kt C:\Android\Proyecto\VendedoresKT\ApoloVendedor\app\src\main\java\apolo\vendedores\com\configurar\ConfigurarUsuario.kt C:\Android\Proyecto\VendedoresKT\ApoloVendedor\app\src\main\java\apolo\vendedores\com\informes\CorteDeStock.kt C:\Android\Proyecto\VendedoresKT\ApoloVendedor\app\src\main\java\apolo\vendedores\com\informes\EstadoDePedidos.kt C:\Android\Proyecto\VendedoresKT\ApoloVendedor\app\src\main\java\apolo\vendedores\com\informes\EvolucionDiariaDeVentas.kt C:\Android\Proyecto\VendedoresKT\ApoloVendedor\app\src\main\java\apolo\vendedores\com\informes\ListaDePrecios.kt C:\Android\Proyecto\VendedoresKT\ApoloVendedor\app\src\main\java\apolo\vendedores\com\informes\PedidosEnReparto.kt C:\Android\Proyecto\VendedoresKT\ApoloVendedor\app\src\main\java\apolo\vendedores\com\informes\PreciosModificados.kt C:\Android\Proyecto\VendedoresKT\ApoloVendedor\app\src\main\java\apolo\vendedores\com\informes\RebotesPorCliente.kt C:\Android\Proyecto\VendedoresKT\ApoloVendedor\app\src\main\java\apolo\vendedores\com\informes\RuteoSemanal.kt C:\Android\Proyecto\VendedoresKT\ApoloVendedor\app\src\main\java\apolo\vendedores\com\MainActivity.kt C:\Android\Proyecto\VendedoresKT\ApoloVendedor\app\src\main\java\apolo\vendedores\com\MainActivity2.kt C:\Android\Proyecto\VendedoresKT\ApoloVendedor\app\src\main\java\apolo\vendedores\com\menu\DialogoMenu.kt C:\Android\Proyecto\VendedoresKT\ApoloVendedor\app\src\main\java\apolo\vendedores\com\prueba\VentanaAuxiliar.kt C:\Android\Proyecto\VendedoresKT\ApoloVendedor\app\src\main\java\apolo\vendedores\com\reportes\AvanceDeComisiones.kt C:\Android\Proyecto\VendedoresKT\ApoloVendedor\app\src\main\java\apolo\vendedores\com\reportes\CanastaDeClientes.kt C:\Android\Proyecto\VendedoresKT\ApoloVendedor\app\src\main\java\apolo\vendedores\com\reportes\CanastaDeMarcas.kt C:\Android\Proyecto\VendedoresKT\ApoloVendedor\app\src\main\java\apolo\vendedores\com\reportes\CoberturaSemanal.kt C:\Android\Proyecto\VendedoresKT\ApoloVendedor\app\src\main\java\apolo\vendedores\com\reportes\ComprobantesPendientes.kt C:\Android\Proyecto\VendedoresKT\ApoloVendedor\app\src\main\java\apolo\vendedores\com\reportes\ExtractoDeSalario.kt C:\Android\Proyecto\VendedoresKT\ApoloVendedor\app\src\main\java\apolo\vendedores\com\reportes\ProduccionSemanal.kt C:\Android\Proyecto\VendedoresKT\ApoloVendedor\app\src\main\java\apolo\vendedores\com\reportes\SeguimientoDeVisitas.kt C:\Android\Proyecto\VendedoresKT\ApoloVendedor\app\src\main\java\apolo\vendedores\com\reportes\SubAvanceDeComisiones.kt C:\Android\Proyecto\VendedoresKT\ApoloVendedor\app\src\main\java\apolo\vendedores\com\reportes\SubVentasPorClientes.kt C:\Android\Proyecto\VendedoresKT\ApoloVendedor\app\src\main\java\apolo\vendedores\com\reportes\SubVentasPorMarcas.kt C:\Android\Proyecto\VendedoresKT\ApoloVendedor\app\src\main\java\apolo\vendedores\com\reportes\VariablesMensuales.kt C:\Android\Proyecto\VendedoresKT\ApoloVendedor\app\src\main\java\apolo\vendedores\com\reportes\VentasPorCliente.kt C:\Android\Proyecto\VendedoresKT\ApoloVendedor\app\src\main\java\apolo\vendedores\com\reportes\VentasPorMarca.kt C:\Android\Proyecto\VendedoresKT\ApoloVendedor\app\src\main\java\apolo\vendedores\com\utilidades\Adapter.kt C:\Android\Proyecto\VendedoresKT\ApoloVendedor\app\src\main\java\apolo\vendedores\com\utilidades\Clave.kt C:\Android\Proyecto\VendedoresKT\ApoloVendedor\app\src\main\java\apolo\vendedores\com\utilidades\ConexionWS.kt C:\Android\Proyecto\VendedoresKT\ApoloVendedor\app\src\main\java\apolo\vendedores\com\utilidades\ConsultasInicio.kt C:\Android\Proyecto\VendedoresKT\ApoloVendedor\app\src\main\java\apolo\vendedores\com\utilidades\DialogoAutorizacion.kt C:\Android\Proyecto\VendedoresKT\ApoloVendedor\app\src\main\java\apolo\vendedores\com\utilidades\DialogoBusqueda.kt C:\Android\Proyecto\VendedoresKT\ApoloVendedor\app\src\main\java\apolo\vendedores\com\utilidades\DialogoCalendario.kt C:\Android\Proyecto\VendedoresKT\ApoloVendedor\app\src\main\java\apolo\vendedores\com\utilidades\FuncionesConsultor.kt C:\Android\Proyecto\VendedoresKT\ApoloVendedor\app\src\main\java\apolo\vendedores\com\utilidades\FuncionesDispositivo.kt C:\Android\Proyecto\VendedoresKT\ApoloVendedor\app\src\main\java\apolo\vendedores\com\utilidades\FuncionesFoto.kt C:\Android\Proyecto\VendedoresKT\ApoloVendedor\app\src\main\java\apolo\vendedores\com\utilidades\FuncionesSpinner.kt C:\Android\Proyecto\VendedoresKT\ApoloVendedor\app\src\main\java\apolo\vendedores\com\utilidades\FuncionesUbicacion.kt C:\Android\Proyecto\VendedoresKT\ApoloVendedor\app\src\main\java\apolo\vendedores\com\utilidades\FuncionesUtiles.kt C:\Android\Proyecto\VendedoresKT\ApoloVendedor\app\src\main\java\apolo\vendedores\com\utilidades\GenericFileProvider.kt C:\Android\Proyecto\VendedoresKT\ApoloVendedor\app\src\main\java\apolo\vendedores\com\utilidades\Graficos.kt C:\Android\Proyecto\VendedoresKT\ApoloVendedor\app\src\main\java\apolo\vendedores\com\utilidades\ItemAbrir.kt C:\Android\Proyecto\VendedoresKT\ApoloVendedor\app\src\main\java\apolo\vendedores\com\utilidades\Mapa.kt C:\Android\Proyecto\VendedoresKT\ApoloVendedor\app\src\main\java\apolo\vendedores\com\utilidades\MapaCatastro.kt C:\Android\Proyecto\VendedoresKT\ApoloVendedor\app\src\main\java\apolo\vendedores\com\utilidades\SentenciasSQL.kt C:\Android\Proyecto\VendedoresKT\ApoloVendedor\app\src\main\java\apolo\vendedores\com\utilidades\Sincronizacion.kt C:\Android\Proyecto\VendedoresKT\ApoloVendedor\app\src\main\java\apolo\vendedores\com\utilidades\TablasSincronizacion.kt C:\Android\Proyecto\VendedoresKT\ApoloVendedor\app\src\main\java\apolo\vendedores\com\utilidades\UtilidadesBD.kt C:\Android\Proyecto\VendedoresKT\ApoloVendedor\app\src\main\java\apolo\vendedores\com\ventas\asistencia\EnviarMarcacion.kt C:\Android\Proyecto\VendedoresKT\ApoloVendedor\app\src\main\java\apolo\vendedores\com\ventas\asistencia\Marcacion.kt C:\Android\Proyecto\VendedoresKT\ApoloVendedor\app\src\main\java\apolo\vendedores\com\ventas\baja\Baja.kt C:\Android\Proyecto\VendedoresKT\ApoloVendedor\app\src\main\java\apolo\vendedores\com\ventas\baja\EnviarBaja.kt C:\Android\Proyecto\VendedoresKT\ApoloVendedor\app\src\main\java\apolo\vendedores\com\ventas\catastro\CatastrarCliente.kt C:\Android\Proyecto\VendedoresKT\ApoloVendedor\app\src\main\java\apolo\vendedores\com\ventas\ConsultaClientesNoPositivados.kt C:\Android\Proyecto\VendedoresKT\ApoloVendedor\app\src\main\java\apolo\vendedores\com\ventas\ConsultaDatosDeCliente.kt C:\Android\Proyecto\VendedoresKT\ApoloVendedor\app\src\main\java\apolo\vendedores\com\ventas\ConsultaPedidos.kt C:\Android\Proyecto\VendedoresKT\ApoloVendedor\app\src\main\java\apolo\vendedores\com\ventas\Deuda.kt C:\Android\Proyecto\VendedoresKT\ApoloVendedor\app\src\main\java\apolo\vendedores\com\ventas\DeudaDeClientes.kt C:\Android\Proyecto\VendedoresKT\ApoloVendedor\app\src\main\java\apolo\vendedores\com\ventas\DialogoPedidos.kt C:\Android\Proyecto\VendedoresKT\ApoloVendedor\app\src\main\java\apolo\vendedores\com\ventas\DialogoPromocion.kt C:\Android\Proyecto\VendedoresKT\ApoloVendedor\app\src\main\java\apolo\vendedores\com\ventas\EnviarModificacion.kt C:\Android\Proyecto\VendedoresKT\ApoloVendedor\app\src\main\java\apolo\vendedores\com\ventas\EnviarPedido.kt C:\Android\Proyecto\VendedoresKT\ApoloVendedor\app\src\main\java\apolo\vendedores\com\ventas\justificacion\NoVenta.kt C:\Android\Proyecto\VendedoresKT\ApoloVendedor\app\src\main\java\apolo\vendedores\com\ventas\ListaClientes.kt C:\Android\Proyecto\VendedoresKT\ApoloVendedor\app\src\main\java\apolo\vendedores\com\ventas\ModificarCliente.kt C:\Android\Proyecto\VendedoresKT\ApoloVendedor\app\src\main\java\apolo\vendedores\com\ventas\Pedidos.kt C:\Android\Proyecto\VendedoresKT\ApoloVendedor\app\src\main\java\apolo\vendedores\com\ventas\Promociones.kt C:\Android\Proyecto\VendedoresKT\ApoloVendedor\app\src\main\java\apolo\vendedores\com\ventas\Promotores.kt C:\Android\Proyecto\VendedoresKT\ApoloVendedor\app\src\main\java\apolo\vendedores\com\ventas\PromotoresBaja.kt C:\Android\Proyecto\VendedoresKT\ApoloVendedor\app\src\main\java\apolo\vendedores\com\ventas\PromotoresCatastro.kt C:\Android\Proyecto\VendedoresKT\ApoloVendedor\app\src\main\java\apolo\vendedores\com\ventas\sd\EnviarSD.kt C:\Android\Proyecto\VendedoresKT\ApoloVendedor\app\src\main\java\apolo\vendedores\com\ventas\sd\SolicitudDevolucion.kt

Host: Intel(R) Core(TM) i7-1065G7 CPU @ 1.30GHz, 8 cores, 7G,  Windows 10 , 64 bit Build 19041 (10.0.19041.1023)
Time: Fri Jul 23 09:23:08 2021 Hora estándar de Paraguay elapsed time: 26 seconds (0d 0h 0m 26s)

---------------  T H R E A D  ---------------

Current thread (0x0000024e7f409800):  VMThread "VM Thread" [stack: 0x0000005cbaf00000,0x0000005cbb000000] [id=20120]

Stack: [0x0000005cbaf00000,0x0000005cbb000000]
[error occurred during error reporting (printing stack bounds), id 0xc0000005, EXCEPTION_ACCESS_VIOLATION (0xc0000005) at pc=0x0000024e68c50f67]

Native frames: (J=compiled Java code, j=interpreted, Vv=VM code, C=native code)
V  [jvm.dll+0x5de50a]
V  [jvm.dll+0x7122f5]
V  [jvm.dll+0x71384d]
V  [jvm.dll+0x713e65]
V  [jvm.dll+0x713e1b]
V  [jvm.dll+0x5dd958]
V  [jvm.dll+0x5de0f8]
C  [ntdll.dll+0xa217f]
C  [ntdll.dll+0x51454]
C  [ntdll.dll+0xa0cae]
C  0x0000024e68c50f67

VM_Operation (0x0000005cba9fe270): G1CollectForAllocation, mode: safepoint, requested by thread 0x0000024e65300000


---------------  P R O C E S S  ---------------

Threads class SMR info:
_java_thread_list=0x0000024e001d2c00, length=12, elements={
0x0000024e65300000, 0x0000024e7f41e000, 0x0000024e7f41f800, 0x0000024e7f429000,
0x0000024e7f42b000, 0x0000024e7f42c000, 0x0000024e00022800, 0x0000024e00024000,
0x0000024e001cd800, 0x0000024e001d4800, 0x0000024e00222800, 0x0000024e001d1800
}

Java Threads: ( => current thread )
  0x0000024e65300000 JavaThread "main" [_thread_blocked, id=6520, stack(0x0000005cba900000,0x0000005cbaa00000)]
  0x0000024e7f41e000 JavaThread "Reference Handler" daemon [_thread_blocked, id=7500, stack(0x0000005cbb000000,0x0000005cbb100000)]
  0x0000024e7f41f800 JavaThread "Finalizer" daemon [_thread_blocked, id=20160, stack(0x0000005cbb100000,0x0000005cbb200000)]
  0x0000024e7f429000 JavaThread "Signal Dispatcher" daemon [_thread_blocked, id=11020, stack(0x0000005cbb200000,0x0000005cbb300000)]
  0x0000024e7f42b000 JavaThread "Attach Listener" daemon [_thread_blocked, id=3888, stack(0x0000005cbb300000,0x0000005cbb400000)]
  0x0000024e7f42c000 JavaThread "C2 CompilerThread0" daemon [_thread_blocked, id=2044, stack(0x0000005cbb400000,0x0000005cbb500000)]
  0x0000024e00022800 JavaThread "C1 CompilerThread0" daemon [_thread_blocked, id=22684, stack(0x0000005cbb500000,0x0000005cbb600000)]
  0x0000024e00024000 JavaThread "Sweeper thread" daemon [_thread_blocked, id=20836, stack(0x0000005cbb600000,0x0000005cbb700000)]
  0x0000024e001cd800 JavaThread "Service Thread" daemon [_thread_blocked, id=6796, stack(0x0000005cbb700000,0x0000005cbb800000)]
  0x0000024e001d4800 JavaThread "Common-Cleaner" daemon [_thread_blocked, id=1720, stack(0x0000005cbb900000,0x0000005cbba00000)]
  0x0000024e00222800 JavaThread "C2 CompilerThread1" daemon [_thread_blocked, id=11260, stack(0x0000005cbba00000,0x0000005cbbb00000)]
  0x0000024e001d1800 JavaThread "C2 CompilerThread2" daemon [_thread_blocked, id=6756, stack(0x0000005cbbb00000,0x0000005cbbc00000)]

Other Threads:
=>0x0000024e7f409800 VMThread "VM Thread" [stack: 0x0000005cbaf00000,0x0000005cbb000000] [id=20120]
  0x0000024e001ce000 WatcherThread [stack: 0x0000005cbb800000,0x0000005cbb900000] [id=21656]
  0x0000024e65317800 GCTaskThread "GC Thread#0" [stack: 0x0000005cbaa00000,0x0000005cbab00000] [id=10592]
  0x0000024e007ee800 GCTaskThread "GC Thread#1" [stack: 0x0000005cbbc00000,0x0000005cbbd00000] [id=9824]
  0x0000024e007f3800 GCTaskThread "GC Thread#2" [stack: 0x0000005cbbd00000,0x0000005cbbe00000] [id=23312]
  0x0000024e01411800 GCTaskThread "GC Thread#3" [stack: 0x0000005cbc300000,0x0000005cbc400000] [id=17720]
  0x0000024e07f72000 GCTaskThread "GC Thread#4" [stack: 0x0000005cbc400000,0x0000005cbc500000] [id=1192]
  0x0000024e65346000 ConcurrentGCThread "G1 Main Marker" [stack: 0x0000005cbab00000,0x0000005cbac00000] [id=10168]
  0x0000024e65348000 ConcurrentGCThread "G1 Conc#0" [stack: 0x0000005cbac00000,0x0000005cbad00000] [id=19040]
  0x0000024e0090c000 ConcurrentGCThread "G1 Conc#1" [stack: 0x0000005cbbe00000,0x0000005cbbf00000] [id=424]
  0x0000024e653ae000 ConcurrentGCThread "G1 Refine#0" [stack: 0x0000005cbad00000,0x0000005cbae00000] [id=17268]
  0x0000024e010ae800 ConcurrentGCThread "G1 Refine#1" [stack: 0x0000005cbbf00000,0x0000005cbc000000] [id=14756]
  0x0000024e010dc000 ConcurrentGCThread "G1 Refine#2" [stack: 0x0000005cbc000000,0x0000005cbc100000] [id=18616]
  0x0000024e067e6800 ConcurrentGCThread "G1 Refine#3" [stack: 0x0000005cbc100000,0x0000005cbc200000] [id=14504]
  0x0000024e048bb000 ConcurrentGCThread "G1 Refine#4" [stack: 0x0000005cbc200000,0x0000005cbc300000] [id=144]
  0x0000024e7f26e800 ConcurrentGCThread "G1 Young RemSet Sampling" [stack: 0x0000005cbae00000,0x0000005cbaf00000] [id=18188]

Threads with active compile tasks:
C2 CompilerThread0  26752 15797       4       org.jetbrains.kotlin.cfg.pseudocodeTraverser.PseudocodeTraverserKt::getPreviousIncludingSubGraphInstructions (53 bytes)
C1 CompilerThread0  26752 15807       1       javaslang.collection.HashArrayMappedTrieModule$ArrayNode::size (5 bytes)
C2 CompilerThread1  26752 15767       4       org.jetbrains.kotlin.cfg.ControlFlowProcessor$CFPVisitor::checkNothingType (105 bytes)
C2 CompilerThread2  26752 15723       4       org.jetbrains.kotlin.com.intellij.psi.impl.file.impl.FileManagerImpl::findDirectoryImpl (89 bytes)

VM state:at safepoint (normal execution)

VM Mutex/Monitor currently owned by a thread:  ([mutex/lock_event])
[0x0000024e652fbff0] Threads_lock - owner thread: 0x0000024e7f409800
[0x0000024e652fd670] Heap_lock - owner thread: 0x0000024e65300000

Heap address: 0x0000000083600000, size: 1994 MB, Compressed Oops mode: 32-bit
Narrow klass base: 0x0000000000000000, Narrow klass shift: 3
Compressed class space size: 1073741824 Address: 0x0000000100000000

Heap:
 garbage-first heap   total 306176K, used 147989K [0x0000000083600000, 0x0000000100000000)
  region size 1024K, 7 young (7168K), 7 survivors (7168K)
 Metaspace       used 61187K, capacity 62123K, committed 62332K, reserved 1103872K
  class space    used 6621K, capacity 6947K, committed 7088K, reserved 1048576K
Heap Regions: E=young(eden), S=young(survivor), O=old, HS=humongous(starts), HC=humongous(continues), CS=collection set, F=free, A=archive, TAMS=top-at-mark-start (previous, next)
|   0|0x0000000083600000, 0x0000000083700000, 0x0000000083700000|100%|HS|  |TAMS 0x0000000083700000, 0x0000000083600000| Complete 
|   1|0x0000000083700000, 0x0000000083800000, 0x0000000083800000|100%|HC|  |TAMS 0x0000000083800000, 0x0000000083700000| Complete 
|   2|0x0000000083800000, 0x0000000083900000, 0x0000000083900000|100%|HC|  |TAMS 0x0000000083900000, 0x0000000083800000| Complete 
|   3|0x0000000083900000, 0x0000000083a00000, 0x0000000083a00000|100%| O|  |TAMS 0x0000000083a00000, 0x0000000083900000| Untracked 
|   4|0x0000000083a00000, 0x0000000083b00000, 0x0000000083b00000|100%| O|  |TAMS 0x0000000083b00000, 0x0000000083a00000| Untracked 
|   5|0x0000000083b00000, 0x0000000083c00000, 0x0000000083c00000|100%| O|  |TAMS 0x0000000083c00000, 0x0000000083b00000| Untracked 
|   6|0x0000000083c00000, 0x0000000083d00000, 0x0000000083d00000|100%| O|  |TAMS 0x0000000083d00000, 0x0000000083c00000| Untracked 
|   7|0x0000000083d00000, 0x0000000083e00000, 0x0000000083e00000|100%| O|  |TAMS 0x0000000083e00000, 0x0000000083d00000| Untracked 
|   8|0x0000000083e00000, 0x0000000083f00000, 0x0000000083f00000|100%| O|  |TAMS 0x0000000083f00000, 0x0000000083e00000| Untracked 
|   9|0x0000000083f00000, 0x0000000084000000, 0x0000000084000000|100%|HS|  |TAMS 0x0000000084000000, 0x0000000083f00000| Complete 
|  10|0x0000000084000000, 0x0000000084100000, 0x0000000084100000|100%|HC|  |TAMS 0x0000000084100000, 0x0000000084000000| Complete 
|  11|0x0000000084100000, 0x0000000084200000, 0x0000000084200000|100%| O|  |TAMS 0x0000000084200000, 0x0000000084100000| Untracked 
|  12|0x0000000084200000, 0x0000000084300000, 0x0000000084300000|100%| O|  |TAMS 0x0000000084300000, 0x0000000084200000| Untracked 
|  13|0x0000000084300000, 0x0000000084400000, 0x0000000084400000|100%| O|  |TAMS 0x0000000084400000, 0x0000000084300000| Untracked 
|  14|0x0000000084400000, 0x0000000084500000, 0x0000000084500000|100%| O|  |TAMS 0x0000000084500000, 0x0000000084400000| Untracked 
|  15|0x0000000084500000, 0x0000000084600000, 0x0000000084600000|100%| O|  |TAMS 0x0000000084600000, 0x0000000084500000| Untracked 
|  16|0x0000000084600000, 0x0000000084700000, 0x0000000084700000|100%| O|  |TAMS 0x0000000084700000, 0x0000000084600000| Untracked 
|  17|0x0000000084700000, 0x0000000084800000, 0x0000000084800000|100%| O|  |TAMS 0x0000000084800000, 0x0000000084700000| Untracked 
|  18|0x0000000084800000, 0x0000000084900000, 0x0000000084900000|100%| O|  |TAMS 0x0000000084900000, 0x0000000084800000| Untracked 
|  19|0x0000000084900000, 0x0000000084a00000, 0x0000000084a00000|100%| O|  |TAMS 0x0000000084a00000, 0x0000000084900000| Untracked 
|  20|0x0000000084a00000, 0x0000000084b00000, 0x0000000084b00000|100%| O|  |TAMS 0x0000000084b00000, 0x0000000084a00000| Untracked 
|  21|0x0000000084b00000, 0x0000000084c00000, 0x0000000084c00000|100%| O|  |TAMS 0x0000000084c00000, 0x0000000084b00000| Untracked 
|  22|0x0000000084c00000, 0x0000000084d00000, 0x0000000084d00000|100%| O|  |TAMS 0x0000000084d00000, 0x0000000084c00000| Untracked 
|  23|0x0000000084d00000, 0x0000000084e00000, 0x0000000084e00000|100%| O|  |TAMS 0x0000000084e00000, 0x0000000084d00000| Untracked 
|  24|0x0000000084e00000, 0x0000000084f00000, 0x0000000084f00000|100%| O|  |TAMS 0x0000000084f00000, 0x0000000084e00000| Untracked 
|  25|0x0000000084f00000, 0x0000000085000000, 0x0000000085000000|100%| O|  |TAMS 0x0000000085000000, 0x0000000084f00000| Untracked 
|  26|0x0000000085000000, 0x0000000085100000, 0x0000000085100000|100%| O|  |TAMS 0x0000000085100000, 0x0000000085000000| Untracked 
|  27|0x0000000085100000, 0x0000000085200000, 0x0000000085200000|100%| O|  |TAMS 0x0000000085200000, 0x0000000085100000| Untracked 
|  28|0x0000000085200000, 0x0000000085300000, 0x0000000085300000|100%| O|  |TAMS 0x0000000085300000, 0x0000000085200000| Untracked 
|  29|0x0000000085300000, 0x0000000085400000, 0x0000000085400000|100%| O|  |TAMS 0x0000000085400000, 0x0000000085300000| Untracked 
|  30|0x0000000085400000, 0x0000000085500000, 0x0000000085500000|100%| O|  |TAMS 0x0000000085500000, 0x0000000085400000| Untracked 
|  31|0x0000000085500000, 0x0000000085600000, 0x0000000085600000|100%| O|  |TAMS 0x0000000085600000, 0x0000000085500000| Untracked 
|  32|0x0000000085600000, 0x0000000085700000, 0x0000000085700000|100%| O|  |TAMS 0x0000000085700000, 0x0000000085600000| Untracked 
|  33|0x0000000085700000, 0x0000000085800000, 0x0000000085800000|100%| O|  |TAMS 0x0000000085800000, 0x0000000085700000| Untracked 
|  34|0x0000000085800000, 0x0000000085900000, 0x0000000085900000|100%| O|  |TAMS 0x0000000085900000, 0x0000000085800000| Untracked 
|  35|0x0000000085900000, 0x0000000085a00000, 0x0000000085a00000|100%| O|  |TAMS 0x0000000085a00000, 0x0000000085900000| Untracked 
|  36|0x0000000085a00000, 0x0000000085b00000, 0x0000000085b00000|100%| O|  |TAMS 0x0000000085b00000, 0x0000000085a00000| Untracked 
|  37|0x0000000085b00000, 0x0000000085c00000, 0x0000000085c00000|100%| O|  |TAMS 0x0000000085c00000, 0x0000000085b00000| Untracked 
|  38|0x0000000085c00000, 0x0000000085d00000, 0x0000000085d00000|100%| O|  |TAMS 0x0000000085d00000, 0x0000000085c00000| Untracked 
|  39|0x0000000085d00000, 0x0000000085e00000, 0x0000000085e00000|100%| O|  |TAMS 0x0000000085e00000, 0x0000000085d00000| Untracked 
|  40|0x0000000085e00000, 0x0000000085f00000, 0x0000000085f00000|100%| O|  |TAMS 0x0000000085f00000, 0x0000000085e00000| Untracked 
|  41|0x0000000085f00000, 0x0000000086000000, 0x0000000086000000|100%| O|  |TAMS 0x0000000086000000, 0x0000000085f00000| Untracked 
|  42|0x0000000086000000, 0x0000000086100000, 0x0000000086100000|100%| O|  |TAMS 0x0000000086100000, 0x0000000086000000| Untracked 
|  43|0x0000000086100000, 0x0000000086200000, 0x0000000086200000|100%| O|  |TAMS 0x0000000086200000, 0x0000000086100000| Untracked 
|  44|0x0000000086200000, 0x0000000086300000, 0x0000000086300000|100%| O|  |TAMS 0x0000000086300000, 0x0000000086200000| Untracked 
|  45|0x0000000086300000, 0x0000000086400000, 0x0000000086400000|100%| O|  |TAMS 0x0000000086400000, 0x0000000086300000| Untracked 
|  46|0x0000000086400000, 0x0000000086500000, 0x0000000086500000|100%| O|  |TAMS 0x0000000086500000, 0x0000000086400000| Untracked 
|  47|0x0000000086500000, 0x0000000086600000, 0x0000000086600000|100%| O|  |TAMS 0x0000000086600000, 0x0000000086500000| Untracked 
|  48|0x0000000086600000, 0x0000000086700000, 0x0000000086700000|100%| O|  |TAMS 0x0000000086700000, 0x0000000086600000| Untracked 
|  49|0x0000000086700000, 0x0000000086800000, 0x0000000086800000|100%| O|  |TAMS 0x0000000086800000, 0x0000000086700000| Untracked 
|  50|0x0000000086800000, 0x0000000086900000, 0x0000000086900000|100%| O|  |TAMS 0x0000000086900000, 0x0000000086800000| Untracked 
|  51|0x0000000086900000, 0x0000000086a00000, 0x0000000086a00000|100%| O|  |TAMS 0x0000000086a00000, 0x0000000086900000| Untracked 
|  52|0x0000000086a00000, 0x0000000086b00000, 0x0000000086b00000|100%| O|  |TAMS 0x0000000086b00000, 0x0000000086a00000| Untracked 
|  53|0x0000000086b00000, 0x0000000086c00000, 0x0000000086c00000|100%| O|  |TAMS 0x0000000086c00000, 0x0000000086b00000| Untracked 
|  54|0x0000000086c00000, 0x0000000086d00000, 0x0000000086d00000|100%| O|  |TAMS 0x0000000086d00000, 0x0000000086c00000| Untracked 
|  55|0x0000000086d00000, 0x0000000086e00000, 0x0000000086e00000|100%| O|  |TAMS 0x0000000086e00000, 0x0000000086d00000| Untracked 
|  56|0x0000000086e00000, 0x0000000086f00000, 0x0000000086f00000|100%| O|  |TAMS 0x0000000086f00000, 0x0000000086e00000| Untracked 
|  57|0x0000000086f00000, 0x0000000087000000, 0x0000000087000000|100%| O|  |TAMS 0x0000000087000000, 0x0000000086f00000| Untracked 
|  58|0x0000000087000000, 0x0000000087100000, 0x0000000087100000|100%| O|  |TAMS 0x0000000087100000, 0x0000000087000000| Untracked 
|  59|0x0000000087100000, 0x0000000087200000, 0x0000000087200000|100%| O|  |TAMS 0x0000000087200000, 0x0000000087100000| Untracked 
|  60|0x0000000087200000, 0x0000000087300000, 0x0000000087300000|100%| O|  |TAMS 0x0000000087300000, 0x0000000087200000| Untracked 
|  61|0x0000000087300000, 0x0000000087400000, 0x0000000087400000|100%| O|  |TAMS 0x0000000087400000, 0x0000000087300000| Untracked 
|  62|0x0000000087400000, 0x0000000087500000, 0x0000000087500000|100%| O|  |TAMS 0x0000000087500000, 0x0000000087400000| Untracked 
|  63|0x0000000087500000, 0x0000000087600000, 0x0000000087600000|100%| O|  |TAMS 0x0000000087600000, 0x0000000087500000| Untracked 
|  64|0x0000000087600000, 0x0000000087700000, 0x0000000087700000|100%| O|  |TAMS 0x0000000087700000, 0x0000000087600000| Untracked 
|  65|0x0000000087700000, 0x0000000087800000, 0x0000000087800000|100%| O|  |TAMS 0x0000000087800000, 0x0000000087700000| Untracked 
|  66|0x0000000087800000, 0x0000000087900000, 0x0000000087900000|100%| O|  |TAMS 0x0000000087900000, 0x0000000087800000| Untracked 
|  67|0x0000000087900000, 0x0000000087a00000, 0x0000000087a00000|100%| O|  |TAMS 0x0000000087a00000, 0x0000000087900000| Untracked 
|  68|0x0000000087a00000, 0x0000000087b00000, 0x0000000087b00000|100%| O|  |TAMS 0x0000000087b00000, 0x0000000087a00000| Untracked 
|  69|0x0000000087b00000, 0x0000000087c00000, 0x0000000087c00000|100%| O|  |TAMS 0x0000000087c00000, 0x0000000087b00000| Untracked 
|  70|0x0000000087c00000, 0x0000000087d00000, 0x0000000087d00000|100%| O|  |TAMS 0x0000000087d00000, 0x0000000087c00000| Untracked 
|  71|0x0000000087d00000, 0x0000000087e00000, 0x0000000087e00000|100%| O|  |TAMS 0x0000000087e00000, 0x0000000087d00000| Untracked 
|  72|0x0000000087e00000, 0x0000000087f00000, 0x0000000087f00000|100%| O|  |TAMS 0x0000000087f00000, 0x0000000087e00000| Untracked 
|  73|0x0000000087f00000, 0x0000000088000000, 0x0000000088000000|100%| O|  |TAMS 0x0000000088000000, 0x0000000087f00000| Untracked 
|  74|0x0000000088000000, 0x0000000088100000, 0x0000000088100000|100%| O|  |TAMS 0x0000000088100000, 0x0000000088000000| Untracked 
|  75|0x0000000088100000, 0x0000000088200000, 0x0000000088200000|100%| O|  |TAMS 0x0000000088200000, 0x0000000088100000| Untracked 
|  76|0x0000000088200000, 0x0000000088300000, 0x0000000088300000|100%| O|  |TAMS 0x0000000088300000, 0x0000000088200000| Untracked 
|  77|0x0000000088300000, 0x0000000088400000, 0x0000000088400000|100%| O|  |TAMS 0x0000000088400000, 0x0000000088300000| Untracked 
|  78|0x0000000088400000, 0x0000000088500000, 0x0000000088500000|100%| O|  |TAMS 0x0000000088500000, 0x0000000088400000| Untracked 
|  79|0x0000000088500000, 0x0000000088600000, 0x0000000088600000|100%| O|  |TAMS 0x0000000088600000, 0x0000000088500000| Untracked 
|  80|0x0000000088600000, 0x0000000088700000, 0x0000000088700000|100%| O|  |TAMS 0x0000000088700000, 0x0000000088600000| Untracked 
|  81|0x0000000088700000, 0x0000000088800000, 0x0000000088800000|100%| O|  |TAMS 0x0000000088800000, 0x0000000088700000| Untracked 
|  82|0x0000000088800000, 0x0000000088900000, 0x0000000088900000|100%| O|  |TAMS 0x0000000088900000, 0x0000000088800000| Untracked 
|  83|0x0000000088900000, 0x0000000088a00000, 0x0000000088a00000|100%| O|  |TAMS 0x0000000088a00000, 0x0000000088900000| Untracked 
|  84|0x0000000088a00000, 0x0000000088b00000, 0x0000000088b00000|100%| O|  |TAMS 0x0000000088b00000, 0x0000000088a00000| Untracked 
|  85|0x0000000088b00000, 0x0000000088c00000, 0x0000000088c00000|100%| O|  |TAMS 0x0000000088c00000, 0x0000000088b00000| Untracked 
|  86|0x0000000088c00000, 0x0000000088d00000, 0x0000000088d00000|100%| O|  |TAMS 0x0000000088d00000, 0x0000000088c00000| Untracked 
|  87|0x0000000088d00000, 0x0000000088e00000, 0x0000000088e00000|100%| O|  |TAMS 0x0000000088e00000, 0x0000000088d00000| Untracked 
|  88|0x0000000088e00000, 0x0000000088f00000, 0x0000000088f00000|100%| O|  |TAMS 0x0000000088f00000, 0x0000000088e00000| Untracked 
|  89|0x0000000088f00000, 0x0000000089000000, 0x0000000089000000|100%| O|  |TAMS 0x0000000089000000, 0x0000000088f00000| Untracked 
|  90|0x0000000089000000, 0x0000000089100000, 0x0000000089100000|100%| O|  |TAMS 0x0000000089100000, 0x0000000089000000| Untracked 
|  91|0x0000000089100000, 0x0000000089200000, 0x0000000089200000|100%| O|  |TAMS 0x0000000089200000, 0x0000000089100000| Untracked 
|  92|0x0000000089200000, 0x0000000089300000, 0x0000000089300000|100%| O|  |TAMS 0x0000000089300000, 0x0000000089200000| Untracked 
|  93|0x0000000089300000, 0x0000000089400000, 0x0000000089400000|100%| O|  |TAMS 0x0000000089400000, 0x0000000089300000| Untracked 
|  94|0x0000000089400000, 0x0000000089500000, 0x0000000089500000|100%| O|  |TAMS 0x0000000089500000, 0x0000000089400000| Untracked 
|  95|0x0000000089500000, 0x0000000089600000, 0x0000000089600000|100%| O|  |TAMS 0x0000000089600000, 0x0000000089500000| Untracked 
|  96|0x0000000089600000, 0x0000000089700000, 0x0000000089700000|100%|HS|  |TAMS 0x0000000089700000, 0x0000000089600000| Complete 
|  97|0x0000000089700000, 0x0000000089800000, 0x0000000089800000|100%|HC|  |TAMS 0x0000000089800000, 0x0000000089700000| Complete 
|  98|0x0000000089800000, 0x0000000089900000, 0x0000000089900000|100%|HC|  |TAMS 0x0000000089900000, 0x0000000089800000| Complete 
|  99|0x0000000089900000, 0x0000000089a00000, 0x0000000089a00000|100%|HC|  |TAMS 0x0000000089a00000, 0x0000000089900000| Complete 
| 100|0x0000000089a00000, 0x0000000089b00000, 0x0000000089b00000|100%|HC|  |TAMS 0x0000000089b00000, 0x0000000089a00000| Complete 
| 101|0x0000000089b00000, 0x0000000089c00000, 0x0000000089c00000|100%|HC|  |TAMS 0x0000000089c00000, 0x0000000089b00000| Complete 
| 102|0x0000000089c00000, 0x0000000089d00000, 0x0000000089d00000|100%|HC|  |TAMS 0x0000000089d00000, 0x0000000089c00000| Complete 
| 103|0x0000000089d00000, 0x0000000089e00000, 0x0000000089e00000|100%|HC|  |TAMS 0x0000000089e00000, 0x0000000089d00000| Complete 
| 104|0x0000000089e00000, 0x0000000089f00000, 0x0000000089f00000|100%|HC|  |TAMS 0x0000000089f00000, 0x0000000089e00000| Complete 
| 105|0x0000000089f00000, 0x000000008a000000, 0x000000008a000000|100%| O|  |TAMS 0x000000008a000000, 0x0000000089f00000| Untracked 
| 106|0x000000008a000000, 0x000000008a100000, 0x000000008a100000|100%| O|  |TAMS 0x000000008a100000, 0x000000008a000000| Untracked 
| 107|0x000000008a100000, 0x000000008a200000, 0x000000008a200000|100%| O|  |TAMS 0x000000008a200000, 0x000000008a100000| Untracked 
| 108|0x000000008a200000, 0x000000008a300000, 0x000000008a300000|100%| O|  |TAMS 0x000000008a300000, 0x000000008a200000| Untracked 
| 109|0x000000008a300000, 0x000000008a400000, 0x000000008a400000|100%| O|  |TAMS 0x000000008a400000, 0x000000008a300000| Untracked 
| 110|0x000000008a400000, 0x000000008a500000, 0x000000008a500000|100%| O|  |TAMS 0x000000008a500000, 0x000000008a400000| Untracked 
| 111|0x000000008a500000, 0x000000008a600000, 0x000000008a600000|100%| O|  |TAMS 0x000000008a600000, 0x000000008a500000| Untracked 
| 112|0x000000008a600000, 0x000000008a700000, 0x000000008a700000|100%| O|  |TAMS 0x000000008a700000, 0x000000008a600000| Untracked 
| 113|0x000000008a700000, 0x000000008a800000, 0x000000008a800000|100%| O|  |TAMS 0x000000008a800000, 0x000000008a700000| Untracked 
| 114|0x000000008a800000, 0x000000008a900000, 0x000000008a900000|100%| O|  |TAMS 0x000000008a900000, 0x000000008a800000| Untracked 
| 115|0x000000008a900000, 0x000000008aa00000, 0x000000008aa00000|100%| O|  |TAMS 0x000000008aa00000, 0x000000008a900000| Untracked 
| 116|0x000000008aa00000, 0x000000008ab00000, 0x000000008ab00000|100%| O|  |TAMS 0x000000008ab00000, 0x000000008aa00000| Untracked 
| 117|0x000000008ab00000, 0x000000008ac00000, 0x000000008ac00000|100%| O|  |TAMS 0x000000008ac00000, 0x000000008ab00000| Untracked 
| 118|0x000000008ac00000, 0x000000008ad00000, 0x000000008ad00000|100%| O|  |TAMS 0x000000008ad00000, 0x000000008ac00000| Untracked 
| 119|0x000000008ad00000, 0x000000008ae00000, 0x000000008ae00000|100%| O|  |TAMS 0x000000008ae00000, 0x000000008ad00000| Untracked 
| 120|0x000000008ae00000, 0x000000008af00000, 0x000000008af00000|100%| O|  |TAMS 0x000000008af00000, 0x000000008ae00000| Untracked 
| 121|0x000000008af00000, 0x000000008b000000, 0x000000008b000000|100%| O|  |TAMS 0x000000008b000000, 0x000000008af00000| Untracked 
| 122|0x000000008b000000, 0x000000008b100000, 0x000000008b100000|100%| O|  |TAMS 0x000000008b100000, 0x000000008b000000| Untracked 
| 123|0x000000008b100000, 0x000000008b200000, 0x000000008b200000|100%| O|  |TAMS 0x000000008b200000, 0x000000008b100000| Untracked 
| 124|0x000000008b200000, 0x000000008b300000, 0x000000008b300000|100%| O|  |TAMS 0x000000008b300000, 0x000000008b200000| Untracked 
| 125|0x000000008b300000, 0x000000008b400000, 0x000000008b400000|100%| O|  |TAMS 0x000000008b400000, 0x000000008b300000| Untracked 
| 126|0x000000008b400000, 0x000000008b500000, 0x000000008b500000|100%| O|  |TAMS 0x000000008b500000, 0x000000008b400000| Untracked 
| 127|0x000000008b500000, 0x000000008b600000, 0x000000008b600000|100%| O|  |TAMS 0x000000008b600000, 0x000000008b500000| Untracked 
| 128|0x000000008b600000, 0x000000008b700000, 0x000000008b700000|100%| O|  |TAMS 0x000000008b700000, 0x000000008b600000| Untracked 
| 129|0x000000008b700000, 0x000000008b800000, 0x000000008b800000|100%| O|  |TAMS 0x000000008b800000, 0x000000008b700000| Untracked 
| 130|0x000000008b800000, 0x000000008b900000, 0x000000008b900000|100%| O|  |TAMS 0x000000008b900000, 0x000000008b800000| Untracked 
| 131|0x000000008b900000, 0x000000008ba00000, 0x000000008ba00000|100%| O|  |TAMS 0x000000008ba00000, 0x000000008b900000| Untracked 
| 132|0x000000008ba00000, 0x000000008bb00000, 0x000000008bb00000|100%| O|  |TAMS 0x000000008bb00000, 0x000000008ba00000| Untracked 
| 133|0x000000008bb00000, 0x000000008bc00000, 0x000000008bc00000|100%| O|  |TAMS 0x000000008bc00000, 0x000000008bb00000| Untracked 
| 134|0x000000008bc00000, 0x000000008bd00000, 0x000000008bd00000|100%| O|  |TAMS 0x000000008bcdb800, 0x000000008bc00000| Untracked 
| 135|0x000000008bd00000, 0x000000008be00000, 0x000000008be00000|100%| O|  |TAMS 0x000000008bd00000, 0x000000008bd00000| Untracked 
| 136|0x000000008be00000, 0x000000008bf00000, 0x000000008bf00000|100%| O|  |TAMS 0x000000008be00000, 0x000000008be00000| Untracked 
| 137|0x000000008bf00000, 0x000000008c000000, 0x000000008c000000|100%| O|  |TAMS 0x000000008bf00000, 0x000000008bf00000| Untracked 
| 138|0x000000008c000000, 0x000000008c000000, 0x000000008c100000|  0%| F|  |TAMS 0x000000008c000000, 0x000000008c000000| Untracked 
| 139|0x000000008c100000, 0x000000008c100000, 0x000000008c200000|  0%| F|  |TAMS 0x000000008c100000, 0x000000008c100000| Untracked 
| 140|0x000000008c200000, 0x000000008c200000, 0x000000008c300000|  0%| F|  |TAMS 0x000000008c200000, 0x000000008c200000| Untracked 
| 141|0x000000008c300000, 0x000000008c300000, 0x000000008c400000|  0%| F|  |TAMS 0x000000008c300000, 0x000000008c300000| Untracked 
| 142|0x000000008c400000, 0x000000008c400000, 0x000000008c500000|  0%| F|  |TAMS 0x000000008c400000, 0x000000008c400000| Untracked 
| 143|0x000000008c500000, 0x000000008c500000, 0x000000008c600000|  0%| F|  |TAMS 0x000000008c500000, 0x000000008c500000| Untracked 
| 144|0x000000008c600000, 0x000000008c600000, 0x000000008c700000|  0%| F|  |TAMS 0x000000008c600000, 0x000000008c600000| Untracked 
| 145|0x000000008c700000, 0x000000008c700000, 0x000000008c800000|  0%| F|  |TAMS 0x000000008c700000, 0x000000008c700000| Untracked 
| 146|0x000000008c800000, 0x000000008c800000, 0x000000008c900000|  0%| F|  |TAMS 0x000000008c800000, 0x000000008c800000| Untracked 
| 147|0x000000008c900000, 0x000000008c900000, 0x000000008ca00000|  0%| F|  |TAMS 0x000000008c900000, 0x000000008c900000| Untracked 
| 148|0x000000008ca00000, 0x000000008ca00000, 0x000000008cb00000|  0%| F|  |TAMS 0x000000008ca00000, 0x000000008ca00000| Untracked 
| 149|0x000000008cb00000, 0x000000008cb00000, 0x000000008cc00000|  0%| F|  |TAMS 0x000000008cb00000, 0x000000008cb00000| Untracked 
| 150|0x000000008cc00000, 0x000000008cc00000, 0x000000008cd00000|  0%| F|  |TAMS 0x000000008cc00000, 0x000000008cc00000| Untracked 
| 151|0x000000008cd00000, 0x000000008cd00000, 0x000000008ce00000|  0%| F|  |TAMS 0x000000008cd00000, 0x000000008cd00000| Untracked 
| 152|0x000000008ce00000, 0x000000008ce00000, 0x000000008cf00000|  0%| F|  |TAMS 0x000000008ce00000, 0x000000008ce00000| Untracked 
| 153|0x000000008cf00000, 0x000000008cf00000, 0x000000008d000000|  0%| F|  |TAMS 0x000000008cf00000, 0x000000008cf00000| Untracked 
| 154|0x000000008d000000, 0x000000008d000000, 0x000000008d100000|  0%| F|  |TAMS 0x000000008d000000, 0x000000008d000000| Untracked 
| 155|0x000000008d100000, 0x000000008d100000, 0x000000008d200000|  0%| F|  |TAMS 0x000000008d100000, 0x000000008d100000| Untracked 
| 156|0x000000008d200000, 0x000000008d200000, 0x000000008d300000|  0%| F|  |TAMS 0x000000008d200000, 0x000000008d200000| Untracked 
| 157|0x000000008d300000, 0x000000008d300000, 0x000000008d400000|  0%| F|  |TAMS 0x000000008d300000, 0x000000008d300000| Untracked 
| 158|0x000000008d400000, 0x000000008d400000, 0x000000008d500000|  0%| F|  |TAMS 0x000000008d400000, 0x000000008d400000| Untracked 
| 159|0x000000008d500000, 0x000000008d500000, 0x000000008d600000|  0%| F|  |TAMS 0x000000008d500000, 0x000000008d500000| Untracked 
| 160|0x000000008d600000, 0x000000008d600000, 0x000000008d700000|  0%| F|  |TAMS 0x000000008d600000, 0x000000008d600000| Untracked 
| 161|0x000000008d700000, 0x000000008d700000, 0x000000008d800000|  0%| F|  |TAMS 0x000000008d700000, 0x000000008d700000| Untracked 
| 162|0x000000008d800000, 0x000000008d800000, 0x000000008d900000|  0%| F|  |TAMS 0x000000008d800000, 0x000000008d800000| Untracked 
| 163|0x000000008d900000, 0x000000008d900000, 0x000000008da00000|  0%| F|  |TAMS 0x000000008d900000, 0x000000008d900000| Untracked 
| 164|0x000000008da00000, 0x000000008da00000, 0x000000008db00000|  0%| F|  |TAMS 0x000000008da00000, 0x000000008da00000| Untracked 
| 165|0x000000008db00000, 0x000000008db00000, 0x000000008dc00000|  0%| F|  |TAMS 0x000000008db00000, 0x000000008db00000| Untracked 
| 166|0x000000008dc00000, 0x000000008dc00000, 0x000000008dd00000|  0%| F|  |TAMS 0x000000008dc00000, 0x000000008dc00000| Untracked 
| 167|0x000000008dd00000, 0x000000008dd00000, 0x000000008de00000|  0%| F|  |TAMS 0x000000008dd00000, 0x000000008dd00000| Untracked 
| 168|0x000000008de00000, 0x000000008de00000, 0x000000008df00000|  0%| F|  |TAMS 0x000000008de00000, 0x000000008de00000| Untracked 
| 169|0x000000008df00000, 0x000000008df00000, 0x000000008e000000|  0%| F|  |TAMS 0x000000008df00000, 0x000000008df00000| Untracked 
| 170|0x000000008e000000, 0x000000008e000000, 0x000000008e100000|  0%| F|  |TAMS 0x000000008e000000, 0x000000008e000000| Untracked 
| 171|0x000000008e100000, 0x000000008e185560, 0x000000008e200000| 52%| S|CS|TAMS 0x000000008e100000, 0x000000008e100000| Complete 
| 172|0x000000008e200000, 0x000000008e300000, 0x000000008e300000|100%| S|CS|TAMS 0x000000008e200000, 0x000000008e200000| Complete 
| 173|0x000000008e300000, 0x000000008e400000, 0x000000008e400000|100%| S|CS|TAMS 0x000000008e300000, 0x000000008e300000| Complete 
| 174|0x000000008e400000, 0x000000008e500000, 0x000000008e500000|100%| S|CS|TAMS 0x000000008e400000, 0x000000008e400000| Complete 
| 175|0x000000008e500000, 0x000000008e600000, 0x000000008e600000|100%| S|CS|TAMS 0x000000008e500000, 0x000000008e500000| Complete 
| 176|0x000000008e600000, 0x000000008e600000, 0x000000008e700000|  0%| F|  |TAMS 0x000000008e600000, 0x000000008e600000| Untracked 
| 177|0x000000008e700000, 0x000000008e800000, 0x000000008e800000|100%| S|CS|TAMS 0x000000008e700000, 0x000000008e700000| Complete 
| 178|0x000000008e800000, 0x000000008e900000, 0x000000008e900000|100%| S|CS|TAMS 0x000000008e800000, 0x000000008e800000| Complete 
| 179|0x000000008e900000, 0x000000008e900000, 0x000000008ea00000|  0%| F|  |TAMS 0x000000008e900000, 0x000000008e900000| Untracked 
| 180|0x000000008ea00000, 0x000000008ea00000, 0x000000008eb00000|  0%| F|  |TAMS 0x000000008ea00000, 0x000000008ea00000| Untracked 
| 181|0x000000008eb00000, 0x000000008eb00000, 0x000000008ec00000|  0%| F|  |TAMS 0x000000008eb00000, 0x000000008eb00000| Untracked 
| 182|0x000000008ec00000, 0x000000008ec00000, 0x000000008ed00000|  0%| F|  |TAMS 0x000000008ec00000, 0x000000008ec00000| Untracked 
| 183|0x000000008ed00000, 0x000000008ed00000, 0x000000008ee00000|  0%| F|  |TAMS 0x000000008ed00000, 0x000000008ed00000| Untracked 
| 184|0x000000008ee00000, 0x000000008ee00000, 0x000000008ef00000|  0%| F|  |TAMS 0x000000008ee00000, 0x000000008ee00000| Untracked 
| 185|0x000000008ef00000, 0x000000008ef00000, 0x000000008f000000|  0%| F|  |TAMS 0x000000008ef00000, 0x000000008ef00000| Untracked 
| 186|0x000000008f000000, 0x000000008f000000, 0x000000008f100000|  0%| F|  |TAMS 0x000000008f000000, 0x000000008f000000| Untracked 
| 187|0x000000008f100000, 0x000000008f100000, 0x000000008f200000|  0%| F|  |TAMS 0x000000008f100000, 0x000000008f100000| Untracked 
| 188|0x000000008f200000, 0x000000008f200000, 0x000000008f300000|  0%| F|  |TAMS 0x000000008f200000, 0x000000008f200000| Untracked 
| 189|0x000000008f300000, 0x000000008f300000, 0x000000008f400000|  0%| F|  |TAMS 0x000000008f300000, 0x000000008f300000| Untracked 
| 190|0x000000008f400000, 0x000000008f400000, 0x000000008f500000|  0%| F|  |TAMS 0x000000008f400000, 0x000000008f400000| Untracked 
| 191|0x000000008f500000, 0x000000008f500000, 0x000000008f600000|  0%| F|  |TAMS 0x000000008f500000, 0x000000008f500000| Untracked 
| 192|0x000000008f600000, 0x000000008f600000, 0x000000008f700000|  0%| F|  |TAMS 0x000000008f600000, 0x000000008f600000| Untracked 
| 193|0x000000008f700000, 0x000000008f700000, 0x000000008f800000|  0%| F|  |TAMS 0x000000008f700000, 0x000000008f700000| Untracked 
| 194|0x000000008f800000, 0x000000008f800000, 0x000000008f900000|  0%| F|  |TAMS 0x000000008f800000, 0x000000008f800000| Untracked 
| 195|0x000000008f900000, 0x000000008f900000, 0x000000008fa00000|  0%| F|  |TAMS 0x000000008f900000, 0x000000008f900000| Untracked 
| 196|0x000000008fa00000, 0x000000008fa00000, 0x000000008fb00000|  0%| F|  |TAMS 0x000000008fa00000, 0x000000008fa00000| Untracked 
| 197|0x000000008fb00000, 0x000000008fb00000, 0x000000008fc00000|  0%| F|  |TAMS 0x000000008fb00000, 0x000000008fb00000| Untracked 
| 198|0x000000008fc00000, 0x000000008fc00000, 0x000000008fd00000|  0%| F|  |TAMS 0x000000008fc00000, 0x000000008fc00000| Untracked 
| 199|0x000000008fd00000, 0x000000008fd00000, 0x000000008fe00000|  0%| F|  |TAMS 0x000000008fd00000, 0x000000008fd00000| Untracked 
| 200|0x000000008fe00000, 0x000000008fe00000, 0x000000008ff00000|  0%| F|  |TAMS 0x000000008fe00000, 0x000000008fe00000| Untracked 
| 201|0x000000008ff00000, 0x000000008ff00000, 0x0000000090000000|  0%| F|  |TAMS 0x000000008ff00000, 0x000000008ff00000| Untracked 
| 202|0x0000000090000000, 0x0000000090000000, 0x0000000090100000|  0%| F|  |TAMS 0x0000000090000000, 0x0000000090000000| Untracked 
| 203|0x0000000090100000, 0x0000000090100000, 0x0000000090200000|  0%| F|  |TAMS 0x0000000090100000, 0x0000000090100000| Untracked 
| 204|0x0000000090200000, 0x0000000090200000, 0x0000000090300000|  0%| F|  |TAMS 0x0000000090200000, 0x0000000090200000| Untracked 
| 205|0x0000000090300000, 0x0000000090300000, 0x0000000090400000|  0%| F|  |TAMS 0x0000000090300000, 0x0000000090300000| Untracked 
| 206|0x0000000090400000, 0x0000000090400000, 0x0000000090500000|  0%| F|  |TAMS 0x0000000090400000, 0x0000000090400000| Untracked 
| 207|0x0000000090500000, 0x0000000090500000, 0x0000000090600000|  0%| F|  |TAMS 0x0000000090500000, 0x0000000090500000| Untracked 
| 208|0x0000000090600000, 0x0000000090600000, 0x0000000090700000|  0%| F|  |TAMS 0x0000000090600000, 0x0000000090600000| Untracked 
| 209|0x0000000090700000, 0x0000000090700000, 0x0000000090800000|  0%| F|  |TAMS 0x0000000090700000, 0x0000000090700000| Untracked 
| 210|0x0000000090800000, 0x0000000090800000, 0x0000000090900000|  0%| F|  |TAMS 0x0000000090800000, 0x0000000090800000| Untracked 
| 211|0x0000000090900000, 0x0000000090900000, 0x0000000090a00000|  0%| F|  |TAMS 0x0000000090900000, 0x0000000090900000| Untracked 
| 212|0x0000000090a00000, 0x0000000090a00000, 0x0000000090b00000|  0%| F|  |TAMS 0x0000000090a00000, 0x0000000090a00000| Untracked 
| 213|0x0000000090b00000, 0x0000000090b00000, 0x0000000090c00000|  0%| F|  |TAMS 0x0000000090b00000, 0x0000000090b00000| Untracked 
| 214|0x0000000090c00000, 0x0000000090c00000, 0x0000000090d00000|  0%| F|  |TAMS 0x0000000090c00000, 0x0000000090c00000| Untracked 
| 215|0x0000000090d00000, 0x0000000090d00000, 0x0000000090e00000|  0%| F|  |TAMS 0x0000000090d00000, 0x0000000090d00000| Untracked 
| 216|0x0000000090e00000, 0x0000000090e00000, 0x0000000090f00000|  0%| F|  |TAMS 0x0000000090e00000, 0x0000000090e00000| Untracked 
| 217|0x0000000090f00000, 0x0000000090f00000, 0x0000000091000000|  0%| F|  |TAMS 0x0000000090f00000, 0x0000000090f00000| Untracked 
| 218|0x0000000091000000, 0x0000000091000000, 0x0000000091100000|  0%| F|  |TAMS 0x0000000091000000, 0x0000000091000000| Untracked 
| 219|0x0000000091100000, 0x0000000091100000, 0x0000000091200000|  0%| F|  |TAMS 0x0000000091100000, 0x0000000091100000| Untracked 
| 220|0x0000000091200000, 0x0000000091200000, 0x0000000091300000|  0%| F|  |TAMS 0x0000000091200000, 0x0000000091200000| Untracked 
| 221|0x0000000091300000, 0x0000000091300000, 0x0000000091400000|  0%| F|  |TAMS 0x0000000091300000, 0x0000000091300000| Untracked 
| 222|0x0000000091400000, 0x0000000091400000, 0x0000000091500000|  0%| F|  |TAMS 0x0000000091400000, 0x0000000091400000| Untracked 
| 223|0x0000000091500000, 0x0000000091500000, 0x0000000091600000|  0%| F|  |TAMS 0x0000000091500000, 0x0000000091500000| Untracked 
| 224|0x0000000091600000, 0x0000000091600000, 0x0000000091700000|  0%| F|  |TAMS 0x0000000091600000, 0x0000000091600000| Untracked 
| 225|0x0000000091700000, 0x0000000091700000, 0x0000000091800000|  0%| F|  |TAMS 0x0000000091700000, 0x0000000091700000| Untracked 
| 226|0x0000000091800000, 0x0000000091800000, 0x0000000091900000|  0%| F|  |TAMS 0x0000000091800000, 0x0000000091800000| Untracked 
| 227|0x0000000091900000, 0x0000000091900000, 0x0000000091a00000|  0%| F|  |TAMS 0x0000000091900000, 0x0000000091900000| Untracked 
| 228|0x0000000091a00000, 0x0000000091a00000, 0x0000000091b00000|  0%| F|  |TAMS 0x0000000091a00000, 0x0000000091a00000| Untracked 
| 229|0x0000000091b00000, 0x0000000091b00000, 0x0000000091c00000|  0%| F|  |TAMS 0x0000000091b00000, 0x0000000091b00000| Untracked 
| 230|0x0000000091c00000, 0x0000000091c00000, 0x0000000091d00000|  0%| F|  |TAMS 0x0000000091c00000, 0x0000000091c00000| Untracked 
| 231|0x0000000091d00000, 0x0000000091d00000, 0x0000000091e00000|  0%| F|  |TAMS 0x0000000091d00000, 0x0000000091d00000| Untracked 
| 232|0x0000000091e00000, 0x0000000091e00000, 0x0000000091f00000|  0%| F|  |TAMS 0x0000000091e00000, 0x0000000091e00000| Untracked 
| 233|0x0000000091f00000, 0x0000000091f00000, 0x0000000092000000|  0%| F|  |TAMS 0x0000000091f00000, 0x0000000091f00000| Untracked 
| 234|0x0000000092000000, 0x0000000092000000, 0x0000000092100000|  0%| F|  |TAMS 0x0000000092000000, 0x0000000092000000| Untracked 
| 235|0x0000000092100000, 0x0000000092100000, 0x0000000092200000|  0%| F|  |TAMS 0x0000000092100000, 0x0000000092100000| Untracked 
| 236|0x0000000092200000, 0x0000000092200000, 0x0000000092300000|  0%| F|  |TAMS 0x0000000092200000, 0x0000000092200000| Untracked 
| 237|0x0000000092300000, 0x0000000092300000, 0x0000000092400000|  0%| F|  |TAMS 0x0000000092300000, 0x0000000092300000| Untracked 
| 238|0x0000000092400000, 0x0000000092400000, 0x0000000092500000|  0%| F|  |TAMS 0x0000000092400000, 0x0000000092400000| Untracked 
| 239|0x0000000092500000, 0x0000000092500000, 0x0000000092600000|  0%| F|  |TAMS 0x0000000092500000, 0x0000000092500000| Untracked 
| 240|0x0000000092600000, 0x0000000092600000, 0x0000000092700000|  0%| F|  |TAMS 0x0000000092600000, 0x0000000092600000| Untracked 
| 241|0x0000000092700000, 0x0000000092700000, 0x0000000092800000|  0%| F|  |TAMS 0x0000000092700000, 0x0000000092700000| Untracked 
| 242|0x0000000092800000, 0x0000000092800000, 0x0000000092900000|  0%| F|  |TAMS 0x0000000092800000, 0x0000000092800000| Untracked 
| 243|0x0000000092900000, 0x0000000092900000, 0x0000000092a00000|  0%| F|  |TAMS 0x0000000092900000, 0x0000000092900000| Untracked 
| 244|0x0000000092a00000, 0x0000000092a00000, 0x0000000092b00000|  0%| F|  |TAMS 0x0000000092a00000, 0x0000000092a00000| Untracked 
| 245|0x0000000092b00000, 0x0000000092b00000, 0x0000000092c00000|  0%| F|  |TAMS 0x0000000092b00000, 0x0000000092b00000| Untracked 
| 246|0x0000000092c00000, 0x0000000092c00000, 0x0000000092d00000|  0%| F|  |TAMS 0x0000000092c00000, 0x0000000092c00000| Untracked 
| 247|0x0000000092d00000, 0x0000000092d00000, 0x0000000092e00000|  0%| F|  |TAMS 0x0000000092d00000, 0x0000000092d00000| Untracked 
| 248|0x0000000092e00000, 0x0000000092e00000, 0x0000000092f00000|  0%| F|  |TAMS 0x0000000092e00000, 0x0000000092e00000| Untracked 

Card table byte_map: [0x0000024e78370000,0x0000024e78760000] _byte_map_base: 0x0000024e77f55000

Marking Bits (Prev, Next): (CMBitMap*) 0x0000024e6533d3e8, (CMBitMap*) 0x0000024e6533d420
 Prev Bits: [0x0000024e78b50000, 0x0000024e7aa78000)
 Next Bits: [0x0000024e7aa80000, 0x0000024e7c9a8000)

Polling page: 0x0000024e63180000

Metaspace:

Usage:
  Non-class:     53.88 MB capacity,    53.29 MB ( 99%) used,   493.76 KB ( <1%) free+waste,   116.13 KB ( <1%) overhead. 
      Class:      6.78 MB capacity,     6.47 MB ( 95%) used,   276.63 KB (  4%) free+waste,    49.13 KB ( <1%) overhead. 
       Both:     60.67 MB capacity,    59.75 MB ( 98%) used,   770.39 KB (  1%) free+waste,   165.25 KB ( <1%) overhead. 

Virtual space:
  Non-class space:       54.00 MB reserved,      53.95 MB (>99%) committed 
      Class space:        1.00 GB reserved,       6.92 MB ( <1%) committed 
             Both:        1.05 GB reserved,      60.87 MB (  6%) committed 

Chunk freelists:
   Non-Class:  4.00 KB
       Class:  29.00 KB
        Both:  33.00 KB

MaxMetaspaceSize: 17179869184.00 GB
CompressedClassSpaceSize: 1.00 GB

CodeHeap 'non-profiled nmethods': size=120000Kb used=13827Kb max_used=15300Kb free=106172Kb
 bounds [0x0000024e70720000, 0x0000024e71620000, 0x0000024e77c50000]
CodeHeap 'profiled nmethods': size=120000Kb used=27508Kb max_used=30907Kb free=92491Kb
 bounds [0x0000024e691f0000, 0x0000024e6b080000, 0x0000024e70720000]
CodeHeap 'non-nmethods': size=5760Kb used=1187Kb max_used=1271Kb free=4572Kb
 bounds [0x0000024e68c50000, 0x0000024e68ec0000, 0x0000024e691f0000]
 total_blobs=12727 nmethods=12214 adapters=422
 compilation: enabled
              stopped_count=0, restarted_count=0
 full_count=0

Compilation events (20 events):
Event: 26.699 Thread 0x0000024e00022800 nmethod 15799 0x0000024e69a60990 code [0x0000024e69a60be0, 0x0000024e69a61358]
Event: 26.699 Thread 0x0000024e00022800 15800       2       org.jetbrains.kotlin.cfg.variable.PseudocodeVariablesData::getBlockScopeVariableInfo (8 bytes)
Event: 26.699 Thread 0x0000024e00022800 nmethod 15800 0x0000024e69768710 code [0x0000024e697688c0, 0x0000024e697689b8]
Event: 26.699 Thread 0x0000024e00022800 15801       2       org.jetbrains.kotlin.cfg.ControlFlowProcessor$CFPVisitor::getResolvedCallAccessTarget (62 bytes)
Event: 26.700 Thread 0x0000024e00022800 nmethod 15801 0x0000024e698a0910 code [0x0000024e698a0b40, 0x0000024e698a0f08]
Event: 26.701 Thread 0x0000024e00022800 15802       2       javaslang.collection.HashArrayMappedTrieModule$ArrayNode::hashCode (8 bytes)
Event: 26.701 Thread 0x0000024e00022800 nmethod 15802 0x0000024e6979de90 code [0x0000024e6979e040, 0x0000024e6979e148]
Event: 26.701 Thread 0x0000024e7f42c000 nmethod 15691 0x0000024e70c39e90 code [0x0000024e70c3a300, 0x0000024e70c3d910]
Event: 26.701 Thread 0x0000024e00022800 15803       2       org.jetbrains.kotlin.cfg.ControlFlowInfo::retainAll (143 bytes)
Event: 26.701 Thread 0x0000024e7f42c000 15797       4       org.jetbrains.kotlin.cfg.pseudocodeTraverser.PseudocodeTraverserKt::getPreviousIncludingSubGraphInstructions (53 bytes)
Event: 26.702 Thread 0x0000024e00022800 nmethod 15803 0x0000024e69a5fb10 code [0x0000024e69a5fda0, 0x0000024e69a604d8]
Event: 26.702 Thread 0x0000024e00022800 15805       2       javaslang.collection.HashMap::removeAll (76 bytes)
Event: 26.702 Thread 0x0000024e00022800 nmethod 15805 0x0000024e69a6c690 code [0x0000024e69a6c8c0, 0x0000024e69a6cd18]
Event: 26.702 Thread 0x0000024e00022800 15804       2       javaslang.collection.HashMap::removeAll (6 bytes)
Event: 26.702 Thread 0x0000024e00022800 nmethod 15804 0x0000024e69802710 code [0x0000024e698028c0, 0x0000024e698029c8]
Event: 26.702 Thread 0x0000024e00022800 15808       1       org.jetbrains.kotlin.cfg.ControlFlowInformationProvider$VariableInitContext::getExitInitState$frontend (5 bytes)
Event: 26.702 Thread 0x0000024e00022800 nmethod 15808 0x0000024e70823090 code [0x0000024e70823240, 0x0000024e708232f8]
Event: 26.703 Thread 0x0000024e00022800 15810       2       org.jetbrains.kotlin.cfg.variable.UsageVariableControlFlowInfo::<init> (12 bytes)
Event: 26.703 Thread 0x0000024e00022800 nmethod 15810 0x0000024e69811290 code [0x0000024e69811460, 0x0000024e69811618]
Event: 26.703 Thread 0x0000024e00022800 15807       1       javaslang.collection.HashArrayMappedTrieModule$ArrayNode::size (5 bytes)

GC Heap History (20 events):
Event: 19.792 GC heap after
{Heap after GC invocations=27 (full 0):
 garbage-first heap   total 211968K, used 118556K [0x0000000083600000, 0x0000000100000000)
  region size 1024K, 7 young (7168K), 7 survivors (7168K)
 Metaspace       used 59755K, capacity 60403K, committed 60540K, reserved 1103872K
  class space    used 6494K, capacity 6751K, committed 6832K, reserved 1048576K
}
Event: 20.515 GC heap before
{Heap before GC invocations=27 (full 0):
 garbage-first heap   total 211968K, used 172828K [0x0000000083600000, 0x0000000100000000)
  region size 1024K, 60 young (61440K), 7 survivors (7168K)
 Metaspace       used 59783K, capacity 60467K, committed 60796K, reserved 1103872K
  class space    used 6494K, capacity 6751K, committed 6832K, reserved 1048576K
}
Event: 20.533 GC heap after
{Heap after GC invocations=28 (full 0):
 garbage-first heap   total 211968K, used 122263K [0x0000000083600000, 0x0000000100000000)
  region size 1024K, 7 young (7168K), 7 survivors (7168K)
 Metaspace       used 59783K, capacity 60467K, committed 60796K, reserved 1103872K
  class space    used 6494K, capacity 6751K, committed 6832K, reserved 1048576K
}
Event: 21.183 GC heap before
{Heap before GC invocations=29 (full 0):
 garbage-first heap   total 211968K, used 174487K [0x0000000083600000, 0x0000000100000000)
  region size 1024K, 58 young (59392K), 7 survivors (7168K)
 Metaspace       used 60480K, capacity 61439K, committed 61692K, reserved 1103872K
  class space    used 6582K, capacity 6913K, committed 6960K, reserved 1048576K
}
Event: 21.198 GC heap after
{Heap after GC invocations=30 (full 0):
 garbage-first heap   total 211968K, used 124629K [0x0000000083600000, 0x0000000100000000)
  region size 1024K, 6 young (6144K), 6 survivors (6144K)
 Metaspace       used 60480K, capacity 61439K, committed 61692K, reserved 1103872K
  class space    used 6582K, capacity 6913K, committed 6960K, reserved 1048576K
}
Event: 21.750 GC heap before
{Heap before GC invocations=30 (full 0):
 garbage-first heap   total 211968K, used 176853K [0x0000000083600000, 0x0000000100000000)
  region size 1024K, 57 young (58368K), 6 survivors (6144K)
 Metaspace       used 60513K, capacity 61506K, committed 61692K, reserved 1103872K
  class space    used 6583K, capacity 6913K, committed 6960K, reserved 1048576K
}
Event: 21.760 GC heap after
{Heap after GC invocations=31 (full 0):
 garbage-first heap   total 254976K, used 127123K [0x0000000083600000, 0x0000000100000000)
  region size 1024K, 5 young (5120K), 5 survivors (5120K)
 Metaspace       used 60513K, capacity 61506K, committed 61692K, reserved 1103872K
  class space    used 6583K, capacity 6913K, committed 6960K, reserved 1048576K
}
Event: 22.553 GC heap before
{Heap before GC invocations=32 (full 0):
 garbage-first heap   total 254976K, used 199827K [0x0000000083600000, 0x0000000100000000)
  region size 1024K, 76 young (77824K), 5 survivors (5120K)
 Metaspace       used 60566K, capacity 61508K, committed 61692K, reserved 1103872K
  class space    used 6583K, capacity 6913K, committed 6960K, reserved 1048576K
}
Event: 22.565 GC heap after
{Heap after GC invocations=33 (full 0):
 garbage-first heap   total 254976K, used 130133K [0x0000000083600000, 0x0000000100000000)
  region size 1024K, 8 young (8192K), 8 survivors (8192K)
 Metaspace       used 60566K, capacity 61508K, committed 61692K, reserved 1103872K
  class space    used 6583K, capacity 6913K, committed 6960K, reserved 1048576K
}
Event: 23.370 GC heap before
{Heap before GC invocations=33 (full 0):
 garbage-first heap   total 254976K, used 203861K [0x0000000083600000, 0x0000000100000000)
  region size 1024K, 80 young (81920K), 8 survivors (8192K)
 Metaspace       used 60631K, capacity 61573K, committed 61692K, reserved 1103872K
  class space    used 6583K, capacity 6913K, committed 6960K, reserved 1048576K
}
Event: 23.384 GC heap after
{Heap after GC invocations=34 (full 0):
 garbage-first heap   total 254976K, used 133275K [0x0000000083600000, 0x0000000100000000)
  region size 1024K, 7 young (7168K), 7 survivors (7168K)
 Metaspace       used 60631K, capacity 61573K, committed 61692K, reserved 1103872K
  class space    used 6583K, capacity 6913K, committed 6960K, reserved 1048576K
}
Event: 24.031 GC heap before
{Heap before GC invocations=35 (full 0):
 garbage-first heap   total 254976K, used 207003K [0x0000000083600000, 0x0000000100000000)
  region size 1024K, 79 young (80896K), 7 survivors (7168K)
 Metaspace       used 60751K, capacity 61701K, committed 61948K, reserved 1103872K
  class space    used 6592K, capacity 6913K, committed 6960K, reserved 1048576K
}
Event: 24.046 GC heap after
{Heap after GC invocations=36 (full 0):
 garbage-first heap   total 254976K, used 135146K [0x0000000083600000, 0x0000000100000000)
  region size 1024K, 5 young (5120K), 5 survivors (5120K)
 Metaspace       used 60751K, capacity 61701K, committed 61948K, reserved 1103872K
  class space    used 6592K, capacity 6913K, committed 6960K, reserved 1048576K
}
Event: 24.631 GC heap before
{Heap before GC invocations=36 (full 0):
 garbage-first heap   total 254976K, used 209898K [0x0000000083600000, 0x0000000100000000)
  region size 1024K, 78 young (79872K), 5 survivors (5120K)
 Metaspace       used 60775K, capacity 61701K, committed 61948K, reserved 1103872K
  class space    used 6593K, capacity 6913K, committed 6960K, reserved 1048576K
}
Event: 24.642 GC heap after
{Heap after GC invocations=37 (full 0):
 garbage-first heap   total 254976K, used 138187K [0x0000000083600000, 0x0000000100000000)
  region size 1024K, 8 young (8192K), 8 survivors (8192K)
 Metaspace       used 60775K, capacity 61701K, committed 61948K, reserved 1103872K
  class space    used 6593K, capacity 6913K, committed 6960K, reserved 1048576K
}
Event: 25.370 GC heap before
{Heap before GC invocations=38 (full 0):
 garbage-first heap   total 254976K, used 212939K [0x0000000083600000, 0x0000000100000000)
  region size 1024K, 81 young (82944K), 8 survivors (8192K)
 Metaspace       used 60806K, capacity 61766K, committed 61948K, reserved 1103872K
  class space    used 6595K, capacity 6913K, committed 6960K, reserved 1048576K
}
Event: 25.389 GC heap after
{Heap after GC invocations=39 (full 0):
 garbage-first heap   total 254976K, used 141521K [0x0000000083600000, 0x0000000100000000)
  region size 1024K, 9 young (9216K), 9 survivors (9216K)
 Metaspace       used 60806K, capacity 61766K, committed 61948K, reserved 1103872K
  class space    used 6595K, capacity 6913K, committed 6960K, reserved 1048576K
}
Event: 26.067 GC heap before
{Heap before GC invocations=39 (full 0):
 garbage-first heap   total 254976K, used 215249K [0x0000000083600000, 0x0000000100000000)
  region size 1024K, 81 young (82944K), 9 survivors (9216K)
 Metaspace       used 60846K, capacity 61830K, committed 61948K, reserved 1103872K
  class space    used 6595K, capacity 6913K, committed 6960K, reserved 1048576K
}
Event: 26.083 GC heap after
{Heap after GC invocations=40 (full 0):
 garbage-first heap   total 254976K, used 145262K [0x0000000083600000, 0x0000000100000000)
  region size 1024K, 7 young (7168K), 7 survivors (7168K)
 Metaspace       used 60846K, capacity 61830K, committed 61948K, reserved 1103872K
  class space    used 6595K, capacity 6913K, committed 6960K, reserved 1048576K
}
Event: 26.703 GC heap before
{Heap before GC invocations=41 (full 0):
 garbage-first heap   total 254976K, used 216942K [0x0000000083600000, 0x0000000100000000)
  region size 1024K, 77 young (78848K), 7 survivors (7168K)
 Metaspace       used 61187K, capacity 62123K, committed 62332K, reserved 1103872K
  class space    used 6621K, capacity 6947K, committed 7088K, reserved 1048576K
}

Deoptimization events (20 events):
Event: 26.677 Thread 0x0000024e65300000 Uncommon trap: trap_request=0xffffffc6 fr.pc=0x0000024e715656e0 relative=0x00000000000020c0
Event: 26.677 Thread 0x0000024e65300000 Uncommon trap: reason=bimorphic_or_optimized_type_check action=maybe_recompile pc=0x0000024e715656e0 method=org.jetbrains.kotlin.resolve.calls.callUtil.CallUtilKt.getCall(Lorg/jetbrains/kotlin/psi/KtElement;Lorg/jetbrains/kotlin/resolve/BindingContext;)Lo
Event: 26.677 Thread 0x0000024e65300000 DEOPT PACKING pc=0x0000024e715656e0 sp=0x0000005cba9fe1a0
Event: 26.677 Thread 0x0000024e65300000 DEOPT UNPACKING pc=0x0000024e68c5822f sp=0x0000005cba9fe140 mode 2
Event: 26.677 Thread 0x0000024e65300000 Uncommon trap: trap_request=0xffffffc6 fr.pc=0x0000024e7158b054 relative=0x0000000000001314
Event: 26.677 Thread 0x0000024e65300000 Uncommon trap: reason=bimorphic_or_optimized_type_check action=maybe_recompile pc=0x0000024e7158b054 method=org.jetbrains.kotlin.resolve.calls.callUtil.CallUtilKt.getCalleeExpressionIfAny(Lorg/jetbrains/kotlin/psi/KtElement;)Lorg/jetbrains/kotlin/psi/KtEx
Event: 26.677 Thread 0x0000024e65300000 DEOPT PACKING pc=0x0000024e7158b054 sp=0x0000005cba9fe130
Event: 26.677 Thread 0x0000024e65300000 DEOPT UNPACKING pc=0x0000024e68c5822f sp=0x0000005cba9fe0c0 mode 2
Event: 26.680 Thread 0x0000024e65300000 Uncommon trap: trap_request=0xffffffc6 fr.pc=0x0000024e715656e0 relative=0x00000000000020c0
Event: 26.680 Thread 0x0000024e65300000 Uncommon trap: reason=bimorphic_or_optimized_type_check action=maybe_recompile pc=0x0000024e715656e0 method=org.jetbrains.kotlin.resolve.calls.callUtil.CallUtilKt.getCall(Lorg/jetbrains/kotlin/psi/KtElement;Lorg/jetbrains/kotlin/resolve/BindingContext;)Lo
Event: 26.680 Thread 0x0000024e65300000 DEOPT PACKING pc=0x0000024e715656e0 sp=0x0000005cba9fe1a0
Event: 26.680 Thread 0x0000024e65300000 DEOPT UNPACKING pc=0x0000024e68c5822f sp=0x0000005cba9fe140 mode 2
Event: 26.682 Thread 0x0000024e65300000 Uncommon trap: trap_request=0xffffffc6 fr.pc=0x0000024e715656e0 relative=0x00000000000020c0
Event: 26.682 Thread 0x0000024e65300000 Uncommon trap: reason=bimorphic_or_optimized_type_check action=maybe_recompile pc=0x0000024e715656e0 method=org.jetbrains.kotlin.resolve.calls.callUtil.CallUtilKt.getCall(Lorg/jetbrains/kotlin/psi/KtElement;Lorg/jetbrains/kotlin/resolve/BindingContext;)Lo
Event: 26.682 Thread 0x0000024e65300000 DEOPT PACKING pc=0x0000024e715656e0 sp=0x0000005cba9fe1a0
Event: 26.682 Thread 0x0000024e65300000 DEOPT UNPACKING pc=0x0000024e68c5822f sp=0x0000005cba9fe140 mode 2
Event: 26.691 Thread 0x0000024e65300000 Uncommon trap: trap_request=0xffffff4d fr.pc=0x0000024e716089b8 relative=0x0000000000000078
Event: 26.691 Thread 0x0000024e65300000 Uncommon trap: reason=unstable_if action=reinterpret pc=0x0000024e716089b8 method=org.jetbrains.kotlin.cfg.ControlFlowProcessor$CFPVisitor.generateInstructions(Lorg/jetbrains/kotlin/psi/KtElement;)V @ 1 c2
Event: 26.691 Thread 0x0000024e65300000 DEOPT PACKING pc=0x0000024e716089b8 sp=0x0000005cba9fe3a0
Event: 26.691 Thread 0x0000024e65300000 DEOPT UNPACKING pc=0x0000024e68c5822f sp=0x0000005cba9fe340 mode 2

Classes redefined (0 events):
No events

Internal exceptions (20 events):
Event: 6.719 Thread 0x0000024e65300000 Exception <a 'java/lang/NoSuchMethodError'{0x000000008c62d528}: 'java.lang.Object java.lang.invoke.Invokers$Holder.linkToTargetMethod(java.lang.Object, java.lang.Object, java.lang.Object, java.lang.Object, java.lang.Object, java.lang.Object, java.lang.Object)'> (0x000000008c62d528) thrown at [./src/hotspot/share/interpreter/linkResolver.cpp, line 773]
Event: 7.403 Thread 0x0000024e65300000 Implicit null exception at 0x0000024e70beb132 to 0x0000024e70bebb28
Event: 7.403 Thread 0x0000024e65300000 Implicit null exception at 0x0000024e70beb132 to 0x0000024e70bebb28
Event: 7.404 Thread 0x0000024e65300000 Implicit null exception at 0x0000024e70beb132 to 0x0000024e70bebb28
Event: 7.404 Thread 0x0000024e65300000 Implicit null exception at 0x0000024e70beb132 to 0x0000024e70bebb28
Event: 7.821 Thread 0x0000024e65300000 Implicit null exception at 0x0000024e70a686c5 to 0x0000024e70a68cd8
Event: 8.330 Thread 0x0000024e65300000 Implicit null exception at 0x0000024e707381f7 to 0x0000024e707386f4
Event: 8.353 Thread 0x0000024e65300000 Implicit null exception at 0x0000024e7073f474 to 0x0000024e7073f988
Event: 10.815 Thread 0x0000024e65300000 Implicit null exception at 0x0000024e70e379a4 to 0x0000024e70e3b5c8
Event: 10.815 Thread 0x0000024e65300000 Implicit null exception at 0x0000024e70e379a4 to 0x0000024e70e3b5c8
Event: 13.656 Thread 0x0000024e65300000 Implicit null exception at 0x0000024e70f8236c to 0x0000024e70f825ec
Event: 14.816 Thread 0x0000024e65300000 Implicit null exception at 0x0000024e711240fc to 0x0000024e711248ec
Event: 16.450 Thread 0x0000024e65300000 Implicit null exception at 0x0000024e710d2843 to 0x0000024e710d2bf4
Event: 21.311 Thread 0x0000024e65300000 Implicit null exception at 0x0000024e70854a6c to 0x0000024e70854c58
Event: 21.356 Thread 0x0000024e65300000 Implicit null exception at 0x0000024e70883ff2 to 0x0000024e70884244
Event: 24.396 Thread 0x0000024e65300000 Implicit null exception at 0x0000024e7139e114 to 0x0000024e713a177c
Event: 25.131 Thread 0x0000024e65300000 Implicit null exception at 0x0000024e70a478a3 to 0x0000024e70a484f8
Event: 26.549 Thread 0x0000024e65300000 Implicit null exception at 0x0000024e70772275 to 0x0000024e7077243c
Event: 26.549 Thread 0x0000024e65300000 Implicit null exception at 0x0000024e7075baaf to 0x0000024e7075bb1d
Event: 26.556 Thread 0x0000024e65300000 Implicit null exception at 0x0000024e70924bcc to 0x0000024e70924c3a

Events (20 events):
Event: 26.635 Thread 0x0000024e00024000 flushing nmethod 0x0000024e6ae16710
Event: 26.635 Thread 0x0000024e00024000 flushing nmethod 0x0000024e6ae28210
Event: 26.635 Thread 0x0000024e00024000 flushing nmethod 0x0000024e6ae28a10
Event: 26.635 Thread 0x0000024e00024000 flushing nmethod 0x0000024e6ae5a590
Event: 26.635 Thread 0x0000024e00024000 flushing nmethod 0x0000024e6aea8110
Event: 26.635 Thread 0x0000024e00024000 flushing nmethod 0x0000024e6aea9510
Event: 26.636 Thread 0x0000024e00024000 flushing nmethod 0x0000024e6aecb510
Event: 26.636 Thread 0x0000024e00024000 flushing nmethod 0x0000024e6af58490
Event: 26.636 Thread 0x0000024e00024000 flushing nmethod 0x0000024e6af66f10
Event: 26.636 Thread 0x0000024e00024000 flushing nmethod 0x0000024e6afad590
Event: 26.636 Thread 0x0000024e00024000 flushing nmethod 0x0000024e6afafe10
Event: 26.674 loading class org/jetbrains/kotlin/cfg/ControlFlowInformationProvider$collectReturnExpressions$1
Event: 26.674 loading class org/jetbrains/kotlin/cfg/ControlFlowInformationProvider$collectReturnExpressions$1 done
Event: 26.674 Executing VM operation: Deoptimize
Event: 26.676 Executing VM operation: Deoptimize done
Event: 26.676 loading class org/jetbrains/kotlin/cfg/ControlFlowInformationProvider$ReturnedExpressionsInfo
Event: 26.676 loading class org/jetbrains/kotlin/cfg/ControlFlowInformationProvider$ReturnedExpressionsInfo done
Event: 26.676 loading class org/jetbrains/kotlin/cfg/ControlFlowInformationProvider$checkDefiniteReturn$1
Event: 26.676 loading class org/jetbrains/kotlin/cfg/ControlFlowInformationProvider$checkDefiniteReturn$1 done
Event: 26.703 Executing VM operation: G1CollectForAllocation


Dynamic libraries:
0x00007ff62f4c0000 - 0x00007ff62f4ca000 	C:\Program Files\Android\Android Studio\jre\bin\java.exe
0x00007ff8398f0000 - 0x00007ff839ae5000 	C:\WINDOWS\SYSTEM32\ntdll.dll
0x00007ff837a90000 - 0x00007ff837b4d000 	C:\WINDOWS\System32\KERNEL32.DLL
0x00007ff8370f0000 - 0x00007ff8373b9000 	C:\WINDOWS\System32\KERNELBASE.dll
0x00007ff8373c0000 - 0x00007ff8374c0000 	C:\WINDOWS\System32\ucrtbase.dll
0x00007ff8099d0000 - 0x00007ff8099e9000 	C:\Program Files\Android\Android Studio\jre\bin\jli.dll
0x00007ff8388d0000 - 0x00007ff838a70000 	C:\WINDOWS\System32\USER32.dll
0x00007ff8376d0000 - 0x00007ff8376f2000 	C:\WINDOWS\System32\win32u.dll
0x00007ff8390b0000 - 0x00007ff8390da000 	C:\WINDOWS\System32\GDI32.dll
0x00007ff8374c0000 - 0x00007ff8375cb000 	C:\WINDOWS\System32\gdi32full.dll
0x00007ff809a40000 - 0x00007ff809a57000 	C:\Program Files\Android\Android Studio\jre\bin\VCRUNTIME140.dll
0x00007ff837700000 - 0x00007ff83779d000 	C:\WINDOWS\System32\msvcp_win.dll
0x00007ff8180b0000 - 0x00007ff81834a000 	C:\WINDOWS\WinSxS\amd64_microsoft.windows.common-controls_6595b64144ccf1df_6.0.19041.1110_none_60b5254171f9507e\COMCTL32.dll
0x00007ff838830000 - 0x00007ff8388ce000 	C:\WINDOWS\System32\msvcrt.dll
0x00007ff838f70000 - 0x00007ff838fa0000 	C:\WINDOWS\System32\IMM32.DLL
0x00007ffff90a0000 - 0x00007ffff913d000 	C:\Program Files\Android\Android Studio\jre\bin\msvcp140.dll
0x00007fffd4770000 - 0x00007fffd522c000 	C:\Program Files\Android\Android Studio\jre\bin\server\jvm.dll
0x00007ff838fa0000 - 0x00007ff83904c000 	C:\WINDOWS\System32\ADVAPI32.dll
0x00007ff837b50000 - 0x00007ff837beb000 	C:\WINDOWS\System32\sechost.dll
0x00007ff837960000 - 0x00007ff837a8a000 	C:\WINDOWS\System32\RPCRT4.dll
0x00007ff839140000 - 0x00007ff839148000 	C:\WINDOWS\System32\PSAPI.DLL
0x00007ff81fbd0000 - 0x00007ff81fbd9000 	C:\WINDOWS\SYSTEM32\WSOCK32.dll
0x00007ff837bf0000 - 0x00007ff837c5b000 	C:\WINDOWS\System32\WS2_32.dll
0x00007ff822240000 - 0x00007ff822267000 	C:\WINDOWS\SYSTEM32\WINMM.dll
0x00007ff836d80000 - 0x00007ff836d8a000 	C:\WINDOWS\SYSTEM32\VERSION.dll
0x00007ff8358d0000 - 0x00007ff8358e2000 	C:\WINDOWS\SYSTEM32\kernel.appcore.dll
0x00007ff8160b0000 - 0x00007ff8160c1000 	C:\Program Files\Android\Android Studio\jre\bin\verify.dll
0x00007ff8355a0000 - 0x00007ff835784000 	C:\WINDOWS\SYSTEM32\DBGHELP.DLL
0x00007ff825b60000 - 0x00007ff825b8c000 	C:\WINDOWS\SYSTEM32\dbgcore.DLL
0x00007ff837060000 - 0x00007ff8370e3000 	C:\WINDOWS\System32\bcryptPrimitives.dll
0x00007ff801480000 - 0x00007ff8014a9000 	C:\Program Files\Android\Android Studio\jre\bin\java.dll
0x00007ff82e7b0000 - 0x00007ff82e7bb000 	C:\Program Files\Android\Android Studio\jre\bin\jimage.dll
0x00007ff815630000 - 0x00007ff815648000 	C:\Program Files\Android\Android Studio\jre\bin\zip.dll
0x00007ff839170000 - 0x00007ff8398af000 	C:\WINDOWS\System32\SHELL32.dll
0x00007ff834d30000 - 0x00007ff8354c1000 	C:\WINDOWS\SYSTEM32\windows.storage.dll
0x00007ff837c70000 - 0x00007ff837fc5000 	C:\WINDOWS\System32\combase.dll
0x00007ff836a30000 - 0x00007ff836a5c000 	C:\WINDOWS\SYSTEM32\Wldp.dll
0x00007ff838540000 - 0x00007ff8385ee000 	C:\WINDOWS\System32\SHCORE.dll
0x00007ff8386a0000 - 0x00007ff8386f5000 	C:\WINDOWS\System32\shlwapi.dll
0x00007ff836f70000 - 0x00007ff836f8f000 	C:\WINDOWS\SYSTEM32\profapi.dll
0x00007ff813030000 - 0x00007ff81304a000 	C:\Program Files\Android\Android Studio\jre\bin\net.dll
0x00007ff81de50000 - 0x00007ff81df5a000 	C:\WINDOWS\SYSTEM32\WINHTTP.dll
0x00007ff836790000 - 0x00007ff8367fa000 	C:\WINDOWS\system32\mswsock.dll
0x00007ff812be0000 - 0x00007ff812bf4000 	C:\Program Files\Android\Android Studio\jre\bin\nio.dll

dbghelp: loaded successfully - version: 4.0.5 - missing functions: none
symbol engine: initialized successfully - sym options: 0x614 - pdb path: .;C:\Program Files\Android\Android Studio\jre\bin;C:\WINDOWS\SYSTEM32;C:\WINDOWS\WinSxS\amd64_microsoft.windows.common-controls_6595b64144ccf1df_6.0.19041.1110_none_60b5254171f9507e;C:\Program Files\Android\Android Studio\jre\bin\server

VM Arguments:
java_command: org.jetbrains.kotlin.cli.jvm.K2JVMCompiler -Xallow-no-source-files -classpath C:\Android\Proyecto\VendedoresKT\ApoloVendedor\app\build\intermediates\compile_and_runtime_not_namespaced_r_class_jar\debug\R.jar;C:\Users\Apolo\.gradle\caches\transforms-2\files-2.1\70b69f018ff8e55d59c786768edda5ad\jetified-ksoap2-android-assembly-3.6.2-jar-with-dependencies.jar;C:\Users\Apolo\.gradle\caches\transforms-2\files-2.1\65822686645ebbefbf6a8af1588fb9e6\jetified-kotlin-android-extensions-runtime-1.3.72.jar;C:\Users\Apolo\.gradle\caches\transforms-2\files-2.1\e339e8830f424a51a223b9ab6ff13c9b\jetified-kotlin-stdlib-jdk7-1.3.72.jar;C:\Users\Apolo\.gradle\caches\transforms-2\files-2.1\b7b8da7012b769d6e1d5e97ec3660eec\jetified-core-ktx-1.2.0-api.jar;C:\Users\Apolo\.gradle\caches\transforms-2\files-2.1\172a37d5aaf6c239d3f3ac4e85e80706\jetified-kotlin-stdlib-1.3.72.jar;C:\Users\Apolo\.gradle\caches\transforms-2\files-2.1\2cd9eed13f11bee972de9aa70644c376\jetified-kotlin-stdlib-common-1.3.72.jar;C:\Users\Apolo\.gradle\caches\transforms-2\files-2.1\17dda0cf0629172bdc4ecf5d3bc5b97a\jetified-annotations-13.0.jar;C:\Users\Apolo\.gradle\caches\transforms-2\files-2.1\c947f03eec3c31e4097ca3d0b32c1cc1\material-1.0.0-api.jar;C:\Users\Apolo\.gradle\caches\transforms-2\files-2.1\bf764ed074c0ac103109d1826cf7354a\appcompat-1.1.0-api.jar;C:\Users\Apolo\.gradle\caches\transforms-2\files-2.1\74b70178f46f9beb69813f52563b2a97\cardview-1.0.0-api.jar;C:\Users\Apolo\.gradle\caches\transforms-2\files-2.1\7333204511bb3c05d1650051bbdc5a28\gridlayout-1.0.0-api.jar;C:\Users\Apolo\.gradle\caches\transforms-2\files-2.1\14fd8c3ad82c146d9efd8859e38a0ef8\jetified-play-services-maps-17.0.0-api.jar;C:\Users\Apolo\.gradle\caches\transforms-2\files-2.1\8259b828720644cdf6d447b6f0a0b83e\lifecycle-extensions-2.0.0-api.jar;C:\Users\Apolo\.gradle\caches\transforms-2\files-2.1\315adbd2afad81e80f5bbf1852a718f2\jetified-play-services-base-17.0.0-api.jar;C:\Users\Apolo\.gradle\caches\transforms-2\files-2.1\990e53d4
java_class_path (initial): C:\Users\Apolo\.gradle\caches\modules-2\files-2.1\org.jetbrains.kotlin\kotlin-compiler-embeddable\1.3.72\fb72232c8fa977d5e07d33c43381ddbdc5edab6\kotlin-compiler-embeddable-1.3.72.jar;C:\Users\Apolo\.gradle\caches\modules-2\files-2.1\org.jetbrains.kotlin\kotlin-reflect\1.3.72\86613e1a669a701b0c660bfd2af4f82a7ae11fca\kotlin-reflect-1.3.72.jar;C:\Users\Apolo\.gradle\caches\modules-2\files-2.1\org.jetbrains.kotlin\kotlin-stdlib\1.3.72\8032138f12c0180bc4e51fe139d4c52b46db6109\kotlin-stdlib-1.3.72.jar;C:\Users\Apolo\.gradle\caches\modules-2\files-2.1\org.jetbrains.kotlin\kotlin-script-runtime\1.3.72\657d8d34d91e1964b4439378c09933e840bfe8d5\kotlin-script-runtime-1.3.72.jar;C:\Users\Apolo\.gradle\caches\modules-2\files-2.1\org.jetbrains.kotlin\kotlin-daemon-embeddable\1.3.72\53bbaa2816dbf6bdb85f629451b1fcc88f2164d2\kotlin-daemon-embeddable-1.3.72.jar;C:\Users\Apolo\.gradle\caches\modules-2\files-2.1\org.jetbrains.intellij.deps\trove4j\1.0.20181211\216c2e14b070f334479d800987affe4054cd563f\trove4j-1.0.20181211.jar;C:\Users\Apolo\.gradle\caches\modules-2\files-2.1\org.jetbrains.kotlin\kotlin-stdlib-common\1.3.72\6ca8bee3d88957eaaaef077c41c908c9940492d8\kotlin-stdlib-common-1.3.72.jar;C:\Users\Apolo\.gradle\caches\modules-2\files-2.1\org.jetbrains\annotations\13.0\919f0dfe192fb4e063e7dacadee7f8bb9a2672a9\annotations-13.0.jar
Launcher Type: SUN_STANDARD

[Global flags]
     intx CICompilerCount                          = 4                                         {product} {ergonomic}
     uint ConcGCThreads                            = 2                                         {product} {ergonomic}
     uint G1ConcRefinementThreads                  = 8                                         {product} {ergonomic}
   size_t G1HeapRegionSize                         = 1048576                                   {product} {ergonomic}
    uintx GCDrainStackTargetSize                   = 64                                        {product} {ergonomic}
   size_t InitialHeapSize                          = 132120576                                 {product} {ergonomic}
   size_t MarkStackSize                            = 4194304                                   {product} {ergonomic}
   size_t MaxHeapSize                              = 2090860544                                {product} {ergonomic}
   size_t MaxNewSize                               = 1254096896                                {product} {ergonomic}
   size_t MinHeapDeltaBytes                        = 1048576                                   {product} {ergonomic}
    uintx NonNMethodCodeHeapSize                   = 5836300                                {pd product} {ergonomic}
    uintx NonProfiledCodeHeapSize                  = 122910970                              {pd product} {ergonomic}
    uintx ProfiledCodeHeapSize                     = 122910970                              {pd product} {ergonomic}
    uintx ReservedCodeCacheSize                    = 251658240                              {pd product} {ergonomic}
     bool SegmentedCodeCache                       = true                                      {product} {ergonomic}
     bool UseCompressedClassPointers               = true                                 {lp64_product} {ergonomic}
     bool UseCompressedOops                        = true                                 {lp64_product} {ergonomic}
     bool UseG1GC                                  = true                                      {product} {ergonomic}
     bool UseLargePagesIndividualAllocation        = false                                  {pd product} {ergonomic}

Logging:
Log output configuration:
 #0: stdout all=warning uptime,level,tags
 #1: stderr all=off uptime,level,tags

Environment Variables:
PATH=C:\orant\bin;C:\Program Files\Common Files\Oracle\Java\javapath;C:\Program Files (x86)\Common Files\Oracle\Java\javapath;C:\WINDOWS\system32;C:\WINDOWS;C:\WINDOWS\System32\Wbem;C:\WINDOWS\System32\WindowsPowerShell\v1.0\;C:\WINDOWS\System32\OpenSSH\;C:\orant\jdk\bin;C:\Program Files (x86)\Intel\Intel(R) Memory And Storage Tool\;C:\Program Files\nodejs\;C:\instantclient_12_1\;C:\Program Files\Git\cmd;C:\Users\Apolo\AppData\Local\Microsoft\WindowsApps;C:\Users\Apolo\AppData\Local\Programs\Microsoft VS Code\bin;C:\Users\Apolo\AppData\Roaming\npm;C:\Users\Apolo\AppData\Local\atom\bin;
USERNAME=Apolo
OS=Windows_NT
PROCESSOR_IDENTIFIER=Intel64 Family 6 Model 126 Stepping 5, GenuineIntel



---------------  S Y S T E M  ---------------

OS: Windows 10 , 64 bit Build 19041 (10.0.19041.1023)
OS uptime: 7 days 14:40 hours

CPU:total 8 (initial active 8) (4 cores per cpu, 2 threads per core) family 6 model 126 stepping 5, cmov, cx8, fxsr, mmx, sse, sse2, sse3, ssse3, sse4.1, sse4.2, popcnt, avx, avx2, aes, clmul, erms, 3dnowpref, lzcnt, ht, tsc, tscinvbit, bmi1, bmi2, adx, evex, sha, fma

Memory: 4k page, system-wide physical 7973M (401M free)
TotalPageFile size 11461M (AvailPageFile size 44M)
current process WorkingSet (physical memory assigned to process): 466M, peak: 482M
current process commit charge ("private bytes"): 521M, peak: 571M

vm_info: OpenJDK 64-Bit Server VM (11.0.8+10-b944.6842174) for windows-amd64 JRE (11.0.8+10-b944.6842174), built on Sep 19 2020 01:11:42 by "builder" with MS VC++ 14.0 (VS2015)

END.
