#
# There is insufficient memory for the Java Runtime Environment to continue.
# Native memory allocation (malloc) failed to allocate 1210064 bytes for Chunk::new
# Possible reasons:
#   The system is out of physical RAM or swap space
#   The process is running with CompressedOops enabled, and the Java Heap may be blocking the growth of the native heap
# Possible solutions:
#   Reduce memory load on the system
#   Increase physical memory or swap space
#   Check if swap backing store is full
#   Decrease Java heap size (-Xmx/-Xms)
#   Decrease number of Java threads
#   Decrease Java thread stack sizes (-Xss)
#   Set larger code cache with -XX:ReservedCodeCacheSize=
#   JVM is running with Unscaled Compressed Oops mode in which the Java heap is
#     placed in the first 4GB address space. The Java Heap base address is the
#     maximum limit for the native heap growth. Please use -XX:HeapBaseMinAddress
#     to set the Java Heap base and to place the Java Heap above 4GB virtual address.
# This output file may be truncated or incomplete.
#
#  Out of Memory Error (allocation.cpp:389), pid=112500, tid=0x000000000001ba00
#
# JRE version: OpenJDK Runtime Environment (8.0_242-b01) (build 1.8.0_242-release-1644-b01)
# Java VM: OpenJDK 64-Bit Server VM (25.242-b01 mixed mode windows-amd64 compressed oops)
# Failed to write core dump. Minidumps are not enabled by default on client versions of Windows
#

---------------  T H R E A D  ---------------

Current thread (0x0000000019ae8000):  JavaThread "C2 CompilerThread2" daemon [_thread_in_native, id=113152, stack(0x000000001a5d0000,0x000000001a6d0000)]

Stack: [0x000000001a5d0000,0x000000001a6d0000]
[error occurred during error reporting (printing stack bounds), id 0xc0000005]

Native frames: (J=compiled Java code, j=interpreted, Vv=VM code, C=native code)


Current CompileTask:
C2:   4166 3878       4       java.net.URLClassLoader$1::run (5 bytes)


---------------  P R O C E S S  ---------------

Java Threads: ( => current thread )
  0x000000002154c800 JavaThread "Cache worker for Build Output Cleanup Cache (C:\Android\Proyecto\VendedoresKT\ApoloVendedor\.gradle\buildOutputCleanup)" [_thread_blocked, id=110936, stack(0x000000002c070000,0x000000002c170000)]
  0x000000002154e000 JavaThread "jar transforms Thread 113" [_thread_blocked, id=114100, stack(0x000000002bd70000,0x000000002be70000)]
  0x000000002154d000 JavaThread "jar transforms Thread 112" [_thread_blocked, id=16220, stack(0x000000002bc70000,0x000000002bd70000)]
  0x0000000021545000 JavaThread "jar transforms Thread 111" [_thread_blocked, id=83924, stack(0x000000002bb70000,0x000000002bc70000)]
  0x000000002154b800 JavaThread "jar transforms Thread 110" [_thread_blocked, id=55004, stack(0x000000002ba70000,0x000000002bb70000)]
  0x000000002154b000 JavaThread "jar transforms Thread 109" [_thread_blocked, id=112128, stack(0x000000002b970000,0x000000002ba70000)]
  0x000000002154a000 JavaThread "jar transforms Thread 108" [_thread_blocked, id=112928, stack(0x000000002b870000,0x000000002b970000)]
  0x0000000021542800 JavaThread "jar transforms Thread 107" [_thread_blocked, id=111364, stack(0x000000002b770000,0x000000002b870000)]
  0x0000000021549800 JavaThread "jar transforms Thread 106" [_thread_blocked, id=111216, stack(0x000000002b670000,0x000000002b770000)]
  0x0000000021542000 JavaThread "jar transforms Thread 105" [_thread_blocked, id=110888, stack(0x000000002b570000,0x000000002b670000)]
  0x0000000021543800 JavaThread "jar transforms Thread 104" [_thread_blocked, id=108384, stack(0x000000002b470000,0x000000002b570000)]
  0x0000000021548800 JavaThread "jar transforms Thread 103" [_thread_blocked, id=111008, stack(0x000000002b370000,0x000000002b470000)]
  0x0000000021547000 JavaThread "jar transforms Thread 102" [_thread_blocked, id=64184, stack(0x000000002b270000,0x000000002b370000)]
  0x0000000021548000 JavaThread "jar transforms Thread 101" [_thread_blocked, id=76328, stack(0x000000002b170000,0x000000002b270000)]
  0x0000000021545800 JavaThread "jar transforms Thread 100" [_thread_blocked, id=110096, stack(0x000000002b070000,0x000000002b170000)]
  0x0000000021540800 JavaThread "jar transforms Thread 99" [_thread_blocked, id=112232, stack(0x000000002af70000,0x000000002b070000)]
  0x0000000021541000 JavaThread "jar transforms Thread 98" [_thread_blocked, id=111912, stack(0x000000002ae70000,0x000000002af70000)]
  0x0000000021544000 JavaThread "jar transforms Thread 97" [_thread_blocked, id=114328, stack(0x000000002ad70000,0x000000002ae70000)]
  0x0000000021546800 JavaThread "jar transforms Thread 96" [_thread_blocked, id=114300, stack(0x000000002ac70000,0x000000002ad70000)]
  0x0000000021e84800 JavaThread "jar transforms Thread 95" [_thread_blocked, id=113564, stack(0x000000002ab70000,0x000000002ac70000)]
  0x0000000021e84000 JavaThread "jar transforms Thread 94" [_thread_blocked, id=110560, stack(0x000000002aa70000,0x000000002ab70000)]
  0x0000000021e83000 JavaThread "jar transforms Thread 93" [_thread_blocked, id=112376, stack(0x000000002a970000,0x000000002aa70000)]
  0x0000000021e82800 JavaThread "jar transforms Thread 92" [_thread_blocked, id=114588, stack(0x000000002a870000,0x000000002a970000)]
  0x0000000021e81800 JavaThread "jar transforms Thread 91" [_thread_blocked, id=114136, stack(0x000000002a770000,0x000000002a870000)]
  0x0000000021e81000 JavaThread "jar transforms Thread 90" [_thread_blocked, id=67140, stack(0x000000002a670000,0x000000002a770000)]
  0x0000000021e85800 JavaThread "jar transforms Thread 89" [_thread_blocked, id=64196, stack(0x000000002a570000,0x000000002a670000)]
  0x0000000021e80000 JavaThread "jar transforms Thread 88" [_thread_blocked, id=110376, stack(0x000000002a470000,0x000000002a570000)]
  0x0000000021e78800 JavaThread "jar transforms Thread 87" [_thread_blocked, id=112164, stack(0x000000002a370000,0x000000002a470000)]
  0x0000000021e7e800 JavaThread "jar transforms Thread 86" [_thread_blocked, id=113624, stack(0x000000002a270000,0x000000002a370000)]
  0x0000000021e7f800 JavaThread "jar transforms Thread 85" [_thread_blocked, id=110416, stack(0x000000002a170000,0x000000002a270000)]
  0x0000000021e7b000 JavaThread "jar transforms Thread 84" [_thread_blocked, id=107092, stack(0x000000002a070000,0x000000002a170000)]
  0x0000000021e7a000 JavaThread "jar transforms Thread 83" [_thread_blocked, id=111280, stack(0x0000000029f70000,0x000000002a070000)]
  0x0000000021e7e000 JavaThread "jar transforms Thread 82" [_thread_blocked, id=73828, stack(0x0000000029e70000,0x0000000029f70000)]
  0x0000000021e77000 JavaThread "jar transforms Thread 81" [_thread_blocked, id=110884, stack(0x0000000029d70000,0x0000000029e70000)]
  0x0000000021e79800 JavaThread "jar transforms Thread 80" [_thread_blocked, id=83904, stack(0x0000000029c70000,0x0000000029d70000)]
  0x0000000021e76800 JavaThread "jar transforms Thread 79" [_thread_blocked, id=83440, stack(0x0000000029b70000,0x0000000029c70000)]
  0x0000000021e78000 JavaThread "jar transforms Thread 78" [_thread_blocked, id=110756, stack(0x0000000029a70000,0x0000000029b70000)]
  0x0000000021e7d000 JavaThread "jar transforms Thread 77" [_thread_blocked, id=114536, stack(0x0000000029970000,0x0000000029a70000)]
  0x0000000021e7c800 JavaThread "jar transforms Thread 76" [_thread_blocked, id=110956, stack(0x0000000029870000,0x0000000029970000)]
  0x0000000021e7b800 JavaThread "jar transforms Thread 75" [_thread_blocked, id=49056, stack(0x0000000029770000,0x0000000029870000)]
  0x0000000021f40000 JavaThread "jar transforms Thread 74" [_thread_blocked, id=114052, stack(0x0000000029670000,0x0000000029770000)]
  0x0000000021f3e800 JavaThread "jar transforms Thread 73" [_thread_blocked, id=111200, stack(0x0000000029570000,0x0000000029670000)]
  0x0000000021f3e000 JavaThread "jar transforms Thread 72" [_thread_blocked, id=114344, stack(0x0000000029470000,0x0000000029570000)]
  0x0000000021f3d000 JavaThread "jar transforms Thread 71" [_thread_blocked, id=111172, stack(0x0000000029370000,0x0000000029470000)]
  0x0000000021f41800 JavaThread "jar transforms Thread 70" [_thread_blocked, id=84948, stack(0x00000000250f0000,0x00000000251f0000)]
  0x0000000021f3c800 JavaThread "jar transforms Thread 69" [_thread_blocked, id=80836, stack(0x00000000245c0000,0x00000000246c0000)]
  0x0000000021f3b800 JavaThread "jar transforms Thread 68" [_thread_blocked, id=111724, stack(0x00000000244c0000,0x00000000245c0000)]
  0x0000000021f3f800 JavaThread "jar transforms Thread 67" [_thread_blocked, id=110708, stack(0x0000000029270000,0x0000000029370000)]
  0x0000000021f41000 JavaThread "jar transforms Thread 66" [_thread_blocked, id=112696, stack(0x0000000029170000,0x0000000029270000)]
  0x0000000021f34000 JavaThread "jar transforms Thread 65" [_thread_blocked, id=110604, stack(0x0000000029070000,0x0000000029170000)]
  0x0000000021f3b000 JavaThread "jar transforms Thread 64" [_thread_blocked, id=109460, stack(0x0000000028f70000,0x0000000029070000)]
  0x0000000021f3a000 JavaThread "jar transforms Thread 63" [_thread_blocked, id=113640, stack(0x0000000028e70000,0x0000000028f70000)]
  0x0000000021f35000 JavaThread "jar transforms Thread 62" [_thread_blocked, id=113304, stack(0x0000000028d70000,0x0000000028e70000)]
  0x0000000021f32800 JavaThread "jar transforms Thread 61" [_thread_blocked, id=82096, stack(0x0000000028c70000,0x0000000028d70000)]
  0x0000000021f33800 JavaThread "jar transforms Thread 60" [_thread_blocked, id=110692, stack(0x0000000028b70000,0x0000000028c70000)]
  0x0000000021f39800 JavaThread "jar transforms Thread 59" [_thread_blocked, id=112708, stack(0x0000000028a70000,0x0000000028b70000)]
  0x0000000021f38800 JavaThread "jar transforms Thread 58" [_thread_blocked, id=69644, stack(0x0000000028970000,0x0000000028a70000)]
  0x0000000021f37000 JavaThread "jar transforms Thread 57" [_thread_blocked, id=111660, stack(0x0000000028870000,0x0000000028970000)]
  0x0000000021f36800 JavaThread "jar transforms Thread 56" [_thread_blocked, id=111376, stack(0x0000000028770000,0x0000000028870000)]
  0x0000000021f35800 JavaThread "jar transforms Thread 55" [_thread_blocked, id=109912, stack(0x0000000028670000,0x0000000028770000)]
  0x0000000021f38000 JavaThread "jar transforms Thread 54" [_thread_blocked, id=96136, stack(0x0000000028570000,0x0000000028670000)]
  0x000000002153e000 JavaThread "jar transforms Thread 53" [_thread_blocked, id=110436, stack(0x0000000028470000,0x0000000028570000)]
  0x000000002153f800 JavaThread "jar transforms Thread 52" [_thread_blocked, id=111688, stack(0x0000000028370000,0x0000000028470000)]
  0x000000002153d000 JavaThread "jar transforms Thread 51" [_thread_blocked, id=111892, stack(0x0000000028270000,0x0000000028370000)]
  0x000000002153c800 JavaThread "jar transforms Thread 50" [_thread_blocked, id=83556, stack(0x0000000028170000,0x0000000028270000)]
  0x000000002153e800 JavaThread "jar transforms Thread 49" [_thread_blocked, id=113580, stack(0x0000000028070000,0x0000000028170000)]
  0x000000002153b800 JavaThread "jar transforms Thread 48" [_thread_blocked, id=109092, stack(0x0000000027f70000,0x0000000028070000)]
  0x0000000021534000 JavaThread "jar transforms Thread 47" [_thread_blocked, id=39320, stack(0x0000000027e70000,0x0000000027f70000)]
  0x000000002153b000 JavaThread "jar transforms Thread 46" [_thread_blocked, id=61384, stack(0x0000000027d70000,0x0000000027e70000)]
  0x0000000021535000 JavaThread "jar transforms Thread 45" [_thread_blocked, id=114132, stack(0x0000000027c70000,0x0000000027d70000)]
  0x0000000021533800 JavaThread "jar transforms Thread 44" [_thread_blocked, id=2516, stack(0x0000000027b70000,0x0000000027c70000)]
  0x000000002153a000 JavaThread "jar transforms Thread 43" [_thread_blocked, id=8840, stack(0x0000000027a70000,0x0000000027b70000)]
  0x0000000021539800 JavaThread "jar transforms Thread 42" [_thread_blocked, id=108560, stack(0x0000000027970000,0x0000000027a70000)]
  0x0000000021538800 JavaThread "jar transforms Thread 41" [_thread_blocked, id=114572, stack(0x0000000027870000,0x0000000027970000)]
  0x0000000021531000 JavaThread "jar transforms Thread 40" [_thread_blocked, id=112120, stack(0x0000000027770000,0x0000000027870000)]
  0x0000000021538000 JavaThread "jar transforms Thread 39" [_thread_blocked, id=113232, stack(0x0000000027670000,0x0000000027770000)]
  0x0000000021537000 JavaThread "jar transforms Thread 38" [_thread_blocked, id=111764, stack(0x0000000027570000,0x0000000027670000)]
  0x0000000021535800 JavaThread "jar transforms Thread 37" [_thread_blocked, id=83916, stack(0x0000000027470000,0x0000000027570000)]
  0x0000000021530800 JavaThread "jar transforms Thread 36" [_thread_blocked, id=111832, stack(0x0000000027370000,0x0000000027470000)]
  0x0000000021536800 JavaThread "jar transforms Thread 35" [_thread_blocked, id=110648, stack(0x0000000027270000,0x0000000027370000)]
  0x0000000021532000 JavaThread "jar transforms Thread 34" [_thread_blocked, id=108204, stack(0x0000000027170000,0x0000000027270000)]
  0x0000000021532800 JavaThread "jar transforms Thread 33" [_thread_blocked, id=10928, stack(0x0000000027070000,0x0000000027170000)]
  0x000000002152b000 JavaThread "jar transforms Thread 32" [_thread_blocked, id=111744, stack(0x0000000026f70000,0x0000000027070000)]
  0x000000002152e800 JavaThread "jar transforms Thread 31" [_thread_blocked, id=111388, stack(0x0000000026e70000,0x0000000026f70000)]
  0x000000002152e000 JavaThread "jar transforms Thread 30" [_thread_blocked, id=110920, stack(0x0000000026d70000,0x0000000026e70000)]
  0x000000002152f800 JavaThread "jar transforms Thread 29" [_thread_blocked, id=83568, stack(0x0000000026c70000,0x0000000026d70000)]
  0x000000002152d000 JavaThread "jar transforms Thread 28" [_thread_blocked, id=111844, stack(0x0000000026b70000,0x0000000026c70000)]
  0x000000002152c800 JavaThread "jar transforms Thread 27" [_thread_blocked, id=84672, stack(0x0000000026a70000,0x0000000026b70000)]
  0x000000002152a000 JavaThread "jar transforms Thread 26" [_thread_blocked, id=64400, stack(0x0000000026970000,0x0000000026a70000)]
  0x0000000021529800 JavaThread "jar transforms Thread 25" [_thread_blocked, id=13380, stack(0x0000000026870000,0x0000000026970000)]
  0x0000000021528800 JavaThread "jar transforms Thread 24" [_thread_blocked, id=83548, stack(0x0000000026770000,0x0000000026870000)]
  0x000000002152b800 JavaThread "jar transforms Thread 23" [_thread_blocked, id=114388, stack(0x0000000026670000,0x0000000026770000)]
  0x0000000021521000 JavaThread "jar transforms Thread 22" [_thread_blocked, id=61056, stack(0x0000000026570000,0x0000000026670000)]
  0x0000000021522000 JavaThread "jar transforms Thread 21" [_thread_blocked, id=113512, stack(0x0000000026470000,0x0000000026570000)]
  0x0000000021528000 JavaThread "jar transforms Thread 20" [_thread_blocked, id=10636, stack(0x0000000026370000,0x0000000026470000)]
  0x0000000021523800 JavaThread "jar transforms Thread 19" [_thread_blocked, id=110144, stack(0x0000000026270000,0x0000000026370000)]
  0x0000000021525000 JavaThread "jar transforms Thread 18" [_thread_blocked, id=112808, stack(0x0000000026170000,0x0000000026270000)]
  0x0000000021520800 JavaThread "jar transforms Thread 17" [_thread_blocked, id=109196, stack(0x0000000026070000,0x0000000026170000)]
  0x0000000021524000 JavaThread "jar transforms Thread 16" [_thread_blocked, id=114332, stack(0x0000000025f70000,0x0000000026070000)]
  0x0000000021522800 JavaThread "jar transforms Thread 15" [_thread_blocked, id=111404, stack(0x0000000025e70000,0x0000000025f70000)]
  0x0000000021526800 JavaThread "jar transforms Thread 14" [_thread_blocked, id=72348, stack(0x0000000025d70000,0x0000000025e70000)]
  0x0000000021527000 JavaThread "jar transforms Thread 13" [_thread_blocked, id=114016, stack(0x0000000025c70000,0x0000000025d70000)]
  0x0000000021525800 JavaThread "jar transforms Thread 12" [_thread_blocked, id=109784, stack(0x0000000025b70000,0x0000000025c70000)]
  0x000000001ce71000 JavaThread "jar transforms Thread 11" [_thread_blocked, id=112472, stack(0x0000000025a70000,0x0000000025b70000)]
  0x000000001ce6f000 JavaThread "jar transforms Thread 10" [_thread_blocked, id=59372, stack(0x0000000025970000,0x0000000025a70000)]
  0x000000001ce6d800 JavaThread "jar transforms Thread 9" [_thread_blocked, id=79744, stack(0x0000000025870000,0x0000000025970000)]
  0x000000001ce70800 JavaThread "jar transforms Thread 8" [_thread_blocked, id=114504, stack(0x0000000025770000,0x0000000025870000)]
  0x000000001ce6e000 JavaThread "jar transforms Thread 7" [_thread_blocked, id=111740, stack(0x0000000025670000,0x0000000025770000)]
  0x000000001ce6f800 JavaThread "jar transforms Thread 6" [_thread_blocked, id=103260, stack(0x0000000025570000,0x0000000025670000)]
  0x000000001ce6c800 JavaThread "jar transforms Thread 5" [_thread_blocked, id=112512, stack(0x0000000025470000,0x0000000025570000)]
  0x000000001ce65000 JavaThread "jar transforms Thread 4" [_thread_blocked, id=109852, stack(0x0000000025370000,0x0000000025470000)]
  0x000000001ce6c000 JavaThread "jar transforms Thread 3" [_thread_blocked, id=113464, stack(0x0000000025270000,0x0000000025370000)]
  0x000000001ce6b000 JavaThread "jar transforms Thread 2" [_thread_blocked, id=83668, stack(0x00000000246d0000,0x00000000247d0000)]
  0x000000001ce66800 JavaThread "Build operations Thread 8" [_thread_blocked, id=110784, stack(0x0000000024ef0000,0x0000000024ff0000)]
  0x000000001ce66000 JavaThread "Build operations Thread 7" [_thread_blocked, id=110028, stack(0x0000000024df0000,0x0000000024ef0000)]
  0x000000001ce63800 JavaThread "Build operations Thread 6" [_thread_blocked, id=112896, stack(0x0000000024cf0000,0x0000000024df0000)]
  0x000000001ce6a800 JavaThread "Build operations Thread 5" [_thread_blocked, id=109200, stack(0x0000000024bf0000,0x0000000024cf0000)]
  0x000000001ce63000 JavaThread "Build operations Thread 4" [_thread_blocked, id=83908, stack(0x0000000024af0000,0x0000000024bf0000)]
  0x000000001ce68000 JavaThread "Build operations Thread 3" [_thread_blocked, id=113932, stack(0x00000000249f0000,0x0000000024af0000)]
  0x000000001ce69800 JavaThread "Build operations Thread 2" [_thread_blocked, id=110552, stack(0x00000000248f0000,0x00000000249f0000)]
  0x000000001ce67800 JavaThread "Build operations" [_thread_blocked, id=111908, stack(0x00000000247f0000,0x00000000248f0000)]
  0x000000001c59e800 JavaThread "Cache worker for file content cache (C:\Users\Apolo\.gradle\caches\6.5\fileContent)" [_thread_blocked, id=19188, stack(0x0000000022df0000,0x0000000022ef0000)]
  0x000000001c59b800 JavaThread "jar transforms" [_thread_blocked, id=113424, stack(0x0000000022cf0000,0x0000000022df0000)]
  0x000000001c598800 JavaThread "Cache worker for execution history cache (C:\Users\Apolo\.gradle\caches\6.5\executionHistory)" [_thread_blocked, id=108920, stack(0x00000000225f0000,0x00000000226f0000)]
  0x000000001c59d800 JavaThread "Cache worker for cache directory md-rule (C:\Users\Apolo\.gradle\caches\6.5\md-rule)" [_thread_blocked, id=108176, stack(0x00000000224f0000,0x00000000225f0000)]
  0x000000001c59d000 JavaThread "Cache worker for cache directory md-supplier (C:\Users\Apolo\.gradle\caches\6.5\md-supplier)" [_thread_blocked, id=111804, stack(0x0000000021340000,0x0000000021440000)]
  0x000000001c59c000 JavaThread "Cache worker for checksums cache (C:\Android\Proyecto\VendedoresKT\ApoloVendedor\.gradle\checksums)" [_thread_blocked, id=111480, stack(0x0000000020fc0000,0x00000000210c0000)]
  0x000000001c59a000 JavaThread "Cache worker for file hash cache (C:\Android\Proyecto\VendedoresKT\ApoloVendedor\.gradle\6.5\fileHashes)" [_thread_blocked, id=112604, stack(0x0000000020cc0000,0x0000000020dc0000)]
  0x000000001c59a800 JavaThread "Cache worker for file hash cache (C:\Users\Apolo\.gradle\caches\6.5\fileHashes)" [_thread_blocked, id=111004, stack(0x000000001ea20000,0x000000001eb20000)]
  0x000000001b600000 JavaThread "File lock request listener" [_thread_in_native, id=110360, stack(0x000000001e920000,0x000000001ea20000)]
  0x000000001c757800 JavaThread "Cache worker for journal cache (C:\Users\Apolo\.gradle\caches\journal-1)" [_thread_blocked, id=85420, stack(0x000000001e820000,0x000000001e920000)]
  0x000000001ad87000 JavaThread "Thread-9" [_thread_blocked, id=109296, stack(0x000000001e520000,0x000000001e620000)]
  0x000000001b602000 JavaThread "Stdin handler" [_thread_blocked, id=112528, stack(0x000000001e420000,0x000000001e520000)]
  0x000000001ad8e000 JavaThread "Asynchronous log dispatcher for DefaultDaemonConnection: socket connection from /127.0.0.1:49232 to /127.0.0.1:49233" [_thread_blocked, id=110128, stack(0x000000001e320000,0x000000001e420000)]
  0x000000001ad8c800 JavaThread "Daemon worker" [_thread_in_vm, id=114152, stack(0x000000001e220000,0x000000001e320000)]
  0x000000001ad89800 JavaThread "Cancel handler" [_thread_blocked, id=111696, stack(0x000000001e120000,0x000000001e220000)]
  0x000000001c64e800 JavaThread "Handler for socket connection from /127.0.0.1:49232 to /127.0.0.1:49233" [_thread_in_native, id=112688, stack(0x000000001e020000,0x000000001e120000)]
  0x000000001c64e000 JavaThread "Daemon" [_thread_blocked, id=109116, stack(0x000000001df20000,0x000000001e020000)]
  0x000000001c64c000 JavaThread "Daemon periodic checks" [_thread_blocked, id=62452, stack(0x000000001dc20000,0x000000001dd20000)]
  0x000000001c652000 JavaThread "Incoming local TCP Connector on port 49232" [_thread_in_native, id=65156, stack(0x000000001d9b0000,0x000000001dab0000)]
  0x000000001c606800 JavaThread "Daemon health stats" [_thread_blocked, id=79236, stack(0x000000001d370000,0x000000001d470000)]
  0x0000000019b70000 JavaThread "Service Thread" daemon [_thread_blocked, id=113584, stack(0x000000001a7d0000,0x000000001a8d0000)]
  0x0000000019af3000 JavaThread "C1 CompilerThread3" daemon [_thread_blocked, id=67200, stack(0x000000001a6d0000,0x000000001a7d0000)]
=>0x0000000019ae8000 JavaThread "C2 CompilerThread2" daemon [_thread_in_native, id=113152, stack(0x000000001a5d0000,0x000000001a6d0000)]
  0x0000000019ae6000 JavaThread "C2 CompilerThread1" daemon [_thread_blocked, id=110212, stack(0x000000001a4d0000,0x000000001a5d0000)]
  0x0000000017cee000 JavaThread "C2 CompilerThread0" daemon [_thread_in_native, id=114008, stack(0x000000001a3d0000,0x000000001a4d0000)]
  0x0000000019ae3000 JavaThread "Attach Listener" daemon [_thread_blocked, id=79428, stack(0x000000001a2d0000,0x000000001a3d0000)]
  0x0000000019ae2000 JavaThread "Signal Dispatcher" daemon [_thread_blocked, id=113560, stack(0x000000001a1d0000,0x000000001a2d0000)]
  0x0000000002c6e800 JavaThread "Finalizer" daemon [_thread_blocked, id=112508, stack(0x0000000019fb0000,0x000000001a0b0000)]
  0x0000000017cdc800 JavaThread "Reference Handler" daemon [_thread_blocked, id=112748, stack(0x0000000019eb0000,0x0000000019fb0000)]
  0x00000000029fd800 JavaThread "main" [_thread_blocked, id=114092, stack(0x0000000002a70000,0x0000000002b70000)]

Other Threads:
  0x0000000017cd5800 VMThread [stack: 0x00000000199b0000,0x0000000019ab0000] [id=110860]
  0x0000000019b71000 WatcherThread [stack: 0x000000001a8d0000,0x000000001a9d0000] [id=82140]

VM state:not at safepoint (normal execution)

VM Mutex/Monitor currently owned by a thread: None

heap address: 0x0000000080000000, size: 2048 MB, Compressed Oops mode: 32-bit
Narrow klass base: 0x0000000000000000, Narrow klass shift: 3
Compressed class space size: 1073741824 Address: 0x0000000100000000

Heap:
 PSYoungGen      total 174080K, used 23329K [0x00000000d5580000, 0x00000000e1980000, 0x0000000100000000)
  eden space 165888K, 9% used [0x00000000d5580000,0x00000000d64afff0,0x00000000df780000)
  from space 8192K, 94% used [0x00000000e1180000,0x00000000e1918520,0x00000000e1980000)
  to   space 12800K, 0% used [0x00000000e0080000,0x00000000e0080000,0x00000000e0d00000)
 ParOldGen       total 47616K, used 18155K [0x0000000080000000, 0x0000000082e80000, 0x00000000d5580000)
  object space 47616K, 38% used [0x0000000080000000,0x00000000811bae28,0x0000000082e80000)
 Metaspace       used 39230K, capacity 41032K, committed 41176K, reserved 1085440K
  class space    used 5407K, capacity 5761K, committed 5888K, reserved 1048576K

Card table byte_map: [0x0000000012030000,0x0000000012440000] byte_map_base: 0x0000000011c30000

Marking Bits: (ParMarkBitMap*) 0x0000000064e3f030
 Begin Bits: [0x0000000012ef0000, 0x0000000014ef0000)
 End Bits:   [0x0000000014ef0000, 0x0000000016ef0000)

Polling page: 0x0000000001100000

CodeCache: size=245760Kb used=13452Kb max_used=13452Kb free=232307Kb
 bounds [0x0000000002c70000, 0x00000000039a0000, 0x0000000011c70000]
 total_blobs=4674 nmethods=3968 adapters=619
 compilation: enabled

Compilation events (10 events):
Event: 4.147 Thread 0x0000000019af3000 3961       3       java.util.Arrays::fill (23 bytes)
Event: 4.147 Thread 0x0000000019af3000 nmethod 3961 0x0000000003990ed0 code [0x0000000003991040, 0x0000000003991230]
Event: 4.149 Thread 0x0000000019ae6000 3962       4       java.lang.ClassLoader::checkPackageAccess (111 bytes)
Event: 4.149 Thread 0x0000000019ae6000 nmethod 3962 0x000000000398bb50 code [0x000000000398bc80, 0x000000000398bd18]
Event: 4.154 Thread 0x0000000019af3000 3963       3       com.google.common.collect.AbstractMapBasedMultimap$WrappedCollection::iterator (13 bytes)
Event: 4.155 Thread 0x0000000019af3000 nmethod 3963 0x0000000003996390 code [0x0000000003996560, 0x0000000003996d68]
Event: 4.155 Thread 0x0000000019af3000 3964       3       com.google.common.collect.AbstractMapBasedMultimap$WrappedCollection$WrappedIterator::<init> (32 bytes)
Event: 4.155 Thread 0x0000000019af3000 nmethod 3964 0x0000000003990410 code [0x00000000039905c0, 0x0000000003990c58]
Event: 4.156 Thread 0x0000000019af3000 3965       1       org.gradle.api.internal.collections.AbstractIterationOrderRetainingElementSource$Element::isRealized (5 bytes)
Event: 4.156 Thread 0x0000000019af3000 nmethod 3965 0x00000000039960d0 code [0x0000000003996220, 0x0000000003996330]

GC Heap History (10 events):
Event: 2.376 GC heap before
{Heap before GC invocations=8 (full 1):
 PSYoungGen      total 75264K, used 3952K [0x00000000d5580000, 0x00000000de880000, 0x0000000100000000)
  eden space 64512K, 0% used [0x00000000d5580000,0x00000000d5580000,0x00000000d9480000)
  from space 10752K, 36% used [0x00000000d9480000,0x00000000d985c040,0x00000000d9f00000)
  to   space 10752K, 0% used [0x00000000dde00000,0x00000000dde00000,0x00000000de880000)
 ParOldGen       total 86016K, used 8436K [0x0000000080000000, 0x0000000085400000, 0x00000000d5580000)
  object space 86016K, 9% used [0x0000000080000000,0x000000008083d1d8,0x0000000085400000)
 Metaspace       used 20493K, capacity 21204K, committed 21248K, reserved 1067008K
  class space    used 2860K, capacity 3048K, committed 3072K, reserved 1048576K
Event: 2.402 GC heap after
Heap after GC invocations=8 (full 1):
 PSYoungGen      total 75264K, used 0K [0x00000000d5580000, 0x00000000de880000, 0x0000000100000000)
  eden space 64512K, 0% used [0x00000000d5580000,0x00000000d5580000,0x00000000d9480000)
  from space 10752K, 0% used [0x00000000d9480000,0x00000000d9480000,0x00000000d9f00000)
  to   space 10752K, 0% used [0x00000000dde00000,0x00000000dde00000,0x00000000de880000)
 ParOldGen       total 47616K, used 6680K [0x0000000080000000, 0x0000000082e80000, 0x00000000d5580000)
  object space 47616K, 14% used [0x0000000080000000,0x0000000080686280,0x0000000082e80000)
 Metaspace       used 20493K, capacity 21204K, committed 21248K, reserved 1067008K
  class space    used 2860K, capacity 3048K, committed 3072K, reserved 1048576K
}
Event: 2.805 GC heap before
{Heap before GC invocations=9 (full 1):
 PSYoungGen      total 75264K, used 64512K [0x00000000d5580000, 0x00000000de880000, 0x0000000100000000)
  eden space 64512K, 100% used [0x00000000d5580000,0x00000000d9480000,0x00000000d9480000)
  from space 10752K, 0% used [0x00000000d9480000,0x00000000d9480000,0x00000000d9f00000)
  to   space 10752K, 0% used [0x00000000dde00000,0x00000000dde00000,0x00000000de880000)
 ParOldGen       total 47616K, used 6680K [0x0000000080000000, 0x0000000082e80000, 0x00000000d5580000)
  object space 47616K, 14% used [0x0000000080000000,0x0000000080686280,0x0000000082e80000)
 Metaspace       used 28200K, capacity 29060K, committed 29312K, reserved 1075200K
  class space    used 3885K, capacity 4132K, committed 4224K, reserved 1048576K
Event: 2.810 GC heap after
Heap after GC invocations=9 (full 1):
 PSYoungGen      total 128000K, used 8056K [0x00000000d5580000, 0x00000000de600000, 0x0000000100000000)
  eden space 119808K, 0% used [0x00000000d5580000,0x00000000d5580000,0x00000000dca80000)
  from space 8192K, 98% used [0x00000000dde00000,0x00000000de5de190,0x00000000de600000)
  to   space 11264K, 0% used [0x00000000dd000000,0x00000000dd000000,0x00000000ddb00000)
 ParOldGen       total 47616K, used 6688K [0x0000000080000000, 0x0000000082e80000, 0x00000000d5580000)
  object space 47616K, 14% used [0x0000000080000000,0x0000000080688280,0x0000000082e80000)
 Metaspace       used 28200K, capacity 29060K, committed 29312K, reserved 1075200K
  class space    used 3885K, capacity 4132K, committed 4224K, reserved 1048576K
}
Event: 3.363 GC heap before
{Heap before GC invocations=10 (full 1):
 PSYoungGen      total 128000K, used 109053K [0x00000000d5580000, 0x00000000de600000, 0x0000000100000000)
  eden space 119808K, 84% used [0x00000000d5580000,0x00000000db821428,0x00000000dca80000)
  from space 8192K, 98% used [0x00000000dde00000,0x00000000de5de190,0x00000000de600000)
  to   space 11264K, 0% used [0x00000000dd000000,0x00000000dd000000,0x00000000ddb00000)
 ParOldGen       total 47616K, used 6688K [0x0000000080000000, 0x0000000082e80000, 0x00000000d5580000)
  object space 47616K, 14% used [0x0000000080000000,0x0000000080688280,0x0000000082e80000)
 Metaspace       used 34211K, capacity 35392K, committed 35416K, reserved 1079296K
  class space    used 4712K, capacity 4973K, committed 4992K, reserved 1048576K
Event: 3.374 GC heap after
Heap after GC invocations=10 (full 1):
 PSYoungGen      total 136704K, used 11258K [0x00000000d5580000, 0x00000000e1e00000, 0x0000000100000000)
  eden space 125440K, 0% used [0x00000000d5580000,0x00000000d5580000,0x00000000dd000000)
  from space 11264K, 99% used [0x00000000dd000000,0x00000000ddafea10,0x00000000ddb00000)
  to   space 12800K, 0% used [0x00000000e1180000,0x00000000e1180000,0x00000000e1e00000)
 ParOldGen       total 47616K, used 7430K [0x0000000080000000, 0x0000000082e80000, 0x00000000d5580000)
  object space 47616K, 15% used [0x0000000080000000,0x0000000080741800,0x0000000082e80000)
 Metaspace       used 34211K, capacity 35392K, committed 35416K, reserved 1079296K
  class space    used 4712K, capacity 4973K, committed 4992K, reserved 1048576K
}
Event: 3.374 GC heap before
{Heap before GC invocations=11 (full 2):
 PSYoungGen      total 136704K, used 11258K [0x00000000d5580000, 0x00000000e1e00000, 0x0000000100000000)
  eden space 125440K, 0% used [0x00000000d5580000,0x00000000d5580000,0x00000000dd000000)
  from space 11264K, 99% used [0x00000000dd000000,0x00000000ddafea10,0x00000000ddb00000)
  to   space 12800K, 0% used [0x00000000e1180000,0x00000000e1180000,0x00000000e1e00000)
 ParOldGen       total 47616K, used 7430K [0x0000000080000000, 0x0000000082e80000, 0x00000000d5580000)
  object space 47616K, 15% used [0x0000000080000000,0x0000000080741800,0x0000000082e80000)
 Metaspace       used 34211K, capacity 35392K, committed 35416K, reserved 1079296K
  class space    used 4712K, capacity 4973K, committed 4992K, reserved 1048576K
Event: 3.436 GC heap after
Heap after GC invocations=11 (full 2):
 PSYoungGen      total 136704K, used 0K [0x00000000d5580000, 0x00000000e1e00000, 0x0000000100000000)
  eden space 125440K, 0% used [0x00000000d5580000,0x00000000d5580000,0x00000000dd000000)
  from space 11264K, 0% used [0x00000000dd000000,0x00000000dd000000,0x00000000ddb00000)
  to   space 12800K, 0% used [0x00000000e1180000,0x00000000e1180000,0x00000000e1e00000)
 ParOldGen       total 47616K, used 18147K [0x0000000080000000, 0x0000000082e80000, 0x00000000d5580000)
  object space 47616K, 38% used [0x0000000080000000,0x00000000811b8e28,0x0000000082e80000)
 Metaspace       used 34211K, capacity 35392K, committed 35416K, reserved 1079296K
  class space    used 4712K, capacity 4973K, committed 4992K, reserved 1048576K
}
Event: 4.025 GC heap before
{Heap before GC invocations=12 (full 2):
 PSYoungGen      total 136704K, used 125440K [0x00000000d5580000, 0x00000000e1e00000, 0x0000000100000000)
  eden space 125440K, 100% used [0x00000000d5580000,0x00000000dd000000,0x00000000dd000000)
  from space 11264K, 0% used [0x00000000dd000000,0x00000000dd000000,0x00000000ddb00000)
  to   space 12800K, 0% used [0x00000000e1180000,0x00000000e1180000,0x00000000e1e00000)
 ParOldGen       total 47616K, used 18147K [0x0000000080000000, 0x0000000082e80000, 0x00000000d5580000)
  object space 47616K, 38% used [0x0000000080000000,0x00000000811b8e28,0x0000000082e80000)
 Metaspace       used 37476K, capacity 39188K, committed 39384K, reserved 1083392K
  class space    used 5165K, capacity 5521K, committed 5632K, reserved 1048576K
Event: 4.034 GC heap after
Heap after GC invocations=12 (full 2):
 PSYoungGen      total 174080K, used 7777K [0x00000000d5580000, 0x00000000e1980000, 0x0000000100000000)
  eden space 165888K, 0% used [0x00000000d5580000,0x00000000d5580000,0x00000000df780000)
  from space 8192K, 94% used [0x00000000e1180000,0x00000000e1918520,0x00000000e1980000)
  to   space 12800K, 0% used [0x00000000e0080000,0x00000000e0080000,0x00000000e0d00000)
 ParOldGen       total 47616K, used 18155K [0x0000000080000000, 0x0000000082e80000, 0x00000000d5580000)
  object space 47616K, 38% used [0x0000000080000000,0x00000000811bae28,0x0000000082e80000)
 Metaspace       used 37476K, capacity 39188K, committed 39384K, reserved 1083392K
  class space    used 5165K, capacity 5521K, committed 5632K, reserved 1048576K
}

Deoptimization events (10 events):
Event: 3.935 Thread 0x000000001ad8c800 Uncommon trap: reason=range_check action=make_not_entrant pc=0x00000000036bc874 method=java.lang.String.charAt(I)C @ 27
Event: 3.962 Thread 0x000000001ad8c800 Uncommon trap: reason=unstable_if action=reinterpret pc=0x0000000002fa3e50 method=java.util.regex.Pattern.has(I)Z @ 6
Event: 3.963 Thread 0x000000001ad8c800 Uncommon trap: reason=bimorphic action=maybe_recompile pc=0x0000000003575704 method=java.util.AbstractCollection.addAll(Ljava/util/Collection;)Z @ 29
Event: 3.990 Thread 0x000000001ad8c800 Uncommon trap: reason=bimorphic action=maybe_recompile pc=0x00000000036fcfd4 method=java.lang.ClassLoader.getPackage(Ljava/lang/String;)Ljava/lang/Package; @ 47
Event: 3.990 Thread 0x000000001ad8c800 Uncommon trap: reason=bimorphic action=maybe_recompile pc=0x00000000036fcfd4 method=java.lang.ClassLoader.getPackage(Ljava/lang/String;)Ljava/lang/Package; @ 47
Event: 3.990 Thread 0x000000001ad8c800 Uncommon trap: reason=bimorphic action=maybe_recompile pc=0x00000000036fcfd4 method=java.lang.ClassLoader.getPackage(Ljava/lang/String;)Ljava/lang/Package; @ 47
Event: 3.990 Thread 0x000000001ad8c800 Uncommon trap: reason=bimorphic action=maybe_recompile pc=0x00000000036fcfd4 method=java.lang.ClassLoader.getPackage(Ljava/lang/String;)Ljava/lang/Package; @ 47
Event: 4.106 Thread 0x000000001ad8c800 Uncommon trap: reason=unstable_if action=reinterpret pc=0x0000000003411df4 method=java.io.BufferedInputStream.read([BII)I @ 56
Event: 4.147 Thread 0x000000001ad8c800 Uncommon trap: reason=bimorphic action=maybe_recompile pc=0x0000000003575704 method=java.util.AbstractCollection.addAll(Ljava/util/Collection;)Z @ 29
Event: 4.153 Thread 0x000000001ad8c800 Uncommon trap: reason=bimorphic action=maybe_recompile pc=0x0000000003575704 method=java.util.AbstractCollection.addAll(Ljava/util/Collection;)Z @ 29

Classes redefined (0 events):
No events

Internal exceptions (10 events):
Event: 3.964 Thread 0x000000001ad87000 Exception <a 'java/lang/NoSuchMethodError': <clinit>> (0x00000000d8407678) thrown at [C:\src\AOSP-openjdk-git\hotspot\src\share\vm\prims\jni.cpp, line 1615]
Event: 3.965 Thread 0x000000001ad87000 Exception <a 'java/lang/NoSuchMethodError': <clinit>> (0x00000000d8408f70) thrown at [C:\src\AOSP-openjdk-git\hotspot\src\share\vm\prims\jni.cpp, line 1615]
Event: 3.965 Thread 0x000000001ad87000 Exception <a 'java/lang/NoSuchMethodError': <clinit>> (0x00000000d840a498) thrown at [C:\src\AOSP-openjdk-git\hotspot\src\share\vm\prims\jni.cpp, line 1615]
Event: 3.965 Thread 0x000000001ad87000 Exception <a 'java/lang/NoSuchMethodError': <clinit>> (0x00000000d8414708) thrown at [C:\src\AOSP-openjdk-git\hotspot\src\share\vm\prims\jni.cpp, line 1615]
Event: 3.966 Thread 0x000000001ad87000 Exception <a 'java/lang/NoSuchMethodError': <clinit>> (0x00000000d841f818) thrown at [C:\src\AOSP-openjdk-git\hotspot\src\share\vm\prims\jni.cpp, line 1615]
Event: 3.968 Thread 0x000000001ad87000 Exception <a 'java/lang/NoSuchMethodError': <clinit>> (0x00000000dc9eeb90) thrown at [C:\src\AOSP-openjdk-git\hotspot\src\share\vm\prims\jni.cpp, line 1615]
Event: 3.981 Thread 0x000000001ad8c800 Exception <a 'java/lang/ClassNotFoundException': build_2gdc4af9d08pb5bd6615vkblrBeanInfo> (0x00000000dc9aa5b8) thrown at [C:\src\AOSP-openjdk-git\hotspot\src\share\vm\classfile\systemDictionary.cpp, line 210]
Event: 3.981 Thread 0x000000001ad8c800 Exception <a 'java/lang/ClassNotFoundException': build_2gdc4af9d08pb5bd6615vkblrCustomizer> (0x00000000dc9b61f8) thrown at [C:\src\AOSP-openjdk-git\hotspot\src\share\vm\classfile\systemDictionary.cpp, line 210]
Event: 3.987 Thread 0x000000001ad8c800 Exception <a 'java/lang/ClassNotFoundException': org/gradle/api/internal/plugins/DefaultObjectConfigurationActionBeanInfo> (0x00000000dcab6e90) thrown at [C:\src\AOSP-openjdk-git\hotspot\src\share\vm\classfile\systemDictionary.cpp, line 210]
Event: 3.987 Thread 0x000000001ad8c800 Exception <a 'java/lang/ClassNotFoundException': org/gradle/api/internal/plugins/DefaultObjectConfigurationActionCustomizer> (0x00000000dcafd5a0) thrown at [C:\src\AOSP-openjdk-git\hotspot\src\share\vm\classfile\systemDictionary.cpp, line 210]

Events (10 events):
Event: 4.160 loading class java/time/temporal/IsoFields$Unit done
Event: 4.161 loading class java/time/format/DateTimeFormatterBuilder$2
Event: 4.161 loading class java/time/format/DateTimeFormatterBuilder$2 done
Event: 4.161 loading class java/time/format/SignStyle
Event: 4.161 loading class java/time/format/SignStyle done
Event: 4.161 loading class java/time/format/DateTimeFormatterBuilder$NumberPrinterParser
Event: 4.161 loading class java/time/format/DateTimeFormatterBuilder$DateTimePrinterParser
Event: 4.161 loading class java/time/format/DateTimeFormatterBuilder$DateTimePrinterParser done
Event: 4.161 loading class java/time/format/DateTimeFormatterBuilder$NumberPrinterParser done
Event: 4.161 loading class java/time/format/DateTimeFormatterBuilder$CharLiteralPrinterParser


Dynamic libraries:
0x00007ff618890000 - 0x00007ff6188c1000 	C:\Program Files\Android\Android Studio\jre\bin\java.exe
0x00007ff9c3cb0000 - 0x00007ff9c3ea6000 	C:\WINDOWS\SYSTEM32\ntdll.dll
0x00007ff9c3bb0000 - 0x00007ff9c3c6d000 	C:\WINDOWS\System32\KERNEL32.DLL
0x00007ff9c18a0000 - 0x00007ff9c1b69000 	C:\WINDOWS\System32\KERNELBASE.dll
0x00007ff9c1d10000 - 0x00007ff9c1dbc000 	C:\WINDOWS\System32\ADVAPI32.dll
0x00007ff9c2690000 - 0x00007ff9c272e000 	C:\WINDOWS\System32\msvcrt.dll
0x00007ff9c3a20000 - 0x00007ff9c3abc000 	C:\WINDOWS\System32\sechost.dll
0x00007ff9c2560000 - 0x00007ff9c268b000 	C:\WINDOWS\System32\RPCRT4.dll
0x00007ff9c23c0000 - 0x00007ff9c2560000 	C:\WINDOWS\System32\USER32.dll
0x00007ff9c1500000 - 0x00007ff9c1522000 	C:\WINDOWS\System32\win32u.dll
0x00007ff9c3080000 - 0x00007ff9c30aa000 	C:\WINDOWS\System32\GDI32.dll
0x00007ff9c13f0000 - 0x00007ff9c14fb000 	C:\WINDOWS\System32\gdi32full.dll
0x00007ff9c1b70000 - 0x00007ff9c1c0d000 	C:\WINDOWS\System32\msvcp_win.dll
0x00007ff9c1530000 - 0x00007ff9c1630000 	C:\WINDOWS\System32\ucrtbase.dll
0x00007ff9abc70000 - 0x00007ff9abf0b000 	C:\WINDOWS\WinSxS\amd64_microsoft.windows.common-controls_6595b64144ccf1df_6.0.19041.746_none_ca02b4b61b8320a4\COMCTL32.dll
0x00007ff9c3b20000 - 0x00007ff9c3b50000 	C:\WINDOWS\System32\IMM32.DLL
0x00000000644b0000 - 0x0000000064582000 	C:\Program Files\Android\Android Studio\jre\jre\bin\msvcr100.dll
0x0000000064670000 - 0x0000000064ebb000 	C:\Program Files\Android\Android Studio\jre\jre\bin\server\jvm.dll
0x00007ff9c1e70000 - 0x00007ff9c1e78000 	C:\WINDOWS\System32\PSAPI.DLL
0x00007ff9c0f70000 - 0x00007ff9c0f7a000 	C:\WINDOWS\SYSTEM32\VERSION.dll
0x00007ff9a63f0000 - 0x00007ff9a6417000 	C:\WINDOWS\SYSTEM32\WINMM.dll
0x00007ff9a9650000 - 0x00007ff9a9659000 	C:\WINDOWS\SYSTEM32\WSOCK32.dll
0x00007ff9c2810000 - 0x00007ff9c287b000 	C:\WINDOWS\System32\WS2_32.dll
0x00007ff9b7c40000 - 0x00007ff9b7c4f000 	C:\Program Files\Android\Android Studio\jre\jre\bin\verify.dll
0x00007ff9b77c0000 - 0x00007ff9b77e9000 	C:\Program Files\Android\Android Studio\jre\jre\bin\java.dll
0x00007ff9b6d50000 - 0x00007ff9b6d66000 	C:\Program Files\Android\Android Studio\jre\jre\bin\zip.dll
0x00007ff9c3270000 - 0x00007ff9c39b2000 	C:\WINDOWS\System32\SHELL32.dll
0x00007ff9bf4b0000 - 0x00007ff9bfc40000 	C:\WINDOWS\SYSTEM32\windows.storage.dll
0x00007ff9c2bf0000 - 0x00007ff9c2f46000 	C:\WINDOWS\System32\combase.dll
0x00007ff9c0de0000 - 0x00007ff9c0e0c000 	C:\WINDOWS\SYSTEM32\Wldp.dll
0x00007ff9c2310000 - 0x00007ff9c23be000 	C:\WINDOWS\System32\SHCORE.dll
0x00007ff9c39c0000 - 0x00007ff9c3a15000 	C:\WINDOWS\System32\shlwapi.dll
0x00007ff9c1320000 - 0x00007ff9c1346000 	C:\WINDOWS\SYSTEM32\profapi.dll
0x00007ff9b6d30000 - 0x00007ff9b6d4a000 	C:\Program Files\Android\Android Studio\jre\jre\bin\net.dll
0x00007ff9c0b60000 - 0x00007ff9c0bca000 	C:\WINDOWS\system32\mswsock.dll
0x00007ff9a94a0000 - 0x00007ff9a94b3000 	C:\Program Files\Android\Android Studio\jre\jre\bin\nio.dll
0x00007ff9a6870000 - 0x00007ff9a6897000 	C:\Users\Apolo\.gradle\native\f6784746aeab05261644944871eae4fe03e0ef1612fff0a4a95f87b438bc6780\windows-amd64\native-platform.dll
0x00007ff9b7870000 - 0x00007ff9b787d000 	C:\Program Files\Android\Android Studio\jre\jre\bin\management.dll
0x00007ff9c0d40000 - 0x00007ff9c0d58000 	C:\WINDOWS\SYSTEM32\CRYPTSP.dll
0x00007ff9c0490000 - 0x00007ff9c04c4000 	C:\WINDOWS\system32\rsaenh.dll
0x00007ff9c17f0000 - 0x00007ff9c1817000 	C:\WINDOWS\System32\bcrypt.dll
0x00007ff9c12a0000 - 0x00007ff9c12ce000 	C:\WINDOWS\SYSTEM32\USERENV.dll
0x00007ff9c1820000 - 0x00007ff9c18a0000 	C:\WINDOWS\System32\bcryptprimitives.dll
0x00007ff9c0d30000 - 0x00007ff9c0d3c000 	C:\WINDOWS\SYSTEM32\CRYPTBASE.dll
0x00007ff9c0800000 - 0x00007ff9c083b000 	C:\WINDOWS\SYSTEM32\IPHLPAPI.DLL
0x00007ff9c3140000 - 0x00007ff9c3148000 	C:\WINDOWS\System32\NSI.dll
0x00007ff9b6210000 - 0x00007ff9b6227000 	C:\WINDOWS\SYSTEM32\dhcpcsvc6.DLL
0x00007ff9b5f00000 - 0x00007ff9b5f1d000 	C:\WINDOWS\SYSTEM32\dhcpcsvc.DLL
0x00007ff9c0840000 - 0x00007ff9c090b000 	C:\WINDOWS\SYSTEM32\DNSAPI.dll
0x00007ff9b7b70000 - 0x00007ff9b7b7b000 	C:\WINDOWS\SYSTEM32\WINNSI.DLL

VM Arguments:
jvm_args: -Xmx2048m -Dfile.encoding=windows-1252 -Duser.country=ES -Duser.language=es -Duser.variant 
java_command: org.gradle.launcher.daemon.bootstrap.GradleDaemon 6.5
java_class_path (initial): C:\Users\Apolo\.gradle\wrapper\dists\gradle-6.5-bin\6nifqtx7604sqp1q6g8wikw7p\gradle-6.5\lib\gradle-launcher-6.5.jar
Launcher Type: SUN_STANDARD

Environment Variables:
PATH=C:\Program Files\Common Files\Oracle\Java\javapath;C:\Program Files (x86)\Common Files\Oracle\Java\javapath;C:\orant\bin;C:\WINDOWS\system32;C:\WINDOWS;C:\WINDOWS\System32\Wbem;C:\WINDOWS\System32\WindowsPowerShell\v1.0\;C:\WINDOWS\System32\OpenSSH\;C:\orant\jdk\bin;C:\Program Files (x86)\Intel\Intel(R) Memory And Storage Tool\;C:\Program Files\Git\cmd;C:\Program Files\nodejs\;C:\Users\Apolo\AppData\Local\Microsoft\WindowsApps;;C:\Users\Apolo\AppData\Local\Programs\Microsoft VS Code\bin;C:\Users\Apolo\AppData\Roaming\npm
USERNAME=Apolo
OS=Windows_NT
PROCESSOR_IDENTIFIER=Intel64 Family 6 Model 126 Stepping 5, GenuineIntel



---------------  S Y S T E M  ---------------

OS: Windows 10.0 , 64 bit Build 19041 (10.0.19041.804)

CPU:total 8 (initial active 8) (4 cores per cpu, 2 threads per core) family 6 model 126 stepping 5, cmov, cx8, fxsr, mmx, sse, sse2, sse3, ssse3, sse4.1, sse4.2, popcnt, avx, avx2, aes, clmul, erms, 3dnowpref, lzcnt, ht, tsc, tscinvbit, bmi1, bmi2, adx

Memory: 4k page, physical 8165048k(995496k free), swap 11736884k(5428k free)

vm_info: OpenJDK 64-Bit Server VM (25.242-b01) for windows-amd64 JRE (1.8.0_242-release-1644-b01), built by "builder" with MS VC++ 10.0 (VS2010)

time: Thu Feb 25 09:02:07 2021
timezone: Hora de verano de Paraguay
elapsed time: 4 seconds (0d 0h 0m 4s)

