#
# There is insufficient memory for the Java Runtime Environment to continue.
# Native memory allocation (malloc) failed to allocate 1103776 bytes for Chunk::new
# Possible reasons:
#   The system is out of physical RAM or swap space
#   The process is running with CompressedOops enabled, and the Java Heap may be blocking the growth of the native heap
# Possible solutions:
#   Reduce memory load on the system
#   Increase physical memory or swap space
#   Check if swap backing store is full
#   Decrease Java heap size (-Xmx/-Xms)
#   Decrease number of Java threads
#   Decrease Java thread stack sizes (-Xss)
#   Set larger code cache with -XX:ReservedCodeCacheSize=
#   JVM is running with Unscaled Compressed Oops mode in which the Java heap is
#     placed in the first 4GB address space. The Java Heap base address is the
#     maximum limit for the native heap growth. Please use -XX:HeapBaseMinAddress
#     to set the Java Heap base and to place the Java Heap above 4GB virtual address.
# This output file may be truncated or incomplete.
#
#  Out of Memory Error (allocation.cpp:389), pid=4008, tid=0x00000000000065d8
#
# JRE version: OpenJDK Runtime Environment (8.0_242-b01) (build 1.8.0_242-release-1644-b01)
# Java VM: OpenJDK 64-Bit Server VM (25.242-b01 mixed mode windows-amd64 compressed oops)
# Failed to write core dump. Minidumps are not enabled by default on client versions of Windows
#

---------------  T H R E A D  ---------------

Current thread (0x0000000019f71800):  JavaThread "C2 CompilerThread0" daemon [_thread_in_native, id=26072, stack(0x000000001a860000,0x000000001a960000)]

Stack: [0x000000001a860000,0x000000001a960000]
[error occurred during error reporting (printing stack bounds), id 0xc0000005]

Native frames: (J=compiled Java code, j=interpreted, Vv=VM code, C=native code)


Current CompileTask:
C2:   7559 7865       4       org.gradle.internal.instantiation.generator.AbstractClassGenerator::inspectType (560 bytes)


---------------  P R O C E S S  ---------------

Java Threads: ( => current thread )
  0x000000001f881000 JavaThread "Cache worker for execution history cache (C:\Android\Proyecto\VendedoresKT\ApoloVendedor\.gradle\6.5\executionHistory)" [_thread_blocked, id=15472, stack(0x000000002f900000,0x000000002fa00000)]
  0x000000001f882800 JavaThread "Execution worker for ':' Thread 7" [_thread_blocked, id=25872, stack(0x000000002f800000,0x000000002f900000)]
  0x000000001f879000 JavaThread "Execution worker for ':' Thread 6" [_thread_blocked, id=26572, stack(0x000000002f700000,0x000000002f800000)]
  0x000000001f87f800 JavaThread "Execution worker for ':' Thread 5" [_thread_blocked, id=23828, stack(0x000000002f600000,0x000000002f700000)]
  0x000000001f878000 JavaThread "Execution worker for ':' Thread 4" [_thread_blocked, id=21076, stack(0x000000002f500000,0x000000002f600000)]
  0x000000001f87f000 JavaThread "Execution worker for ':' Thread 3" [_thread_blocked, id=26304, stack(0x000000002f400000,0x000000002f500000)]
  0x000000001f87e000 JavaThread "Execution worker for ':' Thread 2" [_thread_in_vm, id=24920, stack(0x000000002ec50000,0x000000002ed50000)]
  0x000000001f87d800 JavaThread "Execution worker for ':'" [_thread_blocked, id=25472, stack(0x000000002eb50000,0x000000002ec50000)]
  0x000000001f87c000 JavaThread "Cache worker for file content cache (C:\Android\Proyecto\VendedoresKT\ApoloVendedor\.gradle\6.5\fileContent)" [_thread_blocked, id=24904, stack(0x000000002e600000,0x000000002e700000)]
  0x000000001f87b000 JavaThread "Memory manager" [_thread_blocked, id=26576, stack(0x000000002cce0000,0x000000002cde0000)]
  0x000000001f879800 JavaThread "Cache worker for Build Output Cleanup Cache (C:\Android\Proyecto\VendedoresKT\ApoloVendedor\.gradle\buildOutputCleanup)" [_thread_blocked, id=24900, stack(0x0000000026040000,0x0000000026140000)]
  0x000000001f87a800 JavaThread "jar transforms Thread 113" [_thread_blocked, id=24768, stack(0x000000002c5e0000,0x000000002c6e0000)]
  0x000000001f75c800 JavaThread "jar transforms Thread 112" [_thread_blocked, id=17088, stack(0x000000002c4e0000,0x000000002c5e0000)]
  0x000000001f75b800 JavaThread "jar transforms Thread 111" [_thread_blocked, id=22084, stack(0x000000002c3e0000,0x000000002c4e0000)]
  0x000000001f75b000 JavaThread "jar transforms Thread 110" [_thread_blocked, id=25680, stack(0x0000000025310000,0x0000000025410000)]
  0x000000001f760000 JavaThread "jar transforms Thread 109" [_thread_blocked, id=25316, stack(0x000000002c0c0000,0x000000002c1c0000)]
  0x000000001f75d000 JavaThread "jar transforms Thread 108" [_thread_blocked, id=15048, stack(0x000000002bfc0000,0x000000002c0c0000)]
  0x000000001f762000 JavaThread "jar transforms Thread 107" [_thread_blocked, id=25528, stack(0x000000002bec0000,0x000000002bfc0000)]
  0x000000001f761000 JavaThread "jar transforms Thread 106" [_thread_blocked, id=26160, stack(0x000000002bdc0000,0x000000002bec0000)]
  0x000000001f75a000 JavaThread "jar transforms Thread 105" [_thread_blocked, id=24732, stack(0x000000002bcc0000,0x000000002bdc0000)]
  0x000000001f75f800 JavaThread "jar transforms Thread 104" [_thread_blocked, id=9924, stack(0x000000002bbc0000,0x000000002bcc0000)]
  0x000000001f75e800 JavaThread "jar transforms Thread 103" [_thread_blocked, id=25736, stack(0x000000002bac0000,0x000000002bbc0000)]
  0x000000001f75e000 JavaThread "jar transforms Thread 102" [_thread_blocked, id=25816, stack(0x000000002b9c0000,0x000000002bac0000)]
  0x000000001f752800 JavaThread "jar transforms Thread 101" [_thread_blocked, id=14748, stack(0x000000002b8c0000,0x000000002b9c0000)]
  0x000000001f755000 JavaThread "jar transforms Thread 100" [_thread_blocked, id=18584, stack(0x000000002b7c0000,0x000000002b8c0000)]
  0x000000001f754000 JavaThread "jar transforms Thread 99" [_thread_blocked, id=9256, stack(0x000000002b6c0000,0x000000002b7c0000)]
  0x000000001f753800 JavaThread "jar transforms Thread 98" [_thread_blocked, id=26488, stack(0x000000002b5c0000,0x000000002b6c0000)]
  0x000000001f755800 JavaThread "jar transforms Thread 97" [_thread_blocked, id=12996, stack(0x000000002b4c0000,0x000000002b5c0000)]
  0x000000001f758800 JavaThread "jar transforms Thread 96" [_thread_blocked, id=25140, stack(0x000000002b3c0000,0x000000002b4c0000)]
  0x000000001f759800 JavaThread "jar transforms Thread 95" [_thread_blocked, id=24676, stack(0x000000002b2c0000,0x000000002b3c0000)]
  0x000000001f757000 JavaThread "jar transforms Thread 94" [_thread_blocked, id=25980, stack(0x000000002b1c0000,0x000000002b2c0000)]
  0x000000001f758000 JavaThread "jar transforms Thread 93" [_thread_blocked, id=17568, stack(0x000000002b0c0000,0x000000002b1c0000)]
  0x000000001f756800 JavaThread "jar transforms Thread 92" [_thread_blocked, id=25384, stack(0x000000002afc0000,0x000000002b0c0000)]
  0x000000001f751000 JavaThread "jar transforms Thread 91" [_thread_blocked, id=24436, stack(0x000000002aec0000,0x000000002afc0000)]
  0x000000001f750000 JavaThread "jar transforms Thread 90" [_thread_blocked, id=26360, stack(0x000000002adc0000,0x000000002aec0000)]
  0x000000001f74f800 JavaThread "jar transforms Thread 89" [_thread_blocked, id=26032, stack(0x000000002acc0000,0x000000002adc0000)]
  0x000000001f74e800 JavaThread "jar transforms Thread 88" [_thread_blocked, id=22832, stack(0x000000002abc0000,0x000000002acc0000)]
  0x000000001f74e000 JavaThread "jar transforms Thread 87" [_thread_blocked, id=23424, stack(0x000000002aac0000,0x000000002abc0000)]
  0x000000001f74c800 JavaThread "jar transforms Thread 86" [_thread_blocked, id=25164, stack(0x000000002a9c0000,0x000000002aac0000)]
  0x000000001f74b800 JavaThread "jar transforms Thread 85" [_thread_blocked, id=24788, stack(0x000000002a8c0000,0x000000002a9c0000)]
  0x000000001f751800 JavaThread "jar transforms Thread 84" [_thread_blocked, id=24224, stack(0x000000002a7c0000,0x000000002a8c0000)]
  0x000000001f74d000 JavaThread "jar transforms Thread 83" [_thread_blocked, id=22104, stack(0x000000002a6c0000,0x000000002a7c0000)]
  0x000000001f744000 JavaThread "jar transforms Thread 82" [_thread_blocked, id=24992, stack(0x000000002a5c0000,0x000000002a6c0000)]
  0x000000001f74b000 JavaThread "jar transforms Thread 81" [_thread_blocked, id=9852, stack(0x000000002a4c0000,0x000000002a5c0000)]
  0x000000001f747000 JavaThread "jar transforms Thread 80" [_thread_blocked, id=22844, stack(0x000000002a3c0000,0x000000002a4c0000)]
  0x000000001f743800 JavaThread "jar transforms Thread 79" [_thread_blocked, id=19540, stack(0x000000002a2c0000,0x000000002a3c0000)]
  0x000000001f748000 JavaThread "jar transforms Thread 78" [_thread_blocked, id=22868, stack(0x000000002a1c0000,0x000000002a2c0000)]
  0x000000001f74a000 JavaThread "jar transforms Thread 77" [_thread_blocked, id=20696, stack(0x000000002a0c0000,0x000000002a1c0000)]
  0x000000001f742800 JavaThread "jar transforms Thread 76" [_thread_blocked, id=25624, stack(0x0000000029fc0000,0x000000002a0c0000)]
  0x000000001f749800 JavaThread "jar transforms Thread 75" [_thread_blocked, id=13380, stack(0x0000000029ec0000,0x0000000029fc0000)]
  0x000000001f748800 JavaThread "jar transforms Thread 74" [_thread_blocked, id=20088, stack(0x0000000029dc0000,0x0000000029ec0000)]
  0x000000001f746800 JavaThread "jar transforms Thread 73" [_thread_blocked, id=19704, stack(0x0000000029cc0000,0x0000000029dc0000)]
  0x000000001f745000 JavaThread "jar transforms Thread 72" [_thread_blocked, id=23320, stack(0x0000000029bc0000,0x0000000029cc0000)]
  0x000000001f745800 JavaThread "jar transforms Thread 71" [_thread_blocked, id=21080, stack(0x0000000029ac0000,0x0000000029bc0000)]
  0x000000002231a800 JavaThread "jar transforms Thread 70" [_thread_blocked, id=6172, stack(0x00000000299c0000,0x0000000029ac0000)]
  0x0000000022321800 JavaThread "jar transforms Thread 69" [_thread_blocked, id=22112, stack(0x00000000298c0000,0x00000000299c0000)]
  0x000000002231a000 JavaThread "jar transforms Thread 68" [_thread_blocked, id=23084, stack(0x00000000297c0000,0x00000000298c0000)]
  0x0000000022320800 JavaThread "jar transforms Thread 67" [_thread_blocked, id=19340, stack(0x00000000296c0000,0x00000000297c0000)]
  0x000000002231e800 JavaThread "jar transforms Thread 66" [_thread_blocked, id=21420, stack(0x00000000295c0000,0x00000000296c0000)]
  0x000000002231c000 JavaThread "jar transforms Thread 65" [_thread_blocked, id=25860, stack(0x00000000294c0000,0x00000000295c0000)]
  0x000000002231d800 JavaThread "jar transforms Thread 64" [_thread_blocked, id=25644, stack(0x00000000293c0000,0x00000000294c0000)]
  0x000000002231f000 JavaThread "jar transforms Thread 63" [_thread_blocked, id=13964, stack(0x00000000292c0000,0x00000000293c0000)]
  0x000000002231b800 JavaThread "jar transforms Thread 62" [_thread_blocked, id=26424, stack(0x00000000291c0000,0x00000000292c0000)]
  0x0000000022320000 JavaThread "jar transforms Thread 61" [_thread_blocked, id=26460, stack(0x00000000290c0000,0x00000000291c0000)]
  0x000000002231d000 JavaThread "jar transforms Thread 60" [_thread_blocked, id=6212, stack(0x0000000028fc0000,0x00000000290c0000)]
  0x0000000022313000 JavaThread "jar transforms Thread 59" [_thread_blocked, id=14408, stack(0x0000000028ec0000,0x0000000028fc0000)]
  0x0000000022312800 JavaThread "jar transforms Thread 58" [_thread_blocked, id=25016, stack(0x0000000028dc0000,0x0000000028ec0000)]
  0x0000000022318800 JavaThread "jar transforms Thread 57" [_thread_blocked, id=24592, stack(0x0000000028cc0000,0x0000000028dc0000)]
  0x0000000022317000 JavaThread "jar transforms Thread 56" [_thread_blocked, id=8476, stack(0x0000000028bc0000,0x0000000028cc0000)]
  0x0000000022316000 JavaThread "jar transforms Thread 55" [_thread_blocked, id=25532, stack(0x0000000028ac0000,0x0000000028bc0000)]
  0x0000000022315800 JavaThread "jar transforms Thread 54" [_thread_blocked, id=15536, stack(0x00000000289c0000,0x0000000028ac0000)]
  0x0000000022314800 JavaThread "jar transforms Thread 53" [_thread_blocked, id=11604, stack(0x00000000288c0000,0x00000000289c0000)]
  0x0000000022319000 JavaThread "jar transforms Thread 52" [_thread_blocked, id=10328, stack(0x00000000287c0000,0x00000000288c0000)]
  0x0000000022317800 JavaThread "jar transforms Thread 51" [_thread_blocked, id=26200, stack(0x00000000286c0000,0x00000000287c0000)]
  0x0000000022314000 JavaThread "jar transforms Thread 50" [_thread_blocked, id=24792, stack(0x00000000285c0000,0x00000000286c0000)]
  0x000000001f96e800 JavaThread "jar transforms Thread 49" [_thread_blocked, id=26516, stack(0x00000000284c0000,0x00000000285c0000)]
  0x000000001f96b800 JavaThread "jar transforms Thread 48" [_thread_blocked, id=24616, stack(0x00000000283c0000,0x00000000284c0000)]
  0x000000001f96d000 JavaThread "jar transforms Thread 47" [_thread_blocked, id=24736, stack(0x00000000282c0000,0x00000000283c0000)]
  0x000000001f96c000 JavaThread "jar transforms Thread 46" [_thread_blocked, id=24416, stack(0x00000000281c0000,0x00000000282c0000)]
  0x000000001f96d800 JavaThread "jar transforms Thread 45" [_thread_blocked, id=25852, stack(0x00000000280c0000,0x00000000281c0000)]
  0x000000001f96a800 JavaThread "jar transforms Thread 44" [_thread_blocked, id=16884, stack(0x0000000027fc0000,0x00000000280c0000)]
  0x000000001f963000 JavaThread "jar transforms Thread 43" [_thread_blocked, id=24984, stack(0x0000000027ec0000,0x0000000027fc0000)]
  0x000000001f96a000 JavaThread "jar transforms Thread 42" [_thread_blocked, id=16680, stack(0x0000000027dc0000,0x0000000027ec0000)]
  0x000000001f962800 JavaThread "jar transforms Thread 41" [_thread_blocked, id=25176, stack(0x0000000027cc0000,0x0000000027dc0000)]
  0x000000001f969000 JavaThread "jar transforms Thread 40" [_thread_blocked, id=26380, stack(0x0000000027bc0000,0x0000000027cc0000)]
  0x000000001f967000 JavaThread "jar transforms Thread 39" [_thread_blocked, id=25360, stack(0x0000000027ac0000,0x0000000027bc0000)]
  0x000000001f964000 JavaThread "jar transforms Thread 38" [_thread_blocked, id=25116, stack(0x00000000279c0000,0x0000000027ac0000)]
  0x000000001f968800 JavaThread "jar transforms Thread 37" [_thread_blocked, id=25824, stack(0x00000000278c0000,0x00000000279c0000)]
  0x000000001f961800 JavaThread "jar transforms Thread 36" [_thread_blocked, id=25808, stack(0x00000000277c0000,0x00000000278c0000)]
  0x000000001f967800 JavaThread "jar transforms Thread 35" [_thread_blocked, id=23548, stack(0x00000000276c0000,0x00000000277c0000)]
  0x000000001f95f800 JavaThread "jar transforms Thread 34" [_thread_blocked, id=26384, stack(0x00000000275c0000,0x00000000276c0000)]
  0x000000001f964800 JavaThread "jar transforms Thread 33" [_thread_blocked, id=20256, stack(0x00000000274c0000,0x00000000275c0000)]
  0x000000001f960000 JavaThread "jar transforms Thread 32" [_thread_blocked, id=26204, stack(0x00000000273c0000,0x00000000274c0000)]
  0x000000001f961000 JavaThread "jar transforms Thread 31" [_thread_blocked, id=7964, stack(0x00000000272c0000,0x00000000273c0000)]
  0x000000001f966000 JavaThread "jar transforms Thread 30" [_thread_blocked, id=24652, stack(0x00000000271c0000,0x00000000272c0000)]
  0x000000001f965800 JavaThread "jar transforms Thread 29" [_thread_blocked, id=25232, stack(0x00000000270c0000,0x00000000271c0000)]
  0x00000000239a6800 JavaThread "jar transforms Thread 28" [_thread_blocked, id=24644, stack(0x0000000026fc0000,0x00000000270c0000)]
  0x00000000239a5800 JavaThread "jar transforms Thread 27" [_thread_blocked, id=24600, stack(0x0000000026ec0000,0x0000000026fc0000)]
  0x00000000239aa000 JavaThread "jar transforms Thread 26" [_thread_blocked, id=9176, stack(0x0000000026dc0000,0x0000000026ec0000)]
  0x00000000239ab800 JavaThread "jar transforms Thread 25" [_thread_blocked, id=21808, stack(0x0000000026cc0000,0x0000000026dc0000)]
  0x00000000239a9800 JavaThread "jar transforms Thread 24" [_thread_blocked, id=26532, stack(0x0000000026bc0000,0x0000000026cc0000)]
  0x00000000239a8000 JavaThread "jar transforms Thread 23" [_thread_blocked, id=18768, stack(0x0000000026ac0000,0x0000000026bc0000)]
  0x00000000239a7000 JavaThread "jar transforms Thread 22" [_thread_blocked, id=24624, stack(0x00000000269c0000,0x0000000026ac0000)]
  0x00000000239a8800 JavaThread "jar transforms Thread 21" [_thread_blocked, id=18616, stack(0x00000000268c0000,0x00000000269c0000)]
  0x00000000239ab000 JavaThread "jar transforms Thread 20" [_thread_blocked, id=14740, stack(0x00000000267c0000,0x00000000268c0000)]
  0x000000002399e000 JavaThread "jar transforms Thread 19" [_thread_blocked, id=26312, stack(0x00000000266c0000,0x00000000267c0000)]
  0x00000000239a5000 JavaThread "jar transforms Thread 18" [_thread_blocked, id=22824, stack(0x00000000265c0000,0x00000000266c0000)]
  0x000000002399d800 JavaThread "jar transforms Thread 17" [_thread_blocked, id=16528, stack(0x00000000264c0000,0x00000000265c0000)]
  0x00000000239a4000 JavaThread "jar transforms Thread 16" [_thread_blocked, id=21040, stack(0x00000000263c0000,0x00000000264c0000)]
  0x00000000239a0800 JavaThread "jar transforms Thread 15" [_thread_blocked, id=8116, stack(0x00000000262c0000,0x00000000263c0000)]
  0x00000000239a3800 JavaThread "jar transforms Thread 14" [_thread_blocked, id=23360, stack(0x00000000261c0000,0x00000000262c0000)]
  0x00000000239a2800 JavaThread "jar transforms Thread 13" [_thread_blocked, id=24784, stack(0x0000000025420000,0x0000000025520000)]
  0x00000000239a2000 JavaThread "jar transforms Thread 12" [_thread_blocked, id=15588, stack(0x0000000025f40000,0x0000000026040000)]
  0x000000002399f800 JavaThread "jar transforms Thread 11" [_thread_blocked, id=4348, stack(0x0000000025e40000,0x0000000025f40000)]
  0x000000002399f000 JavaThread "jar transforms Thread 10" [_thread_blocked, id=324, stack(0x0000000025d40000,0x0000000025e40000)]
  0x000000002399c800 JavaThread "jar transforms Thread 9" [_thread_blocked, id=25268, stack(0x0000000025c40000,0x0000000025d40000)]
  0x00000000239a1000 JavaThread "jar transforms Thread 8" [_thread_blocked, id=8456, stack(0x0000000025b40000,0x0000000025c40000)]
  0x000000001d0e0000 JavaThread "jar transforms Thread 7" [_thread_blocked, id=11636, stack(0x0000000025a40000,0x0000000025b40000)]
  0x000000001d0d8800 JavaThread "jar transforms Thread 6" [_thread_blocked, id=26104, stack(0x0000000025940000,0x0000000025a40000)]
  0x000000001d0dd000 JavaThread "jar transforms Thread 5" [_thread_blocked, id=25036, stack(0x0000000025840000,0x0000000025940000)]
  0x000000001d0dc000 JavaThread "jar transforms Thread 4" [_thread_blocked, id=26208, stack(0x0000000025740000,0x0000000025840000)]
  0x000000001d0db800 JavaThread "jar transforms Thread 3" [_thread_blocked, id=24608, stack(0x0000000025640000,0x0000000025740000)]
  0x000000001d0da800 JavaThread "jar transforms Thread 2" [_thread_blocked, id=26508, stack(0x0000000025540000,0x0000000025640000)]
  0x000000001d0d9000 JavaThread "Build operations Thread 8" [_thread_blocked, id=19576, stack(0x0000000025010000,0x0000000025110000)]
  0x000000001d0df000 JavaThread "Build operations Thread 7" [_thread_blocked, id=25512, stack(0x0000000024f10000,0x0000000025010000)]
  0x000000001d0de800 JavaThread "Build operations Thread 6" [_thread_blocked, id=25904, stack(0x0000000024e10000,0x0000000024f10000)]
  0x000000001d0da000 JavaThread "Build operations Thread 5" [_thread_blocked, id=13944, stack(0x0000000024d10000,0x0000000024e10000)]
  0x000000001d0dd800 JavaThread "Build operations Thread 4" [_thread_blocked, id=26020, stack(0x0000000024c10000,0x0000000024d10000)]
  0x000000001d0d1000 JavaThread "Build operations Thread 3" [_thread_blocked, id=26504, stack(0x0000000024b10000,0x0000000024c10000)]
  0x000000001d0d3000 JavaThread "Build operations Thread 2" [_thread_blocked, id=17968, stack(0x0000000024a10000,0x0000000024b10000)]
  0x000000001d0d1800 JavaThread "Build operations" [_thread_blocked, id=3784, stack(0x0000000024910000,0x0000000024a10000)]
  0x000000001cc83000 JavaThread "Cache worker for file content cache (C:\Users\Apolo\.gradle\caches\6.5\fileContent)" [_thread_blocked, id=26308, stack(0x0000000023240000,0x0000000023340000)]
  0x000000001cc81800 JavaThread "jar transforms" [_thread_blocked, id=25276, stack(0x0000000022bc0000,0x0000000022cc0000)]
  0x000000001cc81000 JavaThread "Cache worker for execution history cache (C:\Users\Apolo\.gradle\caches\6.5\executionHistory)" [_thread_blocked, id=22560, stack(0x00000000228c0000,0x00000000229c0000)]
  0x000000001cc80000 JavaThread "Cache worker for cache directory md-rule (C:\Users\Apolo\.gradle\caches\6.5\md-rule)" [_thread_blocked, id=21980, stack(0x00000000217c0000,0x00000000218c0000)]
  0x000000001cc7e000 JavaThread "Cache worker for cache directory md-supplier (C:\Users\Apolo\.gradle\caches\6.5\md-supplier)" [_thread_blocked, id=9776, stack(0x00000000216c0000,0x00000000217c0000)]
  0x000000001cc7d000 JavaThread "Cache worker for checksums cache (C:\Android\Proyecto\VendedoresKT\ApoloVendedor\.gradle\checksums)" [_thread_blocked, id=25160, stack(0x00000000215c0000,0x00000000216c0000)]
  0x000000001cc82800 JavaThread "Cache worker for file hash cache (C:\Android\Proyecto\VendedoresKT\ApoloVendedor\.gradle\6.5\fileHashes)" [_thread_blocked, id=16464, stack(0x0000000022d40000,0x0000000022e40000)]
  0x000000001cc84000 JavaThread "Cache worker for file hash cache (C:\Users\Apolo\.gradle\caches\6.5\fileHashes)" [_thread_blocked, id=6388, stack(0x000000001fe80000,0x000000001ff80000)]
  0x000000001cc7e800 JavaThread "File lock request listener" [_thread_in_native, id=26244, stack(0x000000001edb0000,0x000000001eeb0000)]
  0x000000001cc89000 JavaThread "Cache worker for journal cache (C:\Users\Apolo\.gradle\caches\journal-1)" [_thread_blocked, id=3824, stack(0x000000001ecb0000,0x000000001edb0000)]
  0x000000001ca92000 JavaThread "Thread-9" [_thread_blocked, id=7540, stack(0x000000001e9b0000,0x000000001eab0000)]
  0x000000001ca7d800 JavaThread "Stdin handler" [_thread_blocked, id=10880, stack(0x000000001e8b0000,0x000000001e9b0000)]
  0x000000001ca7d000 JavaThread "Asynchronous log dispatcher for DefaultDaemonConnection: socket connection from /127.0.0.1:60545 to /127.0.0.1:60546" [_thread_blocked, id=23732, stack(0x000000001e7b0000,0x000000001e8b0000)]
  0x000000001ca75800 JavaThread "Daemon worker" [_thread_blocked, id=25216, stack(0x000000001e6b0000,0x000000001e7b0000)]
  0x000000001ca6f800 JavaThread "Cancel handler" [_thread_blocked, id=21332, stack(0x000000001e5b0000,0x000000001e6b0000)]
  0x000000001ca58000 JavaThread "Handler for socket connection from /127.0.0.1:60545 to /127.0.0.1:60546" [_thread_in_native, id=23840, stack(0x000000001e4b0000,0x000000001e5b0000)]
  0x000000001ca4d000 JavaThread "Daemon" [_thread_blocked, id=26184, stack(0x000000001e3b0000,0x000000001e4b0000)]
  0x000000001ca3a000 JavaThread "Daemon periodic checks" [_thread_blocked, id=21264, stack(0x000000001e0b0000,0x000000001e1b0000)]
  0x000000001c9e3800 JavaThread "Incoming local TCP Connector on port 60545" [_thread_in_native, id=21732, stack(0x000000001de40000,0x000000001df40000)]
  0x000000001ae7d800 JavaThread "Daemon health stats" [_thread_blocked, id=23900, stack(0x000000001d800000,0x000000001d900000)]
  0x000000001a001000 JavaThread "Service Thread" daemon [_thread_blocked, id=26480, stack(0x000000001ac60000,0x000000001ad60000)]
  0x000000001817e800 JavaThread "C1 CompilerThread3" daemon [_thread_blocked, id=23808, stack(0x000000001ab60000,0x000000001ac60000)]
  0x000000001817c800 JavaThread "C2 CompilerThread2" daemon [_thread_blocked, id=22272, stack(0x000000001aa60000,0x000000001ab60000)]
  0x000000001817b000 JavaThread "C2 CompilerThread1" daemon [_thread_blocked, id=15892, stack(0x000000001a960000,0x000000001aa60000)]
=>0x0000000019f71800 JavaThread "C2 CompilerThread0" daemon [_thread_in_native, id=26072, stack(0x000000001a860000,0x000000001a960000)]
  0x0000000019f71000 JavaThread "Attach Listener" daemon [_thread_blocked, id=8248, stack(0x000000001a760000,0x000000001a860000)]
  0x0000000019f70000 JavaThread "Signal Dispatcher" daemon [_thread_blocked, id=23608, stack(0x000000001a660000,0x000000001a760000)]
  0x0000000019f60800 JavaThread "Finalizer" daemon [_thread_blocked, id=20284, stack(0x000000001a440000,0x000000001a540000)]
  0x00000000030f8000 JavaThread "Reference Handler" daemon [_thread_blocked, id=9452, stack(0x000000001a340000,0x000000001a440000)]
  0x0000000002efd800 JavaThread "main" [_thread_blocked, id=25060, stack(0x0000000002f00000,0x0000000003000000)]

Other Threads:
  0x0000000018166800 VMThread [stack: 0x0000000019e40000,0x0000000019f40000] [id=1640]
  0x000000001a001800 WatcherThread [stack: 0x000000001ad60000,0x000000001ae60000] [id=9628]

VM state:not at safepoint (normal execution)

VM Mutex/Monitor currently owned by a thread: None

heap address: 0x0000000080000000, size: 2048 MB, Compressed Oops mode: 32-bit
Narrow klass base: 0x0000000000000000, Narrow klass shift: 3
Compressed class space size: 1073741824 Address: 0x0000000100000000

Heap:
 PSYoungGen      total 235520K, used 65794K [0x00000000d5580000, 0x00000000e6e80000, 0x0000000100000000)
  eden space 222720K, 23% used [0x00000000d5580000,0x00000000d8945460,0x00000000e2f00000)
  from space 12800K, 99% used [0x00000000e6200000,0x00000000e6e7b4f0,0x00000000e6e80000)
  to   space 16384K, 0% used [0x00000000e4e80000,0x00000000e4e80000,0x00000000e5e80000)
 ParOldGen       total 84992K, used 45567K [0x0000000080000000, 0x0000000085300000, 0x00000000d5580000)
  object space 84992K, 53% used [0x0000000080000000,0x0000000082c7ffa8,0x0000000085300000)
 Metaspace       used 67683K, capacity 71090K, committed 71192K, reserved 1112064K
  class space    used 9309K, capacity 9962K, committed 10032K, reserved 1048576K

Card table byte_map: [0x00000000124c0000,0x00000000128d0000] byte_map_base: 0x00000000120c0000

Marking Bits: (ParMarkBitMap*) 0x000000007106f030
 Begin Bits: [0x0000000013380000, 0x0000000015380000)
 End Bits:   [0x0000000015380000, 0x0000000017380000)

Polling page: 0x00000000015b0000

CodeCache: size=245760Kb used=21710Kb max_used=21731Kb free=224049Kb
 bounds [0x0000000003100000, 0x0000000004660000, 0x0000000012100000]
 total_blobs=7786 nmethods=6994 adapters=705
 compilation: enabled

Compilation events (10 events):
Event: 7.473 Thread 0x000000001817e800 8025       3       org.gradle.api.internal.artifacts.transform.TransformationSubject$InitialArtifactTransformationSubject::<init> (11 bytes)
Event: 7.473 Thread 0x000000001817e800 nmethod 8025 0x0000000004644fd0 code [0x0000000004645140, 0x00000000046453d0]
Event: 7.477 Thread 0x000000001817b000 nmethod 8004 0x0000000004648dd0 code [0x0000000004648fe0, 0x0000000004649c38]
Event: 7.477 Thread 0x000000001817b000 8026       4       org.gradle.internal.fingerprint.impl.DefaultFileCollectionFingerprinterRegistry::getFingerprinter (44 bytes)
Event: 7.480 Thread 0x000000001817e800 8029       3       kotlin.jvm.internal.CallableReference::<init> (8 bytes)
Event: 7.480 Thread 0x000000001817e800 nmethod 8029 0x0000000004648950 code [0x0000000004648ac0, 0x0000000004648cf0]
Event: 7.480 Thread 0x000000001817b000 nmethod 8026 0x000000000464ad50 code [0x000000000464aec0, 0x000000000464b2c8]
Event: 7.498 Thread 0x000000001817e800 8030       3       kotlin.jvm.internal.PropertyReference::<init> (5 bytes)
Event: 7.499 Thread 0x000000001817e800 nmethod 8030 0x0000000004648410 code [0x0000000004648580, 0x0000000004648810]
Event: 7.506 Thread 0x000000001817c800 nmethod 7922 0x0000000004650450 code [0x0000000004650960, 0x0000000004653de8]

GC Heap History (10 events):
Event: 3.277 GC heap before
{Heap before GC invocations=9 (full 2):
 PSYoungGen      total 239104K, used 8933K [0x00000000d5580000, 0x00000000e6e80000, 0x0000000100000000)
  eden space 222720K, 0% used [0x00000000d5580000,0x00000000d5580000,0x00000000e2f00000)
  from space 16384K, 54% used [0x00000000e4e80000,0x00000000e5739680,0x00000000e5e80000)
  to   space 12800K, 0% used [0x00000000e6200000,0x00000000e6200000,0x00000000e6e80000)
 ParOldGen       total 58368K, used 10469K [0x0000000080000000, 0x0000000083900000, 0x00000000d5580000)
  object space 58368K, 17% used [0x0000000080000000,0x0000000080a397e0,0x0000000083900000)
 Metaspace       used 34245K, capacity 35424K, committed 35496K, reserved 1079296K
  class space    used 4722K, capacity 5005K, committed 5040K, reserved 1048576K
Event: 3.326 GC heap after
Heap after GC invocations=9 (full 2):
 PSYoungGen      total 239104K, used 0K [0x00000000d5580000, 0x00000000e6e80000, 0x0000000100000000)
  eden space 222720K, 0% used [0x00000000d5580000,0x00000000d5580000,0x00000000e2f00000)
  from space 16384K, 0% used [0x00000000e4e80000,0x00000000e4e80000,0x00000000e5e80000)
  to   space 12800K, 0% used [0x00000000e6200000,0x00000000e6200000,0x00000000e6e80000)
 ParOldGen       total 84992K, used 15181K [0x0000000080000000, 0x0000000085300000, 0x00000000d5580000)
  object space 84992K, 17% used [0x0000000080000000,0x0000000080ed36f0,0x0000000085300000)
 Metaspace       used 34245K, capacity 35424K, committed 35496K, reserved 1079296K
  class space    used 4722K, capacity 5005K, committed 5040K, reserved 1048576K
}
Event: 4.349 GC heap before
{Heap before GC invocations=10 (full 2):
 PSYoungGen      total 239104K, used 222720K [0x00000000d5580000, 0x00000000e6e80000, 0x0000000100000000)
  eden space 222720K, 100% used [0x00000000d5580000,0x00000000e2f00000,0x00000000e2f00000)
  from space 16384K, 0% used [0x00000000e4e80000,0x00000000e4e80000,0x00000000e5e80000)
  to   space 12800K, 0% used [0x00000000e6200000,0x00000000e6200000,0x00000000e6e80000)
 ParOldGen       total 84992K, used 15181K [0x0000000080000000, 0x0000000085300000, 0x00000000d5580000)
  object space 84992K, 17% used [0x0000000080000000,0x0000000080ed36f0,0x0000000085300000)
 Metaspace       used 44490K, capacity 46378K, committed 46632K, reserved 1089536K
  class space    used 6045K, capacity 6426K, committed 6448K, reserved 1048576K
Event: 4.360 GC heap after
Heap after GC invocations=10 (full 2):
 PSYoungGen      total 235520K, used 12792K [0x00000000d5580000, 0x00000000e6e80000, 0x0000000100000000)
  eden space 222720K, 0% used [0x00000000d5580000,0x00000000d5580000,0x00000000e2f00000)
  from space 12800K, 99% used [0x00000000e6200000,0x00000000e6e7e3f0,0x00000000e6e80000)
  to   space 16384K, 0% used [0x00000000e4e80000,0x00000000e4e80000,0x00000000e5e80000)
 ParOldGen       total 84992K, used 17603K [0x0000000080000000, 0x0000000085300000, 0x00000000d5580000)
  object space 84992K, 20% used [0x0000000080000000,0x0000000081130ef0,0x0000000085300000)
 Metaspace       used 44490K, capacity 46378K, committed 46632K, reserved 1089536K
  class space    used 6045K, capacity 6426K, committed 6448K, reserved 1048576K
}
Event: 5.490 GC heap before
{Heap before GC invocations=11 (full 2):
 PSYoungGen      total 235520K, used 168593K [0x00000000d5580000, 0x00000000e6e80000, 0x0000000100000000)
  eden space 222720K, 69% used [0x00000000d5580000,0x00000000deda6328,0x00000000e2f00000)
  from space 12800K, 99% used [0x00000000e6200000,0x00000000e6e7e3f0,0x00000000e6e80000)
  to   space 16384K, 0% used [0x00000000e4e80000,0x00000000e4e80000,0x00000000e5e80000)
 ParOldGen       total 84992K, used 17603K [0x0000000080000000, 0x0000000085300000, 0x00000000d5580000)
  object space 84992K, 20% used [0x0000000080000000,0x0000000081130ef0,0x0000000085300000)
 Metaspace       used 56756K, capacity 59090K, committed 59160K, reserved 1101824K
  class space    used 7702K, capacity 8190K, committed 8240K, reserved 1048576K
Event: 5.510 GC heap after
Heap after GC invocations=11 (full 2):
 PSYoungGen      total 239104K, used 16380K [0x00000000d5580000, 0x00000000e6e80000, 0x0000000100000000)
  eden space 222720K, 0% used [0x00000000d5580000,0x00000000d5580000,0x00000000e2f00000)
  from space 16384K, 99% used [0x00000000e4e80000,0x00000000e5e7f300,0x00000000e5e80000)
  to   space 12800K, 0% used [0x00000000e6200000,0x00000000e6200000,0x00000000e6e80000)
 ParOldGen       total 84992K, used 27396K [0x0000000080000000, 0x0000000085300000, 0x00000000d5580000)
  object space 84992K, 32% used [0x0000000080000000,0x0000000081ac1358,0x0000000085300000)
 Metaspace       used 56756K, capacity 59090K, committed 59160K, reserved 1101824K
  class space    used 7702K, capacity 8190K, committed 8240K, reserved 1048576K
}
Event: 5.510 GC heap before
{Heap before GC invocations=12 (full 3):
 PSYoungGen      total 239104K, used 16380K [0x00000000d5580000, 0x00000000e6e80000, 0x0000000100000000)
  eden space 222720K, 0% used [0x00000000d5580000,0x00000000d5580000,0x00000000e2f00000)
  from space 16384K, 99% used [0x00000000e4e80000,0x00000000e5e7f300,0x00000000e5e80000)
  to   space 12800K, 0% used [0x00000000e6200000,0x00000000e6200000,0x00000000e6e80000)
 ParOldGen       total 84992K, used 27396K [0x0000000080000000, 0x0000000085300000, 0x00000000d5580000)
  object space 84992K, 32% used [0x0000000080000000,0x0000000081ac1358,0x0000000085300000)
 Metaspace       used 56756K, capacity 59090K, committed 59160K, reserved 1101824K
  class space    used 7702K, capacity 8190K, committed 8240K, reserved 1048576K
Event: 5.660 GC heap after
Heap after GC invocations=12 (full 3):
 PSYoungGen      total 239104K, used 0K [0x00000000d5580000, 0x00000000e6e80000, 0x0000000100000000)
  eden space 222720K, 0% used [0x00000000d5580000,0x00000000d5580000,0x00000000e2f00000)
  from space 16384K, 0% used [0x00000000e4e80000,0x00000000e4e80000,0x00000000e5e80000)
  to   space 12800K, 0% used [0x00000000e6200000,0x00000000e6200000,0x00000000e6e80000)
 ParOldGen       total 84992K, used 38485K [0x0000000080000000, 0x0000000085300000, 0x00000000d5580000)
  object space 84992K, 45% used [0x0000000080000000,0x0000000082595738,0x0000000085300000)
 Metaspace       used 56716K, capacity 58952K, committed 59160K, reserved 1101824K
  class space    used 7690K, capacity 8167K, committed 8240K, reserved 1048576K
}
Event: 7.277 GC heap before
{Heap before GC invocations=13 (full 3):
 PSYoungGen      total 239104K, used 222720K [0x00000000d5580000, 0x00000000e6e80000, 0x0000000100000000)
  eden space 222720K, 100% used [0x00000000d5580000,0x00000000e2f00000,0x00000000e2f00000)
  from space 16384K, 0% used [0x00000000e4e80000,0x00000000e4e80000,0x00000000e5e80000)
  to   space 12800K, 0% used [0x00000000e6200000,0x00000000e6200000,0x00000000e6e80000)
 ParOldGen       total 84992K, used 38485K [0x0000000080000000, 0x0000000085300000, 0x00000000d5580000)
  object space 84992K, 45% used [0x0000000080000000,0x0000000082595738,0x0000000085300000)
 Metaspace       used 65865K, capacity 69276K, committed 69400K, reserved 1110016K
  class space    used 9062K, capacity 9731K, committed 9776K, reserved 1048576K
Event: 7.294 GC heap after
Heap after GC invocations=13 (full 3):
 PSYoungGen      total 235520K, used 12781K [0x00000000d5580000, 0x00000000e6e80000, 0x0000000100000000)
  eden space 222720K, 0% used [0x00000000d5580000,0x00000000d5580000,0x00000000e2f00000)
  from space 12800K, 99% used [0x00000000e6200000,0x00000000e6e7b4f0,0x00000000e6e80000)
  to   space 16384K, 0% used [0x00000000e4e80000,0x00000000e4e80000,0x00000000e5e80000)
 ParOldGen       total 84992K, used 45567K [0x0000000080000000, 0x0000000085300000, 0x00000000d5580000)
  object space 84992K, 53% used [0x0000000080000000,0x0000000082c7ffa8,0x0000000085300000)
 Metaspace       used 65865K, capacity 69276K, committed 69400K, reserved 1110016K
  class space    used 9062K, capacity 9731K, committed 9776K, reserved 1048576K
}

Deoptimization events (10 events):
Event: 7.236 Thread 0x000000001d0dd800 Uncommon trap: reason=null_check action=make_not_entrant pc=0x000000000450b97c method=org.gradle.tooling.internal.provider.runner.SubtreeFilteringBuildOperationListener.started(Lorg/gradle/internal/operations/BuildOperationDescriptor;Lorg/gradle/internal/
Event: 7.236 Thread 0x000000001d0d9000 Uncommon trap: reason=null_check action=make_not_entrant pc=0x000000000450b97c method=org.gradle.tooling.internal.provider.runner.SubtreeFilteringBuildOperationListener.started(Lorg/gradle/internal/operations/BuildOperationDescriptor;Lorg/gradle/internal/
Event: 7.236 Thread 0x000000001d0da000 Uncommon trap: reason=null_check action=make_not_entrant pc=0x000000000450b97c method=org.gradle.tooling.internal.provider.runner.SubtreeFilteringBuildOperationListener.started(Lorg/gradle/internal/operations/BuildOperationDescriptor;Lorg/gradle/internal/
Event: 7.297 Thread 0x000000001d0df000 Uncommon trap: reason=unstable_if action=reinterpret pc=0x00000000040ccc34 method=com.google.common.collect.MapMakerInternalMap$Segment.drainKeyReferenceQueue(Ljava/lang/ref/ReferenceQueue;)V @ 8
Event: 7.319 Thread 0x000000001f87e000 Uncommon trap: reason=unstable_if action=reinterpret pc=0x0000000003361d98 method=com.esotericsoftware.kryo.io.Input.readString()Ljava/lang/String; @ 28
Event: 7.320 Thread 0x000000001f87e000 Uncommon trap: reason=unstable_if action=reinterpret pc=0x0000000003b9d778 method=com.esotericsoftware.kryo.io.Input.require(I)I @ 65
Event: 7.411 Thread 0x000000001f87e000 Uncommon trap: reason=null_check action=make_not_entrant pc=0x00000000036df6a4 method=java.lang.Class.isAnnotation()Z @ 1
Event: 7.414 Thread 0x000000001d0d1800 Uncommon trap: reason=class_check action=maybe_recompile pc=0x00000000040f3790 method=com.google.common.cache.LocalCache$Segment.get(Ljava/lang/Object;I)Ljava/lang/Object; @ 49
Event: 7.414 Thread 0x000000001d0d9000 Uncommon trap: reason=class_check action=maybe_recompile pc=0x00000000040f3790 method=com.google.common.cache.LocalCache$Segment.get(Ljava/lang/Object;I)Ljava/lang/Object; @ 49
Event: 7.433 Thread 0x000000001d0d1000 Uncommon trap: reason=null_check action=make_not_entrant pc=0x000000000460f218 method=org.gradle.tooling.internal.provider.runner.SubtreeFilteringBuildOperationListener.finished(Lorg/gradle/internal/operations/BuildOperationDescriptor;Lorg/gradle/internal

Classes redefined (0 events):
No events

Internal exceptions (10 events):
Event: 7.196 Thread 0x000000001f87e000 Exception <a 'java/lang/NoSuchMethodError': <clinit>> (0x00000000e1b26390) thrown at [C:\src\AOSP-openjdk-git\hotspot\src\share\vm\prims\jni.cpp, line 1615]
Event: 7.196 Thread 0x000000001f87e000 Exception <a 'java/lang/NoSuchMethodError': <clinit>> (0x00000000e1b27d08) thrown at [C:\src\AOSP-openjdk-git\hotspot\src\share\vm\prims\jni.cpp, line 1615]
Event: 7.197 Thread 0x000000001f87e000 Exception <a 'java/lang/NoSuchMethodError': <clinit>> (0x00000000e1b2de40) thrown at [C:\src\AOSP-openjdk-git\hotspot\src\share\vm\prims\jni.cpp, line 1615]
Event: 7.197 Thread 0x000000001f87e000 Exception <a 'java/lang/NoSuchMethodError': <clinit>> (0x00000000e1b42bf0) thrown at [C:\src\AOSP-openjdk-git\hotspot\src\share\vm\prims\jni.cpp, line 1615]
Event: 7.197 Thread 0x000000001f87e000 Exception <a 'java/lang/NoSuchMethodError': <clinit>> (0x00000000e1b43f10) thrown at [C:\src\AOSP-openjdk-git\hotspot\src\share\vm\prims\jni.cpp, line 1615]
Event: 7.236 Thread 0x000000001d0d3000 Implicit null exception at 0x000000000450b1c0 to 0x000000000450b955
Event: 7.236 Thread 0x000000001d0d9000 Implicit null exception at 0x000000000450b1c0 to 0x000000000450b955
Event: 7.236 Thread 0x000000001d0dd800 Implicit null exception at 0x000000000450b1c0 to 0x000000000450b955
Event: 7.236 Thread 0x000000001d0da000 Implicit null exception at 0x000000000450b1c0 to 0x000000000450b955
Event: 7.433 Thread 0x000000001d0d1000 Implicit null exception at 0x000000000460ed63 to 0x000000000460f20d

Events (10 events):
Event: 7.553 loading class kotlin/reflect/jvm/internal/impl/protobuf/AbstractMessageLite$Builder$LimitedInputStream
Event: 7.553 loading class kotlin/reflect/jvm/internal/impl/protobuf/AbstractMessageLite$Builder$LimitedInputStream done
Event: 7.553 loading class kotlin/reflect/jvm/internal/impl/protobuf/FieldSet
Event: 7.553 loading class kotlin/reflect/jvm/internal/impl/protobuf/FieldSet done
Event: 7.554 loading class kotlin/reflect/jvm/internal/impl/protobuf/LazyFieldLite
Event: 7.554 loading class kotlin/reflect/jvm/internal/impl/protobuf/LazyFieldLite done
Event: 7.554 loading class kotlin/reflect/jvm/internal/impl/protobuf/LazyField
Event: 7.554 loading class kotlin/reflect/jvm/internal/impl/protobuf/LazyField done
Event: 7.554 loading class kotlin/reflect/jvm/internal/impl/protobuf/SmallSortedMap
Event: 7.554 loading class kotlin/reflect/jvm/internal/impl/protobuf/SmallSortedMap done


Dynamic libraries:
0x00007ff704740000 - 0x00007ff704771000 	C:\Program Files\Android\Android Studio\jre\bin\java.exe
0x00007ffa6e5d0000 - 0x00007ffa6e7c5000 	C:\WINDOWS\SYSTEM32\ntdll.dll
0x00007ffa6d070000 - 0x00007ffa6d12d000 	C:\WINDOWS\System32\KERNEL32.DLL
0x00007ffa6bd10000 - 0x00007ffa6bfd9000 	C:\WINDOWS\System32\KERNELBASE.dll
0x00007ffa6e350000 - 0x00007ffa6e3fc000 	C:\WINDOWS\System32\ADVAPI32.dll
0x00007ffa6db30000 - 0x00007ffa6dbce000 	C:\WINDOWS\System32\msvcrt.dll
0x00007ffa6c6a0000 - 0x00007ffa6c73c000 	C:\WINDOWS\System32\sechost.dll
0x00007ffa6d920000 - 0x00007ffa6da4b000 	C:\WINDOWS\System32\RPCRT4.dll
0x00007ffa6e040000 - 0x00007ffa6e1e0000 	C:\WINDOWS\System32\USER32.dll
0x00007ffa6c340000 - 0x00007ffa6c362000 	C:\WINDOWS\System32\win32u.dll
0x00007ffa6e2c0000 - 0x00007ffa6e2ea000 	C:\WINDOWS\System32\GDI32.dll
0x00007ffa6c3c0000 - 0x00007ffa6c4cb000 	C:\WINDOWS\System32\gdi32full.dll
0x00007ffa6c1f0000 - 0x00007ffa6c28d000 	C:\WINDOWS\System32\msvcp_win.dll
0x00007ffa6c070000 - 0x00007ffa6c170000 	C:\WINDOWS\System32\ucrtbase.dll
0x00007ffa4fd30000 - 0x00007ffa4ffca000 	C:\WINDOWS\WinSxS\amd64_microsoft.windows.common-controls_6595b64144ccf1df_6.0.19041.844_none_ca00b6081b84eb1d\COMCTL32.dll
0x00007ffa6da50000 - 0x00007ffa6da80000 	C:\WINDOWS\System32\IMM32.DLL
0x00000000707c0000 - 0x0000000070892000 	C:\Program Files\Android\Android Studio\jre\jre\bin\msvcr100.dll
0x00000000708a0000 - 0x00000000710eb000 	C:\Program Files\Android\Android Studio\jre\jre\bin\server\jvm.dll
0x00007ffa6e510000 - 0x00007ffa6e518000 	C:\WINDOWS\System32\PSAPI.DLL
0x00007ffa4f1a0000 - 0x00007ffa4f1a9000 	C:\WINDOWS\SYSTEM32\WSOCK32.dll
0x00007ffa6e520000 - 0x00007ffa6e58b000 	C:\WINDOWS\System32\WS2_32.dll
0x00007ffa6b8a0000 - 0x00007ffa6b8aa000 	C:\WINDOWS\SYSTEM32\VERSION.dll
0x00007ffa52690000 - 0x00007ffa526b7000 	C:\WINDOWS\SYSTEM32\WINMM.dll
0x00007ffa63300000 - 0x00007ffa6330f000 	C:\Program Files\Android\Android Studio\jre\jre\bin\verify.dll
0x00007ffa3b8c0000 - 0x00007ffa3b8e9000 	C:\Program Files\Android\Android Studio\jre\jre\bin\java.dll
0x00007ffa3c560000 - 0x00007ffa3c576000 	C:\Program Files\Android\Android Studio\jre\jre\bin\zip.dll
0x00007ffa6d150000 - 0x00007ffa6d892000 	C:\WINDOWS\System32\SHELL32.dll
0x00007ffa69de0000 - 0x00007ffa6a570000 	C:\WINDOWS\SYSTEM32\windows.storage.dll
0x00007ffa6c990000 - 0x00007ffa6cce5000 	C:\WINDOWS\System32\combase.dll
0x00007ffa6b710000 - 0x00007ffa6b73c000 	C:\WINDOWS\SYSTEM32\Wldp.dll
0x00007ffa6e400000 - 0x00007ffa6e4ae000 	C:\WINDOWS\System32\SHCORE.dll
0x00007ffa6c640000 - 0x00007ffa6c695000 	C:\WINDOWS\System32\shlwapi.dll
0x00007ffa6bc50000 - 0x00007ffa6bc6f000 	C:\WINDOWS\SYSTEM32\profapi.dll
0x00007ffa3b310000 - 0x00007ffa3b32a000 	C:\Program Files\Android\Android Studio\jre\jre\bin\net.dll
0x00007ffa6b490000 - 0x00007ffa6b4fa000 	C:\WINDOWS\system32\mswsock.dll
0x00007ffa3ab50000 - 0x00007ffa3ab63000 	C:\Program Files\Android\Android Studio\jre\jre\bin\nio.dll
0x00007ffa631c0000 - 0x00007ffa631e7000 	C:\Users\Apolo\.gradle\native\f6784746aeab05261644944871eae4fe03e0ef1612fff0a4a95f87b438bc6780\windows-amd64\native-platform.dll
0x00007ffa60750000 - 0x00007ffa6075d000 	C:\Program Files\Android\Android Studio\jre\jre\bin\management.dll
0x00007ffa6b660000 - 0x00007ffa6b678000 	C:\WINDOWS\SYSTEM32\CRYPTSP.dll
0x00007ffa6adc0000 - 0x00007ffa6adf4000 	C:\WINDOWS\system32\rsaenh.dll
0x00007ffa6c040000 - 0x00007ffa6c067000 	C:\WINDOWS\System32\bcrypt.dll
0x00007ffa6bbd0000 - 0x00007ffa6bbfe000 	C:\WINDOWS\SYSTEM32\USERENV.dll
0x00007ffa6c170000 - 0x00007ffa6c1f0000 	C:\WINDOWS\System32\bcryptprimitives.dll
0x00007ffa6b680000 - 0x00007ffa6b68c000 	C:\WINDOWS\SYSTEM32\CRYPTBASE.dll
0x00007ffa6b130000 - 0x00007ffa6b16b000 	C:\WINDOWS\SYSTEM32\IPHLPAPI.DLL
0x00007ffa6c630000 - 0x00007ffa6c638000 	C:\WINDOWS\System32\NSI.dll
0x00007ffa5f6e0000 - 0x00007ffa5f6f7000 	C:\WINDOWS\SYSTEM32\dhcpcsvc6.DLL
0x00007ffa60270000 - 0x00007ffa6028d000 	C:\WINDOWS\SYSTEM32\dhcpcsvc.DLL
0x00007ffa6b1c0000 - 0x00007ffa6b28b000 	C:\WINDOWS\SYSTEM32\DNSAPI.dll
0x00007ffa60950000 - 0x00007ffa6095b000 	C:\WINDOWS\SYSTEM32\WINNSI.DLL

VM Arguments:
jvm_args: -Xmx2048m -Dfile.encoding=windows-1252 -Duser.country=ES -Duser.language=es -Duser.variant 
java_command: org.gradle.launcher.daemon.bootstrap.GradleDaemon 6.5
java_class_path (initial): C:\Users\Apolo\.gradle\wrapper\dists\gradle-6.5-bin\6nifqtx7604sqp1q6g8wikw7p\gradle-6.5\lib\gradle-launcher-6.5.jar
Launcher Type: SUN_STANDARD

Environment Variables:
PATH=C:\Program Files\Common Files\Oracle\Java\javapath;C:\Program Files (x86)\Common Files\Oracle\Java\javapath;C:\orant\bin;C:\WINDOWS\system32;C:\WINDOWS;C:\WINDOWS\System32\Wbem;C:\WINDOWS\System32\WindowsPowerShell\v1.0\;C:\WINDOWS\System32\OpenSSH\;C:\orant\jdk\bin;C:\Program Files (x86)\Intel\Intel(R) Memory And Storage Tool\;C:\Program Files\Git\cmd;C:\Program Files\nodejs\;C:\instantclient_12_1\;C:\Users\Apolo\AppData\Local\Microsoft\WindowsApps;C:\Users\Apolo\AppData\Local\Programs\Microsoft VS Code\bin;C:\Users\Apolo\AppData\Roaming\npm;C:\Users\Apolo\AppData\Local\atom\bin
USERNAME=Apolo
OS=Windows_NT
PROCESSOR_IDENTIFIER=Intel64 Family 6 Model 126 Stepping 5, GenuineIntel



---------------  S Y S T E M  ---------------

OS: Windows 10.0 , 64 bit Build 19041 (10.0.19041.804)

CPU:total 8 (initial active 8) (4 cores per cpu, 2 threads per core) family 6 model 126 stepping 5, cmov, cx8, fxsr, mmx, sse, sse2, sse3, ssse3, sse4.1, sse4.2, popcnt, avx, avx2, aes, clmul, erms, 3dnowpref, lzcnt, ht, tsc, tscinvbit, bmi1, bmi2, adx

Memory: 4k page, physical 8165048k(860548k free), swap 11736884k(5600k free)

vm_info: OpenJDK 64-Bit Server VM (25.242-b01) for windows-amd64 JRE (1.8.0_242-release-1644-b01), built by "builder" with MS VC++ 10.0 (VS2010)

time: Mon Mar 22 11:12:46 2021
timezone: Hora de verano de Paraguay
elapsed time: 7 seconds (0d 0h 0m 7s)

