#
# There is insufficient memory for the Java Runtime Environment to continue.
# Native memory allocation (malloc) failed to allocate 375376 bytes for Chunk::new
# Possible reasons:
#   The system is out of physical RAM or swap space
#   The process is running with CompressedOops enabled, and the Java Heap may be blocking the growth of the native heap
# Possible solutions:
#   Reduce memory load on the system
#   Increase physical memory or swap space
#   Check if swap backing store is full
#   Decrease Java heap size (-Xmx/-Xms)
#   Decrease number of Java threads
#   Decrease Java thread stack sizes (-Xss)
#   Set larger code cache with -XX:ReservedCodeCacheSize=
#   JVM is running with Unscaled Compressed Oops mode in which the Java heap is
#     placed in the first 4GB address space. The Java Heap base address is the
#     maximum limit for the native heap growth. Please use -XX:HeapBaseMinAddress
#     to set the Java Heap base and to place the Java Heap above 4GB virtual address.
# This output file may be truncated or incomplete.
#
#  Out of Memory Error (allocation.cpp:389), pid=13380, tid=0x0000000000006450
#
# JRE version: OpenJDK Runtime Environment (8.0_242-b01) (build 1.8.0_242-release-1644-b01)
# Java VM: OpenJDK 64-Bit Server VM (25.242-b01 mixed mode windows-amd64 compressed oops)
# Failed to write core dump. Minidumps are not enabled by default on client versions of Windows
#

---------------  T H R E A D  ---------------

Current thread (0x0000000019a38800):  JavaThread "C2 CompilerThread2" daemon [_thread_in_native, id=25680, stack(0x000000001a520000,0x000000001a620000)]

Stack: [0x000000001a520000,0x000000001a620000]
[error occurred during error reporting (printing stack bounds), id 0xc0000005]

Native frames: (J=compiled Java code, j=interpreted, Vv=VM code, C=native code)


Current CompileTask:
C2:   8097 8780       4       org.gradle.internal.fingerprint.classpath.impl.ClasspathFingerprintingStrategy$ClasspathContentFingerprintingVisitor::visitFile (69 bytes)


---------------  P R O C E S S  ---------------

Java Threads: ( => current thread )
  0x0000000023504800 JavaThread "Cache worker for execution history cache (C:\Android\Proyecto\VendedoresKT\ApoloVendedor\.gradle\6.5\executionHistory)" [_thread_blocked, id=7848, stack(0x000000002f210000,0x000000002f310000)]
  0x0000000023504000 JavaThread "Execution worker for ':' Thread 7" [_thread_blocked, id=25260, stack(0x000000002f110000,0x000000002f210000)]
  0x0000000023503000 JavaThread "Execution worker for ':' Thread 6" [_thread_blocked, id=22064, stack(0x000000002f010000,0x000000002f110000)]
  0x0000000023502800 JavaThread "Execution worker for ':' Thread 5" [_thread_blocked, id=9388, stack(0x000000002ef10000,0x000000002f010000)]
  0x0000000023501800 JavaThread "Execution worker for ':' Thread 4" [_thread_in_Java, id=19076, stack(0x000000002ee10000,0x000000002ef10000)]
  0x00000000234ff800 JavaThread "Execution worker for ':' Thread 3" [_thread_blocked, id=26100, stack(0x000000002ed10000,0x000000002ee10000)]
  0x0000000023506000 JavaThread "Execution worker for ':' Thread 2" [_thread_blocked, id=23448, stack(0x000000002ec10000,0x000000002ed10000)]
  0x0000000023500000 JavaThread "Execution worker for ':'" [_thread_blocked, id=22024, stack(0x000000002eb10000,0x000000002ec10000)]
  0x0000000023505800 JavaThread "Cache worker for file content cache (C:\Android\Proyecto\VendedoresKT\ApoloVendedor\.gradle\6.5\fileContent)" [_thread_blocked, id=26088, stack(0x000000002e230000,0x000000002e330000)]
  0x000000001cbed800 JavaThread "Memory manager" [_thread_blocked, id=25404, stack(0x000000002c350000,0x000000002c450000)]
  0x000000001cbec000 JavaThread "Cache worker for Build Output Cleanup Cache (C:\Android\Proyecto\VendedoresKT\ApoloVendedor\.gradle\buildOutputCleanup)" [_thread_blocked, id=19700, stack(0x0000000024f80000,0x0000000025080000)]
  0x000000001cbe9800 JavaThread "jar transforms Thread 113" [_thread_blocked, id=25212, stack(0x000000002c050000,0x000000002c150000)]
  0x000000001cbee800 JavaThread "jar transforms Thread 112" [_thread_blocked, id=23924, stack(0x000000002be50000,0x000000002bf50000)]
  0x000000001cbed000 JavaThread "jar transforms Thread 111" [_thread_blocked, id=25400, stack(0x000000002bd50000,0x000000002be50000)]
  0x000000001cbe4800 JavaThread "jar transforms Thread 110" [_thread_blocked, id=8160, stack(0x000000002bc50000,0x000000002bd50000)]
  0x000000001cbe6800 JavaThread "jar transforms Thread 109" [_thread_blocked, id=26440, stack(0x000000002bb50000,0x000000002bc50000)]
  0x000000001cbe9000 JavaThread "jar transforms Thread 108" [_thread_blocked, id=11868, stack(0x000000002ba50000,0x000000002bb50000)]
  0x000000001cbea800 JavaThread "jar transforms Thread 107" [_thread_blocked, id=18764, stack(0x000000002b950000,0x000000002ba50000)]
  0x000000001cbe8000 JavaThread "jar transforms Thread 106" [_thread_blocked, id=23096, stack(0x000000002b850000,0x000000002b950000)]
  0x000000001cbe6000 JavaThread "jar transforms Thread 105" [_thread_blocked, id=24092, stack(0x000000002b750000,0x000000002b850000)]
  0x000000001cbe5000 JavaThread "jar transforms Thread 104" [_thread_blocked, id=25124, stack(0x000000002b650000,0x000000002b750000)]
  0x000000001cbe7800 JavaThread "jar transforms Thread 103" [_thread_blocked, id=21248, stack(0x000000002b550000,0x000000002b650000)]
  0x000000001cbeb000 JavaThread "jar transforms Thread 102" [_thread_blocked, id=23204, stack(0x000000002b450000,0x000000002b550000)]
  0x000000001cbe0000 JavaThread "jar transforms Thread 101" [_thread_blocked, id=22964, stack(0x000000002b350000,0x000000002b450000)]
  0x000000001cbe3800 JavaThread "jar transforms Thread 100" [_thread_blocked, id=7952, stack(0x000000002b250000,0x000000002b350000)]
  0x000000001cbe3000 JavaThread "jar transforms Thread 99" [_thread_blocked, id=26284, stack(0x000000002b150000,0x000000002b250000)]
  0x000000001cbe2000 JavaThread "jar transforms Thread 98" [_thread_blocked, id=25928, stack(0x000000002b050000,0x000000002b150000)]
  0x000000001cbe1800 JavaThread "jar transforms Thread 97" [_thread_blocked, id=1164, stack(0x000000002af50000,0x000000002b050000)]
  0x000000001cbdf000 JavaThread "jar transforms Thread 96" [_thread_blocked, id=25712, stack(0x000000002ae50000,0x000000002af50000)]
  0x000000001cbe0800 JavaThread "jar transforms Thread 95" [_thread_blocked, id=10100, stack(0x000000002ad50000,0x000000002ae50000)]
  0x000000001c976800 JavaThread "jar transforms Thread 94" [_thread_blocked, id=25916, stack(0x000000002ac50000,0x000000002ad50000)]
  0x000000001c975800 JavaThread "jar transforms Thread 93" [_thread_blocked, id=18308, stack(0x000000002ab50000,0x000000002ac50000)]
  0x000000001c974000 JavaThread "jar transforms Thread 92" [_thread_blocked, id=25084, stack(0x000000002aa50000,0x000000002ab50000)]
  0x000000001c977000 JavaThread "jar transforms Thread 91" [_thread_blocked, id=17300, stack(0x000000002a950000,0x000000002aa50000)]
  0x000000001c972800 JavaThread "jar transforms Thread 90" [_thread_blocked, id=21140, stack(0x000000002a850000,0x000000002a950000)]
  0x000000001c972000 JavaThread "jar transforms Thread 89" [_thread_blocked, id=22620, stack(0x000000002a750000,0x000000002a850000)]
  0x000000001c973800 JavaThread "jar transforms Thread 88" [_thread_blocked, id=25584, stack(0x000000002a650000,0x000000002a750000)]
  0x000000001c971000 JavaThread "jar transforms Thread 87" [_thread_blocked, id=19880, stack(0x000000002a550000,0x000000002a650000)]
  0x000000001c975000 JavaThread "jar transforms Thread 86" [_thread_blocked, id=20304, stack(0x000000002a450000,0x000000002a550000)]
  0x000000001c969800 JavaThread "jar transforms Thread 85" [_thread_blocked, id=22852, stack(0x000000002a350000,0x000000002a450000)]
  0x000000001c96a800 JavaThread "jar transforms Thread 84" [_thread_blocked, id=24176, stack(0x0000000024420000,0x0000000024520000)]
  0x000000001c96b000 JavaThread "jar transforms Thread 83" [_thread_blocked, id=21644, stack(0x0000000024320000,0x0000000024420000)]
  0x000000001c970800 JavaThread "jar transforms Thread 82" [_thread_blocked, id=25672, stack(0x000000002a010000,0x000000002a110000)]
  0x000000001c969000 JavaThread "jar transforms Thread 81" [_thread_blocked, id=25552, stack(0x0000000029f10000,0x000000002a010000)]
  0x000000001c96f000 JavaThread "jar transforms Thread 80" [_thread_blocked, id=25684, stack(0x0000000029e10000,0x0000000029f10000)]
  0x000000001c96e000 JavaThread "jar transforms Thread 79" [_thread_blocked, id=25372, stack(0x0000000029d10000,0x0000000029e10000)]
  0x000000001c96c000 JavaThread "jar transforms Thread 78" [_thread_blocked, id=25964, stack(0x0000000029c10000,0x0000000029d10000)]
  0x000000001c96d800 JavaThread "jar transforms Thread 77" [_thread_blocked, id=22540, stack(0x0000000029b10000,0x0000000029c10000)]
  0x000000001c96c800 JavaThread "jar transforms Thread 76" [_thread_blocked, id=22508, stack(0x0000000029a10000,0x0000000029b10000)]
  0x000000001c96f800 JavaThread "jar transforms Thread 75" [_thread_blocked, id=26320, stack(0x0000000029910000,0x0000000029a10000)]
  0x000000001c968000 JavaThread "jar transforms Thread 74" [_thread_blocked, id=16260, stack(0x0000000029810000,0x0000000029910000)]
  0x000000002016d000 JavaThread "jar transforms Thread 73" [_thread_blocked, id=26248, stack(0x0000000029710000,0x0000000029810000)]
  0x000000002016c800 JavaThread "jar transforms Thread 72" [_thread_blocked, id=25064, stack(0x0000000029610000,0x0000000029710000)]
  0x000000002016e800 JavaThread "jar transforms Thread 71" [_thread_blocked, id=8664, stack(0x0000000029510000,0x0000000029610000)]
  0x000000002016e000 JavaThread "jar transforms Thread 70" [_thread_blocked, id=24340, stack(0x0000000029410000,0x0000000029510000)]
  0x000000002016b800 JavaThread "jar transforms Thread 69" [_thread_blocked, id=24856, stack(0x0000000029310000,0x0000000029410000)]
  0x000000002016b000 JavaThread "jar transforms Thread 68" [_thread_blocked, id=25008, stack(0x0000000029210000,0x0000000029310000)]
  0x000000002016f800 JavaThread "jar transforms Thread 67" [_thread_blocked, id=25784, stack(0x0000000029110000,0x0000000029210000)]
  0x0000000020163800 JavaThread "jar transforms Thread 66" [_thread_blocked, id=25908, stack(0x0000000029010000,0x0000000029110000)]
  0x000000002016a000 JavaThread "jar transforms Thread 65" [_thread_blocked, id=24528, stack(0x0000000028f10000,0x0000000029010000)]
  0x0000000020166800 JavaThread "jar transforms Thread 64" [_thread_blocked, id=24848, stack(0x0000000028e10000,0x0000000028f10000)]
  0x0000000020162800 JavaThread "jar transforms Thread 63" [_thread_blocked, id=24700, stack(0x0000000028d10000,0x0000000028e10000)]
  0x0000000020165800 JavaThread "jar transforms Thread 62" [_thread_blocked, id=12080, stack(0x0000000028c10000,0x0000000028d10000)]
  0x0000000020168800 JavaThread "jar transforms Thread 61" [_thread_blocked, id=25892, stack(0x0000000028b10000,0x0000000028c10000)]
  0x0000000020167000 JavaThread "jar transforms Thread 60" [_thread_blocked, id=26036, stack(0x0000000028a10000,0x0000000028b10000)]
  0x0000000020165000 JavaThread "jar transforms Thread 59" [_thread_blocked, id=17504, stack(0x0000000028910000,0x0000000028a10000)]
  0x0000000020168000 JavaThread "jar transforms Thread 58" [_thread_blocked, id=1264, stack(0x0000000028810000,0x0000000028910000)]
  0x0000000020169800 JavaThread "jar transforms Thread 57" [_thread_blocked, id=12076, stack(0x0000000028710000,0x0000000028810000)]
  0x0000000020160800 JavaThread "jar transforms Thread 56" [_thread_blocked, id=25236, stack(0x0000000028610000,0x0000000028710000)]
  0x0000000020162000 JavaThread "jar transforms Thread 55" [_thread_blocked, id=6236, stack(0x0000000028510000,0x0000000028610000)]
  0x0000000020161000 JavaThread "jar transforms Thread 54" [_thread_blocked, id=25144, stack(0x0000000028410000,0x0000000028510000)]
  0x0000000020164000 JavaThread "jar transforms Thread 53" [_thread_blocked, id=26240, stack(0x0000000028310000,0x0000000028410000)]
  0x0000000022177000 JavaThread "jar transforms Thread 52" [_thread_blocked, id=26012, stack(0x0000000028210000,0x0000000028310000)]
  0x0000000022175800 JavaThread "jar transforms Thread 51" [_thread_blocked, id=7804, stack(0x0000000028110000,0x0000000028210000)]
  0x0000000022176800 JavaThread "jar transforms Thread 50" [_thread_blocked, id=25912, stack(0x0000000028010000,0x0000000028110000)]
  0x000000002217c800 JavaThread "jar transforms Thread 49" [_thread_blocked, id=25848, stack(0x0000000027f10000,0x0000000028010000)]
  0x000000002217a000 JavaThread "jar transforms Thread 48" [_thread_blocked, id=12540, stack(0x0000000027e10000,0x0000000027f10000)]
  0x0000000022179800 JavaThread "jar transforms Thread 47" [_thread_blocked, id=26000, stack(0x0000000027d10000,0x0000000027e10000)]
  0x000000002217b000 JavaThread "jar transforms Thread 46" [_thread_blocked, id=25720, stack(0x0000000027c10000,0x0000000027d10000)]
  0x0000000022178800 JavaThread "jar transforms Thread 45" [_thread_blocked, id=25340, stack(0x0000000027b10000,0x0000000027c10000)]
  0x0000000022178000 JavaThread "jar transforms Thread 44" [_thread_blocked, id=16696, stack(0x0000000027a10000,0x0000000027b10000)]
  0x000000002217b800 JavaThread "jar transforms Thread 43" [_thread_blocked, id=11300, stack(0x0000000027910000,0x0000000027a10000)]
  0x000000002216e000 JavaThread "jar transforms Thread 42" [_thread_blocked, id=21004, stack(0x0000000027810000,0x0000000027910000)]
  0x0000000022175000 JavaThread "jar transforms Thread 41" [_thread_blocked, id=24580, stack(0x0000000027710000,0x0000000027810000)]
  0x000000002216d800 JavaThread "jar transforms Thread 40" [_thread_blocked, id=25328, stack(0x0000000027610000,0x0000000027710000)]
  0x000000002216f000 JavaThread "jar transforms Thread 39" [_thread_blocked, id=3580, stack(0x0000000027510000,0x0000000027610000)]
  0x0000000022170800 JavaThread "jar transforms Thread 38" [_thread_blocked, id=25724, stack(0x0000000027410000,0x0000000027510000)]
  0x0000000022174000 JavaThread "jar transforms Thread 37" [_thread_blocked, id=26468, stack(0x0000000027310000,0x0000000027410000)]
  0x0000000022172800 JavaThread "jar transforms Thread 36" [_thread_blocked, id=26396, stack(0x0000000027210000,0x0000000027310000)]
  0x000000002216f800 JavaThread "jar transforms Thread 35" [_thread_blocked, id=16156, stack(0x0000000027110000,0x0000000027210000)]
  0x0000000022173800 JavaThread "jar transforms Thread 34" [_thread_blocked, id=12964, stack(0x0000000027010000,0x0000000027110000)]
  0x0000000022172000 JavaThread "jar transforms Thread 33" [_thread_blocked, id=8468, stack(0x0000000026f10000,0x0000000027010000)]
  0x0000000022171000 JavaThread "jar transforms Thread 32" [_thread_blocked, id=2740, stack(0x0000000026e10000,0x0000000026f10000)]
  0x000000001cd6f000 JavaThread "jar transforms Thread 31" [_thread_blocked, id=23440, stack(0x0000000026d10000,0x0000000026e10000)]
  0x000000001cd6c000 JavaThread "jar transforms Thread 30" [_thread_blocked, id=22536, stack(0x0000000026c10000,0x0000000026d10000)]
  0x000000001cd6b800 JavaThread "jar transforms Thread 29" [_thread_blocked, id=24604, stack(0x0000000026b10000,0x0000000026c10000)]
  0x000000001cd6d000 JavaThread "jar transforms Thread 28" [_thread_blocked, id=25136, stack(0x0000000026a10000,0x0000000026b10000)]
  0x000000001cd6e800 JavaThread "jar transforms Thread 27" [_thread_blocked, id=20136, stack(0x0000000026910000,0x0000000026a10000)]
  0x000000001cd71800 JavaThread "jar transforms Thread 26" [_thread_blocked, id=22968, stack(0x0000000026810000,0x0000000026910000)]
  0x000000001cd70800 JavaThread "jar transforms Thread 25" [_thread_blocked, id=25536, stack(0x0000000026710000,0x0000000026810000)]
  0x000000001cd6a800 JavaThread "jar transforms Thread 24" [_thread_blocked, id=25352, stack(0x0000000026610000,0x0000000026710000)]
  0x000000001cd6d800 JavaThread "jar transforms Thread 23" [_thread_blocked, id=25544, stack(0x0000000026510000,0x0000000026610000)]
  0x000000001cd70000 JavaThread "jar transforms Thread 22" [_thread_blocked, id=26220, stack(0x0000000026410000,0x0000000026510000)]
  0x000000001cd63000 JavaThread "jar transforms Thread 21" [_thread_blocked, id=25832, stack(0x0000000026310000,0x0000000026410000)]
  0x000000001cd69000 JavaThread "jar transforms Thread 20" [_thread_blocked, id=21860, stack(0x0000000026210000,0x0000000026310000)]
  0x000000001cd66000 JavaThread "jar transforms Thread 19" [_thread_blocked, id=20180, stack(0x0000000026110000,0x0000000026210000)]
  0x000000001cd65000 JavaThread "jar transforms Thread 18" [_thread_blocked, id=2000, stack(0x0000000026010000,0x0000000026110000)]
  0x000000001cd6a000 JavaThread "jar transforms Thread 17" [_thread_blocked, id=11688, stack(0x0000000025f10000,0x0000000026010000)]
  0x000000001cd64800 JavaThread "jar transforms Thread 16" [_thread_blocked, id=26356, stack(0x0000000025e10000,0x0000000025f10000)]
  0x000000001cd62000 JavaThread "jar transforms Thread 15" [_thread_blocked, id=1540, stack(0x0000000025d10000,0x0000000025e10000)]
  0x000000001cd63800 JavaThread "jar transforms Thread 14" [_thread_blocked, id=25940, stack(0x0000000025c10000,0x0000000025d10000)]
  0x000000001cd68800 JavaThread "jar transforms Thread 13" [_thread_blocked, id=17660, stack(0x0000000025b10000,0x0000000025c10000)]
  0x000000001cd67800 JavaThread "jar transforms Thread 12" [_thread_blocked, id=8252, stack(0x0000000025a10000,0x0000000025b10000)]
  0x000000001cd67000 JavaThread "jar transforms Thread 11" [_thread_blocked, id=18320, stack(0x0000000025910000,0x0000000025a10000)]
  0x000000001f1d7800 JavaThread "jar transforms Thread 10" [_thread_blocked, id=25716, stack(0x0000000025810000,0x0000000025910000)]
  0x000000001f1d7000 JavaThread "jar transforms Thread 9" [_thread_blocked, id=17656, stack(0x0000000025710000,0x0000000025810000)]
  0x000000001f1d6000 JavaThread "jar transforms Thread 8" [_thread_blocked, id=19104, stack(0x0000000025610000,0x0000000025710000)]
  0x000000001f1d5800 JavaThread "jar transforms Thread 7" [_thread_blocked, id=7080, stack(0x0000000025510000,0x0000000025610000)]
  0x000000001f1d4800 JavaThread "jar transforms Thread 6" [_thread_blocked, id=16148, stack(0x0000000025410000,0x0000000025510000)]
  0x000000001f1d4000 JavaThread "jar transforms Thread 5" [_thread_blocked, id=16076, stack(0x0000000025310000,0x0000000025410000)]
  0x000000001f1cc800 JavaThread "jar transforms Thread 4" [_thread_blocked, id=4212, stack(0x0000000025210000,0x0000000025310000)]
  0x000000001f1d3000 JavaThread "jar transforms Thread 3" [_thread_blocked, id=25252, stack(0x0000000025110000,0x0000000025210000)]
  0x000000001f1d2800 JavaThread "jar transforms Thread 2" [_thread_blocked, id=25072, stack(0x0000000024560000,0x0000000024660000)]
  0x000000001f1d1800 JavaThread "Build operations Thread 8" [_thread_blocked, id=19828, stack(0x0000000024d80000,0x0000000024e80000)]
  0x000000001f1ca000 JavaThread "Build operations Thread 7" [_thread_blocked, id=19600, stack(0x0000000024c80000,0x0000000024d80000)]
  0x000000001f1d1000 JavaThread "Build operations Thread 6" [_thread_blocked, id=25924, stack(0x0000000024b80000,0x0000000024c80000)]
  0x000000001f1c9800 JavaThread "Build operations Thread 5" [_thread_blocked, id=26168, stack(0x0000000024a80000,0x0000000024b80000)]
  0x000000001f1d0000 JavaThread "Build operations Thread 4" [_thread_blocked, id=11588, stack(0x0000000024980000,0x0000000024a80000)]
  0x000000001f1cb800 JavaThread "Build operations Thread 3" [_thread_blocked, id=10684, stack(0x0000000024880000,0x0000000024980000)]
  0x000000001f1ce800 JavaThread "Build operations Thread 2" [_thread_blocked, id=25040, stack(0x0000000024780000,0x0000000024880000)]
  0x000000001f1cd000 JavaThread "Build operations" [_thread_blocked, id=26404, stack(0x0000000024680000,0x0000000024780000)]
  0x000000001c8f7000 JavaThread "Cache worker for file content cache (C:\Users\Apolo\.gradle\caches\6.5\fileContent)" [_thread_blocked, id=25984, stack(0x0000000022c50000,0x0000000022d50000)]
  0x000000001c8f1800 JavaThread "jar transforms" [_thread_blocked, id=26448, stack(0x0000000022b50000,0x0000000022c50000)]
  0x000000001c8f6000 JavaThread "Cache worker for execution history cache (C:\Users\Apolo\.gradle\caches\6.5\executionHistory)" [_thread_blocked, id=6348, stack(0x0000000022450000,0x0000000022550000)]
  0x000000001c8f5800 JavaThread "Cache worker for cache directory md-rule (C:\Users\Apolo\.gradle\caches\6.5\md-rule)" [_thread_blocked, id=10696, stack(0x0000000022350000,0x0000000022450000)]
  0x000000001c8f4000 JavaThread "Cache worker for cache directory md-supplier (C:\Users\Apolo\.gradle\caches\6.5\md-supplier)" [_thread_blocked, id=26524, stack(0x0000000022250000,0x0000000022350000)]
  0x000000001c8f3000 JavaThread "Cache worker for checksums cache (C:\Android\Proyecto\VendedoresKT\ApoloVendedor\.gradle\checksums)" [_thread_blocked, id=25132, stack(0x0000000020f10000,0x0000000021010000)]
  0x000000001c8f8800 JavaThread "Cache worker for file hash cache (C:\Android\Proyecto\VendedoresKT\ApoloVendedor\.gradle\6.5\fileHashes)" [_thread_blocked, id=25076, stack(0x0000000020c10000,0x0000000020d10000)]
  0x000000001c8f4800 JavaThread "Cache worker for file hash cache (C:\Users\Apolo\.gradle\caches\6.5\fileHashes)" [_thread_blocked, id=17240, stack(0x000000001e970000,0x000000001ea70000)]
  0x000000001c8f2800 JavaThread "File lock request listener" [_thread_in_native, id=24036, stack(0x000000001e870000,0x000000001e970000)]
  0x000000001c8f0800 JavaThread "Cache worker for journal cache (C:\Users\Apolo\.gradle\caches\journal-1)" [_thread_blocked, id=26176, stack(0x000000001e770000,0x000000001e870000)]
  0x000000001b600800 JavaThread "Thread-9" [_thread_blocked, id=24424, stack(0x000000001e470000,0x000000001e570000)]
  0x000000001c5ac800 JavaThread "Stdin handler" [_thread_blocked, id=26616, stack(0x000000001e370000,0x000000001e470000)]
  0x000000001c5ab800 JavaThread "Asynchronous log dispatcher for DefaultDaemonConnection: socket connection from /127.0.0.1:60563 to /127.0.0.1:60564" [_thread_blocked, id=26216, stack(0x000000001e270000,0x000000001e370000)]
  0x000000001c55d000 JavaThread "Daemon worker" [_thread_blocked, id=24548, stack(0x000000001e170000,0x000000001e270000)]
  0x000000001c557800 JavaThread "Cancel handler" [_thread_blocked, id=4008, stack(0x000000001e070000,0x000000001e170000)]
  0x000000001c52f800 JavaThread "Handler for socket connection from /127.0.0.1:60563 to /127.0.0.1:60564" [_thread_in_native, id=26072, stack(0x000000001df70000,0x000000001e070000)]
  0x000000001c52a800 JavaThread "Daemon" [_thread_blocked, id=24916, stack(0x000000001de70000,0x000000001df70000)]
  0x000000001c4cc800 JavaThread "Daemon periodic checks" [_thread_blocked, id=20968, stack(0x000000001db70000,0x000000001dc70000)]
  0x000000001c4c2000 JavaThread "Incoming local TCP Connector on port 60563" [_thread_in_native, id=15472, stack(0x000000001d900000,0x000000001da00000)]
  0x000000001c417000 JavaThread "Daemon health stats" [_thread_blocked, id=24920, stack(0x000000001d2c0000,0x000000001d3c0000)]
  0x0000000019abd800 JavaThread "Service Thread" daemon [_thread_blocked, id=17088, stack(0x000000001a720000,0x000000001a820000)]
  0x0000000019a3d800 JavaThread "C1 CompilerThread3" daemon [_thread_blocked, id=22084, stack(0x000000001a620000,0x000000001a720000)]
=>0x0000000019a38800 JavaThread "C2 CompilerThread2" daemon [_thread_in_native, id=25680, stack(0x000000001a520000,0x000000001a620000)]
  0x0000000019a32000 JavaThread "C2 CompilerThread1" daemon [_thread_in_vm, id=25316, stack(0x000000001a420000,0x000000001a520000)]
  0x0000000017c1e800 JavaThread "C2 CompilerThread0" daemon [_thread_in_native, id=15048, stack(0x000000001a320000,0x000000001a420000)]
  0x0000000019a2f800 JavaThread "Attach Listener" daemon [_thread_blocked, id=25528, stack(0x000000001a220000,0x000000001a320000)]
  0x0000000019a36000 JavaThread "Signal Dispatcher" daemon [_thread_blocked, id=26160, stack(0x000000001a120000,0x000000001a220000)]
  0x0000000002b9e000 JavaThread "Finalizer" daemon [_thread_blocked, id=24732, stack(0x0000000019f00000,0x000000001a000000)]
  0x0000000002b97800 JavaThread "Reference Handler" daemon [_thread_blocked, id=9924, stack(0x0000000019e00000,0x0000000019f00000)]
  0x000000000119d800 JavaThread "main" [_thread_blocked, id=25980, stack(0x00000000029a0000,0x0000000002aa0000)]

Other Threads:
  0x0000000017c06800 VMThread [stack: 0x0000000019900000,0x0000000019a00000] [id=25736]
  0x0000000019abe800 WatcherThread [stack: 0x000000001a820000,0x000000001a920000] [id=24768]

VM state:not at safepoint (normal execution)

VM Mutex/Monitor currently owned by a thread: None

heap address: 0x0000000080000000, size: 2048 MB, Compressed Oops mode: 32-bit
Narrow klass base: 0x0000000000000000, Narrow klass shift: 3
Compressed class space size: 1073741824 Address: 0x0000000100000000

Heap:
 PSYoungGen      total 231936K, used 170499K [0x00000000d5580000, 0x00000000e5180000, 0x0000000100000000)
  eden space 213504K, 71% used [0x00000000d5580000,0x00000000dea047f8,0x00000000e2600000)
  from space 18432K, 99% used [0x00000000e2600000,0x00000000e37fc668,0x00000000e3800000)
  to   space 18944K, 0% used [0x00000000e3800000,0x00000000e3800000,0x00000000e4a80000)
 ParOldGen       total 118784K, used 34781K [0x0000000080000000, 0x0000000087400000, 0x00000000d5580000)
  object space 118784K, 29% used [0x0000000080000000,0x00000000821f75d0,0x0000000087400000)
 Metaspace       used 70792K, capacity 74372K, committed 74648K, reserved 1114112K
  class space    used 9704K, capacity 10393K, committed 10416K, reserved 1048576K

Card table byte_map: [0x0000000011f60000,0x0000000012370000] byte_map_base: 0x0000000011b60000

Marking Bits: (ParMarkBitMap*) 0x000000007106f030
 Begin Bits: [0x0000000012e20000, 0x0000000014e20000)
 End Bits:   [0x0000000014e20000, 0x0000000016e20000)

Polling page: 0x0000000001120000

CodeCache: size=245760Kb used=24182Kb max_used=24182Kb free=221577Kb
 bounds [0x0000000002ba0000, 0x0000000004360000, 0x0000000011ba0000]
 total_blobs=8627 nmethods=7820 adapters=718
 compilation: enabled

Compilation events (10 events):
Event: 8.072 Thread 0x0000000019a3d800 8829       3       java.nio.Bits::copyToArray (68 bytes)
Event: 8.072 Thread 0x0000000019a3d800 nmethod 8829 0x0000000004342d50 code [0x0000000004342ec0, 0x0000000004343228]
Event: 8.073 Thread 0x0000000019a3d800 8830       3       java.util.concurrent.locks.AbstractQueuedSynchronizer::release (33 bytes)
Event: 8.073 Thread 0x0000000019a3d800 nmethod 8830 0x0000000004343350 code [0x00000000043434c0, 0x00000000043437d8]
Event: 8.083 Thread 0x0000000019a3d800 8832       1       com.google.common.cache.LocalCache$StrongAccessEntry::setAccessTime (6 bytes)
Event: 8.083 Thread 0x0000000019a3d800 nmethod 8832 0x00000000043438d0 code [0x0000000004343a20, 0x0000000004343b50]
Event: 8.083 Thread 0x0000000019a3d800 8833       1       com.google.common.cache.LocalCache$StrongAccessEntry::getAccessTime (5 bytes)
Event: 8.084 Thread 0x0000000019a3d800 nmethod 8833 0x0000000004343bd0 code [0x0000000004343d20, 0x0000000004343e30]
Event: 8.095 Thread 0x0000000019a3d800 8834       3       com.google.common.cache.AbstractCache$SimpleStatsCounter::recordHits (12 bytes)
Event: 8.095 Thread 0x0000000019a3d800 nmethod 8834 0x0000000004343e90 code [0x0000000004344000, 0x00000000043441e8]

GC Heap History (10 events):
Event: 3.745 GC heap before
{Heap before GC invocations=12 (full 2):
 PSYoungGen      total 138240K, used 126976K [0x00000000d5580000, 0x00000000e1b80000, 0x0000000100000000)
  eden space 126976K, 100% used [0x00000000d5580000,0x00000000dd180000,0x00000000dd180000)
  from space 11264K, 0% used [0x00000000dd180000,0x00000000dd180000,0x00000000ddc80000)
  to   space 12800K, 0% used [0x00000000e0f00000,0x00000000e0f00000,0x00000000e1b80000)
 ParOldGen       total 75776K, used 17818K [0x0000000080000000, 0x0000000084a00000, 0x00000000d5580000)
  object space 75776K, 23% used [0x0000000080000000,0x0000000081166be8,0x0000000084a00000)
 Metaspace       used 37496K, capacity 39272K, committed 39336K, reserved 1083392K
  class space    used 5178K, capacity 5551K, committed 5552K, reserved 1048576K
Event: 3.751 GC heap after
Heap after GC invocations=12 (full 2):
 PSYoungGen      total 174592K, used 8230K [0x00000000d5580000, 0x00000000e1780000, 0x0000000100000000)
  eden space 165888K, 0% used [0x00000000d5580000,0x00000000d5580000,0x00000000df780000)
  from space 8704K, 94% used [0x00000000e0f00000,0x00000000e1709ab0,0x00000000e1780000)
  to   space 12800K, 0% used [0x00000000dfe80000,0x00000000dfe80000,0x00000000e0b00000)
 ParOldGen       total 75776K, used 17826K [0x0000000080000000, 0x0000000084a00000, 0x00000000d5580000)
  object space 75776K, 23% used [0x0000000080000000,0x0000000081168be8,0x0000000084a00000)
 Metaspace       used 37496K, capacity 39272K, committed 39336K, reserved 1083392K
  class space    used 5178K, capacity 5551K, committed 5552K, reserved 1048576K
}
Event: 4.875 GC heap before
{Heap before GC invocations=13 (full 2):
 PSYoungGen      total 174592K, used 174118K [0x00000000d5580000, 0x00000000e1780000, 0x0000000100000000)
  eden space 165888K, 100% used [0x00000000d5580000,0x00000000df780000,0x00000000df780000)
  from space 8704K, 94% used [0x00000000e0f00000,0x00000000e1709ab0,0x00000000e1780000)
  to   space 12800K, 0% used [0x00000000dfe80000,0x00000000dfe80000,0x00000000e0b00000)
 ParOldGen       total 75776K, used 17826K [0x0000000080000000, 0x0000000084a00000, 0x00000000d5580000)
  object space 75776K, 23% used [0x0000000080000000,0x0000000081168be8,0x0000000084a00000)
 Metaspace       used 52318K, capacity 54500K, committed 54568K, reserved 1095680K
  class space    used 6980K, capacity 7460K, committed 7472K, reserved 1048576K
Event: 4.893 GC heap after
Heap after GC invocations=13 (full 2):
 PSYoungGen      total 185856K, used 12772K [0x00000000d5580000, 0x00000000e4a80000, 0x0000000100000000)
  eden space 173056K, 0% used [0x00000000d5580000,0x00000000d5580000,0x00000000dfe80000)
  from space 12800K, 99% used [0x00000000dfe80000,0x00000000e0af9310,0x00000000e0b00000)
  to   space 18944K, 0% used [0x00000000e3800000,0x00000000e3800000,0x00000000e4a80000)
 ParOldGen       total 75776K, used 30437K [0x0000000080000000, 0x0000000084a00000, 0x00000000d5580000)
  object space 75776K, 40% used [0x0000000080000000,0x0000000081db95a0,0x0000000084a00000)
 Metaspace       used 52318K, capacity 54500K, committed 54568K, reserved 1095680K
  class space    used 6980K, capacity 7460K, committed 7472K, reserved 1048576K
}
Event: 5.334 GC heap before
{Heap before GC invocations=14 (full 2):
 PSYoungGen      total 185856K, used 60234K [0x00000000d5580000, 0x00000000e4a80000, 0x0000000100000000)
  eden space 173056K, 27% used [0x00000000d5580000,0x00000000d83d9660,0x00000000dfe80000)
  from space 12800K, 99% used [0x00000000dfe80000,0x00000000e0af9310,0x00000000e0b00000)
  to   space 18944K, 0% used [0x00000000e3800000,0x00000000e3800000,0x00000000e4a80000)
 ParOldGen       total 75776K, used 30437K [0x0000000080000000, 0x0000000084a00000, 0x00000000d5580000)
  object space 75776K, 40% used [0x0000000080000000,0x0000000081db95a0,0x0000000084a00000)
 Metaspace       used 56770K, capacity 59112K, committed 59160K, reserved 1099776K
  class space    used 7704K, capacity 8193K, committed 8240K, reserved 1048576K
Event: 5.347 GC heap after
Heap after GC invocations=14 (full 2):
 PSYoungGen      total 232448K, used 6197K [0x00000000d5580000, 0x00000000e5180000, 0x0000000100000000)
  eden space 213504K, 0% used [0x00000000d5580000,0x00000000d5580000,0x00000000e2600000)
  from space 18944K, 32% used [0x00000000e3800000,0x00000000e3e0d5b8,0x00000000e4a80000)
  to   space 18432K, 0% used [0x00000000e2600000,0x00000000e2600000,0x00000000e3800000)
 ParOldGen       total 75776K, used 43120K [0x0000000080000000, 0x0000000084a00000, 0x00000000d5580000)
  object space 75776K, 56% used [0x0000000080000000,0x0000000082a1c298,0x0000000084a00000)
 Metaspace       used 56770K, capacity 59112K, committed 59160K, reserved 1099776K
  class space    used 7704K, capacity 8193K, committed 8240K, reserved 1048576K
}
Event: 5.347 GC heap before
{Heap before GC invocations=15 (full 3):
 PSYoungGen      total 232448K, used 6197K [0x00000000d5580000, 0x00000000e5180000, 0x0000000100000000)
  eden space 213504K, 0% used [0x00000000d5580000,0x00000000d5580000,0x00000000e2600000)
  from space 18944K, 32% used [0x00000000e3800000,0x00000000e3e0d5b8,0x00000000e4a80000)
  to   space 18432K, 0% used [0x00000000e2600000,0x00000000e2600000,0x00000000e3800000)
 ParOldGen       total 75776K, used 43120K [0x0000000080000000, 0x0000000084a00000, 0x00000000d5580000)
  object space 75776K, 56% used [0x0000000080000000,0x0000000082a1c298,0x0000000084a00000)
 Metaspace       used 56770K, capacity 59112K, committed 59160K, reserved 1099776K
  class space    used 7704K, capacity 8193K, committed 8240K, reserved 1048576K
Event: 5.487 GC heap after
Heap after GC invocations=15 (full 3):
 PSYoungGen      total 232448K, used 0K [0x00000000d5580000, 0x00000000e5180000, 0x0000000100000000)
  eden space 213504K, 0% used [0x00000000d5580000,0x00000000d5580000,0x00000000e2600000)
  from space 18944K, 0% used [0x00000000e3800000,0x00000000e3800000,0x00000000e4a80000)
  to   space 18432K, 0% used [0x00000000e2600000,0x00000000e2600000,0x00000000e3800000)
 ParOldGen       total 118784K, used 33773K [0x0000000080000000, 0x0000000087400000, 0x00000000d5580000)
  object space 118784K, 28% used [0x0000000080000000,0x00000000820fb5a8,0x0000000087400000)
 Metaspace       used 56724K, capacity 58956K, committed 59160K, reserved 1099776K
  class space    used 7690K, capacity 8167K, committed 8240K, reserved 1048576K
}
Event: 7.267 GC heap before
{Heap before GC invocations=16 (full 3):
 PSYoungGen      total 232448K, used 213504K [0x00000000d5580000, 0x00000000e5180000, 0x0000000100000000)
  eden space 213504K, 100% used [0x00000000d5580000,0x00000000e2600000,0x00000000e2600000)
  from space 18944K, 0% used [0x00000000e3800000,0x00000000e3800000,0x00000000e4a80000)
  to   space 18432K, 0% used [0x00000000e2600000,0x00000000e2600000,0x00000000e3800000)
 ParOldGen       total 118784K, used 33773K [0x0000000080000000, 0x0000000087400000, 0x00000000d5580000)
  object space 118784K, 28% used [0x0000000080000000,0x00000000820fb5a8,0x0000000087400000)
 Metaspace       used 65908K, capacity 69388K, committed 69656K, reserved 1110016K
  class space    used 9073K, capacity 9751K, committed 9776K, reserved 1048576K
Event: 7.289 GC heap after
Heap after GC invocations=16 (full 3):
 PSYoungGen      total 231936K, used 18417K [0x00000000d5580000, 0x00000000e5180000, 0x0000000100000000)
  eden space 213504K, 0% used [0x00000000d5580000,0x00000000d5580000,0x00000000e2600000)
  from space 18432K, 99% used [0x00000000e2600000,0x00000000e37fc668,0x00000000e3800000)
  to   space 18944K, 0% used [0x00000000e3800000,0x00000000e3800000,0x00000000e4a80000)
 ParOldGen       total 118784K, used 34781K [0x0000000080000000, 0x0000000087400000, 0x00000000d5580000)
  object space 118784K, 29% used [0x0000000080000000,0x00000000821f75d0,0x0000000087400000)
 Metaspace       used 65908K, capacity 69388K, committed 69656K, reserved 1110016K
  class space    used 9073K, capacity 9751K, committed 9776K, reserved 1048576K
}

Deoptimization events (10 events):
Event: 7.354 Thread 0x0000000023501800 Uncommon trap: reason=unstable_if action=reinterpret pc=0x00000000036476f8 method=com.esotericsoftware.kryo.io.Input.require(I)I @ 65
Event: 7.515 Thread 0x000000001f1ca000 Uncommon trap: reason=null_check action=make_not_entrant pc=0x0000000004130d98 method=org.gradle.tooling.internal.provider.runner.SubtreeFilteringBuildOperationListener.finished(Lorg/gradle/internal/operations/BuildOperationDescriptor;Lorg/gradle/internal
Event: 7.743 Thread 0x0000000023501800 Uncommon trap: reason=unstable_if action=reinterpret pc=0x0000000004184688 method=kotlin.reflect.jvm.internal.impl.protobuf.CodedInputStream.readRawVarint32()I @ 10
Event: 7.862 Thread 0x0000000023501800 Uncommon trap: reason=class_check action=maybe_recompile pc=0x00000000039439e0 method=java.lang.reflect.Array.newInstance(Ljava/lang/Class;I)Ljava/lang/Object; @ 2
Event: 7.862 Thread 0x0000000023501800 Uncommon trap: reason=class_check action=maybe_recompile pc=0x00000000039439e0 method=java.lang.reflect.Array.newInstance(Ljava/lang/Class;I)Ljava/lang/Object; @ 2
Event: 7.862 Thread 0x0000000023501800 Uncommon trap: reason=class_check action=maybe_recompile pc=0x00000000039439e0 method=java.lang.reflect.Array.newInstance(Ljava/lang/Class;I)Ljava/lang/Object; @ 2
Event: 7.862 Thread 0x0000000023501800 Uncommon trap: reason=class_check action=maybe_recompile pc=0x00000000039439e0 method=java.lang.reflect.Array.newInstance(Ljava/lang/Class;I)Ljava/lang/Object; @ 2
Event: 7.874 Thread 0x0000000023501800 Uncommon trap: reason=null_check action=make_not_entrant pc=0x0000000004277128 method=java.lang.reflect.Array.newInstance(Ljava/lang/Class;I)Ljava/lang/Object; @ 2
Event: 7.910 Thread 0x0000000023501800 Uncommon trap: reason=unstable_if action=reinterpret pc=0x00000000030fab44 method=org.gradle.internal.snapshot.VfsRelativePath.compareToFirstSegment(Ljava/lang/String;Lorg/gradle/internal/snapshot/CaseSensitivity;)I @ 134
Event: 8.072 Thread 0x000000001f1d1000 Uncommon trap: reason=unstable_if action=reinterpret pc=0x00000000038a6ccc method=java.util.concurrent.locks.AbstractQueuedSynchronizer.unparkSuccessor(Ljava/util/concurrent/locks/AbstractQueuedSynchronizer$Node;)V @ 22

Classes redefined (0 events):
No events

Internal exceptions (10 events):
Event: 7.932 Thread 0x0000000023501800 Exception <a 'sun/nio/fs/WindowsException'> (0x00000000dccb4bb0) thrown at [C:\src\AOSP-openjdk-git\hotspot\src\share\vm\prims\jni.cpp, line 710]
Event: 7.932 Thread 0x0000000023501800 Exception <a 'sun/nio/fs/WindowsException'> (0x00000000dccb58b0) thrown at [C:\src\AOSP-openjdk-git\hotspot\src\share\vm\prims\jni.cpp, line 710]
Event: 7.932 Thread 0x0000000023501800 Exception <a 'sun/nio/fs/WindowsException'> (0x00000000dccb76e0) thrown at [C:\src\AOSP-openjdk-git\hotspot\src\share\vm\prims\jni.cpp, line 710]
Event: 7.933 Thread 0x0000000023501800 Exception <a 'sun/nio/fs/WindowsException'> (0x00000000dccb83d8) thrown at [C:\src\AOSP-openjdk-git\hotspot\src\share\vm\prims\jni.cpp, line 710]
Event: 7.933 Thread 0x0000000023501800 Exception <a 'sun/nio/fs/WindowsException'> (0x00000000dccba418) thrown at [C:\src\AOSP-openjdk-git\hotspot\src\share\vm\prims\jni.cpp, line 710]
Event: 7.933 Thread 0x0000000023501800 Exception <a 'sun/nio/fs/WindowsException'> (0x00000000dccbb118) thrown at [C:\src\AOSP-openjdk-git\hotspot\src\share\vm\prims\jni.cpp, line 710]
Event: 7.933 Thread 0x0000000023501800 Exception <a 'sun/nio/fs/WindowsException'> (0x00000000dccbcf48) thrown at [C:\src\AOSP-openjdk-git\hotspot\src\share\vm\prims\jni.cpp, line 710]
Event: 7.933 Thread 0x0000000023501800 Exception <a 'sun/nio/fs/WindowsException'> (0x00000000dccbdc48) thrown at [C:\src\AOSP-openjdk-git\hotspot\src\share\vm\prims\jni.cpp, line 710]
Event: 7.980 Thread 0x0000000023501800 Exception <a 'java/lang/NoSuchMethodError': java.lang.Object.lambda$static$0(Lorg/gradle/internal/snapshot/FileSystemSnapshotVisitor;)V> (0x00000000dd89d630) thrown at [C:\src\AOSP-openjdk-git\hotspot\src\share\vm\interpreter\linkResolver.cpp, line 620]
Event: 8.072 Thread 0x000000001f1d1000 Implicit null exception at 0x00000000038a6c58 to 0x00000000038a6cb7

Events (10 events):
Event: 7.987 loading class org/gradle/internal/execution/history/changes/ClasspathCompareStrategy$TrackingVisitor done
Event: 7.987 loading class org/gradle/internal/execution/history/changes/ClasspathCompareStrategy$ChangeState
Event: 7.987 loading class org/gradle/internal/execution/history/changes/ClasspathCompareStrategy$ChangeState done
Event: 8.021 loading class org/gradle/cache/internal/btree/FileBackedBlockStore$1
Event: 8.021 loading class org/gradle/cache/internal/btree/FileBackedBlockStore$1 done
Event: 8.042 loading class org/gradle/api/specs/OrSpec
Event: 8.042 loading class org/gradle/api/specs/OrSpec done
Event: 8.072 Thread 0x000000001f1d1000 Uncommon trap: trap_request=0xffffff65 fr.pc=0x00000000038a6ccc
Event: 8.072 Thread 0x000000001f1d1000 DEOPT PACKING pc=0x00000000038a6ccc sp=0x0000000024c7da80
Event: 8.072 Thread 0x000000001f1d1000 DEOPT UNPACKING pc=0x0000000002be557b sp=0x0000000024c7d998 mode 2


Dynamic libraries:
0x00007ff704740000 - 0x00007ff704771000 	C:\Program Files\Android\Android Studio\jre\bin\java.exe
0x00007ffa6e5d0000 - 0x00007ffa6e7c5000 	C:\WINDOWS\SYSTEM32\ntdll.dll
0x00007ffa6d070000 - 0x00007ffa6d12d000 	C:\WINDOWS\System32\KERNEL32.DLL
0x00007ffa6bd10000 - 0x00007ffa6bfd9000 	C:\WINDOWS\System32\KERNELBASE.dll
0x00007ffa6e350000 - 0x00007ffa6e3fc000 	C:\WINDOWS\System32\ADVAPI32.dll
0x00007ffa6db30000 - 0x00007ffa6dbce000 	C:\WINDOWS\System32\msvcrt.dll
0x00007ffa6c6a0000 - 0x00007ffa6c73c000 	C:\WINDOWS\System32\sechost.dll
0x00007ffa6d920000 - 0x00007ffa6da4b000 	C:\WINDOWS\System32\RPCRT4.dll
0x00007ffa6e040000 - 0x00007ffa6e1e0000 	C:\WINDOWS\System32\USER32.dll
0x00007ffa6c340000 - 0x00007ffa6c362000 	C:\WINDOWS\System32\win32u.dll
0x00007ffa6e2c0000 - 0x00007ffa6e2ea000 	C:\WINDOWS\System32\GDI32.dll
0x00007ffa6c3c0000 - 0x00007ffa6c4cb000 	C:\WINDOWS\System32\gdi32full.dll
0x00007ffa6c1f0000 - 0x00007ffa6c28d000 	C:\WINDOWS\System32\msvcp_win.dll
0x00007ffa6c070000 - 0x00007ffa6c170000 	C:\WINDOWS\System32\ucrtbase.dll
0x00007ffa4fd30000 - 0x00007ffa4ffca000 	C:\WINDOWS\WinSxS\amd64_microsoft.windows.common-controls_6595b64144ccf1df_6.0.19041.844_none_ca00b6081b84eb1d\COMCTL32.dll
0x00007ffa6da50000 - 0x00007ffa6da80000 	C:\WINDOWS\System32\IMM32.DLL
0x00000000707c0000 - 0x0000000070892000 	C:\Program Files\Android\Android Studio\jre\jre\bin\msvcr100.dll
0x00000000708a0000 - 0x00000000710eb000 	C:\Program Files\Android\Android Studio\jre\jre\bin\server\jvm.dll
0x00007ffa6e510000 - 0x00007ffa6e518000 	C:\WINDOWS\System32\PSAPI.DLL
0x00007ffa4f1a0000 - 0x00007ffa4f1a9000 	C:\WINDOWS\SYSTEM32\WSOCK32.dll
0x00007ffa6b8a0000 - 0x00007ffa6b8aa000 	C:\WINDOWS\SYSTEM32\VERSION.dll
0x00007ffa52690000 - 0x00007ffa526b7000 	C:\WINDOWS\SYSTEM32\WINMM.dll
0x00007ffa6e520000 - 0x00007ffa6e58b000 	C:\WINDOWS\System32\WS2_32.dll
0x00007ffa63300000 - 0x00007ffa6330f000 	C:\Program Files\Android\Android Studio\jre\jre\bin\verify.dll
0x00007ffa3b8c0000 - 0x00007ffa3b8e9000 	C:\Program Files\Android\Android Studio\jre\jre\bin\java.dll
0x00007ffa3c560000 - 0x00007ffa3c576000 	C:\Program Files\Android\Android Studio\jre\jre\bin\zip.dll
0x00007ffa6d150000 - 0x00007ffa6d892000 	C:\WINDOWS\System32\SHELL32.dll
0x00007ffa69de0000 - 0x00007ffa6a570000 	C:\WINDOWS\SYSTEM32\windows.storage.dll
0x00007ffa6c990000 - 0x00007ffa6cce5000 	C:\WINDOWS\System32\combase.dll
0x00007ffa6b710000 - 0x00007ffa6b73c000 	C:\WINDOWS\SYSTEM32\Wldp.dll
0x00007ffa6e400000 - 0x00007ffa6e4ae000 	C:\WINDOWS\System32\SHCORE.dll
0x00007ffa6c640000 - 0x00007ffa6c695000 	C:\WINDOWS\System32\shlwapi.dll
0x00007ffa6bc50000 - 0x00007ffa6bc6f000 	C:\WINDOWS\SYSTEM32\profapi.dll
0x00007ffa3b310000 - 0x00007ffa3b32a000 	C:\Program Files\Android\Android Studio\jre\jre\bin\net.dll
0x00007ffa6b490000 - 0x00007ffa6b4fa000 	C:\WINDOWS\system32\mswsock.dll
0x00007ffa3ab50000 - 0x00007ffa3ab63000 	C:\Program Files\Android\Android Studio\jre\jre\bin\nio.dll
0x00007ffa631c0000 - 0x00007ffa631e7000 	C:\Users\Apolo\.gradle\native\f6784746aeab05261644944871eae4fe03e0ef1612fff0a4a95f87b438bc6780\windows-amd64\native-platform.dll
0x00007ffa60750000 - 0x00007ffa6075d000 	C:\Program Files\Android\Android Studio\jre\jre\bin\management.dll
0x00007ffa6b660000 - 0x00007ffa6b678000 	C:\WINDOWS\SYSTEM32\CRYPTSP.dll
0x00007ffa6adc0000 - 0x00007ffa6adf4000 	C:\WINDOWS\system32\rsaenh.dll
0x00007ffa6c040000 - 0x00007ffa6c067000 	C:\WINDOWS\System32\bcrypt.dll
0x00007ffa6bbd0000 - 0x00007ffa6bbfe000 	C:\WINDOWS\SYSTEM32\USERENV.dll
0x00007ffa6c170000 - 0x00007ffa6c1f0000 	C:\WINDOWS\System32\bcryptprimitives.dll
0x00007ffa6b680000 - 0x00007ffa6b68c000 	C:\WINDOWS\SYSTEM32\CRYPTBASE.dll
0x00007ffa6b130000 - 0x00007ffa6b16b000 	C:\WINDOWS\SYSTEM32\IPHLPAPI.DLL
0x00007ffa6c630000 - 0x00007ffa6c638000 	C:\WINDOWS\System32\NSI.dll
0x00007ffa5f6e0000 - 0x00007ffa5f6f7000 	C:\WINDOWS\SYSTEM32\dhcpcsvc6.DLL
0x00007ffa60270000 - 0x00007ffa6028d000 	C:\WINDOWS\SYSTEM32\dhcpcsvc.DLL
0x00007ffa6b1c0000 - 0x00007ffa6b28b000 	C:\WINDOWS\SYSTEM32\DNSAPI.dll
0x00007ffa60950000 - 0x00007ffa6095b000 	C:\WINDOWS\SYSTEM32\WINNSI.DLL

VM Arguments:
jvm_args: -Xmx2048m -Dfile.encoding=windows-1252 -Duser.country=ES -Duser.language=es -Duser.variant 
java_command: org.gradle.launcher.daemon.bootstrap.GradleDaemon 6.5
java_class_path (initial): C:\Users\Apolo\.gradle\wrapper\dists\gradle-6.5-bin\6nifqtx7604sqp1q6g8wikw7p\gradle-6.5\lib\gradle-launcher-6.5.jar
Launcher Type: SUN_STANDARD

Environment Variables:
PATH=C:\Program Files\Common Files\Oracle\Java\javapath;C:\Program Files (x86)\Common Files\Oracle\Java\javapath;C:\orant\bin;C:\WINDOWS\system32;C:\WINDOWS;C:\WINDOWS\System32\Wbem;C:\WINDOWS\System32\WindowsPowerShell\v1.0\;C:\WINDOWS\System32\OpenSSH\;C:\orant\jdk\bin;C:\Program Files (x86)\Intel\Intel(R) Memory And Storage Tool\;C:\Program Files\Git\cmd;C:\Program Files\nodejs\;C:\instantclient_12_1\;C:\Users\Apolo\AppData\Local\Microsoft\WindowsApps;C:\Users\Apolo\AppData\Local\Programs\Microsoft VS Code\bin;C:\Users\Apolo\AppData\Roaming\npm;C:\Users\Apolo\AppData\Local\atom\bin
USERNAME=Apolo
OS=Windows_NT
PROCESSOR_IDENTIFIER=Intel64 Family 6 Model 126 Stepping 5, GenuineIntel



---------------  S Y S T E M  ---------------

OS: Windows 10.0 , 64 bit Build 19041 (10.0.19041.804)

CPU:total 8 (initial active 8) (4 cores per cpu, 2 threads per core) family 6 model 126 stepping 5, cmov, cx8, fxsr, mmx, sse, sse2, sse3, ssse3, sse4.1, sse4.2, popcnt, avx, avx2, aes, clmul, erms, 3dnowpref, lzcnt, ht, tsc, tscinvbit, bmi1, bmi2, adx

Memory: 4k page, physical 8165048k(854928k free), swap 11736884k(4148k free)

vm_info: OpenJDK 64-Bit Server VM (25.242-b01) for windows-amd64 JRE (1.8.0_242-release-1644-b01), built by "builder" with MS VC++ 10.0 (VS2010)

time: Mon Mar 22 11:13:11 2021
timezone: Hora de verano de Paraguay
elapsed time: 8 seconds (0d 0h 0m 8s)

