#
# There is insufficient memory for the Java Runtime Environment to continue.
# Native memory allocation (mmap) failed to map 132120576 bytes for Failed to commit area from 0x0000000083600000 to 0x000000008b400000 of length 132120576.
# Possible reasons:
#   The system is out of physical RAM or swap space
#   The process is running with CompressedOops enabled, and the Java Heap may be blocking the growth of the native heap
# Possible solutions:
#   Reduce memory load on the system
#   Increase physical memory or swap space
#   Check if swap backing store is full
#   Decrease Java heap size (-Xmx/-Xms)
#   Decrease number of Java threads
#   Decrease Java thread stack sizes (-Xss)
#   Set larger code cache with -XX:ReservedCodeCacheSize=
# This output file may be truncated or incomplete.
#
#  Out of Memory Error (./src/hotspot/os/windows/os_windows.cpp:3303), pid=44296, tid=13552
#
# JRE version:  (11.0.8+10) (build )
# Java VM: OpenJDK 64-Bit Server VM (11.0.8+10-b944.6842174, mixed mode, sharing, tiered, compressed oops, g1 gc, windows-amd64)
# No core dump will be written. Minidumps are not enabled by default on client versions of Windows
#

---------------  S U M M A R Y ------------

Command Line: org.jetbrains.kotlin.cli.jvm.K2JVMCompiler -Xallow-no-source-files -classpath C:\Android\Proyecto\VendedoresKT\ApoloVendedor\app\build\intermediates\compile_and_runtime_not_namespaced_r_class_jar\debug\R.jar;C:\Users\Apolo\.gradle\caches\transforms-2\files-2.1\a3462063c8889a290a5c9b63113e162b\jetified-ksoap2-android-assembly-3.6.2-jar-with-dependencies.jar;C:\Users\Apolo\.gradle\caches\transforms-2\files-2.1\17e890f7e92dc0cd2f258cfc60d163dd\jetified-kotlin-android-extensions-runtime-1.3.72.jar;C:\Users\Apolo\.gradle\caches\transforms-2\files-2.1\cda5dd36e4332590ba81c9a14d8d3b6d\jetified-kotlin-stdlib-jdk7-1.3.72.jar;C:\Users\Apolo\.gradle\caches\transforms-2\files-2.1\e4d1bf96a8a31d302c15ce6e0f3890e4\jetified-core-ktx-1.2.0-api.jar;C:\Users\Apolo\.gradle\caches\transforms-2\files-2.1\d1d99915ce9eef39028903e9084c3723\jetified-kotlin-stdlib-1.3.72.jar;C:\Users\Apolo\.gradle\caches\transforms-2\files-2.1\c4f5ae3e18bce4942bc1933a58657204\jetified-kotlin-stdlib-common-1.3.72.jar;C:\Users\Apolo\.gradle\caches\transforms-2\files-2.1\9e61d392d4976d8da6b634e39f78f668\jetified-annotations-13.0.jar;C:\Users\Apolo\.gradle\caches\transforms-2\files-2.1\b2f44207a73a3e7f2ecc622d1bf6deda\material-1.0.0-api.jar;C:\Users\Apolo\.gradle\caches\transforms-2\files-2.1\a281e6495a1d9c803c08d7a6a47b6a52\appcompat-1.1.0-api.jar;C:\Users\Apolo\.gradle\caches\transforms-2\files-2.1\665c80b621164ebed2f874f2d95fb49b\cardview-1.0.0-api.jar;C:\Users\Apolo\.gradle\caches\transforms-2\files-2.1\ccd82f5f54930d9b0a3a7d1933d360bf\gridlayout-1.0.0-api.jar;C:\Users\Apolo\.gradle\caches\transforms-2\files-2.1\ae3921d81826a65bdb895b21404903c0\jetified-play-services-maps-17.0.0-api.jar;C:\Users\Apolo\.gradle\caches\transforms-2\files-2.1\5e7dabb393b1313697538d9458ebb5d2\lifecycle-extensions-2.0.0-api.jar;C:\Users\Apolo\.gradle\caches\transforms-2\files-2.1\4d4cf2838e5e44cca9ee8eecad9acfb1\jetified-play-services-base-17.0.0-api.jar;C:\Users\Apolo\.gradle\caches\transforms-2\files-2.1\1b5173f5d558dfe30ad04d3777399a2d\jetified-play-services-tasks-17.0.0-api.jar;C:\Users\Apolo\.gradle\caches\transforms-2\files-2.1\93a1ccc75f989b2e7abe4fe1f768916f\jetified-play-services-basement-17.0.0-api.jar;C:\Users\Apolo\.gradle\caches\transforms-2\files-2.1\870d30705a9b43e7a805bdd8767858a6\fragment-1.1.0-api.jar;C:\Users\Apolo\.gradle\caches\transforms-2\files-2.1\97acf307a9f0578081ef5f4e753d4b34\jetified-appcompat-resources-1.1.0-api.jar;C:\Users\Apolo\.gradle\caches\transforms-2\files-2.1\01fa48e5176d7318dc70a631c5bbac83\recyclerview-1.0.0-api.jar;C:\Users\Apolo\.gradle\caches\transforms-2\files-2.1\ce5d3d95474b3fd558899a89cc4060eb\legacy-support-core-ui-1.0.0-api.jar;C:\Users\Apolo\.gradle\caches\transforms-2\files-2.1\6c8c6681c6811b3bbe5ffba455b5c180\drawerlayout-1.0.0-api.jar;C:\Users\Apolo\.gradle\caches\transforms-2\files-2.1\122f45880e5959bcead2d6079f9d7162\legacy-support-core-utils-1.0.0-api.jar;C:\Users\Apolo\.gradle\caches\transforms-2\files-2.1\3f0f0aadb6282f04d591df00cbfe84a1\transition-1.0.0-api.jar;C:\Users\Apolo\.gradle\caches\transforms-2\files-2.1\27b6ac02855edda412cffa4c1a55df09\viewpager-1.0.0-api.jar;C:\Users\Apolo\.gradle\caches\transforms-2\files-2.1\ff696950f8abc31df94ff96c97be93db\loader-1.0.0-api.jar;C:\Users\Apolo\.gradle\caches\transforms-2\files-2.1\eb0d531f2c31bc06cd8b0c3a5ecf31f9\jetified-activity-1.0.0-api.jar;C:\Users\Apolo\.gradle\caches\transforms-2\files-2.1\17136cdf314bcbd039444257e48c41de\vectordrawable-animated-1.1.0-api.jar;C:\Users\Apolo\.gradle\caches\transforms-2\files-2.1\4b28d2081678a671d31e6b66045dc666\vectordrawable-1.1.0-api.jar;C:\Users\Apolo\.gradle\caches\transforms-2\files-2.1\2297a48ac29256c4bfa6ffcbb3f67f8a\coordinatorlayout-1.0.0-api.jar;C:\Users\Apolo\.gradle\caches\transforms-2\files-2.1\843d99380aa678d51f3f4d96f8356764\slidingpanelayout-1.0.0-api.jar;C:\Users\Apolo\.gradle\caches\transforms-2\files-2.1\460ad55047b8c3a24f0066da4c6c940b\customview-1.0.0-api.jar;C:\Users\Apolo\.gradle\caches\transforms-2\files-2.1\b3493de0d6ae93220466ab69bb38df70\swiperefreshlayout-1.0.0-api.jar;C:\Users\Apolo\.gradle\caches\transforms-2\files-2.1\c8b732492e2d0aabe350a8f94c594c8d\asynclayoutinflater-1.0.0-api.jar;C:\Users\Apolo\.gradle\caches\transforms-2\files-2.1\e1bde767fc050ef41030fca60a756499\core-1.2.0-api.jar;C:\Users\Apolo\.gradle\caches\transforms-2\files-2.1\38344686c2f5628ec7e6916b92203872\cursoradapter-1.0.0-api.jar;C:\Users\Apolo\.gradle\caches\transforms-2\files-2.1\407cc07f87a845868dca765a2b55d656\versionedparcelable-1.1.0-api.jar;C:\Users\Apolo\.gradle\caches\modules-2\files-2.1\androidx.collection\collection\1.1.0\1f27220b47669781457de0d600849a5de0e89909\collection-1.1.0.jar;C:\Users\Apolo\.gradle\caches\transforms-2\files-2.1\d0adfa33589489d7a599c8e69232c66b\jetified-lifecycle-process-2.0.0-api.jar;C:\Users\Apolo\.gradle\caches\transforms-2\files-2.1\010f4c329867711e9a5add3071a86f60\jetified-lifecycle-service-2.0.0-api.jar;C:\Users\Apolo\.gradle\caches\transforms-2\files-2.1\33fb4af6c5f782e1a7825256b520c9a1\lifecycle-runtime-2.1.0-api.jar;C:\Users\Apolo\.gradle\caches\transforms-2\files-2.1\706a841b7089256511afcb4928331c4c\lifecycle-livedata-2.0.0-api.jar;C:\Users\Apolo\.gradle\caches\transforms-2\files-2.1\4c2f11042956129e8e8c556f3aba4788\lifecycle-livedata-core-2.0.0-api.jar;C:\Users\Apolo\.gradle\caches\transforms-2\files-2.1\5a92467f509d82fcc54f83e19f2200a8\core-runtime-2.0.0-api.jar;C:\Users\Apolo\.gradle\caches\transforms-2\files-2.1\cad3c89166b90330eda90c5defe56484\jetified-savedstate-1.0.0-api.jar;C:\Users\Apolo\.gradle\caches\modules-2\files-2.1\androidx.arch.core\core-common\2.1.0\b3152fc64428c9354344bd89848ecddc09b6f07e\core-common-2.1.0.jar;C:\Users\Apolo\.gradle\caches\modules-2\files-2.1\androidx.lifecycle\lifecycle-common\2.1.0\c67e7807d9cd6c329b9d0218b2ec4e505dd340b7\lifecycle-common-2.1.0.jar;C:\Users\Apolo\.gradle\caches\transforms-2\files-2.1\59c1aefa85cf5279fdb0386bf3467b2e\lifecycle-viewmodel-2.1.0-api.jar;C:\Users\Apolo\.gradle\caches\transforms-2\files-2.1\5f3fb32888ab4dfc976e52ccbcb6f1a5\interpolator-1.0.0-api.jar;C:\Users\Apolo\.gradle\caches\transforms-2\files-2.1\308137e91a49f79538f879b6b6fb3311\documentfile-1.0.0-api.jar;C:\Users\Apolo\.gradle\caches\transforms-2\files-2.1\d905afa0c3e62cc09e66b912b0919e9d\localbroadcastmanager-1.0.0-api.jar;C:\Users\Apolo\.gradle\caches\transforms-2\files-2.1\50989279eb8dacf5cf6730b2d095c69d\print-1.0.0-api.jar;C:\Users\Apolo\.gradle\caches\modules-2\files-2.1\androidx.annotation\annotation\1.1.0\e3a6fb2f40e3a3842e6b7472628ba4ce416ea4c8\annotation-1.1.0.jar;C:\Users\Apolo\.gradle\caches\transforms-2\files-2.1\3e1fdabda7bfa60f35e65c3332d92d79\constraintlayout-1.1.3-api.jar;C:\Users\Apolo\.gradle\caches\modules-2\files-2.1\androidx.constraintlayout\constraintlayout-solver\1.1.3\54abe9ffb22cc9019b0b6fcc10f185cc4e67b34e\constraintlayout-solver-1.1.3.jar;C:\Users\Apolo\.gradle\caches\transforms-2\files-2.1\98d9884949b06c24e2341c2af69eaf11\jetified-MPAndroidChart-v3.0.2.jar;C:\Users\Apolo\AppData\Local\Android\Sdk\platforms\android-29\android.jar -d C:\Android\Proyecto\VendedoresKT\ApoloVendedor\app\build\tmp\kotlin-classes\debug -Xjava-source-roots=C:\Android\Proyecto\VendedoresKT\ApoloVendedor\app\build\generated\source\buildConfig\debug -module-name app_debug -no-jdk -no-reflect -no-stdlib -Xcommon-sources=C:\Android\Proyecto\VendedoresKT\ApoloVendedor\app\src\main\java\apolo\vendedores\com\configurar\AcercaDe.kt,C:\Android\Proyecto\VendedoresKT\ApoloVendedor\app\src\main\java\apolo\vendedores\com\configurar\ActualizarVersion.kt,C:\Android\Proyecto\VendedoresKT\ApoloVendedor\app\src\main\java\apolo\vendedores\com\configurar\CalcularClavePrueba.kt,C:\Android\Proyecto\VendedoresKT\ApoloVendedor\app\src\main\java\apolo\vendedores\com\configurar\ConfigurarUsuario.kt,C:\Android\Proyecto\VendedoresKT\ApoloVendedor\app\src\main\java\apolo\vendedores\com\informes\CorteDeStock.kt,C:\Android\Proyecto\VendedoresKT\ApoloVendedor\app\src\main\java\apolo\vendedores\com\informes\EstadoDePedidos.kt,C:\Android\Proyecto\VendedoresKT\ApoloVendedor\app\src\main\java\apolo\vendedores\com\informes\EvolucionDiariaDeVentas.kt,C:\Android\Proyecto\VendedoresKT\ApoloVendedor\app\src\main\java\apolo\vendedores\com\informes\ListaDePrecios.kt,C:\Android\Proyecto\VendedoresKT\ApoloVendedor\app\src\main\java\apolo\vendedores\com\informes\PedidosEnReparto.kt,C:\Android\Proyecto\VendedoresKT\ApoloVendedor\app\src\main\java\apolo\vendedores\com\informes\PreciosModificados.kt,C:\Android\Proyecto\VendedoresKT\ApoloVendedor\app\src\main\java\apolo\vendedores\com\informes\RebotesPorCliente.kt,C:\Android\Proyecto\VendedoresKT\ApoloVendedor\app\src\main\java\apolo\vendedores\com\informes\RuteoSemanal.kt,C:\Android\Proyecto\VendedoresKT\ApoloVendedor\app\src\main\java\apolo\vendedores\com\MainActivity.kt,C:\Android\Proyecto\VendedoresKT\ApoloVendedor\app\src\main\java\apolo\vendedores\com\MainActivity2.kt,C:\Android\Proyecto\VendedoresKT\ApoloVendedor\app\src\main\java\apolo\vendedores\com\menu\DialogoMenu.kt,C:\Android\Proyecto\VendedoresKT\ApoloVendedor\app\src\main\java\apolo\vendedores\com\prueba\VentanaAuxiliar.kt,C:\Android\Proyecto\VendedoresKT\ApoloVendedor\app\src\main\java\apolo\vendedores\com\reportes\AvanceDeComisiones.kt,C:\Android\Proyecto\VendedoresKT\ApoloVendedor\app\src\main\java\apolo\vendedores\com\reportes\CanastaDeClientes.kt,C:\Android\Proyecto\VendedoresKT\ApoloVendedor\app\src\main\java\apolo\vendedores\com\reportes\CanastaDeMarcas.kt,C:\Android\Proyecto\VendedoresKT\ApoloVendedor\app\src\main\java\apolo\vendedores\com\reportes\CoberturaSemanal.kt,C:\Android\Proyecto\VendedoresKT\ApoloVendedor\app\src\main\java\apolo\vendedores\com\reportes\ComprobantesPendientes.kt,C:\Android\Proyecto\VendedoresKT\ApoloVendedor\app\src\main\java\apolo\vendedores\com\reportes\ExtractoDeSalario.kt,C:\Android\Proyecto\VendedoresKT\ApoloVendedor\app\src\main\java\apolo\vendedores\com\reportes\ProduccionSemanal.kt,C:\Android\Proyecto\VendedoresKT\ApoloVendedor\app\src\main\java\apolo\vendedores\com\reportes\SeguimientoDeVisitas.kt,C:\Android\Proyecto\VendedoresKT\ApoloVendedor\app\src\main\java\apolo\vendedores\com\reportes\SubAvanceDeComisiones.kt,C:\Android\Proyecto\VendedoresKT\ApoloVendedor\app\src\main\java\apolo\vendedores\com\reportes\SubVentasPorClientes.kt,C:\Android\Proyecto\VendedoresKT\ApoloVendedor\app\src\main\java\apolo\vendedores\com\reportes\SubVentasPorMarcas.kt,C:\Android\Proyecto\VendedoresKT\ApoloVendedor\app\src\main\java\apolo\vendedores\com\reportes\VariablesMensuales.kt,C:\Android\Proyecto\VendedoresKT\ApoloVendedor\app\src\main\java\apolo\vendedores\com\reportes\VentasPorCliente.kt,C:\Android\Proyecto\VendedoresKT\ApoloVendedor\app\src\main\java\apolo\vendedores\com\reportes\VentasPorMarca.kt,C:\Android\Proyecto\VendedoresKT\ApoloVendedor\app\src\main\java\apolo\vendedores\com\utilidades\Adapter.kt,C:\Android\Proyecto\VendedoresKT\ApoloVendedor\app\src\main\java\apolo\vendedores\com\utilidades\Clave.kt,C:\Android\Proyecto\VendedoresKT\ApoloVendedor\app\src\main\java\apolo\vendedores\com\utilidades\ConexionWS.kt,C:\Android\Proyecto\VendedoresKT\ApoloVendedor\app\src\main\java\apolo\vendedores\com\utilidades\ConsultasInicio.kt,C:\Android\Proyecto\VendedoresKT\ApoloVendedor\app\src\main\java\apolo\vendedores\com\utilidades\DialogoAutorizacion.kt,C:\Android\Proyecto\VendedoresKT\ApoloVendedor\app\src\main\java\apolo\vendedores\com\utilidades\DialogoBusqueda.kt,C:\Android\Proyecto\VendedoresKT\ApoloVendedor\app\src\main\java\apolo\vendedores\com\utilidades\DialogoCalendario.kt,C:\Android\Proyecto\VendedoresKT\ApoloVendedor\app\src\main\java\apolo\vendedores\com\utilidades\FuncionesConsultor.kt,C:\Android\Proyecto\VendedoresKT\ApoloVendedor\app\src\main\java\apolo\vendedores\com\utilidades\FuncionesDispositivo.kt,C:\Android\Proyecto\VendedoresKT\ApoloVendedor\app\src\main\java\apolo\vendedores\com\utilidades\FuncionesFoto.kt,C:\Android\Proyecto\VendedoresKT\ApoloVendedor\app\src\main\java\apolo\vendedores\com\utilidades\FuncionesSpinner.kt,C:\Android\Proyecto\VendedoresKT\ApoloVendedor\app\src\main\java\apolo\vendedores\com\utilidades\FuncionesUbicacion.kt,C:\Android\Proyecto\VendedoresKT\ApoloVendedor\app\src\main\java\apolo\vendedores\com\utilidades\FuncionesUtiles.kt,C:\Android\Proyecto\VendedoresKT\ApoloVendedor\app\src\main\java\apolo\vendedores\com\utilidades\GenericFileProvider.kt,C:\Android\Proyecto\VendedoresKT\ApoloVendedor\app\src\main\java\apolo\vendedores\com\utilidades\Graficos.kt,C:\Android\Proyecto\VendedoresKT\ApoloVendedor\app\src\main\java\apolo\vendedores\com\utilidades\ItemAbrir.kt,C:\Android\Proyecto\VendedoresKT\ApoloVendedor\app\src\main\java\apolo\vendedores\com\utilidades\Mapa.kt,C:\Android\Proyecto\VendedoresKT\ApoloVendedor\app\src\main\java\apolo\vendedores\com\utilidades\MapaCatastro.kt,C:\Android\Proyecto\VendedoresKT\ApoloVendedor\app\src\main\java\apolo\vendedores\com\utilidades\SentenciasSQL.kt,C:\Android\Proyecto\VendedoresKT\ApoloVendedor\app\src\main\java\apolo\vendedores\com\utilidades\Sincronizacion.kt,C:\Android\Proyecto\VendedoresKT\ApoloVendedor\app\src\main\java\apolo\vendedores\com\utilidades\TablasSincronizacion.kt,C:\Android\Proyecto\VendedoresKT\ApoloVendedor\app\src\main\java\apolo\vendedores\com\utilidades\UtilidadesBD.kt,C:\Android\Proyecto\VendedoresKT\ApoloVendedor\app\src\main\java\apolo\vendedores\com\ventas\asistencia\EnviarMarcacion.kt,C:\Android\Proyecto\VendedoresKT\ApoloVendedor\app\src\main\java\apolo\vendedores\com\ventas\asistencia\Marcacion.kt,C:\Android\Proyecto\VendedoresKT\ApoloVendedor\app\src\main\java\apolo\vendedores\com\ventas\baja\Baja.kt,C:\Android\Proyecto\VendedoresKT\ApoloVendedor\app\src\main\java\apolo\vendedores\com\ventas\baja\EnviarBaja.kt,C:\Android\Proyecto\VendedoresKT\ApoloVendedor\app\src\main\java\apolo\vendedores\com\ventas\catastro\CatastrarCliente.kt,C:\Android\Proyecto\VendedoresKT\ApoloVendedor\app\src\main\java\apolo\vendedores\com\ventas\ConsultaClientesNoPositivados.kt,C:\Android\Proyecto\VendedoresKT\ApoloVendedor\app\src\main\java\apolo\vendedores\com\ventas\ConsultaDatosDeCliente.kt,C:\Android\Proyecto\VendedoresKT\ApoloVendedor\app\src\main\java\apolo\vendedores\com\ventas\ConsultaPedidos.kt,C:\Android\Proyecto\VendedoresKT\ApoloVendedor\app\src\main\java\apolo\vendedores\com\ventas\Deuda.kt,C:\Android\Proyecto\VendedoresKT\ApoloVendedor\app\src\main\java\apolo\vendedores\com\ventas\DeudaDeClientes.kt,C:\Android\Proyecto\VendedoresKT\ApoloVendedor\app\src\main\java\apolo\vendedores\com\ventas\DialogoPedidos.kt,C:\Android\Proyecto\VendedoresKT\ApoloVendedor\app\src\main\java\apolo\vendedores\com\ventas\DialogoPromocion.kt,C:\Android\Proyecto\VendedoresKT\ApoloVendedor\app\src\main\java\apolo\vendedores\com\ventas\EnviarModificacion.kt,C:\Android\Proyecto\VendedoresKT\ApoloVendedor\app\src\main\java\apolo\vendedores\com\ventas\EnviarPedido.kt,C:\Android\Proyecto\VendedoresKT\ApoloVendedor\app\src\main\java\apolo\vendedores\com\ventas\justificacion\NoVenta.kt,C:\Android\Proyecto\VendedoresKT\ApoloVendedor\app\src\main\java\apolo\vendedores\com\ventas\ListaClientes.kt,C:\Android\Proyecto\VendedoresKT\ApoloVendedor\app\src\main\java\apolo\vendedores\com\ventas\ModificarCliente.kt,C:\Android\Proyecto\VendedoresKT\ApoloVendedor\app\src\main\java\apolo\vendedores\com\ventas\Pedidos.kt,C:\Android\Proyecto\VendedoresKT\ApoloVendedor\app\src\main\java\apolo\vendedores\com\ventas\Promociones.kt,C:\Android\Proyecto\VendedoresKT\ApoloVendedor\app\src\main\java\apolo\vendedores\com\ventas\Promotores.kt,C:\Android\Proyecto\VendedoresKT\ApoloVendedor\app\src\main\java\apolo\vendedores\com\ventas\PromotoresBaja.kt,C:\Android\Proyecto\VendedoresKT\ApoloVendedor\app\src\main\java\apolo\vendedores\com\ventas\PromotoresCatastro.kt,C:\Android\Proyecto\VendedoresKT\ApoloVendedor\app\src\main\java\apolo\vendedores\com\ventas\sd\EnviarSD.kt,C:\Android\Proyecto\VendedoresKT\ApoloVendedor\app\src\main\java\apolo\vendedores\com\ventas\sd\SolicitudDevolucion.kt -Xplugin=C:\Users\Apolo\.gradle\caches\modules-2\files-2.1\org.jetbrains.intellij.deps\trove4j\1.0.20181211\216c2e14b070f334479d800987affe4054cd563f\trove4j-1.0.20181211.jar,C:\Users\Apolo\.gradle\caches\modules-2\files-2.1\org.jetbrains.kotlin\kotlin-android-extensions\1.3.72\ecbb105a12a9766d2188f454b3bc3aab46cb80b6\kotlin-android-extensions-1.3.72.jar,C:\Users\Apolo\.gradle\caches\modules-2\files-2.1\org.jetbrains.kotlin\kotlin-compiler-embeddable\1.3.72\fb72232c8fa977d5e07d33c43381ddbdc5edab6\kotlin-compiler-embeddable-1.3.72.jar,C:\Users\Apolo\.gradle\caches\modules-2\files-2.1\org.jetbrains.kotlin\kotlin-daemon-embeddable\1.3.72\53bbaa2816dbf6bdb85f629451b1fcc88f2164d2\kotlin-daemon-embeddable-1.3.72.jar,C:\Users\Apolo\.gradle\caches\modules-2\files-2.1\org.jetbrains.kotlin\kotlin-reflect\1.3.72\86613e1a669a701b0c660bfd2af4f82a7ae11fca\kotlin-reflect-1.3.72.jar,C:\Users\Apolo\.gradle\caches\modules-2\files-2.1\org.jetbrains.kotlin\kotlin-script-runtime\1.3.72\657d8d34d91e1964b4439378c09933e840bfe8d5\kotlin-script-runtime-1.3.72.jar,C:\Users\Apolo\.gradle\caches\modules-2\files-2.1\org.jetbrains.kotlin\kotlin-stdlib-common\1.3.72\6ca8bee3d88957eaaaef077c41c908c9940492d8\kotlin-stdlib-common-1.3.72.jar,C:\Users\Apolo\.gradle\caches\modules-2\files-2.1\org.jetbrains.kotlin\kotlin-stdlib\1.3.72\8032138f12c0180bc4e51fe139d4c52b46db6109\kotlin-stdlib-1.3.72.jar,C:\Users\Apolo\.gradle\caches\modules-2\files-2.1\org.jetbrains\annotations\13.0\919f0dfe192fb4e063e7dacadee7f8bb9a2672a9\annotations-13.0.jar -P plugin:org.jetbrains.kotlin.android:configuration=rO0ABXeZAAAAAwAIZmVhdHVyZXMAAAABAA92aWV3cyxwYXJjZWxpemUAB3BhY2thZ2UAAAABABRhcG9sby52ZW5kZWRvcmVzLmNvbQAHdmFyaWFudAAAAAEARG1haW47QzpcQW5kcm9pZFxQcm95ZWN0b1xWZW5kZWRvcmVzS1RcQXBvbG9WZW5kZWRvclxhcHBcc3JjXG1haW5ccmVz C:\Android\Proyecto\VendedoresKT\ApoloVendedor\app\src\main\java\apolo\vendedores\com\configurar\AcercaDe.kt C:\Android\Proyecto\VendedoresKT\ApoloVendedor\app\src\main\java\apolo\vendedores\com\configurar\ActualizarVersion.kt C:\Android\Proyecto\VendedoresKT\ApoloVendedor\app\src\main\java\apolo\vendedores\com\configurar\CalcularClavePrueba.kt C:\Android\Proyecto\VendedoresKT\ApoloVendedor\app\src\main\java\apolo\vendedores\com\configurar\ConfigurarUsuario.kt C:\Android\Proyecto\VendedoresKT\ApoloVendedor\app\src\main\java\apolo\vendedores\com\informes\CorteDeStock.kt C:\Android\Proyecto\VendedoresKT\ApoloVendedor\app\src\main\java\apolo\vendedores\com\informes\EstadoDePedidos.kt C:\Android\Proyecto\VendedoresKT\ApoloVendedor\app\src\main\java\apolo\vendedores\com\informes\EvolucionDiariaDeVentas.kt C:\Android\Proyecto\VendedoresKT\ApoloVendedor\app\src\main\java\apolo\vendedores\com\informes\ListaDePrecios.kt C:\Android\Proyecto\VendedoresKT\ApoloVendedor\app\src\main\java\apolo\vendedores\com\informes\PedidosEnReparto.kt C:\Android\Proyecto\VendedoresKT\ApoloVendedor\app\src\main\java\apolo\vendedores\com\informes\PreciosModificados.kt C:\Android\Proyecto\VendedoresKT\ApoloVendedor\app\src\main\java\apolo\vendedores\com\informes\RebotesPorCliente.kt C:\Android\Proyecto\VendedoresKT\ApoloVendedor\app\src\main\java\apolo\vendedores\com\informes\RuteoSemanal.kt C:\Android\Proyecto\VendedoresKT\ApoloVendedor\app\src\main\java\apolo\vendedores\com\MainActivity.kt C:\Android\Proyecto\VendedoresKT\ApoloVendedor\app\src\main\java\apolo\vendedores\com\MainActivity2.kt C:\Android\Proyecto\VendedoresKT\ApoloVendedor\app\src\main\java\apolo\vendedores\com\menu\DialogoMenu.kt C:\Android\Proyecto\VendedoresKT\ApoloVendedor\app\src\main\java\apolo\vendedores\com\prueba\VentanaAuxiliar.kt C:\Android\Proyecto\VendedoresKT\ApoloVendedor\app\src\main\java\apolo\vendedores\com\reportes\AvanceDeComisiones.kt C:\Android\Proyecto\VendedoresKT\ApoloVendedor\app\src\main\java\apolo\vendedores\com\reportes\CanastaDeClientes.kt C:\Android\Proyecto\VendedoresKT\ApoloVendedor\app\src\main\java\apolo\vendedores\com\reportes\CanastaDeMarcas.kt C:\Android\Proyecto\VendedoresKT\ApoloVendedor\app\src\main\java\apolo\vendedores\com\reportes\CoberturaSemanal.kt C:\Android\Proyecto\VendedoresKT\ApoloVendedor\app\src\main\java\apolo\vendedores\com\reportes\ComprobantesPendientes.kt C:\Android\Proyecto\VendedoresKT\ApoloVendedor\app\src\main\java\apolo\vendedores\com\reportes\ExtractoDeSalario.kt C:\Android\Proyecto\VendedoresKT\ApoloVendedor\app\src\main\java\apolo\vendedores\com\reportes\ProduccionSemanal.kt C:\Android\Proyecto\VendedoresKT\ApoloVendedor\app\src\main\java\apolo\vendedores\com\reportes\SeguimientoDeVisitas.kt C:\Android\Proyecto\VendedoresKT\ApoloVendedor\app\src\main\java\apolo\vendedores\com\reportes\SubAvanceDeComisiones.kt C:\Android\Proyecto\VendedoresKT\ApoloVendedor\app\src\main\java\apolo\vendedores\com\reportes\SubVentasPorClientes.kt C:\Android\Proyecto\VendedoresKT\ApoloVendedor\app\src\main\java\apolo\vendedores\com\reportes\SubVentasPorMarcas.kt C:\Android\Proyecto\VendedoresKT\ApoloVendedor\app\src\main\java\apolo\vendedores\com\reportes\VariablesMensuales.kt C:\Android\Proyecto\VendedoresKT\ApoloVendedor\app\src\main\java\apolo\vendedores\com\reportes\VentasPorCliente.kt C:\Android\Proyecto\VendedoresKT\ApoloVendedor\app\src\main\java\apolo\vendedores\com\reportes\VentasPorMarca.kt C:\Android\Proyecto\VendedoresKT\ApoloVendedor\app\src\main\java\apolo\vendedores\com\utilidades\Adapter.kt C:\Android\Proyecto\VendedoresKT\ApoloVendedor\app\src\main\java\apolo\vendedores\com\utilidades\Clave.kt C:\Android\Proyecto\VendedoresKT\ApoloVendedor\app\src\main\java\apolo\vendedores\com\utilidades\ConexionWS.kt C:\Android\Proyecto\VendedoresKT\ApoloVendedor\app\src\main\java\apolo\vendedores\com\utilidades\ConsultasInicio.kt C:\Android\Proyecto\VendedoresKT\ApoloVendedor\app\src\main\java\apolo\vendedores\com\utilidades\DialogoAutorizacion.kt C:\Android\Proyecto\VendedoresKT\ApoloVendedor\app\src\main\java\apolo\vendedores\com\utilidades\DialogoBusqueda.kt C:\Android\Proyecto\VendedoresKT\ApoloVendedor\app\src\main\java\apolo\vendedores\com\utilidades\DialogoCalendario.kt C:\Android\Proyecto\VendedoresKT\ApoloVendedor\app\src\main\java\apolo\vendedores\com\utilidades\FuncionesConsultor.kt C:\Android\Proyecto\VendedoresKT\ApoloVendedor\app\src\main\java\apolo\vendedores\com\utilidades\FuncionesDispositivo.kt C:\Android\Proyecto\VendedoresKT\ApoloVendedor\app\src\main\java\apolo\vendedores\com\utilidades\FuncionesFoto.kt C:\Android\Proyecto\VendedoresKT\ApoloVendedor\app\src\main\java\apolo\vendedores\com\utilidades\FuncionesSpinner.kt C:\Android\Proyecto\VendedoresKT\ApoloVendedor\app\src\main\java\apolo\vendedores\com\utilidades\FuncionesUbicacion.kt C:\Android\Proyecto\VendedoresKT\ApoloVendedor\app\src\main\java\apolo\vendedores\com\utilidades\FuncionesUtiles.kt C:\Android\Proyecto\VendedoresKT\ApoloVendedor\app\src\main\java\apolo\vendedores\com\utilidades\GenericFileProvider.kt C:\Android\Proyecto\VendedoresKT\ApoloVendedor\app\src\main\java\apolo\vendedores\com\utilidades\Graficos.kt C:\Android\Proyecto\VendedoresKT\ApoloVendedor\app\src\main\java\apolo\vendedores\com\utilidades\ItemAbrir.kt C:\Android\Proyecto\VendedoresKT\ApoloVendedor\app\src\main\java\apolo\vendedores\com\utilidades\Mapa.kt C:\Android\Proyecto\VendedoresKT\ApoloVendedor\app\src\main\java\apolo\vendedores\com\utilidades\MapaCatastro.kt C:\Android\Proyecto\VendedoresKT\ApoloVendedor\app\src\main\java\apolo\vendedores\com\utilidades\SentenciasSQL.kt C:\Android\Proyecto\VendedoresKT\ApoloVendedor\app\src\main\java\apolo\vendedores\com\utilidades\Sincronizacion.kt C:\Android\Proyecto\VendedoresKT\ApoloVendedor\app\src\main\java\apolo\vendedores\com\utilidades\TablasSincronizacion.kt C:\Android\Proyecto\VendedoresKT\ApoloVendedor\app\src\main\java\apolo\vendedores\com\utilidades\UtilidadesBD.kt C:\Android\Proyecto\VendedoresKT\ApoloVendedor\app\src\main\java\apolo\vendedores\com\ventas\asistencia\EnviarMarcacion.kt C:\Android\Proyecto\VendedoresKT\ApoloVendedor\app\src\main\java\apolo\vendedores\com\ventas\asistencia\Marcacion.kt C:\Android\Proyecto\VendedoresKT\ApoloVendedor\app\src\main\java\apolo\vendedores\com\ventas\baja\Baja.kt C:\Android\Proyecto\VendedoresKT\ApoloVendedor\app\src\main\java\apolo\vendedores\com\ventas\baja\EnviarBaja.kt C:\Android\Proyecto\VendedoresKT\ApoloVendedor\app\src\main\java\apolo\vendedores\com\ventas\catastro\CatastrarCliente.kt C:\Android\Proyecto\VendedoresKT\ApoloVendedor\app\src\main\java\apolo\vendedores\com\ventas\ConsultaClientesNoPositivados.kt C:\Android\Proyecto\VendedoresKT\ApoloVendedor\app\src\main\java\apolo\vendedores\com\ventas\ConsultaDatosDeCliente.kt C:\Android\Proyecto\VendedoresKT\ApoloVendedor\app\src\main\java\apolo\vendedores\com\ventas\ConsultaPedidos.kt C:\Android\Proyecto\VendedoresKT\ApoloVendedor\app\src\main\java\apolo\vendedores\com\ventas\Deuda.kt C:\Android\Proyecto\VendedoresKT\ApoloVendedor\app\src\main\java\apolo\vendedores\com\ventas\DeudaDeClientes.kt C:\Android\Proyecto\VendedoresKT\ApoloVendedor\app\src\main\java\apolo\vendedores\com\ventas\DialogoPedidos.kt C:\Android\Proyecto\VendedoresKT\ApoloVendedor\app\src\main\java\apolo\vendedores\com\ventas\DialogoPromocion.kt C:\Android\Proyecto\VendedoresKT\ApoloVendedor\app\src\main\java\apolo\vendedores\com\ventas\EnviarModificacion.kt C:\Android\Proyecto\VendedoresKT\ApoloVendedor\app\src\main\java\apolo\vendedores\com\ventas\EnviarPedido.kt C:\Android\Proyecto\VendedoresKT\ApoloVendedor\app\src\main\java\apolo\vendedores\com\ventas\justificacion\NoVenta.kt C:\Android\Proyecto\VendedoresKT\ApoloVendedor\app\src\main\java\apolo\vendedores\com\ventas\ListaClientes.kt C:\Android\Proyecto\VendedoresKT\ApoloVendedor\app\src\main\java\apolo\vendedores\com\ventas\ModificarCliente.kt C:\Android\Proyecto\VendedoresKT\ApoloVendedor\app\src\main\java\apolo\vendedores\com\ventas\Pedidos.kt C:\Android\Proyecto\VendedoresKT\ApoloVendedor\app\src\main\java\apolo\vendedores\com\ventas\Promociones.kt C:\Android\Proyecto\VendedoresKT\ApoloVendedor\app\src\main\java\apolo\vendedores\com\ventas\Promotores.kt C:\Android\Proyecto\VendedoresKT\ApoloVendedor\app\src\main\java\apolo\vendedores\com\ventas\PromotoresBaja.kt C:\Android\Proyecto\VendedoresKT\ApoloVendedor\app\src\main\java\apolo\vendedores\com\ventas\PromotoresCatastro.kt C:\Android\Proyecto\VendedoresKT\ApoloVendedor\app\src\main\java\apolo\vendedores\com\ventas\sd\EnviarSD.kt C:\Android\Proyecto\VendedoresKT\ApoloVendedor\app\src\main\java\apolo\vendedores\com\ventas\sd\SolicitudDevolucion.kt

Host: Intel(R) Core(TM) i7-1065G7 CPU @ 1.30GHz, 8 cores, 7G,  Windows 10 , 64 bit Build 19041 (10.0.19041.1023)
Time: Fri Jun 25 10:18:26 2021 Hora estándar de Paraguay elapsed time: 0 seconds (0d 0h 0m 0s)

---------------  T H R E A D  ---------------

Current thread (0x00000194422d0800):  JavaThread "Unknown thread" [_thread_in_vm, id=13552, stack(0x0000006fc0000000,0x0000006fc0100000)]

Stack: [0x0000006fc0000000,0x0000006fc0100000]
Native frames: (J=compiled Java code, j=interpreted, Vv=VM code, C=native code)
V  [jvm.dll+0x5de50a]
V  [jvm.dll+0x7122f5]
V  [jvm.dll+0x71384d]
V  [jvm.dll+0x713f03]
V  [jvm.dll+0x23e728]
V  [jvm.dll+0x5db9a4]
V  [jvm.dll+0x5d0ae5]
V  [jvm.dll+0x2fb20b]
V  [jvm.dll+0x2fb17a]
V  [jvm.dll+0x2fb052]
V  [jvm.dll+0x2fff16]
V  [jvm.dll+0x348743]
V  [jvm.dll+0x348e46]
V  [jvm.dll+0x348843]
V  [jvm.dll+0x2d5d68]
V  [jvm.dll+0x2d6f07]
V  [jvm.dll+0x6f11f7]
V  [jvm.dll+0x6f29ec]
V  [jvm.dll+0x355cb9]
V  [jvm.dll+0x6d4ade]
V  [jvm.dll+0x3bdfe3]
V  [jvm.dll+0x3c0201]
C  [jli.dll+0x5373]
C  [ucrtbase.dll+0x21bb2]
C  [KERNEL32.DLL+0x17034]
C  [ntdll.dll+0x52651]


---------------  P R O C E S S  ---------------

Threads class SMR info:
_java_thread_list=0x0000019440127180, length=0, elements={
}

Java Threads: ( => current thread )

Other Threads:
  0x00000194422e9000 GCTaskThread "GC Thread#0" [stack: 0x0000006fc0100000,0x0000006fc0200000] [id=45644]
  0x0000019442317800 ConcurrentGCThread "G1 Main Marker" [stack: 0x0000006fc0200000,0x0000006fc0300000] [id=47400]
  0x0000019442319800 ConcurrentGCThread "G1 Conc#0" [stack: 0x0000006fc0300000,0x0000006fc0400000] [id=18508]

[error occurred during error reporting (printing all threads), id 0xc0000005, EXCEPTION_ACCESS_VIOLATION (0xc0000005) at pc=0x00007ffeaf006357]

VM state:not at safepoint (not fully initialized)

VM Mutex/Monitor currently owned by a thread:  ([mutex/lock_event])
[0x00000194422ceff0] Heap_lock - owner thread: 0x00000194422d0800

Heap address: 0x0000000083600000, size: 1994 MB, Compressed Oops mode: Non-zero based: 0x0000000083600000
Narrow klass base: 0x0000000000000000, Narrow klass shift: 0

GC Heap History (0 events):
No events

Deoptimization events (0 events):
No events

Classes redefined (0 events):
No events

Internal exceptions (0 events):
No events

Events (1 events):
Event: 0.009 Loaded shared library C:\Program Files\Android\Android Studio\jre\bin\zip.dll


Dynamic libraries:
0x00007ff6f4aa0000 - 0x00007ff6f4aaa000 	C:\Program Files\Android\Android Studio\jre\bin\java.exe
0x00007ffef2690000 - 0x00007ffef2885000 	C:\WINDOWS\SYSTEM32\ntdll.dll
0x00007ffef10f0000 - 0x00007ffef11ad000 	C:\WINDOWS\System32\KERNEL32.DLL
0x00007ffef0230000 - 0x00007ffef04f8000 	C:\WINDOWS\System32\KERNELBASE.dll
0x00007ffeeff40000 - 0x00007ffef0040000 	C:\WINDOWS\System32\ucrtbase.dll
0x00007ffedf350000 - 0x00007ffedf369000 	C:\Program Files\Android\Android Studio\jre\bin\jli.dll
0x00007ffee9a20000 - 0x00007ffee9a37000 	C:\Program Files\Android\Android Studio\jre\bin\VCRUNTIME140.dll
0x00007ffef1220000 - 0x00007ffef13c0000 	C:\WINDOWS\System32\USER32.dll
0x00007ffeefee0000 - 0x00007ffeeff02000 	C:\WINDOWS\System32\win32u.dll
0x00007ffef0f10000 - 0x00007ffef0f3a000 	C:\WINDOWS\System32\GDI32.dll
0x00007ffeefdd0000 - 0x00007ffeefedb000 	C:\WINDOWS\System32\gdi32full.dll
0x00007ffef0660000 - 0x00007ffef06fd000 	C:\WINDOWS\System32\msvcp_win.dll
0x00007ffed2200000 - 0x00007ffed249a000 	C:\WINDOWS\WinSxS\amd64_microsoft.windows.common-controls_6595b64144ccf1df_6.0.19041.1052_none_60b8f8fd71f5e8cb\COMCTL32.dll
0x00007ffef1f10000 - 0x00007ffef1fae000 	C:\WINDOWS\System32\msvcrt.dll
0x00007ffef15e0000 - 0x00007ffef1610000 	C:\WINDOWS\System32\IMM32.DLL
0x00007ffedf2b0000 - 0x00007ffedf34d000 	C:\Program Files\Android\Android Studio\jre\bin\msvcp140.dll
0x00007ffeaed20000 - 0x00007ffeaf7dc000 	C:\Program Files\Android\Android Studio\jre\bin\server\jvm.dll
0x00007ffef1420000 - 0x00007ffef14cc000 	C:\WINDOWS\System32\ADVAPI32.dll
0x00007ffef1d80000 - 0x00007ffef1e1b000 	C:\WINDOWS\System32\sechost.dll
0x00007ffef2060000 - 0x00007ffef218b000 	C:\WINDOWS\System32\RPCRT4.dll
0x00007ffef21c0000 - 0x00007ffef21c8000 	C:\WINDOWS\System32\PSAPI.DLL
0x00007ffeccca0000 - 0x00007ffeccca9000 	C:\WINDOWS\SYSTEM32\WSOCK32.dll
0x00007ffef1770000 - 0x00007ffef17db000 	C:\WINDOWS\System32\WS2_32.dll
0x00007ffed5a80000 - 0x00007ffed5aa7000 	C:\WINDOWS\SYSTEM32\WINMM.dll
0x00007ffeef960000 - 0x00007ffeef96a000 	C:\WINDOWS\SYSTEM32\VERSION.dll
0x00007ffeee630000 - 0x00007ffeee642000 	C:\WINDOWS\SYSTEM32\kernel.appcore.dll
0x00007ffee9a00000 - 0x00007ffee9a11000 	C:\Program Files\Android\Android Studio\jre\bin\verify.dll
0x00007ffeedbb0000 - 0x00007ffeedd94000 	C:\WINDOWS\SYSTEM32\DBGHELP.DLL
0x00007ffede930000 - 0x00007ffede95c000 	C:\WINDOWS\SYSTEM32\dbgcore.DLL
0x00007ffef0040000 - 0x00007ffef00c3000 	C:\WINDOWS\System32\bcryptPrimitives.dll
0x00007ffed3ea0000 - 0x00007ffed3ec9000 	C:\Program Files\Android\Android Studio\jre\bin\java.dll
0x00007ffeea0d0000 - 0x00007ffeea0db000 	C:\Program Files\Android\Android Studio\jre\bin\jimage.dll
0x00007ffee99e0000 - 0x00007ffee99f8000 	C:\Program Files\Android\Android Studio\jre\bin\zip.dll

dbghelp: loaded successfully - version: 4.0.5 - missing functions: none
symbol engine: initialized successfully - sym options: 0x614 - pdb path: .;C:\Program Files\Android\Android Studio\jre\bin;C:\WINDOWS\SYSTEM32;C:\WINDOWS\WinSxS\amd64_microsoft.windows.common-controls_6595b64144ccf1df_6.0.19041.1052_none_60b8f8fd71f5e8cb;C:\Program Files\Android\Android Studio\jre\bin\server

VM Arguments:
java_command: org.jetbrains.kotlin.cli.jvm.K2JVMCompiler -Xallow-no-source-files -classpath C:\Android\Proyecto\VendedoresKT\ApoloVendedor\app\build\intermediates\compile_and_runtime_not_namespaced_r_class_jar\debug\R.jar;C:\Users\Apolo\.gradle\caches\transforms-2\files-2.1\a3462063c8889a290a5c9b63113e162b\jetified-ksoap2-android-assembly-3.6.2-jar-with-dependencies.jar;C:\Users\Apolo\.gradle\caches\transforms-2\files-2.1\17e890f7e92dc0cd2f258cfc60d163dd\jetified-kotlin-android-extensions-runtime-1.3.72.jar;C:\Users\Apolo\.gradle\caches\transforms-2\files-2.1\cda5dd36e4332590ba81c9a14d8d3b6d\jetified-kotlin-stdlib-jdk7-1.3.72.jar;C:\Users\Apolo\.gradle\caches\transforms-2\files-2.1\e4d1bf96a8a31d302c15ce6e0f3890e4\jetified-core-ktx-1.2.0-api.jar;C:\Users\Apolo\.gradle\caches\transforms-2\files-2.1\d1d99915ce9eef39028903e9084c3723\jetified-kotlin-stdlib-1.3.72.jar;C:\Users\Apolo\.gradle\caches\transforms-2\files-2.1\c4f5ae3e18bce4942bc1933a58657204\jetified-kotlin-stdlib-common-1.3.72.jar;C:\Users\Apolo\.gradle\caches\transforms-2\files-2.1\9e61d392d4976d8da6b634e39f78f668\jetified-annotations-13.0.jar;C:\Users\Apolo\.gradle\caches\transforms-2\files-2.1\b2f44207a73a3e7f2ecc622d1bf6deda\material-1.0.0-api.jar;C:\Users\Apolo\.gradle\caches\transforms-2\files-2.1\a281e6495a1d9c803c08d7a6a47b6a52\appcompat-1.1.0-api.jar;C:\Users\Apolo\.gradle\caches\transforms-2\files-2.1\665c80b621164ebed2f874f2d95fb49b\cardview-1.0.0-api.jar;C:\Users\Apolo\.gradle\caches\transforms-2\files-2.1\ccd82f5f54930d9b0a3a7d1933d360bf\gridlayout-1.0.0-api.jar;C:\Users\Apolo\.gradle\caches\transforms-2\files-2.1\ae3921d81826a65bdb895b21404903c0\jetified-play-services-maps-17.0.0-api.jar;C:\Users\Apolo\.gradle\caches\transforms-2\files-2.1\5e7dabb393b1313697538d9458ebb5d2\lifecycle-extensions-2.0.0-api.jar;C:\Users\Apolo\.gradle\caches\transforms-2\files-2.1\4d4cf2838e5e44cca9ee8eecad9acfb1\jetified-play-services-base-17.0.0-api.jar;C:\Users\Apolo\.gradle\caches\transforms-2\files-2.1\1b5173f5
java_class_path (initial): C:\Users\Apolo\.gradle\caches\modules-2\files-2.1\org.jetbrains.kotlin\kotlin-compiler-embeddable\1.3.72\fb72232c8fa977d5e07d33c43381ddbdc5edab6\kotlin-compiler-embeddable-1.3.72.jar;C:\Users\Apolo\.gradle\caches\modules-2\files-2.1\org.jetbrains.kotlin\kotlin-reflect\1.3.72\86613e1a669a701b0c660bfd2af4f82a7ae11fca\kotlin-reflect-1.3.72.jar;C:\Users\Apolo\.gradle\caches\modules-2\files-2.1\org.jetbrains.kotlin\kotlin-stdlib\1.3.72\8032138f12c0180bc4e51fe139d4c52b46db6109\kotlin-stdlib-1.3.72.jar;C:\Users\Apolo\.gradle\caches\modules-2\files-2.1\org.jetbrains.kotlin\kotlin-script-runtime\1.3.72\657d8d34d91e1964b4439378c09933e840bfe8d5\kotlin-script-runtime-1.3.72.jar;C:\Users\Apolo\.gradle\caches\modules-2\files-2.1\org.jetbrains.kotlin\kotlin-daemon-embeddable\1.3.72\53bbaa2816dbf6bdb85f629451b1fcc88f2164d2\kotlin-daemon-embeddable-1.3.72.jar;C:\Users\Apolo\.gradle\caches\modules-2\files-2.1\org.jetbrains.intellij.deps\trove4j\1.0.20181211\216c2e14b070f334479d800987affe4054cd563f\trove4j-1.0.20181211.jar;C:\Users\Apolo\.gradle\caches\modules-2\files-2.1\org.jetbrains.kotlin\kotlin-stdlib-common\1.3.72\6ca8bee3d88957eaaaef077c41c908c9940492d8\kotlin-stdlib-common-1.3.72.jar;C:\Users\Apolo\.gradle\caches\modules-2\files-2.1\org.jetbrains\annotations\13.0\919f0dfe192fb4e063e7dacadee7f8bb9a2672a9\annotations-13.0.jar
Launcher Type: SUN_STANDARD

[Global flags]
     intx CICompilerCount                          = 4                                         {product} {ergonomic}
     uint ConcGCThreads                            = 2                                         {product} {ergonomic}
     uint G1ConcRefinementThreads                  = 8                                         {product} {ergonomic}
   size_t G1HeapRegionSize                         = 1048576                                   {product} {ergonomic}
    uintx GCDrainStackTargetSize                   = 64                                        {product} {ergonomic}
   size_t InitialHeapSize                          = 132120576                                 {product} {ergonomic}
   size_t MarkStackSize                            = 4194304                                   {product} {ergonomic}
   size_t MaxHeapSize                              = 2090860544                                {product} {ergonomic}
   size_t MinHeapDeltaBytes                        = 1048576                                   {product} {ergonomic}
    uintx NonNMethodCodeHeapSize                   = 5836300                                {pd product} {ergonomic}
    uintx NonProfiledCodeHeapSize                  = 122910970                              {pd product} {ergonomic}
    uintx ProfiledCodeHeapSize                     = 122910970                              {pd product} {ergonomic}
    uintx ReservedCodeCacheSize                    = 251658240                              {pd product} {ergonomic}
     bool SegmentedCodeCache                       = true                                      {product} {ergonomic}
     bool UseCompressedClassPointers               = true                                 {lp64_product} {ergonomic}
     bool UseCompressedOops                        = true                                 {lp64_product} {ergonomic}
     bool UseG1GC                                  = true                                      {product} {ergonomic}
     bool UseLargePagesIndividualAllocation        = false                                  {pd product} {ergonomic}

Logging:
Log output configuration:
 #0: stdout all=warning uptime,level,tags
 #1: stderr all=off uptime,level,tags

Environment Variables:
PATH=C:\orant\bin;C:\Program Files\Common Files\Oracle\Java\javapath;C:\Program Files (x86)\Common Files\Oracle\Java\javapath;C:\WINDOWS\system32;C:\WINDOWS;C:\WINDOWS\System32\Wbem;C:\WINDOWS\System32\WindowsPowerShell\v1.0\;C:\WINDOWS\System32\OpenSSH\;C:\orant\jdk\bin;C:\Program Files (x86)\Intel\Intel(R) Memory And Storage Tool\;C:\Program Files\nodejs\;C:\instantclient_12_1\;C:\Program Files\Git\cmd;C:\Users\Apolo\AppData\Local\Microsoft\WindowsApps;C:\Users\Apolo\AppData\Local\Programs\Microsoft VS Code\bin;C:\Users\Apolo\AppData\Roaming\npm;C:\Users\Apolo\AppData\Local\atom\bin;
USERNAME=Apolo
OS=Windows_NT
PROCESSOR_IDENTIFIER=Intel64 Family 6 Model 126 Stepping 5, GenuineIntel



---------------  S Y S T E M  ---------------

OS: Windows 10 , 64 bit Build 19041 (10.0.19041.1023)
OS uptime: 13 days 15:38 hours

CPU:total 8 (initial active 8) (4 cores per cpu, 2 threads per core) family 6 model 126 stepping 5, cmov, cx8, fxsr, mmx, sse, sse2, sse3, ssse3, sse4.1, sse4.2, popcnt, avx, avx2, aes, clmul, erms, 3dnowpref, lzcnt, ht, tsc, tscinvbit, bmi1, bmi2, adx, evex, sha, fma

Memory: 4k page, system-wide physical 7973M (610M free)
TotalPageFile size 11461M (AvailPageFile size 98M)
current process WorkingSet (physical memory assigned to process): 10M, peak: 10M
current process commit charge ("private bytes"): 60M, peak: 186M

vm_info: OpenJDK 64-Bit Server VM (11.0.8+10-b944.6842174) for windows-amd64 JRE (11.0.8+10-b944.6842174), built on Sep 19 2020 01:11:42 by "builder" with MS VC++ 14.0 (VS2015)

END.
