#
# There is insufficient memory for the Java Runtime Environment to continue.
# Native memory allocation (malloc) failed to allocate 714416 bytes for Chunk::new
# Possible reasons:
#   The system is out of physical RAM or swap space
#   The process is running with CompressedOops enabled, and the Java Heap may be blocking the growth of the native heap
# Possible solutions:
#   Reduce memory load on the system
#   Increase physical memory or swap space
#   Check if swap backing store is full
#   Decrease Java heap size (-Xmx/-Xms)
#   Decrease number of Java threads
#   Decrease Java thread stack sizes (-Xss)
#   Set larger code cache with -XX:ReservedCodeCacheSize=
#   JVM is running with Unscaled Compressed Oops mode in which the Java heap is
#     placed in the first 4GB address space. The Java Heap base address is the
#     maximum limit for the native heap growth. Please use -XX:HeapBaseMinAddress
#     to set the Java Heap base and to place the Java Heap above 4GB virtual address.
# This output file may be truncated or incomplete.
#
#  Out of Memory Error (./src/hotspot/share/memory/arena.cpp:197), pid=56996, tid=39528
#
# JRE version: OpenJDK Runtime Environment (11.0.8+10) (build 11.0.8+10-b944.6842174)
# Java VM: OpenJDK 64-Bit Server VM (11.0.8+10-b944.6842174, mixed mode, tiered, compressed oops, g1 gc, windows-amd64)
# No core dump will be written. Minidumps are not enabled by default on client versions of Windows
#

---------------  S U M M A R Y ------------

Command Line: --add-opens=java.base/java.util=ALL-UNNAMED --add-opens=java.base/java.lang=ALL-UNNAMED --add-opens=java.base/java.lang.invoke=ALL-UNNAMED --add-opens=java.prefs/java.util.prefs=ALL-UNNAMED -Xmx2048m -Dfile.encoding=windows-1252 -Duser.country=ES -Duser.language=es -Duser.variant org.gradle.launcher.daemon.bootstrap.GradleDaemon 6.7.1

Host: Intel(R) Core(TM) i7-1065G7 CPU @ 1.30GHz, 8 cores, 7G,  Windows 10 , 64 bit Build 19041 (10.0.19041.1023)
Time: Fri Jun 25 10:18:49 2021 Hora estándar de Paraguay elapsed time: 40 seconds (0d 0h 0m 40s)

---------------  T H R E A D  ---------------

Current thread (0x0000011cf753c800):  JavaThread "C2 CompilerThread0" daemon [_thread_in_native, id=39528, stack(0x00000001ef400000,0x00000001ef500000)]


Current CompileTask:
C2:  40463 12510       4       com.android.tools.r8.dex.n$d::a (102 bytes)

Stack: [0x00000001ef400000,0x00000001ef500000]
Native frames: (J=compiled Java code, j=interpreted, Vv=VM code, C=native code)
V  [jvm.dll+0x5de50a]
V  [jvm.dll+0x7122f5]
V  [jvm.dll+0x71384d]
V  [jvm.dll+0x713f03]
V  [jvm.dll+0x23e728]
V  [jvm.dll+0xb899c]
V  [jvm.dll+0xb8e9c]
V  [jvm.dll+0x2b20e4]
V  [jvm.dll+0x502098]
V  [jvm.dll+0x1ff393]
V  [jvm.dll+0x1f917c]
V  [jvm.dll+0x1f685f]
V  [jvm.dll+0x17f32c]
V  [jvm.dll+0x205047]
V  [jvm.dll+0x203891]
V  [jvm.dll+0x6dad3f]
V  [jvm.dll+0x6d3895]
V  [jvm.dll+0x5dd4a6]
C  [ucrtbase.dll+0x21bb2]
C  [KERNEL32.DLL+0x17034]
C  [ntdll.dll+0x52651]


---------------  P R O C E S S  ---------------

Threads class SMR info:
_java_thread_list=0x0000011cff4c6780, length=176, elements={
0x0000011cdca4a800, 0x0000011cf7522000, 0x0000011cf752b800, 0x0000011cf7539800,
0x0000011cf753a000, 0x0000011cf753c800, 0x0000011cf753e800, 0x0000011cf7541800,
0x0000011cf801b000, 0x0000011cf8040800, 0x0000011cf944c000, 0x0000011cf8114000,
0x0000011cf94cb000, 0x0000011cf9859800, 0x0000011cfaed5800, 0x0000011cfa715000,
0x0000011cfa713800, 0x0000011cfa716000, 0x0000011cfa718000, 0x0000011cfa71a000,
0x0000011cfbb2e800, 0x0000011cfbb36000, 0x0000011cfbb32800, 0x0000011cfbb35000,
0x0000011cfbb36800, 0x0000011cfbb31000, 0x0000011cfbb37800, 0x0000011cfe959800,
0x0000011cfe95a800, 0x0000011cfe95b800, 0x0000011cfe95c000, 0x0000011cfe95d000,
0x0000011cfe95d800, 0x0000011cfe95e800, 0x0000011cfe959000, 0x0000011cfe95f800,
0x0000011cfe965000, 0x0000011cfe966000, 0x0000011cfe962800, 0x0000011cfe961000,
0x0000011cfe964800, 0x0000011cfe960000, 0x0000011cfe967800, 0x0000011cfe962000,
0x0000011cfe963800, 0x0000011cfe966800, 0x0000011cfea51000, 0x0000011cfea53800,
0x0000011cfea50000, 0x0000011cfea55000, 0x0000011cfea51800, 0x0000011cfea54000,
0x0000011cfea56000, 0x0000011cfea56800, 0x0000011cfea57800, 0x0000011cfea58800,
0x0000011cfea52800, 0x0000011cfea5a000, 0x0000011cfea5e000, 0x0000011cfea5f000,
0x0000011cfea59000, 0x0000011cfea5a800, 0x0000011cfea5b800, 0x0000011cfea5c800,
0x0000011cfea5d000, 0x0000011cff45f800, 0x0000011cff462000, 0x0000011cff463000,
0x0000011cff463800, 0x0000011cff460800, 0x0000011cff45e000, 0x0000011cff464800,
0x0000011cff45f000, 0x0000011cff465800, 0x0000011cff466000, 0x0000011cff467000,
0x0000011cff461800, 0x0000011cff46b000, 0x0000011cff468000, 0x0000011cff46c800,
0x0000011cff46c000, 0x0000011cff468800, 0x0000011cff469800, 0x0000011cff46a800,
0x0000011cfb80b000, 0x0000011cfb807000, 0x0000011cfb805800, 0x0000011cfb80a000,
0x0000011cfb807800, 0x0000011cfb80c000, 0x0000011cfb808800, 0x0000011cfb806000,
0x0000011cfb809800, 0x0000011cfdf61800, 0x0000011cfdf60800, 0x0000011cfdf62800,
0x0000011cfdf5c800, 0x0000011cfdf5f000, 0x0000011cfdf5e800, 0x0000011cfdf60000,
0x0000011cfdf63000, 0x0000011cfdf5d800, 0x0000011cfdf69000, 0x0000011cfdf65000,
0x0000011cfdf65800, 0x0000011cfdf68000, 0x0000011cfdf66800, 0x0000011cfdf69800,
0x0000011cfdf67000, 0x0000011cfdf64000, 0x0000011cfdf6a800, 0x0000011cfdf6b800,
0x0000011cfeb6b000, 0x0000011cfeb66800, 0x0000011cfeb67800, 0x0000011cfeb68800,
0x0000011cfeb65000, 0x0000011cfeb66000, 0x0000011cfeb6f000, 0x0000011cfeb6a000,
0x0000011cfeb6e000, 0x0000011cfeb6d800, 0x0000011cfeb69000, 0x0000011cfeb71800,
0x0000011cfeb70800, 0x0000011cfeb6f800, 0x0000011cfeb6b800, 0x0000011cfeb6c800,
0x0000011cfeb72000, 0x0000011cfeb73000, 0x0000011cfeb74000, 0x0000011cfdfbe000,
0x0000011cfdfbe800, 0x0000011cfdfc2000, 0x0000011cfbb2b000, 0x0000011cfbb2c000,
0x0000011cfbb2d800, 0x0000011cfbb2f000, 0x0000011cfbb2a800, 0x0000011cfbb30000,
0x0000011cfbb31800, 0x0000011cfbb33800, 0x0000011cfbb34000, 0x0000011cfdfbd000,
0x0000011cfdfbf800, 0x0000011cfdfc0800, 0x0000011cfdfc1000, 0x0000011cfdfbc000,
0x0000011cfdfc3000, 0x0000011cfa714000, 0x0000011cfa719000, 0x0000011cfa716800,
0x0000011cfa717800, 0x0000011cfdd31000, 0x0000011cfdd2f800, 0x0000011cfdd32800,
0x0000011cfdd30000, 0x0000011cfdd33800, 0x0000011cfdd2d800, 0x0000011cfdd32000,
0x0000011cfdd34000, 0x0000011cfdd2e800, 0x0000011cfdd3a000, 0x0000011cfdd36000,
0x0000011cfdd36800, 0x0000011cfdd37800, 0x0000011cfdd38800, 0x0000011cfdd39000,
0x0000011cfdd3a800, 0x0000011cfdd35000, 0x0000011cfdd3b800, 0x0000011cfdd3c800,
0x0000011cfa524800, 0x0000011cfa523000, 0x0000011cfa527000, 0x0000011cfa528000
}

Java Threads: ( => current thread )
  0x0000011cdca4a800 JavaThread "main" [_thread_blocked, id=7936, stack(0x00000001ee900000,0x00000001eea00000)]
  0x0000011cf7522000 JavaThread "Reference Handler" daemon [_thread_blocked, id=39576, stack(0x00000001ef000000,0x00000001ef100000)]
  0x0000011cf752b800 JavaThread "Finalizer" daemon [_thread_blocked, id=14244, stack(0x00000001ef100000,0x00000001ef200000)]
  0x0000011cf7539800 JavaThread "Signal Dispatcher" daemon [_thread_blocked, id=21048, stack(0x00000001ef200000,0x00000001ef300000)]
  0x0000011cf753a000 JavaThread "Attach Listener" daemon [_thread_blocked, id=9408, stack(0x00000001ef300000,0x00000001ef400000)]
=>0x0000011cf753c800 JavaThread "C2 CompilerThread0" daemon [_thread_in_native, id=39528, stack(0x00000001ef400000,0x00000001ef500000)]
  0x0000011cf753e800 JavaThread "C1 CompilerThread0" daemon [_thread_blocked, id=32580, stack(0x00000001ef500000,0x00000001ef600000)]
  0x0000011cf7541800 JavaThread "Sweeper thread" daemon [_thread_blocked, id=52144, stack(0x00000001ef600000,0x00000001ef700000)]
  0x0000011cf801b000 JavaThread "Common-Cleaner" daemon [_thread_blocked, id=56252, stack(0x00000001ef700000,0x00000001ef800000)]
  0x0000011cf8040800 JavaThread "Service Thread" daemon [_thread_blocked, id=46968, stack(0x00000001ef800000,0x00000001ef900000)]
  0x0000011cf944c000 JavaThread "Daemon health stats" [_thread_blocked, id=32544, stack(0x00000001efe00000,0x00000001eff00000)]
  0x0000011cf8114000 JavaThread "Incoming local TCP Connector on port 61072" [_thread_in_native, id=40468, stack(0x00000001eff00000,0x00000001f0000000)]
  0x0000011cf94cb000 JavaThread "Daemon periodic checks" [_thread_blocked, id=14032, stack(0x00000001f0000000,0x00000001f0100000)]
  0x0000011cf9859800 JavaThread "Daemon" [_thread_blocked, id=24532, stack(0x00000001f0100000,0x00000001f0200000)]
  0x0000011cfaed5800 JavaThread "Daemon worker" [_thread_blocked, id=7452, stack(0x00000001f0400000,0x00000001f0500000)]
  0x0000011cfa715000 JavaThread "Cache worker for file hash cache (C:\Users\Apolo\.gradle\caches\6.7.1\fileHashes)" [_thread_blocked, id=35836, stack(0x00000001f0e00000,0x00000001f0f00000)]
  0x0000011cfa713800 JavaThread "File lock request listener" [_thread_in_native, id=51716, stack(0x00000001f0f00000,0x00000001f1000000)]
  0x0000011cfa716000 JavaThread "Cache worker for journal cache (C:\Users\Apolo\.gradle\caches\journal-1)" [_thread_blocked, id=37016, stack(0x00000001f1100000,0x00000001f1200000)]
  0x0000011cfa718000 JavaThread "Cache worker for execution history cache (C:\Users\Apolo\.gradle\caches\6.7.1\executionHistory)" [_thread_blocked, id=22000, stack(0x00000001f1700000,0x00000001f1800000)]
  0x0000011cfa71a000 JavaThread "jar transforms" [_thread_blocked, id=40104, stack(0x00000001f1800000,0x00000001f1900000)]
  0x0000011cfbb2e800 JavaThread "Cache worker for file content cache (C:\Users\Apolo\.gradle\caches\6.7.1\fileContent)" [_thread_blocked, id=30428, stack(0x00000001f1900000,0x00000001f1a00000)]
  0x0000011cfbb36000 JavaThread "jar transforms Thread 2" [_thread_blocked, id=19492, stack(0x00000001f2300000,0x00000001f2400000)]
  0x0000011cfbb32800 JavaThread "jar transforms Thread 3" [_thread_blocked, id=23592, stack(0x00000001f2400000,0x00000001f2500000)]
  0x0000011cfbb35000 JavaThread "jar transforms Thread 4" [_thread_blocked, id=55612, stack(0x00000001f2500000,0x00000001f2600000)]
  0x0000011cfbb36800 JavaThread "jar transforms Thread 5" [_thread_blocked, id=23700, stack(0x00000001f2600000,0x00000001f2700000)]
  0x0000011cfbb31000 JavaThread "jar transforms Thread 6" [_thread_blocked, id=51780, stack(0x00000001f2700000,0x00000001f2800000)]
  0x0000011cfbb37800 JavaThread "jar transforms Thread 7" [_thread_blocked, id=21396, stack(0x00000001f2800000,0x00000001f2900000)]
  0x0000011cfe959800 JavaThread "jar transforms Thread 8" [_thread_blocked, id=50408, stack(0x00000001f2900000,0x00000001f2a00000)]
  0x0000011cfe95a800 JavaThread "jar transforms Thread 9" [_thread_blocked, id=31212, stack(0x00000001f2a00000,0x00000001f2b00000)]
  0x0000011cfe95b800 JavaThread "jar transforms Thread 10" [_thread_blocked, id=55508, stack(0x00000001f2b00000,0x00000001f2c00000)]
  0x0000011cfe95c000 JavaThread "jar transforms Thread 11" [_thread_blocked, id=53044, stack(0x00000001f2c00000,0x00000001f2d00000)]
  0x0000011cfe95d000 JavaThread "jar transforms Thread 12" [_thread_blocked, id=47664, stack(0x00000001f2d00000,0x00000001f2e00000)]
  0x0000011cfe95d800 JavaThread "jar transforms Thread 13" [_thread_blocked, id=28776, stack(0x00000001f2e00000,0x00000001f2f00000)]
  0x0000011cfe95e800 JavaThread "jar transforms Thread 14" [_thread_blocked, id=15804, stack(0x00000001f2f00000,0x00000001f3000000)]
  0x0000011cfe959000 JavaThread "jar transforms Thread 15" [_thread_blocked, id=50080, stack(0x00000001f3000000,0x00000001f3100000)]
  0x0000011cfe95f800 JavaThread "jar transforms Thread 16" [_thread_blocked, id=38420, stack(0x00000001f3100000,0x00000001f3200000)]
  0x0000011cfe965000 JavaThread "jar transforms Thread 17" [_thread_blocked, id=49680, stack(0x00000001f3200000,0x00000001f3300000)]
  0x0000011cfe966000 JavaThread "jar transforms Thread 18" [_thread_blocked, id=33228, stack(0x00000001f3300000,0x00000001f3400000)]
  0x0000011cfe962800 JavaThread "jar transforms Thread 19" [_thread_blocked, id=26308, stack(0x00000001f3400000,0x00000001f3500000)]
  0x0000011cfe961000 JavaThread "jar transforms Thread 20" [_thread_blocked, id=41452, stack(0x00000001f3500000,0x00000001f3600000)]
  0x0000011cfe964800 JavaThread "jar transforms Thread 21" [_thread_blocked, id=23968, stack(0x00000001f3600000,0x00000001f3700000)]
  0x0000011cfe960000 JavaThread "jar transforms Thread 22" [_thread_blocked, id=42444, stack(0x00000001f3700000,0x00000001f3800000)]
  0x0000011cfe967800 JavaThread "jar transforms Thread 23" [_thread_blocked, id=47760, stack(0x00000001f3800000,0x00000001f3900000)]
  0x0000011cfe962000 JavaThread "jar transforms Thread 24" [_thread_blocked, id=20640, stack(0x00000001f3900000,0x00000001f3a00000)]
  0x0000011cfe963800 JavaThread "jar transforms Thread 25" [_thread_blocked, id=38832, stack(0x00000001f3a00000,0x00000001f3b00000)]
  0x0000011cfe966800 JavaThread "jar transforms Thread 26" [_thread_blocked, id=41284, stack(0x00000001f3b00000,0x00000001f3c00000)]
  0x0000011cfea51000 JavaThread "jar transforms Thread 27" [_thread_blocked, id=47712, stack(0x00000001f3c00000,0x00000001f3d00000)]
  0x0000011cfea53800 JavaThread "jar transforms Thread 28" [_thread_blocked, id=36184, stack(0x00000001f3d00000,0x00000001f3e00000)]
  0x0000011cfea50000 JavaThread "jar transforms Thread 29" [_thread_blocked, id=11424, stack(0x00000001f3e00000,0x00000001f3f00000)]
  0x0000011cfea55000 JavaThread "jar transforms Thread 30" [_thread_blocked, id=44468, stack(0x00000001f3f00000,0x00000001f4000000)]
  0x0000011cfea51800 JavaThread "jar transforms Thread 31" [_thread_blocked, id=11700, stack(0x00000001f4000000,0x00000001f4100000)]
  0x0000011cfea54000 JavaThread "jar transforms Thread 32" [_thread_blocked, id=47444, stack(0x00000001f4100000,0x00000001f4200000)]
  0x0000011cfea56000 JavaThread "jar transforms Thread 33" [_thread_blocked, id=33280, stack(0x00000001f4200000,0x00000001f4300000)]
  0x0000011cfea56800 JavaThread "jar transforms Thread 34" [_thread_blocked, id=43256, stack(0x00000001f4300000,0x00000001f4400000)]
  0x0000011cfea57800 JavaThread "jar transforms Thread 35" [_thread_blocked, id=9668, stack(0x00000001f4400000,0x00000001f4500000)]
  0x0000011cfea58800 JavaThread "jar transforms Thread 36" [_thread_blocked, id=21412, stack(0x00000001f4500000,0x00000001f4600000)]
  0x0000011cfea52800 JavaThread "jar transforms Thread 37" [_thread_blocked, id=42736, stack(0x00000001f4600000,0x00000001f4700000)]
  0x0000011cfea5a000 JavaThread "jar transforms Thread 38" [_thread_blocked, id=26352, stack(0x00000001f4700000,0x00000001f4800000)]
  0x0000011cfea5e000 JavaThread "jar transforms Thread 39" [_thread_blocked, id=45092, stack(0x00000001f4800000,0x00000001f4900000)]
  0x0000011cfea5f000 JavaThread "jar transforms Thread 40" [_thread_blocked, id=4228, stack(0x00000001f4900000,0x00000001f4a00000)]
  0x0000011cfea59000 JavaThread "jar transforms Thread 41" [_thread_blocked, id=41532, stack(0x00000001f4a00000,0x00000001f4b00000)]
  0x0000011cfea5a800 JavaThread "jar transforms Thread 42" [_thread_blocked, id=32048, stack(0x00000001f4b00000,0x00000001f4c00000)]
  0x0000011cfea5b800 JavaThread "jar transforms Thread 43" [_thread_blocked, id=54520, stack(0x00000001f4c00000,0x00000001f4d00000)]
  0x0000011cfea5c800 JavaThread "jar transforms Thread 44" [_thread_blocked, id=35696, stack(0x00000001f4d00000,0x00000001f4e00000)]
  0x0000011cfea5d000 JavaThread "jar transforms Thread 45" [_thread_blocked, id=40040, stack(0x00000001f4e00000,0x00000001f4f00000)]
  0x0000011cff45f800 JavaThread "jar transforms Thread 46" [_thread_blocked, id=12848, stack(0x00000001f4f00000,0x00000001f5000000)]
  0x0000011cff462000 JavaThread "jar transforms Thread 47" [_thread_blocked, id=40896, stack(0x00000001f5000000,0x00000001f5100000)]
  0x0000011cff463000 JavaThread "jar transforms Thread 48" [_thread_blocked, id=22876, stack(0x00000001f5100000,0x00000001f5200000)]
  0x0000011cff463800 JavaThread "jar transforms Thread 49" [_thread_blocked, id=18784, stack(0x00000001f5200000,0x00000001f5300000)]
  0x0000011cff460800 JavaThread "jar transforms Thread 50" [_thread_blocked, id=33824, stack(0x00000001f5300000,0x00000001f5400000)]
  0x0000011cff45e000 JavaThread "jar transforms Thread 51" [_thread_blocked, id=41148, stack(0x00000001f5400000,0x00000001f5500000)]
  0x0000011cff464800 JavaThread "jar transforms Thread 52" [_thread_blocked, id=28912, stack(0x00000001f5500000,0x00000001f5600000)]
  0x0000011cff45f000 JavaThread "jar transforms Thread 53" [_thread_blocked, id=55800, stack(0x00000001f5600000,0x00000001f5700000)]
  0x0000011cff465800 JavaThread "jar transforms Thread 54" [_thread_blocked, id=15108, stack(0x00000001f5700000,0x00000001f5800000)]
  0x0000011cff466000 JavaThread "jar transforms Thread 55" [_thread_blocked, id=57008, stack(0x00000001f5800000,0x00000001f5900000)]
  0x0000011cff467000 JavaThread "jar transforms Thread 56" [_thread_blocked, id=19300, stack(0x00000001f5900000,0x00000001f5a00000)]
  0x0000011cff461800 JavaThread "jar transforms Thread 57" [_thread_blocked, id=10092, stack(0x00000001f5a00000,0x00000001f5b00000)]
  0x0000011cff46b000 JavaThread "jar transforms Thread 58" [_thread_blocked, id=7524, stack(0x00000001f5b00000,0x00000001f5c00000)]
  0x0000011cff468000 JavaThread "jar transforms Thread 59" [_thread_blocked, id=13344, stack(0x00000001f5c00000,0x00000001f5d00000)]
  0x0000011cff46c800 JavaThread "jar transforms Thread 60" [_thread_blocked, id=47536, stack(0x00000001f5d00000,0x00000001f5e00000)]
  0x0000011cff46c000 JavaThread "jar transforms Thread 61" [_thread_blocked, id=50292, stack(0x00000001f5e00000,0x00000001f5f00000)]
  0x0000011cff468800 JavaThread "jar transforms Thread 62" [_thread_blocked, id=25232, stack(0x00000001f5f00000,0x00000001f6000000)]
  0x0000011cff469800 JavaThread "jar transforms Thread 63" [_thread_blocked, id=29728, stack(0x00000001f6000000,0x00000001f6100000)]
  0x0000011cff46a800 JavaThread "jar transforms Thread 64" [_thread_blocked, id=48860, stack(0x00000001f6100000,0x00000001f6200000)]
  0x0000011cfb80b000 JavaThread "jar transforms Thread 65" [_thread_blocked, id=55412, stack(0x00000001f6200000,0x00000001f6300000)]
  0x0000011cfb807000 JavaThread "jar transforms Thread 66" [_thread_blocked, id=36684, stack(0x00000001f6300000,0x00000001f6400000)]
  0x0000011cfb805800 JavaThread "jar transforms Thread 67" [_thread_blocked, id=51032, stack(0x00000001f6400000,0x00000001f6500000)]
  0x0000011cfb80a000 JavaThread "jar transforms Thread 68" [_thread_blocked, id=26032, stack(0x00000001f6500000,0x00000001f6600000)]
  0x0000011cfb807800 JavaThread "jar transforms Thread 69" [_thread_blocked, id=14668, stack(0x00000001f6600000,0x00000001f6700000)]
  0x0000011cfb80c000 JavaThread "jar transforms Thread 70" [_thread_blocked, id=9024, stack(0x00000001f6700000,0x00000001f6800000)]
  0x0000011cfb808800 JavaThread "jar transforms Thread 71" [_thread_blocked, id=8260, stack(0x00000001f6800000,0x00000001f6900000)]
  0x0000011cfb806000 JavaThread "jar transforms Thread 72" [_thread_blocked, id=56184, stack(0x00000001f6900000,0x00000001f6a00000)]
  0x0000011cfb809800 JavaThread "jar transforms Thread 73" [_thread_blocked, id=10732, stack(0x00000001f6a00000,0x00000001f6b00000)]
  0x0000011cfdf61800 JavaThread "jar transforms Thread 74" [_thread_blocked, id=51008, stack(0x00000001f6b00000,0x00000001f6c00000)]
  0x0000011cfdf60800 JavaThread "jar transforms Thread 75" [_thread_blocked, id=27196, stack(0x00000001f6c00000,0x00000001f6d00000)]
  0x0000011cfdf62800 JavaThread "jar transforms Thread 76" [_thread_blocked, id=15596, stack(0x00000001f6d00000,0x00000001f6e00000)]
  0x0000011cfdf5c800 JavaThread "jar transforms Thread 77" [_thread_blocked, id=14584, stack(0x00000001f6e00000,0x00000001f6f00000)]
  0x0000011cfdf5f000 JavaThread "jar transforms Thread 78" [_thread_blocked, id=50692, stack(0x00000001f6f00000,0x00000001f7000000)]
  0x0000011cfdf5e800 JavaThread "jar transforms Thread 79" [_thread_blocked, id=5376, stack(0x00000001f7000000,0x00000001f7100000)]
  0x0000011cfdf60000 JavaThread "jar transforms Thread 80" [_thread_blocked, id=49596, stack(0x00000001f7100000,0x00000001f7200000)]
  0x0000011cfdf63000 JavaThread "jar transforms Thread 81" [_thread_blocked, id=30776, stack(0x00000001f7200000,0x00000001f7300000)]
  0x0000011cfdf5d800 JavaThread "jar transforms Thread 82" [_thread_blocked, id=45872, stack(0x00000001f7300000,0x00000001f7400000)]
  0x0000011cfdf69000 JavaThread "jar transforms Thread 83" [_thread_blocked, id=37708, stack(0x00000001f7400000,0x00000001f7500000)]
  0x0000011cfdf65000 JavaThread "jar transforms Thread 84" [_thread_blocked, id=38248, stack(0x00000001f7500000,0x00000001f7600000)]
  0x0000011cfdf65800 JavaThread "jar transforms Thread 85" [_thread_blocked, id=12544, stack(0x00000001f7600000,0x00000001f7700000)]
  0x0000011cfdf68000 JavaThread "jar transforms Thread 86" [_thread_blocked, id=3692, stack(0x00000001f7700000,0x00000001f7800000)]
  0x0000011cfdf66800 JavaThread "jar transforms Thread 87" [_thread_blocked, id=36096, stack(0x00000001f7800000,0x00000001f7900000)]
  0x0000011cfdf69800 JavaThread "jar transforms Thread 88" [_thread_blocked, id=46596, stack(0x00000001f7900000,0x00000001f7a00000)]
  0x0000011cfdf67000 JavaThread "jar transforms Thread 89" [_thread_blocked, id=12844, stack(0x00000001f7a00000,0x00000001f7b00000)]
  0x0000011cfdf64000 JavaThread "jar transforms Thread 90" [_thread_blocked, id=53548, stack(0x00000001f7b00000,0x00000001f7c00000)]
  0x0000011cfdf6a800 JavaThread "jar transforms Thread 91" [_thread_blocked, id=13768, stack(0x00000001f7c00000,0x00000001f7d00000)]
  0x0000011cfdf6b800 JavaThread "jar transforms Thread 92" [_thread_blocked, id=50800, stack(0x00000001f7d00000,0x00000001f7e00000)]
  0x0000011cfeb6b000 JavaThread "jar transforms Thread 93" [_thread_blocked, id=52456, stack(0x00000001f7e00000,0x00000001f7f00000)]
  0x0000011cfeb66800 JavaThread "jar transforms Thread 94" [_thread_blocked, id=15572, stack(0x00000001f7f00000,0x00000001f8000000)]
  0x0000011cfeb67800 JavaThread "jar transforms Thread 95" [_thread_blocked, id=25548, stack(0x00000001f8000000,0x00000001f8100000)]
  0x0000011cfeb68800 JavaThread "jar transforms Thread 96" [_thread_blocked, id=16816, stack(0x00000001f8100000,0x00000001f8200000)]
  0x0000011cfeb65000 JavaThread "jar transforms Thread 97" [_thread_blocked, id=36724, stack(0x00000001f8200000,0x00000001f8300000)]
  0x0000011cfeb66000 JavaThread "jar transforms Thread 98" [_thread_blocked, id=21768, stack(0x00000001f8300000,0x00000001f8400000)]
  0x0000011cfeb6f000 JavaThread "jar transforms Thread 99" [_thread_blocked, id=26016, stack(0x00000001f8400000,0x00000001f8500000)]
  0x0000011cfeb6a000 JavaThread "jar transforms Thread 100" [_thread_blocked, id=23528, stack(0x00000001f8500000,0x00000001f8600000)]
  0x0000011cfeb6e000 JavaThread "jar transforms Thread 101" [_thread_blocked, id=26152, stack(0x00000001f8600000,0x00000001f8700000)]
  0x0000011cfeb6d800 JavaThread "jar transforms Thread 102" [_thread_blocked, id=39292, stack(0x00000001f8700000,0x00000001f8800000)]
  0x0000011cfeb69000 JavaThread "jar transforms Thread 103" [_thread_blocked, id=13428, stack(0x00000001f8800000,0x00000001f8900000)]
  0x0000011cfeb71800 JavaThread "jar transforms Thread 104" [_thread_blocked, id=5652, stack(0x00000001f8900000,0x00000001f8a00000)]
  0x0000011cfeb70800 JavaThread "jar transforms Thread 105" [_thread_blocked, id=8640, stack(0x00000001f8a00000,0x00000001f8b00000)]
  0x0000011cfeb6f800 JavaThread "jar transforms Thread 106" [_thread_blocked, id=1380, stack(0x00000001f8b00000,0x00000001f8c00000)]
  0x0000011cfeb6b800 JavaThread "jar transforms Thread 107" [_thread_blocked, id=52172, stack(0x00000001f8c00000,0x00000001f8d00000)]
  0x0000011cfeb6c800 JavaThread "jar transforms Thread 108" [_thread_blocked, id=41736, stack(0x00000001f8d00000,0x00000001f8e00000)]
  0x0000011cfeb72000 JavaThread "jar transforms Thread 109" [_thread_blocked, id=47508, stack(0x00000001f8e00000,0x00000001f8f00000)]
  0x0000011cfeb73000 JavaThread "jar transforms Thread 110" [_thread_blocked, id=45432, stack(0x00000001f8f00000,0x00000001f9000000)]
  0x0000011cfeb74000 JavaThread "jar transforms Thread 111" [_thread_blocked, id=17120, stack(0x00000001f9000000,0x00000001f9100000)]
  0x0000011cfdfbe000 JavaThread "jar transforms Thread 112" [_thread_blocked, id=35612, stack(0x00000001f9100000,0x00000001f9200000)]
  0x0000011cfdfbe800 JavaThread "jar transforms Thread 113" [_thread_blocked, id=38004, stack(0x00000001f9200000,0x00000001f9300000)]
  0x0000011cfdfc2000 JavaThread "Memory manager" [_thread_blocked, id=46228, stack(0x00000001f1500000,0x00000001f1600000)]
  0x0000011cfbb2b000 JavaThread "Handler for socket connection from /127.0.0.1:61072 to /127.0.0.1:61087" [_thread_in_native, id=27756, stack(0x00000001ee700000,0x00000001ee800000)]
  0x0000011cfbb2c000 JavaThread "Cancel handler" [_thread_blocked, id=44500, stack(0x00000001f0200000,0x00000001f0300000)]
  0x0000011cfbb2d800 JavaThread "Asynchronous log dispatcher for DefaultDaemonConnection: socket connection from /127.0.0.1:61072 to /127.0.0.1:61087" [_thread_blocked, id=10540, stack(0x00000001f0300000,0x00000001f0400000)]
  0x0000011cfbb2f000 JavaThread "Stdin handler" [_thread_blocked, id=56420, stack(0x00000001f0500000,0x00000001f0600000)]
  0x0000011cfbb2a800 JavaThread "Thread-158" [_thread_blocked, id=48344, stack(0x00000001f0600000,0x00000001f0700000)]
  0x0000011cfbb30000 JavaThread "Cache worker for file hash cache (C:\Android\Proyecto\VendedoresKT\ApoloVendedor\.gradle\6.7.1\fileHashes)" [_thread_blocked, id=32340, stack(0x00000001f0700000,0x00000001f0800000)]
  0x0000011cfbb31800 JavaThread "Cache worker for checksums cache (C:\Android\Proyecto\VendedoresKT\ApoloVendedor\.gradle\checksums)" [_thread_blocked, id=24864, stack(0x00000001f0800000,0x00000001f0900000)]
  0x0000011cfbb33800 JavaThread "Cache worker for cache directory md-supplier (C:\Users\Apolo\.gradle\caches\6.7.1\md-supplier)" [_thread_blocked, id=32644, stack(0x00000001f1200000,0x00000001f1300000)]
  0x0000011cfbb34000 JavaThread "Cache worker for cache directory md-rule (C:\Users\Apolo\.gradle\caches\6.7.1\md-rule)" [_thread_blocked, id=26616, stack(0x00000001f1300000,0x00000001f1400000)]
  0x0000011cfdfbd000 JavaThread "Cache worker for Build Output Cleanup Cache (C:\Android\Proyecto\VendedoresKT\ApoloVendedor\.gradle\buildOutputCleanup)" [_thread_blocked, id=43928, stack(0x00000001f1400000,0x00000001f1500000)]
  0x0000011cfdfbf800 JavaThread "C2 CompilerThread1" daemon [_thread_in_native, id=44008, stack(0x00000001f1600000,0x00000001f1700000)]
  0x0000011cfdfc0800 JavaThread "C2 CompilerThread2" daemon [_thread_in_vm, id=3636, stack(0x00000001f1a00000,0x00000001f1b00000)]
  0x0000011cfdfc1000 JavaThread "Build operations" [_thread_blocked, id=37496, stack(0x00000001f1b00000,0x00000001f1c00000)]
  0x0000011cfdfbc000 JavaThread "Build operations Thread 2" [_thread_blocked, id=52940, stack(0x00000001f1c00000,0x00000001f1d00000)]
  0x0000011cfdfc3000 JavaThread "Build operations Thread 3" [_thread_blocked, id=3272, stack(0x00000001f1d00000,0x00000001f1e00000)]
  0x0000011cfa714000 JavaThread "Build operations Thread 4" [_thread_blocked, id=14924, stack(0x00000001f1e00000,0x00000001f1f00000)]
  0x0000011cfa719000 JavaThread "Build operations Thread 5" [_thread_blocked, id=38416, stack(0x00000001f1f00000,0x00000001f2000000)]
  0x0000011cfa716800 JavaThread "Build operations Thread 6" [_thread_blocked, id=31676, stack(0x00000001f2000000,0x00000001f2100000)]
  0x0000011cfa717800 JavaThread "Build operations Thread 7" [_thread_blocked, id=52108, stack(0x00000001f2100000,0x00000001f2200000)]
  0x0000011cfdd31000 JavaThread "Build operations Thread 8" [_thread_blocked, id=56460, stack(0x00000001f2200000,0x00000001f2300000)]
  0x0000011cfdd2f800 JavaThread "Execution worker for ':'" [_thread_blocked, id=47328, stack(0x00000001f9300000,0x00000001f9400000)]
  0x0000011cfdd32800 JavaThread "Execution worker for ':' Thread 2" [_thread_blocked, id=29668, stack(0x00000001f9400000,0x00000001f9500000)]
  0x0000011cfdd30000 JavaThread "Execution worker for ':' Thread 3" [_thread_blocked, id=7120, stack(0x00000001f9500000,0x00000001f9600000)]
  0x0000011cfdd33800 JavaThread "Execution worker for ':' Thread 4" [_thread_blocked, id=42384, stack(0x00000001f9600000,0x00000001f9700000)]
  0x0000011cfdd2d800 JavaThread "Execution worker for ':' Thread 5" [_thread_blocked, id=26472, stack(0x00000001f9700000,0x00000001f9800000)]
  0x0000011cfdd32000 JavaThread "Execution worker for ':' Thread 6" [_thread_blocked, id=30164, stack(0x00000001f9800000,0x00000001f9900000)]
  0x0000011cfdd34000 JavaThread "Execution worker for ':' Thread 7" [_thread_blocked, id=36060, stack(0x00000001f9900000,0x00000001f9a00000)]
  0x0000011cfdd2e800 JavaThread "Cache worker for execution history cache (C:\Android\Proyecto\VendedoresKT\ApoloVendedor\.gradle\6.7.1\executionHistory)" [_thread_blocked, id=57104, stack(0x00000001f9a00000,0x00000001f9b00000)]
  0x0000011cfdd3a000 JavaThread "WorkerExecutor Queue" [_thread_blocked, id=48240, stack(0x00000001f9b00000,0x00000001f9c00000)]
  0x0000011cfdd36000 JavaThread "WorkerExecutor Queue Thread 2" [_thread_in_vm, id=44904, stack(0x00000001f9c00000,0x00000001f9d00000)]
  0x0000011cfdd36800 JavaThread "WorkerExecutor Queue Thread 3" [_thread_blocked, id=42572, stack(0x00000001f9d00000,0x00000001f9e00000)]
  0x0000011cfdd37800 JavaThread "pool-4-thread-1" [_thread_blocked, id=20160, stack(0x00000001f9e00000,0x00000001f9f00000)]
  0x0000011cfdd38800 JavaThread "stderr" [_thread_in_native, id=37572, stack(0x00000001f9f00000,0x00000001fa000000)]
  0x0000011cfdd39000 JavaThread "stdout" [_thread_in_native, id=24184, stack(0x00000001fa000000,0x00000001fa100000)]
  0x0000011cfdd3a800 JavaThread "ForkJoinPool-1-worker-3" daemon [_thread_blocked, id=43992, stack(0x00000001fa100000,0x00000001fa200000)]
  0x0000011cfdd35000 JavaThread "ForkJoinPool-1-worker-5" daemon [_thread_blocked, id=36272, stack(0x00000001fa200000,0x00000001fa300000)]
  0x0000011cfdd3b800 JavaThread "ForkJoinPool-1-worker-7" daemon [_thread_blocked, id=42640, stack(0x00000001fa300000,0x00000001fa400000)]
  0x0000011cfdd3c800 JavaThread "ForkJoinPool-1-worker-9" daemon [_thread_blocked, id=25032, stack(0x00000001fa400000,0x00000001fa500000)]
  0x0000011cfa524800 JavaThread "ForkJoinPool-1-worker-11" daemon [_thread_blocked, id=37500, stack(0x00000001fa500000,0x00000001fa600000)]
  0x0000011cfa523000 JavaThread "ForkJoinPool-1-worker-13" daemon [_thread_blocked, id=50888, stack(0x00000001fa600000,0x00000001fa700000)]
  0x0000011cfa527000 JavaThread "ForkJoinPool-1-worker-15" daemon [_thread_blocked, id=40216, stack(0x00000001fa700000,0x00000001fa800000)]
  0x0000011cfa528000 JavaThread "ForkJoinPool-1-worker-1" daemon [_thread_blocked, id=16236, stack(0x00000001fa800000,0x00000001fa900000)]

Other Threads:
  0x0000011cf751e000 VMThread "VM Thread" [stack: 0x00000001eef00000,0x00000001ef000000] [id=9156]
  0x0000011cf801c000 WatcherThread [stack: 0x00000001ef900000,0x00000001efa00000] [id=15524]
  0x0000011cdca61800 GCTaskThread "GC Thread#0" [stack: 0x00000001eea00000,0x00000001eeb00000] [id=29492]
  0x0000011cf8b39800 GCTaskThread "GC Thread#1" [stack: 0x00000001efb00000,0x00000001efc00000] [id=21912]
  0x0000011cf8c6a000 GCTaskThread "GC Thread#2" [stack: 0x00000001efc00000,0x00000001efd00000] [id=20824]
  0x0000011cf9754800 GCTaskThread "GC Thread#3" [stack: 0x00000001f0900000,0x00000001f0a00000] [id=45488]
  0x0000011cf9e82000 GCTaskThread "GC Thread#4" [stack: 0x00000001f0a00000,0x00000001f0b00000] [id=45800]
  0x0000011cf9e4e800 GCTaskThread "GC Thread#5" [stack: 0x00000001f0b00000,0x00000001f0c00000] [id=53084]
  0x0000011cfa712000 GCTaskThread "GC Thread#6" [stack: 0x00000001f0c00000,0x00000001f0d00000] [id=48828]
  0x0000011cfa712800 GCTaskThread "GC Thread#7" [stack: 0x00000001f0d00000,0x00000001f0e00000] [id=5732]
  0x0000011cdca94000 ConcurrentGCThread "G1 Main Marker" [stack: 0x00000001eeb00000,0x00000001eec00000] [id=21124]
  0x0000011cdca96000 ConcurrentGCThread "G1 Conc#0" [stack: 0x00000001eec00000,0x00000001eed00000] [id=38708]
  0x0000011cf930e000 ConcurrentGCThread "G1 Conc#1" [stack: 0x00000001f1000000,0x00000001f1100000] [id=31092]
  0x0000011cf7370800 ConcurrentGCThread "G1 Refine#0" [stack: 0x00000001eed00000,0x00000001eee00000] [id=54860]
  0x0000011c83f87800 ConcurrentGCThread "G1 Refine#1" [stack: 0x00000001fa900000,0x00000001faa00000] [id=42708]
  0x0000011cfb8dd800 ConcurrentGCThread "G1 Refine#2" [stack: 0x00000001faa00000,0x00000001fab00000] [id=32304]
  0x0000011cf7371000 ConcurrentGCThread "G1 Young RemSet Sampling" [stack: 0x00000001eee00000,0x00000001eef00000] [id=17392]

Threads with active compile tasks:
C2 CompilerThread0  40541 12510       4       com.android.tools.r8.dex.n$d::a (102 bytes)
C1 CompilerThread0  40541 12734   !   2       java.util.concurrent.ConcurrentHashMap::merge (545 bytes)
C2 CompilerThread1  40541 12449       4       com.android.tools.r8.code.v1::a (4137 bytes)
C2 CompilerThread2  40541 12697       4       com.android.tools.r8.graph.W::<init> (13 bytes)

VM state:not at safepoint (normal execution)

VM Mutex/Monitor currently owned by a thread: None

Heap address: 0x0000000080000000, size: 2048 MB, Compressed Oops mode: 32-bit
Narrow klass base: 0x0000000000000000, Narrow klass shift: 3
Compressed class space size: 1073741824 Address: 0x0000000100000000

Heap:
 garbage-first heap   total 187392K, used 153946K [0x0000000080000000, 0x0000000100000000)
  region size 1024K, 7 young (7168K), 2 survivors (2048K)
 Metaspace       used 95208K, capacity 97577K, committed 97868K, reserved 1134592K
  class space    used 12161K, capacity 13011K, committed 13184K, reserved 1048576K
Heap Regions: E=young(eden), S=young(survivor), O=old, HS=humongous(starts), HC=humongous(continues), CS=collection set, F=free, A=archive, TAMS=top-at-mark-start (previous, next)
|   0|0x0000000080000000, 0x0000000080100000, 0x0000000080100000|100%| O|  |TAMS 0x0000000080100000, 0x0000000080100000| Untracked 
|   1|0x0000000080100000, 0x0000000080200000, 0x0000000080200000|100%| O|  |TAMS 0x0000000080200000, 0x0000000080200000| Untracked 
|   2|0x0000000080200000, 0x0000000080300000, 0x0000000080300000|100%| O|  |TAMS 0x0000000080300000, 0x0000000080300000| Untracked 
|   3|0x0000000080300000, 0x0000000080400000, 0x0000000080400000|100%|HS|  |TAMS 0x0000000080400000, 0x0000000080400000| Complete 
|   4|0x0000000080400000, 0x0000000080500000, 0x0000000080500000|100%|HC|  |TAMS 0x0000000080500000, 0x0000000080500000| Complete 
|   5|0x0000000080500000, 0x0000000080600000, 0x0000000080600000|100%|HC|  |TAMS 0x0000000080600000, 0x0000000080600000| Complete 
|   6|0x0000000080600000, 0x0000000080700000, 0x0000000080700000|100%| O|  |TAMS 0x0000000080700000, 0x0000000080700000| Untracked 
|   7|0x0000000080700000, 0x0000000080800000, 0x0000000080800000|100%| O|  |TAMS 0x0000000080800000, 0x0000000080800000| Untracked 
|   8|0x0000000080800000, 0x0000000080900000, 0x0000000080900000|100%| O|  |TAMS 0x0000000080900000, 0x0000000080900000| Untracked 
|   9|0x0000000080900000, 0x0000000080a00000, 0x0000000080a00000|100%| O|  |TAMS 0x0000000080a00000, 0x0000000080a00000| Untracked 
|  10|0x0000000080a00000, 0x0000000080b00000, 0x0000000080b00000|100%| O|  |TAMS 0x0000000080b00000, 0x0000000080b00000| Untracked 
|  11|0x0000000080b00000, 0x0000000080c00000, 0x0000000080c00000|100%| O|  |TAMS 0x0000000080c00000, 0x0000000080c00000| Untracked 
|  12|0x0000000080c00000, 0x0000000080d00000, 0x0000000080d00000|100%| O|  |TAMS 0x0000000080d00000, 0x0000000080d00000| Untracked 
|  13|0x0000000080d00000, 0x0000000080e00000, 0x0000000080e00000|100%| O|  |TAMS 0x0000000080e00000, 0x0000000080e00000| Untracked 
|  14|0x0000000080e00000, 0x0000000080f00000, 0x0000000080f00000|100%| O|  |TAMS 0x0000000080f00000, 0x0000000080f00000| Untracked 
|  15|0x0000000080f00000, 0x0000000081000000, 0x0000000081000000|100%| O|  |TAMS 0x0000000081000000, 0x0000000081000000| Untracked 
|  16|0x0000000081000000, 0x0000000081100000, 0x0000000081100000|100%| O|  |TAMS 0x0000000081100000, 0x0000000081100000| Untracked 
|  17|0x0000000081100000, 0x0000000081200000, 0x0000000081200000|100%| O|  |TAMS 0x0000000081200000, 0x0000000081200000| Untracked 
|  18|0x0000000081200000, 0x0000000081300000, 0x0000000081300000|100%| O|  |TAMS 0x0000000081300000, 0x0000000081300000| Untracked 
|  19|0x0000000081300000, 0x0000000081400000, 0x0000000081400000|100%| O|  |TAMS 0x0000000081400000, 0x0000000081400000| Untracked 
|  20|0x0000000081400000, 0x0000000081500000, 0x0000000081500000|100%| O|  |TAMS 0x0000000081500000, 0x0000000081500000| Untracked 
|  21|0x0000000081500000, 0x0000000081600000, 0x0000000081600000|100%|HS|  |TAMS 0x0000000081600000, 0x0000000081600000| Complete 
|  22|0x0000000081600000, 0x0000000081700000, 0x0000000081700000|100%|HS|  |TAMS 0x0000000081700000, 0x0000000081700000| Complete 
|  23|0x0000000081700000, 0x0000000081800000, 0x0000000081800000|100%|HC|  |TAMS 0x0000000081800000, 0x0000000081800000| Complete 
|  24|0x0000000081800000, 0x0000000081900000, 0x0000000081900000|100%|HC|  |TAMS 0x0000000081900000, 0x0000000081900000| Complete 
|  25|0x0000000081900000, 0x0000000081a00000, 0x0000000081a00000|100%|HS|  |TAMS 0x0000000081a00000, 0x0000000081a00000| Complete 
|  26|0x0000000081a00000, 0x0000000081b00000, 0x0000000081b00000|100%|HC|  |TAMS 0x0000000081b00000, 0x0000000081b00000| Complete 
|  27|0x0000000081b00000, 0x0000000081c00000, 0x0000000081c00000|100%| O|  |TAMS 0x0000000081c00000, 0x0000000081c00000| Untracked 
|  28|0x0000000081c00000, 0x0000000081d00000, 0x0000000081d00000|100%| O|  |TAMS 0x0000000081d00000, 0x0000000081d00000| Untracked 
|  29|0x0000000081d00000, 0x0000000081e00000, 0x0000000081e00000|100%| O|  |TAMS 0x0000000081e00000, 0x0000000081e00000| Untracked 
|  30|0x0000000081e00000, 0x0000000081f00000, 0x0000000081f00000|100%| O|  |TAMS 0x0000000081f00000, 0x0000000081f00000| Untracked 
|  31|0x0000000081f00000, 0x0000000082000000, 0x0000000082000000|100%| O|  |TAMS 0x0000000082000000, 0x0000000082000000| Untracked 
|  32|0x0000000082000000, 0x0000000082100000, 0x0000000082100000|100%| O|  |TAMS 0x0000000082100000, 0x0000000082100000| Untracked 
|  33|0x0000000082100000, 0x0000000082200000, 0x0000000082200000|100%| O|  |TAMS 0x0000000082200000, 0x0000000082200000| Untracked 
|  34|0x0000000082200000, 0x0000000082300000, 0x0000000082300000|100%| O|  |TAMS 0x0000000082300000, 0x0000000082300000| Untracked 
|  35|0x0000000082300000, 0x0000000082400000, 0x0000000082400000|100%| O|  |TAMS 0x0000000082400000, 0x0000000082400000| Untracked 
|  36|0x0000000082400000, 0x0000000082500000, 0x0000000082500000|100%| O|  |TAMS 0x0000000082500000, 0x0000000082500000| Untracked 
|  37|0x0000000082500000, 0x0000000082600000, 0x0000000082600000|100%| O|  |TAMS 0x0000000082600000, 0x0000000082600000| Untracked 
|  38|0x0000000082600000, 0x0000000082700000, 0x0000000082700000|100%| O|  |TAMS 0x0000000082700000, 0x0000000082700000| Untracked 
|  39|0x0000000082700000, 0x0000000082800000, 0x0000000082800000|100%| O|  |TAMS 0x0000000082800000, 0x0000000082800000| Untracked 
|  40|0x0000000082800000, 0x0000000082900000, 0x0000000082900000|100%| O|  |TAMS 0x0000000082900000, 0x0000000082900000| Untracked 
|  41|0x0000000082900000, 0x0000000082a00000, 0x0000000082a00000|100%| O|  |TAMS 0x0000000082a00000, 0x0000000082a00000| Untracked 
|  42|0x0000000082a00000, 0x0000000082b00000, 0x0000000082b00000|100%| O|  |TAMS 0x0000000082b00000, 0x0000000082b00000| Untracked 
|  43|0x0000000082b00000, 0x0000000082c00000, 0x0000000082c00000|100%| O|  |TAMS 0x0000000082c00000, 0x0000000082c00000| Untracked 
|  44|0x0000000082c00000, 0x0000000082d00000, 0x0000000082d00000|100%| O|  |TAMS 0x0000000082d00000, 0x0000000082d00000| Untracked 
|  45|0x0000000082d00000, 0x0000000082e00000, 0x0000000082e00000|100%| O|  |TAMS 0x0000000082e00000, 0x0000000082e00000| Untracked 
|  46|0x0000000082e00000, 0x0000000082f00000, 0x0000000082f00000|100%| O|  |TAMS 0x0000000082f00000, 0x0000000082f00000| Untracked 
|  47|0x0000000082f00000, 0x0000000083000000, 0x0000000083000000|100%| O|  |TAMS 0x0000000083000000, 0x0000000083000000| Untracked 
|  48|0x0000000083000000, 0x0000000083100000, 0x0000000083100000|100%| O|  |TAMS 0x0000000083100000, 0x0000000083100000| Untracked 
|  49|0x0000000083100000, 0x0000000083200000, 0x0000000083200000|100%| O|  |TAMS 0x0000000083200000, 0x0000000083200000| Untracked 
|  50|0x0000000083200000, 0x0000000083300000, 0x0000000083300000|100%| O|  |TAMS 0x0000000083300000, 0x0000000083300000| Untracked 
|  51|0x0000000083300000, 0x0000000083400000, 0x0000000083400000|100%| O|  |TAMS 0x0000000083400000, 0x0000000083400000| Untracked 
|  52|0x0000000083400000, 0x0000000083500000, 0x0000000083500000|100%| O|  |TAMS 0x0000000083500000, 0x0000000083500000| Untracked 
|  53|0x0000000083500000, 0x0000000083600000, 0x0000000083600000|100%| O|  |TAMS 0x0000000083600000, 0x0000000083600000| Untracked 
|  54|0x0000000083600000, 0x0000000083700000, 0x0000000083700000|100%| O|  |TAMS 0x0000000083700000, 0x0000000083700000| Untracked 
|  55|0x0000000083700000, 0x0000000083800000, 0x0000000083800000|100%| O|  |TAMS 0x0000000083800000, 0x0000000083800000| Untracked 
|  56|0x0000000083800000, 0x0000000083900000, 0x0000000083900000|100%| O|  |TAMS 0x0000000083900000, 0x0000000083900000| Untracked 
|  57|0x0000000083900000, 0x0000000083a00000, 0x0000000083a00000|100%| O|  |TAMS 0x0000000083a00000, 0x0000000083a00000| Untracked 
|  58|0x0000000083a00000, 0x0000000083b00000, 0x0000000083b00000|100%| O|  |TAMS 0x0000000083b00000, 0x0000000083b00000| Untracked 
|  59|0x0000000083b00000, 0x0000000083c00000, 0x0000000083c00000|100%| O|  |TAMS 0x0000000083c00000, 0x0000000083c00000| Untracked 
|  60|0x0000000083c00000, 0x0000000083d00000, 0x0000000083d00000|100%| O|  |TAMS 0x0000000083d00000, 0x0000000083d00000| Untracked 
|  61|0x0000000083d00000, 0x0000000083e00000, 0x0000000083e00000|100%| O|  |TAMS 0x0000000083e00000, 0x0000000083e00000| Untracked 
|  62|0x0000000083e00000, 0x0000000083f00000, 0x0000000083f00000|100%| O|  |TAMS 0x0000000083f00000, 0x0000000083f00000| Untracked 
|  63|0x0000000083f00000, 0x0000000084000000, 0x0000000084000000|100%| O|  |TAMS 0x0000000084000000, 0x0000000084000000| Untracked 
|  64|0x0000000084000000, 0x0000000084100000, 0x0000000084100000|100%| O|  |TAMS 0x0000000084100000, 0x0000000084100000| Untracked 
|  65|0x0000000084100000, 0x0000000084200000, 0x0000000084200000|100%| O|  |TAMS 0x0000000084200000, 0x0000000084200000| Untracked 
|  66|0x0000000084200000, 0x0000000084300000, 0x0000000084300000|100%| O|  |TAMS 0x0000000084300000, 0x0000000084300000| Untracked 
|  67|0x0000000084300000, 0x0000000084400000, 0x0000000084400000|100%| O|  |TAMS 0x0000000084400000, 0x0000000084400000| Untracked 
|  68|0x0000000084400000, 0x0000000084500000, 0x0000000084500000|100%| O|  |TAMS 0x0000000084500000, 0x0000000084500000| Untracked 
|  69|0x0000000084500000, 0x0000000084600000, 0x0000000084600000|100%| O|  |TAMS 0x0000000084600000, 0x0000000084600000| Untracked 
|  70|0x0000000084600000, 0x0000000084700000, 0x0000000084700000|100%|HS|  |TAMS 0x0000000084700000, 0x0000000084700000| Complete 
|  71|0x0000000084700000, 0x0000000084800000, 0x0000000084800000|100%|HS|  |TAMS 0x0000000084800000, 0x0000000084800000| Complete 
|  72|0x0000000084800000, 0x0000000084900000, 0x0000000084900000|100%|HS|  |TAMS 0x0000000084900000, 0x0000000084900000| Complete 
|  73|0x0000000084900000, 0x0000000084a00000, 0x0000000084a00000|100%|HC|  |TAMS 0x0000000084a00000, 0x0000000084a00000| Complete 
|  74|0x0000000084a00000, 0x0000000084b00000, 0x0000000084b00000|100%|HS|  |TAMS 0x0000000084b00000, 0x0000000084b00000| Complete 
|  75|0x0000000084b00000, 0x0000000084c00000, 0x0000000084c00000|100%|HS|  |TAMS 0x0000000084b00000, 0x0000000084c00000| Complete 
|  76|0x0000000084c00000, 0x0000000084d00000, 0x0000000084d00000|100%|HS|  |TAMS 0x0000000084d00000, 0x0000000084d00000| Complete 
|  77|0x0000000084d00000, 0x0000000084e00000, 0x0000000084e00000|100%|HS|  |TAMS 0x0000000084e00000, 0x0000000084e00000| Complete 
|  78|0x0000000084e00000, 0x0000000084f00000, 0x0000000084f00000|100%|HS|  |TAMS 0x0000000084f00000, 0x0000000084f00000| Complete 
|  79|0x0000000084f00000, 0x0000000085000000, 0x0000000085000000|100%| O|  |TAMS 0x0000000084f00000, 0x0000000085000000| Untracked 
|  80|0x0000000085000000, 0x0000000085100000, 0x0000000085100000|100%| O|  |TAMS 0x0000000085000000, 0x0000000085100000| Untracked 
|  81|0x0000000085100000, 0x0000000085200000, 0x0000000085200000|100%| O|  |TAMS 0x0000000085200000, 0x0000000085200000| Untracked 
|  82|0x0000000085200000, 0x0000000085300000, 0x0000000085300000|100%| O|  |TAMS 0x0000000085300000, 0x0000000085300000| Untracked 
|  83|0x0000000085300000, 0x0000000085400000, 0x0000000085400000|100%| O|  |TAMS 0x0000000085400000, 0x0000000085400000| Untracked 
|  84|0x0000000085400000, 0x0000000085500000, 0x0000000085500000|100%| O|  |TAMS 0x0000000085500000, 0x0000000085500000| Untracked 
|  85|0x0000000085500000, 0x0000000085600000, 0x0000000085600000|100%| O|  |TAMS 0x0000000085600000, 0x0000000085600000| Untracked 
|  86|0x0000000085600000, 0x0000000085700000, 0x0000000085700000|100%|HS|  |TAMS 0x0000000085700000, 0x0000000085700000| Complete 
|  87|0x0000000085700000, 0x0000000085800000, 0x0000000085800000|100%|HC|  |TAMS 0x0000000085800000, 0x0000000085800000| Complete 
|  88|0x0000000085800000, 0x0000000085900000, 0x0000000085900000|100%| O|  |TAMS 0x0000000085900000, 0x0000000085900000| Untracked 
|  89|0x0000000085900000, 0x0000000085a00000, 0x0000000085a00000|100%| O|  |TAMS 0x0000000085a00000, 0x0000000085a00000| Untracked 
|  90|0x0000000085a00000, 0x0000000085b00000, 0x0000000085b00000|100%| O|  |TAMS 0x0000000085b00000, 0x0000000085b00000| Untracked 
|  91|0x0000000085b00000, 0x0000000085c00000, 0x0000000085c00000|100%| O|  |TAMS 0x0000000085c00000, 0x0000000085c00000| Untracked 
|  92|0x0000000085c00000, 0x0000000085d00000, 0x0000000085d00000|100%| O|  |TAMS 0x0000000085d00000, 0x0000000085d00000| Untracked 
|  93|0x0000000085d00000, 0x0000000085e00000, 0x0000000085e00000|100%| O|  |TAMS 0x0000000085e00000, 0x0000000085e00000| Untracked 
|  94|0x0000000085e00000, 0x0000000085f00000, 0x0000000085f00000|100%| O|  |TAMS 0x0000000085f00000, 0x0000000085f00000| Untracked 
|  95|0x0000000085f00000, 0x0000000086000000, 0x0000000086000000|100%| O|  |TAMS 0x0000000086000000, 0x0000000086000000| Untracked 
|  96|0x0000000086000000, 0x0000000086100000, 0x0000000086100000|100%| O|  |TAMS 0x0000000086100000, 0x0000000086100000| Untracked 
|  97|0x0000000086100000, 0x0000000086200000, 0x0000000086200000|100%| O|  |TAMS 0x0000000086200000, 0x0000000086200000| Untracked 
|  98|0x0000000086200000, 0x0000000086300000, 0x0000000086300000|100%| O|  |TAMS 0x0000000086300000, 0x0000000086300000| Untracked 
|  99|0x0000000086300000, 0x0000000086400000, 0x0000000086400000|100%| O|  |TAMS 0x0000000086400000, 0x0000000086400000| Untracked 
| 100|0x0000000086400000, 0x0000000086500000, 0x0000000086500000|100%| O|  |TAMS 0x0000000086500000, 0x0000000086500000| Untracked 
| 101|0x0000000086500000, 0x0000000086600000, 0x0000000086600000|100%| O|  |TAMS 0x0000000086600000, 0x0000000086600000| Untracked 
| 102|0x0000000086600000, 0x0000000086700000, 0x0000000086700000|100%| O|  |TAMS 0x00000000866f5a00, 0x0000000086700000| Untracked 
| 103|0x0000000086700000, 0x0000000086800000, 0x0000000086800000|100%| O|  |TAMS 0x0000000086700000, 0x0000000086800000| Untracked 
| 104|0x0000000086800000, 0x0000000086900000, 0x0000000086900000|100%| O|  |TAMS 0x0000000086800000, 0x0000000086900000| Untracked 
| 105|0x0000000086900000, 0x0000000086a00000, 0x0000000086a00000|100%| O|  |TAMS 0x0000000086900000, 0x0000000086a00000| Untracked 
| 106|0x0000000086a00000, 0x0000000086b00000, 0x0000000086b00000|100%| O|  |TAMS 0x0000000086a00000, 0x0000000086b00000| Untracked 
| 107|0x0000000086b00000, 0x0000000086c00000, 0x0000000086c00000|100%| O|  |TAMS 0x0000000086b00000, 0x0000000086c00000| Untracked 
| 108|0x0000000086c00000, 0x0000000086d00000, 0x0000000086d00000|100%| O|  |TAMS 0x0000000086c00000, 0x0000000086d00000| Untracked 
| 109|0x0000000086d00000, 0x0000000086e00000, 0x0000000086e00000|100%| O|  |TAMS 0x0000000086d00000, 0x0000000086e00000| Untracked 
| 110|0x0000000086e00000, 0x0000000086f00000, 0x0000000086f00000|100%| O|  |TAMS 0x0000000086e00000, 0x0000000086f00000| Untracked 
| 111|0x0000000086f00000, 0x0000000087000000, 0x0000000087000000|100%| O|  |TAMS 0x0000000086f00000, 0x0000000087000000| Untracked 
| 112|0x0000000087000000, 0x0000000087100000, 0x0000000087100000|100%| O|  |TAMS 0x0000000087000000, 0x0000000087100000| Untracked 
| 113|0x0000000087100000, 0x0000000087200000, 0x0000000087200000|100%| O|  |TAMS 0x0000000087100000, 0x0000000087200000| Untracked 
| 114|0x0000000087200000, 0x0000000087300000, 0x0000000087300000|100%| O|  |TAMS 0x0000000087200000, 0x0000000087300000| Untracked 
| 115|0x0000000087300000, 0x0000000087400000, 0x0000000087400000|100%| O|  |TAMS 0x0000000087300000, 0x0000000087400000| Untracked 
| 116|0x0000000087400000, 0x0000000087500000, 0x0000000087500000|100%| O|  |TAMS 0x0000000087400000, 0x0000000087500000| Untracked 
| 117|0x0000000087500000, 0x0000000087600000, 0x0000000087600000|100%| O|  |TAMS 0x0000000087500000, 0x0000000087600000| Untracked 
| 118|0x0000000087600000, 0x0000000087700000, 0x0000000087700000|100%| O|  |TAMS 0x0000000087600000, 0x0000000087700000| Untracked 
| 119|0x0000000087700000, 0x0000000087800000, 0x0000000087800000|100%| O|  |TAMS 0x0000000087700000, 0x0000000087800000| Untracked 
| 120|0x0000000087800000, 0x0000000087900000, 0x0000000087900000|100%| O|  |TAMS 0x0000000087800000, 0x0000000087900000| Untracked 
| 121|0x0000000087900000, 0x0000000087a00000, 0x0000000087a00000|100%| O|  |TAMS 0x0000000087900000, 0x0000000087a00000| Untracked 
| 122|0x0000000087a00000, 0x0000000087b00000, 0x0000000087b00000|100%| O|  |TAMS 0x0000000087a00000, 0x0000000087b00000| Untracked 
| 123|0x0000000087b00000, 0x0000000087c00000, 0x0000000087c00000|100%| O|  |TAMS 0x0000000087b00000, 0x0000000087c00000| Untracked 
| 124|0x0000000087c00000, 0x0000000087d00000, 0x0000000087d00000|100%| O|  |TAMS 0x0000000087c00000, 0x0000000087d00000| Untracked 
| 125|0x0000000087d00000, 0x0000000087e00000, 0x0000000087e00000|100%| O|  |TAMS 0x0000000087d00000, 0x0000000087e00000| Untracked 
| 126|0x0000000087e00000, 0x0000000087f00000, 0x0000000087f00000|100%| O|  |TAMS 0x0000000087e00000, 0x0000000087f00000| Untracked 
| 127|0x0000000087f00000, 0x0000000088000000, 0x0000000088000000|100%| O|  |TAMS 0x0000000087f00000, 0x0000000088000000| Untracked 
| 128|0x0000000088000000, 0x0000000088100000, 0x0000000088100000|100%| O|  |TAMS 0x0000000088000000, 0x0000000088100000| Untracked 
| 129|0x0000000088100000, 0x0000000088200000, 0x0000000088200000|100%| O|  |TAMS 0x0000000088100000, 0x0000000088200000| Untracked 
| 130|0x0000000088200000, 0x0000000088300000, 0x0000000088300000|100%| O|  |TAMS 0x0000000088200000, 0x0000000088300000| Untracked 
| 131|0x0000000088300000, 0x0000000088400000, 0x0000000088400000|100%| O|  |TAMS 0x0000000088300000, 0x0000000088400000| Untracked 
| 132|0x0000000088400000, 0x0000000088500000, 0x0000000088500000|100%| O|  |TAMS 0x0000000088400000, 0x0000000088500000| Untracked 
| 133|0x0000000088500000, 0x0000000088600000, 0x0000000088600000|100%| O|  |TAMS 0x0000000088500000, 0x0000000088600000| Untracked 
| 134|0x0000000088600000, 0x0000000088700000, 0x0000000088700000|100%| O|  |TAMS 0x0000000088600000, 0x0000000088600000| Untracked 
| 135|0x0000000088700000, 0x0000000088800000, 0x0000000088800000|100%| O|  |TAMS 0x0000000088700000, 0x0000000088700000| Untracked 
| 136|0x0000000088800000, 0x0000000088900000, 0x0000000088900000|100%| O|  |TAMS 0x0000000088800000, 0x0000000088800000| Untracked 
| 137|0x0000000088900000, 0x0000000088a00000, 0x0000000088a00000|100%| O|  |TAMS 0x0000000088900000, 0x0000000088900000| Untracked 
| 138|0x0000000088a00000, 0x0000000088b00000, 0x0000000088b00000|100%| O|  |TAMS 0x0000000088a00000, 0x0000000088b00000| Untracked 
| 139|0x0000000088b00000, 0x0000000088c00000, 0x0000000088c00000|100%| O|  |TAMS 0x0000000088b00000, 0x0000000088b5c800| Untracked 
| 140|0x0000000088c00000, 0x0000000088d00000, 0x0000000088d00000|100%| O|  |TAMS 0x0000000088c00000, 0x0000000088c00000| Untracked 
| 141|0x0000000088d00000, 0x0000000088e00000, 0x0000000088e00000|100%| O|  |TAMS 0x0000000088d00000, 0x0000000088d00000| Untracked 
| 142|0x0000000088e00000, 0x0000000088f00000, 0x0000000088f00000|100%| O|  |TAMS 0x0000000088e00000, 0x0000000088e00000| Untracked 
| 143|0x0000000088f00000, 0x0000000089000000, 0x0000000089000000|100%| O|  |TAMS 0x0000000088f00000, 0x0000000088f00000| Untracked 
| 144|0x0000000089000000, 0x0000000089056a00, 0x0000000089100000| 33%| O|  |TAMS 0x0000000089000000, 0x0000000089000000| Untracked 
| 145|0x0000000089100000, 0x0000000089100000, 0x0000000089200000|  0%| F|  |TAMS 0x0000000089100000, 0x0000000089100000| Untracked 
| 146|0x0000000089200000, 0x0000000089200000, 0x0000000089300000|  0%| F|  |TAMS 0x0000000089200000, 0x0000000089200000| Untracked 
| 147|0x0000000089300000, 0x0000000089300000, 0x0000000089400000|  0%| F|  |TAMS 0x0000000089300000, 0x0000000089300000| Untracked 
| 148|0x0000000089400000, 0x0000000089400000, 0x0000000089500000|  0%| F|  |TAMS 0x0000000089400000, 0x0000000089400000| Untracked 
| 149|0x0000000089500000, 0x0000000089500000, 0x0000000089600000|  0%| F|  |TAMS 0x0000000089500000, 0x0000000089500000| Untracked 
| 150|0x0000000089600000, 0x0000000089600000, 0x0000000089700000|  0%| F|  |TAMS 0x0000000089600000, 0x0000000089600000| Untracked 
| 151|0x0000000089700000, 0x0000000089700000, 0x0000000089800000|  0%| F|  |TAMS 0x0000000089700000, 0x0000000089700000| Untracked 
| 152|0x0000000089800000, 0x0000000089800000, 0x0000000089900000|  0%| F|  |TAMS 0x0000000089800000, 0x0000000089800000| Untracked 
| 153|0x0000000089900000, 0x0000000089900000, 0x0000000089a00000|  0%| F|  |TAMS 0x0000000089900000, 0x0000000089900000| Untracked 
| 154|0x0000000089a00000, 0x0000000089a00000, 0x0000000089b00000|  0%| F|  |TAMS 0x0000000089a00000, 0x0000000089a00000| Untracked 
| 155|0x0000000089b00000, 0x0000000089b00000, 0x0000000089c00000|  0%| F|  |TAMS 0x0000000089b00000, 0x0000000089b00000| Untracked 
| 156|0x0000000089c00000, 0x0000000089c00000, 0x0000000089d00000|  0%| F|  |TAMS 0x0000000089c00000, 0x0000000089c00000| Untracked 
| 157|0x0000000089d00000, 0x0000000089d00000, 0x0000000089e00000|  0%| F|  |TAMS 0x0000000089d00000, 0x0000000089d00000| Untracked 
| 158|0x0000000089e00000, 0x0000000089e00000, 0x0000000089f00000|  0%| F|  |TAMS 0x0000000089e00000, 0x0000000089e00000| Untracked 
| 159|0x0000000089f00000, 0x0000000089f00000, 0x000000008a000000|  0%| F|  |TAMS 0x0000000089f00000, 0x0000000089f00000| Untracked 
| 160|0x000000008a000000, 0x000000008a000000, 0x000000008a100000|  0%| F|  |TAMS 0x000000008a000000, 0x000000008a000000| Untracked 
| 161|0x000000008a100000, 0x000000008a100000, 0x000000008a200000|  0%| F|  |TAMS 0x000000008a100000, 0x000000008a100000| Untracked 
| 162|0x000000008a200000, 0x000000008a200000, 0x000000008a300000|  0%| F|  |TAMS 0x000000008a200000, 0x000000008a200000| Untracked 
| 163|0x000000008a300000, 0x000000008a300000, 0x000000008a400000|  0%| F|  |TAMS 0x000000008a300000, 0x000000008a300000| Untracked 
| 164|0x000000008a400000, 0x000000008a400000, 0x000000008a500000|  0%| F|  |TAMS 0x000000008a400000, 0x000000008a400000| Untracked 
| 165|0x000000008a500000, 0x000000008a500000, 0x000000008a600000|  0%| F|  |TAMS 0x000000008a500000, 0x000000008a500000| Untracked 
| 166|0x000000008a600000, 0x000000008a600000, 0x000000008a700000|  0%| F|  |TAMS 0x000000008a600000, 0x000000008a600000| Untracked 
| 167|0x000000008a700000, 0x000000008a700000, 0x000000008a800000|  0%| F|  |TAMS 0x000000008a700000, 0x000000008a700000| Untracked 
| 168|0x000000008a800000, 0x000000008a800000, 0x000000008a900000|  0%| F|  |TAMS 0x000000008a800000, 0x000000008a800000| Untracked 
| 169|0x000000008a900000, 0x000000008a900000, 0x000000008aa00000|  0%| F|  |TAMS 0x000000008a900000, 0x000000008a900000| Untracked 
| 170|0x000000008aa00000, 0x000000008ab00000, 0x000000008ab00000|100%| S|CS|TAMS 0x000000008aa00000, 0x000000008aa00000| Complete 
| 171|0x000000008ab00000, 0x000000008ac00000, 0x000000008ac00000|100%| S|CS|TAMS 0x000000008ab00000, 0x000000008ab00000| Complete 
| 172|0x000000008ac00000, 0x000000008ac00000, 0x000000008ad00000|  0%| F|  |TAMS 0x000000008ac00000, 0x000000008ac00000| Untracked 
| 173|0x000000008ad00000, 0x000000008ad00000, 0x000000008ae00000|  0%| F|  |TAMS 0x000000008ad00000, 0x000000008ad00000| Untracked 
| 174|0x000000008ae00000, 0x000000008ae00000, 0x000000008af00000|  0%| F|  |TAMS 0x000000008ae00000, 0x000000008ae00000| Untracked 
| 175|0x000000008af00000, 0x000000008af00000, 0x000000008b000000|  0%| F|  |TAMS 0x000000008af00000, 0x000000008af00000| Untracked 
| 176|0x000000008b000000, 0x000000008b000000, 0x000000008b100000|  0%| F|  |TAMS 0x000000008b000000, 0x000000008b000000| Untracked 
| 177|0x000000008b100000, 0x000000008b100000, 0x000000008b200000|  0%| F|  |TAMS 0x000000008b100000, 0x000000008b100000| Untracked 
| 178|0x000000008b200000, 0x000000008b2af078, 0x000000008b300000| 68%| E|  |TAMS 0x000000008b200000, 0x000000008b200000| Complete 
| 179|0x000000008b300000, 0x000000008b400000, 0x000000008b400000|100%| E|CS|TAMS 0x000000008b300000, 0x000000008b300000| Complete 
| 180|0x000000008b400000, 0x000000008b500000, 0x000000008b500000|100%| E|CS|TAMS 0x000000008b400000, 0x000000008b400000| Complete 
| 181|0x000000008b500000, 0x000000008b600000, 0x000000008b600000|100%| E|CS|TAMS 0x000000008b500000, 0x000000008b500000| Complete 
| 182|0x000000008b600000, 0x000000008b700000, 0x000000008b700000|100%| E|CS|TAMS 0x000000008b600000, 0x000000008b600000| Complete 

Card table byte_map: [0x0000011cf0240000,0x0000011cf0640000] _byte_map_base: 0x0000011cefe40000

Marking Bits (Prev, Next): (CMBitMap*) 0x0000011cdca8b2b8, (CMBitMap*) 0x0000011cdca8b2f0
 Prev Bits: [0x0000011cf0a40000, 0x0000011cf2a40000)
 Next Bits: [0x0000011cf2a40000, 0x0000011cf4a40000)

Polling page: 0x0000011cdb160000

Metaspace:

Usage:
  Non-class:     82.65 MB capacity,    81.12 MB ( 98%) used,     1.28 MB (  2%) free+waste,   256.00 KB ( <1%) overhead. 
      Class:     12.71 MB capacity,    11.88 MB ( 93%) used,   732.39 KB (  6%) free+waste,   114.19 KB ( <1%) overhead. 
       Both:     95.35 MB capacity,    93.00 MB ( 98%) used,     1.99 MB (  2%) free+waste,   370.19 KB ( <1%) overhead. 

Virtual space:
  Non-class space:       84.00 MB reserved,      82.95 MB ( 99%) committed 
      Class space:        1.00 GB reserved,      12.88 MB (  1%) committed 
             Both:        1.08 GB reserved,      95.82 MB (  9%) committed 

Chunk freelists:
   Non-Class:  117.00 KB
       Class:  77.00 KB
        Both:  194.00 KB

MaxMetaspaceSize: 17179869184.00 GB
CompressedClassSpaceSize: 1.00 GB

CodeHeap 'non-profiled nmethods': size=120000Kb used=7205Kb max_used=7205Kb free=112794Kb
 bounds [0x0000011ce7ea0000, 0x0000011ce85b0000, 0x0000011cef3d0000]
CodeHeap 'profiled nmethods': size=120000Kb used=26532Kb max_used=26532Kb free=93467Kb
 bounds [0x0000011ce0970000, 0x0000011ce2370000, 0x0000011ce7ea0000]
CodeHeap 'non-nmethods': size=5760Kb used=2307Kb max_used=2368Kb free=3452Kb
 bounds [0x0000011ce03d0000, 0x0000011ce0640000, 0x0000011ce0970000]
 total_blobs=12932 nmethods=12029 adapters=814
 compilation: enabled
              stopped_count=0, restarted_count=0
 full_count=0

Compilation events (20 events):
Event: 40.419 Thread 0x0000011cf753e800 12689       2       com.android.tools.r8.dex.n$$Lambda$1023/0x00000001009e6440::get (8 bytes)
Event: 40.419 Thread 0x0000011cf753e800 nmethod 12689 0x0000011ce2356690 code [0x0000011ce2356840, 0x0000011ce2356a08]
Event: 40.419 Thread 0x0000011cf753e800 12690       2       com.android.tools.r8.graph.T::<init> (10 bytes)
Event: 40.419 Thread 0x0000011cf753e800 nmethod 12690 0x0000011ce2356b10 code [0x0000011ce2356cc0, 0x0000011ce2356df8]
Event: 40.419 Thread 0x0000011cf753e800 12691       2       com.android.tools.r8.dex.n::g (12 bytes)
Event: 40.419 Thread 0x0000011cf753e800 nmethod 12691 0x0000011ce2356e90 code [0x0000011ce2357040, 0x0000011ce2357208]
Event: 40.422 Thread 0x0000011cf753e800 12692       2       com.android.tools.r8.t.a.a.a.h.f0::a (27 bytes)
Event: 40.423 Thread 0x0000011cf753e800 nmethod 12692 0x0000011ce2357310 code [0x0000011ce23574c0, 0x0000011ce23576d8]
Event: 40.423 Thread 0x0000011cf753e800 12693       2       com.android.tools.r8.t.a.a.a.h.f0$e::<init> (6 bytes)
Event: 40.423 Thread 0x0000011cf753e800 nmethod 12693 0x0000011ce2357790 code [0x0000011ce2357940, 0x0000011ce2357a98]
Event: 40.423 Thread 0x0000011cf753e800 12694       2       com.android.tools.r8.t.a.a.a.h.f0$e::<init> (10 bytes)
Event: 40.423 Thread 0x0000011cf753e800 nmethod 12694 0x0000011ce2357b10 code [0x0000011ce2357cc0, 0x0000011ce2357df8]
Event: 40.425 Thread 0x0000011cf753e800 12695   !   2       com.android.tools.r8.graph.i0::b (24 bytes)
Event: 40.426 Thread 0x0000011cf753e800 nmethod 12695 0x0000011ce2357e90 code [0x0000011ce2358080, 0x0000011ce23583b8]
Event: 40.427 Thread 0x0000011cf753e800 12698       2       com.android.tools.r8.code.A0::<init> (7 bytes)
Event: 40.428 Thread 0x0000011cf753e800 nmethod 12698 0x0000011ce2358610 code [0x0000011ce23587c0, 0x0000011ce2358918]
Event: 40.430 Thread 0x0000011cf753e800 12699       2       com.android.tools.r8.dex.n::a (71 bytes)
Event: 40.431 Thread 0x0000011cf753e800 nmethod 12699 0x0000011ce2358a10 code [0x0000011ce2358cc0, 0x0000011ce23595d8]
Event: 40.432 Thread 0x0000011cf753e800 12700       2       com.android.tools.r8.graph.Z0::d (64 bytes)
Event: 40.432 Thread 0x0000011cf753e800 nmethod 12700 0x0000011ce2359c10 code [0x0000011ce2359e20, 0x0000011ce235a198]

GC Heap History (20 events):
Event: 7.111 GC heap before
{Heap before GC invocations=15 (full 0):
 garbage-first heap   total 155648K, used 114476K [0x0000000080000000, 0x0000000100000000)
  region size 1024K, 70 young (71680K), 9 survivors (9216K)
 Metaspace       used 70906K, capacity 72645K, committed 72780K, reserved 1112064K
  class space    used 9235K, capacity 9855K, committed 9856K, reserved 1048576K
}
Event: 7.119 GC heap after
{Heap after GC invocations=16 (full 0):
 garbage-first heap   total 155648K, used 55619K [0x0000000080000000, 0x0000000100000000)
  region size 1024K, 4 young (4096K), 4 survivors (4096K)
 Metaspace       used 70906K, capacity 72645K, committed 72780K, reserved 1112064K
  class space    used 9235K, capacity 9855K, committed 9856K, reserved 1048576K
}
Event: 7.946 GC heap before
{Heap before GC invocations=16 (full 0):
 garbage-first heap   total 155648K, used 117059K [0x0000000080000000, 0x0000000100000000)
  region size 1024K, 65 young (66560K), 4 survivors (4096K)
 Metaspace       used 75552K, capacity 77557K, committed 77772K, reserved 1116160K
  class space    used 9907K, capacity 10646K, committed 10752K, reserved 1048576K
}
Event: 7.953 GC heap after
{Heap after GC invocations=17 (full 0):
 garbage-first heap   total 187392K, used 59692K [0x0000000080000000, 0x0000000100000000)
  region size 1024K, 8 young (8192K), 8 survivors (8192K)
 Metaspace       used 75552K, capacity 77557K, committed 77772K, reserved 1116160K
  class space    used 9907K, capacity 10646K, committed 10752K, reserved 1048576K
}
Event: 8.723 GC heap before
{Heap before GC invocations=17 (full 0):
 garbage-first heap   total 187392K, used 133420K [0x0000000080000000, 0x0000000100000000)
  region size 1024K, 81 young (82944K), 8 survivors (8192K)
 Metaspace       used 76277K, capacity 78379K, committed 78540K, reserved 1118208K
  class space    used 9924K, capacity 10662K, committed 10752K, reserved 1048576K
}
Event: 8.734 GC heap after
{Heap after GC invocations=18 (full 0):
 garbage-first heap   total 187392K, used 64582K [0x0000000080000000, 0x0000000100000000)
  region size 1024K, 10 young (10240K), 10 survivors (10240K)
 Metaspace       used 76277K, capacity 78379K, committed 78540K, reserved 1118208K
  class space    used 9924K, capacity 10662K, committed 10752K, reserved 1048576K
}
Event: 10.701 GC heap before
{Heap before GC invocations=18 (full 0):
 garbage-first heap   total 187392K, used 137286K [0x0000000080000000, 0x0000000100000000)
  region size 1024K, 82 young (83968K), 10 survivors (10240K)
 Metaspace       used 81149K, capacity 83325K, committed 83532K, reserved 1122304K
  class space    used 10504K, capacity 11284K, committed 11392K, reserved 1048576K
}
Event: 10.712 GC heap after
{Heap after GC invocations=19 (full 0):
 garbage-first heap   total 187392K, used 70618K [0x0000000080000000, 0x0000000100000000)
  region size 1024K, 11 young (11264K), 11 survivors (11264K)
 Metaspace       used 81149K, capacity 83325K, committed 83532K, reserved 1122304K
  class space    used 10504K, capacity 11284K, committed 11392K, reserved 1048576K
}
Event: 17.684 GC heap before
{Heap before GC invocations=19 (full 0):
 garbage-first heap   total 187392K, used 142298K [0x0000000080000000, 0x0000000100000000)
  region size 1024K, 82 young (83968K), 11 survivors (11264K)
 Metaspace       used 84899K, capacity 87026K, committed 87372K, reserved 1124352K
  class space    used 11015K, capacity 11785K, committed 11904K, reserved 1048576K
}
Event: 17.692 GC heap after
{Heap after GC invocations=20 (full 0):
 garbage-first heap   total 187392K, used 72407K [0x0000000080000000, 0x0000000100000000)
  region size 1024K, 5 young (5120K), 5 survivors (5120K)
 Metaspace       used 84899K, capacity 87026K, committed 87372K, reserved 1124352K
  class space    used 11015K, capacity 11785K, committed 11904K, reserved 1048576K
}
Event: 38.137 GC heap before
{Heap before GC invocations=20 (full 0):
 garbage-first heap   total 187392K, used 145111K [0x0000000080000000, 0x0000000100000000)
  region size 1024K, 77 young (78848K), 5 survivors (5120K)
 Metaspace       used 89491K, capacity 91820K, committed 92108K, reserved 1128448K
  class space    used 11339K, capacity 12189K, committed 12288K, reserved 1048576K
}
Event: 38.146 GC heap after
{Heap after GC invocations=21 (full 0):
 garbage-first heap   total 187392K, used 76686K [0x0000000080000000, 0x0000000100000000)
  region size 1024K, 10 young (10240K), 10 survivors (10240K)
 Metaspace       used 89491K, capacity 91820K, committed 92108K, reserved 1128448K
  class space    used 11339K, capacity 12189K, committed 12288K, reserved 1048576K
}
Event: 39.144 GC heap before
{Heap before GC invocations=21 (full 0):
 garbage-first heap   total 187392K, used 146318K [0x0000000080000000, 0x0000000100000000)
  region size 1024K, 79 young (80896K), 10 survivors (10240K)
 Metaspace       used 91143K, capacity 93451K, committed 93516K, reserved 1130496K
  class space    used 11527K, capacity 12364K, committed 12416K, reserved 1048576K
}
Event: 39.153 GC heap after
{Heap after GC invocations=22 (full 0):
 garbage-first heap   total 187392K, used 78701K [0x0000000080000000, 0x0000000100000000)
  region size 1024K, 8 young (8192K), 8 survivors (8192K)
 Metaspace       used 91143K, capacity 93451K, committed 93516K, reserved 1130496K
  class space    used 11527K, capacity 12364K, committed 12416K, reserved 1048576K
}
Event: 39.861 GC heap before
{Heap before GC invocations=22 (full 0):
 garbage-first heap   total 187392K, used 146285K [0x0000000080000000, 0x0000000100000000)
  region size 1024K, 65 young (66560K), 8 survivors (8192K)
 Metaspace       used 93282K, capacity 95766K, committed 95948K, reserved 1132544K
  class space    used 11833K, capacity 12687K, committed 12800K, reserved 1048576K
}
Event: 39.876 GC heap after
{Heap after GC invocations=23 (full 0):
 garbage-first heap   total 187392K, used 95980K [0x0000000080000000, 0x0000000100000000)
  region size 1024K, 10 young (10240K), 10 survivors (10240K)
 Metaspace       used 93282K, capacity 95766K, committed 95948K, reserved 1132544K
  class space    used 11833K, capacity 12687K, committed 12800K, reserved 1048576K
}
Event: 40.096 GC heap before
{Heap before GC invocations=24 (full 0):
 garbage-first heap   total 187392K, used 134892K [0x0000000080000000, 0x0000000100000000)
  region size 1024K, 46 young (47104K), 10 survivors (10240K)
 Metaspace       used 93344K, capacity 95671K, committed 96204K, reserved 1132544K
  class space    used 11808K, capacity 12614K, committed 12800K, reserved 1048576K
}
Event: 40.133 GC heap after
{Heap after GC invocations=25 (full 0):
 garbage-first heap   total 187392K, used 111574K [0x0000000080000000, 0x0000000100000000)
  region size 1024K, 9 young (9216K), 9 survivors (9216K)
 Metaspace       used 93344K, capacity 95671K, committed 96204K, reserved 1132544K
  class space    used 11808K, capacity 12614K, committed 12800K, reserved 1048576K
}
Event: 40.367 GC heap before
{Heap before GC invocations=26 (full 0):
 garbage-first heap   total 187392K, used 146390K [0x0000000080000000, 0x0000000100000000)
  region size 1024K, 43 young (44032K), 9 survivors (9216K)
 Metaspace       used 95175K, capacity 97571K, committed 97868K, reserved 1134592K
  class space    used 12159K, capacity 13010K, committed 13184K, reserved 1048576K
}
Event: 40.389 GC heap after
{Heap after GC invocations=27 (full 0):
 garbage-first heap   total 187392K, used 129000K [0x0000000080000000, 0x0000000100000000)
  region size 1024K, 6 young (6144K), 6 survivors (6144K)
 Metaspace       used 95175K, capacity 97571K, committed 97868K, reserved 1134592K
  class space    used 12159K, capacity 13010K, committed 13184K, reserved 1048576K
}

Deoptimization events (20 events):
Event: 40.358 Thread 0x0000011cfa528000 DEOPT PACKING pc=0x0000011ce22ee802 sp=0x00000001fa8fe850
Event: 40.358 Thread 0x0000011cfa528000 DEOPT UNPACKING pc=0x0000011ce03f8ade sp=0x00000001fa8fdcb8 mode 0
Event: 40.359 Thread 0x0000011cfa528000 DEOPT PACKING pc=0x0000011ce22ee802 sp=0x00000001fa8fe850
Event: 40.359 Thread 0x0000011cfa528000 DEOPT UNPACKING pc=0x0000011ce03f8ade sp=0x00000001fa8fdcb8 mode 0
Event: 40.359 Thread 0x0000011cfa528000 DEOPT PACKING pc=0x0000011ce22ee802 sp=0x00000001fa8fe7c0
Event: 40.359 Thread 0x0000011cfa528000 DEOPT UNPACKING pc=0x0000011ce03f8ade sp=0x00000001fa8fdc28 mode 0
Event: 40.360 Thread 0x0000011cfa523000 DEOPT PACKING pc=0x0000011ce22ee802 sp=0x00000001fa6fed70
Event: 40.360 Thread 0x0000011cfdd3c800 DEOPT PACKING pc=0x0000011ce22ee802 sp=0x00000001fa4fef40
Event: 40.360 Thread 0x0000011cfa523000 DEOPT UNPACKING pc=0x0000011ce03f8ade sp=0x00000001fa6fe1d8 mode 0
Event: 40.360 Thread 0x0000011cfdd3c800 DEOPT UNPACKING pc=0x0000011ce03f8ade sp=0x00000001fa4fe3a8 mode 0
Event: 40.361 Thread 0x0000011cfa523000 DEOPT PACKING pc=0x0000011ce22ee802 sp=0x00000001fa6fed80
Event: 40.361 Thread 0x0000011cfa523000 DEOPT UNPACKING pc=0x0000011ce03f8ade sp=0x00000001fa6fe1e8 mode 0
Event: 40.361 Thread 0x0000011cfa528000 DEOPT PACKING pc=0x0000011ce22ee802 sp=0x00000001fa8fe840
Event: 40.361 Thread 0x0000011cfa528000 DEOPT UNPACKING pc=0x0000011ce03f8ade sp=0x00000001fa8fdca8 mode 0
Event: 40.361 Thread 0x0000011cfa523000 DEOPT PACKING pc=0x0000011ce22ee802 sp=0x00000001fa6fecf0
Event: 40.361 Thread 0x0000011cfdd3c800 DEOPT PACKING pc=0x0000011ce22ee802 sp=0x00000001fa4fefc0
Event: 40.361 Thread 0x0000011cfa523000 DEOPT UNPACKING pc=0x0000011ce03f8ade sp=0x00000001fa6fe158 mode 0
Event: 40.361 Thread 0x0000011cfdd3c800 DEOPT UNPACKING pc=0x0000011ce03f8ade sp=0x00000001fa4fe428 mode 0
Event: 40.362 Thread 0x0000011cfdd3c800 DEOPT PACKING pc=0x0000011ce22ee802 sp=0x00000001fa4fefc0
Event: 40.362 Thread 0x0000011cfdd3c800 DEOPT UNPACKING pc=0x0000011ce03f8ade sp=0x00000001fa4fe428 mode 0

Classes redefined (0 events):
No events

Internal exceptions (20 events):
Event: 17.983 Thread 0x0000011cf9859800 Exception <a 'java/lang/NoSuchMethodError'{0x000000008a446230}: <clinit>> (0x000000008a446230) thrown at [./src/hotspot/share/prims/jni.cpp, line 1362]
Event: 17.984 Thread 0x0000011cf9859800 Exception <a 'java/lang/NoSuchMethodError'{0x000000008a447918}: <clinit>> (0x000000008a447918) thrown at [./src/hotspot/share/prims/jni.cpp, line 1362]
Event: 17.984 Thread 0x0000011cf9859800 Exception <a 'java/lang/NoSuchMethodError'{0x000000008a459a48}: <clinit>> (0x000000008a459a48) thrown at [./src/hotspot/share/prims/jni.cpp, line 1362]
Event: 17.985 Thread 0x0000011cf9859800 Exception <a 'java/lang/NoSuchMethodError'{0x000000008a465b98}: <clinit>> (0x000000008a465b98) thrown at [./src/hotspot/share/prims/jni.cpp, line 1362]
Event: 37.744 Thread 0x0000011cfaed5800 Implicit null exception at 0x0000011ce84ba718 to 0x0000011ce84baf7c
Event: 37.745 Thread 0x0000011cfaed5800 Implicit null exception at 0x0000011ce84c4cd2 to 0x0000011ce84c50e0
Event: 37.750 Thread 0x0000011cfaed5800 Exception <a 'sun/nio/fs/WindowsException'{0x000000008867bc38}> (0x000000008867bc38) thrown at [./src/hotspot/share/prims/jni.cpp, line 615]
Event: 38.913 Thread 0x0000011cfdd32000 Exception <a 'java/lang/NoSuchMethodError'{0x00000000884baa68}: 'void java.lang.invoke.DirectMethodHandle$Holder.invokeStatic(java.lang.Object, java.lang.Object, java.lang.Object, java.lang.Object, int, java.lang.Object)'> (0x00000000884baa68) thrown at [./src/hotspot/share/interpreter/linkResolver.cpp, line 773]
Event: 39.250 Thread 0x0000011cfdd32000 Exception <a 'java/lang/NoSuchMethodError'{0x000000008adafb78}: <clinit>> (0x000000008adafb78) thrown at [./src/hotspot/share/prims/jni.cpp, line 1362]
Event: 39.668 Thread 0x0000011cfdd36000 Exception <a 'sun/nio/fs/WindowsException'{0x000000008926a808}> (0x000000008926a808) thrown at [./src/hotspot/share/prims/jni.cpp, line 615]
Event: 39.779 Thread 0x0000011cfdd36000 Exception <a 'java/lang/NoSuchMethodError'{0x00000000886dc070}: 'int java.lang.invoke.DirectMethodHandle$Holder.invokeVirtual(java.lang.Object, java.lang.Object, java.lang.Object)'> (0x00000000886dc070) thrown at [./src/hotspot/share/interpreter/linkResolver.cpp, line 773]
Event: 39.842 Thread 0x0000011cfdd36000 Exception <a 'java/lang/NoSuchMethodError'{0x0000000088238840}: 'java.lang.Object java.lang.invoke.DirectMethodHandle$Holder.invokeStatic(java.lang.Object, java.lang.Object, java.lang.Object, java.lang.Object, java.lang.Object, java.lang.Object, java.lang.Object, java.lang.Object, java.lang.Object, java.lang.Object, java.lang.Object, java.lang.Object, java.lang.Object, java.lang.Object, java.lang.Object, java.lang.Object, java.lang.Object, int, java.lang.Object)'> (0x0000000088238840) thrown at [./src/hots
Event: 39.842 Thread 0x0000011cfdd36000 Exception <a 'java/lang/NoSuchMethodError'{0x000000008823e320}: 'java.lang.Object java.lang.invoke.DirectMethodHandle$Holder.invokeStaticInit(java.lang.Object, java.lang.Object, java.lang.Object, java.lang.Object, java.lang.Object, java.lang.Object, java.lang.Object, java.lang.Object, java.lang.Object, java.lang.Object, java.lang.Object, java.lang.Object, java.lang.Object, java.lang.Object, java.lang.Object, java.lang.Object, java.lang.Object, int, java.lang.Object)'> (0x000000008823e320) thrown at [./src/
Event: 40.177 Thread 0x0000011cfa528000 Exception <a 'java/lang/NoSuchMethodError'{0x000000008b148840}: 'java.lang.Object java.lang.invoke.DirectMethodHandle$Holder.newInvokeSpecial(java.lang.Object, int)'> (0x000000008b148840) thrown at [./src/hotspot/share/interpreter/linkResolver.cpp, line 773]
Event: 40.225 Thread 0x0000011cfa528000 Implicit null exception at 0x0000011ce804cf2f to 0x0000011ce804d020
Event: 40.225 Thread 0x0000011cfa524800 Implicit null exception at 0x0000011ce804cf2f to 0x0000011ce804d020
Event: 40.225 Thread 0x0000011cfdd3c800 Implicit null exception at 0x0000011ce804cf2f to 0x0000011ce804d020
Event: 40.225 Thread 0x0000011cfdd3b800 Implicit null exception at 0x0000011ce804cf2f to 0x0000011ce804d020
Event: 40.225 Thread 0x0000011cfdd35000 Implicit null exception at 0x0000011ce804cf2f to 0x0000011ce804d020
Event: 40.225 Thread 0x0000011cfa523000 Implicit null exception at 0x0000011ce804cf2f to 0x0000011ce804d020

Events (20 events):
Event: 40.248 loading class com/android/tools/r8/q/a/a/a/v$a
Event: 40.248 loading class com/android/tools/r8/q/a/a/a/v$a done
Event: 40.248 loading class com/android/tools/r8/t/a/a/a/h/h0
Event: 40.248 loading class com/android/tools/r8/t/a/a/a/h/h0 done
Event: 40.248 loading class com/android/tools/r8/graph/Z0
Event: 40.248 loading class com/android/tools/r8/graph/Z0 done
Event: 40.248 loading class com/android/tools/r8/t/a/a/a/h/f0$d
Event: 40.248 loading class com/android/tools/r8/t/a/a/a/h/f0$d done
Event: 40.249 loading class com/android/tools/r8/s/a/p/h
Event: 40.249 loading class com/android/tools/r8/s/a/p/h done
Event: 40.249 loading class com/android/tools/r8/t/a/a/a/h/g0
Event: 40.249 loading class com/android/tools/r8/t/a/a/a/h/g0 done
Event: 40.249 loading class com/android/tools/r8/s/a/p/i
Event: 40.249 loading class com/android/tools/r8/s/a/p/i done
Event: 40.264 Executing VM operation: CGC_Operation
Event: 40.265 Executing VM operation: CGC_Operation done
Event: 40.268 loading class com/android/tools/r8/s/a/p/k
Event: 40.268 loading class com/android/tools/r8/s/a/p/k done
Event: 40.367 Executing VM operation: G1CollectForAllocation
Event: 40.389 Executing VM operation: G1CollectForAllocation done


Dynamic libraries:
0x00007ff6f4aa0000 - 0x00007ff6f4aaa000 	C:\Program Files\Android\Android Studio\jre\bin\java.exe
0x00007ffef2690000 - 0x00007ffef2885000 	C:\WINDOWS\SYSTEM32\ntdll.dll
0x00007ffef10f0000 - 0x00007ffef11ad000 	C:\WINDOWS\System32\KERNEL32.DLL
0x00007ffef0230000 - 0x00007ffef04f8000 	C:\WINDOWS\System32\KERNELBASE.dll
0x00007ffeeff40000 - 0x00007ffef0040000 	C:\WINDOWS\System32\ucrtbase.dll
0x00007ffee9a20000 - 0x00007ffee9a37000 	C:\Program Files\Android\Android Studio\jre\bin\VCRUNTIME140.dll
0x00007ffedf350000 - 0x00007ffedf369000 	C:\Program Files\Android\Android Studio\jre\bin\jli.dll
0x00007ffef1220000 - 0x00007ffef13c0000 	C:\WINDOWS\System32\USER32.dll
0x00007ffeefee0000 - 0x00007ffeeff02000 	C:\WINDOWS\System32\win32u.dll
0x00007ffef0f10000 - 0x00007ffef0f3a000 	C:\WINDOWS\System32\GDI32.dll
0x00007ffeefdd0000 - 0x00007ffeefedb000 	C:\WINDOWS\System32\gdi32full.dll
0x00007ffef0660000 - 0x00007ffef06fd000 	C:\WINDOWS\System32\msvcp_win.dll
0x00007ffed2200000 - 0x00007ffed249a000 	C:\WINDOWS\WinSxS\amd64_microsoft.windows.common-controls_6595b64144ccf1df_6.0.19041.1052_none_60b8f8fd71f5e8cb\COMCTL32.dll
0x00007ffef1f10000 - 0x00007ffef1fae000 	C:\WINDOWS\System32\msvcrt.dll
0x00007ffef15e0000 - 0x00007ffef1610000 	C:\WINDOWS\System32\IMM32.DLL
0x00007ffedf2b0000 - 0x00007ffedf34d000 	C:\Program Files\Android\Android Studio\jre\bin\msvcp140.dll
0x00007ffeaed20000 - 0x00007ffeaf7dc000 	C:\Program Files\Android\Android Studio\jre\bin\server\jvm.dll
0x00007ffef1420000 - 0x00007ffef14cc000 	C:\WINDOWS\System32\ADVAPI32.dll
0x00007ffef1d80000 - 0x00007ffef1e1b000 	C:\WINDOWS\System32\sechost.dll
0x00007ffef2060000 - 0x00007ffef218b000 	C:\WINDOWS\System32\RPCRT4.dll
0x00007ffef21c0000 - 0x00007ffef21c8000 	C:\WINDOWS\System32\PSAPI.DLL
0x00007ffed5a80000 - 0x00007ffed5aa7000 	C:\WINDOWS\SYSTEM32\WINMM.dll
0x00007ffeccca0000 - 0x00007ffeccca9000 	C:\WINDOWS\SYSTEM32\WSOCK32.dll
0x00007ffef1770000 - 0x00007ffef17db000 	C:\WINDOWS\System32\WS2_32.dll
0x00007ffeef960000 - 0x00007ffeef96a000 	C:\WINDOWS\SYSTEM32\VERSION.dll
0x00007ffeee630000 - 0x00007ffeee642000 	C:\WINDOWS\SYSTEM32\kernel.appcore.dll
0x00007ffee9a00000 - 0x00007ffee9a11000 	C:\Program Files\Android\Android Studio\jre\bin\verify.dll
0x00007ffeedbb0000 - 0x00007ffeedd94000 	C:\WINDOWS\SYSTEM32\DBGHELP.DLL
0x00007ffede930000 - 0x00007ffede95c000 	C:\WINDOWS\SYSTEM32\dbgcore.DLL
0x00007ffef0040000 - 0x00007ffef00c3000 	C:\WINDOWS\System32\bcryptPrimitives.dll
0x00007ffed3ea0000 - 0x00007ffed3ec9000 	C:\Program Files\Android\Android Studio\jre\bin\java.dll
0x00007ffeea0d0000 - 0x00007ffeea0db000 	C:\Program Files\Android\Android Studio\jre\bin\jimage.dll
0x00007ffee99e0000 - 0x00007ffee99f8000 	C:\Program Files\Android\Android Studio\jre\bin\zip.dll
0x00007ffef0700000 - 0x00007ffef0e3f000 	C:\WINDOWS\System32\SHELL32.dll
0x00007ffeedda0000 - 0x00007ffeee530000 	C:\WINDOWS\SYSTEM32\windows.storage.dll
0x00007ffef21d0000 - 0x00007ffef2525000 	C:\WINDOWS\System32\combase.dll
0x00007ffeef7d0000 - 0x00007ffeef7fc000 	C:\WINDOWS\SYSTEM32\Wldp.dll
0x00007ffef1530000 - 0x00007ffef15de000 	C:\WINDOWS\System32\SHCORE.dll
0x00007ffef14d0000 - 0x00007ffef1525000 	C:\WINDOWS\System32\shlwapi.dll
0x00007ffeefd10000 - 0x00007ffeefd2f000 	C:\WINDOWS\SYSTEM32\profapi.dll
0x00007ffed4760000 - 0x00007ffed477a000 	C:\Program Files\Android\Android Studio\jre\bin\net.dll
0x00007ffed8560000 - 0x00007ffed866b000 	C:\WINDOWS\SYSTEM32\WINHTTP.dll
0x00007ffeef540000 - 0x00007ffeef5aa000 	C:\WINDOWS\system32\mswsock.dll
0x00007ffed3fd0000 - 0x00007ffed3fe4000 	C:\Program Files\Android\Android Studio\jre\bin\nio.dll
0x00007ffee63a0000 - 0x00007ffee63c7000 	C:\Users\Apolo\.gradle\native\fdc75f09e3144964f2cf3f50f0aa648679c211496f362492102eb8c894070792\windows-amd64\native-platform.dll
0x00007ffeb21f0000 - 0x00007ffeb2386000 	C:\Users\Apolo\.gradle\native\12488b8bf47d2d4c9fbf2f6322a914ad602e24e48041cd04a747c6da556b65c4\windows-amd64\native-platform-file-events.dll
0x00007ffee6ea0000 - 0x00007ffee6eaa000 	C:\Program Files\Android\Android Studio\jre\bin\management.dll
0x00007ffee6a60000 - 0x00007ffee6a6c000 	C:\Program Files\Android\Android Studio\jre\bin\management_ext.dll
0x00007ffeef710000 - 0x00007ffeef728000 	C:\WINDOWS\SYSTEM32\CRYPTSP.dll
0x00007ffeeee70000 - 0x00007ffeeeea4000 	C:\WINDOWS\system32\rsaenh.dll
0x00007ffeeff10000 - 0x00007ffeeff37000 	C:\WINDOWS\System32\bcrypt.dll
0x00007ffeefc90000 - 0x00007ffeefcbe000 	C:\WINDOWS\SYSTEM32\USERENV.dll
0x00007ffeef730000 - 0x00007ffeef73c000 	C:\WINDOWS\SYSTEM32\CRYPTBASE.dll
0x00007ffeef1e0000 - 0x00007ffeef21b000 	C:\WINDOWS\SYSTEM32\IPHLPAPI.DLL
0x00007ffef11b0000 - 0x00007ffef11b8000 	C:\WINDOWS\System32\NSI.dll
0x00007ffee43c0000 - 0x00007ffee43d7000 	C:\WINDOWS\SYSTEM32\dhcpcsvc6.DLL
0x00007ffee52a0000 - 0x00007ffee52bd000 	C:\WINDOWS\SYSTEM32\dhcpcsvc.DLL
0x00007ffeef220000 - 0x00007ffeef2ec000 	C:\WINDOWS\SYSTEM32\DNSAPI.dll
0x00007ffee55d0000 - 0x00007ffee55db000 	C:\WINDOWS\SYSTEM32\WINNSI.DLL
0x00007ffed4020000 - 0x00007ffed403e000 	C:\Users\Apolo\AppData\Local\Temp\native-platform5713194358572335316dir\native-platform.dll

dbghelp: loaded successfully - version: 4.0.5 - missing functions: none
symbol engine: initialized successfully - sym options: 0x614 - pdb path: .;C:\Program Files\Android\Android Studio\jre\bin;C:\WINDOWS\SYSTEM32;C:\WINDOWS\WinSxS\amd64_microsoft.windows.common-controls_6595b64144ccf1df_6.0.19041.1052_none_60b8f8fd71f5e8cb;C:\Program Files\Android\Android Studio\jre\bin\server;C:\Users\Apolo\.gradle\native\fdc75f09e3144964f2cf3f50f0aa648679c211496f362492102eb8c894070792\windows-amd64;C:\Users\Apolo\.gradle\native\12488b8bf47d2d4c9fbf2f6322a914ad602e24e48041cd04a747c6da556b65c4\windows-amd64;C:\Users\Apolo\AppData\Local\Temp\native-platform5713194358572335316dir

VM Arguments:
jvm_args: --add-opens=java.base/java.util=ALL-UNNAMED --add-opens=java.base/java.lang=ALL-UNNAMED --add-opens=java.base/java.lang.invoke=ALL-UNNAMED --add-opens=java.prefs/java.util.prefs=ALL-UNNAMED -Xmx2048m -Dfile.encoding=windows-1252 -Duser.country=ES -Duser.language=es -Duser.variant 
java_command: org.gradle.launcher.daemon.bootstrap.GradleDaemon 6.7.1
java_class_path (initial): C:\Users\Apolo\.gradle\wrapper\dists\gradle-6.7.1-bin\bwlcbys1h7rz3272sye1xwiv6\gradle-6.7.1\lib\gradle-launcher-6.7.1.jar
Launcher Type: SUN_STANDARD

[Global flags]
     intx CICompilerCount                          = 4                                         {product} {ergonomic}
     uint ConcGCThreads                            = 2                                         {product} {ergonomic}
     uint G1ConcRefinementThreads                  = 8                                         {product} {ergonomic}
   size_t G1HeapRegionSize                         = 1048576                                   {product} {ergonomic}
    uintx GCDrainStackTargetSize                   = 64                                        {product} {ergonomic}
   size_t InitialHeapSize                          = 132120576                                 {product} {ergonomic}
   size_t MarkStackSize                            = 4194304                                   {product} {ergonomic}
   size_t MaxHeapSize                              = 2147483648                                {product} {command line}
   size_t MaxNewSize                               = 1287651328                                {product} {ergonomic}
   size_t MinHeapDeltaBytes                        = 1048576                                   {product} {ergonomic}
    uintx NonNMethodCodeHeapSize                   = 5836300                                {pd product} {ergonomic}
    uintx NonProfiledCodeHeapSize                  = 122910970                              {pd product} {ergonomic}
    uintx ProfiledCodeHeapSize                     = 122910970                              {pd product} {ergonomic}
    uintx ReservedCodeCacheSize                    = 251658240                              {pd product} {ergonomic}
     bool SegmentedCodeCache                       = true                                      {product} {ergonomic}
     bool UseCompressedClassPointers               = true                                 {lp64_product} {ergonomic}
     bool UseCompressedOops                        = true                                 {lp64_product} {ergonomic}
     bool UseG1GC                                  = true                                      {product} {ergonomic}
     bool UseLargePagesIndividualAllocation        = false                                  {pd product} {ergonomic}

Logging:
Log output configuration:
 #0: stdout all=warning uptime,level,tags
 #1: stderr all=off uptime,level,tags

Environment Variables:
PATH=C:\orant\bin;C:\Program Files\Common Files\Oracle\Java\javapath;C:\Program Files (x86)\Common Files\Oracle\Java\javapath;C:\WINDOWS\system32;C:\WINDOWS;C:\WINDOWS\System32\Wbem;C:\WINDOWS\System32\WindowsPowerShell\v1.0\;C:\WINDOWS\System32\OpenSSH\;C:\orant\jdk\bin;C:\Program Files (x86)\Intel\Intel(R) Memory And Storage Tool\;C:\Program Files\nodejs\;C:\instantclient_12_1\;C:\Program Files\Git\cmd;C:\Users\Apolo\AppData\Local\Microsoft\WindowsApps;C:\Users\Apolo\AppData\Local\Programs\Microsoft VS Code\bin;C:\Users\Apolo\AppData\Roaming\npm;C:\Users\Apolo\AppData\Local\atom\bin;
USERNAME=Apolo
OS=Windows_NT
PROCESSOR_IDENTIFIER=Intel64 Family 6 Model 126 Stepping 5, GenuineIntel



---------------  S Y S T E M  ---------------

OS: Windows 10 , 64 bit Build 19041 (10.0.19041.1023)
OS uptime: 13 days 15:38 hours

CPU:total 8 (initial active 8) (4 cores per cpu, 2 threads per core) family 6 model 126 stepping 5, cmov, cx8, fxsr, mmx, sse, sse2, sse3, ssse3, sse4.1, sse4.2, popcnt, avx, avx2, aes, clmul, erms, 3dnowpref, lzcnt, ht, tsc, tscinvbit, bmi1, bmi2, adx, evex, sha, fma

Memory: 4k page, system-wide physical 7973M (508M free)
TotalPageFile size 11461M (AvailPageFile size 5M)
current process WorkingSet (physical memory assigned to process): 471M, peak: 475M
current process commit charge ("private bytes"): 512M, peak: 515M

vm_info: OpenJDK 64-Bit Server VM (11.0.8+10-b944.6842174) for windows-amd64 JRE (11.0.8+10-b944.6842174), built on Sep 19 2020 01:11:42 by "builder" with MS VC++ 14.0 (VS2015)

END.
