#
# There is insufficient memory for the Java Runtime Environment to continue.
# Native memory allocation (malloc) failed to allocate 32744 bytes for ChunkPool::allocate
# Possible reasons:
#   The system is out of physical RAM or swap space
#   The process is running with CompressedOops enabled, and the Java Heap may be blocking the growth of the native heap
# Possible solutions:
#   Reduce memory load on the system
#   Increase physical memory or swap space
#   Check if swap backing store is full
#   Decrease Java heap size (-Xmx/-Xms)
#   Decrease number of Java threads
#   Decrease Java thread stack sizes (-Xss)
#   Set larger code cache with -XX:ReservedCodeCacheSize=
#   JVM is running with Unscaled Compressed Oops mode in which the Java heap is
#     placed in the first 4GB address space. The Java Heap base address is the
#     maximum limit for the native heap growth. Please use -XX:HeapBaseMinAddress
#     to set the Java Heap base and to place the Java Heap above 4GB virtual address.
# This output file may be truncated or incomplete.
#
#  Out of Memory Error (allocation.cpp:272), pid=25676, tid=0x0000000000000560
#
# JRE version: OpenJDK Runtime Environment (8.0_242-b01) (build 1.8.0_242-release-1644-b01)
# Java VM: OpenJDK 64-Bit Server VM (25.242-b01 mixed mode windows-amd64 compressed oops)
# Failed to write core dump. Minidumps are not enabled by default on client versions of Windows
#

---------------  T H R E A D  ---------------

Current thread (0x000000001a0d1000):  JavaThread "C2 CompilerThread0" daemon [_thread_in_native, id=1376, stack(0x000000001a9c0000,0x000000001aac0000)]

Stack: [0x000000001a9c0000,0x000000001aac0000]
[error occurred during error reporting (printing stack bounds), id 0xc0000005]

Native frames: (J=compiled Java code, j=interpreted, Vv=VM code, C=native code)


Current CompileTask:
C2: 705330 12835       4       org.gradle.internal.snapshot.SnapshotUtil::handlePrefix (80 bytes)


---------------  P R O C E S S  ---------------

Java Threads: ( => current thread )
  0x000000002d342800 JavaThread "RMI TCP Connection(1)-127.0.0.1" daemon [_thread_in_native, id=11300, stack(0x0000000031930000,0x0000000031a30000)]
  0x000000002d33b800 JavaThread "RMI Reaper" [_thread_blocked, id=24588, stack(0x0000000031830000,0x0000000031930000)]
  0x000000002d341800 JavaThread "RMI TCP Accept-0" daemon [_thread_in_native, id=25956, stack(0x0000000031730000,0x0000000031830000)]
  0x000000002d341000 JavaThread "GC Daemon" daemon [_thread_blocked, id=25716, stack(0x0000000031630000,0x0000000031730000)]
  0x000000002d33e800 JavaThread "RMI RenewClean-[127.0.0.1:17134,org.jetbrains.kotlin.daemon.common.LoopbackNetworkInterface$ClientLoopbackSocketFactory@6eb6c5ac]" daemon [_thread_blocked, id=26396, stack(0x0000000031530000,0x0000000031630000)]
  0x000000002d33a000 JavaThread "RMI Scheduler(0)" daemon [_thread_blocked, id=5228, stack(0x000000002e760000,0x000000002e860000)]
  0x000000002d340000 JavaThread "Cache worker for execution history cache (C:\Android\Proyecto\VendedoresKT\ApoloVendedor\.gradle\6.5\executionHistory)" [_thread_blocked, id=7804, stack(0x000000002e660000,0x000000002e760000)]
  0x000000002d488000 JavaThread "Execution worker for ':' Thread 7" [_thread_blocked, id=22508, stack(0x000000002e560000,0x000000002e660000)]
  0x000000002d483800 JavaThread "Execution worker for ':' Thread 6" [_thread_blocked, id=24528, stack(0x000000002e460000,0x000000002e560000)]
  0x000000001d5ac000 JavaThread "Execution worker for ':' Thread 5" [_thread_blocked, id=26164, stack(0x000000002e360000,0x000000002e460000)]
  0x000000001d5ab800 JavaThread "Execution worker for ':' Thread 4" [_thread_blocked, id=25412, stack(0x000000002e260000,0x000000002e360000)]
  0x000000001d5aa800 JavaThread "Execution worker for ':' Thread 3" [_thread_blocked, id=7080, stack(0x000000002e160000,0x000000002e260000)]
  0x000000001d5aa000 JavaThread "Execution worker for ':' Thread 2" [_thread_in_Java, id=16740, stack(0x000000002c7e0000,0x000000002c8e0000)]
  0x000000001d5a8800 JavaThread "Execution worker for ':'" [_thread_blocked, id=25656, stack(0x000000002c6e0000,0x000000002c7e0000)]
  0x000000001d5a7800 JavaThread "Cache worker for file content cache (C:\Android\Proyecto\VendedoresKT\ApoloVendedor\.gradle\6.5\fileContent)" [_thread_blocked, id=25224, stack(0x000000002b6e0000,0x000000002b7e0000)]
  0x000000001d5a9000 JavaThread "Cache worker for Build Output Cleanup Cache (C:\Android\Proyecto\VendedoresKT\ApoloVendedor\.gradle\buildOutputCleanup)" [_thread_blocked, id=25372, stack(0x000000002b3e0000,0x000000002b4e0000)]
  0x000000001d5a7000 JavaThread "jar transforms Thread 226" [_thread_blocked, id=6412, stack(0x000000002b2e0000,0x000000002b3e0000)]
  0x000000001d59f800 JavaThread "jar transforms Thread 225" [_thread_blocked, id=24176, stack(0x000000002b1e0000,0x000000002b2e0000)]
  0x000000001d5a6000 JavaThread "jar transforms Thread 224" [_thread_blocked, id=18228, stack(0x000000002b0e0000,0x000000002b1e0000)]
  0x000000001d59e800 JavaThread "jar transforms Thread 223" [_thread_blocked, id=25880, stack(0x000000002afe0000,0x000000002b0e0000)]
  0x000000001d5a5800 JavaThread "jar transforms Thread 222" [_thread_blocked, id=23844, stack(0x000000002aee0000,0x000000002afe0000)]
  0x000000001d59e000 JavaThread "jar transforms Thread 221" [_thread_blocked, id=25684, stack(0x000000002ade0000,0x000000002aee0000)]
  0x000000001d5a4800 JavaThread "jar transforms Thread 220" [_thread_blocked, id=21736, stack(0x000000002ace0000,0x000000002ade0000)]
  0x000000001d5a3000 JavaThread "jar transforms Thread 219" [_thread_blocked, id=2212, stack(0x000000002abe0000,0x000000002ace0000)]
  0x000000001d59d000 JavaThread "jar transforms Thread 218" [_thread_blocked, id=25720, stack(0x000000002a9e0000,0x000000002aae0000)]
  0x000000001d5a4000 JavaThread "jar transforms Thread 217" [_thread_blocked, id=8664, stack(0x000000002a8e0000,0x000000002a9e0000)]
  0x000000001d5a2800 JavaThread "jar transforms Thread 216" [_thread_blocked, id=25584, stack(0x000000002a7e0000,0x000000002a8e0000)]
  0x000000001d5a0000 JavaThread "jar transforms Thread 215" [_thread_blocked, id=24764, stack(0x000000002a6e0000,0x000000002a7e0000)]
  0x000000001d5a1000 JavaThread "jar transforms Thread 214" [_thread_blocked, id=24580, stack(0x000000002a5e0000,0x000000002a6e0000)]
  0x000000001d5a1800 JavaThread "jar transforms Thread 213" [_thread_blocked, id=24960, stack(0x000000002a4e0000,0x000000002a5e0000)]
  0x000000001bbb2000 JavaThread "jar transforms Thread 212" [_thread_blocked, id=13696, stack(0x000000002a3e0000,0x000000002a4e0000)]
  0x000000001bbb9000 JavaThread "jar transforms Thread 211" [_thread_blocked, id=24972, stack(0x000000002a2e0000,0x000000002a3e0000)]
  0x000000001bbb6800 JavaThread "jar transforms Thread 210" [_thread_blocked, id=21296, stack(0x000000002a1e0000,0x000000002a2e0000)]
  0x000000001bbb6000 JavaThread "jar transforms Thread 209" [_thread_blocked, id=17300, stack(0x000000002a0e0000,0x000000002a1e0000)]
  0x000000001bbb1800 JavaThread "jar transforms Thread 208" [_thread_blocked, id=25108, stack(0x0000000029fe0000,0x000000002a0e0000)]
  0x000000001bbb4800 JavaThread "jar transforms Thread 207" [_thread_blocked, id=10688, stack(0x0000000029ee0000,0x0000000029fe0000)]
  0x000000001bbb5000 JavaThread "jar transforms Thread 206" [_thread_blocked, id=7952, stack(0x0000000029de0000,0x0000000029ee0000)]
  0x000000001bbb8000 JavaThread "jar transforms Thread 205" [_thread_blocked, id=26452, stack(0x0000000029ce0000,0x0000000029de0000)]
  0x000000001bbb7800 JavaThread "jar transforms Thread 204" [_thread_blocked, id=26328, stack(0x0000000029be0000,0x0000000029ce0000)]
  0x000000001bbb3800 JavaThread "jar transforms Thread 203" [_thread_blocked, id=25796, stack(0x0000000029ae0000,0x0000000029be0000)]
  0x000000001bbad800 JavaThread "jar transforms Thread 202" [_thread_blocked, id=8252, stack(0x00000000299e0000,0x0000000029ae0000)]
  0x000000001bbb3000 JavaThread "jar transforms Thread 201" [_thread_blocked, id=23080, stack(0x00000000298e0000,0x00000000299e0000)]
  0x000000001bbae800 JavaThread "jar transforms Thread 200" [_thread_blocked, id=26456, stack(0x00000000297e0000,0x00000000298e0000)]
  0x000000001bbaa000 JavaThread "jar transforms Thread 199" [_thread_blocked, id=26052, stack(0x00000000296e0000,0x00000000297e0000)]
  0x000000001bbad000 JavaThread "jar transforms Thread 198" [_thread_blocked, id=17988, stack(0x00000000295e0000,0x00000000296e0000)]
  0x000000001bbaf000 JavaThread "jar transforms Thread 197" [_thread_blocked, id=17660, stack(0x00000000294e0000,0x00000000295e0000)]
  0x000000001bbaa800 JavaThread "jar transforms Thread 196" [_thread_blocked, id=25184, stack(0x00000000293e0000,0x00000000294e0000)]
  0x000000001bbab800 JavaThread "jar transforms Thread 195" [_thread_blocked, id=16156, stack(0x00000000292e0000,0x00000000293e0000)]
  0x000000001bbac000 JavaThread "jar transforms Thread 194" [_thread_blocked, id=12076, stack(0x00000000291e0000,0x00000000292e0000)]
  0x000000001bbb0000 JavaThread "jar transforms Thread 193" [_thread_blocked, id=25220, stack(0x00000000290e0000,0x00000000291e0000)]
  0x000000001bbb0800 JavaThread "jar transforms Thread 192" [_thread_blocked, id=16148, stack(0x0000000028fe0000,0x00000000290e0000)]
  0x000000001bdb6000 JavaThread "jar transforms Thread 191" [_thread_blocked, id=25888, stack(0x0000000028ee0000,0x0000000028fe0000)]
  0x000000001bdb4800 JavaThread "jar transforms Thread 190" [_thread_blocked, id=20648, stack(0x0000000028de0000,0x0000000028ee0000)]
  0x000000001bdb3800 JavaThread "jar transforms Thread 189" [_thread_blocked, id=20304, stack(0x0000000028ce0000,0x0000000028de0000)]
  0x000000001bdb3000 JavaThread "jar transforms Thread 188" [_thread_blocked, id=15908, stack(0x0000000028be0000,0x0000000028ce0000)]
  0x000000001bdb0800 JavaThread "jar transforms Thread 187" [_thread_blocked, id=25940, stack(0x0000000028ae0000,0x0000000028be0000)]
  0x000000001bdb2000 JavaThread "jar transforms Thread 186" [_thread_blocked, id=20180, stack(0x00000000289e0000,0x0000000028ae0000)]
  0x000000001bdb1800 JavaThread "jar transforms Thread 185" [_thread_blocked, id=21004, stack(0x00000000288e0000,0x00000000289e0000)]
  0x000000001bdb5000 JavaThread "jar transforms Thread 184" [_thread_blocked, id=26036, stack(0x00000000287e0000,0x00000000288e0000)]
  0x000000001bdb7800 JavaThread "jar transforms Thread 183" [_thread_blocked, id=26044, stack(0x00000000286e0000,0x00000000287e0000)]
  0x000000001bdb6800 JavaThread "jar transforms Thread 182" [_thread_blocked, id=16696, stack(0x00000000285e0000,0x00000000286e0000)]
  0x000000002d48a800 JavaThread "jar transforms Thread 181" [_thread_blocked, id=25552, stack(0x00000000284e0000,0x00000000285e0000)]
  0x0000000020c59000 JavaThread "jar transforms Thread 180" [_thread_blocked, id=24988, stack(0x00000000283e0000,0x00000000284e0000)]
  0x0000000020c56000 JavaThread "jar transforms Thread 179" [_thread_blocked, id=25960, stack(0x00000000282e0000,0x00000000283e0000)]
  0x0000000020c58800 JavaThread "jar transforms Thread 178" [_thread_blocked, id=19880, stack(0x00000000281e0000,0x00000000282e0000)]
  0x0000000020c5a000 JavaThread "jar transforms Thread 177" [_thread_blocked, id=6236, stack(0x00000000280e0000,0x00000000281e0000)]
  0x0000000020c55800 JavaThread "jar transforms Thread 176" [_thread_blocked, id=25236, stack(0x0000000027fe0000,0x00000000280e0000)]
  0x0000000020c5b800 JavaThread "jar transforms Thread 175" [_thread_blocked, id=25868, stack(0x0000000027ee0000,0x0000000027fe0000)]
  0x0000000020c5c000 JavaThread "jar transforms Thread 174" [_thread_blocked, id=15468, stack(0x0000000027de0000,0x0000000027ee0000)]
  0x0000000020c57800 JavaThread "jar transforms Thread 173" [_thread_blocked, id=25380, stack(0x0000000027ce0000,0x0000000027de0000)]
  0x0000000020c57000 JavaThread "jar transforms Thread 172" [_thread_blocked, id=26412, stack(0x0000000027be0000,0x0000000027ce0000)]
  0x0000000020c5a800 JavaThread "jar transforms Thread 171" [_thread_blocked, id=25596, stack(0x0000000027ae0000,0x0000000027be0000)]
  0x000000001cd19000 JavaThread "jar transforms Thread 170" [_thread_blocked, id=10400, stack(0x00000000279e0000,0x0000000027ae0000)]
  0x000000001cd18000 JavaThread "jar transforms Thread 169" [_thread_blocked, id=24848, stack(0x00000000278e0000,0x00000000279e0000)]
  0x000000001cd16000 JavaThread "jar transforms Thread 168" [_thread_blocked, id=26428, stack(0x00000000277e0000,0x00000000278e0000)]
  0x000000001cd15000 JavaThread "jar transforms Thread 167" [_thread_blocked, id=25440, stack(0x00000000276e0000,0x00000000277e0000)]
  0x000000001cd16800 JavaThread "jar transforms Thread 166" [_thread_blocked, id=26012, stack(0x00000000275e0000,0x00000000276e0000)]
  0x000000002d48d800 JavaThread "jar transforms Thread 165" [_thread_blocked, id=22200, stack(0x00000000274e0000,0x00000000275e0000)]
  0x000000002d48f000 JavaThread "jar transforms Thread 164" [_thread_blocked, id=24404, stack(0x00000000273e0000,0x00000000274e0000)]
  0x000000002d487800 JavaThread "jar transforms Thread 163" [_thread_blocked, id=25204, stack(0x00000000272e0000,0x00000000273e0000)]
  0x000000002d48c800 JavaThread "jar transforms Thread 162" [_thread_blocked, id=21644, stack(0x00000000271e0000,0x00000000272e0000)]
  0x000000002d48e000 JavaThread "jar transforms Thread 161" [_thread_blocked, id=17240, stack(0x00000000270e0000,0x00000000271e0000)]
  0x000000002d48c000 JavaThread "jar transforms Thread 160" [_thread_blocked, id=26140, stack(0x0000000026fe0000,0x00000000270e0000)]
  0x000000002d489000 JavaThread "jar transforms Thread 159" [_thread_blocked, id=25328, stack(0x0000000026ee0000,0x0000000026fe0000)]
  0x000000002d480000 JavaThread "jar transforms Thread 158" [_thread_blocked, id=11704, stack(0x0000000026de0000,0x0000000026ee0000)]
  0x000000002d486000 JavaThread "jar transforms Thread 157" [_thread_blocked, id=26000, stack(0x0000000026ce0000,0x0000000026de0000)]
  0x000000002d483000 JavaThread "jar transforms Thread 156" [_thread_blocked, id=26248, stack(0x0000000026be0000,0x0000000026ce0000)]
  0x000000002d482000 JavaThread "jar transforms Thread 155" [_thread_blocked, id=3580, stack(0x0000000026ae0000,0x0000000026be0000)]
  0x000000002d485000 JavaThread "jar transforms Thread 154" [_thread_blocked, id=26320, stack(0x00000000269e0000,0x0000000026ae0000)]
  0x000000002d481800 JavaThread "jar transforms Thread 153" [_thread_blocked, id=25964, stack(0x00000000268e0000,0x00000000269e0000)]
  0x000000002d486800 JavaThread "jar transforms Thread 152" [_thread_blocked, id=25732, stack(0x00000000267e0000,0x00000000268e0000)]
  0x000000001d3ec000 JavaThread "jar transforms Thread 151" [_thread_blocked, id=12540, stack(0x00000000266e0000,0x00000000267e0000)]
  0x000000001d3ef000 JavaThread "jar transforms Thread 150" [_thread_blocked, id=1540, stack(0x00000000265e0000,0x00000000266e0000)]
  0x000000001d3f1800 JavaThread "jar transforms Thread 149" [_thread_blocked, id=22540, stack(0x00000000264e0000,0x00000000265e0000)]
  0x000000001d3ee800 JavaThread "jar transforms Thread 148" [_thread_blocked, id=22640, stack(0x00000000263e0000,0x00000000264e0000)]
  0x000000001d3f0000 JavaThread "jar transforms Thread 147" [_thread_blocked, id=26468, stack(0x00000000262e0000,0x00000000263e0000)]
  0x000000001d3ed000 JavaThread "jar transforms Thread 146" [_thread_blocked, id=12032, stack(0x00000000261e0000,0x00000000262e0000)]
  0x000000001d3f0800 JavaThread "jar transforms Thread 145" [_thread_blocked, id=23692, stack(0x00000000260e0000,0x00000000261e0000)]
  0x000000001d3eb800 JavaThread "jar transforms Thread 144" [_thread_blocked, id=22892, stack(0x0000000025fe0000,0x00000000260e0000)]
  0x000000001d3ed800 JavaThread "jar transforms Thread 143" [_thread_blocked, id=24340, stack(0x0000000025ee0000,0x0000000025fe0000)]
  0x000000001d3e4000 JavaThread "jar transforms Thread 142" [_thread_blocked, id=26024, stack(0x0000000025de0000,0x0000000025ee0000)]
  0x000000001d3ea800 JavaThread "jar transforms Thread 141" [_thread_blocked, id=11192, stack(0x0000000025ce0000,0x0000000025de0000)]
  0x000000001d3e4800 JavaThread "jar transforms Thread 140" [_thread_blocked, id=23396, stack(0x0000000025be0000,0x0000000025ce0000)]
  0x000000001d3e3000 JavaThread "jar transforms Thread 139" [_thread_blocked, id=22964, stack(0x0000000025ae0000,0x0000000025be0000)]
  0x000000001d3ea000 JavaThread "jar transforms Thread 138" [_thread_blocked, id=12660, stack(0x00000000259e0000,0x0000000025ae0000)]
  0x000000001d3e5800 JavaThread "jar transforms Thread 137" [_thread_blocked, id=25008, stack(0x00000000258e0000,0x00000000259e0000)]
  0x000000001d3e8800 JavaThread "jar transforms Thread 136" [_thread_blocked, id=1264, stack(0x00000000257e0000,0x00000000258e0000)]
  0x000000001d3e2800 JavaThread "jar transforms Thread 135" [_thread_blocked, id=8864, stack(0x00000000256e0000,0x00000000257e0000)]
  0x000000001a361000 JavaThread "jar transforms Thread 134" [_thread_blocked, id=26144, stack(0x00000000255e0000,0x00000000256e0000)]
  0x000000001a364000 JavaThread "jar transforms Thread 133" [_thread_blocked, id=26220, stack(0x00000000254e0000,0x00000000255e0000)]
  0x000000001a364800 JavaThread "jar transforms Thread 132" [_thread_blocked, id=19104, stack(0x00000000253e0000,0x00000000254e0000)]
  0x000000001a361800 JavaThread "jar transforms Thread 131" [_thread_blocked, id=25832, stack(0x00000000252e0000,0x00000000253e0000)]
  0x000000001a360000 JavaThread "jar transforms Thread 130" [_thread_blocked, id=25352, stack(0x00000000251e0000,0x00000000252e0000)]
  0x000000001a363000 JavaThread "jar transforms Thread 129" [_thread_blocked, id=25848, stack(0x00000000250e0000,0x00000000251e0000)]
  0x000000001a362800 JavaThread "jar transforms Thread 128" [_thread_blocked, id=22128, stack(0x0000000024fe0000,0x00000000250e0000)]
  0x000000001a358800 JavaThread "jar transforms Thread 127" [_thread_blocked, id=25292, stack(0x0000000024ee0000,0x0000000024fe0000)]
  0x000000001a35e000 JavaThread "jar transforms Thread 126" [_thread_blocked, id=24048, stack(0x0000000024de0000,0x0000000024ee0000)]
  0x000000001a35f800 JavaThread "jar transforms Thread 125" [_thread_blocked, id=26500, stack(0x0000000024ce0000,0x0000000024de0000)]
  0x000000001a35d000 JavaThread "jar transforms Thread 124" [_thread_blocked, id=22852, stack(0x0000000024be0000,0x0000000024ce0000)]
  0x000000001a35e800 JavaThread "jar transforms Thread 123" [_thread_blocked, id=15256, stack(0x0000000024ae0000,0x0000000024be0000)]
  0x000000001a355800 JavaThread "jar transforms Thread 122" [_thread_blocked, id=20460, stack(0x00000000249e0000,0x0000000024ae0000)]
  0x000000001a358000 JavaThread "jar transforms Thread 121" [_thread_blocked, id=16260, stack(0x00000000248e0000,0x00000000249e0000)]
  0x000000001a359800 JavaThread "jar transforms Thread 120" [_thread_blocked, id=23940, stack(0x00000000247e0000,0x00000000248e0000)]
  0x000000001a35c800 JavaThread "jar transforms Thread 119" [_thread_blocked, id=24596, stack(0x00000000246e0000,0x00000000247e0000)]
  0x000000001a35b800 JavaThread "jar transforms Thread 118" [_thread_blocked, id=19288, stack(0x00000000245e0000,0x00000000246e0000)]
  0x000000001a35b000 JavaThread "jar transforms Thread 117" [_thread_blocked, id=26536, stack(0x00000000244e0000,0x00000000245e0000)]
  0x000000001a357000 JavaThread "jar transforms Thread 116" [_thread_blocked, id=25724, stack(0x00000000243e0000,0x00000000244e0000)]
  0x000000001a35a000 JavaThread "jar transforms Thread 115" [_thread_blocked, id=17656, stack(0x00000000241e0000,0x00000000242e0000)]
  0x000000001ba19000 JavaThread "jar transforms Thread 114" [_thread_blocked, id=22888, stack(0x00000000240e0000,0x00000000241e0000)]
  0x000000001ba18800 JavaThread "Build operations Thread 8" [_thread_blocked, id=25696, stack(0x0000000023fe0000,0x00000000240e0000)]
  0x000000001ba17800 JavaThread "Build operations Thread 7" [_thread_in_native, id=26564, stack(0x0000000023ee0000,0x0000000023fe0000)]
  0x000000001ba16000 JavaThread "Build operations Thread 6" [_thread_blocked, id=22620, stack(0x0000000023de0000,0x0000000023ee0000)]
  0x000000001ba15800 JavaThread "Build operations Thread 5" [_thread_in_native, id=8308, stack(0x0000000023ce0000,0x0000000023de0000)]
  0x000000001ba1c000 JavaThread "Build operations Thread 4" [_thread_blocked, id=10704, stack(0x0000000022310000,0x0000000022410000)]
  0x000000001ba1a800 JavaThread "Build operations Thread 3" [_thread_in_native, id=26076, stack(0x0000000021a80000,0x0000000021b80000)]
  0x000000001ba14800 JavaThread "Build operations Thread 2" [_thread_blocked, id=12964, stack(0x0000000021980000,0x0000000021a80000)]
  0x000000001ba1a000 JavaThread "Build operations" [_thread_blocked, id=20132, stack(0x0000000021880000,0x0000000021980000)]
  0x000000001ba17000 JavaThread "Cache worker for cache directory md-rule (C:\Users\Apolo\.gradle\caches\6.5\md-rule)" [_thread_blocked, id=23012, stack(0x00000000204e0000,0x00000000205e0000)]
  0x000000001ba0d000 JavaThread "Cache worker for cache directory md-supplier (C:\Users\Apolo\.gradle\caches\6.5\md-supplier)" [_thread_blocked, id=6836, stack(0x000000001e910000,0x000000001ea10000)]
  0x000000001ba13000 JavaThread "Cache worker for checksums cache (C:\Android\Proyecto\VendedoresKT\ApoloVendedor\.gradle\checksums)" [_thread_blocked, id=26448, stack(0x000000001e810000,0x000000001e910000)]
  0x000000001ba12000 JavaThread "Cache worker for file hash cache (C:\Android\Proyecto\VendedoresKT\ApoloVendedor\.gradle\6.5\fileHashes)" [_thread_blocked, id=24756, stack(0x000000001e710000,0x000000001e810000)]
  0x000000001ba11800 JavaThread "Thread-209" [_thread_blocked, id=26284, stack(0x000000001e610000,0x000000001e710000)]
  0x000000001ba10800 JavaThread "Stdin handler" [_thread_blocked, id=18320, stack(0x000000001e510000,0x000000001e610000)]
  0x000000001ba10000 JavaThread "Asynchronous log dispatcher for DefaultDaemonConnection: socket connection from /127.0.0.1:60282 to /127.0.0.1:60516" [_thread_blocked, id=25756, stack(0x000000001dea0000,0x000000001dfa0000)]
  0x000000001ba14000 JavaThread "Daemon worker Thread 2" [_thread_blocked, id=25404, stack(0x000000001dda0000,0x000000001dea0000)]
  0x000000001ba0e800 JavaThread "Cancel handler" [_thread_blocked, id=18684, stack(0x0000000001580000,0x0000000001680000)]
  0x000000001ba0f000 JavaThread "Handler for socket connection from /127.0.0.1:60282 to /127.0.0.1:60516" [_thread_in_native, id=26048, stack(0x0000000001440000,0x0000000001540000)]
  0x000000001ba0d800 JavaThread "Daemon Thread 2" [_thread_blocked, id=25892, stack(0x0000000001340000,0x0000000001440000)]
  0x000000001ba1b800 JavaThread "Memory manager" [_thread_blocked, id=25672, stack(0x000000002c5e0000,0x000000002c6e0000)]
  0x000000001cd19800 JavaThread "Cache worker for file content cache (C:\Users\Apolo\.gradle\caches\6.5\fileContent)" [_thread_blocked, id=25544, stack(0x0000000022410000,0x0000000022510000)]
  0x000000001cd13000 JavaThread "Cache worker for execution history cache (C:\Users\Apolo\.gradle\caches\6.5\executionHistory)" [_thread_blocked, id=25136, stack(0x0000000021c10000,0x0000000021d10000)]
  0x000000001cd14800 JavaThread "Cache worker for file hash cache (C:\Users\Apolo\.gradle\caches\6.5\fileHashes)" [_thread_blocked, id=7408, stack(0x000000001f010000,0x000000001f110000)]
  0x000000001cd17800 JavaThread "File lock request listener" [_thread_in_native, id=13816, stack(0x000000001ef10000,0x000000001f010000)]
  0x000000001bc8f000 JavaThread "Cache worker for journal cache (C:\Users\Apolo\.gradle\caches\journal-1)" [_thread_blocked, id=24036, stack(0x000000001ee10000,0x000000001ef10000)]
  0x000000001c9b4000 JavaThread "Daemon periodic checks" [_thread_blocked, id=26224, stack(0x000000001e210000,0x000000001e310000)]
  0x000000001c9ab000 JavaThread "Incoming local TCP Connector on port 60282" [_thread_in_native, id=25912, stack(0x000000001dfa0000,0x000000001e0a0000)]
  0x000000001c8a0000 JavaThread "Daemon health stats" [_thread_blocked, id=9616, stack(0x000000001d960000,0x000000001da60000)]
  0x000000001a0f9000 JavaThread "Service Thread" daemon [_thread_blocked, id=25072, stack(0x000000001adc0000,0x000000001aec0000)]
  0x000000001a0e0800 JavaThread "C1 CompilerThread3" daemon [_thread_blocked, id=25392, stack(0x000000001acc0000,0x000000001adc0000)]
  0x000000001a0d8000 JavaThread "C2 CompilerThread2" daemon [_thread_in_native, id=25368, stack(0x000000001abc0000,0x000000001acc0000)]
  0x00000000182cc000 JavaThread "C2 CompilerThread1" daemon [_thread_in_native, id=25356, stack(0x000000001aac0000,0x000000001abc0000)]
=>0x000000001a0d1000 JavaThread "C2 CompilerThread0" daemon [_thread_in_native, id=1376, stack(0x000000001a9c0000,0x000000001aac0000)]
  0x000000001a0cf800 JavaThread "Attach Listener" daemon [_thread_blocked, id=26560, stack(0x000000001a8c0000,0x000000001a9c0000)]
  0x000000001a0d6800 JavaThread "Signal Dispatcher" daemon [_thread_blocked, id=26188, stack(0x000000001a7c0000,0x000000001a8c0000)]
  0x000000000324e000 JavaThread "Finalizer" daemon [_thread_blocked, id=25472, stack(0x000000001a5a0000,0x000000001a6a0000)]
  0x0000000003247000 JavaThread "Reference Handler" daemon [_thread_blocked, id=26276, stack(0x000000001a4a0000,0x000000001a5a0000)]
  0x000000000314d800 JavaThread "main" [_thread_blocked, id=25040, stack(0x0000000002ff0000,0x00000000030f0000)]

Other Threads:
  0x00000000182b6000 VMThread [stack: 0x0000000019fa0000,0x000000001a0a0000] [id=26576]
  0x000000001a165800 WatcherThread [stack: 0x000000001aec0000,0x000000001afc0000] [id=19516]

VM state:not at safepoint (normal execution)

VM Mutex/Monitor currently owned by a thread: None

heap address: 0x0000000080000000, size: 2048 MB, Compressed Oops mode: 32-bit
Narrow klass base: 0x0000000000000000, Narrow klass shift: 3
Compressed class space size: 1073741824 Address: 0x0000000100000000

Heap:
 PSYoungGen      total 327168K, used 67605K [0x00000000d5580000, 0x00000000eba80000, 0x0000000100000000)
  eden space 310272K, 19% used [0x00000000d5580000,0x00000000d91654c8,0x00000000e8480000)
  from space 16896K, 37% used [0x00000000eaa00000,0x00000000eb020020,0x00000000eba80000)
  to   space 27648K, 0% used [0x00000000e8480000,0x00000000e8480000,0x00000000e9f80000)
 ParOldGen       total 116736K, used 60575K [0x0000000080000000, 0x0000000087200000, 0x00000000d5580000)
  object space 116736K, 51% used [0x0000000080000000,0x0000000083b27de8,0x0000000087200000)
 Metaspace       used 79837K, capacity 83886K, committed 84120K, reserved 1122304K
  class space    used 10570K, capacity 11327K, committed 11440K, reserved 1048576K

Card table byte_map: [0x0000000012610000,0x0000000012a20000] byte_map_base: 0x0000000012210000

Marking Bits: (ParMarkBitMap*) 0x000000007106f030
 Begin Bits: [0x00000000134d0000, 0x00000000154d0000)
 End Bits:   [0x00000000154d0000, 0x00000000174d0000)

Polling page: 0x0000000001780000

CodeCache: size=245760Kb used=34775Kb max_used=34775Kb free=210984Kb
 bounds [0x0000000003250000, 0x0000000005480000, 0x0000000012250000]
 total_blobs=11667 nmethods=10806 adapters=773
 compilation: enabled

Compilation events (10 events):
Event: 705.322 Thread 0x000000001a0e0800 12839       3       org.gradle.api.internal.file.collections.DefaultFileCollectionResolveContext::<init> (26 bytes)
Event: 705.323 Thread 0x000000001a0e0800 nmethod 12839 0x0000000005468e50 code [0x0000000005468fe0, 0x0000000005469410]
Event: 705.323 Thread 0x000000001a0e0800 12840       3       org.gradle.api.tasks.util.PatternSet::isEmpty (82 bytes)
Event: 705.323 Thread 0x000000001a0e0800 nmethod 12840 0x000000000546e310 code [0x000000000546e4c0, 0x000000000546eb18]
Event: 705.325 Thread 0x000000001a0e0800 12841       3       org.gradle.api.internal.AbstractTask::getProject (9 bytes)
Event: 705.326 Thread 0x000000001a0e0800 nmethod 12841 0x0000000005470410 code [0x0000000005470620, 0x0000000005470f78]
Event: 705.326 Thread 0x000000001a0e0800 12842       3       org.gradle.api.internal.AbstractTask::notifyProjectAccess (23 bytes)
Event: 705.328 Thread 0x000000001a0e0800 nmethod 12842 0x000000000546f150 code [0x000000000546f380, 0x000000000546ff08]
Event: 705.329 Thread 0x000000001a0e0800 12843       3       org.gradle.internal.snapshot.impl.EnumValueSnapshot::hashCode (16 bytes)
Event: 705.329 Thread 0x000000001a0e0800 nmethod 12843 0x000000000546ddd0 code [0x000000000546df40, 0x000000000546e218]

GC Heap History (10 events):
Event: 10.043 GC heap before
{Heap before GC invocations=15 (full 3):
 PSYoungGen      total 233984K, used 5709K [0x00000000d5580000, 0x00000000e5580000, 0x0000000100000000)
  eden space 215040K, 0% used [0x00000000d5580000,0x00000000d5580000,0x00000000e2780000)
  from space 18944K, 30% used [0x00000000e3980000,0x00000000e3f134a8,0x00000000e4c00000)
  to   space 18432K, 0% used [0x00000000e2780000,0x00000000e2780000,0x00000000e3980000)
 ParOldGen       total 75264K, used 43100K [0x0000000080000000, 0x0000000084980000, 0x00000000d5580000)
  object space 75264K, 57% used [0x0000000080000000,0x0000000082a171d8,0x0000000084980000)
 Metaspace       used 56676K, capacity 59054K, committed 59160K, reserved 1099776K
  class space    used 7687K, capacity 8194K, committed 8240K, reserved 1048576K
Event: 10.261 GC heap after
Heap after GC invocations=15 (full 3):
 PSYoungGen      total 233984K, used 0K [0x00000000d5580000, 0x00000000e5580000, 0x0000000100000000)
  eden space 215040K, 0% used [0x00000000d5580000,0x00000000d5580000,0x00000000e2780000)
  from space 18944K, 0% used [0x00000000e3980000,0x00000000e3980000,0x00000000e4c00000)
  to   space 18432K, 0% used [0x00000000e2780000,0x00000000e2780000,0x00000000e3980000)
 ParOldGen       total 116736K, used 33323K [0x0000000080000000, 0x0000000087200000, 0x00000000d5580000)
  object space 116736K, 28% used [0x0000000080000000,0x000000008208ae70,0x0000000087200000)
 Metaspace       used 56628K, capacity 58892K, committed 59160K, reserved 1099776K
  class space    used 7673K, capacity 8167K, committed 8240K, reserved 1048576K
}
Event: 14.419 GC heap before
{Heap before GC invocations=16 (full 3):
 PSYoungGen      total 233984K, used 215040K [0x00000000d5580000, 0x00000000e5580000, 0x0000000100000000)
  eden space 215040K, 100% used [0x00000000d5580000,0x00000000e2780000,0x00000000e2780000)
  from space 18944K, 0% used [0x00000000e3980000,0x00000000e3980000,0x00000000e4c00000)
  to   space 18432K, 0% used [0x00000000e2780000,0x00000000e2780000,0x00000000e3980000)
 ParOldGen       total 116736K, used 33323K [0x0000000080000000, 0x0000000087200000, 0x00000000d5580000)
  object space 116736K, 28% used [0x0000000080000000,0x000000008208ae70,0x0000000087200000)
 Metaspace       used 65843K, capacity 68942K, committed 69144K, reserved 1107968K
  class space    used 9032K, capacity 9652K, committed 9776K, reserved 1048576K
Event: 14.467 GC heap after
Heap after GC invocations=16 (full 3):
 PSYoungGen      total 233472K, used 18415K [0x00000000d5580000, 0x00000000e8500000, 0x0000000100000000)
  eden space 215040K, 0% used [0x00000000d5580000,0x00000000d5580000,0x00000000e2780000)
  from space 18432K, 99% used [0x00000000e2780000,0x00000000e397be38,0x00000000e3980000)
  to   space 22016K, 0% used [0x00000000e6f80000,0x00000000e6f80000,0x00000000e8500000)
 ParOldGen       total 116736K, used 34610K [0x0000000080000000, 0x0000000087200000, 0x00000000d5580000)
  object space 116736K, 29% used [0x0000000080000000,0x00000000821cc950,0x0000000087200000)
 Metaspace       used 65843K, capacity 68942K, committed 69144K, reserved 1107968K
  class space    used 9032K, capacity 9652K, committed 9776K, reserved 1048576K
}
Event: 16.955 GC heap before
{Heap before GC invocations=17 (full 3):
 PSYoungGen      total 233472K, used 232368K [0x00000000d5580000, 0x00000000e8500000, 0x0000000100000000)
  eden space 215040K, 99% used [0x00000000d5580000,0x00000000e26703b8,0x00000000e2780000)
  from space 18432K, 99% used [0x00000000e2780000,0x00000000e397be38,0x00000000e3980000)
  to   space 22016K, 0% used [0x00000000e6f80000,0x00000000e6f80000,0x00000000e8500000)
 ParOldGen       total 116736K, used 34610K [0x0000000080000000, 0x0000000087200000, 0x00000000d5580000)
  object space 116736K, 29% used [0x0000000080000000,0x00000000821cc950,0x0000000087200000)
 Metaspace       used 72120K, capacity 75474K, committed 75544K, reserved 1114112K
  class space    used 9852K, capacity 10492K, committed 10544K, reserved 1048576K
Event: 17.017 GC heap after
Heap after GC invocations=17 (full 3):
 PSYoungGen      total 286720K, used 19281K [0x00000000d5580000, 0x00000000e8b00000, 0x0000000100000000)
  eden space 264704K, 0% used [0x00000000d5580000,0x00000000d5580000,0x00000000e5800000)
  from space 22016K, 87% used [0x00000000e6f80000,0x00000000e82546d8,0x00000000e8500000)
  to   space 24064K, 0% used [0x00000000e5800000,0x00000000e5800000,0x00000000e6f80000)
 ParOldGen       total 116736K, used 47419K [0x0000000080000000, 0x0000000087200000, 0x00000000d5580000)
  object space 116736K, 40% used [0x0000000080000000,0x0000000082e4ee20,0x0000000087200000)
 Metaspace       used 72120K, capacity 75474K, committed 75544K, reserved 1114112K
  class space    used 9852K, capacity 10492K, committed 10544K, reserved 1048576K
}
Event: 83.674 GC heap before
{Heap before GC invocations=18 (full 3):
 PSYoungGen      total 286720K, used 283985K [0x00000000d5580000, 0x00000000e8b00000, 0x0000000100000000)
  eden space 264704K, 100% used [0x00000000d5580000,0x00000000e5800000,0x00000000e5800000)
  from space 22016K, 87% used [0x00000000e6f80000,0x00000000e82546d8,0x00000000e8500000)
  to   space 24064K, 0% used [0x00000000e5800000,0x00000000e5800000,0x00000000e6f80000)
 ParOldGen       total 116736K, used 47419K [0x0000000080000000, 0x0000000087200000, 0x00000000d5580000)
  object space 116736K, 40% used [0x0000000080000000,0x0000000082e4ee20,0x0000000087200000)
 Metaspace       used 76908K, capacity 80638K, committed 80792K, reserved 1120256K
  class space    used 10221K, capacity 10918K, committed 10928K, reserved 1048576K
Event: 83.689 GC heap after
Heap after GC invocations=18 (full 3):
 PSYoungGen      total 288768K, used 24054K [0x00000000d5580000, 0x00000000ec580000, 0x0000000100000000)
  eden space 264704K, 0% used [0x00000000d5580000,0x00000000d5580000,0x00000000e5800000)
  from space 24064K, 99% used [0x00000000e5800000,0x00000000e6f7d878,0x00000000e6f80000)
  to   space 28160K, 0% used [0x00000000eaa00000,0x00000000eaa00000,0x00000000ec580000)
 ParOldGen       total 116736K, used 48078K [0x0000000080000000, 0x0000000087200000, 0x00000000d5580000)
  object space 116736K, 41% used [0x0000000080000000,0x0000000082ef3810,0x0000000087200000)
 Metaspace       used 76908K, capacity 80638K, committed 80792K, reserved 1120256K
  class space    used 10221K, capacity 10918K, committed 10928K, reserved 1048576K
}
Event: 697.686 GC heap before
{Heap before GC invocations=19 (full 3):
 PSYoungGen      total 288768K, used 288758K [0x00000000d5580000, 0x00000000ec580000, 0x0000000100000000)
  eden space 264704K, 100% used [0x00000000d5580000,0x00000000e5800000,0x00000000e5800000)
  from space 24064K, 99% used [0x00000000e5800000,0x00000000e6f7d878,0x00000000e6f80000)
  to   space 28160K, 0% used [0x00000000eaa00000,0x00000000eaa00000,0x00000000ec580000)
 ParOldGen       total 116736K, used 48078K [0x0000000080000000, 0x0000000087200000, 0x00000000d5580000)
  object space 116736K, 41% used [0x0000000080000000,0x0000000082ef3810,0x0000000087200000)
 Metaspace       used 77803K, capacity 81652K, committed 81944K, reserved 1120256K
  class space    used 10259K, capacity 10987K, committed 11056K, reserved 1048576K
Event: 697.703 GC heap after
Heap after GC invocations=19 (full 3):
 PSYoungGen      total 327168K, used 6272K [0x00000000d5580000, 0x00000000eba80000, 0x0000000100000000)
  eden space 310272K, 0% used [0x00000000d5580000,0x00000000d5580000,0x00000000e8480000)
  from space 16896K, 37% used [0x00000000eaa00000,0x00000000eb020020,0x00000000eba80000)
  to   space 27648K, 0% used [0x00000000e8480000,0x00000000e8480000,0x00000000e9f80000)
 ParOldGen       total 116736K, used 60575K [0x0000000080000000, 0x0000000087200000, 0x00000000d5580000)
  object space 116736K, 51% used [0x0000000080000000,0x0000000083b27de8,0x0000000087200000)
 Metaspace       used 77803K, capacity 81652K, committed 81944K, reserved 1120256K
  class space    used 10259K, capacity 10987K, committed 11056K, reserved 1048576K
}

Deoptimization events (10 events):
Event: 705.275 Thread 0x000000001d5aa000 Uncommon trap: reason=unstable_if action=reinterpret pc=0x00000000033e60a0 method=org.objectweb.asm.ClassReader.readUtf(II[C)Ljava/lang/String; @ 41
Event: 705.278 Thread 0x000000001d5aa000 Uncommon trap: reason=unstable_if action=reinterpret pc=0x0000000003e95e0c method=org.objectweb.asm.MethodWriter.visitLabel(Lorg/objectweb/asm/Label;)V @ 238
Event: 705.279 Thread 0x000000001d5aa000 Uncommon trap: reason=unstable_if action=reinterpret pc=0x0000000004066f24 method=org.objectweb.asm.MethodWriter.visitInsn(I)V @ 32
Event: 705.279 Thread 0x000000001d5aa000 Uncommon trap: reason=unstable_if action=reinterpret pc=0x0000000003ef3d4c method=org.objectweb.asm.MethodWriter.visitMethodInsn(ILjava/lang/String;Ljava/lang/String;Ljava/lang/String;Z)V @ 89
Event: 705.279 Thread 0x000000001d5aa000 Uncommon trap: reason=unstable_if action=reinterpret pc=0x0000000004303e9c method=org.objectweb.asm.MethodWriter.endCurrentBasicBlockWithNoSuccessor()V @ 5
Event: 705.279 Thread 0x000000001d5aa000 Uncommon trap: reason=unstable_if action=reinterpret pc=0x0000000004300d9c method=org.objectweb.asm.MethodWriter.visitMaxs(II)V @ 20
Event: 705.279 Thread 0x000000001d5aa000 Uncommon trap: reason=unstable_if action=reinterpret pc=0x0000000004245944 method=org.objectweb.asm.AnnotationWriter.computeAnnotationsSize(Lorg/objectweb/asm/AnnotationWriter;Lorg/objectweb/asm/AnnotationWriter;Lorg/objectweb/asm/AnnotationWriter;Lorg/ob
Event: 705.279 Thread 0x000000001d5aa000 Uncommon trap: reason=unstable_if action=reinterpret pc=0x0000000004301be4 method=org.objectweb.asm.AnnotationWriter.computeAnnotationsSize(Lorg/objectweb/asm/AnnotationWriter;Lorg/objectweb/asm/AnnotationWriter;Lorg/objectweb/asm/AnnotationWriter;Lorg/ob
Event: 705.280 Thread 0x000000001d5aa000 Uncommon trap: reason=unstable_if action=reinterpret pc=0x00000000040843bc method=org.objectweb.asm.AnnotationWriter.putAnnotations(Lorg/objectweb/asm/SymbolTable;Lorg/objectweb/asm/AnnotationWriter;Lorg/objectweb/asm/AnnotationWriter;Lorg/objectweb/asm/A
Event: 705.280 Thread 0x000000001d5aa000 Uncommon trap: reason=unstable_if action=reinterpret pc=0x000000000339c1d4 method=org.objectweb.asm.MethodWriter.putMethodInfo(Lorg/objectweb/asm/ByteVector;)V @ 170

Classes redefined (0 events):
No events

Internal exceptions (10 events):
Event: 699.153 Thread 0x000000001d5aa000 Exception <a 'java/lang/NoSuchMethodError': <clinit>> (0x00000000d7b859c8) thrown at [C:\src\AOSP-openjdk-git\hotspot\src\share\vm\prims\jni.cpp, line 1615]
Event: 699.163 Thread 0x000000001d5aa000 Exception <a 'java/lang/NoSuchMethodError': <clinit>> (0x00000000d7bad090) thrown at [C:\src\AOSP-openjdk-git\hotspot\src\share\vm\prims\jni.cpp, line 1615]
Event: 699.185 Thread 0x000000001d5aa000 Exception <a 'java/lang/NoSuchMethodError': <clinit>> (0x00000000d7cfc778) thrown at [C:\src\AOSP-openjdk-git\hotspot\src\share\vm\prims\jni.cpp, line 1615]
Event: 699.191 Thread 0x000000001d5aa000 Exception <a 'java/lang/NoSuchMethodError': <clinit>> (0x00000000d7da6398) thrown at [C:\src\AOSP-openjdk-git\hotspot\src\share\vm\prims\jni.cpp, line 1615]
Event: 705.282 Thread 0x000000001d5aa000 Exception <a 'sun/nio/fs/WindowsException'> (0x00000000d85f25d8) thrown at [C:\src\AOSP-openjdk-git\hotspot\src\share\vm\prims\jni.cpp, line 710]
Event: 705.282 Thread 0x000000001d5aa000 Exception <a 'sun/nio/fs/WindowsException'> (0x00000000d85f32d0) thrown at [C:\src\AOSP-openjdk-git\hotspot\src\share\vm\prims\jni.cpp, line 710]
Event: 705.282 Thread 0x000000001d5aa000 Exception <a 'sun/nio/fs/WindowsException'> (0x00000000d85fa658) thrown at [C:\src\AOSP-openjdk-git\hotspot\src\share\vm\prims\jni.cpp, line 710]
Event: 705.282 Thread 0x000000001d5aa000 Exception <a 'sun/nio/fs/WindowsException'> (0x00000000d85fb390) thrown at [C:\src\AOSP-openjdk-git\hotspot\src\share\vm\prims\jni.cpp, line 710]
Event: 705.283 Thread 0x000000001d5aa000 Exception <a 'sun/nio/fs/WindowsException'> (0x00000000d85fd250) thrown at [C:\src\AOSP-openjdk-git\hotspot\src\share\vm\prims\jni.cpp, line 710]
Event: 705.283 Thread 0x000000001d5aa000 Exception <a 'sun/nio/fs/WindowsException'> (0x00000000d85fdf98) thrown at [C:\src\AOSP-openjdk-git\hotspot\src\share\vm\prims\jni.cpp, line 710]

Events (10 events):
Event: 705.291 loading class org/gradle/internal/snapshot/UnknownSnapshot
Event: 705.291 loading class org/gradle/internal/snapshot/UnknownSnapshot done
Event: 705.292 Executing VM operation: Deoptimize
Event: 705.293 Executing VM operation: Deoptimize done
Event: 705.293 Thread 0x000000001d5aa000 DEOPT PACKING pc=0x0000000005090fd8 sp=0x000000002c8dc700
Event: 705.293 Thread 0x000000001d5aa000 DEOPT UNPACKING pc=0x00000000032975d0 sp=0x000000002c8dc3d0 mode 0
Event: 705.293 Thread 0x000000001d5aa000 DEOPT PACKING pc=0x0000000004f56af0 sp=0x000000002c8dc840
Event: 705.293 Thread 0x000000001d5aa000 DEOPT UNPACKING pc=0x00000000032975d0 sp=0x000000002c8dc140 mode 0
Event: 705.293 Thread 0x000000001d5aa000 DEOPT PACKING pc=0x0000000005090eac sp=0x000000002c8dc8e0
Event: 705.293 Thread 0x000000001d5aa000 DEOPT UNPACKING pc=0x00000000032975d0 sp=0x000000002c8dc4e8 mode 0


Dynamic libraries:
0x00007ff704740000 - 0x00007ff704771000 	C:\Program Files\Android\Android Studio\jre\bin\java.exe
0x00007ffa6e5d0000 - 0x00007ffa6e7c5000 	C:\WINDOWS\SYSTEM32\ntdll.dll
0x00007ffa6d070000 - 0x00007ffa6d12d000 	C:\WINDOWS\System32\KERNEL32.DLL
0x00007ffa6bd10000 - 0x00007ffa6bfd9000 	C:\WINDOWS\System32\KERNELBASE.dll
0x00007ffa6e350000 - 0x00007ffa6e3fc000 	C:\WINDOWS\System32\ADVAPI32.dll
0x00007ffa6db30000 - 0x00007ffa6dbce000 	C:\WINDOWS\System32\msvcrt.dll
0x00007ffa6c6a0000 - 0x00007ffa6c73c000 	C:\WINDOWS\System32\sechost.dll
0x00007ffa6d920000 - 0x00007ffa6da4b000 	C:\WINDOWS\System32\RPCRT4.dll
0x00007ffa6e040000 - 0x00007ffa6e1e0000 	C:\WINDOWS\System32\USER32.dll
0x00007ffa6c340000 - 0x00007ffa6c362000 	C:\WINDOWS\System32\win32u.dll
0x00007ffa6e2c0000 - 0x00007ffa6e2ea000 	C:\WINDOWS\System32\GDI32.dll
0x00007ffa6c3c0000 - 0x00007ffa6c4cb000 	C:\WINDOWS\System32\gdi32full.dll
0x00007ffa6c1f0000 - 0x00007ffa6c28d000 	C:\WINDOWS\System32\msvcp_win.dll
0x00007ffa6c070000 - 0x00007ffa6c170000 	C:\WINDOWS\System32\ucrtbase.dll
0x00007ffa4fd30000 - 0x00007ffa4ffca000 	C:\WINDOWS\WinSxS\amd64_microsoft.windows.common-controls_6595b64144ccf1df_6.0.19041.844_none_ca00b6081b84eb1d\COMCTL32.dll
0x00007ffa6da50000 - 0x00007ffa6da80000 	C:\WINDOWS\System32\IMM32.DLL
0x00000000707c0000 - 0x0000000070892000 	C:\Program Files\Android\Android Studio\jre\jre\bin\msvcr100.dll
0x00000000708a0000 - 0x00000000710eb000 	C:\Program Files\Android\Android Studio\jre\jre\bin\server\jvm.dll
0x00007ffa6e510000 - 0x00007ffa6e518000 	C:\WINDOWS\System32\PSAPI.DLL
0x00007ffa52690000 - 0x00007ffa526b7000 	C:\WINDOWS\SYSTEM32\WINMM.dll
0x00007ffa6b8a0000 - 0x00007ffa6b8aa000 	C:\WINDOWS\SYSTEM32\VERSION.dll
0x00007ffa4f1a0000 - 0x00007ffa4f1a9000 	C:\WINDOWS\SYSTEM32\WSOCK32.dll
0x00007ffa6e520000 - 0x00007ffa6e58b000 	C:\WINDOWS\System32\WS2_32.dll
0x00007ffa63300000 - 0x00007ffa6330f000 	C:\Program Files\Android\Android Studio\jre\jre\bin\verify.dll
0x00007ffa3b8c0000 - 0x00007ffa3b8e9000 	C:\Program Files\Android\Android Studio\jre\jre\bin\java.dll
0x00007ffa3c560000 - 0x00007ffa3c576000 	C:\Program Files\Android\Android Studio\jre\jre\bin\zip.dll
0x00007ffa6d150000 - 0x00007ffa6d892000 	C:\WINDOWS\System32\SHELL32.dll
0x00007ffa69de0000 - 0x00007ffa6a570000 	C:\WINDOWS\SYSTEM32\windows.storage.dll
0x00007ffa6c990000 - 0x00007ffa6cce5000 	C:\WINDOWS\System32\combase.dll
0x00007ffa6b710000 - 0x00007ffa6b73c000 	C:\WINDOWS\SYSTEM32\Wldp.dll
0x00007ffa6e400000 - 0x00007ffa6e4ae000 	C:\WINDOWS\System32\SHCORE.dll
0x00007ffa6c640000 - 0x00007ffa6c695000 	C:\WINDOWS\System32\shlwapi.dll
0x00007ffa6bc50000 - 0x00007ffa6bc6f000 	C:\WINDOWS\SYSTEM32\profapi.dll
0x00007ffa3b310000 - 0x00007ffa3b32a000 	C:\Program Files\Android\Android Studio\jre\jre\bin\net.dll
0x00007ffa6b490000 - 0x00007ffa6b4fa000 	C:\WINDOWS\system32\mswsock.dll
0x00007ffa3ab50000 - 0x00007ffa3ab63000 	C:\Program Files\Android\Android Studio\jre\jre\bin\nio.dll
0x00007ffa631c0000 - 0x00007ffa631e7000 	C:\Users\Apolo\.gradle\native\f6784746aeab05261644944871eae4fe03e0ef1612fff0a4a95f87b438bc6780\windows-amd64\native-platform.dll
0x00007ffa60750000 - 0x00007ffa6075d000 	C:\Program Files\Android\Android Studio\jre\jre\bin\management.dll
0x00007ffa6b660000 - 0x00007ffa6b678000 	C:\WINDOWS\SYSTEM32\CRYPTSP.dll
0x00007ffa6adc0000 - 0x00007ffa6adf4000 	C:\WINDOWS\system32\rsaenh.dll
0x00007ffa6c040000 - 0x00007ffa6c067000 	C:\WINDOWS\System32\bcrypt.dll
0x00007ffa6bbd0000 - 0x00007ffa6bbfe000 	C:\WINDOWS\SYSTEM32\USERENV.dll
0x00007ffa6c170000 - 0x00007ffa6c1f0000 	C:\WINDOWS\System32\bcryptprimitives.dll
0x00007ffa6b680000 - 0x00007ffa6b68c000 	C:\WINDOWS\SYSTEM32\CRYPTBASE.dll
0x00007ffa6b130000 - 0x00007ffa6b16b000 	C:\WINDOWS\SYSTEM32\IPHLPAPI.DLL
0x00007ffa6c630000 - 0x00007ffa6c638000 	C:\WINDOWS\System32\NSI.dll
0x00007ffa5f6e0000 - 0x00007ffa5f6f7000 	C:\WINDOWS\SYSTEM32\dhcpcsvc6.DLL
0x00007ffa60270000 - 0x00007ffa6028d000 	C:\WINDOWS\SYSTEM32\dhcpcsvc.DLL
0x00007ffa6b1c0000 - 0x00007ffa6b28b000 	C:\WINDOWS\SYSTEM32\DNSAPI.dll
0x00007ffa60950000 - 0x00007ffa6095b000 	C:\WINDOWS\SYSTEM32\WINNSI.DLL
0x00007ffa576b0000 - 0x00007ffa576ce000 	C:\Users\Apolo\AppData\Local\Temp\native-platform7072473114998525318dir\native-platform.dll

VM Arguments:
jvm_args: -Xmx2048m -Dfile.encoding=windows-1252 -Duser.country=ES -Duser.language=es -Duser.variant 
java_command: org.gradle.launcher.daemon.bootstrap.GradleDaemon 6.5
java_class_path (initial): C:\Users\Apolo\.gradle\wrapper\dists\gradle-6.5-bin\6nifqtx7604sqp1q6g8wikw7p\gradle-6.5\lib\gradle-launcher-6.5.jar
Launcher Type: SUN_STANDARD

Environment Variables:
PATH=C:\Program Files\Common Files\Oracle\Java\javapath;C:\Program Files (x86)\Common Files\Oracle\Java\javapath;C:\orant\bin;C:\WINDOWS\system32;C:\WINDOWS;C:\WINDOWS\System32\Wbem;C:\WINDOWS\System32\WindowsPowerShell\v1.0\;C:\WINDOWS\System32\OpenSSH\;C:\orant\jdk\bin;C:\Program Files (x86)\Intel\Intel(R) Memory And Storage Tool\;C:\Program Files\Git\cmd;C:\Program Files\nodejs\;C:\instantclient_12_1\;C:\Users\Apolo\AppData\Local\Microsoft\WindowsApps;C:\Users\Apolo\AppData\Local\Programs\Microsoft VS Code\bin;C:\Users\Apolo\AppData\Roaming\npm;C:\Users\Apolo\AppData\Local\atom\bin
USERNAME=Apolo
OS=Windows_NT
PROCESSOR_IDENTIFIER=Intel64 Family 6 Model 126 Stepping 5, GenuineIntel



---------------  S Y S T E M  ---------------

OS: Windows 10.0 , 64 bit Build 19041 (10.0.19041.804)

CPU:total 8 (initial active 8) (4 cores per cpu, 2 threads per core) family 6 model 126 stepping 5, cmov, cx8, fxsr, mmx, sse, sse2, sse3, ssse3, sse4.1, sse4.2, popcnt, avx, avx2, aes, clmul, erms, 3dnowpref, lzcnt, ht, tsc, tscinvbit, bmi1, bmi2, adx

Memory: 4k page, physical 8165048k(892096k free), swap 11736884k(3220k free)

vm_info: OpenJDK 64-Bit Server VM (25.242-b01) for windows-amd64 JRE (1.8.0_242-release-1644-b01), built by "builder" with MS VC++ 10.0 (VS2010)

time: Mon Mar 22 11:11:31 2021
timezone: Hora de verano de Paraguay
elapsed time: 705 seconds (0d 0h 11m 45s)

