#
# There is insufficient memory for the Java Runtime Environment to continue.
# Native memory allocation (malloc) failed to allocate 1425136 bytes for Chunk::new
# Possible reasons:
#   The system is out of physical RAM or swap space
#   The process is running with CompressedOops enabled, and the Java Heap may be blocking the growth of the native heap
# Possible solutions:
#   Reduce memory load on the system
#   Increase physical memory or swap space
#   Check if swap backing store is full
#   Decrease Java heap size (-Xmx/-Xms)
#   Decrease number of Java threads
#   Decrease Java thread stack sizes (-Xss)
#   Set larger code cache with -XX:ReservedCodeCacheSize=
#   JVM is running with Unscaled Compressed Oops mode in which the Java heap is
#     placed in the first 4GB address space. The Java Heap base address is the
#     maximum limit for the native heap growth. Please use -XX:HeapBaseMinAddress
#     to set the Java Heap base and to place the Java Heap above 4GB virtual address.
# This output file may be truncated or incomplete.
#
#  Out of Memory Error (./src/hotspot/share/memory/arena.cpp:197), pid=14104, tid=15260
#
# JRE version: OpenJDK Runtime Environment (11.0.8+10) (build 11.0.8+10-b944.6842174)
# Java VM: OpenJDK 64-Bit Server VM (11.0.8+10-b944.6842174, mixed mode, tiered, compressed oops, g1 gc, windows-amd64)
# No core dump will be written. Minidumps are not enabled by default on client versions of Windows
#

---------------  S U M M A R Y ------------

Command Line: --add-opens=java.base/java.util=ALL-UNNAMED --add-opens=java.base/java.lang=ALL-UNNAMED --add-opens=java.base/java.lang.invoke=ALL-UNNAMED --add-opens=java.prefs/java.util.prefs=ALL-UNNAMED -Xmx2048m -Dfile.encoding=windows-1252 -Duser.country=ES -Duser.language=es -Duser.variant org.gradle.launcher.daemon.bootstrap.GradleDaemon 6.7.1

Host: Intel(R) Core(TM) i7-1065G7 CPU @ 1.30GHz, 8 cores, 7G,  Windows 10 , 64 bit Build 19041 (10.0.19041.1023)
Time: Mon Jun 14 12:11:39 2021 Hora estándar de Paraguay elapsed time: 3 seconds (0d 0h 0m 3s)

---------------  T H R E A D  ---------------

Current thread (0x000002d8bb652800):  JavaThread "C2 CompilerThread0" daemon [_thread_in_native, id=15260, stack(0x000000ea12d00000,0x000000ea12e00000)]


Current CompileTask:
C2:   3710 1944   !   4       java.lang.ClassLoader::loadClass (122 bytes)

Stack: [0x000000ea12d00000,0x000000ea12e00000]
Native frames: (J=compiled Java code, j=interpreted, Vv=VM code, C=native code)
V  [jvm.dll+0x5de50a]
V  [jvm.dll+0x7122f5]
V  [jvm.dll+0x71384d]
V  [jvm.dll+0x713f03]
V  [jvm.dll+0x23e728]
V  [jvm.dll+0xb899c]
V  [jvm.dll+0xb8e9c]
V  [jvm.dll+0x35020b]
V  [jvm.dll+0x193ebc]
V  [jvm.dll+0x1f780e]
V  [jvm.dll+0x1f68d4]
V  [jvm.dll+0x17f32c]
V  [jvm.dll+0x205047]
V  [jvm.dll+0x203891]
V  [jvm.dll+0x6dad3f]
V  [jvm.dll+0x6d3895]
V  [jvm.dll+0x5dd4a6]
C  [ucrtbase.dll+0x21bb2]
C  [KERNEL32.DLL+0x17034]
C  [ntdll.dll+0x52651]


---------------  P R O C E S S  ---------------

Threads class SMR info:
_java_thread_list=0x000002d8be109ab0, length=23, elements={
0x000002d8a132b800, 0x000002d8bb632000, 0x000002d8bb63d800, 0x000002d8bb64d800,
0x000002d8bb64e800, 0x000002d8bb652800, 0x000002d8bb654800, 0x000002d8bb669800,
0x000002d8bc12c000, 0x000002d8bc135000, 0x000002d8bd6a3800, 0x000002d8bcfd2800,
0x000002d8bd4be000, 0x000002d8bd78f000, 0x000002d8bd42d800, 0x000002d8bdb51000,
0x000002d8bdb97000, 0x000002d8bd42e000, 0x000002d8bd42f000, 0x000002d8bdc0c000,
0x000002d8bdd4f000, 0x000002d8bdd54000, 0x000002d8bdd51800
}

Java Threads: ( => current thread )
  0x000002d8a132b800 JavaThread "main" [_thread_blocked, id=15772, stack(0x000000ea12200000,0x000000ea12300000)]
  0x000002d8bb632000 JavaThread "Reference Handler" daemon [_thread_blocked, id=15460, stack(0x000000ea12900000,0x000000ea12a00000)]
  0x000002d8bb63d800 JavaThread "Finalizer" daemon [_thread_blocked, id=9416, stack(0x000000ea12a00000,0x000000ea12b00000)]
  0x000002d8bb64d800 JavaThread "Signal Dispatcher" daemon [_thread_blocked, id=6644, stack(0x000000ea12b00000,0x000000ea12c00000)]
  0x000002d8bb64e800 JavaThread "Attach Listener" daemon [_thread_blocked, id=2592, stack(0x000000ea12c00000,0x000000ea12d00000)]
=>0x000002d8bb652800 JavaThread "C2 CompilerThread0" daemon [_thread_in_native, id=15260, stack(0x000000ea12d00000,0x000000ea12e00000)]
  0x000002d8bb654800 JavaThread "C1 CompilerThread0" daemon [_thread_blocked, id=10056, stack(0x000000ea12e00000,0x000000ea12f00000)]
  0x000002d8bb669800 JavaThread "Sweeper thread" daemon [_thread_blocked, id=15988, stack(0x000000ea12f00000,0x000000ea13000000)]
  0x000002d8bc12c000 JavaThread "Common-Cleaner" daemon [_thread_blocked, id=15468, stack(0x000000ea13000000,0x000000ea13100000)]
  0x000002d8bc135000 JavaThread "Service Thread" daemon [_thread_blocked, id=8416, stack(0x000000ea13100000,0x000000ea13200000)]
  0x000002d8bd6a3800 JavaThread "Daemon health stats" [_thread_blocked, id=2180, stack(0x000000ea13500000,0x000000ea13600000)]
  0x000002d8bcfd2800 JavaThread "Incoming local TCP Connector on port 49588" [_thread_in_native, id=480, stack(0x000000ea13800000,0x000000ea13900000)]
  0x000002d8bd4be000 JavaThread "Daemon periodic checks" [_thread_blocked, id=13372, stack(0x000000ea13900000,0x000000ea13a00000)]
  0x000002d8bd78f000 JavaThread "Daemon" [_thread_blocked, id=3816, stack(0x000000ea13a00000,0x000000ea13b00000)]
  0x000002d8bd42d800 JavaThread "Handler for socket connection from /127.0.0.1:49588 to /127.0.0.1:49589" [_thread_in_native, id=12912, stack(0x000000ea13b00000,0x000000ea13c00000)]
  0x000002d8bdb51000 JavaThread "Cancel handler" [_thread_blocked, id=3912, stack(0x000000ea13c00000,0x000000ea13d00000)]
  0x000002d8bdb97000 JavaThread "Daemon worker" [_thread_in_vm, id=14792, stack(0x000000ea13d00000,0x000000ea13e00000)]
  0x000002d8bd42e000 JavaThread "Asynchronous log dispatcher for DefaultDaemonConnection: socket connection from /127.0.0.1:49588 to /127.0.0.1:49589" [_thread_blocked, id=1324, stack(0x000000ea13e00000,0x000000ea13f00000)]
  0x000002d8bd42f000 JavaThread "Stdin handler" [_thread_blocked, id=1136, stack(0x000000ea13f00000,0x000000ea14000000)]
  0x000002d8bdc0c000 JavaThread "Thread-8" [_thread_blocked, id=15880, stack(0x000000ea14000000,0x000000ea14100000)]
  0x000002d8bdd4f000 JavaThread "Cache worker for file hash cache (C:\Users\Apolo\.gradle\caches\6.7.1\fileHashes)" [_thread_blocked, id=7576, stack(0x000000ea14600000,0x000000ea14700000)]
  0x000002d8bdd54000 JavaThread "File lock request listener" [_thread_in_native, id=14352, stack(0x000000ea14700000,0x000000ea14800000)]
  0x000002d8bdd51800 JavaThread "Cache worker for journal cache (C:\Users\Apolo\.gradle\caches\journal-1)" [_thread_blocked, id=11876, stack(0x000000ea14900000,0x000000ea14a00000)]

Other Threads:
  0x000002d8bb630000 VMThread "VM Thread" [stack: 0x000000ea12800000,0x000000ea12900000] [id=13484]
  0x000002d8bc136000 WatcherThread [stack: 0x000000ea13200000,0x000000ea13300000] [id=11576]
  0x000002d8a1343000 GCTaskThread "GC Thread#0" [stack: 0x000000ea12300000,0x000000ea12400000] [id=4300]
  0x000002d8bc214000 GCTaskThread "GC Thread#1" [stack: 0x000000ea13300000,0x000000ea13400000] [id=13616]
  0x000002d8bc9e4800 GCTaskThread "GC Thread#2" [stack: 0x000000ea13400000,0x000000ea13500000] [id=14880]
  0x000002d8bdb97800 GCTaskThread "GC Thread#3" [stack: 0x000000ea14100000,0x000000ea14200000] [id=6496]
  0x000002d8bd353800 GCTaskThread "GC Thread#4" [stack: 0x000000ea14200000,0x000000ea14300000] [id=13360]
  0x000002d8bdcbc800 GCTaskThread "GC Thread#5" [stack: 0x000000ea14300000,0x000000ea14400000] [id=7540]
  0x000002d8bdfb6800 GCTaskThread "GC Thread#6" [stack: 0x000000ea14400000,0x000000ea14500000] [id=13228]
  0x000002d8bd233800 GCTaskThread "GC Thread#7" [stack: 0x000000ea14500000,0x000000ea14600000] [id=5452]
  0x000002d8a1374800 ConcurrentGCThread "G1 Main Marker" [stack: 0x000000ea12400000,0x000000ea12500000] [id=3668]
  0x000002d8a1377800 ConcurrentGCThread "G1 Conc#0" [stack: 0x000000ea12500000,0x000000ea12600000] [id=4412]
  0x000002d8bdcac800 ConcurrentGCThread "G1 Conc#1" [stack: 0x000000ea14800000,0x000000ea14900000] [id=12536]
  0x000002d8bb480800 ConcurrentGCThread "G1 Refine#0" [stack: 0x000000ea12600000,0x000000ea12700000] [id=10812]
  0x000002d8bb481000 ConcurrentGCThread "G1 Young RemSet Sampling" [stack: 0x000000ea12700000,0x000000ea12800000] [id=11900]

Threads with active compile tasks:
C2 CompilerThread0   3788 1944   !   4       java.lang.ClassLoader::loadClass (122 bytes)
C1 CompilerThread0   3788 2064       3       jdk.internal.org.objectweb.asm.MethodWriter::visitAnnotation (82 bytes)

VM state:not at safepoint (normal execution)

VM Mutex/Monitor currently owned by a thread: None

Heap address: 0x0000000080000000, size: 2048 MB, Compressed Oops mode: 32-bit
Narrow klass base: 0x0000000000000000, Narrow klass shift: 3
Compressed class space size: 1073741824 Address: 0x0000000100000000

Heap:
 garbage-first heap   total 129024K, used 44378K [0x0000000080000000, 0x0000000100000000)
  region size 1024K, 29 young (29696K), 1 survivors (1024K)
 Metaspace       used 23634K, capacity 24164K, committed 24368K, reserved 1071104K
  class space    used 3006K, capacity 3183K, committed 3200K, reserved 1048576K
Heap Regions: E=young(eden), S=young(survivor), O=old, HS=humongous(starts), HC=humongous(continues), CS=collection set, F=free, A=archive, TAMS=top-at-mark-start (previous, next)
|   0|0x0000000080000000, 0x0000000080100000, 0x0000000080100000|100%| O|  |TAMS 0x0000000080100000, 0x0000000080000000| Untracked 
|   1|0x0000000080100000, 0x0000000080200000, 0x0000000080200000|100%| O|  |TAMS 0x0000000080200000, 0x0000000080100000| Untracked 
|   2|0x0000000080200000, 0x0000000080300000, 0x0000000080300000|100%| O|  |TAMS 0x0000000080300000, 0x0000000080200000| Untracked 
|   3|0x0000000080300000, 0x0000000080400000, 0x0000000080400000|100%|HS|  |TAMS 0x0000000080400000, 0x0000000080300000| Complete 
|   4|0x0000000080400000, 0x0000000080500000, 0x0000000080500000|100%|HC|  |TAMS 0x0000000080500000, 0x0000000080400000| Complete 
|   5|0x0000000080500000, 0x0000000080600000, 0x0000000080600000|100%|HC|  |TAMS 0x0000000080600000, 0x0000000080500000| Complete 
|   6|0x0000000080600000, 0x0000000080700000, 0x0000000080700000|100%| O|  |TAMS 0x0000000080700000, 0x0000000080600000| Untracked 
|   7|0x0000000080700000, 0x0000000080800000, 0x0000000080800000|100%| O|  |TAMS 0x0000000080800000, 0x0000000080700000| Untracked 
|   8|0x0000000080800000, 0x0000000080900000, 0x0000000080900000|100%| O|  |TAMS 0x0000000080900000, 0x0000000080800000| Untracked 
|   9|0x0000000080900000, 0x0000000080a00000, 0x0000000080a00000|100%| O|  |TAMS 0x0000000080a00000, 0x0000000080900000| Untracked 
|  10|0x0000000080a00000, 0x0000000080b00000, 0x0000000080b00000|100%| O|  |TAMS 0x0000000080b00000, 0x0000000080a00000| Untracked 
|  11|0x0000000080b00000, 0x0000000080c00000, 0x0000000080c00000|100%| O|  |TAMS 0x0000000080c00000, 0x0000000080b00000| Untracked 
|  12|0x0000000080c00000, 0x0000000080d00000, 0x0000000080d00000|100%| O|  |TAMS 0x0000000080d00000, 0x0000000080c00000| Untracked 
|  13|0x0000000080d00000, 0x0000000080e00000, 0x0000000080e00000|100%| O|  |TAMS 0x0000000080e00000, 0x0000000080d00000| Untracked 
|  14|0x0000000080e00000, 0x0000000080f00000, 0x0000000080f00000|100%| O|  |TAMS 0x0000000080f00000, 0x0000000080e00000| Untracked 
|  15|0x0000000080f00000, 0x0000000080f7ce00, 0x0000000081000000| 48%| O|  |TAMS 0x0000000080f7ce00, 0x0000000080f00000| Untracked 
|  16|0x0000000081000000, 0x0000000081000000, 0x0000000081100000|  0%| F|  |TAMS 0x0000000081000000, 0x0000000081000000| Untracked 
|  17|0x0000000081100000, 0x0000000081100000, 0x0000000081200000|  0%| F|  |TAMS 0x0000000081100000, 0x0000000081100000| Untracked 
|  18|0x0000000081200000, 0x0000000081200000, 0x0000000081300000|  0%| F|  |TAMS 0x0000000081200000, 0x0000000081200000| Untracked 
|  19|0x0000000081300000, 0x0000000081300000, 0x0000000081400000|  0%| F|  |TAMS 0x0000000081300000, 0x0000000081300000| Untracked 
|  20|0x0000000081400000, 0x0000000081400000, 0x0000000081500000|  0%| F|  |TAMS 0x0000000081400000, 0x0000000081400000| Untracked 
|  21|0x0000000081500000, 0x0000000081500000, 0x0000000081600000|  0%| F|  |TAMS 0x0000000081500000, 0x0000000081500000| Untracked 
|  22|0x0000000081600000, 0x0000000081600000, 0x0000000081700000|  0%| F|  |TAMS 0x0000000081600000, 0x0000000081600000| Untracked 
|  23|0x0000000081700000, 0x0000000081700000, 0x0000000081800000|  0%| F|  |TAMS 0x0000000081700000, 0x0000000081700000| Untracked 
|  24|0x0000000081800000, 0x0000000081800000, 0x0000000081900000|  0%| F|  |TAMS 0x0000000081800000, 0x0000000081800000| Untracked 
|  25|0x0000000081900000, 0x0000000081900000, 0x0000000081a00000|  0%| F|  |TAMS 0x0000000081900000, 0x0000000081900000| Untracked 
|  26|0x0000000081a00000, 0x0000000081a00000, 0x0000000081b00000|  0%| F|  |TAMS 0x0000000081a00000, 0x0000000081a00000| Untracked 
|  27|0x0000000081b00000, 0x0000000081b00000, 0x0000000081c00000|  0%| F|  |TAMS 0x0000000081b00000, 0x0000000081b00000| Untracked 
|  28|0x0000000081c00000, 0x0000000081c00000, 0x0000000081d00000|  0%| F|  |TAMS 0x0000000081c00000, 0x0000000081c00000| Untracked 
|  29|0x0000000081d00000, 0x0000000081d00000, 0x0000000081e00000|  0%| F|  |TAMS 0x0000000081d00000, 0x0000000081d00000| Untracked 
|  30|0x0000000081e00000, 0x0000000081e00000, 0x0000000081f00000|  0%| F|  |TAMS 0x0000000081e00000, 0x0000000081e00000| Untracked 
|  31|0x0000000081f00000, 0x0000000081f00000, 0x0000000082000000|  0%| F|  |TAMS 0x0000000081f00000, 0x0000000081f00000| Untracked 
|  32|0x0000000082000000, 0x0000000082000000, 0x0000000082100000|  0%| F|  |TAMS 0x0000000082000000, 0x0000000082000000| Untracked 
|  33|0x0000000082100000, 0x0000000082100000, 0x0000000082200000|  0%| F|  |TAMS 0x0000000082100000, 0x0000000082100000| Untracked 
|  34|0x0000000082200000, 0x0000000082200000, 0x0000000082300000|  0%| F|  |TAMS 0x0000000082200000, 0x0000000082200000| Untracked 
|  35|0x0000000082300000, 0x0000000082300000, 0x0000000082400000|  0%| F|  |TAMS 0x0000000082300000, 0x0000000082300000| Untracked 
|  36|0x0000000082400000, 0x0000000082400000, 0x0000000082500000|  0%| F|  |TAMS 0x0000000082400000, 0x0000000082400000| Untracked 
|  37|0x0000000082500000, 0x0000000082500000, 0x0000000082600000|  0%| F|  |TAMS 0x0000000082500000, 0x0000000082500000| Untracked 
|  38|0x0000000082600000, 0x0000000082600000, 0x0000000082700000|  0%| F|  |TAMS 0x0000000082600000, 0x0000000082600000| Untracked 
|  39|0x0000000082700000, 0x0000000082700000, 0x0000000082800000|  0%| F|  |TAMS 0x0000000082700000, 0x0000000082700000| Untracked 
|  40|0x0000000082800000, 0x0000000082800000, 0x0000000082900000|  0%| F|  |TAMS 0x0000000082800000, 0x0000000082800000| Untracked 
|  41|0x0000000082900000, 0x0000000082900000, 0x0000000082a00000|  0%| F|  |TAMS 0x0000000082900000, 0x0000000082900000| Untracked 
|  42|0x0000000082a00000, 0x0000000082a00000, 0x0000000082b00000|  0%| F|  |TAMS 0x0000000082a00000, 0x0000000082a00000| Untracked 
|  43|0x0000000082b00000, 0x0000000082b00000, 0x0000000082c00000|  0%| F|  |TAMS 0x0000000082b00000, 0x0000000082b00000| Untracked 
|  44|0x0000000082c00000, 0x0000000082c00000, 0x0000000082d00000|  0%| F|  |TAMS 0x0000000082c00000, 0x0000000082c00000| Untracked 
|  45|0x0000000082d00000, 0x0000000082d00000, 0x0000000082e00000|  0%| F|  |TAMS 0x0000000082d00000, 0x0000000082d00000| Untracked 
|  46|0x0000000082e00000, 0x0000000082e00000, 0x0000000082f00000|  0%| F|  |TAMS 0x0000000082e00000, 0x0000000082e00000| Untracked 
|  47|0x0000000082f00000, 0x0000000082f00000, 0x0000000083000000|  0%| F|  |TAMS 0x0000000082f00000, 0x0000000082f00000| Untracked 
|  48|0x0000000083000000, 0x0000000083000000, 0x0000000083100000|  0%| F|  |TAMS 0x0000000083000000, 0x0000000083000000| Untracked 
|  49|0x0000000083100000, 0x0000000083100000, 0x0000000083200000|  0%| F|  |TAMS 0x0000000083100000, 0x0000000083100000| Untracked 
|  50|0x0000000083200000, 0x0000000083200000, 0x0000000083300000|  0%| F|  |TAMS 0x0000000083200000, 0x0000000083200000| Untracked 
|  51|0x0000000083300000, 0x0000000083300000, 0x0000000083400000|  0%| F|  |TAMS 0x0000000083300000, 0x0000000083300000| Untracked 
|  52|0x0000000083400000, 0x0000000083400000, 0x0000000083500000|  0%| F|  |TAMS 0x0000000083400000, 0x0000000083400000| Untracked 
|  53|0x0000000083500000, 0x0000000083500000, 0x0000000083600000|  0%| F|  |TAMS 0x0000000083500000, 0x0000000083500000| Untracked 
|  54|0x0000000083600000, 0x0000000083600000, 0x0000000083700000|  0%| F|  |TAMS 0x0000000083600000, 0x0000000083600000| Untracked 
|  55|0x0000000083700000, 0x0000000083700000, 0x0000000083800000|  0%| F|  |TAMS 0x0000000083700000, 0x0000000083700000| Untracked 
|  56|0x0000000083800000, 0x0000000083800000, 0x0000000083900000|  0%| F|  |TAMS 0x0000000083800000, 0x0000000083800000| Untracked 
|  57|0x0000000083900000, 0x0000000083900000, 0x0000000083a00000|  0%| F|  |TAMS 0x0000000083900000, 0x0000000083900000| Untracked 
|  58|0x0000000083a00000, 0x0000000083a00000, 0x0000000083b00000|  0%| F|  |TAMS 0x0000000083a00000, 0x0000000083a00000| Untracked 
|  59|0x0000000083b00000, 0x0000000083b00000, 0x0000000083c00000|  0%| F|  |TAMS 0x0000000083b00000, 0x0000000083b00000| Untracked 
|  60|0x0000000083c00000, 0x0000000083c00000, 0x0000000083d00000|  0%| F|  |TAMS 0x0000000083c00000, 0x0000000083c00000| Untracked 
|  61|0x0000000083d00000, 0x0000000083d00000, 0x0000000083e00000|  0%| F|  |TAMS 0x0000000083d00000, 0x0000000083d00000| Untracked 
|  62|0x0000000083e00000, 0x0000000083e00000, 0x0000000083f00000|  0%| F|  |TAMS 0x0000000083e00000, 0x0000000083e00000| Untracked 
|  63|0x0000000083f00000, 0x0000000083f00000, 0x0000000084000000|  0%| F|  |TAMS 0x0000000083f00000, 0x0000000083f00000| Untracked 
|  64|0x0000000084000000, 0x0000000084000000, 0x0000000084100000|  0%| F|  |TAMS 0x0000000084000000, 0x0000000084000000| Untracked 
|  65|0x0000000084100000, 0x0000000084100000, 0x0000000084200000|  0%| F|  |TAMS 0x0000000084100000, 0x0000000084100000| Untracked 
|  66|0x0000000084200000, 0x0000000084200000, 0x0000000084300000|  0%| F|  |TAMS 0x0000000084200000, 0x0000000084200000| Untracked 
|  67|0x0000000084300000, 0x0000000084300000, 0x0000000084400000|  0%| F|  |TAMS 0x0000000084300000, 0x0000000084300000| Untracked 
|  68|0x0000000084400000, 0x0000000084400000, 0x0000000084500000|  0%| F|  |TAMS 0x0000000084400000, 0x0000000084400000| Untracked 
|  69|0x0000000084500000, 0x0000000084500000, 0x0000000084600000|  0%| F|  |TAMS 0x0000000084500000, 0x0000000084500000| Untracked 
|  70|0x0000000084600000, 0x0000000084600000, 0x0000000084700000|  0%| F|  |TAMS 0x0000000084600000, 0x0000000084600000| Untracked 
|  71|0x0000000084700000, 0x0000000084700000, 0x0000000084800000|  0%| F|  |TAMS 0x0000000084700000, 0x0000000084700000| Untracked 
|  72|0x0000000084800000, 0x0000000084800000, 0x0000000084900000|  0%| F|  |TAMS 0x0000000084800000, 0x0000000084800000| Untracked 
|  73|0x0000000084900000, 0x0000000084900000, 0x0000000084a00000|  0%| F|  |TAMS 0x0000000084900000, 0x0000000084900000| Untracked 
|  74|0x0000000084a00000, 0x0000000084a00000, 0x0000000084b00000|  0%| F|  |TAMS 0x0000000084a00000, 0x0000000084a00000| Untracked 
|  75|0x0000000084b00000, 0x0000000084b00000, 0x0000000084c00000|  0%| F|  |TAMS 0x0000000084b00000, 0x0000000084b00000| Untracked 
|  76|0x0000000084c00000, 0x0000000084c00000, 0x0000000084d00000|  0%| F|  |TAMS 0x0000000084c00000, 0x0000000084c00000| Untracked 
|  77|0x0000000084d00000, 0x0000000084d00000, 0x0000000084e00000|  0%| F|  |TAMS 0x0000000084d00000, 0x0000000084d00000| Untracked 
|  78|0x0000000084e00000, 0x0000000084e00000, 0x0000000084f00000|  0%| F|  |TAMS 0x0000000084e00000, 0x0000000084e00000| Untracked 
|  79|0x0000000084f00000, 0x0000000084f00000, 0x0000000085000000|  0%| F|  |TAMS 0x0000000084f00000, 0x0000000084f00000| Untracked 
|  80|0x0000000085000000, 0x0000000085000000, 0x0000000085100000|  0%| F|  |TAMS 0x0000000085000000, 0x0000000085000000| Untracked 
|  81|0x0000000085100000, 0x0000000085100000, 0x0000000085200000|  0%| F|  |TAMS 0x0000000085100000, 0x0000000085100000| Untracked 
|  82|0x0000000085200000, 0x0000000085200000, 0x0000000085300000|  0%| F|  |TAMS 0x0000000085200000, 0x0000000085200000| Untracked 
|  83|0x0000000085300000, 0x0000000085300000, 0x0000000085400000|  0%| F|  |TAMS 0x0000000085300000, 0x0000000085300000| Untracked 
|  84|0x0000000085400000, 0x0000000085400000, 0x0000000085500000|  0%| F|  |TAMS 0x0000000085400000, 0x0000000085400000| Untracked 
|  85|0x0000000085500000, 0x0000000085500000, 0x0000000085600000|  0%| F|  |TAMS 0x0000000085500000, 0x0000000085500000| Untracked 
|  86|0x0000000085600000, 0x0000000085600000, 0x0000000085700000|  0%| F|  |TAMS 0x0000000085600000, 0x0000000085600000| Untracked 
|  87|0x0000000085700000, 0x0000000085700000, 0x0000000085800000|  0%| F|  |TAMS 0x0000000085700000, 0x0000000085700000| Untracked 
|  88|0x0000000085800000, 0x0000000085800000, 0x0000000085900000|  0%| F|  |TAMS 0x0000000085800000, 0x0000000085800000| Untracked 
|  89|0x0000000085900000, 0x0000000085900000, 0x0000000085a00000|  0%| F|  |TAMS 0x0000000085900000, 0x0000000085900000| Untracked 
|  90|0x0000000085a00000, 0x0000000085a00000, 0x0000000085b00000|  0%| F|  |TAMS 0x0000000085a00000, 0x0000000085a00000| Untracked 
|  91|0x0000000085b00000, 0x0000000085b00000, 0x0000000085c00000|  0%| F|  |TAMS 0x0000000085b00000, 0x0000000085b00000| Untracked 
|  92|0x0000000085c00000, 0x0000000085c00000, 0x0000000085d00000|  0%| F|  |TAMS 0x0000000085c00000, 0x0000000085c00000| Untracked 
|  93|0x0000000085d00000, 0x0000000085d00000, 0x0000000085e00000|  0%| F|  |TAMS 0x0000000085d00000, 0x0000000085d00000| Untracked 
|  94|0x0000000085e00000, 0x0000000085e00000, 0x0000000085f00000|  0%| F|  |TAMS 0x0000000085e00000, 0x0000000085e00000| Untracked 
|  95|0x0000000085f00000, 0x0000000085f00000, 0x0000000086000000|  0%| F|  |TAMS 0x0000000085f00000, 0x0000000085f00000| Untracked 
|  96|0x0000000086000000, 0x0000000086000000, 0x0000000086100000|  0%| F|  |TAMS 0x0000000086000000, 0x0000000086000000| Untracked 
|  97|0x0000000086100000, 0x000000008619a050, 0x0000000086200000| 60%| E|  |TAMS 0x0000000086100000, 0x0000000086100000| Complete 
|  98|0x0000000086200000, 0x0000000086300000, 0x0000000086300000|100%| E|CS|TAMS 0x0000000086200000, 0x0000000086200000| Complete 
|  99|0x0000000086300000, 0x0000000086400000, 0x0000000086400000|100%| E|CS|TAMS 0x0000000086300000, 0x0000000086300000| Complete 
| 100|0x0000000086400000, 0x0000000086500000, 0x0000000086500000|100%| E|CS|TAMS 0x0000000086400000, 0x0000000086400000| Complete 
| 101|0x0000000086500000, 0x0000000086600000, 0x0000000086600000|100%| E|CS|TAMS 0x0000000086500000, 0x0000000086500000| Complete 
| 102|0x0000000086600000, 0x0000000086700000, 0x0000000086700000|100%| E|CS|TAMS 0x0000000086600000, 0x0000000086600000| Complete 
| 103|0x0000000086700000, 0x0000000086800000, 0x0000000086800000|100%| E|CS|TAMS 0x0000000086700000, 0x0000000086700000| Complete 
| 104|0x0000000086800000, 0x0000000086900000, 0x0000000086900000|100%| E|CS|TAMS 0x0000000086800000, 0x0000000086800000| Complete 
| 105|0x0000000086900000, 0x0000000086a00000, 0x0000000086a00000|100%| E|CS|TAMS 0x0000000086900000, 0x0000000086900000| Complete 
| 106|0x0000000086a00000, 0x0000000086b00000, 0x0000000086b00000|100%| E|CS|TAMS 0x0000000086a00000, 0x0000000086a00000| Complete 
| 107|0x0000000086b00000, 0x0000000086c00000, 0x0000000086c00000|100%| E|CS|TAMS 0x0000000086b00000, 0x0000000086b00000| Complete 
| 108|0x0000000086c00000, 0x0000000086d00000, 0x0000000086d00000|100%| E|CS|TAMS 0x0000000086c00000, 0x0000000086c00000| Complete 
| 109|0x0000000086d00000, 0x0000000086e00000, 0x0000000086e00000|100%| E|CS|TAMS 0x0000000086d00000, 0x0000000086d00000| Complete 
| 110|0x0000000086e00000, 0x0000000086f00000, 0x0000000086f00000|100%| E|CS|TAMS 0x0000000086e00000, 0x0000000086e00000| Complete 
| 111|0x0000000086f00000, 0x0000000087000000, 0x0000000087000000|100%| E|CS|TAMS 0x0000000086f00000, 0x0000000086f00000| Complete 
| 112|0x0000000087000000, 0x00000000870d9b48, 0x0000000087100000| 85%| S|CS|TAMS 0x0000000087000000, 0x0000000087000000| Complete 
| 113|0x0000000087100000, 0x0000000087200000, 0x0000000087200000|100%| E|CS|TAMS 0x0000000087100000, 0x0000000087100000| Complete 
| 114|0x0000000087200000, 0x0000000087300000, 0x0000000087300000|100%| E|CS|TAMS 0x0000000087200000, 0x0000000087200000| Complete 
| 115|0x0000000087300000, 0x0000000087400000, 0x0000000087400000|100%| E|CS|TAMS 0x0000000087300000, 0x0000000087300000| Complete 
| 116|0x0000000087400000, 0x0000000087500000, 0x0000000087500000|100%| E|CS|TAMS 0x0000000087400000, 0x0000000087400000| Complete 
| 117|0x0000000087500000, 0x0000000087600000, 0x0000000087600000|100%| E|CS|TAMS 0x0000000087500000, 0x0000000087500000| Complete 
| 118|0x0000000087600000, 0x0000000087700000, 0x0000000087700000|100%| E|CS|TAMS 0x0000000087600000, 0x0000000087600000| Complete 
| 119|0x0000000087700000, 0x0000000087800000, 0x0000000087800000|100%| E|CS|TAMS 0x0000000087700000, 0x0000000087700000| Complete 
| 120|0x0000000087800000, 0x0000000087900000, 0x0000000087900000|100%| E|CS|TAMS 0x0000000087800000, 0x0000000087800000| Complete 
| 121|0x0000000087900000, 0x0000000087a00000, 0x0000000087a00000|100%| E|CS|TAMS 0x0000000087900000, 0x0000000087900000| Complete 
| 122|0x0000000087a00000, 0x0000000087b00000, 0x0000000087b00000|100%| E|CS|TAMS 0x0000000087a00000, 0x0000000087a00000| Complete 
| 123|0x0000000087b00000, 0x0000000087c00000, 0x0000000087c00000|100%| E|CS|TAMS 0x0000000087b00000, 0x0000000087b00000| Complete 
| 124|0x0000000087c00000, 0x0000000087d00000, 0x0000000087d00000|100%| E|CS|TAMS 0x0000000087c00000, 0x0000000087c00000| Complete 
| 125|0x0000000087d00000, 0x0000000087e00000, 0x0000000087e00000|100%| E|CS|TAMS 0x0000000087d00000, 0x0000000087d00000| Complete 

Card table byte_map: [0x000002d8b43e0000,0x000002d8b47e0000] _byte_map_base: 0x000002d8b3fe0000

Marking Bits (Prev, Next): (CMBitMap*) 0x000002d8a136b7f0, (CMBitMap*) 0x000002d8a136b7b8
 Prev Bits: [0x000002d8b6be0000, 0x000002d8b8be0000)
 Next Bits: [0x000002d8b4be0000, 0x000002d8b6be0000)

Polling page: 0x000002d8a0b10000

Metaspace:

Usage:
  Non-class:     20.50 MB capacity,    20.16 MB ( 98%) used,   307.13 KB (  1%) free+waste,    42.31 KB ( <1%) overhead. 
      Class:      3.12 MB capacity,     2.94 MB ( 94%) used,   158.96 KB (  5%) free+waste,    21.06 KB ( <1%) overhead. 
       Both:     23.62 MB capacity,    23.10 MB ( 98%) used,   466.09 KB (  2%) free+waste,    63.38 KB ( <1%) overhead. 

Virtual space:
  Non-class space:       22.00 MB reserved,      20.67 MB ( 94%) committed 
      Class space:        1.00 GB reserved,       3.13 MB ( <1%) committed 
             Both:        1.02 GB reserved,      23.80 MB (  2%) committed 

Chunk freelists:
   Non-Class:  44.00 KB
       Class:  9.00 KB
        Both:  53.00 KB

MaxMetaspaceSize: 17179869184.00 GB
CompressedClassSpaceSize: 1.00 GB

CodeHeap 'non-profiled nmethods': size=120000Kb used=768Kb max_used=768Kb free=119231Kb
 bounds [0x000002d8ac780000, 0x000002d8ac9f0000, 0x000002d8b3cb0000]
CodeHeap 'profiled nmethods': size=120000Kb used=3824Kb max_used=3824Kb free=116175Kb
 bounds [0x000002d8a5250000, 0x000002d8a5610000, 0x000002d8ac780000]
CodeHeap 'non-nmethods': size=5760Kb used=1150Kb max_used=1158Kb free=4609Kb
 bounds [0x000002d8a4cb0000, 0x000002d8a4f20000, 0x000002d8a5250000]
 total_blobs=2317 nmethods=1845 adapters=383
 compilation: enabled
              stopped_count=0, restarted_count=0
 full_count=0

Compilation events (20 events):
Event: 3.629 Thread 0x000002d8bb654800 2043       3       java.util.concurrent.locks.AbstractQueuedSynchronizer::<init> (5 bytes)
Event: 3.629 Thread 0x000002d8bb654800 nmethod 2043 0x000002d8a5604890 code [0x000002d8a5604a40, 0x000002d8a5604bf8]
Event: 3.629 Thread 0x000002d8bb654800 2044       3       java.util.concurrent.locks.AbstractOwnableSynchronizer::<init> (5 bytes)
Event: 3.629 Thread 0x000002d8bb654800 nmethod 2044 0x000002d8a5604d10 code [0x000002d8a5604ec0, 0x000002d8a5605018]
Event: 3.676 Thread 0x000002d8bb654800 2045       3       java.lang.reflect.ProxyGenerator$ExceptionTableEntry::<init> (26 bytes)
Event: 3.676 Thread 0x000002d8bb654800 nmethod 2045 0x000002d8a5605110 code [0x000002d8a56052c0, 0x000002d8a5605438]
Event: 3.680 Thread 0x000002d8bb654800 2046       3       java.util.LinkedHashMap::afterNodeInsertion (40 bytes)
Event: 3.681 Thread 0x000002d8bb654800 nmethod 2046 0x000002d8a5605510 code [0x000002d8a5605700, 0x000002d8a5605b68]
Event: 3.691 Thread 0x000002d8bb654800 2047       3       java.lang.reflect.ProxyGenerator$ConstantPool::getFieldRef (33 bytes)
Event: 3.692 Thread 0x000002d8bb654800 nmethod 2047 0x000002d8a5605d10 code [0x000002d8a5605fe0, 0x000002d8a5606c48]
Event: 3.693 Thread 0x000002d8bb654800 2048       3       java.io.ByteArrayOutputStream::<init> (43 bytes)
Event: 3.693 Thread 0x000002d8bb654800 nmethod 2048 0x000002d8a5607190 code [0x000002d8a5607400, 0x000002d8a5607e18]
Event: 3.693 Thread 0x000002d8bb654800 2050       3       java.nio.HeapByteBuffer::byteOffset (7 bytes)
Event: 3.694 Thread 0x000002d8bb654800 nmethod 2050 0x000002d8a5608190 code [0x000002d8a5608340, 0x000002d8a5608438]
Event: 3.694 Thread 0x000002d8bb654800 2049       3       java.io.ByteArrayOutputStream::<init> (7 bytes)
Event: 3.694 Thread 0x000002d8bb654800 nmethod 2049 0x000002d8a5608510 code [0x000002d8a56086c0, 0x000002d8a56087e8]
Event: 3.703 Thread 0x000002d8bb654800 2051       1       java.lang.invoke.MethodHandleNatives::isPullModeBSM (2 bytes)
Event: 3.705 Thread 0x000002d8bb654800 nmethod 2051 0x000002d8ac83fb10 code [0x000002d8ac83fcc0, 0x000002d8ac83fd58]
Event: 3.705 Thread 0x000002d8bb654800 2052       3       java.lang.invoke.ConstantCallSite::getTarget (20 bytes)
Event: 3.705 Thread 0x000002d8bb654800 nmethod 2052 0x000002d8a5608890 code [0x000002d8a5608a60, 0x000002d8a5608c68]

GC Heap History (6 events):
Event: 1.116 GC heap before
{Heap before GC invocations=0 (full 0):
 garbage-first heap   total 129024K, used 29696K [0x0000000080000000, 0x0000000100000000)
  region size 1024K, 24 young (24576K), 0 survivors (0K)
 Metaspace       used 10672K, capacity 10996K, committed 11264K, reserved 1058816K
  class space    used 1128K, capacity 1200K, committed 1280K, reserved 1048576K
}
Event: 1.120 GC heap after
{Heap after GC invocations=1 (full 0):
 garbage-first heap   total 129024K, used 9042K [0x0000000080000000, 0x0000000100000000)
  region size 1024K, 3 young (3072K), 3 survivors (3072K)
 Metaspace       used 10672K, capacity 10996K, committed 11264K, reserved 1058816K
  class space    used 1128K, capacity 1200K, committed 1280K, reserved 1048576K
}
Event: 3.071 GC heap before
{Heap before GC invocations=1 (full 0):
 garbage-first heap   total 129024K, used 81746K [0x0000000080000000, 0x0000000100000000)
  region size 1024K, 75 young (76800K), 3 survivors (3072K)
 Metaspace       used 18900K, capacity 19454K, committed 19712K, reserved 1067008K
  class space    used 2285K, capacity 2458K, committed 2560K, reserved 1048576K
}
Event: 3.078 GC heap after
{Heap after GC invocations=2 (full 0):
 garbage-first heap   total 129024K, used 15692K [0x0000000080000000, 0x0000000100000000)
  region size 1024K, 10 young (10240K), 10 survivors (10240K)
 Metaspace       used 18900K, capacity 19454K, committed 19712K, reserved 1067008K
  class space    used 2285K, capacity 2458K, committed 2560K, reserved 1048576K
}
Event: 3.278 GC heap before
{Heap before GC invocations=2 (full 0):
 garbage-first heap   total 129024K, used 27980K [0x0000000080000000, 0x0000000100000000)
  region size 1024K, 23 young (23552K), 10 survivors (10240K)
 Metaspace       used 20561K, capacity 21127K, committed 21296K, reserved 1069056K
  class space    used 2520K, capacity 2680K, committed 2688K, reserved 1048576K
}
Event: 3.285 GC heap after
{Heap after GC invocations=3 (full 0):
 garbage-first heap   total 129024K, used 16730K [0x0000000080000000, 0x0000000100000000)
  region size 1024K, 1 young (1024K), 1 survivors (1024K)
 Metaspace       used 20561K, capacity 21127K, committed 21296K, reserved 1069056K
  class space    used 2520K, capacity 2680K, committed 2688K, reserved 1048576K
}

Deoptimization events (20 events):
Event: 3.491 Thread 0x000002d8bdb97000 Uncommon trap: trap_request=0xffffff4d fr.pc=0x000002d8ac7dadd4 relative=0x0000000000000094
Event: 3.491 Thread 0x000002d8bdb97000 Uncommon trap: reason=unstable_if action=reinterpret pc=0x000002d8ac7dadd4 method=java.util.LinkedHashMap.afterNodeInsertion(Z)V @ 1 c2
Event: 3.491 Thread 0x000002d8bdb97000 DEOPT PACKING pc=0x000002d8ac7dadd4 sp=0x000000ea13dfbd70
Event: 3.491 Thread 0x000002d8bdb97000 DEOPT UNPACKING pc=0x000002d8a4cb822f sp=0x000000ea13dfbcf0 mode 2
Event: 3.492 Thread 0x000002d8bdb97000 Uncommon trap: trap_request=0xffffff4d fr.pc=0x000002d8ac7cf234 relative=0x0000000000000174
Event: 3.492 Thread 0x000002d8bdb97000 Uncommon trap: reason=unstable_if action=reinterpret pc=0x000002d8ac7cf234 method=java.util.HashMap.getNode(ILjava/lang/Object;)Ljava/util/HashMap$Node; @ 129 c2
Event: 3.492 Thread 0x000002d8bdb97000 DEOPT PACKING pc=0x000002d8ac7cf234 sp=0x000000ea13df9e40
Event: 3.492 Thread 0x000002d8bdb97000 DEOPT UNPACKING pc=0x000002d8a4cb822f sp=0x000000ea13df9d40 mode 2
Event: 3.492 Thread 0x000002d8bdb97000 Uncommon trap: trap_request=0xffffffc6 fr.pc=0x000002d8ac828b98 relative=0x00000000000011d8
Event: 3.492 Thread 0x000002d8bdb97000 Uncommon trap: reason=bimorphic_or_optimized_type_check action=maybe_recompile pc=0x000002d8ac828b98 method=java.util.HashMap.putVal(ILjava/lang/Object;Ljava/lang/Object;ZZ)Ljava/lang/Object; @ 203 c2
Event: 3.492 Thread 0x000002d8bdb97000 DEOPT PACKING pc=0x000002d8ac828b98 sp=0x000000ea13df9d70
Event: 3.492 Thread 0x000002d8bdb97000 DEOPT UNPACKING pc=0x000002d8a4cb822f sp=0x000000ea13df9d40 mode 2
Event: 3.492 Thread 0x000002d8bdb97000 Uncommon trap: trap_request=0xffffff4d fr.pc=0x000002d8ac7b40ac relative=0x00000000000001ec
Event: 3.492 Thread 0x000002d8bdb97000 Uncommon trap: reason=unstable_if action=reinterpret pc=0x000002d8ac7b40ac method=java.util.HashMap.getNode(ILjava/lang/Object;)Ljava/util/HashMap$Node; @ 129 c2
Event: 3.492 Thread 0x000002d8bdb97000 DEOPT PACKING pc=0x000002d8ac7b40ac sp=0x000000ea13df9da0
Event: 3.492 Thread 0x000002d8bdb97000 DEOPT UNPACKING pc=0x000002d8a4cb822f sp=0x000000ea13df9d28 mode 2
Event: 3.492 Thread 0x000002d8bdb97000 Uncommon trap: trap_request=0xffffffc6 fr.pc=0x000002d8ac828b98 relative=0x00000000000011d8
Event: 3.492 Thread 0x000002d8bdb97000 Uncommon trap: reason=bimorphic_or_optimized_type_check action=maybe_recompile pc=0x000002d8ac828b98 method=java.util.HashMap.putVal(ILjava/lang/Object;Ljava/lang/Object;ZZ)Ljava/lang/Object; @ 203 c2
Event: 3.492 Thread 0x000002d8bdb97000 DEOPT PACKING pc=0x000002d8ac828b98 sp=0x000000ea13df9d50
Event: 3.492 Thread 0x000002d8bdb97000 DEOPT UNPACKING pc=0x000002d8a4cb822f sp=0x000000ea13df9d20 mode 2

Classes redefined (0 events):
No events

Internal exceptions (20 events):
Event: 1.888 Thread 0x000002d8a132b800 Exception <a 'java/lang/NoSuchMethodError'{0x0000000084a61488}: 'void java.lang.invoke.DelegatingMethodHandle$Holder.delegate(java.lang.Object, java.lang.Object, int, java.lang.Object)'> (0x0000000084a61488) thrown at [./src/hotspot/share/interpreter/linkResolver.cpp, line 773]
Event: 1.906 Thread 0x000002d8a132b800 Exception <a 'java/lang/NoSuchMethodError'{0x000000008491cf60}: 'java.lang.Object java.lang.invoke.DirectMethodHandle$Holder.invokeStaticInit(java.lang.Object, int, int, int, int)'> (0x000000008491cf60) thrown at [./src/hotspot/share/interpreter/linkResolver.cpp, line 773]
Event: 2.102 Thread 0x000002d8a132b800 Exception <a 'java/lang/NoSuchMethodError'{0x00000000849d90d8}: 'java.lang.Object java.lang.invoke.DirectMethodHandle$Holder.invokeStaticInit(java.lang.Object, java.lang.Object, int, int, int, int)'> (0x00000000849d90d8) thrown at [./src/hotspot/share/interpreter/linkResolver.cpp, line 773]
Event: 2.735 Thread 0x000002d8a132b800 Exception <a 'java/io/IOException'{0x0000000084611860}> (0x0000000084611860) thrown at [./src/hotspot/share/prims/jni.cpp, line 615]
Event: 2.793 Thread 0x000002d8bd42d800 Exception <a 'java/lang/NoSuchMethodError'{0x00000000844202e0}: <clinit>> (0x00000000844202e0) thrown at [./src/hotspot/share/prims/jni.cpp, line 1362]
Event: 2.795 Thread 0x000002d8bd42d800 Exception <a 'java/lang/NoSuchMethodError'{0x0000000084428b78}: <clinit>> (0x0000000084428b78) thrown at [./src/hotspot/share/prims/jni.cpp, line 1362]
Event: 2.800 Thread 0x000002d8bd42d800 Exception <a 'java/lang/NoSuchMethodError'{0x000000008443bcf8}: <clinit>> (0x000000008443bcf8) thrown at [./src/hotspot/share/prims/jni.cpp, line 1362]
Event: 2.809 Thread 0x000002d8bd42d800 Exception <a 'java/lang/NoSuchMethodError'{0x0000000084489dd8}: <clinit>> (0x0000000084489dd8) thrown at [./src/hotspot/share/prims/jni.cpp, line 1362]
Event: 2.815 Thread 0x000002d8bd42d800 Exception <a 'java/lang/NoSuchMethodError'{0x00000000844c5560}: <clinit>> (0x00000000844c5560) thrown at [./src/hotspot/share/prims/jni.cpp, line 1362]
Event: 2.821 Thread 0x000002d8bd42d800 Exception <a 'java/lang/NoSuchMethodError'{0x00000000844f8040}: <clinit>> (0x00000000844f8040) thrown at [./src/hotspot/share/prims/jni.cpp, line 1362]
Event: 2.889 Thread 0x000002d8bdb97000 Exception <a 'java/lang/NoSuchMethodError'{0x000000008409a480}: 'void java.lang.invoke.DelegatingMethodHandle$Holder.reinvoke_L(java.lang.Object, java.lang.Object, java.lang.Object, java.lang.Object)'> (0x000000008409a480) thrown at [./src/hotspot/share/interpreter/linkResolver.cpp, line 773]
Event: 2.896 Thread 0x000002d8bdb97000 Exception <a 'java/lang/NoSuchMethodError'{0x00000000840d11e0}: 'long java.lang.invoke.DirectMethodHandle$Holder.invokeInterface(java.lang.Object, java.lang.Object)'> (0x00000000840d11e0) thrown at [./src/hotspot/share/interpreter/linkResolver.cpp, line 773]
Event: 2.901 Thread 0x000002d8bdb97000 Exception <a 'java/lang/NoSuchMethodError'{0x00000000840f2a88}: 'void java.lang.invoke.DelegatingMethodHandle$Holder.reinvoke_L(java.lang.Object, java.lang.Object, java.lang.Object, java.lang.Object, java.lang.Object, java.lang.Object, java.lang.Object)'> (0x00000000840f2a88) thrown at [./src/hotspot/share/interpreter/linkResolver.cpp, line 773]
Event: 3.090 Thread 0x000002d8bdb97000 Exception <a 'java/lang/NoSuchMethodError'{0x0000000087c7ad28}: 'java.lang.Object java.lang.invoke.DirectMethodHandle$Holder.invokeVirtual(java.lang.Object, java.lang.Object, java.lang.Object)'> (0x0000000087c7ad28) thrown at [./src/hotspot/share/interpreter/linkResolver.cpp, line 773]
Event: 3.129 Thread 0x000002d8bdb97000 Exception <a 'java/lang/NoSuchMethodError'{0x0000000087842e58}: 'void java.lang.invoke.DirectMethodHandle$Holder.invokeStaticInit(java.lang.Object)'> (0x0000000087842e58) thrown at [./src/hotspot/share/interpreter/linkResolver.cpp, line 773]
Event: 3.270 Thread 0x000002d8bdb97000 Exception <a 'java/lang/NoSuchMethodError'{0x00000000872d29b8}: 'int java.lang.invoke.DirectMethodHandle$Holder.invokeSpecialIFC(java.lang.Object, java.lang.Object, java.lang.Object, java.lang.Object)'> (0x00000000872d29b8) thrown at [./src/hotspot/share/interpreter/linkResolver.cpp, line 773]
Event: 3.271 Thread 0x000002d8bdb97000 Exception <a 'java/lang/NoSuchMethodError'{0x00000000872e0778}: 'java.lang.Object java.lang.invoke.DirectMethodHandle$Holder.invokeInterface(java.lang.Object, java.lang.Object, java.lang.Object)'> (0x00000000872e0778) thrown at [./src/hotspot/share/interpreter/linkResolver.cpp, line 773]
Event: 3.271 Thread 0x000002d8bdb97000 Exception <a 'java/lang/IncompatibleClassChangeError'{0x00000000872e3c50}: Found class java.lang.Object, but interface was expected> (0x00000000872e3c50) thrown at [./src/hotspot/share/interpreter/linkResolver.cpp, line 839]
Event: 3.356 Thread 0x000002d8bdb97000 Exception <a 'java/lang/NoSuchMethodError'{0x0000000087996940}: 'void java.lang.invoke.DirectMethodHandle$Holder.invokeSpecial(java.lang.Object, java.lang.Object)'> (0x0000000087996940) thrown at [./src/hotspot/share/interpreter/linkResolver.cpp, line 773]
Event: 3.456 Thread 0x000002d8bdb97000 Exception <a 'java/lang/NoSuchMethodError'{0x0000000086ea21c8}: 'java.lang.Object java.lang.invoke.DirectMethodHandle$Holder.invokeVirtual(java.lang.Object, java.lang.Object, java.lang.Object, java.lang.Object)'> (0x0000000086ea21c8) thrown at [./src/hotspot/share/interpreter/linkResolver.cpp, line 773]

Events (20 events):
Event: 3.675 loading class org/gradle/internal/instantiation/generator/AbstractClassGenerator$MethodMetadata
Event: 3.675 loading class org/gradle/internal/instantiation/generator/AbstractClassGenerator$MethodMetadata done
Event: 3.675 loading class org/gradle/api/NonExtensible
Event: 3.675 loading class org/gradle/api/NonExtensible done
Event: 3.675 loading class java/lang/annotation/Documented
Event: 3.675 loading class java/lang/annotation/Documented done
Event: 3.677 loading class java/lang/annotation/ElementType
Event: 3.678 loading class java/lang/annotation/ElementType done
Event: 3.684 loading class org/gradle/internal/extensibility/NoConventionMapping
Event: 3.684 loading class org/gradle/internal/extensibility/NoConventionMapping done
Event: 3.686 loading class org/gradle/api/internal/DynamicObjectAware
Event: 3.686 loading class org/gradle/api/internal/DynamicObjectAware done
Event: 3.688 loading class java/lang/Deprecated
Event: 3.689 loading class java/lang/Deprecated done
Event: 3.693 loading class jdk/internal/HotSpotIntrinsicCandidate
Event: 3.693 loading class jdk/internal/HotSpotIntrinsicCandidate done
Event: 3.695 loading class java/lang/module/ModuleDescriptor$Builder
Event: 3.695 loading class java/lang/module/ModuleDescriptor$Builder done
Event: 3.695 loading class jdk/internal/module/Checks
Event: 3.696 loading class jdk/internal/module/Checks done


Dynamic libraries:
0x00007ff7b28b0000 - 0x00007ff7b28ba000 	C:\Program Files\Android\Android Studio\jre\bin\java.exe
0x00007ffef2690000 - 0x00007ffef2885000 	C:\WINDOWS\SYSTEM32\ntdll.dll
0x00007ffef10f0000 - 0x00007ffef11ad000 	C:\WINDOWS\System32\KERNEL32.DLL
0x00007ffef0230000 - 0x00007ffef04f8000 	C:\WINDOWS\System32\KERNELBASE.dll
0x00007ffeeff40000 - 0x00007ffef0040000 	C:\WINDOWS\System32\ucrtbase.dll
0x00007ffed7210000 - 0x00007ffed7229000 	C:\Program Files\Android\Android Studio\jre\bin\jli.dll
0x00007ffef1220000 - 0x00007ffef13c0000 	C:\WINDOWS\System32\USER32.dll
0x00007ffeefee0000 - 0x00007ffeeff02000 	C:\WINDOWS\System32\win32u.dll
0x00007ffef0f10000 - 0x00007ffef0f3a000 	C:\WINDOWS\System32\GDI32.dll
0x00007ffed4c50000 - 0x00007ffed4c67000 	C:\Program Files\Android\Android Studio\jre\bin\VCRUNTIME140.dll
0x00007ffeefdd0000 - 0x00007ffeefedb000 	C:\WINDOWS\System32\gdi32full.dll
0x00007ffef0660000 - 0x00007ffef06fd000 	C:\WINDOWS\System32\msvcp_win.dll
0x00007ffed2200000 - 0x00007ffed249a000 	C:\WINDOWS\WinSxS\amd64_microsoft.windows.common-controls_6595b64144ccf1df_6.0.19041.1052_none_60b8f8fd71f5e8cb\COMCTL32.dll
0x00007ffef1f10000 - 0x00007ffef1fae000 	C:\WINDOWS\System32\msvcrt.dll
0x00007ffef15e0000 - 0x00007ffef1610000 	C:\WINDOWS\System32\IMM32.DLL
0x00007ffec3950000 - 0x00007ffec39ed000 	C:\Program Files\Android\Android Studio\jre\bin\msvcp140.dll
0x00007ffe98d70000 - 0x00007ffe9982c000 	C:\Program Files\Android\Android Studio\jre\bin\server\jvm.dll
0x00007ffef1420000 - 0x00007ffef14cc000 	C:\WINDOWS\System32\ADVAPI32.dll
0x00007ffef1d80000 - 0x00007ffef1e1b000 	C:\WINDOWS\System32\sechost.dll
0x00007ffef2060000 - 0x00007ffef218b000 	C:\WINDOWS\System32\RPCRT4.dll
0x00007ffef21c0000 - 0x00007ffef21c8000 	C:\WINDOWS\System32\PSAPI.DLL
0x00007ffed5a80000 - 0x00007ffed5aa7000 	C:\WINDOWS\SYSTEM32\WINMM.dll
0x00007ffeef960000 - 0x00007ffeef96a000 	C:\WINDOWS\SYSTEM32\VERSION.dll
0x00007ffeccca0000 - 0x00007ffeccca9000 	C:\WINDOWS\SYSTEM32\WSOCK32.dll
0x00007ffef1770000 - 0x00007ffef17db000 	C:\WINDOWS\System32\WS2_32.dll
0x00007ffeee630000 - 0x00007ffeee642000 	C:\WINDOWS\SYSTEM32\kernel.appcore.dll
0x00007ffee6e90000 - 0x00007ffee6ea1000 	C:\Program Files\Android\Android Studio\jre\bin\verify.dll
0x00007ffeedbb0000 - 0x00007ffeedd94000 	C:\WINDOWS\SYSTEM32\DBGHELP.DLL
0x00007ffede930000 - 0x00007ffede95c000 	C:\WINDOWS\SYSTEM32\dbgcore.DLL
0x00007ffef0040000 - 0x00007ffef00c3000 	C:\WINDOWS\System32\bcryptPrimitives.dll
0x00007ffee63a0000 - 0x00007ffee63c9000 	C:\Program Files\Android\Android Studio\jre\bin\java.dll
0x00007ffee6780000 - 0x00007ffee678b000 	C:\Program Files\Android\Android Studio\jre\bin\jimage.dll
0x00007ffee6330000 - 0x00007ffee6348000 	C:\Program Files\Android\Android Studio\jre\bin\zip.dll
0x00007ffef0700000 - 0x00007ffef0e3f000 	C:\WINDOWS\System32\SHELL32.dll
0x00007ffeedda0000 - 0x00007ffeee530000 	C:\WINDOWS\SYSTEM32\windows.storage.dll
0x00007ffef21d0000 - 0x00007ffef2525000 	C:\WINDOWS\System32\combase.dll
0x00007ffeef7d0000 - 0x00007ffeef7fc000 	C:\WINDOWS\SYSTEM32\Wldp.dll
0x00007ffef1530000 - 0x00007ffef15de000 	C:\WINDOWS\System32\SHCORE.dll
0x00007ffef14d0000 - 0x00007ffef1525000 	C:\WINDOWS\System32\shlwapi.dll
0x00007ffeefd10000 - 0x00007ffeefd2f000 	C:\WINDOWS\SYSTEM32\profapi.dll
0x00007ffee6310000 - 0x00007ffee632a000 	C:\Program Files\Android\Android Studio\jre\bin\net.dll
0x00007ffed8560000 - 0x00007ffed866b000 	C:\WINDOWS\SYSTEM32\WINHTTP.dll
0x00007ffeef540000 - 0x00007ffeef5aa000 	C:\WINDOWS\system32\mswsock.dll
0x00007ffee62f0000 - 0x00007ffee6304000 	C:\Program Files\Android\Android Studio\jre\bin\nio.dll
0x00007ffee6180000 - 0x00007ffee61a7000 	C:\Users\Apolo\.gradle\native\fdc75f09e3144964f2cf3f50f0aa648679c211496f362492102eb8c894070792\windows-amd64\native-platform.dll
0x00007ffeb7990000 - 0x00007ffeb7b26000 	C:\Users\Apolo\.gradle\native\12488b8bf47d2d4c9fbf2f6322a914ad602e24e48041cd04a747c6da556b65c4\windows-amd64\native-platform-file-events.dll
0x00007ffee6390000 - 0x00007ffee639a000 	C:\Program Files\Android\Android Studio\jre\bin\management.dll
0x00007ffee62e0000 - 0x00007ffee62ec000 	C:\Program Files\Android\Android Studio\jre\bin\management_ext.dll
0x00007ffeef710000 - 0x00007ffeef728000 	C:\WINDOWS\SYSTEM32\CRYPTSP.dll
0x00007ffeeee70000 - 0x00007ffeeeea4000 	C:\WINDOWS\system32\rsaenh.dll
0x00007ffeeff10000 - 0x00007ffeeff37000 	C:\WINDOWS\System32\bcrypt.dll
0x00007ffeefc90000 - 0x00007ffeefcbe000 	C:\WINDOWS\SYSTEM32\USERENV.dll
0x00007ffeef730000 - 0x00007ffeef73c000 	C:\WINDOWS\SYSTEM32\CRYPTBASE.dll
0x00007ffeef1e0000 - 0x00007ffeef21b000 	C:\WINDOWS\SYSTEM32\IPHLPAPI.DLL
0x00007ffef11b0000 - 0x00007ffef11b8000 	C:\WINDOWS\System32\NSI.dll
0x00007ffee43c0000 - 0x00007ffee43d7000 	C:\WINDOWS\SYSTEM32\dhcpcsvc6.DLL
0x00007ffee52a0000 - 0x00007ffee52bd000 	C:\WINDOWS\SYSTEM32\dhcpcsvc.DLL
0x00007ffeef220000 - 0x00007ffeef2ec000 	C:\WINDOWS\SYSTEM32\DNSAPI.dll
0x00007ffee55d0000 - 0x00007ffee55db000 	C:\WINDOWS\SYSTEM32\WINNSI.DLL

dbghelp: loaded successfully - version: 4.0.5 - missing functions: none
symbol engine: initialized successfully - sym options: 0x614 - pdb path: .;C:\Program Files\Android\Android Studio\jre\bin;C:\WINDOWS\SYSTEM32;C:\WINDOWS\WinSxS\amd64_microsoft.windows.common-controls_6595b64144ccf1df_6.0.19041.1052_none_60b8f8fd71f5e8cb;C:\Program Files\Android\Android Studio\jre\bin\server;C:\Users\Apolo\.gradle\native\fdc75f09e3144964f2cf3f50f0aa648679c211496f362492102eb8c894070792\windows-amd64;C:\Users\Apolo\.gradle\native\12488b8bf47d2d4c9fbf2f6322a914ad602e24e48041cd04a747c6da556b65c4\windows-amd64

VM Arguments:
jvm_args: --add-opens=java.base/java.util=ALL-UNNAMED --add-opens=java.base/java.lang=ALL-UNNAMED --add-opens=java.base/java.lang.invoke=ALL-UNNAMED --add-opens=java.prefs/java.util.prefs=ALL-UNNAMED -Xmx2048m -Dfile.encoding=windows-1252 -Duser.country=ES -Duser.language=es -Duser.variant 
java_command: org.gradle.launcher.daemon.bootstrap.GradleDaemon 6.7.1
java_class_path (initial): C:\Users\Apolo\.gradle\wrapper\dists\gradle-6.7.1-bin\bwlcbys1h7rz3272sye1xwiv6\gradle-6.7.1\lib\gradle-launcher-6.7.1.jar
Launcher Type: SUN_STANDARD

[Global flags]
     intx CICompilerCount                          = 4                                         {product} {ergonomic}
     uint ConcGCThreads                            = 2                                         {product} {ergonomic}
     uint G1ConcRefinementThreads                  = 8                                         {product} {ergonomic}
   size_t G1HeapRegionSize                         = 1048576                                   {product} {ergonomic}
    uintx GCDrainStackTargetSize                   = 64                                        {product} {ergonomic}
   size_t InitialHeapSize                          = 132120576                                 {product} {ergonomic}
   size_t MarkStackSize                            = 4194304                                   {product} {ergonomic}
   size_t MaxHeapSize                              = 2147483648                                {product} {command line}
   size_t MaxNewSize                               = 1287651328                                {product} {ergonomic}
   size_t MinHeapDeltaBytes                        = 1048576                                   {product} {ergonomic}
    uintx NonNMethodCodeHeapSize                   = 5836300                                {pd product} {ergonomic}
    uintx NonProfiledCodeHeapSize                  = 122910970                              {pd product} {ergonomic}
    uintx ProfiledCodeHeapSize                     = 122910970                              {pd product} {ergonomic}
    uintx ReservedCodeCacheSize                    = 251658240                              {pd product} {ergonomic}
     bool SegmentedCodeCache                       = true                                      {product} {ergonomic}
     bool UseCompressedClassPointers               = true                                 {lp64_product} {ergonomic}
     bool UseCompressedOops                        = true                                 {lp64_product} {ergonomic}
     bool UseG1GC                                  = true                                      {product} {ergonomic}
     bool UseLargePagesIndividualAllocation        = false                                  {pd product} {ergonomic}

Logging:
Log output configuration:
 #0: stdout all=warning uptime,level,tags
 #1: stderr all=off uptime,level,tags

Environment Variables:
PATH=C:\orant\bin;C:\Program Files\Common Files\Oracle\Java\javapath;C:\Program Files (x86)\Common Files\Oracle\Java\javapath;C:\WINDOWS\system32;C:\WINDOWS;C:\WINDOWS\System32\Wbem;C:\WINDOWS\System32\WindowsPowerShell\v1.0\;C:\WINDOWS\System32\OpenSSH\;C:\orant\jdk\bin;C:\Program Files (x86)\Intel\Intel(R) Memory And Storage Tool\;C:\Program Files\nodejs\;C:\instantclient_12_1\;C:\Program Files\Git\cmd;C:\Users\Apolo\AppData\Local\Microsoft\WindowsApps;C:\Users\Apolo\AppData\Local\Programs\Microsoft VS Code\bin;C:\Users\Apolo\AppData\Roaming\npm;C:\Users\Apolo\AppData\Local\atom\bin;
USERNAME=Apolo
OS=Windows_NT
PROCESSOR_IDENTIFIER=Intel64 Family 6 Model 126 Stepping 5, GenuineIntel



---------------  S Y S T E M  ---------------

OS: Windows 10 , 64 bit Build 19041 (10.0.19041.1023)
OS uptime: 2 days 17:31 hours

CPU:total 8 (initial active 8) (4 cores per cpu, 2 threads per core) family 6 model 126 stepping 5, cmov, cx8, fxsr, mmx, sse, sse2, sse3, ssse3, sse4.1, sse4.2, popcnt, avx, avx2, aes, clmul, erms, 3dnowpref, lzcnt, ht, tsc, tscinvbit, bmi1, bmi2, adx, evex, sha, fma

Memory: 4k page, system-wide physical 7973M (10M free)
TotalPageFile size 11461M (AvailPageFile size 0M)
current process WorkingSet (physical memory assigned to process): 191M, peak: 193M
current process commit charge ("private bytes"): 260M, peak: 263M

vm_info: OpenJDK 64-Bit Server VM (11.0.8+10-b944.6842174) for windows-amd64 JRE (11.0.8+10-b944.6842174), built on Sep 19 2020 01:11:42 by "builder" with MS VC++ 14.0 (VS2015)

END.
